epoch,loss,main_output_loss,mid_output_loss
0,5.53570356438,4.59863216136,4.68535694531
0,3.66515073933,2.91739221355,3.73879257319
0,3.31695174658,2.60964934993,3.53651193055
0,3.16091547027,2.4788761632,3.41019648453
0,3.07170289512,2.40722805832,3.32237413448
0,3.00458560081,2.35460758401,3.24989003554
0,2.95597178411,2.3175886318,3.19191571397
0,2.9206364434,2.29207242379,3.14282005123
0,2.89095743339,2.27135175652,3.09802833817
0,2.86118190949,2.24969697195,3.05742464215
0,2.83562969215,2.23144745522,3.02091113965
0,2.81279238555,2.21479168502,2.99000345814
0,2.78690868278,2.195241654,2.95833509984
0,2.76396521688,2.17791667802,2.93024265063
0,2.73924942315,2.15871320272,2.90268105889
0,2.7139906361,2.13884017389,2.87575226821
0,2.69221803408,2.12191207032,2.85152977633
0,2.66666364298,2.1009933585,2.82835138023
0,2.64226874891,2.08040649913,2.80931120704
0,2.6206385503,2.06226109858,2.79188721697
0,2.59683877238,2.04181049839,2.7751413286
0,2.57439276846,2.02202580492,2.76183477651
0,2.55183852841,2.00174404365,2.75047238281
0,2.53374788346,1.98575030217,2.73998786563
0,2.51156519366,1.9654259548,2.7306961536
0,2.49515978809,1.95042637842,2.72366700773
0,2.47929026434,1.93579432242,2.71747966908
0,2.45964073468,1.91756310585,2.71038810376
0,2.44410544445,1.90261436591,2.70745535233
0,2.42744534532,1.88639795295,2.70523692158
0,2.41152555077,1.87139337843,2.70066082144
0,2.39601470402,1.8566691845,2.6967275574
0,2.3817676996,1.84294194161,2.69412874978
0,2.36692119408,1.82875852114,2.69081332461
0,2.35318764899,1.81550855333,2.68839543826
0,2.3377376674,1.8003253269,2.6870616625
0,2.32899924877,1.79180389167,2.68597674544
0,2.31369834188,1.77699167533,2.68353329275
0,2.29846094415,1.76252790241,2.67966516878
0,2.29018695391,1.7539417556,2.68122595157
0,2.27584491741,1.73990433931,2.67970285057
0,2.26937334431,1.73366295459,2.67855190866
0,2.25781460948,1.72239512052,2.67709740488
0,2.246831337,1.71206857964,2.67381374695
0,2.2347346042,1.70016178343,2.67286406403
0,2.22434823413,1.69023235766,2.67057934256
0,2.21604949366,1.68166795286,2.67190766419
0,2.20857197354,1.67444291435,2.67064525616
0,2.19759535215,1.66375365455,2.66920844822
0,2.19203919938,1.65844394579,2.66797622819
0,2.18017327973,1.64665977826,2.66756746759
0,2.17459935998,1.64096873808,2.66815306972
0,2.16248649931,1.62926346065,2.66611515357
0,2.15325934378,1.62015625825,2.66551538793
0,2.1482444549,1.61559981454,2.66322316209
0,2.14010684197,1.60700279454,2.66552019745
0,2.12854769072,1.59624618122,2.66150750786
0,2.12098132957,1.58841440503,2.66283458304
0,2.11427102029,1.58230061018,2.65985201088
0,2.10946270678,1.57716302212,2.66149838364
0,2.09778578877,1.56596636403,2.6590970841
0,2.09311518955,1.56112455466,2.65995313483
0,2.08480553686,1.55318229507,2.65811616935
0,2.07789775886,1.54632117646,2.65788287235
0,2.07383513079,1.54231356844,2.65760777217
0,2.06453813434,1.53311823028,2.65709948069
0,2.05930338964,1.52813025701,2.65586562357
0,2.05431283508,1.52288886836,2.65711979398
0,2.04738636783,1.51591493662,2.65735711644
0,2.04048110314,1.50932418004,2.6557845759
0,2.03509048818,1.50373134919,2.65679565536
0,2.02579627794,1.49509725531,2.6534950736
0,2.02218178931,1.49063669082,2.65772545284
0,2.01931868391,1.48786325481,2.65727710589
0,2.015359771,1.48416216386,2.65598799614
0,2.00488571063,1.47378303719,2.65551332763
0,2.00151732562,1.47067509927,2.65421109218
0,1.99572963992,1.46437471104,2.6567746048
0,1.99061443025,1.45975148799,2.65431467174
0,1.98218472537,1.45164006975,2.65272323859
0,1.97926840909,1.44861271271,2.65327844235
0,1.97772121248,1.44717777486,2.65271714858
0,1.97209748162,1.44157881419,2.65259329764
0,1.96770466499,1.43718326982,2.65260693631
0,1.96082742191,1.43056152067,2.6513294667
0,1.95662274992,1.42638986043,2.65116440794
0,1.95336417016,1.42302936597,2.65167398142
0,1.94860463828,1.41843652343,2.65084053475
0,1.94429647974,1.41419729686,2.65049587494
0,1.94058445292,1.4108180619,2.64883191562
0,1.93700962508,1.40699465276,2.65007482209
0,1.93396609199,1.40423607636,2.64865003868
0,1.92830958716,1.39830145344,2.6500406291
0,1.9252874209,1.39520189077,2.65042761115
0,1.92276644609,1.39294293471,2.64911751742
0,1.91792282363,1.38788487815,2.65018968793
0,1.91637911726,1.38653345825,2.64922825557
0,1.91032125214,1.38067941433,2.64820914961
0,1.90828972891,1.37874320807,2.64773256478
0,1.90458456253,1.37504737736,2.6476858864
0,1.90079312292,1.37130325885,2.64744928093
0,1.89753333831,1.36801539643,2.64758966995
0,1.89043046183,1.36057955608,2.64925448929
0,1.88977089875,1.36038452144,2.64693184714
0,1.88811106549,1.35857193851,2.64769559541
0,1.88718311324,1.35778325597,2.64699924693
0,1.88152016882,1.35233241104,2.64593874945
0,1.87547476331,1.34616587632,2.64654439548
0,1.87140274384,1.34191263105,2.64745052452
0,1.8709933029,1.34172043504,2.6463642999
0,1.86510534584,1.33625839613,2.64423470918
0,1.86340050884,1.3341400875,2.64630206728
0,1.86124426343,1.33196661302,2.64638821262
0,1.86087945828,1.33153298988,2.64673230257
0,1.85556051862,1.32646434803,2.64548081355
0,1.85205150902,1.32319577148,2.6442786483
0,1.85212017823,1.32291229135,2.64603939497
0,1.84806464607,1.31897244975,2.64546094218
0,1.84170411294,1.31292569759,2.64389203737
0,1.84358019897,1.31463505895,2.64472566071
0,1.83899504691,1.31010131147,2.64446863777
0,1.83397483679,1.30564918996,2.6416281948
0,1.83222761179,1.30375889522,2.64234354349
0,1.83087074319,1.30228550739,2.6429261396
0,1.82783333321,1.29929869087,2.6426731723
0,1.82657701472,1.29789398968,2.64341508581
0,1.82481934324,1.2961981356,2.64310599881
0,1.82074110717,1.29234737199,2.64196863651
0,1.81977790731,1.29148629489,2.64145802272
0,1.81321114627,1.28518394086,2.64013598772
0,1.81424078237,1.28597187815,2.64134448173
0,1.80997400647,1.28160543382,2.64184282388
0,1.80809912418,1.27999412252,2.64052496896
0,1.80825939648,1.28026250991,2.63998439348
0,1.80242773848,1.2741518582,2.64137936203
0,1.80100903931,1.27322210511,2.63893463169
0,1.79936668395,1.27122144349,2.64072616296
0,1.79817458385,1.26992457832,2.6412499883
0,1.79606077288,1.26792253975,2.64069112629
0,1.79418244458,1.26621357241,2.63984432155
0,1.79359639618,1.26538211377,2.64107137273
0,1.78728355039,1.25932537384,2.63979084341
0,1.78785821223,1.25974502403,2.64056590161
0,1.78629896249,1.25849097016,2.63903992233
0,1.7841514828,1.25632685682,2.6391230906
0,1.77960653577,1.25175918546,2.63923671221
0,1.77870995084,1.25111333327,2.63798304853
0,1.77741071144,1.24972931055,2.63840696515
0,1.77670857087,1.24873759993,2.63985481535
0,1.77553634654,1.24759601174,2.63970163466
0,1.77300198277,1.2449740144,2.6401398025
0,1.76826741326,1.24033369037,2.6396685751
0,1.76938527102,1.24139730444,2.63993979354
0,1.76489441282,1.23731060706,2.6379189895
0,1.76534489575,1.23757331076,2.63885788562
0,1.76482858028,1.23705936843,2.63884601993
0,1.75926448438,1.23169440476,2.63785035879
0,1.76003830865,1.23245617002,2.63791065385
0,1.75721088635,1.229595815,2.63807531747
0,1.75519488334,1.22765445378,2.63770210848
0,1.75475485414,1.22700482997,2.63875008154
0,1.75400897329,1.22649557013,2.6375669765
0,1.75041295994,1.22268235934,2.63865296367
0,1.74948791707,1.22192350888,2.63782200162
0,1.74970939955,1.22222274591,2.63743322894
0,1.74527052623,1.2178296526,2.63720432887
0,1.74252553463,1.21491719091,2.63804167929
0,1.74487381699,1.21743463997,2.63719584581
0,1.74319305941,1.21592653352,2.63633259012
0,1.74026515771,1.21288568788,2.63689730983
0,1.73827117151,1.21120910079,2.63531031432
0,1.73470206906,1.20747814068,2.63611960262
0,1.7365240074,1.20930345347,2.63610273034
0,1.73329279636,1.20609956772,2.63596610389
0,1.73341086448,1.20611805445,2.63646401085
0,1.73240421239,1.20508077597,2.63661714279
0,1.73255554084,1.20521203018,2.636717514
0,1.72803489434,1.20074951317,2.63642686657
0,1.72882120464,1.20151083201,2.63655182384
0,1.72429143616,1.19725966921,2.63515879546
0,1.72498017718,1.19802113291,2.6347951821
0,1.72633024864,1.19927491464,2.63527663075
0,1.72076721959,1.19395541725,2.63405897245
0,1.72230512225,1.1955590063,2.63373054054
0,1.72240061468,1.19556759658,2.63416505123
0,1.71845032634,1.19149223904,2.63479039724
0,1.71804603746,1.19102355061,2.63511239497
0,1.71453618981,1.18768172631,2.63427227825
0,1.7161185261,1.18951917189,2.63299673182
0,1.71182705515,1.18496827754,2.63429384882
0,1.71645880822,1.1896390915,2.63409854433
0,1.71454513431,1.1875888286,2.63478148927
0,1.70862690428,1.18195448515,2.63336205638
0,1.70722035116,1.18085493276,2.63182705279
0,1.70777203528,1.18121448817,2.63278769635
0,1.70800221037,1.18176517603,2.63118513247
0,1.70304738419,1.17669846511,2.63174455616
0,1.70748058729,1.18075855282,2.6336101331
0,1.70216329525,1.17580173402,2.63180776689
0,1.70251301309,1.17622610333,2.63143450955
0,1.7004699449,1.17403037417,2.63219781443
0,1.69691646102,1.17060620173,2.63155125722
0,1.69635650047,1.17051714084,2.62919675899
0,1.69688564311,1.17056159703,2.6316201912
0,1.69422680028,1.16833955146,2.6294362049
0,1.69240275905,1.16636946774,2.63016641734
0,1.69307855431,1.16716904183,2.6295475232
0,1.6946489445,1.16894203395,2.62853451358
0,1.68964252032,1.16394288691,2.62849812785
0,1.6898888121,1.16398417854,2.62952312861
0,1.68818621043,1.16253325386,2.62826474367
0,1.6864878398,1.1608098915,2.62838970231
0,1.68540283555,1.15968652817,2.62858149774
0,1.68454033043,1.15897667287,2.62781824866
0,1.6848488233,1.1594580316,2.62695391934
0,1.68232518412,1.15676441599,2.62780380152
0,1.68123825374,1.15587063727,2.6268380432
0,1.68337427076,1.15794557619,2.62714343371
0,1.67788917434,1.1526876615,2.62600752508
0,1.67791769267,1.15269725191,2.62610216469
0,1.67612891906,1.15091541459,2.62606748325
0,1.6760715382,1.15098146854,2.62545030919
0,1.67568601581,1.1503749338,2.62655537092
0,1.67667960566,1.15152128532,2.62579156258
0,1.6723411109,1.14726591659,2.62537593246
0,1.66795348254,1.14305604873,2.6244871299
0,1.66908964768,1.14432457826,2.62382530802
0,1.6674107424,1.14259641512,2.62407159732
0,1.66979432745,1.14485684051,2.62468739559
0,1.66914845816,1.14435306266,2.62397693842
0,1.66819164869,1.14308205537,2.62554792748
0,1.66382509263,1.13903975045,2.62392667176
0,1.66497912306,1.14031445589,2.62332329679
0,1.66563594818,1.14081840377,2.62408768293
0,1.66210001569,1.13743909152,2.62330458176
0,1.6607989993,1.13609178495,2.62353603264
0,1.6620213972,1.13732675124,2.62347319071
0,1.66118049373,1.13649003239,2.62345226761
0,1.66030680178,1.13563819834,2.62334297811
0,1.65446935356,1.12992384485,2.62272750447
0,1.655689928,1.13135643959,2.62166740295
0,1.65409063267,1.12973054641,2.62180039221
0,1.65296424495,1.12853366038,2.62215288381
0,1.65280913918,1.12862801032,2.62090560528
0,1.65033844798,1.12620474336,2.62066848405
0,1.64803687377,1.1235910891,2.62222888426
0,1.64905024719,1.12517020427,2.61940017556
0,1.64781026571,1.12373339232,2.62038432793
0,1.64763585206,1.12340409565,2.62115874296
0,1.64376086738,1.11967729102,2.62041784275
0,1.64258818841,1.11827557246,2.62156304069
0,1.64203624181,1.11826657999,2.61884827009
0,1.64305823168,1.11920654476,2.61925839558
0,1.6416934294,1.11783955464,2.61926933478
0,1.6405540422,1.11681842789,2.61867803253
0,1.63711619466,1.11329053332,2.61912826766
0,1.63659204969,1.11260148819,2.61995276845
0,1.63683282083,1.1131777559,2.61827528566
0,1.63454946534,1.11055964889,2.61994904322
0,1.63632597879,1.11273421741,2.61795876793
0,1.62661377616,1.10259624185,2.6200876325
0,1.63389036782,1.10998292646,2.61953716773
0,1.63134096345,1.10769809395,2.61821430848
0,1.63041185065,1.10665210954,2.6187986665
0,1.62858364445,1.10505780692,2.61762914865
0,1.62803176377,1.10429881236,2.61866471804
0,1.62519319068,1.10160030947,2.61796436703
0,1.62383821183,1.10007044048,2.61883881775
0,1.62869634401,1.10481758901,2.61939373599
0,1.62462942941,1.10103923772,2.61795091948
0,1.6224425136,1.09889924359,2.61771631106
0,1.62167415783,1.09780970971,2.61932220157
0,1.62043225614,1.09701595561,2.61708146365
0,1.62006015116,1.09651233866,2.61773902351
0,1.61610117509,1.09263339704,2.61733885125
0,1.61924127527,1.09561268239,2.61814292541
0,1.61846353681,1.09486852076,2.61797504122
0,1.61645882865,1.09286370472,2.61797558065
0,1.61558210225,1.09187864647,2.61851723986
0,1.61311789967,1.08961478108,2.61751555393
0,1.61130014936,1.08789503203,2.61702554764
0,1.6121573248,1.08869304859,2.61732134201
0,1.60999224746,1.0865869354,2.61702652131
0,1.60819797987,1.08500552614,2.61596222967
0,1.61055822041,1.08719279298,2.61682709819
0,1.60975479484,1.0860867511,2.61834017969
0,1.60583882258,1.08238311089,2.61727851946
0,1.60534821713,1.0816944152,2.61826897067
0,1.60438595476,1.08097902176,2.61703462603
0,1.60570603579,1.08244705305,2.6162948747
0,1.60457932903,1.08122099347,2.61679163877
0,1.6050698384,1.08179836006,2.61635735271
0,1.60149903644,1.07819829929,2.61650364676
0,1.60088481327,1.07758062055,2.61652092459
0,1.59795647698,1.07479299745,2.61581735868
0,1.59722470095,1.07382306504,2.61700814055
0,1.59875473896,1.07543098578,2.61661872694
0,1.5979585172,1.0745985965,2.61679956455
0,1.59685518382,1.07348311325,2.61686031388
0,1.59751717872,1.07413195144,2.61692609743
0,1.5961809052,1.07315929159,2.6151080291
0,1.59503132677,1.07173377249,2.61648773245
0,1.59172589135,1.06876219652,2.61481843518
0,1.5920863298,1.06900448014,2.61540920931
0,1.59095927873,1.06788117064,2.61539050148
0,1.59401465541,1.07081558455,2.61599531536
0,1.59059461992,1.06758745639,2.61503577865
0,1.589246869,1.06621622836,2.61515316419
0,1.59045554009,1.06736563022,2.61544951036
0,1.58725916163,1.06408046255,2.61589345642
0,1.58593596954,1.06304447087,2.6144574544
0,1.58531842486,1.06270113186,2.61308642608
0,1.58353633476,1.06060478357,2.61465771696
0,1.58618805296,1.06317224295,2.61507901109
0,1.58364004665,1.06048233287,2.61578852995
0,1.58160391717,1.05879889564,2.61402506867
0,1.58704018426,1.06395158993,2.61544293268
0,1.58498614746,1.06194077532,2.61522682175
0,1.58149219618,1.05859284878,2.61449669805
0,1.58271932351,1.05968036862,2.61519473546
0,1.57994018908,1.05689108839,2.61524546449
0,1.58238050367,1.05929164793,2.61544423971
0,1.58162599542,1.05870808428,2.61458951677
0,1.57650580234,1.0536603022,2.61422746172
0,1.57764812119,1.05463464059,2.61506736403
0,1.5813512174,1.05833568026,2.61507764671
0,1.57870428969,1.05567092078,2.61516680555
0,1.57712407664,1.05432054851,2.61401760171
0,1.57489365402,1.05204036736,2.61426639434
0,1.57664354571,1.05378874214,2.61427397887
0,1.57856452838,1.05617655309,2.61193983753
0,1.57130831634,1.04827527818,2.6151651518
0,1.57335188606,1.05060265234,2.61374612966
0,1.57247093904,1.04951652678,2.6147720223
0,1.57203102905,1.04942841536,2.61301302955
0,1.57315569312,1.05040190755,2.6137688889
0,1.56966926571,1.04674204744,2.61463605241
0,1.57435043153,1.05169949522,2.61325464262
0,1.57451460045,1.05213588638,2.61189353145
0,1.57101370209,1.04853879313,2.61237450586
0,1.56873447201,1.04605656923,2.61338947494
0,1.56962288324,1.04712834017,2.6124726764
0,1.56748712175,1.04508495428,2.6120107984
0,1.56441235346,1.0416147092,2.61398818235
0,1.56571786924,1.0430003519,2.61358754775
0,1.56577839255,1.04335882305,2.6120978086
0,1.56431777849,1.04162348607,2.61347142315
0,1.56533844758,1.04284385092,2.61247294436
0,1.56232436012,1.0396830792,2.61320636569
0,1.56213007701,1.03969942612,2.61215321551
0,1.56249787454,1.03998931585,2.61254275451
0,1.56398896832,1.04127541829,2.6135677112
0,1.55896715549,1.03618752913,2.61389809286
0,1.55874742375,1.03621206264,2.61267676663
0,1.55828068882,1.03591546252,2.61182609258
0,1.55992719724,1.03738191734,2.6127263606
0,1.55875413519,1.03636678648,2.61193670458
0,1.55758456336,1.03536820886,2.61108173357
0,1.55701588432,1.03467198453,2.61171946003
0,1.55326857761,1.03070530692,2.61281631452
0,1.55488932985,1.03254117858,2.61174071744
0,1.55580171991,1.03342007087,2.6119082063
0,1.55630536814,1.03389469856,2.61205330901
0,1.55464139057,1.03230196722,2.61169707783
0,1.55344235983,1.0313041557,2.61069098178
0,1.55069958668,1.02830985401,2.61194862443
0,1.55072110555,1.02850652182,2.61107287972
0,1.55170902736,1.02934393037,2.61182544604
0,1.54884882129,1.0264173048,2.61215754353
0,1.55124850053,1.02875298123,2.61247755753
0,1.54648162942,1.02424317057,2.61119225537
0,1.54838587673,1.02609700955,2.61144429702
0,1.55255605604,1.03021878898,2.61168629637
0,1.54920247498,1.02685138293,2.61175542132
0,1.54454469779,1.02226847969,2.6113810516
0,1.54622480863,1.02387448382,2.6117515851
0,1.54651040006,1.02454560364,2.6098239432
0,1.54780907682,1.02543238369,2.6118834267
0,1.5452340871,1.0230436291,2.6109522511
0,1.54551968422,1.02329195461,2.61113860912
0,1.5468575574,1.02456002956,2.61148760028
0,1.54370041563,1.02143789568,2.61131256085
0,1.54539844781,1.0232597061,2.61069366963
0,1.54159140954,1.01959995879,2.60995721485
0,1.54344424771,1.02148398391,2.60980128013
0,1.54198115629,1.02001102709,2.60985060711
0,1.54341472219,1.0210990274,2.61157843502
0,1.54390481003,1.02196409334,2.60970354455
0,1.54122892765,1.01938390715,2.60922506359
0,1.54033780211,1.01862302105,2.60857386644
0,1.54155389368,1.01952211524,2.61015885332
0,1.54304774026,1.02102461646,2.61011558011
0,1.5419421982,1.0204174632,2.60762363617
0,1.54039671682,1.01826203588,2.61067336583
0,1.54027358027,1.01864987345,2.60811849523
0,1.54158412039,1.01957244722,2.61005832693
0,1.54048923829,1.01868602189,2.60901604313
0,1.53961594873,1.01785765438,2.60879143284
0,1.53643975071,1.0147583579,2.60840692518
0,1.54271725969,1.02090189916,2.60907676373
0,1.53851690807,1.0170018396,2.60757530351
0,1.5385909902,1.01671510701,2.60937937708
0,1.53658439391,1.0150490094,2.6076768837
0,1.53572534281,1.01442446478,2.60650435127
0,1.53666504144,1.01498715189,2.60838940888
0,1.53659911883,1.01516117074,2.60718970161
0,1.53565554582,1.0140121617,2.60821688176
0,1.53575841975,1.0140486223,2.60854894838
0,1.5368643079,1.01533360968,2.60765345228
0,1.53551480032,1.01395429741,2.60780247567
0,1.53536295195,1.01373848885,2.60812227667
0,1.53585619475,1.01399396032,2.60931113322
0,1.53010369119,1.00871866601,2.60692508706
0,1.53250425535,1.01110636626,2.60698940663
0,1.53008218456,1.00882211849,2.6063002915
0,1.53303060478,1.01150911665,2.60760740179
0,1.53373155899,1.01197652503,2.60877513092
0,1.5329846113,1.01142552844,2.60779537545
0,1.53046729583,1.0089700814,2.60748603328
0,1.53288905223,1.01130327004,2.6079288721
0,1.53115256591,1.00959407959,2.60779239278
0,1.53355781089,1.01202049037,2.60768656376
0,1.53059668206,1.00888350783,2.60856583229
0,1.52974144356,1.00831460716,2.60713414316
0,1.53096378553,1.00947337996,2.607451989
0,1.53027874838,1.00860793018,2.60835405213
0,1.5295798177,1.00783995681,2.60869926556
0,1.53059603154,1.00899013361,2.6080294508
0,1.53121030347,1.00951133649,2.60849479607
0,1.52896660912,1.00730373866,2.60831431342
0,1.53082417134,1.00917305197,2.608255558
0,1.52670051616,1.005273541,2.60713483697
0,1.52766515028,1.00620308459,2.6073102896
0,1.52972946037,1.00835960253,2.60684925037
0,1.52584032488,1.00465293709,2.60593690012
0,1.5291684045,1.00760460969,2.6078189352
0,1.52582381438,1.00448635497,2.60668725822
0,1.52262844529,1.00136087958,2.60633778969
0,1.52572830562,1.00469398744,2.60517155206
0,1.52251204692,1.0016267789,2.60442630125
0,1.52441240244,1.00338257188,2.60514911397
0,1.5221389886,1.00107509548,2.60531942674
0,1.5236065727,1.00273674269,2.60434911124
0,1.5232240756,1.00233115758,2.60446455128
0,1.52256697765,1.00166782753,2.60449571181
0,1.5229172257,1.00190738761,2.60504915163
0,1.52377246153,1.0026228343,2.60574809729
0,1.52034362161,0.999746798471,2.60298407689
0,1.52011967393,0.999190081732,2.6046479222
0,1.51957067237,0.998727051911,2.60421806347
0,1.51842610213,0.997788794534,2.60318649917
0,1.52031786034,0.999897808667,2.60210021961
0,1.5157298613,0.995048775086,2.60340539228
0,1.51782532464,0.997207099318,2.6030910878
0,1.51915611366,0.99838950754,2.6038329918
0,1.51729761277,0.996867928961,2.60214838026
0,1.5170350128,0.996432292388,2.60301356329
0,1.51705698592,0.996334228767,2.60361374696
0,1.51641488878,0.995754518971,2.60330181025
0,1.51531287976,0.994722334183,2.60295268909
0,1.51492720872,0.994573169278,2.60177015846
0,1.51539011656,0.994841321407,2.60274393698
0,1.51527516315,0.994940740867,2.60167207264
0,1.5120226273,0.99174793804,2.60137340755
0,1.51249885687,0.992138859363,2.60179994879
0,1.51654932961,0.996231129209,2.60159096322
0,1.51213570497,0.991920181539,2.60107757841
0,1.51263575821,0.992465817317,2.60084966572
0,1.51015561732,0.990168770214,2.59993419678
0,1.51421885778,0.993868582892,2.60175133566
0,1.51081218648,0.990302720235,2.60254729246
0,1.51289399196,0.992808159265,2.60042912474
0,1.50979489089,0.989744916023,2.60024983559
0,1.5106865911,0.990598321413,2.60044130971
0,1.50988132251,0.989874981119,2.60003166823
0,1.51196651612,0.99166645773,2.60150025319
0,1.50986113439,0.989912339675,2.59974393482
0,1.50605090516,0.985989721876,2.60030587766
0,1.5106995471,0.990691395137,2.60004072108
0,1.50845284021,0.988195812689,2.60128509886
0,1.51076038306,0.990612932507,2.60073721399
0,1.50625796668,0.986237231543,2.60010363694
0,1.50822793422,0.988253078715,2.59987423879
0,1.50665967526,0.986570581506,2.60044543002
0,1.50432165395,0.984270979182,2.60025333512
0,1.50409809933,0.984197527922,2.59950281832
0,1.50452568463,0.984670731968,2.59927472456
0,1.50365656222,0.983639860683,2.60008346896
0,1.50219902395,0.982443587276,2.59877714465
0,1.5036053466,0.983863757632,2.59870790614
0,1.50569609879,0.98596646628,2.59864812382
0,1.50155735583,0.981656232368,2.59950557858
0,1.50319825928,0.983089310309,2.60054470608
0,1.50409895393,0.984102036168,2.59998455005
0,1.50272203068,0.983001427973,2.59860297481
0,1.50457526677,0.984836584894,2.59869337065
0,1.50125080576,0.981415714413,2.59917541801
0,1.49754757398,0.978037952057,2.59754807092
0,1.49823481742,0.978719859926,2.59757474877
0,1.49878077785,0.978825775452,2.59977497327
0,1.49675792109,0.977245913878,2.59755999736
0,1.49978334265,0.98018889894,2.59797217982
0,1.5008468735,0.981242147468,2.59802359143
0,1.49667091397,0.977118935178,2.59775985525
0,1.49562939237,0.975977448922,2.5982596785
0,1.49665971901,0.977225185464,2.59717262903
0,1.49697639344,0.977478407542,2.59748989078
0,1.49754140842,0.977906303172,2.59817548752
0,1.49606540167,0.976616776541,2.59724308693
0,1.49449590167,0.975266425173,2.59614734379
0,1.49405269418,0.974586085875,2.5973330028
0,1.49297300413,0.973318587716,2.59827204336
0,1.49143123699,0.971900294374,2.59765467439
0,1.49258410221,0.973071181926,2.59756456273
0,1.49242266928,0.973022569591,2.59700045973
0,1.4941858147,0.974895025259,2.59645390854
0,1.48864282183,0.969301719767,2.59670547164
0,1.49104677924,0.971832706028,2.59607032737
0,1.48951326287,0.970226105361,2.59643574888
0,1.49157106848,0.972373355687,2.59598852529
0,1.4914073833,0.971929442167,2.59738966696
0,1.49246253598,0.973163436001,2.59649546119
0,1.49019878413,0.971025044687,2.59586865851
0,1.48868091843,0.969511599337,2.59584655676
0,1.49083991022,0.971523999873,2.59657951304
0,1.48901779646,0.969746938439,2.59635425141
0,1.48373817597,0.964245446305,2.59746360961
0,1.48727883628,0.968042940337,2.59617944102
0,1.48575145154,0.966447935024,2.59651754388
0,1.486063282,0.966737886431,2.59662693918
0,1.48351114669,0.964475620381,2.59517759285
0,1.48432351459,0.965219404751,2.59552051053
0,1.4969267234,0.97763428821,2.59646213725
0,1.48797441071,0.968623918357,2.59675242304
0,1.4835783617,0.964469035187,2.5955465939
0,1.48054488062,0.961501758064,2.59521557412
0,1.48779254841,0.968810938855,2.59490800909
0,1.48347552552,0.964357420814,2.59559048484
0,1.48148907488,0.962470574059,2.59509246541
0,1.48202701293,0.962710253137,2.59658376025
0,1.48034502351,0.961069709732,2.59637653022
0,1.48146795115,0.962346027181,2.59560958119
0,1.48105157254,0.962011543532,2.59520010636
0,1.47915293429,0.960290780233,2.59431073165
0,1.48268320941,0.963472601795,2.59605299941
0,1.48060971255,0.961727176707,2.59441264057
0,1.47902657625,0.960142716392,2.59441926064
0,1.4763342726,0.957530824077,2.59401720397
0,1.47645482706,0.957549315999,2.59452751662
0,1.48018924609,0.960992308222,2.59598465066
0,1.47915780918,0.960388990608,2.59384405421
0,1.47860965357,0.959866388823,2.59371628506
0,1.4786583918,0.959818501095,2.59419941485
0,1.47714546417,0.957983781211,2.59580837611
0,1.47721984848,0.958430672717,2.59394584018
0,1.47517317434,0.956704326932,2.59234419843
0,1.47488688378,0.956093486625,2.59396694711
0,1.47771124685,0.958963531136,2.59373853994
0,1.47700441793,0.958432087973,2.59286161113
0,1.47605207126,0.957540456206,2.59255803666
0,1.47488081321,0.956521120993,2.59179842246
0,1.47673935285,0.958186888533,2.59276228293
0,1.47512197679,0.956698923785,2.59211522642
0,1.47351389677,0.954965236519,2.5927432626
0,1.47544633066,0.957273304668,2.59086509136
0,1.47297738906,0.954666326813,2.59155527261
0,1.47276516058,0.954508707891,2.59128222482
0,1.47192981513,0.953832977626,2.59048414893
0,1.47038855784,0.952133510098,2.59127520008
0,1.47126939257,0.953349839687,2.58959772584
0,1.47399152372,0.955809488245,2.59091013879
0,1.47172865067,0.953647585545,2.59040528701
0,1.46896991544,0.950862928914,2.59053489402
0,1.46726887819,0.949125206797,2.59071831835
0,1.46698183697,0.948961514148,2.5901015755
0,1.46925365806,0.951245162013,2.59004244163
0,1.46795333513,0.949866663901,2.59043331755
0,1.46906154078,0.950891019359,2.59085256849
0,1.46631328442,0.948618161677,2.58847557516
0,1.46439006473,0.946484968283,2.58952544362
0,1.46668842161,0.948765501256,2.58961456319
0,1.46812238317,0.95028312943,2.5891962301
0,1.46359097161,0.945835167064,2.58877898417
0,1.46532822642,0.947661317862,2.58833450423
0,1.46660966012,0.949093378852,2.5875813678
0,1.46652933017,0.948681257725,2.58924032362
0,1.46537769481,0.947659696025,2.58858995537
0,1.46498781633,0.947562428383,2.5871269012
0,1.46512251308,0.947439133978,2.58841685694
0,1.46387164355,0.946233912195,2.58818861818
0,1.46257757303,0.945051795639,2.58762884842
0,1.46284515887,0.944928486426,2.58958332361
0,1.46281373365,0.945280878288,2.58766423825
0,1.46386164803,0.946164245991,2.58848697161
0,1.46135987606,0.94373435691,2.58812755717
0,1.46373360386,0.946055502177,2.58839046987
0,1.46226794967,0.944600265349,2.58833838303
0,1.46059329983,0.943056275059,2.58768508529
0,1.46379712806,0.946345037337,2.58726041505
0,1.46027835932,0.942778514416,2.58749918597
0,1.46220880161,0.944771496513,2.58718648691
0,1.45981278242,0.942367362688,2.58722706009
0,1.46027125047,0.942836880556,2.587171811
0,1.46008066977,0.94259466901,2.58742996524
0,1.46019052532,0.94292758285,2.58631467383
0,1.45987734217,0.94252408373,2.58676625364
0,1.45843466753,0.941044934784,2.58694862521
0,1.46052651348,0.942954665636,2.58785920067
0,1.4596507021,0.94233629601,2.58657199193
0,1.45699841057,0.939635380404,2.58681511229
0,1.45917916909,0.942144140488,2.58517510451
0,1.46023402211,0.942975599463,2.58629207468
0,1.45874843648,0.9415012911,2.58623568835
0,1.45917664194,0.941823755836,2.58676439197
0,1.45736004789,0.940156608844,2.5860171567
0,1.45752775963,0.940171719931,2.58678015993
0,1.45877703479,0.94132721618,2.5872490545
0,1.45413277082,0.936984278497,2.58574242307
0,1.45687218178,0.939725147162,2.58573513455
0,1.45457644391,0.937327016571,2.58624709816
0,1.45644962531,0.939288072952,2.58580772324
0,1.45660617822,0.939496866843,2.58554651836
0,1.45403498593,0.936978667388,2.5852815542
0,1.45361123565,0.936702255097,2.58454486426
0,1.45389530603,0.93684299406,2.58526152132
0,1.45524908335,0.938215714834,2.58516680408
0,1.45344292186,0.936497986011,2.58472464074
0,1.45373768378,0.936639118109,2.58549278982
0,1.45502060182,0.938004305307,2.58508144404
0,1.4548786338,0.93772356984,2.58577528128
0,1.45298872386,0.936018471116,2.58485122521
0,1.45138730623,0.934516749196,2.58435274664
0,1.45400499036,0.937109572695,2.58447704982
0,1.45317166537,0.936030726934,2.58570465366
0,1.45351245835,0.936456344428,2.58528053107
0,1.45133449165,0.934402197547,2.58466143202
0,1.45265680212,0.935584580084,2.58536107165
0,1.45300788613,0.936060612599,2.58473632914
0,1.45422182713,0.937284716715,2.58468551357
0,1.45286855647,0.936225109549,2.58321719614
0,1.45331287494,0.936590318357,2.58361274442
0,1.4530527247,0.936091215759,2.58480750617
0,1.45404919603,0.93711292434,2.58468131996
0,1.45539574309,0.938511828165,2.58441953611
0,1.45239984548,0.93542095103,2.58489443375
0,1.45052839803,0.933880098032,2.58324146149
0,1.45400643686,0.937184798944,2.58410815108
0,1.45038948587,0.933497786738,2.58445845713
0,1.45080793333,0.933782998601,2.5851246351
0,1.45090910622,0.934117824809,2.58395636854
0,1.45210062544,0.935092303716,2.58504157011
0,1.45225315039,0.935292712798,2.58480214946
0,1.45006179416,0.933188268937,2.58436758763
0,1.4506544058,0.933877922962,2.58388237569
0,1.45367660806,0.93682577685,2.58425411753
0,1.45016601507,0.933279308758,2.58443349306
0,1.44792552298,0.931199744915,2.58362885182
0,1.44896291921,0.932144149853,2.58409380829
0,1.44942482067,0.932703498502,2.58360657233
0,1.44956127706,0.93262111134,2.58470079008
0,1.45040210372,0.933542743492,2.58429676261
0,1.44791173733,0.931048640772,2.5843154443
0,1.44885557231,0.932190120567,2.58332722023
0,1.44694849724,0.930326551743,2.58310968902
0,1.44648803304,0.929979021256,2.58254502044
0,1.4475749819,0.930688259284,2.58443357454
0,1.44737198909,0.930806737508,2.58282621942
0,1.44764423604,0.931096736834,2.58273745753
0,1.44568825742,0.929112402912,2.58287923403
0,1.44669000018,0.930265111503,2.58212440489
0,1.44601877199,0.929518225669,2.58250269314
0,1.4440077433,0.927479115353,2.58264310127
0,1.44567272209,0.929129391812,2.58271661288
0,1.44595631192,0.929372991831,2.58291656195
0,1.44448865206,0.927991415774,2.58248614295
0,1.44242831706,0.925829890167,2.58299209596
0,1.44416295437,0.927763025976,2.5819996035
0,1.4432564393,0.926871371994,2.58192529804
0,1.44148919869,0.924926554938,2.58281318029
0,1.43985074471,0.923285452752,2.58282642129
0,1.44120517754,0.924626624116,2.58289272863
0,1.43995107843,0.923608887262,2.58171091736
0,1.44046695709,0.924041462959,2.58212743218
0,1.44033450126,0.923963872855,2.58185310357
0,1.43834261144,0.922119356109,2.58111623817
0,1.43772335093,0.921306013375,2.58208664928
0,1.43895202183,0.922736346384,2.58107833874
0,1.44035354015,0.923686188671,2.58333671891
0,1.43822150957,0.92172086363,2.58250319119
0,1.43901001499,0.922706202832,2.58151902234
0,1.44028885102,0.92382809153,2.58230375895
0,1.43875353389,0.92243137714,2.58161074529
0,1.43714895183,0.920754727997,2.58197108067
0,1.43845057619,0.922025066395,2.58212751048
0,1.43852898423,0.922042139466,2.58243418534
0,1.4380377607,0.921705305455,2.58166223773
0,1.43660368923,0.920087841572,2.58257919983
0,1.4352021978,0.918939446795,2.58131371659
0,1.43713987079,0.920754996568,2.58192433266
0,1.43584213088,0.919484263821,2.58178929683
0,1.43494818005,0.918644467381,2.58151852485
0,1.43243570281,0.916190781922,2.58122456598
0,1.4312975811,0.915202012144,2.58047780635
0,1.43410292449,0.917856121534,2.5812339763
0,1.43446532711,0.91834278421,2.58061267605
0,1.43527348081,0.919050436751,2.58111518183
0,1.4318159636,0.915719221632,2.5804836714
0,1.43405842087,0.91811834858,2.57970032299
0,1.43373025185,0.917492986395,2.58118628883
0,1.43527784718,0.919144596487,2.58066621502
0,1.4334649488,0.917397237145,2.58033851983
0,1.43373924897,0.917608168883,2.58065536196
0,1.43236990572,0.91655100132,2.57909448358
0,1.43351274465,0.917466273189,2.58023231885
0,1.43175684471,0.915630267378,2.58063284819
0,1.43267922584,0.916656584319,2.58011316914
0,1.43221187124,0.916000525296,2.58105669124
0,1.43400324087,0.917839752102,2.58081740538
0,1.43138676547,0.915207354319,2.58089701728
0,1.43255402707,0.916539465856,2.5800727676
0,1.43523852645,0.918929646079,2.58154436337
0,1.43326991135,0.917063658236,2.58103122709
0,1.43099648285,0.914927636666,2.58034419245
0,1.42925324113,0.913002163396,2.58125535021
0,1.43097444294,0.914860699961,2.58056867644
0,1.43182034163,0.915759409176,2.5803046238
0,1.42994441558,0.914075571977,2.57934417958
0,1.42826063399,0.912197791514,2.58031417391
0,1.42974070831,0.913859236163,2.57940732232
0,1.42833670488,0.912319933973,2.58008381608
0,1.42872609448,0.912982416145,2.57871835326
0,1.4296297618,0.913865320994,2.5788221656
0,1.42893043637,0.913035231047,2.57947598816
0,1.42894272013,0.91301045185,2.57966130297
0,1.42967662378,0.913858970505,2.57908822793
0,1.42567688938,0.909908367928,2.57884256881
0,1.42493614264,0.909232495206,2.57851819876
0,1.4306766874,0.914965491216,2.57855594248
0,1.42563165754,0.910030377795,2.5780063603
0,1.42968324424,0.913826638785,2.57928298886
0,1.42772334048,0.912038031195,2.57842650801
0,1.42714053617,0.911336541099,2.57901993694
0,1.4276586284,0.911971557654,2.5784353153
0,1.42765613934,0.912075482891,2.57790324383
0,1.42751748498,0.911735734891,2.578908712
0,1.43069893634,0.914989254406,2.57854837124
0,1.4269594638,0.911298296796,2.57830579662
0,1.42727794002,0.911466930533,2.57905500901
0,1.42707604182,0.911356423011,2.57859805564
0,1.42731846238,0.911603878434,2.57857288132
0,1.42500134104,0.909397973735,2.57801679809
0,1.42915281257,0.913411767808,2.5787051854
0,1.42466420388,0.909110579692,2.57776808251
0,1.42345498461,0.907855429007,2.57799773961
0,1.42754387386,0.911980437577,2.57781714301
0,1.42888168493,0.913226889334,2.57827393956
0,1.42491087488,0.909303268094,2.57803799554
0,1.42460378237,0.908861318881,2.578712279
0,1.42407866182,0.908845363076,2.57616645532
0,1.42443329436,0.909059095897,2.57687095393
0,1.42671670908,0.911315324235,2.5770068858
0,1.4251974133,0.909584068861,2.5780666838
0,1.42657117043,0.911183347154,2.57693907796
0,1.42317773565,0.9078041995,2.57686764236
0,1.4235728401,0.908085375075,2.57743728674
0,1.42299992042,0.907547674306,2.57726119218
0,1.42564442428,0.910277054713,2.57683680942
0,1.42411677294,0.908689216546,2.57713774358
0,1.43024776175,0.914761663985,2.57743045041
0,1.42309259069,0.907586233635,2.57753174689
0,1.42510724023,0.909642116442,2.57732558055
0,1.42142214473,0.90612065791,2.5765073957
0,1.42400076849,0.908668398087,2.5766618136
0,1.4242738774,0.908984839192,2.57644515264
0,1.42440865071,0.908852786197,2.57777928416
0,1.42057947838,0.905251907743,2.57663781481
0,1.42299258788,0.907732980504,2.57629799851
0,1.42277169294,0.90732539201,2.57723146627
0,1.4228550942,0.907564024131,2.57645531197
0,1.42362164045,0.908387843141,2.57616894818
0,1.42228503295,0.907097833958,2.57593595658
0,1.42203237066,0.906959966798,2.57536198092
0,1.42183454331,0.906791722769,2.57521406434
0,1.42097352339,0.905669910703,2.57651802505
0,1.42350615762,0.908298076281,2.57604036829
0,1.42176765244,0.906705304068,2.57531170348
0,1.41982483263,0.904613377789,2.57605723579
0,1.41842216519,0.903095516495,2.57663320508
0,1.42027485625,0.905382497255,2.57446175659
0,1.41887268621,0.903493926803,2.57689375862
0,1.41851778197,0.903240497122,2.57638638583
0,1.42300940536,0.907974208954,2.57517594367
0,1.41867837267,0.903490889548,2.57593737721
0,1.41991800952,0.904811958803,2.57553021521
0,1.41929079928,0.904358147492,2.57466322056
0,1.42024991107,0.904917660606,2.57666121392
0,1.41685161379,0.901908127673,2.57471739222
0,1.41631514725,0.901260336338,2.57527401617
0,1.41935829923,0.90457102702,2.57393632268
0,1.41459037167,0.899804888945,2.57392737529
0,1.41277627503,0.897871912178,2.5745217759
0,1.41286699112,0.898111793701,2.57377594874
0,1.41684338544,0.902040416069,2.57401480848
0,1.41715318554,0.902627795226,2.57262691326
0,1.41469791513,0.899901552284,2.5739817759
0,1.41358787297,0.898717960762,2.5743495227
0,1.41742829148,0.902631464922,2.57398409445
0,1.415437075,0.900590583941,2.57423241694
0,1.41432042528,0.899552330162,2.57384043724
0,1.41733326431,0.902373231158,2.5748001274
0,1.41888183949,0.903955622241,2.5746310479
0,1.41571691316,0.900691982501,2.57512461491
0,1.41605524441,0.901234807731,2.57410214502
0,1.41537084948,0.900476026705,2.57447407551
0,1.41634536655,0.90141902406,2.57463167411
0,1.41512051456,0.900280064949,2.57420220968
0,1.41624728868,0.9013730651,2.57437107956
0,1.41407796395,0.899433208753,2.57322373764
0,1.4159789439,0.901149793712,2.57414571258
0,1.41493553612,0.900094733178,2.57420397637
0,1.41494161915,0.900191945753,2.57374832863
0,1.41217596135,0.897145477694,2.57515237991
0,1.41212587087,0.897341984547,2.57391939326
0,1.41429715971,0.899421668786,2.57437741626
0,1.41167811277,0.897123747849,2.57277178629
0,1.41263531293,0.897822237364,2.57406533949
0,1.41153174279,0.896953144284,2.57289295419
0,1.41485860099,0.900340237448,2.57259177936
0,1.41350254091,0.898646786754,2.57427873243
0,1.41108520925,0.896436610671,2.57324295453
0,1.41474989324,0.900093853205,2.57328016184
0,1.41320493668,0.898382242054,2.57411343476
0,1.41307400192,0.898241212464,2.57416390893
0,1.41113891579,0.896361564349,2.57388671887
0,1.41058632132,0.895759854903,2.57413229371
0,1.41268339746,0.897930330134,2.57376529826
0,1.41059825854,0.895875738582,2.57361256146
0,1.41480996576,0.900105312196,2.57352322945
0,1.41274549923,0.898124276063,2.57310607747
0,1.41310620626,0.898413870459,2.57346164064
0,1.41398106396,0.899013686512,2.57483684887
0,1.41844880292,0.903987444271,2.5723067549
0,1.41531789347,0.900739908318,2.57288988743
0,1.41521958787,0.900298127446,2.57460726375
0,1.41383120462,0.899107274378,2.57361961284
0,1.41160011247,0.896861625079,2.57369239861
0,1.41320375754,0.898268223312,2.57467763279
0,1.41221972164,0.897293460951,2.57463126506
0,1.4115315556,0.897029286101,2.57251130915
0,1.41361187702,0.898746386014,2.57432741669
0,1.41428008621,0.899515928835,2.57382074852
0,1.41394869422,0.899227027774,2.57360829387
0,1.41432972232,0.899781765934,2.57273974359
0,1.41279666853,0.898121664626,2.57337498116
0,1.41255261866,0.897759824533,2.57396393229
0,1.41289405535,0.898204118376,2.57344964652
0,1.41474612957,0.899851770708,2.57447175595
0,1.41500824724,0.900331701116,2.57338269228
0,1.41211363299,0.897412615061,2.57350505131
0,1.41511156969,0.900419071425,2.57346245299
0,1.4138228307,0.899232263056,2.57295279986
0,1.41347410409,0.898827141215,2.57323477605
0,1.4123573971,0.897773708198,2.57291840617
0,1.41530371152,0.900590704337,2.57356499758
0,1.41320592746,0.898320120866,2.57442899462
0,1.41446938141,0.899827878013,2.57320747861
0,1.41116787136,0.896544966663,2.57311448515
0,1.41441091307,0.899632762404,2.57389071498
0,1.41259712912,0.89801559303,2.57290764212
0,1.41169423595,0.897135320305,2.57279453987
0,1.41248122488,0.897846750386,2.57317233414
0,1.41200331117,0.897743479883,2.57129911813
0,1.41306188605,0.898612323733,2.57224777326
0,1.4115330299,0.897081124499,2.57225948869
0,1.41129911,0.897140026823,2.5707953776
0,1.40907607282,0.894905684742,2.57085190208
0,1.40978182182,0.89560670978,2.57087552192
0,1.41052402635,0.896378175791,2.57072921449
0,1.4085387682,0.894201654281,2.57168553127
0,1.40795097725,0.893746801889,2.57102083849
0,1.4086923142,0.894393139463,2.57149583538
0,1.40592566154,0.891538671081,2.57193491396
0,1.40699664965,0.892768391182,2.571141254
0,1.40734854784,0.892932601911,2.57207969132
0,1.40976961245,0.89553925857,2.57115173109
0,1.40544714529,0.891372028175,2.5703755473
0,1.40712465035,0.892848226428,2.57138208131
0,1.40499844312,0.890872475962,2.57062979749
0,1.40631863043,0.892110587547,2.57104017608
0,1.40746942044,0.893163038784,2.57153186996
0,1.40761579365,0.893254048783,2.57180868601
0,1.40683777648,0.892647673547,2.57095047635
0,1.40622285983,0.891702877852,2.57259987155
0,1.40643584774,0.892103942592,2.57165948744
0,1.40450159653,0.890172921962,2.57164333454
0,1.40461518717,0.890296347323,2.5715941609
0,1.40591114795,0.891675403963,2.57117868164
0,1.40566600083,0.89166125714,2.57002368018
0,1.405542684,0.891141522146,2.57200577096
0,1.404546705,0.890377973684,2.57084361829
0,1.40503415174,0.89087775725,2.57078193413
0,1.4051147179,0.891039889522,2.57037410357
0,1.4041373406,0.889895454918,2.57120939009
0,1.40393321749,0.890002571786,2.56965319023
0,1.40553362761,0.89131189177,2.57110864089
0,1.40497626922,0.890946242421,2.57015009569
0,1.4025861342,0.888450216587,2.57067954977
0,1.40585788866,0.891648489151,2.57104695922
0,1.40459282628,0.890506167716,2.57043325451
0,1.40606515908,0.891941017055,2.57062067181
0,1.40497128934,0.890905639818,2.57032820932
0,1.40389972071,0.889975158808,2.56962277122
0,1.40428990851,0.890195972421,2.57046964212
0,1.40571774467,0.891775487981,2.56971124513
0,1.40362554218,0.889476779177,2.57074377669
0,1.40394476575,0.889816203149,2.57064277472
0,1.40723243625,0.893179734473,2.5702634706
0,1.40452179454,0.890769301576,2.56876242654
0,1.40425047002,0.890279287899,2.56985587229
0,1.40447098765,0.890416815691,2.57027082148
0,1.40356719997,0.889402622108,2.57082285099
0,1.40535482179,0.891192438851,2.5708118764
0,1.40493336214,0.890864300081,2.57034527201
0,1.40200386002,0.887872665262,2.5706559355
0,1.4028877127,0.888910043101,2.56988830972
0,1.40634742249,0.892157915321,2.57094749754
0,1.40169128016,0.887753058291,2.56969107105
0,1.40069453892,0.886740370532,2.56977080362
0,1.40050703072,0.886489359836,2.5700883161
0,1.40043512398,0.88637196423,2.57031576043
0,1.40335266313,0.889222917832,2.57064868818
0,1.40213287559,0.888185375514,2.56973746209
0,1.40097275006,0.886879551196,2.57046595602
0,1.402870866,0.888803404085,2.57033727125
0,1.40342909545,0.889350618597,2.57039234597
0,1.40368664944,0.889490554005,2.57098043889
0,1.40458151792,0.890532014762,2.57024747747
0,1.40164758321,0.887602196059,2.57022689744
0,1.40361953785,0.889670212884,2.56974658652
0,1.4011604418,0.887131887047,2.57014273544
0,1.4031090619,0.889071422029,2.57018816107
0,1.39960462228,0.885635431337,2.5698459164
0,1.39947792537,0.885493151794,2.56992382961
0,1.40102058129,0.887025501911,2.56997535858
0,1.40173489187,0.887645911311,2.57044486451
0,1.40216256668,0.88826447613,2.56949041444
0,1.40027820019,0.886195172081,2.57041510224
0,1.40168143613,0.887577715874,2.57051856295
0,1.40257213704,0.888425623778,2.57073252801
0,1.40151654597,0.887284334629,2.5711610184
0,1.40185888706,0.887907297128,2.56975791137
0,1.40023232038,0.886293521702,2.56969395509
0,1.40035591341,0.88629058066,2.57032662543
0,1.40088528588,0.88720245541,2.56841411407
0,1.40151358125,0.887658700086,2.56927436755
0,1.40213377852,0.888206999936,2.56963385464
0,1.39928508388,0.885672960992,2.56806057619
0,1.39928104572,0.885661619954,2.56809709058
0,1.39848161427,0.884923561652,2.56779022484
0,1.39983899004,0.886066825664,2.56886078362
0,1.39803299288,0.884412040488,2.56810472368
0,1.39721116561,0.88374587839,2.56732639786
0,1.39817756921,0.884124334969,2.57026613291
0,1.39791508109,0.884311735566,2.56801668937
0,1.39816730643,0.884631435936,2.56767931422
0,1.40011579617,0.886525921743,2.56794933387
0,1.39958323993,0.885909216888,2.56837007692
0,1.39806361159,0.884336194033,2.56863704952
0,1.39412174026,0.880827953857,2.56646889375
0,1.39674673908,0.88347382452,2.56636453454
0,1.40035577313,0.886625401747,2.56865181863
0,1.39931833102,0.885570376338,2.56873973515
0,1.39827288765,0.884919047647,2.56676916176
0,1.39602304494,0.882535760089,2.56743638598
0,1.3953918401,0.881837924878,2.56776953783
0,1.39633652971,0.882899552953,2.56718484553
0,1.40016623152,0.886424229011,2.56870997424
0,1.3970182088,0.883553840348,2.56732180399
0,1.39748593115,0.884107744396,2.56689089552
0,1.39587150877,0.882325448797,2.56773026159
0,1.39512602098,0.881593452612,2.56766280356
0,1.39678790985,0.883224658733,2.56781621733
0,1.39730399275,0.883585387159,2.56859298966
0,1.39891776473,0.885235183134,2.56841286971
0,1.39710698677,0.883574972199,2.56766003457
0,1.39864323226,0.885190241306,2.56726491653
0,1.39640876945,0.882956803495,2.56725979151
0,1.3987401088,0.885223540839,2.56758280154
0,1.39876108152,0.885371888638,2.56694592615
0,1.39829317674,0.884799674597,2.56746747245
0,1.39755928337,0.883994178833,2.5678254844
0,1.39916788494,0.885769955771,2.5669896076
0,1.40014182203,0.886592758808,2.56774527782
0,1.401505392,0.887900221116,2.56802581616
0,1.40008539549,0.886419322267,2.56833032784
0,1.40168283186,0.888047224362,2.56817799923
0,1.40131386388,0.887790584931,2.56761635649
0,1.39924372698,0.885590837906,2.56826440709
0,1.40052413529,0.887088101226,2.56718013206
0,1.40081688884,0.887033981515,2.56891449834
0,1.39884993486,0.885391019434,2.56729453888
0,1.39679011363,0.883418924775,2.56685590601
0,1.39856124568,0.884978029023,2.56791604504
0,1.40100363168,0.88747746488,2.56763079576
0,1.40035949139,0.886741158679,2.56809162529
0,1.39939071115,0.885919761495,2.56735471003
0,1.39635671741,0.882575475162,2.56890617298
0,1.39862763574,0.884993227164,2.56817200463
0,1.40020057091,0.886824913556,2.56687824851
0,1.39943321801,0.885832559455,2.56800325453
0,1.40002137295,0.886564710903,2.56728327199
0,1.39909010244,0.885465719944,2.56812187419
0,1.39748662134,0.883862788222,2.56811912732
0,1.39939893952,0.885676423817,2.56861254024
0,1.39929514447,0.885483051112,2.56906042853
0,1.3982789556,0.884548863612,2.56865042167
0,1.39438995863,0.880832481437,2.56778734768
0,1.39975391582,0.886270307828,2.5674180017
0,1.4007926568,0.887304841872,2.56743903638
0,1.39754410094,0.884028985517,2.56757553885
0,1.39867685922,0.884964836837,2.56856007363
0,1.39758965695,0.884103916276,2.56742866514
0,1.39771170806,0.884478705582,2.56616497415
0,1.39867914662,0.88526917046,2.56704984254
0,1.39651185231,0.883133762244,2.56689041208
0,1.39351227266,0.880166907687,2.5667267866
0,1.39871250406,0.885275373651,2.56718561381
0,1.39663491182,0.88329700425,2.56668949962
0,1.39673345082,0.883841565114,2.56445939033
0,1.39669104895,0.883489353007,2.56600844147
0,1.3972437803,0.884130949322,2.56556411668
0,1.3959993095,0.883107682687,2.56445809586
0,1.39492071995,0.88160229793,2.56659207183
0,1.39667118512,0.883416593887,2.56627291794
0,1.39556534174,0.882262924782,2.56651204653
0,1.39396142165,0.880724081334,2.56618666335
0,1.39438020214,0.881060321327,2.5665993658
0,1.39609357061,0.882808257026,2.56642652969
0,1.39377648349,0.880636770594,2.56569852626
0,1.39509544109,0.882011406285,2.56542013578
0,1.39347217219,0.880202187626,2.56634988459
0,1.3931554825,0.880245881936,2.56454796459
0,1.39280820752,0.879994310268,2.56406944803
0,1.3943120101,0.88134427697,2.56483862744
0,1.39033549069,0.87740613789,2.56464672581
0,1.39155261948,0.878584542793,2.56484034523
0,1.39433620938,0.881458703045,2.56438749349
0,1.39287092668,0.880049956905,2.56410481068
0,1.39512544862,0.882549679708,2.56287880635
0,1.39680223408,0.884065505801,2.56368360319
0,1.39166007126,0.878886438656,2.56386812479
0,1.39214503364,0.879392696968,2.56376164518
0,1.39176705647,0.878967996484,2.56399526171
0,1.39108312815,0.878389147601,2.56346986457
0,1.38952531162,0.876725382523,2.56399960728
0,1.39240990596,0.879463727961,2.56473085177
0,1.39219106041,0.879165704481,2.56512674144
0,1.39087955633,0.877927367414,2.56476090637
0,1.39392802244,0.881202270013,2.56362872395
0,1.39117262285,0.878453556093,2.56359529559
0,1.39323247936,0.880386990409,2.56422740653
0,1.39183615068,0.879050777451,2.56392682793
0,1.39090390799,0.878141888485,2.56381005932
0,1.38952772383,0.876973107649,2.56277304269
0,1.39005152154,0.877256687283,2.56397413309
0,1.38910864793,0.876512636821,2.56298001737
0,1.38907634935,0.876498129664,2.56289106025
0,1.38771296804,0.875134544958,2.56289207723
0,1.38692255214,0.874280826019,2.56320859239
0,1.38951576117,0.876922313207,2.56296720163
0,1.38710419103,0.874527420781,2.56288381307
0,1.38787013968,0.87538272449,2.56243703778
0,1.38738598364,0.874783853382,2.5630106131
0,1.38796271705,0.875092471009,2.56435119197
0,1.38558465661,0.87296825498,2.56308196995
0,1.38818930811,0.875597671902,2.56295814285
0,1.38702819677,0.874272876636,2.56377656248
0,1.42665361011,0.913531809999,2.56560896234
0,7.67538774158,6.54744709959,5.63970312594
0,5.82931495503,4.96798062633,4.30667157932
0,5.69098367394,4.93039124915,3.80296206728
0,5.66230361145,4.93163820623,3.65332697166
0,5.63122120338,4.91791052923,3.5665533176
0,5.63077987636,4.93198449385,3.4939768605
0,5.5889368044,4.90055822317,3.44189285487
0,5.56554362538,4.88608356049,3.39730027383
0,5.52887757744,4.85700062258,3.35938472424
0,5.52873111368,4.86306721189,3.32831945932
0,5.51931722227,4.85884944973,3.3023388135
0,5.5214398806,4.86471170652,3.28364082145
0,5.56059678934,4.90852551215,3.26035633734
0,5.5744358833,4.92581306001,3.24311406808
0,5.55515621434,4.91096777271,3.22094216015
0,5.61953646762,4.97779650123,3.2086997841
0,5.70975479967,5.06886982026,3.20442484927
0,5.76852538273,5.12851513649,3.20005118355
0,5.76128079735,5.12326126735,3.19009760244
0,5.75328311865,5.1171193488,3.18081880183
0,5.75724968066,5.12276924157,3.17240214818
0,5.75020738392,5.11725824839,3.16474563046
0,5.7475108624,5.11599326871,3.1575879214
0,5.74177312845,5.11151308653,3.15130016261
0,5.73981694884,5.11070240113,3.14557269167
0,5.74179512711,5.1137224667,3.14036325525
0,5.74084032759,5.11371251332,3.13563902462
0,5.7298122977,5.10354211086,3.13135088755
0,5.73383124746,5.10833936533,3.12745936407
0,5.73147959059,5.10671494526,3.12382318009
0,5.73806361771,5.11395920406,3.12052202175
0,5.73067784666,5.10721331334,3.11732262015
0,5.72668331887,5.10379729066,3.11443009462
0,5.7256218443,5.10323735943,3.11192237798
0,5.73292875386,5.11110021979,3.10914262401
0,5.72171114891,5.10034272405,3.10684207802
0,5.71752035657,5.09660275506,3.10458796128
0,5.72001238292,5.09953800609,3.10237183792
0,5.71752156556,5.09742521787,3.10048169228
0,5.72179103084,5.10204908882,3.09870966394
0,5.71657392737,5.09721753741,3.09678190365
0,5.71330543164,5.09428926941,3.095080765
0,5.71074343888,5.09205224054,3.0934559456
0,5.71268704519,5.09432505142,3.09180992281
0,5.71567344365,5.09758548336,3.09043975543
0,5.70654050625,5.08872799377,3.08906251638
0,5.71270620972,5.09518069386,3.08762753327
0,5.71591028812,5.0986253184,3.08642480259
0,5.70720944396,5.09017568569,3.08516874537
0,5.7033849565,5.08658625252,3.08399347392
0,5.70383129071,5.087250845,3.08290218261
0,5.7034894684,5.08711824394,3.08185607638
0,5.70452441901,5.08838575752,3.08069326155
0,5.69458057671,5.07862544132,3.07977563103
0,5.69625390065,5.08047607101,3.07888910231
0,5.7041386098,5.08854501276,3.07796793931
0,5.70131924157,5.08590125054,3.07708990931
0,5.69842428418,5.08316625509,3.07629009959
0,5.69739545024,5.0823111468,3.07542147137
0,5.69258965475,5.0776877262,3.07450959694
0,5.69415788692,5.07941128703,3.07373295364
0,5.68805114262,5.07345646045,3.0729733651
0,5.69325562064,5.07883608566,3.07209762912
