epoch,generator_TD_Dense_0_loss,loss,model_1_loss,model_2_loss_1,model_2_loss_2
0,0.186575090856,7.96289310498,0.13060430024,9.7867219624,7.96289310498
0,0.215209158128,7.61548680383,0.0879572547515,9.75694995573,7.61548680383
0,0.201426787015,7.50532583622,0.0947184707988,9.38393383558,7.50532583622
0,0.194750496355,7.39262712178,0.100467700283,9.09362671404,7.39262712178
0,0.189569109461,7.01929149232,0.103283638162,9.0168638391,7.01929149232
0,0.185168481782,6.46197559197,0.102624529321,8.65661571739,6.46197559197
0,0.177669370451,5.93313833144,0.102212604697,8.47494832046,5.93313833144
0,0.171614925413,5.8504408201,0.0998959325835,8.48544711473,5.8504408201
0,0.167221481898,5.80503909156,0.0990850681912,8.46964414036,5.80503909156
0,0.16666768511,5.76509667626,0.0994403532167,8.48326979033,5.76509667626
0,0.163749905541,5.72967995777,0.0992453412136,8.52862280016,5.72967995777
0,0.16549448926,5.28300972955,0.097804705685,8.29966558149,5.28300972955
0,0.166802033584,5.16101361602,0.0971150698255,8.27321030656,5.16101361602
0,0.165794968234,5.12925257776,0.0961665552647,8.30857625678,5.12925257776
0,0.167504672091,5.10286863485,0.0958814725749,8.32017256213,5.10286863485
0,0.165708675215,4.56998128392,0.0951981689058,7.93974409331,4.56998128392
0,0.158566512699,3.38090814631,0.0940918824566,7.10252292766,3.38090814631
0,0.159702408744,3.25370361407,0.0931143756604,7.24198561773,3.25370361407
0,0.162471045729,3.18847684759,0.093578373899,7.27977969831,3.18847684759
0,0.163867559451,3.14159126308,0.093091006451,7.33044159342,3.14159126308
0,0.164802876327,3.10255281859,0.0923341425324,7.35198707014,3.10255281859
0,0.165571887843,3.05976136736,0.0928058655528,7.44044356146,3.05976136736
0,0.167035049245,3.02194011454,0.0904979214048,7.57190866473,3.02194011454
0,0.168210303778,2.98252998653,0.0906227656191,7.68152444939,2.98252998653
0,0.167807608744,2.9480946613,0.0891169866247,7.74412781782,2.9480946613
0,0.16786781371,2.91201516233,0.0894811425241,7.84493185927,2.91201516233
0,0.167199849069,2.88309615613,0.0874832570924,7.91474090923,2.88309615613
0,0.167576224872,2.85673705206,0.0887943283835,7.98867090688,2.85673705206
0,0.166815921442,2.83641758571,0.0860301871996,8.03886925721,2.83641758571
0,0.167815793411,2.81812735726,0.0873231887817,8.09949162376,2.81812735726
0,0.167241463169,2.79858262681,0.0858025351048,8.16124330685,2.79858262681
0,0.165596558754,2.78365329772,0.0866485888364,8.19592063659,2.78365329772
0,0.166241366373,2.76818825452,0.0852379332085,8.25839728692,2.76818825452
0,0.165717325005,2.75862083987,0.0870884534954,8.32052847293,2.75862083987
0,0.163904503309,2.74422634194,0.0851852864175,8.34690693272,2.74422634194
0,0.164652235596,2.73493001889,0.0850045364072,8.36959348342,2.73493001889
0,0.164352970707,2.72358510701,0.0852391133656,8.42462697518,2.72358510701
0,0.163801177175,2.71615606889,0.0849881945904,8.47609954324,2.71615606889
0,0.164799194035,2.70728699124,0.0868984286119,8.56128422,2.70728699124
0,0.163063470404,2.69811402452,0.0848011552027,8.56716484446,2.69811402452
0,0.16323585492,2.68785061028,0.0850355766256,8.61261696072,2.68785061028
0,0.162800964481,2.68385746788,0.0850393707751,8.65011641399,2.68385746788
0,0.162480980998,2.39108715273,0.0878257347799,8.38299893661,2.39108715273
0,0.160827704083,2.10930960908,0.0854117458634,8.1999272566,2.10930960908
0,0.161784002116,2.08923100247,0.0859417236637,8.26249640316,2.08923100247
0,0.160219275116,2.07458294546,0.0877004410596,8.24414709091,2.07458294546
0,0.159149028867,2.0605604138,0.0855115470453,8.31305283269,2.0605604138
0,0.159250209482,2.05096413896,0.0854221836573,8.30571609368,2.05096413896
0,0.158106060541,2.04236564792,0.0867980774955,8.32039923788,2.04236564792
0,0.159518216059,2.02912941967,0.0857382767261,8.37361193605,2.02912941967
0,0.157689944873,2.02205651616,0.0856406944827,8.33454786588,2.02205651616
0,0.158733086083,2.01455644799,0.0857802445369,8.38243031299,2.01455644799
0,0.158038564261,2.00755996235,0.0858006883493,8.38634712176,2.00755996235
0,0.155969094578,2.00002941659,0.0879419006494,8.38625825906,2.00002941659
0,0.156422751905,1.99165404409,0.0859330645075,8.34791537164,1.99165404409
0,0.155874344939,1.98429243836,0.0884861548618,8.35609145642,1.98429243836
0,0.156059071273,1.97509640953,0.085641342572,8.41646755947,1.97509640953
0,0.155426273892,1.96918023447,0.0856493754841,8.3651458161,1.96918023447
0,0.155001114529,1.96154798761,0.0870576605917,8.37835325892,1.96154798761
0,0.154156437412,1.95561100729,0.0870908454654,8.39422599353,1.95561100729
0,0.154806005223,1.94742535334,0.0873800060815,8.43592067457,1.94742535334
0,0.153624641213,1.93768799031,0.0856019688483,8.42429956523,1.93768799031
0,0.152722524396,1.93523091475,0.0852668857199,8.41396969276,1.93523091475
0,0.152572824736,1.92468772386,0.0861189246029,8.44236501398,1.92468772386
0,0.152472114978,1.91920314379,0.0858891302995,8.47164272431,1.91920314379
0,0.152671416082,1.91206167382,0.086836617199,8.44393849276,1.91206167382
0,0.151288208281,1.90602426206,0.086299806129,8.48652613389,1.90602426206
0,0.149949207729,1.89655815595,0.0847399112572,8.48345777405,1.89655815595
0,0.14780671509,1.8938613907,0.0844592230632,8.46800306308,1.8938613907
0,0.1502568638,1.88628861978,0.0865491493103,8.52828924177,1.88628861978
0,0.148753869568,1.88173389726,0.0842422384824,8.53351008723,1.88173389726
0,0.147696170196,1.8729378987,0.084575908101,8.5438094934,1.8729378987
0,0.149276058027,1.8678508976,0.0847772773275,8.60094735466,1.8678508976
0,0.147870437843,1.86172521174,0.0857817598095,8.63863099945,1.86172521174
0,0.149378843494,1.85613015826,0.0851844340983,8.66252940859,1.85613015826
0,0.14982513641,1.84877309287,0.0847004555277,8.6914896387,1.84877309287
0,0.150572741704,1.84256875007,0.0860921709148,8.70887129856,1.84256875007
0,0.149980367095,1.83335967347,0.0866685168166,8.71536872086,1.83335967347
0,0.1486903217,1.82590958295,0.085606455111,8.7520722569,1.82590958295
0,0.150171419108,1.82274185099,0.086219852886,8.79537757015,1.82274185099
0,0.148609250932,1.81256175443,0.0845110829839,8.76765263714,1.81256175443
0,0.149094991868,1.80923910871,0.0865074819445,8.76686356718,1.80923910871
0,0.149269096269,1.80384097147,0.0860112655296,8.81304866882,1.80384097147
0,0.147819204438,1.79737341867,0.08604834786,8.78994824176,1.79737341867
0,0.147816355252,1.79513134677,0.0851988524544,8.80111734307,1.79513134677
0,0.147029936215,1.78719147724,0.0864092395402,8.82680343875,1.78719147724
0,0.149032613111,1.78656307335,0.0864421765924,8.840006471,1.78656307335
0,0.147597300275,1.77937973071,0.0861557898286,8.83707084812,1.77937973071
0,0.147507456503,1.77623371517,0.0863344142365,8.88811697148,1.77623371517
0,0.146130441507,1.77596714962,0.0846549097825,8.84956855752,1.77596714962
0,0.147316368386,1.76885852707,0.0847165469655,8.85612951062,1.76885852707
0,0.148010964022,1.76472817088,0.0854353291132,8.8676432822,1.76472817088
0,0.14794714912,1.76211038344,0.0856247498201,8.84248371052,1.76211038344
0,0.14901098861,1.75865933573,0.0865855619534,8.81658378003,1.75865933573
0,0.147253124868,1.75498118049,0.08625112878,8.90268678182,1.75498118049
0,0.149278110854,1.75034373608,0.0860925283203,8.89465336257,1.75034373608
0,0.147068473262,1.74932011086,0.0853753735375,8.88010999171,1.74932011086
0,0.148616894091,1.74682351186,0.0865679046952,8.87411466847,1.74682351186
0,0.147237113484,1.74188082963,0.086308863119,8.87547972979,1.74188082963
0,0.149576850594,1.74041556245,0.0860887390019,8.9074911494,1.74041556245
0,0.147347121862,1.73927339603,0.0859890931454,8.86607053001,1.73927339603
0,0.147503679541,1.73533600147,0.0866216744974,8.88795121165,1.73533600147
0,0.146510038432,1.73511413645,0.084894699355,8.827140493,1.73511413645
0,0.147810489903,1.72841500717,0.0866265751755,8.83544878273,1.72841500717
0,0.146227123429,1.72719112128,0.086431830862,8.87293700697,1.72719112128
0,0.146858722762,1.72535126503,0.0863363784468,8.84350943406,1.72535126503
0,0.14703001124,1.72142588273,0.0850998799673,8.87384522057,1.72142588273
0,0.146897205715,1.72005357145,0.0850088247291,8.90249917612,1.72005357145
0,0.146818966736,1.7174977965,0.0866662815436,8.88012092471,1.7174977965
0,0.145186341249,1.71455539597,0.0847102461095,8.9214024232,1.71455539597
0,0.147277148678,1.71317789175,0.0853633783251,8.90679774478,1.71317789175
0,0.147965090216,1.71147501187,0.087152374028,8.9108608715,1.71147501187
0,0.147739860722,1.70663416897,0.0864762286988,8.9577168507,1.70663416897
0,0.147444568266,1.70341539955,0.0853639315462,8.91654897905,1.70341539955
0,0.147112447676,1.70529963088,0.0867055346247,8.92303337467,1.70529963088
0,0.149260809642,1.70193789028,0.0867890392988,8.89639963646,1.70193789028
0,0.146919461353,1.69757658011,0.0868240148941,8.91722458472,1.69757658011
0,0.148936806009,1.69637674382,0.0868076768211,8.91533273169,1.69637674382
0,0.147770740895,1.69437633041,0.0858539869981,8.90038272861,1.69437633041
0,0.148831168267,1.69242658671,0.0870309233245,8.9276887311,1.69242658671
0,0.148539563465,1.69010002834,0.0866687822451,8.90967417214,1.69010002834
0,0.146539360977,1.68947606742,0.0853885666253,8.88976172086,1.68947606742
0,0.147676993415,1.68724928405,0.0868386601285,8.92561099236,1.68724928405
0,0.147657485497,1.68454742819,0.0872224906265,8.96585276897,1.68454742819
0,0.146880595517,1.68346076859,0.0866770205238,8.92637090549,1.68346076859
0,0.14805385715,1.68245445218,0.087026683141,8.95114108541,1.68245445218
0,0.145785250647,1.67687153056,0.0857669890396,8.92911710535,1.67687153056
0,0.147183954889,1.67677511188,0.0863521606916,8.89911347812,1.67677511188
0,0.146871273469,1.67416127142,0.087683404436,8.92946594791,1.67416127142
0,0.146223850931,1.67441854713,0.0856038748625,8.91893597597,1.67441854713
0,0.146794989779,1.67037934863,0.0855295188095,8.98896325715,1.67037934863
0,0.147320358809,1.66944836642,0.0870662853616,8.95382514846,1.66944836642
0,0.146915460478,1.66616975298,0.087175312747,8.97546410249,1.66616975298
0,0.146197939295,1.66338766615,0.0858599542212,8.98997738071,1.66338766615
0,0.145942957988,1.66541180808,0.0859126510534,8.97474150665,1.66541180808
0,0.146690429839,1.66188356084,0.0871766108408,8.94139940605,1.66188356084
0,0.14683810383,1.66010844959,0.0859068226236,8.97994574986,1.66010844959
0,0.147727317799,1.65855939434,0.0873520953911,8.8869968951,1.65855939434
0,0.147323379271,1.65834824083,0.0876516321331,8.89723229724,1.65834824083
0,0.146421066885,1.65635890221,0.0875686416356,8.93504910514,1.65635890221
0,0.147090551148,1.65445309313,0.0877520161778,8.96060564293,1.65445309313
0,0.147088462268,1.65534531771,0.0876383113476,8.93387102584,1.65534531771
0,0.146175636186,1.65025821853,0.087301163148,8.94248102562,1.65025821853
0,0.145934767465,1.6498634003,0.0864081549185,8.93009353475,1.6498634003
0,0.148099989168,1.64694259767,0.0877054282904,8.93931499683,1.64694259767
0,0.146497908862,1.64705285747,0.0865357406252,8.90978540561,1.64705285747
0,0.146570962781,1.64453218664,0.0871881300562,8.93956636851,1.64453218664
0,0.146169271956,1.64405461485,0.0870886045086,8.96192809952,1.64405461485
0,0.146481611292,1.64352633376,0.0877265499574,8.97979225923,1.64352633376
0,0.145887992943,1.63915419172,0.0876669669848,8.98384905554,1.63915419172
0,0.144878463094,1.63926444333,0.0863804684621,8.91921213373,1.63926444333
0,0.145434570006,1.64066950561,0.0876802870537,8.9085110496,1.64066950561
0,0.145993665676,1.63533234435,0.0872559114846,8.92214215431,1.63533234435
0,0.147255825092,1.63556347804,0.0880463834277,8.93068323353,1.63556347804
0,0.145462309,1.63333454468,0.0866497392036,8.91751553034,1.63333454468
0,0.146103005776,1.63256596473,0.0876149496258,8.87711231724,1.63256596473
0,0.146518599508,1.63212062023,0.0873173542605,8.90622789342,1.63212062023
0,0.14381503614,1.62934755138,0.0862057885498,8.90889187105,1.62934755138
0,0.146258186049,1.63035771385,0.0877108284539,8.91800594154,1.63035771385
0,0.146708143069,1.62635903127,0.0876985815528,8.92968269624,1.62635903127
0,0.147482298796,1.62603091503,0.0884619979543,8.91409200654,1.62603091503
0,0.145061115004,1.62621248076,0.0864735508761,8.91164037479,1.62621248076
0,0.145612186856,1.62118878743,0.0872883245991,8.93943295854,1.62118878743
0,0.145692334469,1.62481265051,0.0867010155078,8.88031628978,1.62481265051
0,0.146329560609,1.62073473803,0.0883120898139,8.91443053522,1.62073473803
0,0.14656358379,1.61984595109,0.0884222470434,8.9340787555,1.61984595109
0,0.14530607324,1.61814857596,0.0873960172062,8.91084393681,1.61814857596
0,0.145463211792,1.61804869744,0.0880597995017,8.93711036939,1.61804869744
0,0.146643035868,1.61653430073,0.0875282450201,8.89599974751,1.61653430073
0,0.146045855177,1.61431122916,0.0881221326775,8.91117031746,1.61431122916
0,0.145945263764,1.61318124872,0.0880195217371,8.89239658012,1.61318124872
0,0.146109196974,1.61096111114,0.0880951815552,8.881244895,1.61096111114
0,0.144876393809,1.61251248109,0.08688290112,8.86901805136,1.61251248109
0,0.144563095289,1.61123432634,0.0870174963404,8.84681929634,1.61123432634
0,0.146538880779,1.61035535773,0.0884606490285,8.885531643,1.61035535773
0,0.146464982535,1.60902644221,0.0880846214878,8.83479214207,1.60902644221
0,0.145782864608,1.60772608707,0.0879574321569,8.8670571608,1.60772608707
0,0.1464999029,1.60594382853,0.0885417578529,8.85873094731,1.60594382853
0,0.146130609572,1.60670738355,0.0866132402425,8.88905447118,1.60670738355
0,0.145587259931,1.60359862472,0.087772612721,8.89669012192,1.60359862472
0,0.145700591022,1.60355151791,0.0875686633696,8.90017790518,1.60355151791
0,0.145732174984,1.60332374639,0.0881672304117,8.90739416349,1.60332374639
0,0.145974596539,1.60155224318,0.0878935746639,8.91553022306,1.60155224318
0,0.145517302538,1.60108166948,0.0876766455485,8.90040884653,1.60108166948
0,0.147025032794,1.59786757472,0.0882653691628,8.91132080652,1.59786757472
0,0.146916421442,1.59699687873,0.0875840666356,8.90507831782,1.59699687873
0,0.147241131262,1.59578822454,0.0888826724383,8.91570786924,1.59578822454
0,0.145080823902,1.5960170449,0.0875362567171,8.88115375055,1.5960170449
0,0.146415850762,1.59403999065,0.08790862391,8.89731261943,1.59403999065
0,0.146275528924,1.59606257112,0.0881694801658,8.90787041304,1.59606257112
0,0.147027374105,1.59292830284,0.0884871731449,8.85000376844,1.59292830284
0,0.14548150429,1.59182371402,0.0881314322871,8.87038727035,1.59182371402
0,0.144616119403,1.59271139658,0.0865409903562,8.88689027512,1.59271139658
0,0.144998579303,1.58829282901,0.0878527061535,8.88606110365,1.58829282901
0,0.146365014302,1.58767138399,0.0891950110075,8.87410425321,1.58767138399
0,0.146468284118,1.58985912262,0.0876393950425,8.90841989541,1.58985912262
0,0.14534155849,1.58783398884,0.0879273529892,8.88451465062,1.58783398884
0,0.145995366163,1.58654513636,0.0879815833313,8.90920468743,1.58654513636
0,0.145448641224,1.58553399762,0.0869241187574,8.91464378902,1.58553399762
0,0.146809191599,1.58277843132,0.0887855002363,8.9560843094,1.58277843132
0,0.145537549658,1.58422537241,0.088112720642,8.92753147834,1.58422537241
0,0.146160758352,1.58199795691,0.0882893152547,8.92198877115,1.58199795691
0,0.148113847866,1.58203536359,0.0887966286978,8.92174892357,1.58203536359
0,0.146820842874,1.57969020529,0.087907106994,8.88532553112,1.57969020529
0,0.147915434333,1.5809188854,0.088331724948,8.85642032186,1.5809188854
0,0.147258261543,1.5778619691,0.0886289599053,8.91570864944,1.5778619691
0,0.147238966739,1.57764537749,0.0886437952222,8.85014631373,1.57764537749
0,0.146512280896,1.58005870239,0.0877140563593,8.88562600982,1.58005870239
0,0.145414068232,1.57786973952,0.0879860555824,8.88573970408,1.57786973952
0,0.145772998779,1.57601302743,0.0880309424022,8.84449163098,1.57601302743
0,0.146491181396,1.57548815295,0.0880348862058,8.89468166927,1.57548815295
0,0.146762696146,1.57521602345,0.0874395539388,8.84175117151,1.57521602345
0,0.146415765655,1.57379695146,0.0883519543369,8.90323367228,1.57379695146
0,0.1458147718,1.57227410137,0.088643793863,8.89661593204,1.57227410137
0,0.146239283493,1.57210301213,0.088444452393,8.89076643766,1.57210301213
0,0.147613115572,1.57192616565,0.0880757904863,8.88386277702,1.57192616565
0,0.14762695623,1.57037519805,0.089055772531,8.89597008689,1.57037519805
0,0.146079229281,1.57129970366,0.0872994904247,8.88962103452,1.57129970366
0,0.147335702927,1.56803306172,0.0895122201313,8.88897541019,1.56803306172
0,0.14704291908,1.56909444483,0.0875387970686,8.89450291249,1.56909444483
0,0.147977985849,1.56857636483,0.0890059747284,8.88468676097,1.56857636483
0,0.147285546928,1.56749745774,0.0886160967312,8.87640354048,1.56749745774
0,0.146953066808,1.5665528567,0.0884278325077,8.85816181498,1.5665528567
0,0.146989735032,1.56512496267,0.087315156055,8.87568781822,1.56512496267
0,0.146052327792,1.5628697069,0.0876816992291,8.87187605646,1.5628697069
0,0.146111355393,1.56482541961,0.0870075770229,8.85827615736,1.56482541961
0,0.146974198458,1.56467568497,0.0872449771707,8.8560516901,1.56467568497
0,0.147531364935,1.56317899057,0.0889168600266,8.80349977721,1.56317899057
0,0.147295059751,1.5604857738,0.0887762094364,8.84479547115,1.5604857738
0,0.146740208885,1.56042473255,0.0879044164571,8.8091686023,1.56042473255
0,0.147157462453,1.55975083632,0.088848485443,8.83626734816,1.55975083632
0,0.146918809557,1.5590008671,0.0879054900327,8.82926618679,1.5590008671
0,0.146887545043,1.55781892797,0.0883348045213,8.82162188933,1.55781892797
0,0.147651123739,1.55973600626,0.0886940566041,8.85484561097,1.55973600626
0,0.1466547936,1.55627657584,0.0883998861088,8.78804648558,1.55627657584
0,0.145667075715,1.55522230557,0.0874808933926,8.81278891435,1.55522230557
0,0.14679896577,1.55825204177,0.0884155857548,8.78773206898,1.55825204177
0,0.147465293927,1.55523689585,0.0887535020684,8.80817804327,1.55523689585
0,0.147686612275,1.55464325526,0.0888504695339,8.7924698938,1.55464325526
0,0.146860198126,1.55425331438,0.0887263575152,8.81038274338,1.55425331438
0,0.148218735954,1.55380469459,0.0886456293995,8.80272355331,1.55380469459
0,0.148044420292,1.55118436117,0.0889881768605,8.82381759626,1.55118436117
0,0.146713849966,1.55228329147,0.0878322897463,8.78450243083,1.55228329147
0,0.148882089167,1.55233387351,0.089043358937,8.76498220655,1.55233387351
0,0.147635553063,1.54900184022,0.0888216918949,8.80538745231,1.54900184022
0,0.146990659991,1.54818054219,0.0873553662207,8.76690040597,1.54818054219
0,0.147482887948,1.5494702512,0.0882807892329,8.76063629543,1.5494702512
0,0.14714100391,1.55074995824,0.0876907866269,8.77554747664,1.55074995824
0,0.147830550153,1.54635313523,0.0888054125246,8.81730423041,1.54635313523
0,0.148771286604,1.54864792254,0.0889557463118,8.78819980196,1.54864792254
0,0.147605143599,1.54530226228,0.0886814917869,8.77753403243,1.54530226228
0,0.148704041296,1.54618749302,0.0889879864815,8.81245111756,1.54618749302
0,0.149050830015,1.54535372525,0.0891378771013,8.77436908509,1.54535372525
0,0.148282886145,1.54398180006,0.088615517983,8.81211165439,1.54398180006
0,0.146834998557,1.54424347103,0.0878462294243,8.78632373427,1.54424347103
0,0.146627356263,1.54481635502,0.0872814471078,8.77703649855,1.54481635502
0,0.147623009646,1.5420855173,0.0885817764781,8.82188216189,1.5420855173
0,0.147410386707,1.54251381402,0.0886435483769,8.81468477222,1.54251381402
0,0.147900600857,1.54208809721,0.0885799540142,8.85789637483,1.54208809721
0,0.146911165459,1.53935820425,0.0883690296096,8.83765478786,1.53935820425
0,0.147887248651,1.54031918432,0.0885988640449,8.76979543729,1.54031918432
0,0.146534993997,1.54073023388,0.087558292878,8.8093138287,1.54073023388
0,0.146823427966,1.53936509479,0.0871046529975,8.77876627344,1.53936509479
0,0.146671870652,1.53878349445,0.088621562838,8.79159203919,1.53878349445
0,0.147413095283,1.5391922586,0.0889347960453,8.80734538255,1.5391922586
0,0.147699422158,1.53651157991,0.0888164316862,8.82107621256,1.53651157991
0,0.146834618367,1.53895669483,0.0879981739579,8.79875561692,1.53895669483
0,0.146686135351,1.53750259772,0.0885882887551,8.80737283736,1.53750259772
0,0.14743590387,1.53791643562,0.0886455645683,8.83736620364,1.53791643562
0,0.148504098479,1.53591411007,0.0885584287308,8.82421999517,1.53591411007
0,0.147655748115,1.53608075293,0.0880704975593,8.8049230143,1.53608075293
0,0.14715207787,1.53578554402,0.0876933713976,8.81032655559,1.53578554402
0,0.148484383477,1.53325512748,0.0891694116652,8.80354174712,1.53325512748
0,0.147928698739,1.53408421983,0.0877323802777,8.80499779417,1.53408421983
0,0.147712405567,1.53367654986,0.0887650682361,8.79621318807,1.53367654986
0,0.148103838091,1.53226743387,0.0883754024631,8.82982552738,1.53226743387
0,0.149385009214,1.5312076317,0.08907673823,8.83347275118,1.5312076317
0,0.147533018766,1.53139733317,0.0887620467106,8.85312008399,1.53139733317
0,0.147417110071,1.53350340893,0.0884354397852,8.78962957604,1.53350340893
0,0.146984240383,1.52946769818,0.0879945356034,8.80814378305,1.52946769818
0,0.148603654372,1.52969807211,0.0881051682986,8.81090365299,1.52969807211
0,0.147733640315,1.53028893048,0.0878726898215,8.80785643888,1.53028893048
0,0.147816661406,1.52804530748,0.0885609425172,8.80930379724,1.52804530748
0,0.148104689706,1.53014871697,0.0882205296289,8.79051361077,1.53014871697
0,0.147989318195,1.52674419463,0.0886072899226,8.80951491734,1.52674419463
0,0.148286626212,1.52741142228,0.0887304055898,8.79588026783,1.52741142228
0,0.149382896882,1.52941182686,0.0889578827133,8.78215452856,1.52941182686
0,0.14851971371,1.52588938526,0.0885782642522,8.85027234507,1.52588938526
0,0.15006396513,1.52477339836,0.0892362599053,8.86975862841,1.52477339836
0,0.148494470302,1.52618178877,0.0885241253434,8.81918443387,1.52618178877
0,0.149311042544,1.52596458469,0.0890977605436,8.85932686818,1.52596458469
0,0.147183286486,1.52505472915,0.0875554846393,8.83336681308,1.52505472915
0,0.148920509946,1.52303908472,0.0889555955951,8.83731352406,1.52303908472
0,0.148702754656,1.52256019885,0.0887991293993,8.81426497248,1.52256019885
0,0.147271683165,1.52424658652,0.0872674035171,8.8389340973,1.52424658652
0,0.148201346941,1.52349078908,0.087694925443,8.81920518389,1.52349078908
0,0.1495925579,1.52287215148,0.0889264515309,8.84158371821,1.52287215148
0,0.149104986741,1.52239763391,0.0891442422448,8.81892890974,1.52239763391
0,0.148477565046,1.52087863058,0.0885823871786,8.8293405243,1.52087863058
0,0.14913850096,1.5213591007,0.088611552223,8.83265652514,1.5213591007
0,0.148332056369,1.51950648858,0.0880066435383,8.78345929166,1.51950648858
0,0.148637206647,1.52046272094,0.08808102177,8.81555342699,1.52046272094
0,0.149147887728,1.5195842199,0.0881069805689,8.83973127913,1.5195842199
0,0.149046182805,1.51902386256,0.0887798902333,8.79925662839,1.51902386256
0,0.149327141729,1.51946039396,0.0887586209386,8.87394398413,1.51946039396
0,0.148609466394,1.51658076229,0.0878936086054,8.85816854709,1.51658076229
0,0.150219295897,1.51861537029,0.088971620163,8.85159860121,1.51861537029
0,0.149756199883,1.51589827029,0.0880092225635,8.86156937798,1.51589827029
0,0.150714381195,1.51750995134,0.088652093921,8.83357902083,1.51750995134
0,0.149609500348,1.51654936474,0.088936703085,8.84619283646,1.51654936474
0,0.14977280415,1.51590880904,0.0887644524203,8.86105036292,1.51590880904
0,0.149732695908,1.51653831059,0.0877556469829,8.87810427242,1.51653831059
0,0.149408759318,1.51562295182,0.0878958570127,8.86492155465,1.51562295182
0,0.150803129595,1.51420259355,0.0886284541308,8.88943942808,1.51420259355
0,0.149809747588,1.51480436901,0.0883195747685,8.81453523357,1.51480436901
0,0.149454904211,1.51202973546,0.0883532027478,8.84671137294,1.51202973546
0,0.150809870183,1.51431493559,0.0884168598782,8.85455329241,1.51431493559
0,0.149900649416,1.5118962793,0.0889374357625,8.80737769776,1.5118962793
0,0.150379515505,1.51397063206,0.0893027237794,8.80707251012,1.51397063206
0,0.15017151326,1.51212202819,0.0888558822015,8.84870334015,1.51212202819
0,0.148566681848,1.51344599438,0.0876677216928,8.81571894715,1.51344599438
0,0.150086602712,1.51067229448,0.0887720401261,8.8728620793,1.51067229448
0,0.149349118248,1.51163078712,0.0879001648198,8.80747431777,1.51163078712
0,0.151004885313,1.51061963332,0.088996962899,8.82471209364,1.51061963332
0,0.149166965366,1.5095132885,0.0878340842984,8.82892527963,1.5095132885
0,0.151482225873,1.51085981589,0.0888404567814,8.86217049022,1.51085981589
0,0.150582867129,1.5092064679,0.088845010853,8.90334409497,1.5092064679
0,0.149431673547,1.507659258,0.087825597704,8.84290811339,1.507659258
0,0.149583817591,1.50797688378,0.0877070627476,8.85250522656,1.50797688378
0,0.150371579833,1.50820992233,0.0891151325422,8.83911134882,1.50820992233
0,0.150307740466,1.50538998812,0.088533072564,8.88276083322,1.50538998812
0,0.150332011888,1.50778860371,0.0881587769064,8.85885069466,1.50778860371
0,0.149795029541,1.50633509778,0.0882980255518,8.81453523899,1.50633509778
0,0.150171941415,1.5058592754,0.0884040905221,8.85594609333,1.5058592754
0,0.150899074094,1.50571600519,0.0880931831563,8.87485131422,1.50571600519
0,0.149951695655,1.50429398645,0.0875107073171,8.86544827899,1.50429398645
0,0.151555309668,1.50468157582,0.0891339407483,8.85773254915,1.50468157582
0,0.150814479906,1.50326161785,0.0878769270273,8.87899032851,1.50326161785
0,0.150925282543,1.50676421368,0.0890033226924,8.85961119988,1.50676421368
0,0.151565667779,1.50260636251,0.0887894999254,8.89619618638,1.50260636251
0,0.151828970408,1.50325409728,0.0884993680155,8.86258004992,1.50325409728
0,0.150517480192,1.50274993168,0.08793628626,8.84305696622,1.50274993168
0,0.150565738479,1.50179056569,0.0890095865301,8.84575531725,1.50179056569
0,0.151690222212,1.50160133902,0.0887251884783,8.86600854145,1.50160133902
0,0.151192005347,1.50087483954,0.0885698512987,8.87471183942,1.50087483954
0,0.15135791233,1.50190328101,0.0890500422808,8.86435462251,1.50190328101
0,0.150720102326,1.49972625212,0.0877451731593,8.86536879259,1.49972625212
0,0.150133008981,1.49999418767,0.0872079490701,8.88872299519,1.49999418767
0,0.151545986113,1.49886817242,0.0879655685368,8.91901715803,1.49886817242
0,0.15070989209,1.49914002377,0.0872646847348,8.89939632713,1.49914002377
0,0.151265852512,1.4984373219,0.0874380960962,8.87654927108,1.4984373219
0,0.151747411139,1.49807489547,0.0887375170146,8.89810667653,1.49807489547
0,0.152374192726,1.4969409373,0.0888315608376,8.88867282862,1.4969409373
0,0.15114568038,1.49744636361,0.0878567241416,8.8882973087,1.49744636361
0,0.151028502689,1.49607467741,0.0884936684202,8.87825457328,1.49607467741
0,0.151847830706,1.49505688985,0.088653669342,8.88505306818,1.49505688985
0,0.151221324901,1.49567577682,0.0875661748633,8.8641143054,1.49567577682
0,0.152730883799,1.49340023418,0.088497911705,8.90307039863,1.49340023418
0,0.151792063345,1.49475527138,0.0878730381331,8.85396788564,1.49475527138
0,0.151614387978,1.49422909697,0.0883695689056,8.82671196689,1.49422909697
0,0.151728166079,1.49436482371,0.0885046043157,8.86872151715,1.49436482371
0,0.152408711649,1.49311809307,0.0885054492955,8.84530774213,1.49311809307
0,0.151632696909,1.49185090554,0.0873075946177,8.86549001835,1.49185090554
0,0.152531311114,1.49248672362,0.0879270253613,8.86655712514,1.49248672362
0,0.151920295819,1.49300288339,0.0880450161288,8.89213178516,1.49300288339
0,0.152196179797,1.49118315725,0.0883634352986,8.84829270675,1.49118315725
0,0.15223997903,1.48951546157,0.087954241072,8.87802295798,1.48951546157
0,0.151454193996,1.48977233674,0.087368956957,8.85360841206,1.48977233674
0,0.152323784199,1.48920012999,0.0883489479844,8.90779480938,1.48920012999
0,0.151684489342,1.48886495377,0.0877166569332,8.85873499272,1.48886495377
0,0.152071041798,1.48709434181,0.0880655770995,8.88696014752,1.48709434181
0,0.151853656813,1.48637559974,0.0876161408044,8.89845574091,1.48637559974
0,0.151069437884,1.48701401173,0.0870527551196,8.86271534694,1.48701401173
0,0.152919190391,1.48440827353,0.0869247090461,8.88787308643,1.48440827353
0,0.153157314703,1.48462341018,0.0874727503528,8.9121908888,1.48462341018
0,0.151341232593,1.48597005769,0.0867044913581,8.8411752119,1.48597005769
0,0.152227148945,1.48292398669,0.0866662216177,8.8775545024,1.48292398669
0,0.152714643683,1.48312895884,0.0869553223944,8.85485565184,1.48312895884
0,0.152157635856,1.48291370245,0.0873461635552,8.83306092869,1.48291370245
0,0.151065637001,1.47986544695,0.0861073552722,8.86942181767,1.47986544695
0,0.151135519839,1.48109114052,0.0863546060513,8.85242381647,1.48109114052
0,0.152254953165,1.47917271717,0.0863531609475,8.88013391154,1.47917271717
0,0.151709113746,1.47795985369,0.0862673255144,8.85951993891,1.47795985369
0,0.152544430659,1.47896862065,0.0865487745078,8.85931775135,1.47896862065
0,0.152275038917,1.47696740541,0.0871532705812,8.84320829582,1.47696740541
0,0.151966725045,1.47749791825,0.0862125170666,8.89038900975,1.47749791825
0,0.153121525894,1.47703193765,0.0872345631988,8.88261171474,1.47703193765
0,0.152489388562,1.47494743635,0.0869471531602,8.87084151271,1.47494743635
0,0.152459363439,1.47588200097,0.0864237465249,8.88171529642,1.47588200097
0,0.153442735276,1.47426557341,0.0868816324332,8.90147776572,1.47426557341
0,0.152327021457,1.47305702681,0.0867765201982,8.84411593492,1.47305702681
0,0.15232031717,1.47277989157,0.0859625872293,8.86669675249,1.47277989157
0,0.152623327242,1.47268509824,0.086611602548,8.88545342204,1.47268509824
0,0.152444514469,1.46926768384,0.0862328816656,8.88021047689,1.46926768384
0,0.154433101811,1.47205729862,0.0870845213681,8.91203454817,1.47205729862
0,0.153498343666,1.46966688905,0.0862760290405,8.94499057351,1.46966688905
0,0.15281632083,1.46742335,0.0860616566728,8.90148675697,1.46742335
0,0.15296198225,1.4679957765,0.0856552715869,8.87599922053,1.4679957765
0,0.152463289277,1.46848346867,0.0852367626766,8.8593369397,1.46848346867
0,0.153795247919,1.46598935811,0.0863625732549,8.89483861638,1.46598935811
0,0.153405030025,1.46592809535,0.086258886799,8.86758911593,1.46592809535
0,0.153299341031,1.46447762042,0.0864131730513,8.89206691166,1.46447762042
0,0.152510434241,1.4654705918,0.0860312109316,8.85159339591,1.4654705918
0,0.152446768918,1.46293629599,0.0850616146379,8.90262376128,1.46293629599
0,0.152546751904,1.46141349516,0.0853598103248,8.87566317178,1.46141349516
0,0.15239439403,1.4627508098,0.0848735203939,8.88648227627,1.4627508098
0,0.152393399483,1.46075291592,0.0856606506466,8.86158142889,1.46075291592
0,0.153019005745,1.46038242519,0.0859337269914,8.89333435638,1.46038242519
0,0.153854342218,1.45917815778,0.0859357854645,8.89707127148,1.45917815778
0,0.152560084935,1.45976781927,0.0850246102236,8.86248684937,1.45976781927
0,0.152324250064,1.45749860675,0.084730813357,8.86379697046,1.45749860675
0,0.151432674372,1.45840948042,0.0847500747017,8.83645472505,1.45840948042
0,0.15343086482,1.45588751013,0.0858168169658,8.880579915,1.45588751013
0,0.152856457886,1.45686016547,0.0842226102553,8.86307628716,1.45686016547
0,0.152278677692,1.45573319844,0.0848851234685,8.81394824032,1.45573319844
0,0.15323949216,1.45440407224,0.0847314241069,8.83824951183,1.45440407224
0,0.152847481061,1.4531347649,0.0859118710901,8.88609027294,1.4531347649
0,0.151778349841,1.45435484267,0.0841999727596,8.84403788566,1.45435484267
0,0.151699503461,1.45237136413,0.0840625902437,8.86567778393,1.45237136413
0,0.151879093268,1.45125140309,0.085160303274,8.82921328783,1.45125140309
0,0.153008308453,1.44949987207,0.0852672798593,8.82368529018,1.44949987207
0,0.15194099499,1.45112508053,0.0855291878332,8.8416066961,1.45112508053
0,0.151244527393,1.45002917433,0.0840606462353,8.82857219294,1.45002917433
0,0.151856619377,1.44893129936,0.0845242747867,8.84899657191,1.44893129936
0,0.152068242826,1.44815504266,0.0850368115069,8.87937562753,1.44815504266
0,0.151338191224,1.4480338351,0.0843882993556,8.8721222282,1.4480338351
0,0.152041197144,1.44576959131,0.0849726228399,8.86806586737,1.44576959131
0,0.152089871355,1.44650729072,0.0840091013271,8.84863974854,1.44650729072
0,0.152847797457,1.44696604518,0.0853445791635,8.86013788217,1.44696604518
0,0.152715747778,1.44549671249,0.0849021428927,8.86565831621,1.44549671249
0,0.153315836863,1.44398241178,0.0849803471891,8.88401326714,1.44398241178
0,0.15197704405,1.44388880808,0.0838766293739,8.88192946011,1.44388880808
0,0.152175220462,1.44529021729,0.0838795099809,8.85107730503,1.44529021729
0,0.153231799652,1.44204837172,0.0851362449415,8.86829172169,1.44204837172
0,0.152641353916,1.44312229876,0.0838157122655,8.86326420951,1.44312229876
0,0.15374096158,1.44085906943,0.0850702019201,8.87404240255,1.44085906943
0,0.152605845412,1.44158575228,0.0838487549109,8.87730964633,1.44158575228
0,0.152745759902,1.44024124521,0.0841330419083,8.89954194288,1.44024124521
0,0.153654449565,1.44141349884,0.0848542101323,8.87948716399,1.44141349884
0,0.152612605869,1.4382250349,0.0841663845168,8.83818893703,1.4382250349
0,0.152777749792,1.43954895943,0.0847939949971,8.86424578188,1.43954895943
0,0.151670105026,1.43919886172,0.0836085951941,8.87654754171,1.43919886172
0,0.153030802361,1.43649672853,0.0846561939018,8.8920554687,1.43649672853
0,0.152584433741,1.4383600955,0.0843419929222,8.88479942246,1.4383600955
0,0.152453461986,1.43639671999,0.084091970626,8.88367059367,1.43639671999
0,0.152093126925,1.4376581385,0.0833766572486,8.86315546151,1.4376581385
0,0.151386837782,1.43408720192,0.0833164272864,8.88275080877,1.43408720192
0,0.152105899963,1.43671145957,0.0845408277527,8.89264275215,1.43671145957
0,0.151736337549,1.43489383226,0.0831274201423,8.91535178668,1.43489383226
0,0.151334150019,1.43545616166,0.083017610866,8.90863016432,1.43545616166
0,0.15297555192,1.43636112451,0.0845527078085,8.87737832534,1.43636112451
0,0.15275202867,1.43471266788,0.0841429082686,8.87583765156,1.43471266788
0,0.152104094699,1.43301708961,0.0836992010499,8.87642050018,1.43301708961
0,0.151409563795,1.43319901636,0.0833701595392,8.86531078036,1.43319901636
0,0.152447259742,1.43136989138,0.083363791937,8.84720847519,1.43136989138
0,0.154254512407,1.43169360349,0.0847686517174,8.89313331322,1.43169360349
0,0.152257014789,1.43128698627,0.0837929968291,8.88652129102,1.43128698627
0,0.153874693917,1.43221198374,0.0845882095409,8.88972648702,1.43221198374
0,0.153134847112,1.43097844534,0.0844461667177,8.83433594935,1.43097844534
0,0.153508354998,1.42932347384,0.0843108047547,8.86493830775,1.42932347384
0,0.153333591115,1.42872618814,0.083766962956,8.8565156815,1.42872618814
0,0.153810145201,1.42945316092,0.084491131577,8.85819869759,1.42945316092
0,0.154066254621,1.42997027388,0.0844066339247,8.88617573207,1.42997027388
0,0.152786952198,1.42918610808,0.0832625696216,8.87046807049,1.42918610808
0,0.151792309079,1.42683242348,0.0833828172478,8.8491716236,1.42683242348
0,0.152379465723,1.42982820846,0.0840930912032,8.88839889148,1.42982820846
0,0.152495374208,1.42773436783,0.08401795342,8.84802556361,1.42773436783
0,0.152421478781,1.42729765003,0.0834066069146,8.87379466607,1.42729765003
0,0.153146348387,1.42734453051,0.0841954299071,8.86400030054,1.42734453051
0,0.152723462712,1.42692341827,0.0837378677222,8.88313315187,1.42692341827
0,0.152990674807,1.4245645562,0.0838877906526,8.85090228326,1.4245645562
0,0.152567214881,1.42489863522,0.0838829330346,8.88134708363,1.42489863522
0,0.151647532634,1.42474911815,0.0828053036312,8.83386607343,1.42474911815
0,0.152323149466,1.42524335677,0.0843503119711,8.84886761928,1.42524335677
0,0.151798822962,1.42524582483,0.0829644374438,8.85015997717,1.42524582483
0,0.153414909594,1.42516476218,0.0844455080394,8.89303496946,1.42516476218
0,0.153103539204,1.42178929732,0.0843496075144,8.85958808402,1.42178929732
0,0.152246123189,1.42392265133,0.0831955227488,8.86609227003,1.42392265133
0,0.151212109373,1.42351956853,0.083036116675,8.87097928786,1.42351956853
0,0.151652202035,1.42323227101,0.0829161384806,8.8327465807,1.42323227101
0,0.15201994883,1.42360608276,0.0830565823202,8.81845190108,1.42360608276
0,0.15292125157,1.42065196802,0.0842760212435,8.83204690557,1.42065196802
0,0.153271161502,1.41998106617,0.0843441747314,8.83929678298,1.41998106617
0,0.152572993776,1.42268507919,0.0830267653561,8.83464033757,1.42268507919
0,0.15172800486,1.42021125582,0.0831347783753,8.87449573183,1.42021125582
0,0.153023769112,1.41965756748,0.0841029417727,8.84721915967,1.41965756748
0,0.152808601954,1.41990632984,0.0833933229371,8.84546894273,1.41990632984
0,0.153984437683,1.42102943564,0.0840315864009,8.85363068953,1.42102943564
0,0.153344742472,1.4180168477,0.0838440085451,8.84315386467,1.4180168477
0,0.152655393429,1.41840763704,0.083397547614,8.83959841177,1.41840763704
0,0.152435651861,1.41937565824,0.0827978727582,8.85877053135,1.41937565824
0,0.152578804117,1.41855344713,0.0838611740032,8.85791555945,1.41855344713
0,0.153358663888,1.41986352022,0.0837501685937,8.85837668592,1.41986352022
0,0.152592655833,1.41704919183,0.0839644944786,8.8472591979,1.41704919183
0,0.151992859359,1.41635356153,0.083160775329,8.82078899098,1.41635356153
0,0.152549893022,1.41775923449,0.0826428157106,8.84268612238,1.41775923449
0,0.152623089589,1.41551249441,0.0838086386126,8.85174041559,1.41551249441
0,0.152655474953,1.41676145557,0.0839574444378,8.85286507408,1.41676145557
0,0.153503604023,1.41760771416,0.0834486967271,8.88262802316,1.41760771416
0,0.153246063795,1.41340709943,0.0837208977707,8.8404162268,1.41340709943
0,0.153506676949,1.41578449939,0.0839969988906,8.84496362084,1.41578449939
0,0.153710636383,1.41474733021,0.083675804324,8.88465097719,1.41474733021
0,0.152167875375,1.41368907392,0.082554380828,8.87626884836,1.41368907392
0,0.153251177883,1.41492672215,0.0838558716733,8.87001802047,1.41492672215
0,0.152886184492,1.4129738894,0.0836975322434,8.85583962306,1.4129738894
0,0.15207518479,1.41430815235,0.0827342166162,8.83875328833,1.41430815235
0,0.152864151049,1.41391903331,0.0824106267806,8.88529115504,1.41391903331
0,0.152846078029,1.41322021416,0.0822435880997,8.88301987537,1.41322021416
0,0.153116349261,1.41304342812,0.0838740015924,8.84130390931,1.41304342812
0,0.152382260729,1.41243768804,0.0826132541544,8.88357955212,1.41243768804
0,0.153399989874,1.41234105618,0.0838317470764,8.85086026424,1.41234105618
0,0.153214671249,1.41118295049,0.0837541414212,8.869814347,1.41118295049
0,0.152933646469,1.41291040791,0.0834104111094,8.8356368778,1.41291040791
0,0.153057134641,1.41163457172,0.0833961130004,8.8381335213,1.41163457172
0,0.152718947128,1.41163376709,0.0824968805459,8.83751569296,1.41163376709
0,0.153125670789,1.40962158379,0.0831945318339,8.8689573036,1.40962158379
0,0.153816001604,1.4108682923,0.0838148914166,8.84365349148,1.4108682923
0,0.153113062282,1.40913289252,0.0831007508323,8.86878249784,1.40913289252
0,0.152037074737,1.40970187173,0.0824395732253,8.86145467178,1.40970187173
0,0.152577584112,1.40975779307,0.0827067898676,8.89251126681,1.40975779307
0,0.152654430315,1.40780532816,0.0831450994681,8.86714496914,1.40780532816
0,0.152372675872,1.40896929553,0.0824718769164,8.85878968512,1.40896929553
0,0.152454095026,1.4099195184,0.0826976738907,8.8868313365,1.4099195184
0,0.152984608243,1.40843847948,0.0828701868085,8.90677569056,1.40843847948
0,0.152915355751,1.40752987822,0.0819478012362,8.89255810352,1.40752987822
