epoch,generator_TD_Dense_0_loss,loss,model_1_loss,model_2_loss_1,model_2_loss_2
0,0.111164675312,0.476103439709,0.114634194876,8.47539202025,7.40993986565
0,0.124369047916,0.380338559074,0.148105157944,7.06862655578,5.24375921988
0,0.129256592016,0.353444919558,0.155514970941,6.66213331462,4.61302310272
0,0.134050097978,0.348360906798,0.15876341542,6.73390148938,4.42026625013
0,0.149629549057,0.356897317245,0.162657727921,6.77664834904,4.29498488929
0,0.149018341308,0.35192927731,0.163435759458,6.83577087134,4.20723702498
0,0.150218185995,0.349825676731,0.166398800872,6.84961496263,4.14236797745
0,0.161067112267,0.357205013631,0.171319071185,6.82180887716,4.08382513128
0,0.15845503642,0.351612528274,0.172387027523,6.79988695735,4.02160485346
0,0.164569581227,0.354517557719,0.176711357253,6.76049650033,3.96352908807
0,0.171078381773,0.357706763866,0.180884718648,6.76726183028,3.90364599954
0,0.175866558159,0.360050328145,0.185961302018,6.49169302846,3.85954194249
0,0.172722127752,0.355328864953,0.186718373329,6.53703219771,3.82485684823
0,0.184855102208,0.365441418366,0.192769594453,6.47045525547,3.79658142079
0,0.167765379842,0.347998645811,0.189412622878,6.46608389558,3.77243068334
0,0.175830177629,0.354605261055,0.192179709599,6.4684227656,3.75133181997
0,0.180928770162,0.358629806173,0.194848743219,6.49853393273,3.734949473
0,0.183227467077,0.359982768407,0.196306342855,6.51147516587,3.71833348169
0,0.185364042373,0.361283608411,0.198708198038,6.51247536536,3.70375535792
0,0.178071607504,0.353438172903,0.19611046845,6.48805705614,3.68540289261
0,0.180016600102,0.337390561007,0.200138762198,6.24022753143,3.32749580249
0,0.190347812835,0.338882243795,0.202727456072,6.06282889964,3.16103643271
0,0.180314893351,0.327969117481,0.20272978048,6.09000288492,3.13339935704
0,0.17151908191,0.317953432556,0.201999420427,5.93634533858,3.10020608874
0,0.184351433248,0.329437909074,0.208500926916,5.93675415911,3.08608095264
0,0.178579833772,0.322999242359,0.206193253818,5.93968574356,3.06696799845
0,0.189018508738,0.332333983404,0.211822017533,5.92483029584,3.05532800028
0,0.179097700475,0.322307799359,0.208918857041,5.88085133603,3.0432996757
0,0.168738972562,0.311795739204,0.210610155121,5.73425111553,3.02987427015
0,0.171251484781,0.313871040978,0.216385952078,5.71444429686,3.02364259878
0,0.17033370331,0.312369895524,0.215724618429,5.68900778738,3.01105753925
0,0.171787598907,0.313349650919,0.220008535493,5.72564916719,3.00302863
0,0.174469925377,0.315448192589,0.220372515754,5.69164819416,2.99403527117
0,0.174514643737,0.31527016044,0.223466467378,5.71165879359,2.98962497492
0,0.170107268551,0.310287988638,0.221654137173,5.6548025877,2.97372168117
0,0.179582089853,0.319092317047,0.227001708192,5.71606399006,2.96978663848
0,0.171885722757,0.306926056156,0.224494993983,5.58752190507,2.87269237358
0,0.180446507153,0.277044897615,0.231953765697,4.96976940807,2.11241432385
0,0.177427164531,0.269161583597,0.232091647031,4.94772489968,2.0121155673
0,0.180236053086,0.270150154045,0.236690468159,4.95659708608,1.9785180854
0,0.182627506739,0.27157562224,0.237635876088,4.90556067967,1.96158982456
0,0.180232692244,0.26844885265,0.237316824928,4.92306164436,1.94455591011
0,0.184420025344,0.271750399928,0.242131515794,4.9208708744,1.93102752545
0,0.185774222807,0.27263982209,0.244128058428,4.91891763751,1.92308623261
0,0.186965211361,0.273219972357,0.245186532809,4.97126781599,1.91206044691
0,0.188973570419,0.274727960252,0.247518237921,4.91659347398,1.9040613929
0,0.191288493314,0.276456114928,0.248730311668,4.89622850828,1.89464093566
0,0.193911355353,0.278626286688,0.25208378105,4.86586418297,1.88821000439
0,0.191719957128,0.276176190592,0.255872840559,4.81554538724,1.88084464179
0,0.183256563213,0.267662368162,0.256808401513,4.65801804633,1.87137266183
0,0.185151445974,0.269240772521,0.259744130656,4.65771418066,1.86693799027
0,0.182452255245,0.266310082579,0.261491976147,4.60990047615,1.85960882162
0,0.172349622433,0.256510316802,0.25848655205,4.60308191058,1.85556351341
0,0.173267066466,0.257077075807,0.260274049284,4.53809666802,1.84946726434
0,0.176369989034,0.259870092098,0.26355147211,4.53651392979,1.84637206645
0,0.179789987543,0.262820060384,0.268752638232,4.52384753192,1.84039145774
0,0.184536602663,0.267232136918,0.273820826416,4.54149756274,1.83844729946
0,0.179994218373,0.26233684549,0.273050631654,4.51716126275,1.82684677364
0,0.187832900343,0.269635942102,0.280032078845,4.51793622587,1.82389375342
0,0.182067566769,0.264009467273,0.276305075778,4.48096363224,1.82090559595
0,0.185008831186,0.266678648392,0.280149417953,4.47695948656,1.81840519386
0,0.18234545997,0.263833855603,0.280289522723,4.44607049302,1.81211339149
0,0.187985287476,0.269149634723,0.286377632771,4.44558958052,1.81127222737
0,0.191350645193,0.272204304164,0.289178949412,4.42815160042,1.808423839
0,0.185665335698,0.266537880592,0.286206828273,4.40945728392,1.80311624164
0,0.186017407163,0.266494290343,0.289280056682,4.37416521146,1.79555507495
0,0.189182095514,0.269443683675,0.293684359016,4.39137042445,1.79441387652
0,0.190283547117,0.270430218329,0.297216507407,4.38275547596,1.79321698123
0,0.197167024362,0.276635422804,0.306307924352,4.40709805417,1.786535018
0,0.189279758688,0.269022112245,0.298912121314,4.35878322834,1.78412684107
0,0.19267498493,0.272134030895,0.301823510237,4.34491065592,1.78185591539
0,0.189550119327,0.269042752411,0.299921340586,4.3294670788,1.77940280126
0,0.185930656149,0.2654239544,0.29946449053,4.31180579759,1.77579663535
0,0.191867842998,0.270687393378,0.30550249126,4.28439883428,1.7682588621
0,0.194874654214,0.273693384847,0.309362793839,4.26597854434,1.77124927631
0,0.19470363376,0.2732631067,0.309886007611,4.28519024746,1.76589310862
0,0.195003328039,0.273400239779,0.312286961039,4.25787021161,1.76294158431
0,0.196701569368,0.274696461687,0.31534480626,4.2487368756,1.75659944276
0,0.192649904546,0.270687098193,0.313113911606,4.22779208121,1.75339379324
0,0.193325766877,0.271382252173,0.314265409883,4.23472828227,1.75445548384
0,0.199411014889,0.2768425847,0.32078038675,4.22321643407,1.74804241602
0,0.194493519899,0.271988306094,0.318982262591,4.19421723806,1.74438924888
0,0.196126215271,0.273523164132,0.32224002441,4.17470819716,1.74406520982
0,0.19967606382,0.276755885356,0.326448267323,4.18305728159,1.74127252894
0,0.199362808199,0.276234568972,0.328454122763,4.16577369949,1.73679802931
0,0.194265033525,0.271174242329,0.325735011059,4.14735632063,1.7324492175
0,0.196939573409,0.273502874835,0.329087976447,4.12280392449,1.72820565076
0,0.19992630589,0.276327132827,0.332245499835,4.11591193259,1.72794286128
0,0.197334144246,0.273759952689,0.331729427845,4.10900039875,1.72585033533
0,0.198017176655,0.274234612776,0.333599232718,4.10085996634,1.72236593174
0,0.199025222244,0.27501762296,0.335638954222,4.09357458889,1.71887325857
0,0.191671028721,0.267992493642,0.333126160834,4.11049099622,1.71810034121
0,0.199999128927,0.27564416318,0.340343566429,4.05407686334,1.71289984062
0,0.198341475939,0.274029529955,0.339106605865,4.0349820805,1.71210258476
0,0.201382334108,0.276789606048,0.344471033335,4.03970314166,1.70952780051
0,0.200510491483,0.275777208256,0.343646362795,4.01618552979,1.70584485648
0,0.199877776366,0.275057437458,0.344509717343,4.01233863547,1.70347101438
0,0.198970403318,0.273999347699,0.345881521751,4.00421761147,1.69954930774
0,0.197762448495,0.272750944426,0.34798664764,4.01008041589,1.69753240122
0,0.202217003599,0.276882955564,0.350423834711,3.97104949465,1.6955360805
0,0.202286413109,0.27668960891,0.352538313883,3.96240054858,1.69035034481
0,0.201205399598,0.275758805938,0.353770728876,3.95201778803,1.69227354429
0,0.199982292295,0.274554902778,0.353081238804,3.93538930078,1.69143452846
0,0.198396839659,0.272937961677,0.352722248825,3.90711405659,1.68921929197
0,0.203564254107,0.277606986124,0.358985853432,3.91086873248,1.68441891126
0,0.20414500319,0.277961174459,0.361771791778,3.8981671477,1.68046845119
0,0.204155813723,0.277897157888,0.36197747426,3.8901463867,1.67898271358
0,0.199003199539,0.27294470809,0.359601669397,3.86401979875,1.67783338417
0,0.200137868919,0.273977325255,0.361814418687,3.86193809865,1.67692701288
0,0.202466232884,0.275971671013,0.36505987143,3.85979765261,1.6725750138
0,0.199506302304,0.273064551778,0.363292991621,3.83260258906,1.67067132647
0,0.206356318189,0.279605405969,0.370614806811,3.83110294212,1.67133808719
0,0.20273396783,0.275890573673,0.36850150278,3.81483219601,1.66586611857
0,0.202416637495,0.275780073188,0.370185414505,3.79487801474,1.6696853796
0,0.200388475314,0.273545535355,0.369356168196,3.79599518244,1.66352969902
0,0.200500380118,0.273522361423,0.370974361748,3.78858888806,1.6609400313
0,0.196999118226,0.270248088735,0.3687353919,3.77216784192,1.66197853624
0,0.199555653517,0.272422343997,0.372249707654,3.74868028968,1.6568894951
0,0.199669693709,0.272524849167,0.373435908339,3.7464563241,1.65677282534
0,0.198866075964,0.271716782065,0.374742566205,3.72932018199,1.65588021686
0,0.203697844771,0.276276697112,0.379429960231,3.73074800353,1.65527489978
0,0.198411154114,0.271127392741,0.377011426003,3.70038000982,1.65273595204
0,0.200234398468,0.272757556836,0.379342569838,3.70497268949,1.65069758674
0,0.197974515001,0.270520661826,0.378192348118,3.69949903405,1.64889747843
0,0.199004549193,0.271407855021,0.380574931404,3.68974089518,1.64707069202
0,0.198885748685,0.271305393932,0.38056677397,3.67207729989,1.64727867439
0,0.198248950255,0.270493060946,0.380594633754,3.66411074505,1.64313117592
0,0.200496887958,0.272663317139,0.384658354926,3.64634167678,1.6438254988
0,0.200225115663,0.272277427527,0.384800774343,3.63735329455,1.64127138844
0,0.197548413998,0.269770330557,0.384885419018,3.63275534636,1.64198676424
0,0.198634025,0.270583099549,0.385998616468,3.62330298012,1.6376155402
0,0.195932563685,0.267913978611,0.385862439673,3.59782541625,1.63556087795
0,0.197816516531,0.26983783788,0.388329855789,3.61985742448,1.63824296734
0,0.197420459976,0.269356259949,0.389561199578,3.58777699513,1.63613646303
0,0.196628228052,0.268446621296,0.389989279001,3.58218000543,1.63299610269
0,0.197761735142,0.269543210078,0.390731820271,3.57567446176,1.63339125327
0,0.198079353566,0.269758389376,0.393241827514,3.55421629546,1.63166008694
0,0.198249092372,0.269882744381,0.394706161016,3.55649873428,1.63092214925
0,0.194472203479,0.266247421895,0.392973145936,3.55433766808,1.62997658386
0,0.197416238203,0.268960039191,0.395160826087,3.54928823405,1.62829227802
0,0.194640938347,0.266204959063,0.394454122133,3.52309699989,1.62592137903
0,0.199209117326,0.270467372317,0.399949127564,3.52225234969,1.62437423272
0,0.196837200726,0.268278110027,0.398860669798,3.50896842308,1.62565541138
0,0.196700341221,0.267990549372,0.399423367991,3.49726991909,1.62250452212
0,0.197469249294,0.268755841831,0.401334787779,3.50105044601,1.62320111519
0,0.195832712634,0.267046576359,0.400031050788,3.49490767318,1.62011001141
0,0.197022612786,0.268230738412,0.402386641374,3.4889442414,1.62118514693
0,0.196530030537,0.267593678815,0.402734433092,3.47010162991,1.61780301263
0,0.192840806312,0.264216140861,0.401714874441,3.45691727676,1.62034752038
0,0.197674164156,0.268633512768,0.406685990332,3.45173116213,1.61686117
0,0.194456779196,0.26560102948,0.405072558183,3.45663530042,1.61734181441
0,0.194893029396,0.265809197324,0.405993890703,3.44235503248,1.61321639968
0,0.195728119481,0.266708200877,0.408774789639,3.42429420209,1.61532977409
0,0.195257377417,0.266102021936,0.408383260368,3.44065676634,1.61215028298
0,0.197044343473,0.267827652817,0.410611990672,3.41092756899,1.61271055191
0,0.194301131081,0.265206890263,0.408958944713,3.41454800354,1.61241633486
0,0.192504195802,0.263463867461,0.408856135992,3.39398967778,1.61169764225
0,0.194619688327,0.265364954042,0.411506988219,3.4005686873,1.6095250331
0,0.192530500577,0.263285585404,0.41053969696,3.38898696609,1.60763222265
0,0.196817288969,0.267255878034,0.41568377273,3.3737817169,1.60558909623
0,0.192258184278,0.263074716147,0.41197883208,3.37543346859,1.60858884933
0,0.192343369027,0.262988112206,0.411866913684,3.37076863355,1.60523825338
0,0.192333311114,0.26296225147,0.412911225067,3.36926756906,1.60491213481
0,0.193306587822,0.263832827836,0.416163135376,3.34596397655,1.60383141551
0,0.193293513449,0.263777675229,0.416753553781,3.34127244612,1.60297676401
0,0.195045087715,0.265390138025,0.419044330444,3.34755966742,1.60194611892
0,0.191483160651,0.261901652202,0.416328708677,3.31653392599,1.59985302062
0,0.191863531275,0.262426565185,0.418547419223,3.31733626222,1.60312423683
0,0.192871570044,0.263153416531,0.418899625046,3.32263929076,1.59850852011
0,0.192018321275,0.262343121331,0.418475871062,3.29952146323,1.59851433567
0,0.189803071234,0.260176739523,0.41715948212,3.31296005563,1.59727646976
0,0.190739588877,0.260991927675,0.420416648362,3.30658715947,1.59578637938
0,0.190548688223,0.260757648423,0.421090894621,3.29442234219,1.5947278954
0,0.191893378622,0.262127666188,0.422980761597,3.29099692296,1.5965791598
0,0.192301343601,0.262422031914,0.424502723994,3.28165823203,1.59471512851
0,0.189801475129,0.259923405179,0.423066425828,3.27458031078,1.59224009954
0,0.193422858741,0.263432721785,0.426130343136,3.28914788544,1.59362013349
0,0.19000989085,0.260023474651,0.425373027574,3.25756601176,1.59028159314
0,0.190784607781,0.26086842075,0.426077378725,3.25794386292,1.59246088808
0,0.192660665458,0.262515254624,0.429312341595,3.26067632355,1.58975247073
0,0.187166639772,0.257273601436,0.424078385282,3.24573282227,1.58930590359
0,0.192622697175,0.262349534749,0.430383912317,3.24125714446,1.58715947581
0,0.18866998024,0.258735628073,0.426886689999,3.23307844033,1.58998294556
0,0.188283570815,0.258211882248,0.428570396123,3.23112592772,1.58684981245
0,0.185921178009,0.255935115759,0.427749167874,3.22660718765,1.58619995416
0,0.192994346073,0.262643674948,0.433679246784,3.23166071824,1.58598094423
0,0.188992603773,0.258719462059,0.431229161831,3.21548576327,1.58352977795
0,0.188658610036,0.258537345523,0.431794089464,3.21808840057,1.58623333131
0,0.189450437651,0.259202692627,0.433799128578,3.19563106927,1.5844955483
0,0.186370708703,0.256188368885,0.431127259239,3.19165727367,1.58272393604
0,0.187304332951,0.257165074502,0.433920280801,3.1909948662,1.58451917675
0,0.190029133365,0.259551584978,0.43526679139,3.18997564782,1.5804781876
0,0.188759144958,0.258442014872,0.435649199816,3.19004862429,1.58241655652
0,0.186752309352,0.256390198685,0.434174960278,3.1748663297,1.57951012723
0,0.187614776355,0.257112899551,0.435665581604,3.18072883939,1.57757727138
0,0.186999658546,0.256736064746,0.435975329249,3.15521758065,1.58172779812
0,0.190215769519,0.259768356383,0.437296983417,3.17134285153,1.5812675184
0,0.186631824148,0.256180190149,0.437057330092,3.15066999759,1.57759914903
0,0.18843340503,0.257869319305,0.438929349777,3.14889035847,1.57715171432
0,0.185317570915,0.254976223991,0.438448390014,3.15394721113,1.57849065555
0,0.185989483697,0.255554169543,0.438729362158,3.15374207689,1.57728321891
0,0.187716429951,0.257022511512,0.43899593805,3.13460719282,1.57383807354
0,0.188201530409,0.257597044439,0.441258353034,3.13765685924,1.57611183058
0,0.188137476495,0.257373440009,0.442287451098,3.13477475963,1.57285676632
0,0.188663646233,0.25808515659,0.443502998471,3.13223375645,1.57709387002
0,0.188073301024,0.257341035096,0.443865174628,3.11920366454,1.57342801721
0,0.187027343099,0.256214097573,0.443656954352,3.11339078279,1.57076244037
0,0.186282159776,0.25561482579,0.442965706239,3.11256615862,1.57293550288
0,0.185245507194,0.254600825537,0.443732142053,3.11195268821,1.57235188308
0,0.186379384787,0.255637230412,0.445011858818,3.11350238056,1.5715363016
0,0.184527651958,0.253820260454,0.4438445104,3.0968082077,1.57037983597
0,0.187186657616,0.256292948629,0.446346715216,3.10148486467,1.56931248955
0,0.186146091565,0.255381234545,0.446635430577,3.10045567863,1.57084897264
0,0.186885633921,0.256070273368,0.447785030105,3.09396641306,1.57057844166
0,0.184485585461,0.253628099468,0.446392588997,3.07832560354,1.56733588913
0,0.187366943257,0.256352452214,0.448937286538,3.09897664033,1.56707714957
0,0.18344452268,0.252699176049,0.446746296402,3.0703083543,1.56853760487
0,0.18288226863,0.252111305186,0.4465990369,3.06972531663,1.56746302976
0,0.184094367385,0.253173474527,0.447814470055,3.06396013149,1.56567653087
0,0.185933122538,0.254939827272,0.451054891296,3.05903244975,1.56606723634
0,0.184600466519,0.253651068342,0.450273690582,3.06570268457,1.56561250622
0,0.181758337773,0.250949695915,0.448413639519,3.05431088412,1.56558551066
0,0.188160984226,0.256904783184,0.453884298183,3.07003057001,1.56303699028
0,0.183094942352,0.252251368974,0.450446885271,3.04712624857,1.5662234986
0,0.184679869124,0.253661746767,0.452216171408,3.04158929064,1.5643174461
0,0.183284113879,0.252242281136,0.451275477115,3.04610142973,1.56244747902
0,0.182937785835,0.25175139421,0.452421046312,3.03641866871,1.55920997396
0,0.180307964434,0.249373641806,0.451069183166,3.03844162177,1.56162153367
0,0.183337817392,0.252311588091,0.453307751795,3.02754444067,1.56281322268
0,0.180849483085,0.249706055887,0.451188424976,3.01571031449,1.55798095967
0,0.182736295743,0.251667725829,0.454783392091,3.01194337177,1.56136491504
0,0.183444945719,0.252269882066,0.453790784475,3.02380589836,1.55994367625
0,0.184391707083,0.253030669715,0.457134651456,3.02731007111,1.55717097507
0,0.18088405247,0.249828459381,0.453999990156,3.01916483378,1.55977219448
0,0.182294088192,0.251163426865,0.455393982912,3.00575802362,1.55968087694
0,0.183507719394,0.252108893792,0.457452386173,3.00465211502,1.55553121002
0,0.181527510162,0.25032642658,0.456137763871,2.997320138,1.55750584768
0,0.183237431185,0.251878062973,0.459061281054,2.9878926197,1.55605007893
0,0.185702372324,0.254266842123,0.46131450778,3.00200433365,1.55699178106
0,0.18221869143,0.250946811171,0.458639663399,2.98671895693,1.55678111155
0,0.178808055695,0.247708775029,0.456645786416,2.98438105266,1.55682246906
0,0.182501928081,0.251196407147,0.460057387107,2.98506291973,1.55639152343
0,0.182663711668,0.251216715575,0.460800361772,2.98529599483,1.55372380389
0,0.182467745558,0.251078128153,0.461045998542,2.97843485149,1.55467541032
0,0.181316516861,0.249950506151,0.46139041128,2.97585087227,1.55399631561
0,0.181947642051,0.250571142015,0.461281609575,2.97424842024,1.5544176506
0,0.179802402903,0.248506585286,0.461738120511,2.96635724482,1.55388605589
0,0.179826938691,0.248630441826,0.461825796917,2.97047479309,1.55589700643
0,0.182507458043,0.250928872997,0.464503481465,2.97782214495,1.55093576533
0,0.180006002881,0.248576211942,0.462355405389,2.95410650465,1.55141019471
0,0.180907899912,0.249471256793,0.462856166497,2.95222882822,1.55217504055
0,0.182673882514,0.251049157184,0.46603467586,2.94833458617,1.55017939007
0,0.181603263637,0.250102471404,0.465056861416,2.95021723778,1.55158743171
0,0.179619924667,0.248176768624,0.464461883799,2.94595661031,1.55075681271
0,0.18016357285,0.248737385302,0.464462011015,2.94777965322,1.55163984665
0,0.177712474865,0.246312909689,0.46300963541,2.93736901284,1.54972118679
0,0.180421003531,0.248900501889,0.466752001253,2.94138627977,1.55001097479
0,0.180138852169,0.248538735895,0.466402723026,2.93034801737,1.54813654637
0,0.18127714483,0.249558022139,0.467435948192,2.93946986909,1.54689470664
0,0.178179368723,0.246697941523,0.464779320987,2.93106223751,1.54855082837
0,0.178878102495,0.247338685632,0.466162034479,2.93444508643,1.54808977973
0,0.180294711223,0.248650402591,0.467956587104,2.92621994174,1.54740855326
0,0.17945550995,0.247866337503,0.469934992678,2.92809772108,1.54767207197
0,0.179764642718,0.24812461907,0.46850678038,2.91310886296,1.54696418132
0,0.176779782866,0.245239692024,0.46632828409,2.9156469837,1.54597796659
0,0.179883673268,0.248189871191,0.470348572454,2.90589412878,1.54600765105
0,0.179315003886,0.24758465874,0.468858510157,2.91148148865,1.54470811096
0,0.177649342475,0.245999554172,0.470961592634,2.90424835897,1.54465358417
0,0.17791953888,0.246304127386,0.469629074804,2.91382343068,1.54561132409
0,0.180408047849,0.248520348013,0.472870537792,2.89553274535,1.54265405913
0,0.178945897749,0.247208818353,0.470949072595,2.89811180562,1.54420432544
0,0.175588928398,0.244042385661,0.469237470607,2.90330734555,1.54465807905
0,0.180145457239,0.248282711148,0.472910256182,2.89627769552,1.54289055332
0,0.17755307125,0.245853867488,0.471203760771,2.89141867962,1.54356900807
0,0.177824200065,0.246021793345,0.472178093484,2.88200189211,1.5417760836
0,0.178256421243,0.246394200096,0.47345278784,2.89292103161,1.54101201547
0,0.17983804102,0.248030643475,0.47460435793,2.88356516273,1.54369010266
0,0.178647399641,0.24676386552,0.476173710961,2.87672085813,1.54097672096
0,0.177037436867,0.245153740775,0.472673116385,2.87825166725,1.53936353415
0,0.174461245166,0.242778188327,0.47188588878,2.86617003161,1.54080012909
0,0.177619133929,0.245785259212,0.474315183129,2.87632255067,1.54094165155
0,0.176580362133,0.244636535189,0.475428981913,2.86543613156,1.53770382859
0,0.176797568909,0.245056591698,0.474682873606,2.87884024475,1.54197804776
0,0.177896934362,0.245964055023,0.476329748804,2.87187489296,1.53923935905
0,0.176151379189,0.244317025343,0.474095655862,2.85521253915,1.53946432067
0,0.176458741846,0.244487743207,0.474544532066,2.86714261463,1.53703877948
0,0.176320234811,0.24443864914,0.476320733577,2.8533016563,1.53868853782
0,0.177329267435,0.245240168877,0.475618650219,2.86236790056,1.53554731411
0,0.18069475867,0.248654401241,0.480821588393,2.8762378815,1.5398876363
0,0.175103928257,0.24313759322,0.477395794137,2.85132471387,1.53577723325
0,0.177865752632,0.245778972039,0.478441337448,2.85021790475,1.53613014956
0,0.173011579719,0.241300763585,0.474587676389,2.84491667214,1.53879527301
0,0.174017759673,0.24206686307,0.475899429908,2.84083036529,1.53499984049
0,0.173559503102,0.24165343388,0.477087008469,2.83967337837,1.53543812627
0,0.176749791536,0.244748231276,0.479411377687,2.84932895468,1.53671861171
0,0.176367238979,0.24430547034,0.480008398122,2.83849344147,1.53513188858
0,0.174491637752,0.242482347252,0.479975074134,2.83075354204,1.53430584023
0,0.175073052211,0.243096777174,0.479528617404,2.83166067704,1.53554757697
0,0.174798479301,0.242808753152,0.479487686559,2.82525414624,1.53500396269
0,0.174239788186,0.242336459881,0.478217338844,2.82500453831,1.53617324312
0,0.172516926802,0.240625420069,0.477712804899,2.82572229024,1.53468681716
0,0.174084977242,0.242086591085,0.480309533836,2.81871434123,1.53411727219
0,0.176965456301,0.244830893738,0.482963455801,2.82270227065,1.53427422551
0,0.177467293259,0.245091470756,0.482855224985,2.81972782998,1.52995084649
0,0.171206112982,0.23934141228,0.478405698566,2.8171673037,1.53391209427
0,0.172628831174,0.240592517802,0.479825107958,2.81012761505,1.53190256868
0,0.174702729974,0.242591136671,0.482485693486,2.81393313009,1.53247088498
0,0.173953027596,0.241898913763,0.481171383292,2.81313137285,1.53287076681
0,0.171341367721,0.239450013442,0.479839998938,2.79773184681,1.53351429586
0,0.173707716945,0.241490121584,0.48326288438,2.81328543905,1.52935584094
0,0.172885174787,0.240780262929,0.483032194635,2.80101562517,1.53078693304
0,0.175023788404,0.242776620857,0.484752420663,2.79687952583,1.53008045023
0,0.172231833177,0.240269858817,0.48261098917,2.80220685055,1.53299235972
0,0.173720190268,0.241526462961,0.483213292623,2.79046092872,1.52984565549
0,0.174813787192,0.242633465542,0.484546530751,2.79805646417,1.53120737942
0,0.1747522097,0.242518042259,0.485761872275,2.78383179887,1.53006886819
0,0.172136067739,0.240042595279,0.484313979473,2.78674257119,1.53026662876
0,0.171941259422,0.239839066877,0.48324599358,2.79119595059,1.52989741157
0,0.172358221243,0.240223433669,0.484421134094,2.78169925644,1.52966249094
0,0.1727207436,0.240563769154,0.485590661936,2.78177398885,1.52958127529
0,0.173529142097,0.241314306542,0.487657434411,2.7971106825,1.52923244926
0,0.173734774279,0.241405704304,0.488261193976,2.78571051263,1.52715339396
0,0.168234778614,0.236200684218,0.482299362842,2.78720111368,1.52755289308
0,0.173012692957,0.240744788893,0.487088438043,2.77799231129,1.52765462957
0,0.17138703957,0.239261796809,0.48566241204,2.77728728459,1.52888220144
0,0.172757808286,0.240453608004,0.487975209457,2.77022722432,1.52667380739
0,0.170508116842,0.238295500809,0.486796653735,2.76862804309,1.52625581193
0,0.174996806775,0.24258222693,0.49144228853,2.77802106328,1.52670522852
0,0.172734194393,0.240386761015,0.489032776152,2.77184620393,1.52578553812
0,0.171880565769,0.239637018015,0.488936711109,2.77006736592,1.52700962336
0,0.172225268474,0.239929100258,0.490301234558,2.76731240509,1.52630192915
0,0.171434384797,0.239179801031,0.488490818745,2.74971030172,1.52634271123
0,0.171669759956,0.239396669141,0.489545087712,2.7594259288,1.52620795447
0,0.173119355901,0.240735518481,0.490096243756,2.75829555732,1.52544261895
0,0.172098214119,0.239763056954,0.490517854196,2.76006126491,1.52539508603
0,0.171468812917,0.239070530766,0.492027161875,2.75257930575,1.52350318651
0,0.170011104401,0.237736177599,0.488963656906,2.74848336582,1.52451258897
0,0.170476517706,0.23818579754,0.490769528334,2.75317826628,1.52466213191
0,0.168681353195,0.236512843607,0.488783135491,2.74652137088,1.52531117661
0,0.170503374529,0.238196125205,0.490755437322,2.74084948276,1.52435840618
0,0.171821424086,0.239371094919,0.492054896716,2.74524629446,1.52281485708
0,0.168538204535,0.236314679344,0.489442268958,2.735571781,1.52406772792
0,0.170656069038,0.238193540194,0.49258145601,2.75828753732,1.52140550997
0,0.169811664924,0.237351312535,0.490947622911,2.73367446321,1.52060463549
0,0.170301696863,0.237909933721,0.492970026597,2.73567592538,1.52246645709
0,0.170192020375,0.23777694101,0.492297336434,2.73372956986,1.52189045859
0,0.169692083291,0.237206438999,0.492069264846,2.74014490936,1.51997919698
0,0.16755135754,0.235274061306,0.490005123625,2.72557412391,1.52200543554
0,0.169661767583,0.237256750526,0.492871299806,2.72991756792,1.52156144361
0,0.169963712518,0.237518104127,0.493131207145,2.73064951834,1.52105156068
0,0.168093859791,0.235658508986,0.492440661536,2.71388642989,1.51938685738
0,0.169829774592,0.237354732494,0.494769700131,2.72552336358,1.52032894834
0,0.168553363081,0.236060384092,0.493692592454,2.71487218459,1.5186937887
0,0.170485235899,0.237954596346,0.49518199826,2.72250455049,1.51987247243
0,0.17234012214,0.239584106159,0.499503948696,2.72701126694,1.51721982242
0,0.166248807798,0.233904421627,0.491044025714,2.71030991634,1.5193611014
0,0.166879942773,0.234609128234,0.491991231987,2.72196463765,1.52146365994
0,0.170489377087,0.237894744318,0.496609953851,2.71077290644,1.51859673348
0,0.165298161346,0.233033837934,0.492277047923,2.71048991877,1.52001170227
0,0.169384156306,0.236825420408,0.496896433642,2.71773210475,1.51820945796
0,0.170293397991,0.237782168602,0.497985334044,2.71599485744,1.52006882535
0,0.167486821748,0.23482542688,0.495604230347,2.70731795077,1.5142589422
0,0.168703330134,0.236234146146,0.497579428736,2.70889350178,1.51931966036
0,0.168207468048,0.235705581175,0.497088768342,2.70435089629,1.51816973874
0,0.167810781159,0.23517024383,0.497778806619,2.70269050787,1.51500003826
0,0.166289968487,0.233694580597,0.496104497963,2.69747002962,1.51438222986
0,0.167878484412,0.235270332362,0.498035359393,2.69665317596,1.51571544899
0,0.167387648787,0.234810758277,0.496743018058,2.69978039582,1.51584984665
0,0.168279395657,0.235636556173,0.499456736332,2.68343013253,1.51542261891
0,0.167650730246,0.235131034235,0.499884551487,2.70125604688,1.5172568207
0,0.168032952444,0.23533854359,0.498820880307,2.69415821486,1.51414479103
0,0.167703317308,0.235111433984,0.498749183729,2.69560044561,1.51586566196
0,0.166733420174,0.234075790019,0.497612387584,2.68649068587,1.51358084486
0,0.167020526778,0.234338736703,0.49880820918,2.69478049211,1.51338474514
0,0.165462712076,0.232943065375,0.497128865662,2.68339818003,1.51506980047
0,0.166934559483,0.234219874655,0.49992854614,2.68814842928,1.51264087114
0,0.166775072701,0.234124279485,0.500704242123,2.68260391587,1.51375922634
0,0.166777828996,0.23406534496,0.500519895237,2.68298966871,1.51252816433
0,0.166894242254,0.234355851045,0.500931600779,2.68694528206,1.51612643447
0,0.165760266173,0.233189516569,0.500112429731,2.67553803205,1.51434529243
0,0.166972586765,0.234225606378,0.50235837352,2.66676632104,1.5120329955
0,0.163724889766,0.231224142015,0.498410163778,2.68771250763,1.51370995024
0,0.167347775059,0.234590189397,0.503726957647,2.66818471472,1.51219607875
0,0.165800462426,0.233184042018,0.501406927261,2.66966743041,1.51347207021
0,0.168812033314,0.235857660784,0.504348192593,2.6661949499,1.50972459747
0,0.164381642951,0.231713542489,0.500188762819,2.66310819326,1.51101965028
0,0.165551226975,0.232873629976,0.501006211066,2.6617850538,1.51199930918
0,0.1629810194,0.230375836348,0.499979763086,2.66967553808,1.51087737408
0,0.166784572154,0.234093626267,0.502799625124,2.66540148519,1.51296567038
0,0.162909738806,0.230209069408,0.49972222135,2.6559274835,1.50889635738
0,0.166603430599,0.233911533043,0.50386319286,2.66411477702,1.51276550067
0,0.169077334082,0.236055178906,0.506479303635,2.67289522237,1.50863423639
0,0.163114898796,0.230505153652,0.500190813447,2.66129986854,1.51092001634
0,0.163722826536,0.231013484645,0.501309627571,2.65762580917,1.50953601593
0,0.165103876929,0.232290049811,0.503473922684,2.65530414596,1.50882734484
0,0.164660657334,0.231854432227,0.503271129001,2.65206637199,1.50853616671
0,0.164631202039,0.231943548329,0.503436451972,2.64480984748,1.51087813949
0,0.163293813196,0.23063280741,0.502354600042,2.65380706515,1.51007370294
0,0.165506257643,0.232548271715,0.505036674279,2.65040037882,1.50634656404
0,0.165553259242,0.232620830957,0.504037128703,2.65562633149,1.50690470498
0,0.164639535383,0.231862112665,0.50455203682,2.64502748024,1.50909109486
0,0.165131650223,0.232253025538,0.505672447816,2.64697619806,1.50755918258
0,0.164466582029,0.2316218767,0.503870880475,2.63813728856,1.50757250074
0,0.164507633381,0.231720065992,0.505135583789,2.64090335552,1.50875631085
0,0.166434981361,0.233400901723,0.507780236984,2.64242083345,1.5057534083
0,0.163708190902,0.230838233825,0.504861120165,2.63532299179,1.50630906366
0,0.163199468669,0.23048163741,0.504815348444,2.64252778822,1.50884286472
0,0.165402853457,0.232460429546,0.505996346968,2.63520121092,1.50655439303
0,0.164746609876,0.231852113841,0.505668048143,2.63577674349,1.50685671748
0,0.162212306933,0.229311756326,0.504543035778,2.6360409775,1.50420130405
0,0.164735759088,0.231739490225,0.507912780268,2.64063327519,1.50481039696
0,0.163234882279,0.230289371954,0.505880882096,2.61946988577,1.50432468421
0,0.162556326372,0.229701069256,0.505464563223,2.6457824994,1.50545119201
0,0.163517268847,0.230612264231,0.506653151208,2.61886449944,1.50541718749
0,0.160905393733,0.228117818741,0.503375447212,2.62840322991,1.50515391605
0,0.163814482318,0.230953725011,0.507886063944,2.62316735916,1.50659933052
0,0.163072823675,0.230107028441,0.507234371025,2.63097163294,1.50375692443
0,0.16312790148,0.230271145204,0.507789350416,2.61190989297,1.50599278989
0,0.163800627253,0.230782646684,0.508633313932,2.63164910078,1.50344104654
0,0.163379955475,0.230354879122,0.508151202504,2.60818275104,1.50287844194
0,0.163569251783,0.230556951055,0.510509534954,2.61445888471,1.50332325056
0,0.164010945405,0.230994687733,0.509667365508,2.63268656885,1.50368580262
0,0.163571929272,0.230558616189,0.510531743911,2.60403529758,1.50330568371
0,0.161044227185,0.22821959021,0.50708251554,2.60618144152,1.50455151298
0,0.163065008424,0.230135169194,0.509350105354,2.61659735561,1.50446823214
0,0.161332019106,0.228335824402,0.508999097654,2.61962403353,1.50140814063
0,0.16384101664,0.230706984825,0.511961682568,2.61939107534,1.50116039169
0,0.161933916941,0.228857030244,0.507816102325,2.60305962009,1.50039618711
0,0.162975350114,0.229942900663,0.511230971485,2.60351432634,1.50232637886
0,0.161351689318,0.228360870305,0.509474187793,2.60949145409,1.50153532225
0,0.162285095597,0.229122289407,0.510321340306,2.60101241993,1.49902898182
0,0.161956949922,0.22894731799,0.509234489987,2.60529837274,1.50176431963
0,0.162555987846,0.229385059281,0.510425853887,2.59906758893,1.49913743271
0,0.161497505657,0.228385756272,0.510094732194,2.60205080359,1.49926252927
0,0.162058647345,0.228998301525,0.512337979739,2.60142617071,1.50085175849
0,0.160163514538,0.227105246779,0.509028656368,2.60045479389,1.49899816757
0,0.16245655477,0.229220377598,0.512537743421,2.60207722385,1.49773302761
0,0.158308720374,0.225377368541,0.507981655807,2.59337028808,1.49968170051
0,0.161086406244,0.22797047082,0.510139737705,2.59706925029,1.49876770399
0,0.164053120707,0.230737026072,0.515068933244,2.5928033873,1.49773124633
0,0.159584075509,0.22655694833,0.510403366923,2.59665489925,1.49904154986
0,0.163107664666,0.229937960673,0.514573021562,2.60081536641,1.49971359726
0,0.160287374868,0.227117330418,0.510291221328,2.59009602049,1.4968864906
0,0.161797831073,0.228544246011,0.512861055669,2.58050389243,1.49672614755
0,0.160639984518,0.22752102889,0.510780852035,2.58373092483,1.49826088757
0,0.159446473306,0.226412518856,0.510440478228,2.58460270768,1.49876740619
0,0.161340006536,0.228138529448,0.514295909189,2.59266330949,1.49731048825
0,0.160897016501,0.22768215912,0.512128593762,2.57445400727,1.49659988003
0,0.160202285284,0.227013152235,0.512613115421,2.58103857703,1.49641963942
0,0.158560982527,0.22541075511,0.510268960574,2.57791016261,1.49555645367
0,0.161102901804,0.227851819016,0.513287560214,2.5739524369,1.49608125847
0,0.159234332097,0.226114915403,0.510861412259,2.57685472041,1.4968459997
0,0.160999520266,0.227724294932,0.51410176154,2.57249564925,1.49549503577
0,0.160393933443,0.227108752295,0.513914533763,2.58931916778,1.4946903331
0,0.161366356843,0.22809505899,0.515079289675,2.56894402382,1.49594039662
0,0.160279416623,0.227072649167,0.513072192076,2.59199049534,1.49614407407
0,0.159901093722,0.226567479929,0.513873378337,2.57099199233,1.49322883234
0,0.160003954189,0.22671659529,0.5120652404,2.57735808455,1.4942567875
0,0.159967124647,0.226701239009,0.514591716218,2.5729925102,1.49464942017
0,0.159901689892,0.226532371202,0.513642136829,2.57227562824,1.49251531216
0,0.158837545163,0.225637275183,0.51389266894,2.56397465167,1.49483216847
0,0.161428723033,0.228064221585,0.515536735258,2.56645574015,1.49413871859
0,0.158348479007,0.225073827531,0.513751400001,2.56730501293,1.49285546097
0,0.161529734817,0.228073178339,0.517894064906,2.56420978989,1.49239861256
0,0.158839766708,0.225556897459,0.515007273129,2.56437968858,1.49318239729
0,0.158587097813,0.22525989491,0.514914260525,2.57360334372,1.49204306035
0,0.160124174806,0.22672198492,0.517402681743,2.55851780392,1.49208039474
0,0.159532422635,0.226190046902,0.516642326294,2.55993652604,1.49268491485
0,0.160548942117,0.227107058485,0.517465602452,2.57115648056,1.491711281
0,0.159421667593,0.226070786879,0.516408001853,2.55926029186,1.49240408084
0,0.158005394684,0.224588400625,0.515301525148,2.55574243365,1.48966552334
0,0.159831768764,0.22645267435,0.517304217835,2.55646613539,1.49224989643
0,0.157443618844,0.224089727659,0.513971394765,2.54841992502,1.49036580409
0,0.158268784879,0.224847472488,0.515128699652,2.55640463899,1.48984254203
0,0.158715994612,0.225307969481,0.517653049521,2.55073339186,1.49055550937
0,0.157861901592,0.224373001616,0.515442942802,2.55296018871,1.48808390981
0,0.159054652017,0.225606151792,0.517427218791,2.56344077596,1.49008464194
0,0.158943310368,0.225444950171,0.517716371598,2.55704419055,1.48897610984
0,0.158685015765,0.225270809768,0.517939625688,2.54553176965,1.49040091221
0,0.158115864282,0.22463516284,0.517282418054,2.54779813485,1.48850183482
0,0.15791715427,0.224412263358,0.517317345239,2.55415677661,1.48781933413
0,0.15981223884,0.226340764954,0.518585350927,2.55308466924,1.49038277119
0,0.156894819975,0.223570558655,0.515461786865,2.54790174831,1.49040960075
0,0.1562210133,0.222912582644,0.515663085885,2.53250044552,1.49005242157
0,0.158237465418,0.224725021125,0.518142479421,2.54747511443,1.48798858463
0,0.157025923962,0.223562974524,0.517585572566,2.54412810518,1.48776694986
0,0.157747140336,0.224267303199,0.517513771259,2.55087525778,1.4881504148
0,0.159495761763,0.225842551078,0.519604039825,2.54228866269,1.48643156869
0,0.157438073103,0.223937791385,0.517608349448,2.53440866335,1.48743243307
0,0.157659780562,0.224169000567,0.51874657729,2.53492778902,1.48784418346
0,0.157583912906,0.223970346683,0.517294975903,2.54001734416,1.48531260858
0,0.157746878615,0.224241874664,0.519941018391,2.54450914187,1.48764680745
0,0.155967518057,0.222471389898,0.517514919365,2.53110804332,1.48604496897
0,0.156372287973,0.222810999728,0.517607691721,2.53302744983,1.48514652455
0,0.157491110241,0.223875044769,0.519679078465,2.53267792368,1.48516980839
0,0.16022766788,0.226584088558,0.523107824387,2.53382395613,1.48735609994
0,0.155833944011,0.222233166318,0.518021606094,2.52531923221,1.48381840931
0,0.158170314113,0.224501206532,0.518812194491,2.52701112609,1.48478817645
0,0.156823791366,0.223268512144,0.520391831499,2.52747926353,1.4857182243
0,0.155606726484,0.22198448932,0.517454143336,2.53154699007,1.48316200906
0,0.156123926143,0.222510267681,0.519084693583,2.53363326514,1.48385077027
0,0.15668162187,0.223010543927,0.519222747924,2.52759005594,1.48326007775
0,0.155494013174,0.221903626053,0.519491519995,2.52301160159,1.4836862704
0,0.154711799588,0.221135230957,0.516009253797,2.53191868476,1.48318043995
0,0.156039136942,0.222338622913,0.517849001669,2.53825982204,1.48202886171
0,0.15831988531,0.224484919737,0.522254632134,2.52427116906,1.481620589
0,0.156963191704,0.223309043587,0.519464949273,2.53385492608,1.4838802511
0,0.156100476398,0.222407580912,0.519444068026,2.52047040281,1.48224257987
0,0.157680314065,0.223891169848,0.521377516969,2.53235468211,1.48189743331
0,0.154876919318,0.22116040256,0.518452766572,2.51782810773,1.48054660234
0,0.157140041935,0.223380590677,0.520635593936,2.52081496976,1.48195104015
0,0.157475538119,0.223668660696,0.521699361293,2.5181306635,1.4813379919
0,0.155366425824,0.22166973203,0.519811752177,2.51265211018,1.48143255783
0,0.158710363727,0.224864215747,0.523877985145,2.52083273314,1.48178742862
0,0.153576297831,0.219931694329,0.517816136478,2.53749664956,1.48068424716
0,0.155224351283,0.221535381421,0.520387855039,2.51612760118,1.48144496612
0,0.157563751845,0.223737308348,0.522460920993,2.51876311252,1.48103489939
0,0.153930632802,0.220273368227,0.518078343439,2.51908071971,1.48078534268
0,0.155051208217,0.221337013378,0.521058986288,2.51036440995,1.4807673203
0,0.15270619061,0.219004089003,0.516951170331,2.51809325304,1.47866417539
0,0.156533735519,0.222658827806,0.521165069557,2.50914008996,1.47903559914
0,0.155433436272,0.221590994661,0.520294231018,2.51142312472,1.47858459425
0,0.154410010979,0.22054117405,0.520787463012,2.51131290575,1.47703328604
0,0.154425024949,0.220640983616,0.520372455739,2.50727250588,1.47874421078
0,0.153517076872,0.219769130842,0.5191471893,2.50773939056,1.47855816636
0,0.155107844046,0.221277653438,0.521951449402,2.51235720992,1.47850403949
0,0.154239941209,0.220389910548,0.519794345891,2.51581355568,1.47723935503
0,0.154303526194,0.220500102162,0.521099683608,2.50560741808,1.47823505329
0,0.152604860836,0.218732465504,0.51883713523,2.49526170529,1.47515697503
0,0.15250408453,0.21877454266,0.519549646336,2.52243472404,1.47791325504
0,0.15556861648,0.221541763853,0.522771458325,2.49223195452,1.47503157051
0,0.156191665092,0.222104055156,0.52291614603,2.50524800641,1.47443947943
0,0.152561556072,0.218825614895,0.519262055951,2.51506682311,1.47784274637
0,0.155837223416,0.221812518971,0.52521060375,2.49475147256,1.47534314079
0,0.156066704387,0.222101443274,0.524170158317,2.49948654258,1.4767614927
0,0.154260089111,0.220341819591,0.521980762037,2.49300302128,1.47589472261
0,0.153430463725,0.219505233583,0.520768886775,2.48971086714,1.47492587854
0,0.151423350755,0.217576087052,0.519196619491,2.51228266154,1.47447810221
0,0.154733923797,0.220620095905,0.523198188488,2.50072903508,1.47245738894
0,0.155605498349,0.221592030848,0.523515333781,2.5016759746,1.47533615747
0,0.153105197101,0.219139424382,0.520320762202,2.4939620007,1.47378977224
0,0.153439877403,0.219454288027,0.521886338939,2.50901747911,1.47372811743
0,0.153809069018,0.219825968052,0.522378378049,2.48946007297,1.47414705361
0,0.152299399041,0.218446063166,0.521413317861,2.48284713958,1.47523270049
0,0.155584853569,0.22143370863,0.525667560091,2.48975729093,1.47256196608
0,0.152185449738,0.218182007847,0.520812858001,2.49651865218,1.47211661796
0,0.152576789445,0.218597001908,0.521100495783,2.48898132958,1.47298105647
0,0.153416519117,0.21930202629,0.523679780229,2.49351415465,1.4711266687
0,0.153167857867,0.219047135171,0.522148956064,2.49060248672,1.47075342284
0,0.153746763606,0.219544704526,0.524362854351,2.48032893716,1.4697056137
0,0.153608170204,0.219563681091,0.523726953845,2.48722060287,1.47271841194
0,0.154017822289,0.219877972365,0.522757903458,2.49053534879,1.47122083706
0,0.151422903646,0.217375952578,0.521547744375,2.47295857559,1.47048390275
0,0.153312032125,0.219148325566,0.523056387012,2.48538635929,1.4700379073
0,0.153049114097,0.218922792568,0.523905415786,2.48789620094,1.47052270074
0,0.15320677776,0.219057608667,0.523227888949,2.4822161042,1.47022340348
0,0.154610518162,0.220279195848,0.526582751405,2.48136505449,1.46798408928
0,0.153021251323,0.218917655976,0.522802193169,2.47869921237,1.470949356
0,0.153584402135,0.219473783116,0.525643682253,2.47227923247,1.4713720256
0,0.152905906944,0.218674492666,0.523467637957,2.49072843994,1.4682776387
0,0.153296648616,0.219107622729,0.525621516886,2.48278254422,1.46951614363
0,0.152545655384,0.218486498088,0.524491769955,2.47812728365,1.47136252605
0,0.152267070799,0.218119950069,0.523217635961,2.47088339342,1.46932467389
0,0.158344008535,0.223915958436,0.53026334593,2.50501683162,1.46978302469
0,0.1520784873,0.217834199536,0.52403818103,2.46152739189,1.46719275867
0,0.151543075555,0.217358643502,0.522821587808,2.48461479704,1.4678544534
0,0.152461083411,0.218179730771,0.524426805044,2.46884032017,1.46683404143
0,0.151482683447,0.21724649091,0.523811328569,2.47512778828,1.46675885227
0,0.154423087477,0.220126590439,0.528022294367,2.47367081097,1.46849315896
0,0.151767572521,0.217578629508,0.523245057409,2.46519203232,1.46798872453
0,0.151248417288,0.217049609743,0.524480851432,2.48040821869,1.46727228263
0,0.150816245335,0.216563379538,0.523934210118,2.46770406795,1.46575894168
0,0.152813954535,0.218478454657,0.527153238234,2.48122060283,1.46610397125
0,0.151056068367,0.216869533533,0.523827183405,2.46215167164,1.4673253935
0,0.150829883716,0.216546129865,0.523314978106,2.47545812394,1.46515482247
0,0.15279687542,0.218530540303,0.526583507929,2.46608816882,1.4674701798
0,0.152000178313,0.217740683153,0.524844544444,2.46023165783,1.46681028849
0,0.154077608182,0.219561484479,0.527716952424,2.48307484099,1.46375514366
0,0.150577316892,0.216286059618,0.524702832375,2.46280244897,1.4647521828
0,0.151203321778,0.216910554735,0.52379289655,2.46175279601,1.46534798519
0,0.151662576419,0.217331877187,0.526714747867,2.46994399466,1.46504861373
0,0.151128546973,0.216741207488,0.525053061458,2.46072958007,1.46338179136
0,0.151891739647,0.217554333756,0.526796937532,2.46961576049,1.46514363668
0,0.151063785006,0.216635982629,0.525400596768,2.45665698518,1.46250775054
0,0.150906072389,0.2166745648,0.52574092387,2.46922363045,1.46627594551
0,0.152750078224,0.218249220497,0.527323921571,2.4632272588,1.4627329353
0,0.151501439833,0.217086314339,0.527348140727,2.45553393274,1.46319894271
0,0.15098678758,0.216534170188,0.525523149601,2.46525012983,1.46193446042
0,0.152791322427,0.218363076115,0.52878667985,2.45976826281,1.46422640199
0,0.149943941095,0.215559905327,0.524300537052,2.46231799395,1.46226323352
0,0.151863670369,0.217466021172,0.527380364501,2.45909355177,1.46391070179
0,0.151235784514,0.216810508112,0.527477563119,2.46104445747,1.46273026602
0,0.150918406992,0.216436703359,0.525876390499,2.4634498149,1.46128435115
0,0.151086756209,0.216693718038,0.526457051782,2.44880984503,1.46322601184
0,0.149298616965,0.214749939079,0.524593834656,2.44901408745,1.45832506297
0,0.150546854124,0.216116458017,0.526040796123,2.44632210774,1.46193893267
0,0.150459653492,0.216021475198,0.526438119548,2.46488931774,1.46169609168
0,0.152435277973,0.217889703804,0.529617058944,2.45334286198,1.46152379608
0,0.1500276574,0.21561618361,0.525808535652,2.45257896838,1.46179819759
0,0.150023149379,0.215468428699,0.525735278035,2.44703524032,1.45892874971
0,0.149577053761,0.215220709128,0.525847199446,2.46088393264,1.46245017605
0,0.14821495285,0.213807046868,0.524907791051,2.44501406106,1.460056851
0,0.15008651569,0.215681165367,0.527162746905,2.45052122994,1.46197953147
0,0.149136916495,0.214679111244,0.526673005193,2.4475808139,1.45998082568
0,0.15004216158,0.215495706108,0.527649433854,2.45689912617,1.45911306113
0,0.149479909829,0.214958451253,0.526400726579,2.44665254647,1.45905074117
0,0.151268516125,0.216606874858,0.527324481341,2.44829926412,1.45803569721
0,0.151667848798,0.216996340535,0.529982381298,2.44840455365,1.45823769284
0,0.150431371484,0.215876145786,0.528774287076,2.44698587211,1.45932686677
0,0.149326753199,0.214778196963,0.526770274289,2.44817904079,1.4583556468
0,0.149860169992,0.215301660788,0.527358312265,2.4435716471,1.45869000181
0,0.14994119193,0.215310592068,0.527725609035,2.46012055854,1.45732920279
0,0.150155306962,0.215527727367,0.527316262819,2.44527174279,1.45760373484
0,0.149101301311,0.214461320112,0.526808946089,2.44480035212,1.45630169992
0,0.150539442588,0.215891166866,0.528270536098,2.44903801463,1.4575739541
0,0.148108174997,0.213520015221,0.525851652347,2.4295611624,1.45634498379
0,0.148942251246,0.214321208642,0.526648931391,2.44465826012,1.45652140499
0,0.150666038566,0.21584719352,0.52797058022,2.43745756675,1.45428915886
0,0.147328258945,0.212828705542,0.525964994731,2.42511303834,1.45733719705
0,0.151010335171,0.216273540206,0.529557772438,2.44559171691,1.45627443952
0,0.148913223574,0.21429627697,0.526908533638,2.43143593711,1.45657431566
0,0.150562196575,0.215802326398,0.529419583567,2.43928911143,1.45536478772
0,0.149505508467,0.214842395353,0.528890628374,2.44115559499,1.45624325943
0,0.149756458429,0.215048893738,0.528903171395,2.43731735242,1.45560517534
0,0.148656956061,0.213994306498,0.528497750486,2.43570803061,1.45540396099
0,0.148516439643,0.213868189343,0.527545943041,2.42869568146,1.45555144092
0,0.148870643642,0.214212713726,0.528538288811,2.4364722773,1.45571206425
0,0.151087133384,0.216314547112,0.53125820671,2.45258276196,1.45563543347
0,0.148870283308,0.21411352224,0.528749597162,2.42798638422,1.45373507896
0,0.150115369601,0.215400577585,0.530965514395,2.42926817353,1.45581955158
0,0.147730879881,0.213043944304,0.527259083925,2.43833253957,1.45399217334
0,0.147206769357,0.212561815513,0.527505167829,2.43548267323,1.45430771118
0,0.150689836066,0.215833873354,0.530734154765,2.44017777861,1.45357059995
0,0.147300262171,0.212631143876,0.526980684616,2.42420539716,1.453917913
0,0.147461914045,0.212741393967,0.526755771085,2.43919158207,1.45305153073
0,0.150560663102,0.215534999202,0.530655796898,2.43052409397,1.45004739727
0,0.148088020583,0.21335716136,0.527760018658,2.44387763362,1.45347084173
0,0.148989400572,0.214201191933,0.52916659269,2.4161689402,1.45322525061
0,0.148800098333,0.21405661576,0.530159113864,2.42739020852,1.45393045205
0,0.147945839337,0.213148313898,0.528684378856,2.4236849288,1.45199534158
0,0.147741240834,0.212943186944,0.528285436518,2.43697964251,1.45178016528
0,0.149776417138,0.214930755549,0.531148729089,2.42765870318,1.45286319112
0,0.146928698282,0.21216912381,0.52849656556,2.42122689085,1.45173721162
0,0.150141669953,0.215268701124,0.532514118091,2.4238678041,1.45268230616
0,0.147521263875,0.212717956533,0.528416429932,2.41319421386,1.45145513831
0,0.147896963504,0.213087671458,0.528939809817,2.43574390835,1.4517111408
0,0.148332858733,0.21348025889,0.52944255488,2.42679432646,1.45128088238
0,0.146865546864,0.211921783027,0.528378632581,2.41740944524,1.44799027655
0,0.148392006594,0.213595134088,0.528412273373,2.42497129568,1.45245456421
0,0.146559073644,0.211803182618,0.529483897472,2.4160372258,1.45144126329
0,0.14651489117,0.211669776606,0.527282346689,2.42174919126,1.44961262138
0,0.149996547075,0.215094606444,0.531631059562,2.42680243399,1.45195774567
0,0.147638451574,0.212755324278,0.52870606353,2.42253952155,1.44997590884
0,0.147256526472,0.212419336492,0.530702557977,2.42195957177,1.45051272429
0,0.148477745899,0.213532413046,0.530563625431,2.41415863659,1.44957110426
0,0.149189337927,0.214278391006,0.530966045647,2.42310356659,1.45097041335
0,0.147601949005,0.212550274313,0.52891572104,2.42195041704,1.44656846351
0,0.147742148297,0.212847488307,0.529708032535,2.41876650584,1.44984895987
0,0.147146408361,0.2122053611,0.529279613475,2.41917865269,1.4483254905
0,0.146529411709,0.21166268541,0.529215230722,2.40773304639,1.4491948969
0,0.145990141082,0.211156241362,0.528723238416,2.41207811194,1.44931215173
0,0.147899693913,0.212861155085,0.529964078965,2.41737679169,1.44712893735
0,0.145819255183,0.210955687202,0.528159000783,2.40500303116,1.44854791222
0,0.147776275589,0.212720318952,0.531093405847,2.40778810973,1.4466571588
0,0.148398859621,0.213341069264,0.531366496982,2.40607399357,1.44724307467
0,0.145195332543,0.210309029299,0.527274685762,2.40829985304,1.44746928573
0,0.147178974256,0.212284243555,0.530968299602,2.40373871378,1.44928437122
0,0.147652588006,0.212605680235,0.531508457058,2.41375342248,1.44671444707
0,0.147276574687,0.212203793185,0.531252029375,2.40512425925,1.44582095441
0,0.14592267175,0.211053121049,0.530131751675,2.41147594227,1.44853166915
0,0.146797160147,0.21167810677,0.530409628034,2.40454411176,1.44441610308
0,0.148744090465,0.213687283453,0.53337036644,2.40582196871,1.4476079696
0,0.144660791713,0.209765321455,0.527700196352,2.40727459581,1.4467513862
0,0.148808390112,0.213695991595,0.533696455594,2.4136628813,1.44656043098
0,0.147498634275,0.212426150964,0.532759349194,2.4023475557,1.44604898531
0,0.145365327387,0.210490339132,0.529968153383,2.41138279308,1.44786556524
0,0.146769667653,0.211717605719,0.53117869614,2.41026599532,1.44572844013
0,0.146599802372,0.211667491844,0.531153311283,2.40315399781,1.44795360116
0,0.145980523705,0.210885514505,0.532017852141,2.41878390194,1.4440803548
0,0.148208268061,0.213109340536,0.533484410142,2.40176670095,1.44622973535
0,0.14675829609,0.211685528646,0.531523162749,2.40183437479,1.44530296996
0,0.147081046259,0.211948792398,0.53245641773,2.39845302488,1.4444359877
0,0.145914954876,0.21089763915,0.530232803096,2.39977162619,1.44556865593
0,0.146903038828,0.211802047089,0.532813028663,2.39672146503,1.44488321711
0,0.14547801344,0.210509541166,0.530815270756,2.40926131721,1.44610859426
0,0.149364298565,0.214061448397,0.535622388421,2.40375161114,1.44330731635
0,0.14401956382,0.209029440908,0.528672510712,2.40020435961,1.44421710777
0,0.146159538347,0.21109968167,0.530900482712,2.40591311372,1.44496242304
0,0.147319817387,0.212204360554,0.533886634592,2.39731559021,1.44501070587
0,0.144503387238,0.209464882997,0.530569938828,2.39306765818,1.44373332659
0,0.147557699228,0.212414984246,0.533668755892,2.3967753252,1.44470341807
0,0.145294809136,0.210114546125,0.531623904385,2.3954631745,1.44168956151
0,0.147357222169,0.212187344788,0.533620313724,2.40230826336,1.44395968699
0,0.144691659073,0.209635324687,0.530384380624,2.39336839547,1.44356498812
0,0.145438535778,0.210286954619,0.530580954864,2.39841716575,1.44240692903
0,0.148080551049,0.212789937188,0.53542405184,2.39213852559,1.44226828622
0,0.144212921905,0.209123531392,0.529496200543,2.39118906831,1.44242510981
0,0.147035766127,0.211775673795,0.5350867368,2.39939107282,1.44183392817
0,0.146393675623,0.211208529115,0.534252342597,2.39371340837,1.44269075929
0,0.144321375089,0.20926126529,0.531131618404,2.3971853454,1.44311918502
0,0.147279897597,0.212043159993,0.536309257323,2.40025900756,1.4425451512
0,0.146372641781,0.211072852602,0.53361986491,2.39389029069,1.44037686463
0,0.148886751699,0.213505483836,0.537209973802,2.3936286641,1.44126140077
0,0.144936137593,0.209760689938,0.531104769082,2.39224768244,1.441427192
0,0.144630412001,0.209491973786,0.532238686856,2.38971163548,1.44186166013
0,0.145225599124,0.209926535048,0.531927269687,2.39141447253,1.4392443235
0,0.144125589511,0.208936150728,0.532628134115,2.3837061901,1.44033683056
0,0.146124478633,0.21091887215,0.53360608314,2.38875332828,1.44201237044
0,0.144994237208,0.209703486186,0.532751077147,2.38918296598,1.43917924417
0,0.143840739247,0.208657490168,0.531043269988,2.3880829808,1.44017577004
0,0.145555248456,0.210323207373,0.532402112166,2.39268975021,1.44091444001
0,0.144325834824,0.20907810794,0.531922433952,2.38466431928,1.43937130705
0,0.143603536855,0.208339257121,0.531828330623,2.39129883189,1.43831795497
0,0.14537931162,0.210139406732,0.533854589039,2.39031037941,1.44058122521
0,0.145739952649,0.210407128305,0.533742358485,2.38530112497,1.43908348324
0,0.147036022931,0.21168821041,0.535425289254,2.388544576,1.44007978338
0,0.146441802889,0.211030726442,0.535241701364,2.38137714186,1.43822027476
0,0.143749099503,0.208429661155,0.530579997186,2.3891972671,1.4373603396
0,0.144698256173,0.209431379188,0.533161928306,2.38809527792,1.43936072658
0,0.144884784275,0.209593747413,0.533584106967,2.38261690284,1.43906406167
0,0.145270847674,0.209976993022,0.535384187305,2.3802720439,1.43939376481
0,0.143947341141,0.208644824451,0.533142221409,2.38779119125,1.43789702863
0,0.14538202268,0.210036530684,0.533136160071,2.37602690444,1.43847219938
0,0.144794989223,0.209576933926,0.535392441708,2.3769820671,1.44043388515
0,0.144802373094,0.209572464344,0.532085381337,2.38159563086,1.44020421504
0,0.14546334426,0.209913266763,0.535608925976,2.37716259726,1.43446181245
0,0.144862259008,0.209537263392,0.534950824173,2.39012436543,1.43836236163
0,0.147032901731,0.211623053637,0.537111754688,2.37975626848,1.43883594691
0,0.145362806051,0.209970132892,0.535537347568,2.38402469795,1.43750935833
0,0.142683298965,0.207372361109,0.530487550926,2.38526418071,1.43646455071
0,0.145455648057,0.210040387178,0.535800699126,2.36898810025,1.43715045326
0,0.143697567494,0.208352373395,0.534243924207,2.37761460985,1.43679369894
0,0.145949330928,0.210628269016,0.535893113261,2.3847209539,1.43952811221
0,0.14423632067,0.208890474489,0.534845422058,2.37102261453,1.437319423
0,0.144779895582,0.209410469922,0.534266975685,2.37182809182,1.43739139491
0,0.145964064865,0.210495889646,0.536024272343,2.37511303114,1.43660056887
0,0.14390778932,0.208544489847,0.534337264981,2.37735837981,1.43664181894
0,0.143445428949,0.208033878259,0.534300246988,2.3755148644,1.43521443852
0,0.144893396491,0.209391701027,0.535496608634,2.36993164756,1.43485950839
0,0.143071993988,0.207659585107,0.533474599742,2.37416211595,1.43482382269
0,0.144431865556,0.209018148306,0.535061676654,2.37775965915,1.43615753747
0,0.144409092307,0.208952878565,0.534769675032,2.36511883758,1.43528482866
0,0.143120502902,0.207773407511,0.533982585417,2.37487380991,1.43617861243
0,0.145975250275,0.210446785543,0.537944930999,2.38199768903,1.43540597278
0,0.144198025476,0.208749000885,0.535123826012,2.36777358676,1.4352175534
0,0.144040499395,0.208633583653,0.534805093041,2.36492456211,1.43590220112
0,0.144508966228,0.209033412646,0.535742725059,2.37616202985,1.43499790548
0,0.145279311743,0.209773820913,0.53752382023,2.37613887012,1.43516951395
0,0.143597716889,0.208124120657,0.533932311519,2.36280020229,1.43412581016
0,0.143085831335,0.207649196061,0.533884021378,2.37730724966,1.43435316257
0,0.144356434532,0.208848059358,0.534929210768,2.36851431923,1.43418895173
0,0.143336132873,0.207947806423,0.534867610208,2.36710481319,1.435569616
0,0.144717245355,0.209186105885,0.535669742433,2.36438256389,1.43409446024
0,0.14336120105,0.207840515326,0.534257420902,2.37368217552,1.43294749442
0,0.14457376258,0.208977068423,0.536167081266,2.36761737338,1.43263988761
0,0.145699685943,0.21010013767,0.538129145381,2.38146415744,1.43370873108
0,0.142545868249,0.207090991602,0.532961012564,2.36358934484,1.43344835806
0,0.142658759767,0.207118867269,0.534982355525,2.36083270877,1.43186092315
0,0.143322337067,0.207857609943,0.535031924101,2.36609528943,1.43402780451
0,0.141736568491,0.206376408859,0.532567098613,2.36043568779,1.4345333965
0,0.143208017631,0.207630191869,0.536375153816,2.36539729835,1.43165150949
0,0.143377062508,0.20787575187,0.536211977897,2.36377801968,1.43335086105
0,0.143437981593,0.207884032589,0.536444488598,2.36122445208,1.4323590049
0,0.143689173359,0.208069513162,0.535469955226,2.35825251053,1.43129598474
0,0.143074417502,0.20752654411,0.536092496778,2.36539756142,1.4321169629
0,0.142611137448,0.207131565879,0.534986992232,2.35379825822,1.43301971015
0,0.144045837026,0.208445524974,0.53845580582,2.36459893836,1.43203961223
0,0.14215217055,0.206587084685,0.534508075584,2.35288697599,1.43085047516
0,0.14386782317,0.20832148383,0.536017780132,2.36795626819,1.43294105663
0,0.141266218441,0.205824203854,0.533540223912,2.35660476547,1.43242594685
0,0.142474035632,0.206975344271,0.535077087915,2.36125725198,1.43250023622
0,0.142346860374,0.20670125397,0.534292605485,2.36356799818,1.42943475833
0,0.142062026359,0.206548665307,0.536292925897,2.35480802253,1.43179482161
0,0.14479096025,0.209117281499,0.538312648956,2.35438813724,1.43131740994
0,0.141738696972,0.206192912667,0.535025645498,2.35080438609,1.43082303446
0,0.142536589187,0.207035765528,0.534807017342,2.36418578652,1.43252012819
0,0.142727082555,0.207122260686,0.534957240668,2.35719689051,1.43063065548
0,0.143135398614,0.207563662555,0.537082571938,2.35702668404,1.43170069782
0,0.143417047896,0.207684515934,0.536080817382,2.3605413325,1.42876642709
0,0.140664524045,0.205202791061,0.533862120526,2.35472537901,1.4314298762
0,0.144240980186,0.2085615885,0.537573815628,2.35389964092,1.43065316224
0,0.141017450906,0.205413917535,0.534236735125,2.35724448979,1.42894680707
0,0.141569384826,0.205949742837,0.534777962054,2.35782974482,1.42917655396
0,0.141267867292,0.205775106491,0.533683734302,2.35195806994,1.431412658
0,0.141165026002,0.205597897019,0.534725468896,2.34753842798,1.4298224566
0,0.144726085339,0.208942332831,0.538001222644,2.34894376131,1.42905104856
0,0.142715100526,0.207109057014,0.536572304432,2.3580230213,1.43059425324
0,0.142162870016,0.206493966738,0.537804444582,2.34222629846,1.42878482586
0,0.142452378536,0.206658330647,0.53621519462,2.35214773612,1.42657142864
0,0.141890418544,0.206313225015,0.536915905341,2.34767421713,1.43034656038
0,0.142460575683,0.206783164455,0.53546569725,2.35095503155,1.42891236119
0,0.141856270915,0.20624083599,0.536472543209,2.35090765181,1.42954757693
0,0.143736996597,0.208009107701,0.538995781447,2.35225025841,1.4291792351
0,0.14175694295,0.206009716003,0.535745901897,2.34521022634,1.42681243155
0,0.141727499194,0.206142420238,0.535040019806,2.35100187496,1.43002593247
0,0.140416432561,0.204797406641,0.533941932381,2.33730469258,1.42803593618
0,0.143705372836,0.207926707718,0.538717262385,2.36086334711,1.42813207945
0,0.139833338361,0.20432221106,0.534381239964,2.33577223601,1.42961081004
0,0.143153498533,0.207422793236,0.537595696908,2.36149657321,1.42853941346
0,0.142414582791,0.206652333341,0.536915986791,2.343383657,1.42716959394
0,0.141921609134,0.206289737655,0.537117635334,2.33893790897,1.42928419005
0,0.14158431768,0.205881727515,0.535231257157,2.34945629201,1.42753252251
0,0.14233610826,0.206673234515,0.538027065014,2.34084580586,1.42907864536
0,0.141703778967,0.20597736135,0.537028974463,2.34955150762,1.427175441
0,0.1433981295,0.207615800622,0.539530396264,2.34174733197,1.42775156774
0,0.140764131833,0.205081206079,0.535979850178,2.34134959229,1.42710563995
0,0.142952399529,0.207069287082,0.539339305601,2.34424627735,1.42529016981
0,0.142191282911,0.206543403678,0.538587955743,2.34405275617,1.42923371337
0,0.141464890335,0.205685264356,0.536382953474,2.34763383994,1.42587238742
0,0.141163391409,0.20544194201,0.535138724257,2.33486253226,1.42673443072
0,0.141870199781,0.206015369576,0.538348864955,2.34063060869,1.42477362881
0,0.14286135981,0.206988141353,0.538724777266,2.34836573145,1.42539701588
0,0.139255655803,0.203653397124,0.534749537558,2.33780021192,1.42721050577
0,0.142683039294,0.20689267012,0.538921793846,2.34275546808,1.42687567365
0,0.141512701118,0.205686814679,0.538569098434,2.33660046799,1.42499499144
0,0.141419523898,0.205611953959,0.536587747768,2.34321831066,1.42526813902
0,0.141852853298,0.206009498288,0.538053795769,2.33993222109,1.42498576782
0,0.140451361773,0.204716627108,0.536380596916,2.33582058847,1.42575668663
0,0.142636372749,0.206802347094,0.538815531762,2.33886030342,1.42595586684
0,0.140160784978,0.204382778708,0.536463925494,2.32685618759,1.42460067524
0,0.141172224115,0.205493994645,0.537822673026,2.33728092787,1.42760764022
0,0.140946450419,0.205128767085,0.536635082703,2.32774345745,1.42459281335
0,0.139808765951,0.204062823849,0.537217159028,2.3441440052,1.42488995289
0,0.140263742784,0.204517836374,0.535698107918,2.33730694128,1.42534563253
0,0.142529776255,0.206642139053,0.539926818799,2.331115083,1.42477704666
0,0.142727881349,0.206899987988,0.538895992052,2.34216895859,1.4261700244
0,0.140008279896,0.204067152934,0.537484276305,2.32799840895,1.4211857462
0,0.141150842889,0.205392304347,0.539116280935,2.3383505273,1.42598009011
0,0.141223331614,0.20535074028,0.538601653938,2.32780491519,1.4237715298
0,0.140354345131,0.204645460167,0.538411727098,2.33283713485,1.42617665753
0,0.139153980509,0.203358521384,0.535850646385,2.33118810973,1.42324481019
0,0.141339633163,0.205533626481,0.538614307223,2.33207973747,1.4252195233
0,0.140138954406,0.204349816255,0.537945151576,2.33717911182,1.42435619371
0,0.140507629632,0.204691908877,0.537767196423,2.32833048401,1.4241932255
0,0.143039497311,0.207040738619,0.539775062359,2.33635820263,1.42306434805
0,0.140737855019,0.204965854309,0.538406958627,2.32468398349,1.42529785502
0,0.142093917488,0.206107808093,0.539801438501,2.33467039627,1.42237173522
0,0.140216183517,0.204346723254,0.537412718704,2.33030518044,1.42282698795
0,0.141420932749,0.205492788296,0.540663977019,2.32818168696,1.42285805239
0,0.141306120871,0.205383311074,0.538337126004,2.33062353588,1.42284993439
0,0.140804089272,0.204964559422,0.538328625472,2.33177328239,1.42401350381
0,0.139555365144,0.203639084226,0.538266913561,2.31843464976,1.42122975186
0,0.14141652486,0.205492215792,0.539710089984,2.32423252568,1.42293035449
0,0.140392670164,0.204532770494,0.538510832966,2.32424635749,1.42319468587
0,0.138326678654,0.202472629747,0.535017538772,2.34361061768,1.42124572685
0,0.142790056296,0.206767463422,0.541013832017,2.33196118072,1.42233820218
0,0.141573564318,0.205678673654,0.541092746046,2.33082233969,1.42367576917
0,0.139251321764,0.20338441392,0.536238462425,2.32856115878,1.42191316982
0,0.139575249607,0.203723423949,0.537137835081,2.32161141088,1.42253873489
0,0.140565579062,0.204557225143,0.538285490045,2.32860846,1.42039851891
0,0.139666364029,0.203727133315,0.537222291601,2.32609116752,1.42088177204
0,0.14130839535,0.205410273574,0.540064081179,2.32372470939,1.42334595694
0,0.139804025676,0.203850482132,0.537677784909,2.325441793,1.42073317525
0,0.139654296387,0.203791882573,0.537934032938,2.32417143778,1.42240604529
0,0.139058258662,0.203148973549,0.537696279301,2.32141858524,1.42087255928
0,0.139398960159,0.203546402427,0.538160467276,2.31824868151,1.42234782726
0,0.141423202668,0.205502909525,0.540748250623,2.32806407807,1.42301735306
0,0.141660040451,0.205583551834,0.540675317223,2.32428488335,1.42013029176
0,0.138888237686,0.203020536264,0.536927571295,2.32963423951,1.42153421506
0,0.138628085368,0.202707848893,0.536221800999,2.31419028323,1.42022337484
0,0.140725662842,0.204759239616,0.540904563507,2.3247915735,1.42139720582
0,0.139939433158,0.203941158871,0.539729383603,2.31555956359,1.41997396672
0,0.141209383855,0.205266924147,0.539746657286,2.32078023789,1.42236020765
0,0.139596160273,0.203713173389,0.537546662153,2.32994708532,1.42193643156
0,0.138189425504,0.202251651696,0.537052136452,2.31471437049,1.41943397062
0,0.140331031436,0.204366684325,0.540047548995,2.32065150317,1.42104411447
0,0.138542883938,0.202784156303,0.536081448222,2.32253044881,1.42336834485
0,0.13980003544,0.203685388636,0.538852340596,2.32142186008,1.41750711126
0,0.141391361197,0.205374232763,0.541133413218,2.32646260755,1.42104880127
0,0.138520194894,0.202674779769,0.536815618154,2.31483761814,1.42161191345
0,0.13953970904,0.20355135004,0.537778626182,2.32206880007,1.41977254475
0,0.139947225366,0.203942837938,0.539502229906,2.3122765247,1.41985948119
0,0.139694142833,0.203714579284,0.538770213155,2.31696823105,1.42010288935
0,0.139560331987,0.203527745021,0.539462484333,2.31852547489,1.41890859995
0,0.14128528565,0.205254030581,0.540894233518,2.31724207271,1.42066019283
0,0.139475075043,0.203463714723,0.538380292518,2.32599993388,1.41924787573
0,0.139250931183,0.203196017337,0.53859654153,2.31167452999,1.4181526673
0,0.139466946855,0.203444094055,0.539100654584,2.31137452294,1.41900991921
0,0.140499033219,0.204362351917,0.539673567312,2.31584465715,1.4177654177
0,0.139924080737,0.203862824473,0.539145658661,2.32265214594,1.41869898273
0,0.139995320235,0.203944301183,0.540167846243,2.31442522226,1.41897494486
0,0.140362855078,0.204261107903,0.539641337015,2.31435041818,1.41832793476
0,0.13916928352,0.203081633621,0.538997388647,2.31498648076,1.41741630593
0,0.138926797529,0.202928775841,0.540533682254,2.31886386629,1.4189663788
0,0.137412587715,0.201428369953,0.535467404137,2.30779531941,1.41772823422
0,0.140133084844,0.204016006046,0.541047270519,2.31260322413,1.41779154272
0,0.140787356504,0.204652338191,0.54085593956,2.31114647327,1.41808699964
0,0.139751197934,0.203688633633,0.540245710024,2.31499357653,1.41849991416
0,0.138680171462,0.202616062524,0.539416255247,2.31251334122,1.41739800825
0,0.138256018373,0.202204419113,0.539395125499,2.31295708492,1.41722404114
0,0.139701829757,0.203598686693,0.540660572734,2.30993412954,1.4176389832
0,0.140347682965,0.204135222119,0.541861327282,2.31306103879,1.41609848591
0,0.138713296015,0.20267092632,0.540158222317,2.30111667484,1.41786592212
0,0.138173793926,0.20209429258,0.538695419803,2.32332609434,1.41658379147
0,0.141343348,0.205172366461,0.543191063612,2.31343081241,1.41792372907
0,0.139704088975,0.203589891185,0.539276330526,2.3086165067,1.41742015695
0,0.137265589514,0.20132327613,0.537832331993,2.30506923547,1.41841933007
0,0.138776593133,0.202584790554,0.539469897648,2.30937454781,1.4149405455
0,0.140114097206,0.204029498453,0.541203012563,2.31629796266,1.41842213685
0,0.138558831702,0.202399443251,0.54014062061,2.29605674832,1.41537109093
0,0.138595529284,0.202523553984,0.540121641968,2.30721838779,1.4171560323
0,0.139309333616,0.203275571991,0.540189869418,2.30177476608,1.41863410945
0,0.138107680019,0.2021272084,0.538816978386,2.3015970955,1.41849826263
0,0.139323119031,0.203152387829,0.539291599645,2.31597227121,1.4159085103
0,0.138405149565,0.202208167309,0.540118034948,2.30121707349,1.41446552286
0,0.139518622414,0.203328082615,0.540764082229,2.30823870739,1.41570783911
0,0.13615059115,0.20012981551,0.537213105566,2.30650058462,1.41573509514
0,0.139157906138,0.203034950909,0.540408244774,2.31588538981,1.41669881565
0,0.13820595188,0.202148946801,0.538865329713,2.29801582238,1.41706587588
0,0.138700224224,0.202506817149,0.540710891114,2.31195050721,1.41483209366
0,0.13637551648,0.200306544423,0.536424021124,2.30498325964,1.41499609006
0,0.137535279206,0.201470103474,0.540517892509,2.29726987382,1.41623179988
0,0.138367328169,0.202303866228,0.539271738893,2.29191490887,1.41709811031
0,0.139418192603,0.203237901658,0.540976229443,2.31358219136,1.41581238262
0,0.138647898846,0.202504188424,0.540912763989,2.30125876053,1.41577370758
0,0.13794614534,0.201966797448,0.539770925618,2.30102142827,1.41835920488
0,0.138482807695,0.202352107175,0.541082859682,2.30373627761,1.41586881309
0,0.136566629593,0.200496984206,0.537062206128,2.30275384104,1.41517373419
0,0.13780850177,0.20157674061,0.540658870839,2.29193141374,1.41317329612
0,0.138181661801,0.20209757312,0.540417342983,2.29119285219,1.41649989445
0,0.139065208707,0.202931212196,0.54092465477,2.30216549975,1.41638530082
0,0.136997402443,0.200841325123,0.538750981909,2.29321193714,1.41387587107
0,0.138021399071,0.20188864725,0.541307448501,2.30479280892,1.41536636535
0,0.13836348105,0.202159544443,0.539508676054,2.30074519245,1.41428475112
0,0.138474385117,0.202253811487,0.539780968358,2.29407038432,1.41406292449
0,0.136706246443,0.200556375182,0.538899868924,2.29513579913,1.4137088369
0,0.138110592232,0.201927731859,0.541485867591,2.29036539531,1.41445339667
0,0.138734233542,0.202529285455,0.539812682873,2.30689424214,1.41463528094
0,0.137155176012,0.200987101741,0.539320652807,2.29650606697,1.41379370322
0,0.137149124127,0.201038661686,0.538850820579,2.29035788474,1.41493989162
0,0.13714775002,0.20094740689,0.5393196034,2.30223756723,1.41314090315
0,0.137250138728,0.201130859151,0.539663729185,2.29430736626,1.41486455282
0,0.136358099963,0.200252823945,0.537630245608,2.2977240353,1.41425258909
0,0.137287858151,0.201141454452,0.539320078359,2.29617253061,1.41435979875
0,0.138933106874,0.202758092149,0.542026142823,2.30686540779,1.4154328379
0,0.136424548207,0.200264304562,0.538885197978,2.29241709419,1.41321968833
0,0.137983598853,0.201808264956,0.540587557637,2.29331278915,1.4144769473
0,0.137139551848,0.200880412146,0.538908481104,2.29810488419,1.41195678226
0,0.13728939192,0.201090072028,0.541336022552,2.29945190955,1.41330300356
0,0.138785058092,0.202486774332,0.543041298045,2.29364172012,1.4128193827
0,0.136792329883,0.200610166664,0.539718837386,2.28540876859,1.41314908495
0,0.138079285795,0.201900400255,0.542216386417,2.29655479519,1.41450158756
0,0.137659497547,0.201351477485,0.539601164275,2.29489073825,1.41149910723
0,0.135866943864,0.199684383248,0.538803948148,2.28756390503,1.41221573117
0,0.136751725615,0.200538490755,0.539167736053,2.30116320785,1.41248705228
0,0.136629647778,0.20036914763,0.539511389894,2.28820409491,1.41141966353
0,0.136730851312,0.200513605395,0.541185545042,2.29144832651,1.41238594283
0,0.137048673756,0.200880969806,0.540176826528,2.29187202261,1.41369459674
0,0.136239076975,0.199995821549,0.539476073945,2.28955523103,1.41137399629
0,0.138767535747,0.202470845746,0.542546353826,2.29596684005,1.41283373677
0,0.13837307353,0.202108820462,0.542285250985,2.29108124469,1.41308802563
0,0.136312005532,0.200042265335,0.540126225051,2.28899884797,1.41091721428
0,0.137559724301,0.201280572971,0.542143560612,2.2866774365,1.41197670957
0,0.136012455927,0.199747641386,0.540481338602,2.28304422989,1.41071618983
0,0.136683307798,0.200535658309,0.541638357969,2.28820811362,1.41373033246
0,0.137511334473,0.201265180073,0.541476085609,2.29100540768,1.4125882515
0,0.13759218338,0.201289685378,0.541219929953,2.28791228164,1.41154223473
0,0.137510187158,0.201127163977,0.541226680945,2.28192985023,1.40984974191
0,0.135731908701,0.199507704585,0.538334458127,2.29294476281,1.41124783837
0,0.136443714696,0.200166377531,0.539096273395,2.27889298102,1.41089699202
0,0.138090852617,0.201756190096,0.542633977201,2.2865516899,1.4113976091
0,0.137586707858,0.20132315313,0.543409923663,2.28531557956,1.41231562605
0,0.136127653839,0.199889709062,0.539456405203,2.28992948887,1.41136876293
0,0.135923033552,0.199685551835,0.539347149395,2.28118397492,1.41117341784
0,0.137952432926,0.201711156953,0.542269510614,2.28576323296,1.41312692629
0,0.136895871639,0.200570493791,0.542625692897,2.28331982977,1.41038833941
0,0.135795141346,0.199637591619,0.539917567822,2.28890097795,1.41264416265
0,0.13686435619,0.200504325146,0.540799942776,2.28031799784,1.40966375375
0,0.137467744499,0.201207651109,0.542179656167,2.28650078287,1.41226588668
0,0.135036698522,0.198859738766,0.53866708506,2.27557233769,1.41149751967
0,0.137083080698,0.20075676006,0.54150973683,2.28880089778,1.4105566731
0,0.13623994107,0.199980544443,0.541597883994,2.27779700522,1.41105201768
0,0.136912043489,0.200657775915,0.542212691918,2.28670526988,1.41182670657
0,0.136107589623,0.199738738612,0.540135372436,2.27804038742,1.40873058053
0,0.135039332877,0.198758027568,0.539648084745,2.28083228291,1.40941324688
0,0.136023493882,0.199767144728,0.539363729321,2.27647587454,1.41089653134
0,0.138701358344,0.202311606358,0.543951494233,2.28651650091,1.41090633423
0,0.134693682725,0.198476970284,0.538347392533,2.27509832627,1.41035944474
0,0.136350140223,0.200135084005,0.541629191012,2.28387108212,1.41204902797
0,0.134047398124,0.197812802689,0.537749154206,2.27188712507,1.40935549778
0,0.137639059381,0.201265972678,0.542695908157,2.27500248295,1.41017734551
0,0.13516011335,0.19885955438,0.539163216281,2.28375050282,1.40914895413
0,0.135845780978,0.199521075283,0.540768534686,2.27738252887,1.40935168407
0,0.136367559458,0.200044320829,0.541347428242,2.28337101949,1.40990280104
0,0.135643924795,0.199305820255,0.540139906936,2.27780763984,1.40888185081
0,0.137603390338,0.201151036943,0.542409226125,2.28428519867,1.40855633144
0,0.135821779174,0.199387721277,0.540827660764,2.28462170798,1.40714063635
0,0.136045141871,0.199874096696,0.539232352826,2.27358407729,1.41262424823
0,0.135323848199,0.199004080294,0.539602851838,2.27715722113,1.40892849051
0,0.135229282884,0.198924883369,0.539005507037,2.27859740488,1.40914131796
0,0.135958096602,0.199621688553,0.54072536412,2.27854582112,1.40922995023
0,0.134333641313,0.197992132218,0.538660654974,2.26215980149,1.40750347542
0,0.137326053954,0.200793811599,0.539407124764,2.28972748797,1.40668121448
0,0.134860137221,0.198398228894,0.54039851864,2.26508036952,1.40562198219
0,0.133643938386,0.197373050231,0.537009904436,2.27618865451,1.40822618865
0,0.137216028425,0.200751907124,0.542868899666,2.27677529637,1.40793361454
0,0.136379405745,0.200081789675,0.541661942233,2.27367496932,1.41042710443
0,0.135126186878,0.198777360851,0.540386695322,2.27222771479,1.40814967889
0,0.135542066561,0.199134081605,0.539630462133,2.27935168643,1.40738239148
0,0.136058675375,0.199739577217,0.541811708589,2.26637138815,1.40967671406
0,0.133995312845,0.197753954383,0.53855217116,2.27265996637,1.40916815607
0,0.134373454485,0.198072222074,0.53906429753,2.27503949652,1.40834880481
0,0.136354440727,0.199939530318,0.540786468222,2.27669352319,1.40805624303
0,0.13586179424,0.199440582951,0.541265114277,2.27012147171,1.40743759109
0,0.134337430829,0.198038317476,0.539080443865,2.27229454441,1.40835518472
0,0.134494229496,0.198112645417,0.539054780161,2.26021627447,1.40686255442
0,0.13605628238,0.199672421972,0.541343080711,2.27861767161,1.40837908392
0,0.135296465783,0.198942074553,0.541274906687,2.2640420864,1.4082086558
0,0.135485512651,0.199071144076,0.54207904926,2.26910947446,1.40719815547
0,0.136776796114,0.200368895713,0.54277025566,2.28586478128,1.40861880141
0,0.13483724837,0.198459288315,0.540156754738,2.26630152497,1.40727807147
0,0.134732266341,0.198411306605,0.540662901813,2.26135695537,1.40831308397
0,0.133988555453,0.197688168895,0.538976765391,2.26546117668,1.40798082417
0,0.136032479208,0.199547030709,0.541833715208,2.27472254021,1.40632353884
0,0.133756658714,0.197419473728,0.538837919929,2.25902945793,1.40701298612
0,0.134941520481,0.198605992435,0.540079051088,2.27527189704,1.4082309654
0,0.134116582449,0.197732535154,0.539947545499,2.26625645004,1.40643565243
0,0.136301191551,0.199887125644,0.543451708891,2.27305108007,1.40801988998
0,0.13407659391,0.197736333437,0.539632630635,2.26721615853,1.40727140901
0,0.133912984683,0.197521639714,0.539287845294,2.26789541442,1.40608610015
0,0.135773389914,0.199350090513,0.540777688398,2.27323748254,1.40730741135
0,0.134658815898,0.19830934814,0.540467888759,2.25958091196,1.4076694618
0,0.135589248876,0.199164359157,0.540546862393,2.26950300558,1.4070914585
0,0.136017866519,0.199499369987,0.542512473726,2.27890506502,1.4056479496
0,0.134369971975,0.198008017894,0.541054805515,2.26314969621,1.40713091576
0,0.133887184694,0.197634221503,0.539622367417,2.26912765861,1.40882792502
0,0.135835139893,0.19929744303,0.54254532315,2.25852103964,1.40508121423
0,0.134221459354,0.197862900777,0.539344154088,2.27126000739,1.40705028523
0,0.134070215052,0.197673250224,0.539515466981,2.26280296662,1.40613092679
0,0.134135528077,0.197706913272,0.539273169009,2.26274776624,1.40556323981
0,0.134451422513,0.19805753894,0.540954004324,2.27033197133,1.40657375496
0,0.134089097183,0.197727117697,0.540720252601,2.25684169558,1.40684951435
0,0.133123581052,0.196771336257,0.53780093023,2.26200208704,1.40607869275
0,0.134374009164,0.197898266939,0.54044240125,2.26089770214,1.40485917796
0,0.134800415505,0.19831003484,0.540759609459,2.26351151711,1.40499281738
0,0.132642350362,0.196332847607,0.538983820139,2.26718232726,1.40645231106
0,0.134215241332,0.197710647236,0.540357182918,2.25649948707,1.4041233846
0,0.133250517446,0.196893799766,0.538922232182,2.26799190629,1.40611616922
0,0.135620542575,0.199085744081,0.541496352276,2.26183569405,1.40492456833
0,0.132992361241,0.196653587226,0.5389944354,2.25673993936,1.40621689188
0,0.135706605306,0.199197240042,0.542920413401,2.27023550024,1.40551932134
0,0.13392876075,0.197521094252,0.539491491828,2.25755347143,1.4057754433
0,0.133431213474,0.197132738369,0.540588285793,2.25980640573,1.40746173597
0,0.134925546288,0.198330674035,0.542769166812,2.26401101071,1.40302812154
0,0.134453567341,0.197983428961,0.540581557733,2.25833586215,1.4050508226
0,0.133087563636,0.196676195979,0.539887170096,2.2634119475,1.40486023156
0,0.134849142808,0.198376128714,0.541378898259,2.25525740051,1.40538888669
0,0.133314042159,0.196858108407,0.538636947746,2.2654995788,1.4041953873
0,0.13562316765,0.199091190002,0.542557955727,2.26402966922,1.40498363555
0,0.134874634939,0.198344077751,0.541898551667,2.25838830688,1.40426350756
0,0.131171289072,0.194779926026,0.537667603042,2.25648613464,1.40334404139
