epoch,loss,main_output_loss,mid_output_loss
0,5.95896999362,11.6635981777,5.95896999362
0,4.28952761546,11.6635981777,4.28952761546
0,3.78731107779,11.6635981777,3.78731107779
0,3.41322414017,11.6635981777,3.41322414017
0,3.47098303649,11.6635981777,3.47098303649
0,3.01765931321,11.6635981777,3.01765931321
0,2.83314038189,11.6635981777,2.83314038189
0,2.75960577392,11.6635981777,2.75960577392
0,2.52580027152,11.6635981777,2.52580027152
0,2.38691751266,11.6635981777,2.38691751266
0,2.24053410508,11.6635981777,2.24053410508
0,2.14861712291,11.6635981777,2.14861712291
0,2.00832045458,11.6635981777,2.00832045458
0,1.81215009698,11.6635981777,1.81215009698
0,1.75082419541,11.6635981777,1.75082419541
0,1.61208906138,11.6635981777,1.61208906138
0,1.44096125851,11.6635981777,1.44096125851
0,1.54540869091,11.6635981777,1.54540869091
0,1.37722659906,11.6635981777,1.37722659906
0,1.33379984441,11.6635981777,1.33379984441
0,1.25049623076,11.6635981777,1.25049623076
0,1.2831492685,11.6635981777,1.2831492685
0,1.15967298459,11.6635981777,1.15967298459
0,1.10372328169,11.6635981777,1.10372328169
0,1.12039015497,11.6635981777,1.12039015497
0,1.0186530432,11.6635981777,1.0186530432
0,1.04704743878,11.6635981777,1.04704743878
0,0.908316604263,11.6635981777,0.908316604263
0,0.925334120556,11.6635981777,0.925334120556
0,0.898720141475,11.6635981777,0.898720141475
0,0.881979545523,11.6635981777,0.881979545523
0,0.918071165861,11.6635981777,0.918071165861
0,0.824619700358,11.6635981777,0.824619700358
0,0.825356564885,11.6635981777,0.825356564885
0,0.861186529697,11.6635981777,0.861186529697
0,0.778928703063,11.6635981777,0.778928703063
0,0.715430651117,11.6635981777,0.715430651117
0,0.774406190177,11.6635981777,0.774406190177
0,0.674723014835,11.6635981777,0.674723014835
0,0.723468698445,11.6635981777,0.723468698445
0,0.700998645064,11.6635981777,0.700998645064
0,0.730594440635,11.6635981777,0.730594440635
0,0.718255860154,11.6635981777,0.718255860154
0,0.700810654548,11.6635981777,0.700810654548
0,0.682129506772,11.6635981777,0.682129506772
0,0.697602017725,11.6635981777,0.697602017725
0,0.65450784169,11.6635981777,0.65450784169
0,0.648233426334,11.6635981777,0.648233426334
0,0.651241077064,11.6635981777,0.651241077064
0,0.573481788252,11.6635981777,0.573481788252
0,0.609269648318,11.6635981777,0.609269648318
0,0.575730829144,11.6635981777,0.575730829144
0,0.626124220587,11.6635981777,0.626124220587
0,0.621934961709,11.6635981777,0.621934961709
0,0.59071731284,11.6635981777,0.59071731284
0,0.586366637551,11.6635981777,0.586366637551
0,0.620217282427,11.6635981777,0.620217282427
0,0.592568209081,11.6635981777,0.592568209081
0,0.610747552493,11.6635981777,0.610747552493
0,0.555025982451,11.6635981777,0.555025982451
0,0.540302355045,11.6635981777,0.540302355045
0,0.567498598931,11.6635981777,0.567498598931
0,0.534697361106,11.6635981777,0.534697361106
0,0.514793846193,11.6635981777,0.514793846193
0,0.563751981375,11.6635981777,0.563751981375
0,0.531501787915,11.6635981777,0.531501787915
0,0.517067039694,11.6635981777,0.517067039694
0,0.55262638616,11.6635981777,0.55262638616
0,0.527007363738,11.6635981777,0.527007363738
0,0.511053690826,11.6635981777,0.511053690826
0,0.48879018973,11.6635981777,0.48879018973
0,0.513470487678,11.6635981777,0.513470487678
0,0.520820843256,11.6635981777,0.520820843256
0,0.476351507953,11.6635981777,0.476351507953
0,0.481896569522,11.6635981777,0.481896569522
0,0.483026698323,11.6635981777,0.483026698323
0,0.47584494154,11.6635981777,0.47584494154
0,0.46650196293,11.6635981777,0.46650196293
0,0.483270038459,11.6635981777,0.483270038459
0,0.471754848062,11.6635981777,0.471754848062
0,0.450605249453,11.6635981777,0.450605249453
0,0.506021872513,11.6635981777,0.506021872513
0,0.470687775711,11.6635981777,0.470687775711
0,0.461752721829,11.6635981777,0.461752721829
0,0.509418138803,11.6635981777,0.509418138803
0,0.493278706129,11.6635981777,0.493278706129
0,0.433683047045,11.6635981777,0.433683047045
0,0.437519721335,11.6635981777,0.437519721335
0,0.425323692007,11.6635981777,0.425323692007
0,0.461433627147,11.6635981777,0.461433627147
0,0.479898861648,11.6635981777,0.479898861648
0,0.436713231053,11.6635981777,0.436713231053
0,0.433008845171,11.6635981777,0.433008845171
0,0.416009017924,11.6635981777,0.416009017924
0,0.444012134073,11.6635981777,0.444012134073
0,0.421261041308,11.6635981777,0.421261041308
0,0.432609564526,11.6635981777,0.432609564526
0,0.431395137046,11.6635981777,0.431395137046
0,0.43513510306,11.6635981777,0.43513510306
0,0.396118428644,11.6635981777,0.396118428644
0,0.428761178061,11.6635981777,0.428761178061
0,0.46154163103,11.6635981777,0.46154163103
0,0.447943778362,11.6635981777,0.447943778362
0,0.439055245044,11.6635981777,0.439055245044
0,0.414777933013,11.6635981777,0.414777933013
0,0.439290156429,11.6635981777,0.439290156429
0,0.418652116873,11.6635981777,0.418652116873
0,0.404228066198,11.6635981777,0.404228066198
0,0.396340567375,11.6635981777,0.396340567375
0,0.416443672234,11.6635981777,0.416443672234
0,0.404483396321,11.6635981777,0.404483396321
0,0.387403674232,11.6635981777,0.387403674232
0,0.401181497308,11.6635981777,0.401181497308
0,0.409974135404,11.6635981777,0.409974135404
0,0.401566097424,11.6635981777,0.401566097424
0,0.375828269974,11.6635981777,0.375828269974
0,0.376366762176,11.6635981777,0.376366762176
0,0.368503791861,11.6635981777,0.368503791861
0,0.399097955081,11.6635981777,0.399097955081
0,0.401121521827,11.6635981777,0.401121521827
0,0.373329443122,11.6635981777,0.373329443122
0,0.386539509528,11.6635981777,0.386539509528
0,0.386017707485,11.6635981777,0.386017707485
0,0.382863875575,11.6635981777,0.382863875575
0,0.385017170908,11.6635981777,0.385017170908
0,0.370247807421,11.6635981777,0.370247807421
0,0.372572808695,11.6635981777,0.372572808695
0,0.395344946327,11.6635981777,0.395344946327
0,0.391467599251,11.6635981777,0.391467599251
0,0.36038267908,11.6635981777,0.36038267908
0,0.363655938552,11.6635981777,0.363655938552
0,0.373007940797,11.6635981777,0.373007940797
0,0.364736544449,11.6635981777,0.364736544449
0,0.397739073067,11.6635981777,0.397739073067
0,0.414825586322,11.6635981777,0.414825586322
0,0.395674496688,11.6635981777,0.395674496688
0,0.390841048086,11.6635981777,0.390841048086
0,0.373529667687,11.6635981777,0.373529667687
0,0.366180058121,11.6635981777,0.366180058121
0,0.343568462633,11.6635981777,0.343568462633
0,0.366240725704,11.6635981777,0.366240725704
0,0.344753546254,11.6635981777,0.344753546254
0,0.397010098512,11.6635981777,0.397010098512
0,0.369161979578,11.6635981777,0.369161979578
0,0.364644451631,11.6635981777,0.364644451631
0,0.360297118369,11.6635981777,0.360297118369
0,0.340278683081,11.6635981777,0.340278683081
0,0.337840405757,11.6635981777,0.337840405757
0,0.338428701886,11.6635981777,0.338428701886
0,0.37335840426,11.6635981777,0.37335840426
0,0.351185291293,11.6635981777,0.351185291293
0,0.364828562911,11.6635981777,0.364828562911
0,0.355969535513,11.6635981777,0.355969535513
0,0.357471849719,11.6635981777,0.357471849719
0,0.346234125568,11.6635981777,0.346234125568
0,0.342614950581,11.6635981777,0.342614950581
0,0.336315761577,11.6635981777,0.336315761577
0,0.351343686921,11.6635981777,0.351343686921
0,0.325077886974,11.6635981777,0.325077886974
0,0.337328100918,11.6635981777,0.337328100918
0,0.318469843668,11.6635981777,0.318469843668
0,0.350342177601,11.6635981777,0.350342177601
0,0.340319986311,11.6635981777,0.340319986311
0,0.341440823999,11.6635981777,0.341440823999
0,0.332308894438,11.6635981777,0.332308894438
0,0.305896049448,11.6635981777,0.305896049448
0,0.303092497903,11.6635981777,0.303092497903
0,0.322501448606,11.6635981777,0.322501448606
0,0.319507467527,11.6635981777,0.319507467527
0,0.30084243619,11.6635981777,0.30084243619
0,0.34351130886,11.6635981777,0.34351130886
0,0.32948687813,11.6635981777,0.32948687813
0,0.338911574444,11.6635981777,0.338911574444
0,0.325413418593,11.6635981777,0.325413418593
0,0.313597681571,11.6635981777,0.313597681571
0,0.333650213365,11.6635981777,0.333650213365
0,0.320524782305,11.6635981777,0.320524782305
0,0.336984717407,11.6635981777,0.336984717407
0,0.347347193161,11.6635981777,0.347347193161
0,0.329043338143,11.6635981777,0.329043338143
0,0.317355534279,11.6635981777,0.317355534279
0,0.326573659991,11.6635981777,0.326573659991
0,0.323188683768,11.6635981777,0.323188683768
0,0.313999236954,11.6635981777,0.313999236954
0,0.301226879039,11.6635981777,0.301226879039
0,0.306366214767,11.6635981777,0.306366214767
0,0.325921248779,11.6635981777,0.325921248779
0,0.316358606626,11.6635981777,0.316358606626
0,0.304356076107,11.6635981777,0.304356076107
0,0.306808414133,11.6635981777,0.306808414133
0,0.307386248378,11.6635981777,0.307386248378
0,0.318232611716,11.6635981777,0.318232611716
0,0.292541533847,11.6635981777,0.292541533847
0,0.293850612239,11.6635981777,0.293850612239
0,0.297946530492,11.6635981777,0.297946530492
0,0.288380134383,11.6635981777,0.288380134383
0,0.286907940439,11.6635981777,0.286907940439
0,0.288328008815,11.6635981777,0.288328008815
0,0.303807953884,11.6635981777,0.303807953884
0,0.294607347453,11.6635981777,0.294607347453
0,0.282375034122,11.6635981777,0.282375034122
0,0.297247637033,11.6635981777,0.297247637033
0,0.308164604537,11.6635981777,0.308164604537
0,0.303314369558,11.6635981777,0.303314369558
0,0.326199304104,11.6635981777,0.326199304104
0,0.318382102444,11.6635981777,0.318382102444
0,0.305180286296,11.6635981777,0.305180286296
0,0.293045415864,11.6635981777,0.293045415864
0,0.283585056869,11.6635981777,0.283585056869
0,0.285252512953,11.6635981777,0.285252512953
0,0.292006310685,11.6635981777,0.292006310685
0,0.281681199365,11.6635981777,0.281681199365
0,0.302268328954,11.6635981777,0.302268328954
0,0.294199741108,11.6635981777,0.294199741108
0,0.304261646136,11.6635981777,0.304261646136
0,0.276687719017,11.6635981777,0.276687719017
0,0.28049670181,11.6635981777,0.28049670181
0,0.29594591213,11.6635981777,0.29594591213
0,0.287384084486,11.6635981777,0.287384084486
0,0.278125700958,11.6635981777,0.278125700958
0,0.284318341938,11.6635981777,0.284318341938
0,0.290578146631,11.6635981777,0.290578146631
0,0.289341249941,11.6635981777,0.289341249941
0,0.299252926691,11.6635981777,0.299252926691
0,0.303480348417,11.6635981777,0.303480348417
0,0.288391066421,11.6635981777,0.288391066421
0,0.277966488077,11.6635981777,0.277966488077
0,0.275444551338,11.6635981777,0.275444551338
0,0.280415858124,11.6635981777,0.280415858124
0,0.282736291767,11.6635981777,0.282736291767
0,0.275478915118,11.6635981777,0.275478915118
0,0.265403028711,11.6635981777,0.265403028711
0,0.274943829148,11.6635981777,0.274943829148
0,0.272607044795,11.6635981777,0.272607044795
0,0.270488267355,11.6635981777,0.270488267355
0,0.293888511855,11.6635981777,0.293888511855
0,0.290135349318,11.6635981777,0.290135349318
0,0.275863148674,11.6635981777,0.275863148674
0,0.262473828,11.6635981777,0.262473828
0,0.268361343666,11.6635981777,0.268361343666
0,0.274386358147,11.6635981777,0.274386358147
0,0.278765950998,11.6635981777,0.278765950998
0,0.281392460317,11.6635981777,0.281392460317
0,0.286046126705,11.6635981777,0.286046126705
0,0.282375669733,11.6635981777,0.282375669733
0,0.27349971472,11.6635981777,0.27349971472
0,0.301716277295,11.6635981777,0.301716277295
0,0.281222341593,11.6635981777,0.281222341593
0,0.272695683364,11.6635981777,0.272695683364
0,0.247944127009,11.6635981777,0.247944127009
0,0.251943072505,11.6635981777,0.251943072505
0,0.250574166274,11.6635981777,0.250574166274
0,0.257534480372,11.6635981777,0.257534480372
0,0.282813313075,11.6635981777,0.282813313075
0,0.272947630802,11.6635981777,0.272947630802
0,0.274583734301,11.6635981777,0.274583734301
0,0.265917975742,11.6635981777,0.265917975742
0,0.257297594134,11.6635981777,0.257297594134
0,0.256383108936,11.6635981777,0.256383108936
0,0.258294082647,11.6635981777,0.258294082647
0,0.261064439627,11.6635981777,0.261064439627
0,0.266072195428,11.6635981777,0.266072195428
0,0.269557111227,11.6635981777,0.269557111227
0,0.266375796402,11.6635981777,0.266375796402
0,0.265934035854,11.6635981777,0.265934035854
0,0.264146151239,11.6635981777,0.264146151239
0,0.255510004614,11.6635981777,0.255510004614
0,0.255349556285,11.6635981777,0.255349556285
0,0.264381662611,11.6635981777,0.264381662611
0,0.256307448896,11.6635981777,0.256307448896
0,0.241768394492,11.6635981777,0.241768394492
0,0.261558045282,11.6635981777,0.261558045282
0,0.2453101539,11.6635981777,0.2453101539
0,0.256149305185,11.6635981777,0.256149305185
0,0.255756450406,11.6635981777,0.255756450406
0,0.246945647991,11.6635981777,0.246945647991
0,0.256508540263,11.6635981777,0.256508540263
0,0.260647644667,11.6635981777,0.260647644667
0,0.245317092969,11.6635981777,0.245317092969
0,0.260176498918,11.6635981777,0.260176498918
0,0.259536698204,11.6635981777,0.259536698204
0,0.256468368086,11.6635981777,0.256468368086
0,0.247799700547,11.6635981777,0.247799700547
0,0.243803300394,11.6635981777,0.243803300394
0,0.238260628256,11.6635981777,0.238260628256
0,0.243783821211,11.6635981777,0.243783821211
0,0.248076690857,11.6635981777,0.248076690857
0,0.239169439079,11.6635981777,0.239169439079
0,0.236909631527,11.6635981777,0.236909631527
0,0.242568182942,11.6635981777,0.242568182942
0,0.238730524588,11.6635981777,0.238730524588
0,0.245848320662,11.6635981777,0.245848320662
0,0.242076760741,11.6635981777,0.242076760741
0,0.248900800607,11.6635981777,0.248900800607
0,0.2510557565,11.6635981777,0.2510557565
0,0.235765235716,11.6635981777,0.235765235716
0,0.226115029256,11.6635981777,0.226115029256
0,0.23692448592,11.6635981777,0.23692448592
0,0.239256809506,11.6635981777,0.239256809506
0,0.235072360655,11.6635981777,0.235072360655
0,0.219258356352,11.6635981777,0.219258356352
0,0.237362225312,11.6635981777,0.237362225312
0,0.234016192263,11.6635981777,0.234016192263
0,0.237258565656,11.6635981777,0.237258565656
0,0.250641018881,11.6635981777,0.250641018881
0,0.253121366197,11.6635981777,0.253121366197
0,0.236424932272,11.6635981777,0.236424932272
0,0.228759589839,11.6635981777,0.228759589839
0,0.225307273635,11.6635981777,0.225307273635
0,0.243632566144,11.6635981777,0.243632566144
0,0.242323863854,11.6635981777,0.242323863854
0,0.249249266976,11.6635981777,0.249249266976
0,0.239798399121,11.6635981777,0.239798399121
0,0.230918045686,11.6635981777,0.230918045686
0,0.209535862574,11.6635981777,0.209535862574
0,0.237589405418,11.6635981777,0.237589405418
0,0.263945342538,11.6635981777,0.263945342538
0,0.244734800697,11.6635981777,0.244734800697
0,0.246993705244,11.6635981777,0.246993705244
0,0.240144282635,11.6635981777,0.240144282635
0,0.218469276734,11.6635981777,0.218469276734
0,0.225848918897,11.6635981777,0.225848918897
0,0.23905329048,11.6635981777,0.23905329048
0,0.232848850932,11.6635981777,0.232848850932
0,0.220133787035,11.6635981777,0.220133787035
0,0.231337929297,11.6635981777,0.231337929297
0,0.227822742566,11.6635981777,0.227822742566
0,0.222641601507,11.6635981777,0.222641601507
0,0.223397127244,11.6635981777,0.223397127244
0,0.240438809614,11.6635981777,0.240438809614
0,0.225968434355,11.6635981777,0.225968434355
0,0.227972399638,11.6635981777,0.227972399638
0,0.236504848261,11.6635981777,0.236504848261
0,0.234637919725,11.6635981777,0.234637919725
0,0.223784649303,11.6635981777,0.223784649303
0,0.225671298273,11.6635981777,0.225671298273
0,0.214489150302,11.6635981777,0.214489150302
0,0.218053563307,11.6635981777,0.218053563307
0,0.236815482022,11.6635981777,0.236815482022
0,0.240156560485,11.6635981777,0.240156560485
0,0.229225862392,11.6635981777,0.229225862392
0,0.216373258382,11.6635981777,0.216373258382
0,0.213856140078,11.6635981777,0.213856140078
0,0.225948206901,11.6635981777,0.225948206901
0,0.221452986876,11.6635981777,0.221452986876
0,0.198192379905,11.6635981777,0.198192379905
0,0.207988582934,11.6635981777,0.207988582934
0,0.226219461278,11.6635981777,0.226219461278
0,0.210899237111,11.6635981777,0.210899237111
0,0.224009236487,11.6635981777,0.224009236487
0,0.232056873905,11.6635981777,0.232056873905
0,0.221424843679,11.6635981777,0.221424843679
0,0.240685534812,11.6635981777,0.240685534812
0,0.224303301542,11.6635981777,0.224303301542
0,0.214404689987,11.6635981777,0.214404689987
0,0.206695997187,11.6635981777,0.206695997187
0,0.212307918142,11.6635981777,0.212307918142
0,0.212393594186,11.6635981777,0.212393594186
0,0.221520813819,11.6635981777,0.221520813819
0,0.224879487722,11.6635981777,0.224879487722
0,0.203940421339,11.6635981777,0.203940421339
0,0.221718249305,11.6635981777,0.221718249305
0,0.206656846788,11.6635981777,0.206656846788
0,0.209907621494,11.6635981777,0.209907621494
0,0.219792004972,11.6635981777,0.219792004972
0,0.222159974125,11.6635981777,0.222159974125
0,0.215043044957,11.6635981777,0.215043044957
0,0.197680642222,11.6635981777,0.197680642222
0,0.206224390362,11.6635981777,0.206224390362
0,0.212777620528,11.6635981777,0.212777620528
0,0.197214757126,11.6635981777,0.197214757126
0,0.197265172185,11.6635981777,0.197265172185
0,0.207398335274,11.6635981777,0.207398335274
0,0.229245118764,11.6635981777,0.229245118764
0,0.215587785474,11.6635981777,0.215587785474
0,0.211815107748,11.6635981777,0.211815107748
0,0.206457458329,11.6635981777,0.206457458329
0,0.214714182029,11.6635981777,0.214714182029
0,0.193312522642,11.6635981777,0.193312522642
0,0.214985987786,11.6635981777,0.214985987786
0,0.194410082284,11.6635981777,0.194410082284
0,0.199216117534,11.6635981777,0.199216117534
0,0.224966621667,11.6635981777,0.224966621667
0,0.218178801545,11.6635981777,0.218178801545
0,0.211677937578,11.6635981777,0.211677937578
0,0.211172447971,11.6635981777,0.211172447971
0,0.202776797835,11.6635981777,0.202776797835
0,0.200603069508,11.6635981777,0.200603069508
0,0.209544572497,11.6635981777,0.209544572497
0,0.199395062407,11.6635981777,0.199395062407
0,0.196224459497,11.6635981777,0.196224459497
0,0.214636360787,11.6635981777,0.214636360787
0,0.209988474702,11.6635981777,0.209988474702
0,0.214995973699,11.6635981777,0.214995973699
0,0.204393997594,11.6635981777,0.204393997594
0,0.198526301743,11.6635981777,0.198526301743
0,0.195209015298,11.6635981777,0.195209015298
0,0.202159049954,11.6635981777,0.202159049954
0,0.206667306862,11.6635981777,0.206667306862
0,0.198670977921,11.6635981777,0.198670977921
0,0.199276860994,11.6635981777,0.199276860994
0,0.211578331582,11.6635981777,0.211578331582
0,0.211915074935,11.6635981777,0.211915074935
0,0.207133885276,11.6635981777,0.207133885276
0,0.193827218189,11.6635981777,0.193827218189
0,0.19290157523,11.6635981777,0.19290157523
0,0.183679625286,11.6635981777,0.183679625286
0,0.189095968543,11.6635981777,0.189095968543
0,0.195641931414,11.6635981777,0.195641931414
0,0.187723542328,11.6635981777,0.187723542328
0,0.199245215839,11.6635981777,0.199245215839
0,0.19625424409,11.6635981777,0.19625424409
0,0.194819107536,11.6635981777,0.194819107536
0,0.195647270365,11.6635981777,0.195647270365
0,0.211023534527,11.6635981777,0.211023534527
0,0.207744885542,11.6635981777,0.207744885542
0,0.200022762502,11.6635981777,0.200022762502
0,0.198050431801,11.6635981777,0.198050431801
0,0.198114804079,11.6635981777,0.198114804079
0,0.190672132482,11.6635981777,0.190672132482
0,0.188604449424,11.6635981777,0.188604449424
0,0.20013477361,11.6635981777,0.20013477361
0,0.206059286192,11.6635981777,0.206059286192
0,0.196862252612,11.6635981777,0.196862252612
0,0.190741216308,11.6635981777,0.190741216308
0,0.198573816114,11.6635981777,0.198573816114
0,0.20268581361,11.6635981777,0.20268581361
0,0.195568297466,11.6635981777,0.195568297466
0,0.19750769044,11.6635981777,0.19750769044
0,0.184277133463,11.6635981777,0.184277133463
0,0.183098477268,11.6635981777,0.183098477268
0,0.197493540506,11.6635981777,0.197493540506
0,0.20426983079,11.6635981777,0.20426983079
0,0.187714918037,11.6635981777,0.187714918037
0,0.181576691331,11.6635981777,0.181576691331
0,0.20174144275,11.6635981777,0.20174144275
0,0.200271679056,11.6635981777,0.200271679056
0,0.19587717771,11.6635981777,0.19587717771
0,0.195564005849,11.6635981777,0.195564005849
0,0.188551227714,11.6635981777,0.188551227714
0,0.180613616949,11.6635981777,0.180613616949
0,0.176596295849,11.6635981777,0.176596295849
0,0.184487177655,11.6635981777,0.184487177655
0,0.195991452519,11.6635981777,0.195991452519
0,0.181229122224,11.6635981777,0.181229122224
0,0.196068260015,11.6635981777,0.196068260015
0,0.192023338082,11.6635981777,0.192023338082
0,0.19353649847,11.6635981777,0.19353649847
0,0.177512592203,11.6635981777,0.177512592203
0,0.180705816253,11.6635981777,0.180705816253
0,0.202852076562,11.6635981777,0.202852076562
0,0.191964734135,11.6635981777,0.191964734135
0,0.186183742951,11.6635981777,0.186183742951
0,0.18525969202,11.6635981777,0.18525969202
0,0.182028193663,11.6635981777,0.182028193663
0,0.177055328152,11.6635981777,0.177055328152
0,0.196921884636,11.6635981777,0.196921884636
0,0.187623205931,11.6635981777,0.187623205931
0,0.182515538498,11.6635981777,0.182515538498
0,0.180647425937,11.6635981777,0.180647425937
0,0.188518897926,11.6635981777,0.188518897926
0,0.189191482602,11.6635981777,0.189191482602
0,0.18475909434,11.6635981777,0.18475909434
0,0.18355702723,11.6635981777,0.18355702723
0,0.190334272882,11.6635981777,0.190334272882
0,0.177329207562,11.6635981777,0.177329207562
0,0.185712490943,11.6635981777,0.185712490943
0,0.179859107283,11.6635981777,0.179859107283
0,0.179365523724,11.6635981777,0.179365523724
0,0.186013333038,11.6635981777,0.186013333038
0,0.179334057846,11.6635981777,0.179334057846
0,0.174660500572,11.6635981777,0.174660500572
0,0.179491861775,11.6635981777,0.179491861775
0,0.171647077568,11.6635981777,0.171647077568
0,0.175187945737,11.6635981777,0.175187945737
0,0.173511825293,11.6635981777,0.173511825293
0,0.174430029674,11.6635981777,0.174430029674
0,0.18437054595,11.6635981777,0.18437054595
0,0.18826916761,11.6635981777,0.18826916761
0,0.188793256551,11.6635981777,0.188793256551
0,0.176961060314,11.6635981777,0.176961060314
0,0.168731226534,11.6635981777,0.168731226534
0,0.170246139267,11.6635981777,0.170246139267
0,0.17974820598,11.6635981777,0.17974820598
0,0.181490413,11.6635981777,0.181490413
0,0.174864126824,11.6635981777,0.174864126824
0,0.167444508725,11.6635981777,0.167444508725
0,0.177144061685,11.6635981777,0.177144061685
0,0.186971989137,11.6635981777,0.186971989137
0,0.169867090561,11.6635981777,0.169867090561
0,0.163983081782,11.6635981777,0.163983081782
0,0.182086050973,11.6635981777,0.182086050973
0,0.189133741293,11.6635981777,0.189133741293
0,0.190630803252,11.6635981777,0.190630803252
0,0.176012176417,11.6635981777,0.176012176417
0,0.176361461934,11.6635981777,0.176361461934
0,0.173017100977,11.6635981777,0.173017100977
0,0.158528528424,11.6635981777,0.158528528424
0,0.175554397839,11.6635981777,0.175554397839
0,0.16393084629,11.6635981777,0.16393084629
0,0.170364926913,11.6635981777,0.170364926913
0,0.165385137246,11.6635981777,0.165385137246
0,0.161372219083,11.6635981777,0.161372219083
0,0.172761477623,11.6635981777,0.172761477623
0,0.170774774324,11.6635981777,0.170774774324
0,0.17853103759,11.6635981777,0.17853103759
0,0.175125229818,11.6635981777,0.175125229818
0,0.172852094073,11.6635981777,0.172852094073
0,0.169449723519,11.6635981777,0.169449723519
0,0.162538407841,11.6635981777,0.162538407841
0,0.160147993569,11.6635981777,0.160147993569
0,0.177661602105,11.6635981777,0.177661602105
0,0.184679589432,11.6635981777,0.184679589432
0,0.172674380371,11.6635981777,0.172674380371
0,0.167972326902,11.6635981777,0.167972326902
0,0.163907723442,11.6635981777,0.163907723442
0,0.169956275551,11.6635981777,0.169956275551
0,0.165300190344,11.6635981777,0.165300190344
0,0.159678782124,11.6635981777,0.159678782124
0,0.168880714777,11.6635981777,0.168880714777
0,0.188572110288,11.6635981777,0.188572110288
0,0.17150805447,11.6635981777,0.17150805447
0,0.162092767619,11.6635981777,0.162092767619
0,0.172821919322,11.6635981777,0.172821919322
0,0.164891319349,11.6635981777,0.164891319349
0,0.162457932357,11.6635981777,0.162457932357
0,0.161433979614,11.6635981777,0.161433979614
0,0.174395025326,11.6635981777,0.174395025326
0,0.181539784342,11.6635981777,0.181539784342
0,0.176671487823,11.6635981777,0.176671487823
0,0.165987202363,11.6635981777,0.165987202363
0,0.159523107046,11.6635981777,0.159523107046
0,0.158046386633,11.6635981777,0.158046386633
0,0.159003029921,11.6635981777,0.159003029921
0,0.159986726177,11.6635981777,0.159986726177
0,0.153992554901,11.6635981777,0.153992554901
0,0.157097127358,11.6635981777,0.157097127358
0,0.178003391471,11.6635981777,0.178003391471
0,0.166914763682,11.6635981777,0.166914763682
0,0.16923141907,11.6635981777,0.16923141907
0,0.16193777492,11.6635981777,0.16193777492
0,0.159034348181,11.6635981777,0.159034348181
0,0.171199353112,11.6635981777,0.171199353112
0,0.172305760882,11.6635981777,0.172305760882
0,0.170753715732,11.6635981777,0.170753715732
0,0.154081532351,11.6635981777,0.154081532351
0,0.170463089233,11.6635981777,0.170463089233
0,0.166345408736,11.6635981777,0.166345408736
0,0.155120613504,11.6635981777,0.155120613504
0,0.158046470735,11.6635981777,0.158046470735
0,0.160195459779,11.6635981777,0.160195459779
0,0.158243206697,11.6635981777,0.158243206697
0,0.165105784402,11.6635981777,0.165105784402
0,0.158014653579,11.6635981777,0.158014653579
0,0.16103639567,11.6635981777,0.16103639567
0,0.153795094733,11.6635981777,0.153795094733
0,0.156973283727,11.6635981777,0.156973283727
0,0.150108407802,11.6635981777,0.150108407802
0,0.146554942305,11.6635981777,0.146554942305
0,0.166005745855,11.6635981777,0.166005745855
0,0.175189910942,11.6635981777,0.175189910942
0,0.164154521073,11.6635981777,0.164154521073
0,0.148607185781,11.6635981777,0.148607185781
0,0.159594362087,11.6635981777,0.159594362087
0,0.165202583798,11.6635981777,0.165202583798
0,0.160518793916,11.6635981777,0.160518793916
0,0.164611672734,11.6635981777,0.164611672734
0,0.165148743971,11.6635981777,0.165148743971
0,0.158209786437,11.6635981777,0.158209786437
0,0.151414118569,11.6635981777,0.151414118569
0,0.16026102253,11.6635981777,0.16026102253
0,0.161273436873,11.6635981777,0.161273436873
0,0.157639791223,11.6635981777,0.157639791223
0,0.153080227989,11.6635981777,0.153080227989
0,0.159247854545,11.6635981777,0.159247854545
0,0.164085111187,11.6635981777,0.164085111187
0,0.158377103954,11.6635981777,0.158377103954
0,0.161648305014,11.6635981777,0.161648305014
0,0.154327229393,11.6635981777,0.154327229393
0,0.14577262979,11.6635981777,0.14577262979
0,0.148943860031,11.6635981777,0.148943860031
0,0.153946489478,11.6635981777,0.153946489478
0,0.152389800736,11.6635981777,0.152389800736
0,0.154338403618,11.6635981777,0.154338403618
0,0.148436030721,11.6635981777,0.148436030721
0,0.154797209737,11.6635981777,0.154797209737
0,0.159480433572,11.6635981777,0.159480433572
0,0.154067079513,11.6635981777,0.154067079513
0,0.162518979298,11.6635981777,0.162518979298
0,0.151719707097,11.6635981777,0.151719707097
0,0.143247655438,11.6635981777,0.143247655438
0,0.143042070289,11.6635981777,0.143042070289
0,0.151981925111,11.6635981777,0.151981925111
0,0.143270731063,11.6635981777,0.143270731063
0,0.149127836796,11.6635981777,0.149127836796
0,0.151139816096,11.6635981777,0.151139816096
0,0.162550313346,11.6635981777,0.162550313346
0,0.154675274468,11.6635981777,0.154675274468
0,0.160555341027,11.6635981777,0.160555341027
0,0.154345928679,11.6635981777,0.154345928679
0,0.149672072989,11.6635981777,0.149672072989
0,0.157137451949,11.6635981777,0.157137451949
0,0.154782751275,11.6635981777,0.154782751275
0,0.160437031802,11.6635981777,0.160437031802
0,0.15838218727,11.6635981777,0.15838218727
0,0.154291165845,11.6635981777,0.154291165845
0,0.146636492721,11.6635981777,0.146636492721
0,0.151555747008,11.6635981777,0.151555747008
0,0.156279620026,11.6635981777,0.156279620026
0,0.147441521879,11.6635981777,0.147441521879
0,0.149879822519,11.6635981777,0.149879822519
0,0.149302279491,11.6635981777,0.149302279491
0,0.156017022407,11.6635981777,0.156017022407
0,0.152141002703,11.6635981777,0.152141002703
0,0.146905614012,11.6635981777,0.146905614012
0,0.147064880796,11.6635981777,0.147064880796
0,0.145185161765,11.6635981777,0.145185161765
0,0.160600574879,11.6635981777,0.160600574879
0,0.150778837474,11.6635981777,0.150778837474
0,0.146986666686,11.6635981777,0.146986666686
0,0.147895943191,11.6635981777,0.147895943191
0,0.156193723744,11.6635981777,0.156193723744
0,0.154275236484,11.6635981777,0.154275236484
0,0.146576848841,11.6635981777,0.146576848841
0,0.146067005656,11.6635981777,0.146067005656
0,0.141710894573,11.6635981777,0.141710894573
0,0.135664372398,11.6635981777,0.135664372398
0,0.148980714571,11.6635981777,0.148980714571
0,0.151057690883,11.6635981777,0.151057690883
0,0.135787426684,11.6635981777,0.135787426684
0,0.135769345988,11.6635981777,0.135769345988
0,0.15756361881,11.6635981777,0.15756361881
0,0.163887766421,11.6635981777,0.163887766421
0,0.158530029595,11.6635981777,0.158530029595
0,0.146192403445,11.6635981777,0.146192403445
0,0.142484413806,11.6635981777,0.142484413806
0,0.148452078688,11.6635981777,0.148452078688
0,0.143734858401,11.6635981777,0.143734858401
0,0.14284964734,11.6635981777,0.14284964734
0,0.148193354479,11.6635981777,0.148193354479
0,0.14816215531,11.6635981777,0.14816215531
0,0.145395084708,11.6635981777,0.145395084708
0,0.145423273423,11.6635981777,0.145423273423
0,0.150077297728,11.6635981777,0.150077297728
0,0.146889649021,11.6635981777,0.146889649021
0,0.14416371694,11.6635981777,0.14416371694
0,0.143001852054,11.6635981777,0.143001852054
0,0.136677164335,11.6635981777,0.136677164335
0,0.142883738513,11.6635981777,0.142883738513
0,0.141664296894,11.6635981777,0.141664296894
0,0.139228471917,11.6635981777,0.139228471917
0,0.141704918625,11.6635981777,0.141704918625
0,0.139004247267,11.6635981777,0.139004247267
0,0.137304376443,11.6635981777,0.137304376443
0,0.159459329054,11.6635981777,0.159459329054
0,0.143550283585,11.6635981777,0.143550283585
0,0.133878955541,11.6635981777,0.133878955541
0,0.132633560901,11.6635981777,0.132633560901
0,0.140672990015,11.6635981777,0.140672990015
0,0.135242548006,11.6635981777,0.135242548006
0,0.145583358005,11.6635981777,0.145583358005
0,0.13825665918,11.6635981777,0.13825665918
0,0.137085811726,11.6635981777,0.137085811726
0,0.141508227743,11.6635981777,0.141508227743
0,0.137289556013,11.6635981777,0.137289556013
0,0.134306991555,11.6635981777,0.134306991555
0,0.135567117853,11.6635981777,0.135567117853
0,0.147611694921,11.6635981777,0.147611694921
0,0.143683585518,11.6635981777,0.143683585518
0,0.136660397788,11.6635981777,0.136660397788
0,0.148264288755,11.6635981777,0.148264288755
0,0.142698915543,11.6635981777,0.142698915543
0,0.136248424584,11.6635981777,0.136248424584
0,0.134453453294,11.6635981777,0.134453453294
0,0.137952408172,11.6635981777,0.137952408172
0,0.13115956074,11.6635981777,0.13115956074
0,0.13120972117,11.6635981777,0.13120972117
0,0.142382016476,11.6635981777,0.142382016476
0,0.148467130189,11.6635981777,0.148467130189
0,0.137415409869,11.6635981777,0.137415409869
0,0.13390107045,11.6635981777,0.13390107045
0,0.13452013407,11.6635981777,0.13452013407
0,0.134229946727,11.6635981777,0.134229946727
0,0.138101815186,11.6635981777,0.138101815186
0,0.141414685873,11.6635981777,0.141414685873
0,0.147403034438,11.6635981777,0.147403034438
0,0.140569350885,11.6635981777,0.140569350885
0,0.132786974249,11.6635981777,0.132786974249
0,0.133123885754,11.6635981777,0.133123885754
0,0.135556054212,11.6635981777,0.135556054212
0,0.135706451856,11.6635981777,0.135706451856
0,0.142378873544,11.6635981777,0.142378873544
0,0.133547628259,11.6635981777,0.133547628259
0,0.12780492244,11.6635981777,0.12780492244
0,0.129291897527,11.6635981777,0.129291897527
0,0.135278999021,11.6635981777,0.135278999021
0,0.127428710018,11.6635981777,0.127428710018
0,0.135201734635,11.6635981777,0.135201734635
0,0.134937194367,11.6635981777,0.134937194367
0,0.137553898678,11.6635981777,0.137553898678
0,0.137849253636,11.6635981777,0.137849253636
0,0.146506310238,11.6635981777,0.146506310238
0,0.144929991388,11.6635981777,0.144929991388
0,0.138718692003,11.6635981777,0.138718692003
0,0.143143472394,11.6635981777,0.143143472394
0,0.137285292306,11.6635981777,0.137285292306
0,0.132592492424,11.6635981777,0.132592492424
0,0.130933176778,11.6635981777,0.130933176778
0,0.134133741162,11.6635981777,0.134133741162
0,0.13660380969,11.6635981777,0.13660380969
0,0.128697071703,11.6635981777,0.128697071703
0,0.132243501107,11.6635981777,0.132243501107
0,0.128046256159,11.6635981777,0.128046256159
0,0.146392109826,11.6635981777,0.146392109826
0,0.142814464788,11.6635981777,0.142814464788
0,0.137239204019,11.6635981777,0.137239204019
0,0.124584973185,11.6635981777,0.124584973185
0,0.123329939629,11.6635981777,0.123329939629
0,0.135034858485,11.6635981777,0.135034858485
0,0.137863008692,11.6635981777,0.137863008692
0,0.130280075079,11.6635981777,0.130280075079
0,0.137691580688,11.6635981777,0.137691580688
0,0.130789910703,11.6635981777,0.130789910703
0,0.12414048048,11.6635981777,0.12414048048
0,0.131984494261,11.6635981777,0.131984494261
0,0.144151509191,11.6635981777,0.144151509191
0,0.133938708117,11.6635981777,0.133938708117
0,0.123990252838,11.6635981777,0.123990252838
0,0.130500105162,11.6635981777,0.130500105162
0,0.134012290972,11.6635981777,0.134012290972
0,0.130788926914,11.6635981777,0.130788926914
0,0.121567740624,11.6635981777,0.121567740624
0,0.122512351233,11.6635981777,0.122512351233
0,0.138205074088,11.6635981777,0.138205074088
0,0.135138747245,11.6635981777,0.135138747245
0,0.130857137486,11.6635981777,0.130857137486
0,0.131375785292,11.6635981777,0.131375785292
0,0.127810045829,11.6635981777,0.127810045829
0,0.131994834253,11.6635981777,0.131994834253
0,0.129203339017,11.6635981777,0.129203339017
0,0.130141857336,11.6635981777,0.130141857336
0,0.131767970181,11.6635981777,0.131767970181
0,0.121967483574,11.6635981777,0.121967483574
0,0.13208508258,11.6635981777,0.13208508258
0,0.122309457112,11.6635981777,0.122309457112
0,0.122383827434,11.6635981777,0.122383827434
0,0.143662116685,11.6635981777,0.143662116685
0,0.129053864764,11.6635981777,0.129053864764
0,0.124122043586,11.6635981777,0.124122043586
0,0.128243943169,11.6635981777,0.128243943169
0,0.127176188542,11.6635981777,0.127176188542
0,0.137750873902,11.6635981777,0.137750873902
0,0.123249956416,11.6635981777,0.123249956416
0,0.125610827052,11.6635981777,0.125610827052
0,0.124653455272,11.6635981777,0.124653455272
0,0.126729646996,11.6635981777,0.126729646996
0,0.124493177159,11.6635981777,0.124493177159
0,0.116407413884,11.6635981777,0.116407413884
0,0.118472911354,11.6635981777,0.118472911354
0,0.134207266511,11.6635981777,0.134207266511
0,0.12327487558,11.6635981777,0.12327487558
0,0.128719898369,11.6635981777,0.128719898369
0,0.134433531454,11.6635981777,0.134433531454
0,0.133062009482,11.6635981777,0.133062009482
0,0.128920476489,11.6635981777,0.128920476489
0,0.123741016439,11.6635981777,0.123741016439
0,0.12905820039,11.6635981777,0.12905820039
0,0.124194405206,11.6635981777,0.124194405206
0,0.120727262851,11.6635981777,0.120727262851
0,0.133755382327,11.6635981777,0.133755382327
0,0.123806529359,11.6635981777,0.123806529359
0,0.126573582988,11.6635981777,0.126573582988
0,0.123430224512,11.6635981777,0.123430224512
0,0.122020885436,11.6635981777,0.122020885436
0,0.125318951275,11.6635981777,0.125318951275
0,0.125709330212,11.6635981777,0.125709330212
0,0.123159772131,11.6635981777,0.123159772131
0,0.125216388991,11.6635981777,0.125216388991
0,0.122692063781,11.6635981777,0.122692063781
0,0.132098105479,11.6635981777,0.132098105479
0,0.123185207948,11.6635981777,0.123185207948
0,0.119503471265,11.6635981777,0.119503471265
0,0.124899289215,11.6635981777,0.124899289215
0,0.121404800527,11.6635981777,0.121404800527
0,0.125524549936,11.6635981777,0.125524549936
0,0.117936965935,11.6635981777,0.117936965935
0,0.12828416851,11.6635981777,0.12828416851
0,0.131218277833,11.6635981777,0.131218277833
0,0.12460846905,11.6635981777,0.12460846905
0,0.127027427557,11.6635981777,0.127027427557
0,0.128692521769,11.6635981777,0.128692521769
0,0.123743019235,11.6635981777,0.123743019235
0,0.128736222578,11.6635981777,0.128736222578
0,0.122738278825,11.6635981777,0.122738278825
0,0.128642754212,11.6635981777,0.128642754212
0,0.120726986266,11.6635981777,0.120726986266
0,0.128076806139,11.6635981777,0.128076806139
0,0.116905737297,11.6635981777,0.116905737297
0,0.119386708203,11.6635981777,0.119386708203
0,0.119437155995,11.6635981777,0.119437155995
0,0.115410358167,11.6635981777,0.115410358167
0,0.119049257919,11.6635981777,0.119049257919
0,0.123470966389,11.6635981777,0.123470966389
0,0.116266941377,11.6635981777,0.116266941377
0,0.119781482138,11.6635981777,0.119781482138
0,0.128973648651,11.6635981777,0.128973648651
0,0.125524641159,11.6635981777,0.125524641159
0,0.120429080766,11.6635981777,0.120429080766
0,0.12488018624,11.6635981777,0.12488018624
0,0.121780112661,11.6635981777,0.121780112661
0,0.130876679671,11.6635981777,0.130876679671
0,0.121611333952,11.6635981777,0.121611333952
0,0.117044392382,11.6635981777,0.117044392382
0,0.130835878395,11.6635981777,0.130835878395
0,0.122722175791,11.6635981777,0.122722175791
0,0.119072340637,11.6635981777,0.119072340637
0,0.115250309954,11.6635981777,0.115250309954
0,0.117199763386,11.6635981777,0.117199763386
0,0.125807051534,11.6635981777,0.125807051534
0,0.1201482928,11.6635981777,0.1201482928
0,0.114414615145,11.6635981777,0.114414615145
0,0.122116618495,11.6635981777,0.122116618495
0,0.118996374149,11.6635981777,0.118996374149
0,0.116913356192,11.6635981777,0.116913356192
0,0.11596414464,11.6635981777,0.11596414464
0,0.12214652532,11.6635981777,0.12214652532
0,0.11716254227,11.6635981777,0.11716254227
0,0.114500871248,11.6635981777,0.114500871248
0,0.114339704769,11.6635981777,0.114339704769
0,0.116597386478,11.6635981777,0.116597386478
0,0.116152007516,11.6635981777,0.116152007516
0,0.123649847696,11.6635981777,0.123649847696
0,0.11914783088,11.6635981777,0.11914783088
0,0.120296188715,11.6635981777,0.120296188715
0,0.112851419199,11.6635981777,0.112851419199
0,0.131951435183,11.6635981777,0.131951435183
0,0.121505980242,11.6635981777,0.121505980242
0,0.11656231865,11.6635981777,0.11656231865
0,0.120453204721,11.6635981777,0.120453204721
0,0.118639533633,11.6635981777,0.118639533633
0,0.116856102884,11.6635981777,0.116856102884
0,0.117621612166,11.6635981777,0.117621612166
0,0.110497316659,11.6635981777,0.110497316659
0,0.11569998489,11.6635981777,0.11569998489
0,0.115857521921,11.6635981777,0.115857521921
0,0.11590932993,11.6635981777,0.11590932993
0,0.114417503322,11.6635981777,0.114417503322
0,0.113941218863,11.6635981777,0.113941218863
0,0.118584682592,11.6635981777,0.118584682592
0,0.118430026739,11.6635981777,0.118430026739
0,0.118116213675,11.6635981777,0.118116213675
0,0.116038944224,11.6635981777,0.116038944224
0,0.113891053859,11.6635981777,0.113891053859
0,0.112903652265,11.6635981777,0.112903652265
0,0.11084754786,11.6635981777,0.11084754786
0,0.118977758024,11.6635981777,0.118977758024
0,0.115826495923,11.6635981777,0.115826495923
0,0.114761972168,11.6635981777,0.114761972168
0,0.115826024448,11.6635981777,0.115826024448
0,0.113390281354,11.6635981777,0.113390281354
0,0.113601565464,11.6635981777,0.113601565464
0,0.115147481348,11.6635981777,0.115147481348
0,0.115204709061,11.6635981777,0.115204709061
0,0.115278231552,11.6635981777,0.115278231552
0,0.115405009823,11.6635981777,0.115405009823
0,0.114539482023,11.6635981777,0.114539482023
0,0.11577533296,11.6635981777,0.11577533296
0,0.116315218099,11.6635981777,0.116315218099
0,0.118482106227,11.6635981777,0.118482106227
0,0.118227208182,11.6635981777,0.118227208182
0,0.112829762736,11.6635981777,0.112829762736
0,0.118441291576,11.6635981777,0.118441291576
0,0.112565148774,11.6635981777,0.112565148774
0,0.10977455471,11.6635981777,0.10977455471
0,0.114189260653,11.6635981777,0.114189260653
0,0.114484384244,11.6635981777,0.114484384244
0,0.111486671726,11.6635981777,0.111486671726
0,0.111706133002,11.6635981777,0.111706133002
0,0.118744619973,11.6635981777,0.118744619973
0,0.114559780492,11.6635981777,0.114559780492
0,0.109823234825,11.6635981777,0.109823234825
0,0.115615144192,11.6635981777,0.115615144192
0,0.124177852855,11.6635981777,0.124177852855
0,0.112651322974,11.6635981777,0.112651322974
0,0.110560447182,11.6635981777,0.110560447182
0,0.111941211245,11.6635981777,0.111941211245
0,0.108741989003,11.6635981777,0.108741989003
0,0.112670070622,11.6635981777,0.112670070622
0,0.1054973398,11.6635981777,0.1054973398
0,0.111821589994,11.6635981777,0.111821589994
0,0.1140288198,11.6635981777,0.1140288198
0,0.1132908647,11.6635981777,0.1132908647
0,0.108114864822,11.6635981777,0.108114864822
0,0.106995413851,11.6635981777,0.106995413851
0,0.104791115107,11.6635981777,0.104791115107
0,0.11358411457,11.6635981777,0.11358411457
0,0.11106551059,11.6635981777,0.11106551059
0,0.12416310506,11.6635981777,0.12416310506
0,0.112848650308,11.6635981777,0.112848650308
0,0.114443322473,11.6635981777,0.114443322473
0,0.111357774348,11.6635981777,0.111357774348
0,0.105694777397,11.6635981777,0.105694777397
0,0.109454949198,11.6635981777,0.109454949198
0,0.115895830961,11.6635981777,0.115895830961
0,0.112250434066,11.6635981777,0.112250434066
0,0.110795124664,11.6635981777,0.110795124664
0,0.105891892292,11.6635981777,0.105891892292
0,0.107470811524,11.6635981777,0.107470811524
0,0.113750501124,11.6635981777,0.113750501124
0,0.111883398056,11.6635981777,0.111883398056
0,0.109783969539,11.6635981777,0.109783969539
0,0.106577505451,11.6635981777,0.106577505451
0,0.114166922135,11.6635981777,0.114166922135
0,0.110427039946,11.6635981777,0.110427039946
0,0.117432363449,11.6635981777,0.117432363449
0,0.110064562887,11.6635981777,0.110064562887
0,0.105494574495,11.6635981777,0.105494574495
0,0.109342874166,11.6635981777,0.109342874166
0,0.110432699609,11.6635981777,0.110432699609
0,0.109251080861,11.6635981777,0.109251080861
0,0.110565537214,11.6635981777,0.110565537214
0,0.107214884056,11.6635981777,0.107214884056
0,0.110023187168,11.6635981777,0.110023187168
0,0.103756703955,11.6635981777,0.103756703955
0,0.108173679261,11.6635981777,0.108173679261
0,0.102692065629,11.6635981777,0.102692065629
0,0.101061751992,11.6635981777,0.101061751992
0,0.103542057507,11.6635981777,0.103542057507
0,0.106120410546,11.6635981777,0.106120410546
0,0.10428984393,11.6635981777,0.10428984393
0,0.106565674243,11.6635981777,0.106565674243
0,0.104434519105,11.6635981777,0.104434519105
0,0.117401923422,11.6635981777,0.117401923422
0,0.114860392759,11.6635981777,0.114860392759
0,0.107814959168,11.6635981777,0.107814959168
0,0.107894978541,11.6635981777,0.107894978541
0,0.114160757288,11.6635981777,0.114160757288
0,0.10977775813,11.6635981777,0.10977775813
0,0.104684773219,11.6635981777,0.104684773219
0,0.100628741059,11.6635981777,0.100628741059
0,0.109303347872,11.6635981777,0.109303347872
0,0.108321380874,11.6635981777,0.108321380874
0,0.113914736392,11.6635981777,0.113914736392
0,0.10581658694,11.6635981777,0.10581658694
0,0.112181621312,11.6635981777,0.112181621312
0,0.104963609322,11.6635981777,0.104963609322
0,0.109571168619,11.6635981777,0.109571168619
0,0.108892646544,11.6635981777,0.108892646544
0,0.106683847727,11.6635981777,0.106683847727
0,0.107615970291,11.6635981777,0.107615970291
0,0.108777179098,11.6635981777,0.108777179098
0,0.105556298302,11.6635981777,0.105556298302
0,0.103860575064,11.6635981777,0.103860575064
0,0.101655938603,11.6635981777,0.101655938603
0,0.0979575675001,11.6635981777,0.0979575675001
0,0.110119030139,11.6635981777,0.110119030139
0,0.111982010178,11.6635981777,0.111982010178
0,0.102336608406,11.6635981777,0.102336608406
0,0.107803869911,11.6635981777,0.107803869911
0,0.103228624036,11.6635981777,0.103228624036
0,0.108845975903,11.6635981777,0.108845975903
0,0.10641049448,11.6635981777,0.10641049448
0,0.102995752267,11.6635981777,0.102995752267
0,0.0969135254484,11.6635981777,0.0969135254484
0,0.100908408867,11.6635981777,0.100908408867
0,0.100009730898,11.6635981777,0.100009730898
0,0.107342303072,11.6635981777,0.107342303072
0,0.10333863962,11.6635981777,0.10333863962
0,0.114293966223,11.6635981777,0.114293966223
0,0.103892377034,11.6635981777,0.103892377034
0,0.100798662335,11.6635981777,0.100798662335
0,0.10401078103,11.6635981777,0.10401078103
0,0.10174582459,11.6635981777,0.10174582459
0,0.112041093216,11.6635981777,0.112041093216
0,0.106793936027,11.6635981777,0.106793936027
0,0.104424316218,11.6635981777,0.104424316218
0,0.103879923373,11.6635981777,0.103879923373
0,0.101583632793,11.6635981777,0.101583632793
0,0.0924927790925,11.6635981777,0.0924927790925
0,0.110820585044,11.6635981777,0.110820585044
0,0.108439470181,11.6635981777,0.108439470181
0,0.103519215363,11.6635981777,0.103519215363
0,0.106833623211,11.6635981777,0.106833623211
0,0.10049711513,11.6635981777,0.10049711513
0,0.0978514025275,11.6635981777,0.0978514025275
0,0.100943975674,11.6635981777,0.100943975674
0,0.10201552259,11.6635981777,0.10201552259
0,0.103565116605,11.6635981777,0.103565116605
0,0.104261261236,11.6635981777,0.104261261236
0,0.101977201051,11.6635981777,0.101977201051
0,0.104141614281,11.6635981777,0.104141614281
0,0.103277801185,11.6635981777,0.103277801185
0,0.102577247137,11.6635981777,0.102577247137
0,0.102133406272,11.6635981777,0.102133406272
0,0.103701402265,11.6635981777,0.103701402265
0,0.103325648086,11.6635981777,0.103325648086
0,0.108041237686,11.6635981777,0.108041237686
0,0.100536818474,11.6635981777,0.100536818474
0,0.106038115872,11.6635981777,0.106038115872
0,0.100270892375,11.6635981777,0.100270892375
0,0.101007410213,11.6635981777,0.101007410213
0,0.0997190996949,11.6635981777,0.0997190996949
0,0.106665796051,11.6635981777,0.106665796051
0,0.103854756986,11.6635981777,0.103854756986
0,0.0993245140649,11.6635981777,0.0993245140649
0,0.0994134645633,11.6635981777,0.0994134645633
0,0.100162684519,11.6635981777,0.100162684519
0,0.106558062043,11.6635981777,0.106558062043
0,0.095800413537,11.6635981777,0.095800413537
0,0.100004268308,11.6635981777,0.100004268308
0,0.100618681104,11.6635981777,0.100618681104
0,0.103514955392,11.6635981777,0.103514955392
0,0.0985054332583,11.6635981777,0.0985054332583
0,0.100948866941,11.6635981777,0.100948866941
0,0.0978313206089,11.6635981777,0.0978313206089
0,0.101994792543,11.6635981777,0.101994792543
0,0.102283236895,11.6635981777,0.102283236895
0,0.107770773027,11.6635981777,0.107770773027
0,0.101479845442,11.6635981777,0.101479845442
0,0.100333952003,11.6635981777,0.100333952003
0,0.0965796877045,11.6635981777,0.0965796877045
0,0.107084394738,11.6635981777,0.107084394738
0,0.0986821434174,11.6635981777,0.0986821434174
0,0.101160540385,11.6635981777,0.101160540385
0,0.0981165774519,11.6635981777,0.0981165774519
0,0.0996238834294,11.6635981777,0.0996238834294
0,0.0951731310128,11.6635981777,0.0951731310128
0,0.0991605260078,11.6635981777,0.0991605260078
0,0.108704728901,11.6635981777,0.108704728901
0,0.102148018797,11.6635981777,0.102148018797
0,0.0973326872776,11.6635981777,0.0973326872776
0,0.0997706670148,11.6635981777,0.0997706670148
0,0.0957759086204,11.6635981777,0.0957759086204
0,0.0948472699343,11.6635981777,0.0948472699343
0,0.0966487506661,11.6635981777,0.0966487506661
0,0.098796294415,11.6635981777,0.098796294415
0,0.10180280864,11.6635981777,0.10180280864
0,0.0982848186697,11.6635981777,0.0982848186697
0,0.0970289404714,11.6635981777,0.0970289404714
0,0.106931222934,11.6635981777,0.106931222934
0,0.104398910394,11.6635981777,0.104398910394
0,0.0994048122365,11.6635981777,0.0994048122365
0,0.101770350944,11.6635981777,0.101770350944
0,0.0954338516537,11.6635981777,0.0954338516537
0,0.0972872052237,11.6635981777,0.0972872052237
0,0.096889163288,11.6635981777,0.096889163288
0,0.097491862819,11.6635981777,0.097491862819
0,0.096708517115,11.6635981777,0.096708517115
0,0.0932247903589,11.6635981777,0.0932247903589
0,0.0980265740814,11.6635981777,0.0980265740814
0,0.0977562034137,11.6635981777,0.0977562034137
0,0.103111753136,11.6635981777,0.103111753136
0,0.0992646049478,11.6635981777,0.0992646049478
0,0.101524154799,11.6635981777,0.101524154799
0,0.0990580945461,11.6635981777,0.0990580945461
0,0.0940066247444,11.6635981777,0.0940066247444
0,0.0925806220623,11.6635981777,0.0925806220623
0,0.100145588102,11.6635981777,0.100145588102
0,0.0990598720428,11.6635981777,0.0990598720428
0,0.0992369261742,11.6635981777,0.0992369261742
0,0.0940889434594,11.6635981777,0.0940889434594
0,0.096285276689,11.6635981777,0.096285276689
0,0.097120614982,11.6635981777,0.097120614982
0,0.100205371981,11.6635981777,0.100205371981
0,0.0964368928791,11.6635981777,0.0964368928791
0,0.0948004453028,11.6635981777,0.0948004453028
0,0.10060486373,11.6635981777,0.10060486373
0,0.0988646281937,11.6635981777,0.0988646281937
0,0.100252444489,11.6635981777,0.100252444489
0,0.0970621413855,11.6635981777,0.0970621413855
0,0.095564464561,11.6635981777,0.095564464561
0,0.0933809441863,11.6635981777,0.0933809441863
0,0.092672590679,11.6635981777,0.092672590679
0,0.0913503461686,11.6635981777,0.0913503461686
0,0.0924681189825,11.6635981777,0.0924681189825
0,0.102589065459,11.6635981777,0.102589065459
0,0.0996191174427,11.6635981777,0.0996191174427
0,0.0994103345225,11.6635981777,0.0994103345225
0,0.0989841146617,11.6635981777,0.0989841146617
0,0.0921976910761,11.6635981777,0.0921976910761
0,0.0975693614594,11.6635981777,0.0975693614594
0,0.100505327115,11.6635981777,0.100505327115
0,0.0966701244359,11.6635981777,0.0966701244359
0,0.0968674583617,11.6635981777,0.0968674583617
0,0.0928392504292,11.6635981777,0.0928392504292
0,0.10147136677,11.6635981777,0.10147136677
0,0.101977977571,11.6635981777,0.101977977571
0,0.0964299638338,11.6635981777,0.0964299638338
0,0.0920011011298,11.6635981777,0.0920011011298
0,0.0891941610887,11.6635981777,0.0891941610887
0,0.0961830695681,11.6635981777,0.0961830695681
0,0.091363016392,11.6635981777,0.091363016392
0,0.0937239833021,11.6635981777,0.0937239833021
0,0.0929859468249,11.6635981777,0.0929859468249
0,0.0964360698319,11.6635981777,0.0964360698319
0,0.093309975156,11.6635981777,0.093309975156
0,0.0945412403098,11.6635981777,0.0945412403098
0,0.101159485393,11.6635981777,0.101159485393
0,0.0951823199776,11.6635981777,0.0951823199776
0,0.0923329744849,11.6635981777,0.0923329744849
0,0.0962114267742,11.6635981777,0.0962114267742
0,0.0959450102581,11.6635981777,0.0959450102581
0,0.0907489763229,11.6635981777,0.0907489763229
0,0.0968112652527,11.6635981777,0.0968112652527
0,0.0929991734252,11.6635981777,0.0929991734252
0,0.0916823590168,11.6635981777,0.0916823590168
0,0.0935037622007,11.6635981777,0.0935037622007
0,0.09886422888,11.6635981777,0.09886422888
0,0.0945762409284,11.6635981777,0.0945762409284
0,0.095542513071,11.6635981777,0.095542513071
0,0.0945804385112,11.6635981777,0.0945804385112
0,0.095747798419,11.6635981777,0.095747798419
0,0.0937318499653,11.6635981777,0.0937318499653
0,0.0950429252903,11.6635981777,0.0950429252903
0,0.0947558478178,11.6635981777,0.0947558478178
0,0.0909374751349,11.6635981777,0.0909374751349
0,0.0911015705837,11.6635981777,0.0911015705837
0,0.0936493751341,11.6635981777,0.0936493751341
0,0.0932397954643,11.6635981777,0.0932397954643
0,0.0955612657596,11.6635981777,0.0955612657596
0,0.0906741219073,11.6635981777,0.0906741219073
0,0.0927976412039,11.6635981777,0.0927976412039
0,0.0959164743435,11.6635981777,0.0959164743435
0,0.0941880347677,11.6635981777,0.0941880347677
0,0.093376907914,11.6635981777,0.093376907914
0,0.095215118355,11.6635981777,0.095215118355
0,0.0868593729473,11.6635981777,0.0868593729473
0,0.0898826246636,11.6635981777,0.0898826246636
0,0.0926828548151,11.6635981777,0.0926828548151
0,0.0932372845206,11.6635981777,0.0932372845206
0,0.0956114574069,11.6635981777,0.0956114574069
0,0.0902673424681,11.6635981777,0.0902673424681
0,0.0927680263384,11.6635981777,0.0927680263384
0,0.0926879028873,11.6635981777,0.0926879028873
0,0.0911923168834,11.6635981777,0.0911923168834
0,0.0909826070028,11.6635981777,0.0909826070028
0,0.0961805279357,11.6635981777,0.0961805279357
0,0.0973319976441,11.6635981777,0.0973319976441
0,0.092681571939,11.6635981777,0.092681571939
0,0.0916580447852,11.6635981777,0.0916580447852
0,0.0957843384455,11.6635981777,0.0957843384455
0,0.0903033019763,11.6635981777,0.0903033019763
0,0.0900197659931,11.6635981777,0.0900197659931
0,0.0910068479647,11.6635981777,0.0910068479647
0,0.0897463956125,11.6635981777,0.0897463956125
0,0.0881147804183,11.6635981777,0.0881147804183
0,0.0926435890449,11.6635981777,0.0926435890449
0,0.0986111891443,11.6635981777,0.0986111891443
0,0.0963147601428,11.6635981777,0.0963147601428
0,0.0917603929245,11.6635981777,0.0917603929245
0,0.0909987836496,11.6635981777,0.0909987836496
0,0.0904409790113,11.6635981777,0.0904409790113
0,0.0910079121795,11.6635981777,0.0910079121795
0,0.0912838364354,11.6635981777,0.0912838364354
0,0.0905074413751,11.6635981777,0.0905074413751
0,0.0885371730062,11.6635981777,0.0885371730062
0,0.0914626030115,11.6635981777,0.0914626030115
0,0.0945746956383,11.6635981777,0.0945746956383
0,0.0913974153856,11.6635981777,0.0913974153856
0,0.0904010255819,11.6635981777,0.0904010255819
0,0.0907733722869,11.6635981777,0.0907733722869
0,0.0901642001698,11.6635981777,0.0901642001698
0,0.0897524075419,11.6635981777,0.0897524075419
0,0.0919810023716,11.6635981777,0.0919810023716
0,0.0888085329494,11.6635981777,0.0888085329494
0,0.0872691250229,11.6635981777,0.0872691250229
0,0.0862727942977,11.6635981777,0.0862727942977
0,0.0927128181653,11.6635981777,0.0927128181653
0,0.0947058922706,11.6635981777,0.0947058922706
0,0.0902897217267,11.6635981777,0.0902897217267
0,0.0901520977969,11.6635981777,0.0901520977969
0,0.0917865376049,11.6635981777,0.0917865376049
0,0.0905543570825,11.6635981777,0.0905543570825
0,0.0945299420721,11.6635981777,0.0945299420721
0,0.091105063196,11.6635981777,0.091105063196
0,0.0823166172362,11.6635981777,0.0823166172362
0,0.0891581099097,11.6635981777,0.0891581099097
0,0.0920662317686,11.6635981777,0.0920662317686
0,0.0923917824241,11.6635981777,0.0923917824241
0,0.0941348485984,11.6635981777,0.0941348485984
0,0.0873556507617,11.6635981777,0.0873556507617
0,0.0905481969337,11.6635981777,0.0905481969337
0,0.0903998237725,11.6635981777,0.0903998237725
0,0.090021686408,11.6635981777,0.090021686408
0,0.0869151086459,11.6635981777,0.0869151086459
0,0.0989874380333,11.6635981777,0.0989874380333
0,0.0909113481872,11.6635981777,0.0909113481872
0,0.0901238493143,11.6635981777,0.0901238493143
0,0.0887133691082,11.6635981777,0.0887133691082
0,0.0859769374121,11.6635981777,0.0859769374121
0,0.088455757657,11.6635981777,0.088455757657
0,0.0890625020209,11.6635981777,0.0890625020209
0,0.0875392267047,11.6635981777,0.0875392267047
0,0.0882270811583,11.6635981777,0.0882270811583
0,0.088297271158,11.6635981777,0.088297271158
0,0.0827771066015,11.6635981777,0.0827771066015
0,0.0914364430235,11.6635981777,0.0914364430235
0,0.0970597102906,11.6635981777,0.0970597102906
0,0.0875569560442,11.6635981777,0.0875569560442
0,0.0896125055707,11.6635981777,0.0896125055707
0,0.0843391272921,11.6635981777,0.0843391272921
