epoch,loss,main_output_loss,mid_output_loss
0,167.445011623,133.71412689,168.654421153
0,111.669828671,84.9954494571,133.371894082
0,101.786835385,81.9128221214,99.3700648369
0,96.2402934585,82.1590378274,70.4062771063
0,89.9794574508,78.2614172147,58.5902003077
0,87.5581689235,76.225528637,56.663200588
0,86.6836112382,75.6636303613,55.0999035631
0,84.5921349502,73.8847814675,53.5367666158
0,81.0135081515,70.6079316489,52.0278817379
0,80.2698366443,70.0823813619,50.9372756531
0,79.1581949352,69.2364601697,49.6086730883
0,77.6167276404,67.9778863165,48.1942059011
0,77.6192565254,68.0419509444,47.886527191
0,74.0355986638,64.6210678908,47.0726531635
0,68.3445968083,59.0423753786,46.5111064557
0,68.3271668147,59.1169095497,46.051285639
0,65.3633427226,56.279677229,45.4183267911
0,65.7673319778,56.7262300642,45.2055088948
0,64.0768280755,55.1267569,44.7503552108
0,62.609865921,53.7879009413,44.1098242411
0,62.2836758617,53.5346833195,43.7449620594
0,61.559116543,52.8413741716,43.5887112077
0,56.8610887571,48.0676866984,43.9670096382
0,48.052409251,39.417675568,43.1736677717
0,46.4509755665,37.8908630261,42.8005620643
0,46.6895636123,38.1176208721,42.8597130624
0,44.9490770657,36.4564306654,42.463231369
0,45.7116073624,37.1821070412,42.6475009705
0,44.7057496057,36.2573282002,42.2421063983
0,43.5237974563,35.0712794588,42.2625893575
0,42.6552590732,34.20383718,42.2571088364
0,43.2105897358,34.7402205418,42.3518453389
0,40.9024591537,32.5995265435,41.5146624322
0,41.9867519102,33.6220212331,41.8236527622
0,39.4442011247,31.1405729973,41.5181400187
0,40.8271183676,32.5895986345,41.1875980516
0,38.8142530138,30.6332572824,40.9049780472
0,38.466435433,30.270174091,40.9813060991
0,36.8784930463,28.7298647438,40.7431409051
0,38.648388806,30.4993316356,40.7452852448
0,36.7362186174,28.6409850919,40.4761670246
0,36.0406522054,27.9206100315,40.6002102643
0,36.2213658429,28.1265308878,40.4741741722
0,36.3043560234,28.1799233806,40.6221626085
0,35.7520359102,27.6868408931,40.3259744844
0,34.079213752,26.0651916068,40.070110129
0,34.080631076,26.0327444909,40.2394323258
0,34.1409351873,26.1654630052,39.8773603162
0,32.5013215163,24.5495563801,39.7588250884
0,31.9955162532,24.0573617595,39.6907718771
0,32.8517543749,24.8994129481,39.7617065418
0,31.2895311826,23.3613930458,39.6406900933
0,30.4578728457,22.5919735342,39.3294959712
0,30.2758210571,22.443323081,39.1624892965
0,31.0181872533,23.1308566421,39.4366524682
0,30.1486067351,22.3266892794,39.1095866955
0,29.7512299768,21.9737361475,38.8874685671
0,29.4651608841,21.6379814707,39.1358964836
0,28.0701304168,20.3161592657,38.7698551779
0,28.7144078742,20.9270249318,38.9369141319
0,28.6780948354,20.9331414741,38.7247662293
0,27.9802309635,20.2680466609,38.5609209385
0,27.3891608469,19.6983074473,38.4542664252
0,27.5630224269,19.8388354643,38.6209342375
0,27.3390625453,19.6717002988,38.3368106614
0,26.420881664,18.7930621016,38.1390972438
0,26.5325426798,18.8841408603,38.2420085276
0,25.4873626271,17.9038838367,37.9173933868
0,25.396553195,17.7308259724,38.3286355417
0,24.824388919,17.2135880136,38.0540039601
0,25.3667055299,17.8199302668,37.7338757533
0,25.467945467,17.8947198742,37.8661273996
0,24.4759233688,16.9385020902,37.6871058316
0,24.6709148297,17.1492680838,37.6082331693
0,24.5128077476,16.9319321682,37.9043773322
0,24.1929132205,16.6691032808,37.6190491376
0,23.6669273496,16.148804399,37.5906141926
0,23.3242443886,15.8187208473,37.5276171471
0,22.6273351416,15.1353555492,37.4598974038
0,23.3865993808,15.8810474715,37.5277589872
0,23.0291382441,15.5722813772,37.2842837787
0,22.2310505292,14.7398034806,37.4562346853
0,21.856714336,14.4634674724,36.9662337676
0,21.7163344462,14.3158282853,37.0025302531
0,21.142080331,13.7387506227,37.0166479898
0,22.6166327763,15.1804005572,37.1811605413
0,21.3914521685,14.0123640477,36.8954400543
0,21.7676241484,14.3575348993,37.0504456936
0,21.2956246673,13.9034959045,36.9606432633
0,20.9402081455,13.5988096616,36.7069918729
0,20.296890317,12.9248483333,36.8602093695
0,20.4981604317,13.1754285137,36.6136590443
0,20.7468032186,13.4381963728,36.5430336846
0,20.3433489425,12.982710872,36.803189804
0,20.4034347226,13.1555500604,36.2394227706
0,19.9018242218,12.6319911135,36.3491649998
0,20.3358511641,12.9874392816,36.7420588651
0,19.4134448693,12.1424772843,36.3548373836
0,19.0687446337,11.7960179603,36.3636328252
0,18.9619004136,11.7079970519,36.2695162681
0,19.2783330686,12.0409121626,36.187103991
0,19.1674848048,11.8671977479,36.5014347405
0,18.938351462,11.7229571048,36.0769712486
0,18.5080556358,11.2874850093,36.1028525948
0,18.8340058947,11.5918565647,36.2107461104
0,18.1279541793,10.9489469344,35.8950356899
0,17.9687031283,10.7932250457,35.8773898786
0,17.9494673109,10.7881985908,35.8063430669
0,18.8285218152,11.5978780527,36.1532182733
0,18.3819952187,11.1948505248,35.9357229341
0,17.8432182409,10.6729718267,35.851231537
0,17.941345603,10.7827037259,35.7932088524
0,17.6153484161,10.4741456348,35.7060133748
0,17.8889269428,10.7396974232,35.7461470654
0,17.9699751163,10.8372394784,35.6636776579
0,17.7615525179,10.64042809,35.6056216087
0,17.4134955397,10.2984702666,35.5751258353
0,17.3848853234,10.2465434228,35.6917089711
0,17.0256155377,9.87495999916,35.7532771597
0,16.9221971548,9.83505447213,35.4357128853
0,16.3411178599,9.28338792362,35.2886491558
0,16.8065391927,9.74577821393,35.3038043679
0,16.868025954,9.81527084738,35.2637750076
0,16.8856757989,9.80900600644,35.383348435
0,17.0909271923,9.99818466541,35.4637121059
0,16.8468135454,9.81456972507,35.1612185776
0,16.3098500077,9.23538013218,35.3723488503
0,16.4722046831,9.47024197826,35.0098130023
0,16.2581877143,9.20841402177,35.2488679376
0,16.5152337383,9.47855575263,35.1833894042
0,16.1263865254,9.09271918308,35.1683361875
0,16.3031969278,9.29354673636,35.0482504352
0,16.400199976,9.41163696608,34.9428145289
0,15.9586398278,8.93098760274,35.1382606018
0,15.5030726242,8.49765952948,35.0270649517
0,15.8578724448,8.87865260863,34.8960986606
0,15.4176555513,8.41342772207,35.0211386241
0,15.7663062385,8.82327648708,34.7151482398
0,15.6386807882,8.66512440574,34.8677813926
0,15.3560540215,8.39485613983,34.8059888899
0,15.5598684812,8.62954532895,34.6516152449
0,15.4363053221,8.45429491734,34.9100515036
0,15.4113299493,8.44425592656,34.8353695948
0,14.9401234026,8.01235350505,34.6388489716
0,15.3775697618,8.44398972478,34.6678996684
0,15.0525529075,8.1555029939,34.4852490539
0,14.9433976736,8.009718864,34.6683935312
0,15.1264977356,8.171253183,34.7762222446
0,15.1968532636,8.32403641517,34.36408373
0,14.9167240861,8.03352469055,34.4159964649
0,14.7206175302,7.85383450666,34.3339146062
0,14.9757823512,8.09502649972,34.4037787447
0,14.7393319731,7.8982287659,34.2055155265
0,14.8745296874,8.00719842364,34.3366558073
0,14.6193588003,7.74387804435,34.3774032673
0,14.5473812281,7.73604848719,34.056663197
0,14.6341472932,7.77318562404,34.3048078345
0,14.5245134859,7.68633554,34.19088922
0,14.3757390671,7.55873671773,34.085011239
0,14.2372029414,7.39686851776,34.2016716087
0,14.2323560833,7.44553562932,33.9341017642
0,14.447371953,7.65773221002,33.9481982089
0,14.0603105282,7.30182348571,33.7924347088
0,13.7266903234,6.97307832634,33.7680594821
0,13.8907971968,7.09287171675,33.9896268936
0,14.0573259141,7.2679108618,33.9470747557
0,14.2203669369,7.44192134527,33.892227453
0,14.3509689747,7.56303944473,33.9396471439
0,13.6617551735,6.90499355524,33.7838075878
0,14.2264609991,7.47454149751,33.7595970048
0,14.1153185879,7.3629807243,33.761688815
0,13.8329694643,7.09396049282,33.6950443554
0,13.3987495847,6.6937872247,33.5248113005
0,13.7065398316,6.99752361919,33.5450805623
0,13.3759711672,6.64405576871,33.6595764911
0,13.7468214752,7.04334792134,33.5173672699
0,13.5441841069,6.86693008963,33.386269589
0,13.4805670916,6.70659446932,33.8698626065
0,13.7503906306,7.07690225543,33.3674413786
0,13.3202369546,6.59606390438,33.6208647503
0,13.4467136296,6.7675612563,33.3957613691
0,13.4641349502,6.7555422312,33.542963095
0,13.4439086571,6.69779158533,33.7305848564
0,13.6109796536,6.95432504932,33.2832725256
0,13.1261573524,6.42625056671,33.4995334293
0,13.3388537045,6.68898198667,33.2493580935
0,13.2484761537,6.57199021702,33.3824291859
0,16.5286873671,9.62176690302,34.5346018058
0,13.4657500271,6.74055582854,33.6259704917
0,13.1371156645,6.43202231582,33.525466244
0,12.9522373679,6.30656327019,33.2283699933
0,13.1564144444,6.5080273292,33.2419350808
0,12.8579707972,6.22996538711,33.1400265566
0,13.0880036758,6.42230321315,33.3285018166
0,13.0194077857,6.42861959849,32.9539404448
0,12.9065155175,6.24210947974,33.322029692
0,13.0084813236,6.39127911917,33.086010529
0,12.7543713639,6.13414879784,33.1011123369
0,12.6792805887,6.06457072231,33.0735488393
0,12.8549761104,6.28167375839,32.8665112705
0,12.8249640592,6.22038042603,33.022917674
0,13.1728580426,6.57573523237,32.9856135598
0,12.5518704471,5.96167150111,32.9509942392
0,12.4440822156,5.87961376814,32.8223417483
0,12.9626596997,6.42048615276,32.7108672475
0,12.4681772558,5.92926340304,32.6945687764
0,12.5179903321,5.96677666292,32.756067858
0,12.650202655,6.11867450125,32.6576402821
0,12.9368290312,6.41836670148,32.5923111629
0,12.5634853008,6.03291366111,32.6528577117
0,12.441553147,5.91339297625,32.6408003673
0,12.3358442192,5.8088669395,32.6348859123
0,12.2165167215,5.6643707572,32.7607293336
0,12.1965357291,5.6863823244,32.5507665382
0,12.4929354714,5.95574724919,32.6859406241
0,12.2764221668,5.80794525181,32.3423840932
0,12.1431606674,5.63441898525,32.5437079258
0,12.4112867739,5.8855243805,32.6288114806
0,12.6621510448,6.15864406449,32.517534417
0,12.148268565,5.6818559436,32.3320626252
0,12.2389903103,5.7643228355,32.3733368915
0,12.3076754487,5.85101751002,32.2832892124
0,12.2334919128,5.78635863213,32.235665923
0,11.9021967328,5.47659363409,32.1280150149
0,11.7399763227,5.25424224562,32.4286699022
0,11.9159237704,5.45192874185,32.3199746613
0,12.0886046245,5.68709568781,32.0075442065
0,12.3432837102,5.87613501508,32.3357429938
0,12.1677591663,5.66369446275,32.5203230333
0,11.88400042,5.46014417457,32.1192807485
0,11.7903790448,5.36431618265,32.1303138318
0,12.1157739089,5.69776148523,32.0900616404
0,11.9368473733,5.51654498408,32.1015114676
0,12.0149152275,5.65241346054,31.8125083608
0,11.7842815444,5.43745530019,31.734130748
0,11.769105745,5.37514402859,31.9698081059
0,11.9710332108,5.51145060434,32.2979125509
0,11.7350980708,5.3605139602,31.8729200778
0,12.1516952054,5.78016180012,31.8576665518
0,12.0516580678,5.66602906648,31.928144531
0,11.7824867315,5.35375688409,32.143648758
0,11.7351727628,5.36386271785,31.8565497503
0,11.7785602533,5.39347326668,31.9254344576
0,11.4697720046,5.09832529813,31.8572330578
0,11.4144103348,5.04122576868,31.865922356
0,11.5449390546,5.23695148308,31.5399373875
0,11.620832733,5.2256140863,31.976092757
0,11.7821528049,5.4479060154,31.6712334758
0,11.4907234278,5.18697497036,31.5187418176
0,11.6195983779,5.31433255754,31.5263286318
0,11.6553429909,5.33393124208,31.607058273
0,11.5105832643,5.17321817241,31.6868249872
0,11.5578257668,5.21194870703,31.7293848259
0,11.4046354559,5.15294433908,31.2584551185
0,11.6819930824,5.36172598432,31.6013350195
0,11.2466750144,4.93299210024,31.5684141002
0,11.2606629676,4.97486742833,31.4289772282
0,11.3738663253,5.10828213605,31.3279204793
0,11.4026095222,5.10367115862,31.4946913488
0,11.4036494797,5.16005773584,31.2179582542
0,11.5307506761,5.24088548779,31.449325473
0,11.4008627165,5.1094052204,31.4572870117
0,11.3646370201,5.12012964559,31.2225364074
0,11.5181836129,5.26318467897,31.2749942036
0,11.2481947588,5.04564966688,31.0127249974
0,11.1033474189,4.84676693707,31.282901943
0,11.5770350629,5.29994015654,31.385474064
0,11.51170166,5.28985560272,31.1092298229
0,11.1217731803,4.8982293505,31.1177186853
0,11.0349455877,4.85184363348,30.9155093104
0,11.6697943613,5.44072561326,31.1453432761
0,11.2008919329,5.01395629895,30.9346777086
0,10.9707501257,4.74953347431,31.1060827934
0,11.1909961623,5.00001871122,30.9548867939
0,11.3855358558,5.12867191121,31.2843192569
0,11.2059316347,4.96661331838,31.196591117
0,11.2210435035,5.03877732481,30.9113304327
0,11.0886639766,4.89172985611,30.9846701407
0,11.152396417,5.01275678748,30.6981976902
0,11.315502407,5.15991244709,30.777949341
0,10.9699060845,4.78026128128,30.9482235548
0,11.0652962255,4.92991575956,30.6769018726
0,11.0366688385,4.88718512068,30.7474181308
0,10.9432426686,4.82433034111,30.5945611816
0,11.119966876,4.92194266377,30.9901205996
0,11.1189457517,4.98987934598,30.6453315718
0,11.0397275785,4.85570188151,30.9201280243
0,10.9066840357,4.75075860872,30.7796266763
0,10.8457379734,4.66761293362,30.8906247386
0,11.0921360002,4.95363656133,30.6924967368
0,10.7647014424,4.62106979064,30.7181578011
0,10.9484759272,4.84880397017,30.4983593307
0,11.0686233081,4.91151665082,30.7855328276
0,11.0914719622,4.97353280839,30.5896953134
0,10.7197539875,4.61542877453,30.5216256103
0,10.5200690467,4.37455701489,30.7275597011
0,10.7018058094,4.65574804477,30.2302883728
0,11.001487911,4.91727449984,30.4210666028
0,10.7364721728,4.66522742224,30.3562233006
0,10.8442537879,4.81832174694,30.1296597557
0,10.6576394973,4.65163417759,30.0300261508
0,10.5973885858,4.54691467301,30.2523691132
0,10.7050091037,4.64199596959,30.3150652188
0,10.792749287,4.72970615315,30.3152152173
0,10.7097782304,4.66820915067,30.2078449484
0,10.7434080213,4.71522172893,30.1409310127
0,10.5751360627,4.50897292571,30.3308152328
0,10.4697724398,4.42209508928,30.2383863021
0,10.4494161751,4.42788781833,30.107641335
0,10.5872137887,4.56364377142,30.1178496376
0,10.2961726924,4.25709219588,30.1954020328
0,10.4522242941,4.45474397237,29.987401162
0,10.6786715647,4.66392411608,30.0737367948
0,10.4691770081,4.48671898324,29.9122896785
0,10.4501950615,4.47832810614,29.859334332
0,10.6287723658,4.55778872228,30.3549177651
0,10.635440012,4.60377594365,30.1583198925
0,10.3907574733,4.39485292569,29.9795222914
0,10.4150510326,4.40771530571,30.0366781867
0,10.5184968396,4.56473386615,29.7688144235
0,10.4708426085,4.49834603138,29.8624824406
0,10.4054948043,4.4258448799,29.8982491766
0,10.279688995,4.31146215984,29.8411337311
0,10.0825627337,4.1540227963,29.6426992451
0,10.2198931985,4.19678592086,30.1155359394
0,10.2463779425,4.34855205212,29.4891290125
0,10.2313737708,4.28021934779,29.7557716718
0,10.2008633239,4.30463023441,29.4811650083
0,10.2124232437,4.323092755,29.4466520047
0,10.2652229006,4.31033609606,29.774433579
0,10.1739484301,4.2736435605,29.5015239086
0,10.6004253973,4.69391896739,29.5325317096
0,10.9317649349,4.94530664969,29.9322909798
0,10.2829692803,4.32055172208,29.8120873467
0,10.2024026481,4.33473094225,29.3383580919
0,9.95955818944,4.02710857613,29.6622476246
0,10.3600235475,4.46216969395,29.4892688282
0,10.2506437451,4.3068629092,29.7189037368
0,10.1217418859,4.22177884342,29.4998147727
0,9.99269952135,4.13103828694,29.3083057353
0,10.2085876459,4.32493527488,29.4182614166
0,10.0830059669,4.21721169992,29.328970898
0,10.0903555881,4.22310350673,29.3362599696
0,9.94484666679,4.07869157753,29.3307750092
0,10.0808655429,4.27028211829,29.05291669
0,9.97708834011,4.17632603244,29.0038111062
0,10.0531630893,4.19074438416,29.3120930888
0,10.1137497669,4.27245597636,29.2064685176
0,9.87619506397,4.034851906,29.2067153546
0,10.0762077176,4.20819444692,29.3400659162
0,10.1983388945,4.36965323015,29.1434278875
0,9.95783432234,4.16982086295,28.9400668657
0,9.82664858067,4.00692842085,29.0986003655
0,9.81345844868,3.9760383654,29.1870999815
0,10.07790978,4.28607406905,28.9591781234
0,9.80310707601,3.9942010988,29.0445294533
0,9.91464265329,4.0868741327,29.1388421687
0,10.1119262667,4.25117102367,29.3037757785
0,9.99797773494,4.22873062351,28.8462351273
0,9.86957381171,4.11421901931,28.7767735332
0,9.59838951176,3.84390962769,28.7723989916
0,9.63019438318,3.89662818174,28.66783058
0,9.81155049511,4.05183295648,28.798587264
0,9.83767641328,4.05502966531,28.913233309
0,9.68564563539,3.93013642384,28.7775456289
0,9.75828007764,4.00723738602,28.7552130296
0,9.62681817139,3.92419334203,28.5131237219
0,9.70269005197,3.94939410255,28.7664793184
0,9.66278702902,3.91814622952,28.7232035695
0,9.93003863652,4.1721374992,28.7895052576
0,9.68542388156,3.95136504717,28.6702937447
0,9.72935386519,4.02121071368,28.5407153323
0,9.7990581901,4.07037736262,28.6434037106
0,9.57814581927,3.88342641068,28.4735966187
0,9.71720344595,4.00908586035,28.5405875027
0,9.6974047785,3.95635653338,28.7052407979
0,9.70443896087,3.99182640983,28.5630623296
0,9.78887415206,4.10907470793,28.3989967975
0,9.60897309431,3.94465229886,28.3216035552
0,9.60166296698,3.91113505804,28.4526391207
0,9.65772293144,3.95965018998,28.4903632827
0,9.65401239595,3.97505611555,28.3947809789
0,9.51728992387,3.88332069861,28.1698457065
0,9.51485747581,3.79020773916,28.6232482567
0,9.62789295681,3.97399727262,28.2694779997
0,9.56911597404,3.90389433904,28.3261077529
0,9.35369970339,3.70119438153,28.2625261882
0,9.58393754176,3.90508450283,28.3942647715
0,9.72574444676,4.01949650657,28.5312392758
0,9.62071930763,3.96129236713,28.2971342808
0,9.5708128026,3.96272002359,28.0404634772
0,9.44074097696,3.85535538559,27.9269275407
0,9.42947470943,3.80256875719,28.134529342
0,9.43054088587,3.78065938496,28.2494070836
0,9.26158926305,3.66300269934,27.9929324014
0,9.4936563456,3.81812765525,28.3776430289
0,9.63568886239,4.02777089436,28.0395894223
0,9.50201925345,3.87048084309,28.1576916322
0,9.59262505738,4.01136965788,27.9062765817
0,9.41382887789,3.82899755016,27.9241562226
0,9.63273241013,4.03207029541,28.0033101563
0,9.27029745782,3.65152840649,28.093844838
0,9.2612744792,3.68663490187,27.8731974713
0,9.35604269656,3.79326319277,27.8138971045
0,9.2325332017,3.67280642296,27.7986334794
0,9.29145612949,3.80648117809,27.4248743483
0,9.35975874733,3.81232649074,27.7371608696
0,9.31028633669,3.76907204678,27.7060710367
0,9.31581037151,3.79457679105,27.6061674909
0,9.41369251143,3.85501310712,27.7933966074
0,9.77874316324,4.19991787244,27.8941260384
0,9.18346056933,3.56881651965,28.0732198301
0,9.07539688301,3.56643140007,27.5448270042
0,9.21880459407,3.65862607768,27.8008921677
0,9.25486782982,3.69101483547,27.8192645572
0,9.28315057644,3.72442535432,27.7936256965
0,9.2576778201,3.74126240038,27.5820766876
0,9.34963185284,3.81681302704,27.6640937168
0,9.09326985243,3.58875502269,27.5225737386
0,9.2287725519,3.70839645996,27.6018800484
0,9.15106770562,3.70632476645,27.2237142902
0,9.20634864465,3.71212980087,27.4710938096
0,9.32495678225,3.78554568217,27.6970550877
0,9.11587323173,3.64822843111,27.3382235957
0,9.18629288518,3.68439386247,27.5094947036
0,9.18664981417,3.70992330069,27.3836321593
0,9.16391459282,3.6851581015,27.3937820484
0,8.98463449021,3.51073770711,27.3694835076
0,9.11879453716,3.70067285838,27.0906079902
0,9.23054803388,3.79574619918,27.1740087686
0,9.14069337395,3.70533502737,27.176791328
0,8.99901269866,3.51301392206,27.4299934742
0,9.3325905397,3.88681421992,27.2288811932
0,9.16109501938,3.68891941883,27.360877595
0,9.05874599867,3.66668330233,26.9603130799
0,9.123334263,3.67273141523,27.2530138328
0,9.07083444753,3.62631271467,27.2226082586
0,9.11398902951,3.69177797861,27.1110548505
0,9.11964002352,3.69554880024,27.1204557122
0,8.81944474816,3.44603660905,26.8670402952
0,8.94334761805,3.53747067865,27.0293842943
0,9.10522584073,3.67376742449,27.1572916766
0,9.00767169086,3.61824955974,26.9471102541
0,8.78748057535,3.42394887261,26.8176581141
0,8.91328944006,3.49475731421,27.0926602255
0,9.2061604079,3.77874728478,27.1370652113
0,9.12033944815,3.672253843,27.2404276198
0,8.91804451166,3.55807428043,26.7998507568
0,8.85463233228,3.53504774099,26.5979225601
0,8.93030184026,3.56430486796,26.8299844617
0,9.11896752948,3.72761730433,26.956750724
0,9.08384361463,3.72339626224,26.8022363625
0,9.0799497147,3.65286833809,27.1354064787
0,8.82137247659,3.47272829057,26.7432205316
0,8.89586276521,3.53877461234,26.7854403652
0,8.85319307504,3.47728990914,26.8795154289
0,8.88061001696,3.55276040434,26.6392476661
0,8.73870941936,3.39859451807,26.7005741086
0,8.97492724394,3.65323884335,26.6084416065
0,9.02645254364,3.69459739758,26.6592753331
0,8.98784747413,3.60002339662,26.9391199861
0,8.99161105486,3.62648403864,26.8256346814
0,8.74579516495,3.48035746106,26.3271881271
0,8.89410618708,3.55262774671,26.7073918039
0,8.76892333149,3.46338915005,26.5276705119
0,8.78352467988,3.49510224522,26.4421117792
0,8.94963988153,3.69182994206,26.2890493056
0,8.75575369072,3.49015694346,26.327983344
0,8.73871628415,3.42799025994,26.5536297254
0,8.62524528579,3.35656471053,26.3434024837
0,8.67375286403,3.38584170878,26.4395553823
0,8.7885144312,3.54832681067,26.2009377122
0,9.01548924363,3.66463773651,26.7542571369
0,8.7719253318,3.50301394834,26.3445565248
0,8.79471534475,3.45290054345,26.7090736085
0,8.66611624966,3.37913069331,26.4349273878
0,8.71043781206,3.46597125215,26.2223324088
0,8.55356084837,3.38859716909,25.8248180116
0,8.6152172091,3.33733062672,26.3894325187
0,8.71518663968,3.44449205671,26.3534725221
0,8.52679872787,3.23272264451,26.4703800224
0,8.57590269869,3.3567091968,26.0959671206
0,8.64164120153,3.41610385181,26.1276863593
0,8.61859892253,3.3986253936,26.0998672558
0,8.80933076455,3.57580275699,26.1676396479
0,8.89491235624,3.65079657332,26.2205785239
0,8.88385019596,3.64887209519,26.1748901138
0,8.70685959272,3.45155922797,26.2765014322
0,8.55005685466,3.39327893474,25.7838892154
0,8.66784765176,3.40845211537,26.2969772901
0,8.73816126107,3.51339402481,26.123835792
0,8.63717974545,3.35451749474,26.41331086
0,8.37225330688,3.19418297154,25.8903512909
0,8.59803387213,3.40269900822,25.9766739325
0,8.60434260259,3.40245042259,26.0094605124
0,8.81785615518,3.52768455795,26.450857592
0,8.45815848525,3.27970662787,25.8922589011
0,8.48364527013,3.32088243986,25.8138137667
0,8.59335282927,3.44418770788,25.7458252233
0,8.6295259255,3.41600738258,26.0675923262
0,8.47640507285,3.3824007077,25.4700214462
0,8.62505554116,3.44300614562,25.9102465916
0,8.49596023454,3.3256652155,25.85147471
0,8.46933570966,3.31621506303,25.7656028492
0,8.40704395871,3.22352508378,25.9175939885
0,8.48629739656,3.30974518305,25.8827606819
0,8.5045957531,3.34120150858,25.8169708379
0,8.45043486076,3.33449639931,25.5796919261
0,8.50014222009,3.4231945218,25.3847381132
0,8.4474946018,3.30995522518,25.6876965003
0,8.39096391976,3.28105136205,25.5495624078
0,8.47806695841,3.3292594106,25.7440373554
0,8.3764206542,3.26178699536,25.5731679131
0,8.50471844139,3.39781629577,25.5345103476
0,8.48825454259,3.36202736717,25.6311354952
0,8.60133064489,3.47206041161,25.6463507843
0,8.46393659446,3.34185940495,25.6103855659
0,8.46470349771,3.40873566867,25.2798387685
0,8.39989079139,3.32088441878,25.3950314847
0,8.36647900625,3.24901490445,25.5873201277
0,8.45156531102,3.33629552254,25.5763485613
0,8.54029450857,3.42214808063,25.5907317584
0,8.3357681317,3.20980990932,25.62979073
0,8.36869383676,3.27741960946,25.4563707572
0,8.53317999578,3.45755317076,25.3781337469
0,8.30346383775,3.22087212414,25.4129581893
0,8.29587549778,3.29598982725,24.9994279801
0,8.37319932892,3.31768956445,25.2775484456
0,8.34457348457,3.24249136343,25.5104102256
0,8.29668641852,3.2684729937,25.1410667495
0,8.31799453926,3.26934688355,25.2432379024
0,8.46692628496,3.44476783824,25.1107918595
0,8.27875381714,3.26112296637,25.08815388
0,8.21300257056,3.20849296651,25.0225476474
0,8.26785757131,3.23231964605,25.1776892511
0,8.25436092127,3.13227630377,25.6104227059
0,8.15989717334,3.19654446972,24.8167631483
0,8.30290358488,3.25970811659,25.2159769657
0,8.20436146144,3.20589375035,24.992338183
0,8.29575328939,3.24341643632,25.2616838889
0,8.27469655085,3.28028743505,24.9720452069
0,8.20918010544,3.20225877439,25.0346062822
0,8.15274075187,3.12903562043,25.1185252829
0,8.19733874681,3.2399372077,24.7870073262
0,8.2597077082,3.26299718504,24.9835522435
0,8.32679057251,3.31153740601,25.0762654589
0,8.23388028997,3.23698099157,24.9844961197
0,8.17015942315,3.20393441755,24.831124658
0,8.31495602078,3.27425267296,25.2035163635
0,8.16588890054,3.17619700907,24.9484590856
0,8.00007623871,3.00014707615,24.9996454403
0,8.02286968816,3.07546809488,24.7370075978
0,8.16254454186,3.25246376223,24.5504035323
0,8.15715588935,3.17740989589,24.8987295963
0,8.31745314952,3.28188511541,25.1778397954
0,8.15060611321,3.21292986668,24.6883808647
0,8.19907347157,3.18575296758,25.0666021464
0,8.06594102602,3.08555064365,24.9019515408
0,8.19400255968,3.25960677511,24.6719785552
0,8.16596146551,3.19322299666,24.8636919738
0,8.08420021808,3.17039204073,24.5690405207
0,8.13793012018,3.21344141294,24.6224431693
0,8.1348026757,3.20974271356,24.6252994438
0,8.12098574605,3.24137456343,24.3980555495
0,8.34642358755,3.39656040083,24.7493155648
0,8.09589532245,3.21347586119,24.4120969426
0,7.98466205405,3.00995240704,24.8735478644
0,8.10061800294,3.14025574012,24.8018109445
0,8.09332979471,3.17810383903,24.5761294122
0,8.0475637968,3.1644817957,24.4154096417
0,8.01077868836,3.13979673126,24.3549094226
0,7.91562862238,3.03660854209,24.395100038
0,8.02952323049,3.16188390951,24.3381962422
0,7.97279178467,3.08266026635,24.4506572273
0,8.13746814255,3.22682234325,24.5532286306
0,8.02705716002,3.16193953678,24.3255877537
0,8.14367493661,3.24373027974,24.4997229193
0,8.12943847768,3.19178043765,24.6882898323
0,7.91830523271,3.08332280444,24.1749117811
0,8.1162864857,3.17078773457,24.7274933872
0,7.98123723481,3.12782451494,24.2670632378
0,7.99098392933,3.12836269232,24.3131058228
0,7.9531157695,3.05176908963,24.5067330342
0,7.8133323714,3.01080400675,24.0126414654
0,7.79353583012,3.01317977296,23.9017799296
0,7.96378126291,3.07687722835,24.4345198087
0,8.05818896591,3.16240818141,24.4789035577
0,8.07199590045,3.23322599754,24.193849154
0,7.84645823952,3.05296137732,23.9674839539
0,7.86370514834,3.0790950302,23.9230502342
0,7.92407994136,3.128146682,23.9796659395
0,8.14096031454,3.22918887347,24.5588568394
0,7.94400452831,3.09133443876,24.2633500862
0,7.76173468552,3.00566961689,23.7803249888
0,7.88690395205,3.11921174801,23.838460665
0,7.90480323979,3.0746046895,24.1509923916
0,7.8919458897,3.06689236586,24.1252672597
0,7.95113848663,3.03480804636,24.5816518351
0,7.91466415565,3.06741567505,24.2362420419
0,7.90039013166,3.10484127632,23.9777439194
0,7.81018024356,2.99564739078,24.0726639052
0,7.73756974494,2.98176277242,23.7790345083
0,7.91056325491,3.07872967149,24.1591675571
0,7.76186807699,3.02533657005,23.6826571818
0,7.76962835204,3.00580464948,23.8191181578
0,8.00227561899,3.19183946555,24.0521804088
0,7.77312520221,3.03673941066,23.6819286049
0,7.80578536016,3.07152357449,23.6713085756
0,7.85600013705,3.07148266007,23.9225870284
0,7.8936226596,3.11273570498,23.9044344169
0,7.98447696448,3.20801235795,23.8823226768
0,7.67232748277,2.97653623311,23.4789558984
0,7.78250220284,3.04928736415,23.6660738408
0,7.5938013518,2.91650020927,23.3865053642
0,7.82686920528,3.08570816802,23.705804833
0,7.64319277917,2.94771444382,23.4773913269
0,7.82728322204,2.98075870321,24.2326222331
0,7.80021448349,3.10390565908,23.4815437722
0,7.76928070507,2.9980666492,23.8560699238
0,7.87680501849,3.0592901221,24.087574123
0,7.77751467402,3.00460085562,23.8645687364
0,7.64128484549,2.96097203546,23.4015637014
0,7.6511284072,2.9406714595,23.5522843875
0,7.74712163183,2.99263582279,23.7724286909
0,7.48707793069,2.83034475962,23.2836655084
0,7.73461480659,3.00351087089,23.655519326
0,7.67435018531,2.94227392846,23.6603809317
0,7.68959050071,3.01698846326,23.3630098391
0,7.61746932497,2.91235625281,23.5255650102
0,7.60119294511,2.88132363733,23.5993461872
0,7.6587541405,2.98799579585,23.3537913752
0,7.6209479502,2.90916535508,23.5589126245
0,12.2516402097,7.29949653859,24.7607179868
0,10.8793642305,5.85580599391,25.1177908089
0,19.1908756367,13.5176262583,28.3662464694
0,13.0820406929,7.57711316326,27.524637238
0,10.9597069847,5.61407351368,26.7281669566
0,9.53145537863,4.40895973452,25.6124778389
0,8.6743795905,3.73626705297,24.6905623198
0,8.41672017145,3.56963626148,24.2354191887
0,8.20159079799,3.37829759164,24.1164656724
0,7.98016695765,3.18527685931,23.9744501345
0,7.85102522006,3.04331780309,24.0385367267
0,7.89525970022,3.10995312935,23.9265324978
0,7.90046013481,3.12262277491,23.8891864435
0,7.80535398399,3.07219858304,23.6657766521
0,7.80021126738,3.06885309995,23.6567904846
0,7.79455076306,3.0289838972,23.8278339742
0,7.85174498742,3.21927843275,23.1623324282
0,7.81275273878,3.19115169173,23.1080048909
0,7.84413749677,3.18692685251,23.2860528743
0,7.59045359832,2.91608835981,23.3718258443
0,7.7641378037,3.08796914123,23.3808429639
0,7.61282174549,3.00323376641,23.0479395519
0,7.63289042996,3.01373326448,23.0957854833
0,7.55647495395,2.96580509135,22.953348971
0,7.52096534303,2.86931777657,23.2582374857
0,7.50604136867,2.79060987787,23.5771571027
0,7.61049024947,2.96198341816,23.2425338102
0,7.63202776585,3.0503354862,22.9084610569
0,7.60469523113,2.91293389714,23.4588063204
0,7.60465101566,2.95208084062,23.2628505286
0,7.61865693804,2.97764331791,23.2050677549
0,7.52331411782,2.93500686012,22.9415359466
0,7.54870660621,2.95347615786,22.9761518994
0,7.62995361799,2.99972974371,23.1511190264
0,7.46278260933,2.88472843895,22.8902705108
0,7.57397225497,2.94004318656,23.1696449968
0,7.59162494409,2.99934791626,22.961384797
0,7.53569490748,2.95833504668,22.886798963
0,7.40568205986,2.8572929668,22.7419451264
0,7.36063219536,2.82524532275,22.6769340252
0,7.38567580632,2.84497110272,22.7035231797
0,7.53226716663,2.97180092363,22.8023308752
0,7.6683334961,3.04343036247,23.1245153236
0,7.37511908473,2.89232102354,22.4139899719
0,7.49870799268,2.91861913313,22.9004439565
0,7.48797273082,2.91787490629,22.8504887821
0,7.53689659978,3.00962049747,22.6363801743
0,7.45463449297,2.91630858976,22.6916291779
0,7.51080641264,2.91933664926,22.9573484748
0,7.39890597568,2.90789939841,22.4550325517
0,7.27299539995,2.76011338795,22.5644097238
0,7.41681176061,2.82112861468,22.9784153872
0,7.53401238974,2.91353751371,23.1023740359
0,7.38830746318,2.8638317257,22.6223783503
0,7.32979193268,2.85181707937,22.3898739329
0,7.39337736361,2.89329777305,22.5003976175
0,7.51263293097,2.99955532953,22.565387671
0,7.57910491063,2.97186065537,23.0362209331
0,7.48450731621,2.97480341044,22.5485191929
0,7.40624752595,2.93442689217,22.3591028357
0,7.48644959854,2.90925579995,22.8859686519
0,7.31195104748,2.8255339365,22.4320852207
0,7.29163986649,2.80930187947,22.4116896012
0,7.36939247415,2.86253398049,22.5342921325
0,7.38922428843,2.85723421353,22.6599500368
0,7.54911528772,3.00726948339,22.7092286833
0,7.40430833768,2.92303622855,22.4063602118
0,7.31394657836,2.92777409373,21.9308620964
0,7.53254272962,3.05743727049,22.3755269622
0,7.39980550403,2.93099922025,22.3440310859
0,7.44086234533,2.94663044039,22.4711591899
0,7.50329704361,2.97623942059,22.6352877778
0,7.49762697253,2.99469291252,22.5146699645
0,7.3536671102,2.93711566168,22.0827569136
0,7.43968266177,2.9857609671,22.2696081416
0,7.54837608021,3.03279443914,22.5779078689
0,7.49381142733,2.99017325556,22.5181905233
0,7.52101124106,3.02802955709,22.4649080851
0,7.3619287383,2.96318162583,21.9937352346
0,7.41773083169,2.97487024185,22.2143026182
0,7.53064271086,3.1307198216,21.9996141185
0,7.55856670509,3.11432235816,22.2212214035
0,7.43082857209,2.97447709341,22.2817570614
0,7.51378461135,3.05001048496,22.3188702994
0,7.50771441035,3.09150416434,22.081050901
0,7.40369448319,2.97138277941,22.1615581886
0,7.33983876959,2.86396588452,22.3793640919
0,7.28870764922,2.8641392654,22.1228415894
0,7.31841470375,2.91119889665,22.0360787072
0,7.38338154063,2.96690022966,22.0824062258
0,7.2634713407,2.91078925011,21.7634101287
0,7.50138906456,3.05856597328,22.2141151254
0,7.3779987541,2.95647323719,22.1076272551
0,7.35461499628,2.9418066143,22.0640415811
0,7.35211944921,2.92502929921,22.1354504202
0,7.29858246063,2.9133019787,21.9264020829
0,7.28747457482,2.91984670619,21.8381390178
0,7.42980596953,2.97656363429,22.2662113444
0,7.30936114983,2.94811285207,21.8062411639
0,7.34747109233,2.92243835317,22.1251633661
0,7.25125207264,2.88497683283,21.8313758737
0,7.36091226532,2.96665867795,21.9712676094
0,7.2949621426,2.92576933013,21.8459637368
0,7.2260080344,2.89625540171,21.6487628409
0,7.21235513604,2.85766099796,21.7734703659
0,7.28111168482,2.91940397883,21.808538205
0,7.36341153756,2.97287327765,21.9526909724
0,7.35364807424,2.96375460957,21.9494669963
0,7.24150632258,2.83814946376,22.016783966
0,7.3273218766,2.96416964452,21.8157608353
0,7.18869115132,2.87070830501,21.5899139098
0,7.28648198788,2.88350153581,22.0149019323
0,7.27320965396,2.90922368177,21.8199295358
0,7.35608284408,2.98377497149,21.8615390372
0,7.3203628476,2.99584663042,21.6225807637
0,7.25805987066,2.8892032436,21.8442828098
0,7.06673037863,2.77101710139,21.4785660661
0,7.1960753006,2.79848421088,21.9879551209
0,7.1428035327,2.81894375146,21.6192985841
0,7.16697507287,2.85244053603,21.5726723627
0,7.26102715977,2.85268008181,22.0417350614
0,7.16974162654,2.81904548061,21.7534804055
0,7.1285677315,2.82278718674,21.528902403
0,7.03600902317,2.74278242203,21.4661326859
0,7.09237109159,2.72536078212,21.835051222
0,7.12865714969,2.82350913955,21.5257397299
0,7.16266227096,2.8289084711,21.6687686764
0,7.13456828702,2.84491337799,21.4482742255
0,7.0492616526,2.8249763178,21.1214263593
0,7.02759804897,2.77181978822,21.2788909866
0,6.99526212432,2.75315831931,21.2105187089
0,6.98683682191,2.75681977095,21.1500849397
0,7.04547570544,2.77573967345,21.3486798418
0,7.13781510905,2.84278724137,21.4751390184
0,7.24312350311,2.84929750508,21.9691296628
0,7.1012579564,2.75994673335,21.7065557918
0,7.02612787949,2.77589574503,21.2511603556
0,7.06884075412,2.72933547802,21.6975260572
0,7.10538148298,2.7825811816,21.6140011848
0,7.16291121228,2.83790711273,21.6250201755
0,6.95542088523,2.76306669912,20.9617706182
0,6.99557492193,2.75646932187,21.1955276845
0,6.97424529213,2.7290605549,21.2259233699
0,7.20013107799,2.89357154944,21.5327973219
0,7.18368528149,2.85282759778,21.6542880959
0,7.02722259771,2.82520586838,21.0100833336
0,7.02268064946,2.78695242815,21.178640791
0,6.9338211615,2.71713952668,21.0834078599
0,7.10818402634,2.79072049817,21.5873173192
0,7.14416125898,2.82766518204,21.5824800631
0,7.15379608031,2.91356953929,21.2011323892
0,7.20117726747,2.9360177744,21.3257971475
0,7.0580431456,2.83394999541,21.1204654362
0,6.99139172496,2.82211509295,20.8463828494
0,7.30065152427,3.04489889013,21.2787628536
0,7.19102270101,2.935791667,21.276154853
0,7.1324952788,2.86182742174,21.3533389671
0,7.13963733483,2.89002393499,21.2480666826
0,7.13835760727,2.86489461659,21.367314635
0,7.15763434472,2.91613462323,21.2074982915
0,7.18760408959,2.98566768563,21.0096817067
0,7.11130418151,2.91141241749,20.9994585072
0,7.0440851684,2.85340692765,20.9533908916
0,7.10206381259,2.9394659394,20.8129890558
0,7.29216794114,3.02772311877,21.3222237941
0,7.25462206027,3.05008334193,21.0226932785
0,7.30133655238,3.07865935966,21.113385649
0,7.35270670481,3.02232693745,21.6518985142
0,7.2687472362,3.04654315646,21.1110200841
0,7.38374622756,3.14761479871,21.1806568287
0,7.35412421112,3.12596031247,21.1408191783
0,7.30322180895,3.08051214498,21.1135480052
0,7.2400983732,3.07344075903,20.8332877604
0,7.28616554829,3.09355480329,20.9630534127
0,7.28397469508,3.08133649594,21.0131906826
0,7.320226708,3.14970088663,20.8526287961
0,7.24238990537,3.12063214174,20.608788511
0,7.24377197799,3.10028832809,20.7174179408
0,7.32893258309,3.10500149335,21.119655134
0,7.29620520439,3.10257912113,20.9681301038
0,7.17340247566,3.05536201171,20.5902020129
0,7.24537015937,3.10968885776,20.6784061999
0,7.46059939986,3.2827480396,20.88925649
0,7.32610420305,3.14183653544,20.9213380263
0,7.13257123916,2.93987371227,20.9634873221
0,7.17456170192,2.94512248114,21.1471957888
0,7.10107827909,2.9500582912,20.7550996302
0,7.05136236268,2.88204221205,20.8466004425
0,7.09898686742,2.91421401829,20.9238639339
0,6.98232428202,2.80498242063,20.8867089957
0,6.9361715975,2.80656964012,20.6480094792
0,6.94501116422,2.83678634049,20.5411238126
0,6.97324355603,2.87885847684,20.4719250909
0,7.03837557388,2.88390742524,20.7723404337
0,6.95702298767,2.7920551746,20.8248387551
0,6.94909975348,2.75054770274,20.9927599409
0,6.94939370266,2.79480068893,20.7729647591
0,6.88016105898,2.75365007361,20.6325546194
0,6.91426703164,2.81667937062,20.4879379998
0,6.93148607716,2.79492901301,20.6827850126
0,6.88107623644,2.79972102454,20.4067757554
0,6.82703344449,2.75397440368,20.3652949006
0,6.86426222684,2.68973036606,20.8726589929
0,6.80468158409,2.75234941258,20.2616605556
0,6.90901241125,2.75974310703,20.7463462119
0,6.91078485646,2.81102874848,20.4987802344
0,6.8959099794,2.77292237466,20.6149377165
0,6.93035630646,2.80958437539,20.6038593483
0,6.85334839177,2.75607228895,20.4863802088
0,6.98474442878,2.86458499937,20.6007968401
0,6.94272845093,2.83961558616,20.5155640181
0,6.93092303853,2.81529360294,20.5781468713
0,6.8956991761,2.84224147842,20.2672881864
0,6.86968480731,2.75120321624,20.5924076485
0,6.90509240591,2.80819002097,20.4845116195
0,6.96004965973,2.85809257662,20.5097851099
0,6.93709035427,2.868455408,20.3431744282
0,7.15746148612,3.03677845327,20.6034148572
0,7.14899259501,3.03557410067,20.5670921652
0,7.07019056567,2.97919026367,20.4550012052
0,7.12097502225,2.95273849022,20.8411823496
0,6.94963104822,2.86489009391,20.4237044672
0,7.04225600946,2.97800141065,20.3212726913
0,6.92258980457,2.87375463713,20.2441755355
0,7.01361099098,2.90765068497,20.5298012241
0,6.99817481135,2.90223323461,20.4797075786
0,7.08905734923,2.93102698659,20.7901515034
0,6.96547743943,2.90139794404,20.3203971742
0,6.96311108418,2.8932107036,20.3495015997
0,6.89409020916,2.84387756697,20.2510629092
0,6.89086430275,2.86353703554,20.136636036
0,6.77546240588,2.74026501503,20.1759866536
0,6.81095136309,2.78068731637,20.1513199333
0,6.98554566636,2.87885834498,20.533436301
0,6.99256912386,2.9385820086,20.2699352743
0,6.91974371946,2.88053535601,20.1960415163
0,7.05257680669,2.99503502299,20.2877086162
0,6.98101919026,2.95644916886,20.1228498071
0,7.02474170758,2.97096238342,20.2688963188
0,7.08534216314,3.05485198165,20.1524506072
0,7.13701233684,3.09438305258,20.2131461201
0,7.05663047764,2.99693949771,20.2984545972
0,7.08072701023,2.98590423887,20.4741135517
0,6.98859857186,2.97784747231,20.0537551989
0,7.02414619413,3.03727171765,19.9343720854
0,7.17237374102,3.12617036714,20.2310165679
0,7.21221671967,3.15749095562,20.2736285182
0,7.42531746032,3.32674745631,20.4928497147
0,7.17715588239,3.1601013191,20.0852725172
0,7.22906509967,3.18914349686,20.1996077131
0,7.42173337469,3.35307569455,20.3432880975
0,7.41734473907,3.38439310913,20.1647578492
0,7.32610972771,3.31808644872,20.0401160963
0,7.137389605,3.19412254281,19.7163350172
0,7.27936614042,3.19534233231,20.4201187363
0,7.27239638811,3.19379122093,20.393025532
0,7.18845129792,3.20865885505,19.8989619178
0,7.08107279817,3.10570232963,19.8768520465
0,7.1542759102,3.17098185897,19.9164699594
0,7.18538240427,3.12762792027,20.2887721177
0,7.10771190399,3.14273195814,19.8248994338
0,7.14172587958,3.14082028234,20.0045276881
0,7.09086300509,3.0641301169,20.1336641409
0,7.13842298356,3.11513941512,20.1164175424
0,7.24005855543,3.2331854498,20.0343652296
0,7.23137575223,3.20982367277,20.1077600977
0,7.14445329717,3.20065007072,19.7190158384
0,7.29054709341,3.29364659329,19.9845022028
0,7.08537077627,3.12892230493,19.7822420619
0,6.98532793166,3.04480281484,19.7026252905
0,6.94224473359,2.97285837737,19.8469314854
0,7.03749687733,3.0068520244,20.1532239644
0,6.94921341672,3.01365678447,19.677782868
0,6.90700714999,2.95902139712,19.7399284702
0,7.01021870887,2.98241178941,20.1390342972
0,6.97312036143,2.95555329805,20.0878350176
0,6.90241983611,2.94961376716,19.7640300502
0,6.80866672353,2.90669877422,19.5098394559
0,6.86455766437,2.89929180401,19.8263290063
0,6.96512135431,3.01663641093,19.7424244227
0,6.96301111732,3.04711756831,19.5794674533
0,6.8735319417,2.90643282705,19.8354952777
0,6.81203454802,2.92487710897,19.4357869056
0,6.80889640811,2.8682810651,19.7030764214
0,6.92829809405,2.96625266197,19.8102268652
0,6.92200179908,2.92618692724,19.9790740615
0,6.84068217215,2.96521230352,19.3773490544
0,6.86874839919,2.94639880346,19.6117476864
0,6.91687605481,2.93667041102,19.9010279224
0,6.84765558223,2.92099805018,19.6332873677
0,6.94398179568,3.02137028224,19.613057275
0,6.84292146354,2.99417502288,19.2437319165
0,6.82695803182,2.97024630478,19.2835583478
0,6.92436265937,3.03193134812,19.4621562662
0,7.00147917559,3.08033683447,19.6057114134
0,6.94691859517,3.03071707919,19.5810072881
0,7.01568078684,3.09183538264,19.6192267287
0,7.08124010274,3.13569672483,19.7277165956
0,7.04359979001,3.08797590979,19.7781191064
0,7.02063097852,3.10498889429,19.5782101294
0,7.0655732345,3.14878905191,19.5839206211
0,7.0102171923,3.05534866274,19.7743423531
0,6.97485012544,3.07201751748,19.514162749
0,6.99736774375,3.06919875814,19.6408446354
0,7.0125284918,3.12285430616,19.4483706384
0,7.05577928218,3.10061436787,19.7758242769
0,7.0728454037,3.13160990291,19.7061772103
0,6.91777518597,3.05299732716,19.3238890061
0,6.90047515674,3.04186708221,19.2930400851
0,6.80741434235,2.93830457415,19.3455485527
0,6.89898507108,3.04361866359,19.2768317502
0,6.78330392976,2.92242691426,19.3043847898
0,6.74140096203,2.93913386404,19.0113352067
0,6.75116355544,2.90730307899,19.2193020958
0,6.93207942598,3.00159793222,19.652407176
0,6.86265497759,2.94384482704,19.5940504608
0,6.94818541557,3.00253481831,19.7282526923
0,6.88920057441,2.99742068765,19.4588991438
0,6.94610285476,3.03254571022,19.5677854311
0,6.91657693555,2.99998699091,19.5829494314
0,6.78488965382,2.94210924733,19.2139017461
0,6.84522240166,2.98273297287,19.3124468561
0,6.92171101559,3.03918286832,19.4126404471
0,6.903030201,3.0275559974,19.3773707292
0,6.9328664089,3.04525158068,19.4380738515
0,7.05279736638,3.16203161815,19.4538284513
0,7.11195008576,3.24871099897,19.3161951461
0,7.12883368292,3.26474327589,19.3204517473
0,7.18596344585,3.28414080241,19.5091129265
0,7.05219492055,3.19012782594,19.3103351853
0,6.83534192316,3.00083352853,19.1725416875
0,6.76028050787,2.8990633828,19.3060853377
0,6.83678639394,2.98618998867,19.2529817395
0,6.9094316971,3.02543345722,19.41999091
0,6.79912095189,2.94022960753,19.2944564343
0,7.00023999094,3.11861868072,19.4081062619
0,6.87451511384,2.98001796827,19.4724854377
0,6.67061372227,2.85245088784,19.0908138877
0,6.63984106031,2.84015674921,18.9984212724
0,6.71640442095,2.85781613767,19.2929411289
0,6.67028096838,2.84403047713,19.1312521712
0,6.65320330975,2.81515535309,19.1902394973
0,6.75459858301,2.85917688551,19.4771081973
0,6.68466224203,2.78357178533,19.5054519928
0,6.64380830173,2.80332762772,19.2024030839
0,6.60359134906,2.83558126277,18.8400501507
0,6.49507114178,2.74952678846,18.7277214875
0,6.50914187504,2.72901472297,18.9006354787
0,6.68786595454,2.90757196895,18.9014696463
0,6.65061129508,2.8334792855,19.0856597635
0,6.69511319117,2.83535418792,19.2987947287
0,6.72411624561,2.94689515906,18.8861051513
0,6.76422671755,2.95160166296,19.0631249889
0,6.80723376273,2.9663762308,19.2042873735
0,6.83007857103,3.01643547211,19.0682152105
0,6.76581079346,2.96059019018,19.0261027329
0,6.79454997648,2.99608543898,18.9923224045
0,6.77664355176,3.01648222799,18.8008063387
0,6.93880584503,3.10018931483,19.193082365
0,6.86216366258,3.07807146289,18.9204607165
0,6.95476067797,3.13404849211,19.1035606447
0,6.88507963957,3.1083507003,18.883644415
0,6.75460386585,3.00936577921,18.7261901541
0,6.91042956911,3.03187968946,19.3927491093
0,6.72980128187,2.92559008927,19.0210556795
0,6.68770332651,2.95676167294,18.6547079899
0,6.69681734202,2.89456247338,19.0112740599
0,6.68382389552,2.85215098288,19.1583642777
0,6.62329021498,2.82164301829,19.0082357002
0,6.58027099404,2.85380012179,18.6323540836
0,6.57765008396,2.85038143391,18.6363429725
0,6.58745390817,2.80622550377,18.9061417403
0,6.53052701326,2.78150737161,18.7450979289
0,6.48462919065,2.72485972323,18.798847057
0,6.55363254035,2.76019733126,18.9671757628
0,6.48204453909,2.72745725182,18.7729361566
0,6.46446894326,2.70861704195,18.7792592268
0,6.49394423047,2.76399633728,18.649739188
0,6.45277581909,2.71109848507,18.7083863913
0,6.47228917838,2.76032079969,18.5598416169
0,6.53852556591,2.75925454948,18.8963548006
0,6.47030446853,2.67614021951,18.9708209624
0,6.38949286131,2.6513964516,18.69048177
0,6.39579044919,2.70185206669,18.4696916373
0,6.45689128995,2.75119803958,18.5284659758
0,6.38877111357,2.69733173698,18.4571966079
0,6.42433979967,2.71828734709,18.5302619868
0,6.37504086542,2.6156760778,18.796823658
0,6.5586332399,2.74828632711,19.05173428
0,6.40415862321,2.72374459585,18.4020698626
0,6.55293105761,2.87254560893,18.4019269692
0,6.61367343116,2.86469259814,18.7449038858
0,6.57477772086,2.80250957753,18.8613404356
0,6.50608717887,2.8468412174,18.2962295347
0,6.553665238,2.81712575281,18.6826971475
0,6.66340209552,2.93448696751,18.6445753622
0,6.67866978627,2.90789477223,18.8538747892
0,6.58698280348,2.88674912658,18.5011681088
0,6.46408733823,2.72377094975,18.7015816637
0,6.53120786362,2.79492659992,18.6814060401
0,6.45086168264,2.79789759223,18.2648201798
0,6.41772344317,2.76371927449,18.2700205712
0,6.58967692893,2.81227344421,18.8870171422
0,6.41720643021,2.70529021284,18.5595808103
0,6.246369268,2.58157523327,18.3239699006
0,6.2303784327,2.53039238178,18.4999299789
0,6.19347502472,2.53328462376,18.3009517321
0,6.34368543769,2.63097204423,18.5635666907
0,6.25126426332,2.53999728443,18.5563346179
0,6.21625178955,2.51611291365,18.5006941038
0,6.12876678752,2.4826467067,18.2306001325
0,6.10076847364,2.46447259999,18.1814790973
0,6.18641879608,2.55032536931,18.1804668629
0,6.32797284461,2.66230567194,18.3283355902
0,6.28289999686,2.60683855318,18.3803069445
0,6.38360600926,2.66273331604,18.6043631889
0,6.31668641501,2.62111481014,18.4778577491
0,6.45043030323,2.71991061583,18.652598159
0,6.33647223335,2.7280554826,18.0420834849
0,6.44964107916,2.77362973327,18.3800564556
0,6.42277367949,2.7064886127,18.5814250571
0,6.3994693784,2.76764189131,18.1591371648
0,6.43576822907,2.80732885185,18.1421966158
0,6.24406916398,2.65308879908,17.954901557
0,6.3269080276,2.73079840676,17.9805478363
0,6.37700381097,2.7013007265,18.3785151485
0,6.4795713591,2.79624909267,18.4166110577
0,6.4143295288,2.75571253966,18.2930846731
0,6.50479740106,2.83249646855,18.361504389
0,6.44979920108,2.82315072816,18.1332420944
0,6.6069165218,2.96224610402,18.2233518173
0,6.72408657237,3.09971248128,18.1218701854
0,6.90090437368,3.19662351368,18.521404024
0,7.00555555486,3.32462383428,18.4046583287
0,6.94461614415,3.29144344953,18.2658632009
0,6.92495940782,3.23375115994,18.4560409644
0,6.96245738536,3.30264293414,18.2990719835
0,7.00885014822,3.28298683103,18.6293163083
0,6.87358112377,3.15315097906,18.6021504463
0,6.69453581477,3.07106193601,18.1173691239
0,6.66042715702,2.97421046314,18.4310831948
0,6.55043378646,2.83538550684,18.5752411213
0,6.38972925585,2.71393582749,18.3789668679
0,6.30971415996,2.68402452254,18.128447917
0,6.33776434526,2.72258091879,18.075916863
0,6.3229029546,2.66987929108,18.2651180454
0,6.38066841999,2.73485951498,18.2290442534
0,6.35336521228,2.67597254897,18.3869630426
0,6.3489604546,2.7011817646,18.2388931782
0,6.25803952781,2.69252208669,17.82758694
0,6.32334439084,2.71699584254,18.0317424728
0,6.36761332187,2.74334490406,18.121341819
0,6.36687750645,2.72307919112,18.2189913052
0,6.48691787013,2.88603842354,18.0043969647
0,6.46363558892,2.81966379142,18.219858716
0,6.51988896656,2.89293876871,18.134750719
0,6.50475067171,2.92213269812,17.913089601
0,6.54162169237,2.93454065629,18.0354049116
0,6.65050621561,3.05949442292,17.9550586959
0,6.66918164012,3.07755615715,17.9581271473
0,6.69833254077,3.0720240017,18.1315424252
0,6.75710056224,3.08841469751,18.3434290503
0,6.63537736799,3.00282823666,18.162745386
0,6.64503299783,3.01938695099,18.128229964
0,6.79110673391,3.12315352911,18.3397657507
0,6.66477792094,3.0766921741,17.9404284669
0,6.65545131263,3.0440384591,18.0570639986
0,6.53574162905,2.93117843521,18.0228157007
0,6.51182675195,2.91037476258,18.0072596785
0,6.43255493536,2.86179878874,17.8537804671
0,6.46777383199,2.82712115697,18.2032631039
0,6.58963288087,2.92151942952,18.3405669834
0,6.49469064724,2.89096285869,18.0186386742
0,6.57264753571,2.98993535458,17.9135606387
0,6.54825126055,2.96360188789,17.9232465962
0,6.50831645623,2.97312254661,17.6759692847
0,6.63174866351,3.03959752897,17.960755405
0,6.75955858982,3.14078842891,18.0938505349
0,6.77872067508,3.19279309636,17.9296376264
0,6.71585019888,3.14842816743,17.8371098915
0,6.6848028194,3.05549602478,18.1465337027
0,6.49241285372,2.93793996037,17.7723642019
0,6.46774748605,2.90774897569,17.7999922865
0,6.31248088093,2.76709719521,17.7269181645
0,6.40519656158,2.81064999523,17.9727325639
0,6.27100127501,2.7153975323,17.7780184486
0,6.19276584628,2.67443953621,17.5916312882
0,6.1801873722,2.65016273513,17.6501229223
0,6.26224438159,2.67293676667,17.9465378071
0,6.278447884,2.71021558608,17.8411612237
0,6.26380202191,2.72079976245,17.7150110333
0,6.3071687757,2.76919596752,17.6898637773
0,6.31741277772,2.80927119653,17.5407076446
0,6.36180054372,2.85160577398,17.5509735872
0,6.27886982863,2.7019469538,17.8846141076
0,6.28361211135,2.7397280251,17.7194201672
0,6.28944251911,2.69736961678,17.960364244
0,6.36210125525,2.77874913234,17.9167603476
0,6.21790327414,2.65156262879,17.831702961
0,6.32720128406,2.74511968536,17.9104077266
0,6.32311771028,2.76569902327,17.78709317
0,6.38277308354,2.85353941445,17.6461680825
0,6.55036928595,3.01128884323,17.6954019499
0,6.63996774548,3.10289235254,17.6853767011
0,6.65330584422,3.0796517617,17.8682701464
0,6.66726880055,3.05350365316,18.0688254677
0,6.37448496138,2.84673885408,17.6387302736
0,6.30558161755,2.76617712917,17.6970221782
0,6.41419877911,2.93166106348,17.4126883186
0,6.45353782267,2.87872807339,17.87404848
0,6.48197813277,2.89999842119,17.909898291
0,6.32689258295,2.75709375651,17.8489938662
0,6.40554728636,2.87911236016,17.6321743682
0,6.52986942055,3.00553632733,17.6216652035
0,6.43514872102,2.91585140334,17.5964863262
0,6.36980980189,2.84489365463,17.6245804736
0,6.31138763357,2.7348320417,17.8827776929
0,6.33491705755,2.82272751221,17.560947465
0,6.43438267233,2.92548224981,17.5445018512
0,6.54988276355,3.0334114095,17.5823565083
0,6.64068463055,3.08003067368,17.8032695191
0,6.60711034864,3.07312946812,17.6699041393
0,6.54267812684,2.99391931298,17.7437938049
0,6.37707681821,2.88839476476,17.4434100073
0,6.43395064516,2.92180962004,17.5607048639
0,6.42161907706,2.91326823308,17.5417539585
0,6.58717038408,3.11457243921,17.3629894656
0,6.56829433184,3.11563892203,17.2632767918
0,6.71106232924,3.22130762002,17.4487732861
0,6.62616812948,3.11486245493,17.5565281111
0,6.40023208924,2.92887655183,17.3567774284
0,6.44840712191,2.90651754169,17.7094476372
0,6.36507169146,2.90781292937,17.2862935529
0,6.35445299594,2.86020797449,17.4712248469
0,6.43400324548,2.82088530535,18.0655894315
0,6.27452914597,2.75092517543,17.6180195902
0,6.17029975793,2.69039096269,17.3995437169
0,5.94941657141,2.56526601269,16.9207525414
0,6.07128637535,2.57406321162,17.4861155581
0,6.07433712584,2.60692207902,17.3370749757
0,6.17100588605,2.67578580152,17.4761001622
0,6.18729860495,2.70262102409,17.4233876447
0,6.11826108369,2.63179752126,17.4323175524
0,6.11293125116,2.63236261393,17.4028429268
0,6.11042976234,2.60361921596,17.5340524706
0,5.96764842479,2.52668910523,17.2047963414
0,6.02574999018,2.55885340999,17.3344826427
0,6.0517896991,2.58541043882,17.3318960432
0,6.01001198418,2.6024571167,17.0377740835
0,6.13250316753,2.61679466176,17.5785422669
0,6.05855798101,2.55846576599,17.5004608143
0,6.07090434796,2.58349352969,17.4370538315
0,6.16203541953,2.72712916147,17.1745310344
0,6.11931599552,2.6998644513,17.0972574663
0,6.19499625354,2.71896466978,17.3801576598
0,6.04984470744,2.61958261645,17.1513101994
0,6.046942047,2.60362558108,17.2165820731
0,6.05472036377,2.61296096026,17.2087967611
0,6.10242824193,2.63796616273,17.3223101379
0,6.23311052383,2.69202520238,17.7054263434
0,6.01227084233,2.62428465043,16.9399307071
0,6.04402908759,2.62983885527,17.0709509072
0,6.05035970968,2.64246224289,17.0394870801
0,5.95461905703,2.57447228278,16.9007336194
0,6.07281176428,2.61583630627,17.2848770325
0,6.04162552025,2.63521304701,17.0320621124
0,6.09935026812,2.68407196239,17.0763912742
0,6.13780772791,2.70476101438,17.1652333119
0,6.04245492357,2.66068178328,16.9088654495
