epoch,loss,main_output_loss,mid_output_loss
0,6.35203509188,5.41670650614,4.67664285902
0,4.83850696665,4.08937757058,3.74564692455
0,4.04465583147,3.34477506648,3.49940377279
0,3.81680704487,3.14554748769,3.35629773588
0,3.65218512438,3.00552909202,3.23328011363
0,3.52638140574,2.90211088513,3.12135255652
0,3.42864172289,2.8226850051,3.02978354382
0,3.3437089742,2.75310462573,2.95302169835
0,3.27893076416,2.70182538206,2.88552686753
0,3.21551913449,2.65013870036,2.8269021285
0,3.1626030505,2.6075771083,2.77512966962
0,3.11891242643,2.57262577263,2.73143322828
0,3.08122045338,2.54276592684,2.69227259254
0,3.04500191285,2.5136861345,2.65657885214
0,3.01742300962,2.49197615199,2.62723424902
0,2.99134240978,2.47067090284,2.60335749594
0,2.96907364613,2.45220810537,2.58432766527
0,2.9497208981,2.43637629737,2.5667229654
0,2.93070034685,2.42015863449,2.55270852376
0,2.91852771276,2.41010986512,2.54208920033
0,2.90362615441,2.39731144412,2.53157351373
0,2.8887019401,2.38411412286,2.52293904861
0,2.87964741451,2.37648209449,2.51582656263
0,2.86974551078,2.36779252658,2.50976488358
0,2.85947291887,2.35873537783,2.50368766788
0,2.85419845522,2.35439200214,2.49903222817
0,2.84434600839,2.34565881689,2.49343592035
0,2.83755894727,2.33973875107,2.48910094393
0,2.82916263543,2.33227642202,2.48443103002
0,2.82532957064,2.3290792727,2.48125145276
0,2.81881367355,2.32334056912,2.47736548523
0,2.81313356613,2.31831099354,2.47411282611
0,2.80758980954,2.31347380043,2.47058000871
0,2.80477214017,2.31114117097,2.46815480922
0,2.79798051049,2.30498416186,2.4649817064
0,2.81716038328,2.32234919751,2.47405589196
0,2.79267648216,2.29958540795,2.46545533432
0,2.78682198864,2.2950465673,2.45887707009
0,2.78174347418,2.29055329751,2.45595084676
0,2.78409400956,2.29336442484,2.45364788704
0,2.78872280388,2.29802391973,2.4534943842
0,2.7724773641,2.28243594869,2.45020704051
0,2.76776236971,2.27823610255,2.44763129935
0,2.76478193429,2.27570798626,2.44536970371
0,2.76333400152,2.27453053046,2.44401731892
0,2.75972144358,2.27122865049,2.44246392904
0,2.75700451525,2.26879020526,2.44107151357
0,2.75282756625,2.26506847257,2.43879543206
0,2.7519900617,2.26427366063,2.43858196903
0,2.7497237543,2.26234225179,2.43690747624
0,2.74742698157,2.26031538614,2.43555794086
0,2.74410837346,2.25729584137,2.43406262418
0,2.74206847315,2.25540878843,2.43329838733
0,2.74095952815,2.25462149433,2.43169013285
0,2.73801147773,2.25204111535,2.42985177569
0,2.73718441758,2.251152276,2.43016067169
0,2.73508060919,2.249543437,2.42768582477
0,2.73143228029,2.24613365526,2.42649308897
0,2.72914624749,2.24394883034,2.42598704956
0,2.72854498147,2.24340682415,2.42569075048
0,2.72694858196,2.2420968728,2.42425850968
0,2.724335846,2.23952171884,2.42407059964
0,2.72279873826,2.23831060123,2.42244064906
0,2.72170775091,2.23726090007,2.42223421811
0,2.71789546222,2.2335108159,2.42192319551
0,2.71815018158,2.23401709779,2.42066538287
0,2.71574567999,2.23184273723,2.41951467774
0,2.71586950162,2.23194426674,2.41962613831
0,2.71377646921,2.22987446635,2.41950997822
0,2.71219858835,2.22861990855,2.41789336296
0,2.70985453531,2.22628334982,2.41785589141
0,2.71101352113,2.22745381216,2.41779850882
0,2.70702138041,2.22390939534,2.41555988936
0,2.70709265748,2.22392823263,2.41582208826
0,2.70613822802,2.22324414754,2.41447036641
0,2.70530967968,2.22224637064,2.4153165092
0,2.70508047752,2.22206963412,2.41505418101
0,2.70367471246,2.22082682251,2.41423941377
0,2.7000548451,2.21740580153,2.41324518191
0,2.70096273116,2.21818053332,2.41391095325
0,2.69999789572,2.21720381625,2.41397036138
0,2.69806235622,2.21578039507,2.41140976983
0,2.69592427525,2.21358176717,2.41171250446
0,2.69655884043,2.21428758428,2.41135624483
0,2.69551167494,2.21323914269,2.41136262533
0,2.69208161429,2.21013211504,2.40974746034
0,2.6947304799,2.21269912521,2.41015673754
0,2.69162463517,2.20975604997,2.40934289011
0,2.69102811303,2.20905357154,2.40987267152
0,2.69003441518,2.2080640565,2.40985175746
0,2.68620706343,2.20426319072,2.40971932764
0,2.68843340543,2.20670275674,2.40865320753
0,2.68696226621,2.20535395139,2.40804153817
0,2.68738907147,2.20589550582,2.40746779238
0,2.6878059301,2.20628037215,2.40762775384
0,2.68456499934,2.20323214117,2.40666425497
0,2.69114442462,2.20954145674,2.40801480355
0,2.69073417713,2.2084750287,2.41129570622
0,2.6824636362,2.20099186158,2.40735883723
0,2.68169728624,2.20012875375,2.40784262657
0,2.68222341768,2.20100597769,2.40608716406
0,2.67992067683,2.19908008205,2.40420293805
0,2.67982114815,2.19886806367,2.40476538657
0,2.67924491991,2.19840352691,2.4042069292
0,2.67998510367,2.19880590103,2.40589597735
0,2.6757913105,2.19514876831,2.4032126751
0,2.67823123551,2.19749232328,2.40369452533
0,2.67795105668,2.19727034026,2.40340354629
0,2.6772979605,2.19641071803,2.40443617653
0,2.67466236905,2.19389242315,2.40384969367
0,2.68084099069,2.19930176969,2.40769606916
0,2.67365176853,2.19278946538,2.4043114799
0,2.67283057971,2.19234812407,2.40241224244
0,2.67260861753,2.19219589927,2.40206355549
0,2.67440832926,2.19402438304,2.4019196953
0,2.66832285151,2.1880510408,2.40135901776
0,2.67494315765,2.1944782911,2.40232429695
0,2.67071358415,2.19070939447,2.40002091261
0,2.67267841191,2.19284221762,2.39918093569
0,2.66911958738,2.18910311763,2.40008231299
0,2.66587745413,2.185893087,2.39992179987
0,2.66599787121,2.18643543288,2.39781215591
0,2.66418772885,2.18412700216,2.40030359768
0,2.66874275296,2.18862977723,2.40056484286
0,2.66744425724,2.18738772169,2.40028264197
