epoch,generator_TD_Dense_0_loss,loss,model_1_loss,model_2_loss_1,model_2_loss_2
0,0.0397094959633,4.07028416948,0.128692361664,7.29120370746,6.49039892232
0,0.120200704316,2.53797068967,0.155173106426,5.29881329642,3.57531927699
0,0.132332002379,2.08239517737,0.16927977309,4.73625171778,2.7055300045
0,0.158146993998,2.0163232798,0.191743078606,4.73283154118,2.51624535947
0,0.178221791019,1.95886290879,0.202777309632,4.73039729625,2.35373675859
0,0.188921286802,1.89900858488,0.207110989616,4.73045720909,2.19337149916
0,0.208962717889,1.87294154986,0.216421677277,4.72477974784,2.11100121287
0,0.220077993987,1.85417807455,0.224156786223,4.7245356336,2.05309930628
0,0.233999307067,1.83662981484,0.23139065307,4.71982782433,1.99766124872
0,0.228837122935,1.82240281638,0.232268415355,4.71923105405,1.96755432294
0,0.221000045721,1.80278705898,0.23905310216,4.71896346973,1.92648579948
0,0.211444030401,1.78846654124,0.243520873575,4.72361537739,1.8979145668
0,0.225017109933,1.78026192975,0.250954548268,4.71627195051,1.86750167242
0,0.224576596485,1.76937808597,0.253518569125,4.71474654288,1.84149528069
0,0.223793565055,1.76184928211,0.258135934366,4.71311981614,1.82426966617
0,0.244316769564,1.76025283444,0.269607734365,4.7111292648,1.8007506185
0,0.232631738353,1.74869186518,0.271520948234,4.71653939294,1.78082816291
0,0.235242599095,1.7341333244,0.284309105598,4.71641697773,1.74188215879
0,0.237441239911,1.71999272297,0.290487461311,4.71646264834,1.704309179
0,0.257900486902,1.71403079823,0.307028159621,4.71557832514,1.66938728261
0,0.28381530788,1.70829418844,0.322620150864,4.71225806912,1.63079106536
0,0.288467391142,1.69387435296,0.329783881033,4.70911267521,1.59166209125
0,0.305000924556,1.69110214142,0.342967513323,4.70974649372,1.56788111822
0,0.293475752307,1.67682468981,0.353960764874,4.71001980754,1.54357600708
0,0.308241142883,1.67477981295,0.365546555779,4.70836319905,1.52452672658
0,0.307494228658,1.6667991346,0.376745847419,4.70773557911,1.50563575676
0,0.313184092857,1.66496069866,0.384144947397,4.70556838399,1.49643339831
0,0.320208171222,1.65883294474,0.392276808888,4.70271941327,1.47551441993
0,0.314294522776,1.65407856702,0.393477008223,4.70316565792,1.46931900318
0,0.329238857552,1.6520618436,0.404345745598,4.70148319368,1.45017408918
0,0.32497447031,1.64717165236,0.404834975177,4.69863197581,1.44363860842
0,0.340449669559,1.64829363151,0.416883997576,4.69599922116,1.43228473521
0,0.344690797321,1.64261219291,0.42125020383,4.69342212824,1.41512855662
0,0.336064756649,1.63422741836,0.417972768151,4.68826423612,1.40537160833
0,0.340700370015,1.63691688383,0.422536838247,4.68998654525,1.40659850324
0,0.34572257071,1.6331752391,0.428682035239,4.68042225464,1.3970043362
0,0.338863395136,1.62325059865,0.427613427205,4.67740842739,1.38055882571
0,0.354219194322,1.62713947169,0.434508746321,4.67662155555,1.37531864355
0,0.335661413641,1.61733002236,0.439898757076,4.67422233639,1.37055241197
0,0.329854560438,1.61120122168,0.443247263032,4.66719288361,1.36455198974
0,0.333122336235,1.6109691257,0.444017114086,4.66173774622,1.36343154254
0,0.334650802646,1.60624271593,0.451868983515,4.6540961364,1.35390785675
0,0.342279164555,1.60644727695,0.457284917336,4.65211085968,1.34778353555
0,0.346689159952,1.60807722861,0.461619734154,4.64371519058,1.3516462538
0,0.34873610414,1.60432987204,0.468206337736,4.63737602345,1.34340050074
0,0.346900114886,1.59686572791,0.469701612342,4.6290656351,1.33073132705
0,0.35006368037,1.59687067373,0.473614974699,4.62033452444,1.33194568018
0,0.356373459748,1.59542315173,0.481344034226,4.61125720721,1.32655575455
0,0.355620118595,1.59245670686,0.482336132108,4.608800133,1.32112152147
0,0.354756545584,1.5893749067,0.482780838994,4.59150232508,1.32292949817
0,0.356495670016,1.58552163414,0.484200373914,4.57965452216,1.31748109325
0,0.365639804073,1.58554622694,0.494670760744,4.57689265515,1.30977937556
0,0.365928489504,1.58049726083,0.496979009436,4.55686987581,1.30687966402
0,0.373056440301,1.57835526434,0.506043284521,4.54012540285,1.30276895735
0,0.365385161388,1.5703644963,0.503520174973,4.51810425308,1.30147389276
0,0.374546193349,1.5718889636,0.512183067059,4.50957527135,1.30038851984
0,0.366888194605,1.56907289359,0.51768040225,4.51141666009,1.30008565044
0,0.371616714417,1.56553038993,0.510118474368,4.48673416789,1.29884211546
0,0.383272629893,1.55996602513,0.525809101107,4.45558561908,1.28884956269
0,0.381194329647,1.55296679258,0.525716406951,4.42455963276,1.28894277464
0,0.37350954185,1.53991317445,0.523626269472,4.3907299235,1.28090837261
0,0.369615570553,1.53692740664,0.531595285607,4.37318344448,1.28611116578
0,0.353420858753,1.52497025881,0.533699764203,4.35494710067,1.2815311779
0,0.35095589888,1.51619620709,0.535599814025,4.31672414994,1.28117248599
0,0.350988470903,1.5085620289,0.540157169226,4.28782670715,1.27650318727
0,0.345525014764,1.50054876756,0.537440953686,4.25321552267,1.27923908491
0,0.343045545469,1.4907246495,0.53963477552,4.22326919584,1.27213142235
0,0.344880754664,1.48475257734,0.542610782614,4.19018529881,1.27190798166
0,0.352714939185,1.4804212832,0.553660852342,4.1591188872,1.26877876836
0,0.343133413528,1.47169389914,0.54893976323,4.13347594088,1.26936330642
0,0.344962078001,1.46436008665,0.554829162325,4.09745033102,1.26721291567
0,0.352426109331,1.46669130209,0.562871376576,4.09515932859,1.26672242458
0,0.349213699488,1.45287226461,0.563277146154,4.04082830845,1.26255275142
0,0.347284079818,1.44608078343,0.563369503088,4.01478568345,1.26052498109
0,0.345899173049,1.44079013261,0.567430412569,3.9914069714,1.26037261737
0,0.361994829105,1.44133640486,0.587572686039,3.95666104771,1.26301560341
0,0.346655075261,1.4302725296,0.575956526714,3.93787868743,1.26008685005
0,0.345094896957,1.4267427797,0.573543253148,3.92161847366,1.26095276002
0,0.34199972768,1.41624952954,0.576064346317,3.88109850217,1.25807478952
0,0.345725043498,1.40997344552,0.584075450141,3.84595275384,1.25623213898
0,0.338730421201,1.39890950537,0.579916530633,3.81328891711,1.25189882965
0,0.34227727118,1.39583499302,0.585166909746,3.79700372245,1.24880829606
0,0.337428552122,1.39326437345,0.581562771307,3.77876266749,1.25635099329
0,0.344828063889,1.39114981127,0.590792821115,3.76130785088,1.25239248491
0,0.340821979795,1.38244858755,0.589936908862,3.72948941434,1.2505547287
0,0.341586429842,1.37799372734,0.594462213997,3.70345013371,1.25167276788
0,0.342924958597,1.38239309277,0.59813587896,3.71807347872,1.25402098052
0,0.342982447936,1.37589887185,0.596794555145,3.68730819412,1.2531105805
0,0.337896050658,1.36299918406,0.599098529169,3.64691010682,1.24614680281
0,0.342073066314,1.36212157149,0.604934816718,3.62743233759,1.2495146415
0,0.335430489675,1.35245612758,0.603114198652,3.59936156577,1.24602899342
0,0.341849090646,1.35058096031,0.61052287179,3.5753408049,1.24693285451
0,0.340205459493,1.34956863512,0.61011823221,3.57105488624,1.24818863274
0,0.342634717575,1.35093772847,0.615630982305,3.56543231202,1.25199339339
0,0.343405313466,1.34155022507,0.617540053981,3.53671877889,1.24211080731
0,0.341380572949,1.33892006444,0.619346404862,3.51946136085,1.24618885521
0,0.340942427186,1.3363652701,0.620338644359,3.50788393458,1.24602872906
0,0.339339511059,1.33247765981,0.622535807519,3.49652278708,1.24359319305
0,0.340933568586,1.32996794341,0.624765583499,3.47640565548,1.24578340996
0,0.338513181138,1.3214618065,0.62507703273,3.44505356641,1.24261450139
0,0.347303076932,1.34131996553,0.632101395963,3.50875938958,1.25161709092
0,0.343600754522,1.32503461895,0.632835291454,3.45216745422,1.24290201353
0,0.338403501538,1.3154614288,0.631414199051,3.41582320493,1.24233841702
0,0.341017114748,1.31720707136,0.637762512929,3.41318846594,1.24540627839
0,0.34190076254,1.31715035594,0.637817431556,3.40845443934,1.24674785546
0,0.338803713374,1.31004232098,0.638402218022,3.39095564318,1.2408242157
0,0.342708220316,1.30723998191,0.644837304718,3.36602047821,1.24238144466
0,0.345148098044,1.31490214971,0.65146742262,3.39527759336,1.24446842878
0,0.336657429784,1.30417421257,0.638104762702,3.36593091623,1.24081259318
0,0.343019501742,1.30379195657,0.646523479772,3.35143870009,1.24074098978
0,0.340921308311,1.29926663497,0.645024964865,3.3386198782,1.23793529082
0,0.339226284774,1.29563961891,0.642585196181,3.31791879505,1.24091331464
0,0.33908505213,1.29105679646,0.643503531289,3.30218430671,1.23746473552
0,0.333795876165,1.28847114086,0.640846764475,3.29880299261,1.2379804295
0,0.337439064214,1.28886655513,0.644693396845,3.29315225597,1.23815114479
0,0.336434210902,1.2868272508,0.645488042747,3.28393405417,1.23866683839
0,0.331134300377,1.28208076018,0.639472456788,3.27850127858,1.23481691135
0,0.336640294046,1.28558510781,0.64626620943,3.27527299532,1.23968592711
0,0.333714924234,1.28190560893,0.643582740272,3.27349665263,1.23430072155
0,0.332568343341,1.27863231179,0.645394986326,3.25411133868,1.23695671636
0,0.331692927324,1.27854728282,0.643663034758,3.26030290287,1.23452377795
0,0.332382061265,1.27419193485,0.647018267301,3.23736783792,1.23441380647
0,0.333024880651,1.2738319769,0.652283908279,3.23423023107,1.23443989614
0,0.334329422542,1.27248918356,0.652437656801,3.22889559876,1.23244568771
0,0.331758794093,1.26940163666,0.650053007475,3.2200568038,1.23171684706
0,0.332913135525,1.27697108107,0.648562851277,3.24333426688,1.23784738344
0,0.329495778187,1.27101589075,0.648587065994,3.22571254324,1.23518762713
0,0.329937787011,1.26977669661,0.651656200073,3.21282267003,1.23809257069
0,0.331227763474,1.27113620326,0.651922527368,3.22104715155,1.23608911888
0,0.328431452424,1.27098613313,0.650562901389,3.22019118685,1.23893823775
0,0.326360240518,1.26646975817,0.645576425843,3.20686651497,1.23638084876
0,0.325225105071,1.2660437821,0.648053519629,3.20590922326,1.23692969097
0,0.326963294087,1.26377701756,0.649105313906,3.19293942955,1.23600948568
0,0.326901983753,1.26369925146,0.651645347244,3.19502260034,1.23483479483
0,0.326213946055,1.26548874184,0.652474492447,3.20193245655,1.23654163045
0,0.328480141571,1.26515686517,0.65359336953,3.19521078101,1.23680658126
0,0.323415556201,1.26677971279,0.649987047613,3.20950686383,1.23878024545
0,0.327276416886,1.26841518903,0.655717957567,3.20540625107,1.24105838166
0,0.324024887553,1.26485196085,0.651496549472,3.19928208241,1.23846392415
0,0.322244769196,1.26672693218,0.648618361556,3.20969041703,1.23972730309
0,0.318967659707,1.26486137145,0.64608529276,3.19750914373,1.24443114868
0,0.3175550343,1.2639635916,0.644120348686,3.20246646781,1.24112066331
0,0.317808506994,1.258437654,0.645176672428,3.17595397194,1.2403085939
0,0.314338602303,1.25323156704,0.647312422447,3.16162142823,1.23792955362
0,0.309657428435,1.25178015994,0.642913199443,3.16819849223,1.23569367856
0,0.315913994997,1.25077797188,0.648540037197,3.15159677414,1.23523249967
0,0.312937123477,1.24581963082,0.646296142555,3.13540636353,1.23390872466
0,0.3128097958,1.25445619177,0.645778903187,3.16614354205,1.24025886542
0,0.31287754374,1.24591345409,0.644486546785,3.13514164742,1.23433522087
0,0.303576472118,1.23523692494,0.637884197764,3.10922013292,1.22990572755
0,0.304054085455,1.23361018291,0.636432974213,3.09889328656,1.23052468243
0,0.309049973116,1.24096082642,0.64221760118,3.12415621716,1.23127393677
0,0.305723605368,1.23756746504,0.641472123521,3.11460153946,1.23089424172
0,0.306432494514,1.23035558765,0.641885016342,3.08999272302,1.22446006692
0,0.304891774332,1.23165083182,0.638237155138,3.08954813053,1.22946119345
0,0.304869814829,1.2333085037,0.636098557642,3.10140277243,1.22770001225
0,0.300921948961,1.22685660149,0.633537303391,3.07981799135,1.22631051336
0,0.295725197296,1.22547351953,0.633010810926,3.07799084851,1.22896313184
0,0.298732794949,1.22373773645,0.633023574375,3.0710746742,1.22507416346
0,0.299470656273,1.22026908651,0.632767733568,3.0580430108,1.22218050877
0,0.294948135459,1.21420236291,0.630447446299,3.04228177176,1.21941684089
0,0.295071573505,1.21479821378,0.630441051492,3.03861001248,1.22261890869
0,0.298547405869,1.21704245293,0.629923955302,3.04130969143,1.22340383534
0,0.298448745317,1.21855501069,0.629277791404,3.04959846935,1.22313950134
0,0.298700628505,1.21733926333,0.631740356668,3.04747074694,1.22091211003
0,0.296199139418,1.21537072345,0.628593059932,3.03775595109,1.22334964813
0,0.294238316864,1.21240825656,0.630152164132,3.03044413571,1.22156021205
0,0.298016818843,1.21000597105,0.630249906084,3.01839083954,1.2178026436
0,0.291806855473,1.20517555753,0.623780131267,3.00555858934,1.21835269961
0,0.292785014728,1.20326641071,0.627440389212,2.99563122741,1.21756535359
0,0.292202802782,1.20465630177,0.624597602136,2.99661902134,1.22112839653
0,0.292253342969,1.20262347356,0.624240892867,2.99128559487,1.21866249815
0,0.292373585198,1.19900227607,0.625428674482,2.98004783007,1.21510814551
0,0.291727851433,1.19645176932,0.626048987733,2.96831699067,1.21524303172
0,0.292574881543,1.19743390121,0.628422443321,2.96993619325,1.21604173038
0,0.2926780637,1.19938216643,0.627326258302,2.978738187,1.21640821407
0,0.293913428665,1.19854229997,0.623764760444,2.97423644672,1.21532405372
0,0.295164745499,1.19996548934,0.627560746294,2.98118403155,1.21415691742
0,0.292201814497,1.19863605698,0.625078460093,2.97926130397,1.21475763133
0,0.292677476966,1.19787688135,0.627051870663,2.97564278798,1.21419328759
0,0.294421992543,1.1964238043,0.625436601997,2.96346409106,1.21490542818
0,0.292180328768,1.19631837323,0.624934919099,2.96860336489,1.21431387654
0,0.289407243868,1.19221759156,0.624774287437,2.95174791217,1.21526273464
0,0.292884108646,1.19418492195,0.626211018737,2.95488812509,1.2151340892
0,0.285458789582,1.18834177395,0.624297808175,2.93714371431,1.21682374352
0,0.287704611574,1.18827151776,0.623096324668,2.93399798182,1.21597514768
0,0.290824420854,1.19271060973,0.624599375679,2.94885570346,1.21652420795
0,0.292367859076,1.19036173674,0.627825385864,2.93957559462,1.21374864176
0,0.287223723667,1.18582270542,0.626895345668,2.9259646382,1.21435067677
0,0.285260002355,1.1900442595,0.623447658389,2.94232704559,1.21868707984
0,0.285713522565,1.18354731167,0.626889893845,2.91870662737,1.21380139829
0,0.288379118872,1.18414070024,0.624302878256,2.9163564729,1.21379435103
0,0.285172797038,1.18305372833,0.623131568953,2.91540145466,1.21476075308
0,0.285685207332,1.18012259735,0.622886952663,2.90427284482,1.21248482026
0,0.286942914299,1.18009180293,0.625420946283,2.90079443652,1.21288933053
0,0.285301053431,1.18008822514,0.622924064365,2.90387793266,1.21298049909
0,0.288812760578,1.17876919529,0.626164577224,2.89419411268,1.21101312756
0,0.288870797403,1.17666983073,0.624650652784,2.87930995335,1.21314875949
0,0.289171456034,1.17540472076,0.624964253518,2.87822153541,1.21022953513
0,0.288829974104,1.17696446404,0.625492068049,2.88932511252,1.20891858607
0,0.288923779355,1.17443177827,0.625832979158,2.87754889726,1.20838117405
0,0.289342664689,1.17634706897,0.623897098304,2.87946888906,1.21179051931
0,0.292645960729,1.17885938026,0.628414549171,2.88633658956,1.21133415162
0,0.288593849571,1.17459261068,0.62691112562,2.87943087805,1.20817219484
0,0.288255407637,1.16722667275,0.628503885843,2.85422558281,1.20269843994
0,0.286623104675,1.16626640232,0.627712118196,2.84212872546,1.20797849525
0,0.289350987957,1.16560550842,0.629516992654,2.84140453197,1.20396047409
0,0.284245272819,1.15939896527,0.625117408312,2.82587660453,1.20131379452
0,0.285621117718,1.16424871138,0.626133257595,2.83531262782,1.20734430307
0,0.289107335812,1.16491303588,0.627333385621,2.8350828829,1.20563376994
0,0.288422776308,1.16326890234,0.627327530209,2.83602643442,1.20173621908
0,0.28763814229,1.15816017718,0.627636985419,2.81677455228,1.19937498241
0,0.293075702688,1.16231883386,0.629638044464,2.82431120587,1.20056573558
0,0.287982513971,1.15681275501,0.627003028879,2.81162705204,1.19823580495
0,0.288820525377,1.15381541758,0.630594932232,2.79763333066,1.19690131037
0,0.28746805215,1.15519740847,0.627794735872,2.80112619888,1.19996232748
0,0.288607589565,1.15897821934,0.629858609939,2.81523755854,1.20121913744
0,0.289781766273,1.15653548779,0.629206022725,2.81160047961,1.19575667049
0,0.288357628932,1.16185865388,0.626916104877,2.83095871156,1.20080960764
0,0.293611159562,1.16352984409,0.63475874557,2.83371441076,1.19835620121
0,0.286729888275,1.15531466875,0.628284466891,2.80748964878,1.19781191554
0,0.291165986491,1.15495789756,0.631376858377,2.79358123421,1.19943809765
0,0.287218098095,1.15162233223,0.631118547711,2.78466310206,1.19950613888
0,0.286291918459,1.14899440254,0.63058635612,2.78126604894,1.19556102112
0,0.285350417549,1.1457707288,0.62815681117,2.77345510245,1.19234881089
0,0.288018634459,1.15256345912,0.6282517178,2.78881456887,1.19898268616
0,0.287437995348,1.14946944226,0.628184027256,2.77761374384,1.19742869616
0,0.288680509416,1.14999903346,0.630793959561,2.77489478908,1.19886963693
0,0.28478684615,1.14649175193,0.628673082463,2.77161977729,1.19563260252
0,0.288802335452,1.1487064284,0.631807060612,2.77392321076,1.19600208768
0,0.286075756442,1.14588193337,0.62848364045,2.76968856416,1.19378475257
0,0.282007147234,1.14178811834,0.629565158381,2.75619880503,1.19436370345
0,0.281997811931,1.14166094605,0.626123773842,2.75253249306,1.19588826517
0,0.2871925113,1.15057028223,0.628784633801,2.78299606569,1.19773511878
0,0.282034153764,1.14601875876,0.623679396513,2.77524789963,1.19538875086
0,0.281913800588,1.1434134564,0.626367244513,2.7594588301,1.19689038324
0,0.280550766343,1.14187511889,0.623009352143,2.75516551086,1.19655423316
0,0.282350529653,1.1417652811,0.622621511407,2.75282680047,1.19564923023
0,0.282888618102,1.1442102132,0.62425282888,2.7592537805,1.19800998193
0,0.281744292386,1.14705588092,0.621994007766,2.77459914462,1.19859579516
0,0.282752756246,1.14490896055,0.624439787928,2.76529582122,1.19687169238
0,0.278542772924,1.14269789925,0.620893029016,2.75666691576,1.19986847457
0,0.277636875416,1.14391135428,0.620802968716,2.76752447995,1.19837922799
0,0.279787297709,1.14203214357,0.622167509125,2.75643632606,1.19707485614
0,0.280863632478,1.13905297103,0.623103171001,2.74558538841,1.19397605902
0,0.278693045362,1.14254420793,0.620207468766,2.75964365016,1.19784560714
0,0.279861152904,1.14454976774,0.618806006062,2.76718310122,1.19792167346
0,0.278980596316,1.14286586637,0.617539915391,2.76257795819,1.19689504837
0,0.275785472552,1.13786562726,0.616069429117,2.74873124793,1.19451292937
0,0.275936043599,1.1372225239,0.617409696279,2.7373446445,1.19844790172
0,0.280333552018,1.14183061842,0.621889822801,2.74538637178,1.20154976644
0,0.278448063975,1.13942203835,0.617570938901,2.74767163995,1.19627116997
0,0.317283165372,1.28114663303,0.624061326796,3.1824670998,1.29434981897
0,0.290286950676,1.18484936278,0.622320879419,2.90555665899,1.21905808281
0,0.280885331595,1.14729879968,0.618764447175,2.77525271633,1.19973526682
0,0.27676766547,1.13346742042,0.617456408405,2.72487996582,1.19446086106
0,0.27389653874,1.12813582928,0.614462125165,2.70701913177,1.19293342714
0,0.272504667844,1.12629857641,0.614108605403,2.70368360207,1.19139993074
0,0.27211401196,1.12599936756,0.612123224381,2.7076928982,1.1890379165
0,0.27228030488,1.1273566457,0.613164400488,2.71064452309,1.19078900621
0,0.27685939448,1.13700080912,0.614458244907,2.74567401731,1.19280557744
0,0.272668374832,1.12736778429,0.615230616978,2.71141194394,1.19004507249
0,0.271598868993,1.12594833122,0.612081784996,2.70457208596,1.19098587392
0,0.272139572284,1.1251542294,0.613728383176,2.6973801562,1.19205588157
0,0.267415093751,1.11763483533,0.611230213192,2.67814614046,1.18759888294
0,0.269051832305,1.11817088447,0.612164994764,2.6778624156,1.18744412934
0,0.266831716817,1.11782882593,0.611730642733,2.67514999297,1.19016531028
0,0.267813797775,1.11652746375,0.61058600707,2.67338970973,1.18680996543
0,0.266368442254,1.1153257009,0.610642800192,2.67134980965,1.18627086374
0,0.265709508146,1.11526024415,0.6091288789,2.67129243272,1.18679484459
0,0.265848956203,1.11320550457,0.607471071629,2.65862649161,1.18785151835
0,0.261627085245,1.10846649295,0.6047804103,2.6501213947,1.18447840823
0,0.262395581086,1.10915388612,0.607246383646,2.64499358219,1.18799230227
0,0.261057586039,1.11075818683,0.604285816889,2.65445030402,1.18861268767
0,0.263193905354,1.10815684325,0.605109968847,2.65124667466,1.18157482456
0,0.262129622647,1.10648418452,0.603630411635,2.64031125689,1.1839251691
0,0.261762874144,1.1047341753,0.603278665539,2.63703786476,1.18155359042
0,0.258415525073,1.10347858738,0.60149147079,2.63523310339,1.18266435071
0,0.263590374057,1.10299065909,0.605318053324,2.62638374585,1.18069435981
0,0.260391339062,1.10149163611,0.603927475717,2.62332058563,1.18167741743
0,0.2635946013,1.10091125555,0.604992601297,2.61809763041,1.17963468146
0,0.259632825485,1.10109446085,0.60252410293,2.62446342737,1.1808715723
0,0.261626644812,1.10193198816,0.602111016796,2.62728964324,1.17955846284
0,0.257955748804,1.09900911621,0.602234914032,2.61990792427,1.17961303858
0,0.258863926337,1.09724267427,0.601146599389,2.6080844967,1.18020047022
0,0.255334055041,1.09366139395,0.599950386231,2.60330080048,1.17716898908
0,0.255921615259,1.09316441051,0.599235700009,2.60219723844,1.17589075123
0,0.256456148114,1.09342300864,0.599203689556,2.59930351113,1.17744957702
0,0.256221210403,1.09124553115,0.599045503882,2.58686485226,1.17846015083
0,0.257256951333,1.09010355307,0.600418051304,2.58363949773,1.17618214212
0,0.255286887007,1.08797085985,0.597442010184,2.5797535875,1.17476342855
0,0.255489906078,1.0909352202,0.597998437825,2.58766476118,1.17801572328
0,0.256645059971,1.0911317109,0.599356431902,2.5884750848,1.17694663447
0,0.254266788135,1.08936414679,0.598598357745,2.5816904506,1.17829831374
0,0.259204677829,1.08937601364,0.599694163461,2.58086965267,1.17380048953
0,0.253407933459,1.08425930703,0.598356529668,2.56610480604,1.17418789094
0,0.257917243484,1.0883466291,0.601852132735,2.57587595583,1.17501131078
0,0.253474005366,1.08605228267,0.598041501595,2.57562673851,1.17384329158
0,0.25306929327,1.08509338805,0.595627223147,2.56876061374,1.17528382885
0,0.253815633281,1.08379111506,0.599205021752,2.55981988979,1.17575216957
0,0.252111039354,1.08017616983,0.595437238638,2.55287755049,1.17189056936
0,0.249104288955,1.07746039127,0.593708203085,2.54571498729,1.17168915512
0,0.249173615161,1.07483562988,0.592495349711,2.53540188531,1.17021447627
0,0.252551325123,1.07660506386,0.594719225954,2.53682257743,1.17055000624
0,0.250524785531,1.07725663308,0.593925094795,2.54621626436,1.16950862506
0,0.25064492892,1.07654508187,0.593756229442,2.54027151933,1.17058197591
0,0.252547618285,1.07962617931,0.593113903624,2.54721877966,1.17290840037
0,0.248986306809,1.08094003428,0.591920412973,2.5560066015,1.17536043811
0,0.249623047717,1.07657514283,0.590663817698,2.54212645067,1.17075154328
0,0.248033097272,1.07181818266,0.59110142636,2.52434099179,1.16934182371
0,0.246307160794,1.06921372255,0.589785825367,2.51832696539,1.16756362336
0,0.245083588384,1.06903629447,0.588897209105,2.5164421318,1.1692860424
0,0.245040597606,1.07065654931,0.58674261838,2.52056716569,1.17131715279
0,0.246268949872,1.07201240201,0.588076637306,2.53116780529,1.168178112
0,0.247389267987,1.07150886406,0.589198776926,2.5247816994,1.16899200261
0,0.242429299593,1.07200624903,0.583661605866,2.53354848237,1.17081204185
0,0.244463742499,1.06943314199,0.585412617593,2.52213853667,1.16804980473
0,0.246485832795,1.06941050996,0.585917573962,2.51533320301,1.16937380059
0,0.242041415777,1.06448215155,0.585578429977,2.5016875586,1.16832014355
0,0.244489682944,1.06393224864,0.586283778724,2.49483782438,1.16792198645
0,0.24268476759,1.06400104008,0.585178474707,2.50076169708,1.166936944
0,0.245269427758,1.06926691646,0.584222408639,2.52011563966,1.16784000388
0,0.243084468747,1.0693015632,0.582200274494,2.52452214015,1.16790832932
0,0.240673469823,1.06413003969,0.580866660133,2.50419684468,1.16755316682
0,0.24208562596,1.06401882336,0.581765898884,2.49999376511,1.16796451005
0,0.243274981679,1.06662938419,0.58346899309,2.50787430234,1.16936128787
0,0.238723855859,1.06050552222,0.579215406029,2.49182653234,1.16662664351
0,0.237812792664,1.06319384461,0.579069102328,2.5012492508,1.16954715322
0,0.240197877577,1.06077967074,0.58021313799,2.49182450979,1.16583900483
0,0.239509462236,1.0597329149,0.579700607242,2.48854043227,1.16555256887
0,0.23752396641,1.05651590234,0.578854451015,2.47774788551,1.16489180715
0,0.239090313868,1.05724653239,0.579494043391,2.47792409012,1.16506393237
0,0.239542177302,1.05975988888,0.578757461127,2.48847091822,1.16562204623
0,0.239305319708,1.06507022135,0.57765742021,2.50904903225,1.16884567727
0,0.236725346914,1.05835832885,0.574197008876,2.48786236171,1.16523925467
0,0.235970201085,1.05480936042,0.575283588517,2.47241088541,1.16484771802
0,0.238825442994,1.05787288731,0.576623158656,2.47838639143,1.16666354008
0,0.236586212233,1.0555751842,0.57511110461,2.47270586051,1.1659987791
0,0.235840408957,1.05402560979,0.575502342493,2.47029454386,1.16407630422
0,0.237463425921,1.05602631108,0.578137828936,2.47454124149,1.16533169149
0,0.238683397083,1.05793117945,0.578217724373,2.47939908895,1.16644496753
0,0.236304370804,1.05519633846,0.572769538898,2.47412942551,1.16462172249
0,0.237342712957,1.05994721708,0.573459026659,2.48991037852,1.16757010109
0,0.234767444096,1.05448187139,0.571429760948,2.47273756111,1.16506841373
0,0.232767653004,1.04904757341,0.571062496385,2.45437631565,1.16266308336
0,0.232595167889,1.04832302542,0.573331004498,2.44755400093,1.1644353559
0,0.233177195481,1.05017606228,0.572993930689,2.45205618797,1.16623482688
0,0.233897158801,1.0510617275,0.571293484545,2.45896738722,1.16427342719
0,0.231770584773,1.05174582241,0.569766754551,2.46358989287,1.16579898506
0,0.233824097749,1.05082516194,0.571911285711,2.4613601991,1.16255866806
0,0.233316075499,1.0472639999,0.572344181896,2.44483716259,1.16242530389
0,0.233238827282,1.04869032544,0.571423525453,2.44747315506,1.16475036885
0,0.230987773017,1.0475127508,0.569741457383,2.44953968894,1.16302422055
0,0.234513177882,1.05099778026,0.571991245977,2.45272052429,1.16662097096
0,0.232887053006,1.04823665879,0.570373850582,2.44792782519,1.16374064265
0,0.230766715804,1.04806608209,0.570118586686,2.44936081285,1.16471804386
0,0.2342210949,1.04889663301,0.571745264784,2.44760257002,1.16421916325
0,0.232687487747,1.04752078322,0.571873177377,2.44081121164,1.16570882504
0,0.231641795172,1.04536597288,0.571304242353,2.43611904793,1.16371357399
0,0.230371621839,1.04223948401,0.570169244459,2.4273896172,1.1615322405
0,0.22996067033,1.04179018859,0.56837355268,2.4261469542,1.16144128497
0,0.231351027349,1.04504372041,0.569626898916,2.43319265341,1.16466190775
0,0.2327032939,1.04837618861,0.57025609177,2.44428629557,1.16609399053
0,0.230924055334,1.04499638499,0.570055439836,2.43795897649,1.16258737895
0,0.229772645648,1.04100619404,0.568308624574,2.42161352354,1.16193603805
0,0.229457019844,1.04368189423,0.568191011527,2.42969548621,1.16489993333
0,0.230913181123,1.04175676182,0.569467256296,2.42458459302,1.1611863881
0,0.227548834062,1.04073788605,0.56730923369,2.42417580328,1.16220793995
0,0.229235562338,1.03986306211,0.567488449138,2.41645581451,1.1621941472
0,0.228963771955,1.04285853458,0.566311251424,2.43261532038,1.16187486489
0,0.227880626294,1.0404858417,0.565993564818,2.42354278738,1.16156254486
0,0.231649363632,1.04406173406,0.56939161888,2.43246769748,1.16227108383
0,0.230862740266,1.0439928452,0.567263947487,2.43423172332,1.16200347127
0,0.226141725257,1.04028204713,0.566183110908,2.42526503757,1.16193083458
0,0.228563589104,1.04187252441,0.564890389434,2.42517063192,1.16353236702
0,0.230471479243,1.04660690154,0.567864661428,2.44848016882,1.1618056505
0,0.229827295931,1.04462476354,0.566714282338,2.43557134735,1.16394890033
0,0.227618919104,1.03936568167,0.565796406029,2.41914174066,1.16122437568
0,0.227720106275,1.03671440313,0.565931958707,2.40503605788,1.16154783349
0,0.225086359364,1.03449961215,0.562741168081,2.40300652349,1.15965936985
0,0.226404719549,1.03882373766,0.565430619402,2.41590373117,1.16270271967
0,0.227438918526,1.0394124682,0.563661209122,2.41794234584,1.16212103963
0,0.226256051494,1.03586694434,0.563555695745,2.40512877234,1.1608468838
0,0.226630572727,1.0358351849,0.564521219206,2.40171581984,1.16209944109
0,0.227553035542,1.03615489473,0.565629487395,2.403019816,1.16132425411
0,0.226535010409,1.0359520399,0.564087273985,2.40500205167,1.16084402478
0,0.226679635319,1.03688569492,0.564797505382,2.40984828606,1.16061041945
0,0.225450668859,1.03468622969,0.563646403031,2.40235234081,1.16008869589
0,0.226219138925,1.03559957564,0.562584328612,2.40254494318,1.16150728936
0,0.226722742511,1.03335427524,0.56310568075,2.39526789788,1.15902895798
0,0.225713807379,1.03321552792,0.561326654523,2.39816340795,1.15824326996
0,0.225812382599,1.03328091315,0.563280470663,2.39681079035,1.1589844667
0,0.227739128529,1.03662729291,0.565086972094,2.40893177916,1.15936317459
0,0.224954248622,1.03607374629,0.560102651321,2.40942999735,1.1605150796
0,0.22522831566,1.03191307049,0.56228343963,2.38901472569,1.16004695865
0,0.224680787454,1.03380536574,0.560593323591,2.3966511255,1.16150702511
0,0.22421356772,1.03399240695,0.561183635203,2.39879912661,1.16136784665
0,0.228719584272,1.03429985846,0.563657588909,2.3966534024,1.15870332135
0,0.224499965463,1.03358691547,0.560168029782,2.39322795072,1.16285330901
0,0.225803401434,1.0372439612,0.561119951302,2.40633060721,1.16414115834
0,0.222701600628,1.0317820411,0.560086226629,2.39585506122,1.15882593326
0,0.224474800746,1.03358596697,0.560981072797,2.39968617384,1.15964699129
0,0.223872133057,1.03228568432,0.561036854348,2.39163512692,1.16102447557
0,0.221442003715,1.0277078478,0.558862069217,2.37911416114,1.15827049682
0,0.224135975421,1.02887857009,0.561907881039,2.3788180919,1.15865136542
0,0.218262712075,1.0279321085,0.554990782004,2.38342615956,1.15985444023
0,0.221548821219,1.0278233396,0.558428720335,2.38106687076,1.15747605395
0,0.219885694563,1.02672022461,0.557050383794,2.37537173125,1.15922896265
0,0.223717452975,1.02994932001,0.558076354005,2.38360584497,1.15935288545
0,0.223126486761,1.03506592304,0.558515042091,2.40584544334,1.16161556107
0,0.221061258788,1.03081119388,0.55634987037,2.39268867711,1.15962234831
0,0.222042328737,1.02856475531,0.555890909992,2.37943761038,1.15965071611
0,0.221366467825,1.02606483366,0.556839137659,2.36993975824,1.1588256985
0,0.221205391155,1.02869340244,0.557048282816,2.38114447541,1.15995583772
0,0.221144438266,1.02795428849,0.556453817404,2.38010019409,1.15869114736
0,0.221289294199,1.02643007251,0.556422075441,2.37249591983,1.15853788744
0,0.219482902996,1.02522046423,0.554799393051,2.37142274174,1.15785684809
0,0.215986124116,1.02519922544,0.553989317698,2.37486717917,1.15957831058
0,0.219415904983,1.03017135426,0.550296134728,2.39078807312,1.16061840492
0,0.217642432819,1.02810140752,0.55302767945,2.38758027248,1.15882091075
0,0.214778591054,1.02280152852,0.551246900914,2.37011693276,1.15716672512
0,0.217861018935,1.02506040131,0.550346912076,2.37023986704,1.159670012
0,0.216582929571,1.02177784589,0.552346397213,2.35986692973,1.15792818174
0,0.215192772552,1.02431862814,0.549839906132,2.37051547684,1.16034602025
0,0.217080544866,1.0230199683,0.550640300612,2.36590041282,1.15751913074
0,0.215687426825,1.02310733539,0.551252053225,2.36485137198,1.15965518681
0,0.216411140295,1.02428785172,0.547109035441,2.36819677098,1.16021006517
0,0.216291216281,1.02291688094,0.549049897579,2.36843811775,1.15678188892
0,0.214377304236,1.02075296253,0.54932613467,2.35810010514,1.15845501093
0,0.212639821237,1.02157441855,0.54558282207,2.36107298763,1.16075969267
0,0.215085929164,1.0212472498,0.549466583106,2.36482804989,1.15561813227
0,0.215386616199,1.02528596831,0.549082722506,2.37640590684,1.15962531279
0,0.215212798602,1.02469775378,0.54724656403,2.37248841403,1.1602873406
0,0.216184903177,1.02603760542,0.54879479812,2.37557313747,1.16112250291
0,0.214855863363,1.0195307526,0.550578757645,2.35648649313,1.15572773292
0,0.213329777427,1.01753585901,0.545588915193,2.34634318852,1.15733823802
0,0.213400029873,1.01798269111,0.54931322653,2.3443270602,1.15939312949
0,0.212548899209,1.01775445103,0.547480868424,2.34624080352,1.15871678843
0,0.211418396724,1.02068933284,0.547358324008,2.35968897833,1.16046040701
0,0.214480875922,1.02163100298,0.546905871886,2.36258003914,1.15830657285
0,0.214403579657,1.02137768008,0.546123366367,2.36366594463,1.15720761002
0,0.211757932453,1.02615509252,0.543714935544,2.38537386793,1.16094282608
0,0.215497221935,1.02405697543,0.548142738341,2.37305970721,1.15811532422
0,0.213878746231,1.0216587558,0.548379495508,2.36430510245,1.15811555384
0,0.208972121175,1.01592651329,0.544072538199,2.3492528966,1.15621767534
0,0.210570589861,1.01575110001,0.544389715627,2.34186442902,1.15787490732
0,0.206470370256,1.01555968281,0.541303099032,2.34676910298,1.1590442462
0,0.209977868929,1.01603728338,0.542938924832,2.34498127621,1.15762466273
0,0.212474574072,1.02165710127,0.542106054022,2.36148991906,1.16092318074
0,0.212154882662,1.02091193584,0.545764046966,2.36148603137,1.15938190319
0,0.213604911454,1.03107806233,0.54199490388,2.39943108109,1.16437466487
0,0.21149158728,1.02332513978,0.541674940777,2.37202477695,1.16080883488
0,0.208305671054,1.01519020366,0.542268149683,2.34686363397,1.15623798243
0,0.204145467716,1.00900768101,0.541321933074,2.32669757028,1.15502491114
0,0.208686246846,1.01181499523,0.541742666152,2.3286662363,1.15651808481
0,0.208492925929,1.01547295282,0.540807081455,2.34293471579,1.15872205972
0,0.206762540436,1.01521470894,0.541652036558,2.34394901813,1.15929968478
0,0.208386358938,1.01425852261,0.542974017323,2.34246630311,1.15602675796
0,0.206565699257,1.01202689203,0.538422662469,2.33032930784,1.15833683868
0,0.206393589588,1.01294662313,0.541515570381,2.33523037745,1.15835774103
0,0.205221255828,1.01093647751,0.538278789988,2.33487728657,1.15468125625
0,0.205984307058,1.01013206577,0.539382316776,2.33050842265,1.15409160765
0,0.206064598408,1.01202495528,0.539340070386,2.33150422643,1.15824563802
0,0.204745772558,1.01546703949,0.535911341777,2.35024656416,1.15879850485
0,0.205121318719,1.01481667101,0.538072524039,2.3460844951,1.15887807195
0,0.20459005438,1.01219536071,0.535701293495,2.34011664856,1.15583998425
0,0.201728797125,1.00900556473,0.535118601783,2.32990950715,1.15583032281
0,0.204941075994,1.01027941593,0.536014818442,2.3265576667,1.15747859219
0,0.206390851497,1.01503003044,0.53596979985,2.3452151517,1.15857661054
0,0.203829972472,1.0130462767,0.532932533093,2.34531100638,1.15613017809
0,0.203876284884,1.01186590662,0.533688827971,2.336400693,1.15758809692
0,0.202614531775,1.01041225629,0.534219515973,2.3338313805,1.15650037999
0,0.203506012867,1.01619830722,0.530747580343,2.35399404841,1.1599926925
0,0.210983860966,1.02704631576,0.536185908693,2.39134653966,1.16095861998
0,0.20270484249,1.00886116937,0.532837393023,2.32857055923,1.15516276288
0,0.200754703281,1.0029397677,0.530650596825,2.30513812056,1.15402561741
0,0.200124347831,1.00269441881,0.528034031611,2.30289864805,1.15516233713
0,0.198680920339,1.00306382661,0.528056807151,2.3093322056,1.15431250528
0,0.199001330586,1.00335615164,0.528186989846,2.31452969162,1.15212416492
0,0.199863926614,1.00508167377,0.529053739306,2.31736986211,1.15415528839
0,0.197824074372,1.00370614895,0.525980764169,2.31528226078,1.15380012888
0,0.202516517697,1.0064717749,0.53157309574,2.32053841547,1.15339367294
0,0.199331168607,1.0048974719,0.52756775397,2.31914793738,1.15333850458
0,0.198897994621,1.00314347671,0.524863849303,2.31421333692,1.15185399048
0,0.198792216611,1.00360854695,0.526746424664,2.31092548823,1.15476636836
0,0.195527196956,1.00007442637,0.525700038178,2.30151912343,1.1538992692
0,0.198186071826,1.00068656677,0.523510416935,2.29914152247,1.15395954577
0,0.197516578879,1.00133336762,0.525435100902,2.30399912171,1.15381724092
0,0.195265650011,1.000036942,0.52206928751,2.30323824349,1.15320754537
0,0.194408192877,1.00111551452,0.521623930049,2.30665130583,1.1550549024
0,0.197875645375,1.00144885827,0.522438192031,2.30772332738,1.15188479883
0,0.19462966554,0.999778022177,0.519668820547,2.30454217497,1.15254426443
0,0.196230187615,0.999852206186,0.522040083895,2.30232460396,1.15223798813
0,0.198076660703,1.00341497696,0.520617406818,2.30961686112,1.15565231343
0,0.195665972971,1.00207569817,0.519625154531,2.31353679934,1.1527548342
0,0.195483052119,1.0021722611,0.518999923262,2.31384337246,1.15302587573
0,0.195797141211,1.00097027822,0.518511383334,2.30823483309,1.15251109972
0,0.196085433238,0.997443830554,0.521373887076,2.29205533402,1.15149643839
0,0.192401983369,0.994599112972,0.518774689464,2.28677332492,1.15070909802
0,0.192172213901,0.994524937227,0.51426090604,2.287160877,1.15055965269
0,0.191894456842,0.995729919726,0.51558434685,2.28857998151,1.15314031384
0,0.19203202161,0.993903296862,0.515393368662,2.28613822948,1.14965706793
0,0.193819859092,0.995672673241,0.517061066813,2.28942104711,1.15065126306
0,0.191004669625,0.995177031552,0.513873997426,2.29378508474,1.15004532892
0,0.192361206689,0.99691077027,0.514654211535,2.29756753689,1.15113191282
0,0.192630648186,0.995550586071,0.515942096173,2.29346417632,1.14951369118
0,0.192596108753,0.994321444945,0.512650751731,2.28595636093,1.1502292853
0,0.19333932118,0.99525564563,0.515001854357,2.28665362039,1.1514729455
0,0.189874661417,0.991244731943,0.512256830272,2.27556583442,1.15045421309
0,0.191826272661,0.995270825803,0.511401870376,2.29055067641,1.15107541491
0,0.191274309773,0.994174985641,0.511037820436,2.28940591484,1.14946015898
0,0.193890548736,0.997707542601,0.512009776268,2.29874491891,1.15100580974
0,0.190459210276,0.992403582893,0.511160743568,2.28211993605,1.14948974089
0,0.191138195239,0.988874115433,0.510955336492,2.26741304415,1.14734053368
0,0.189672313039,0.990743342264,0.508828130123,2.27505036204,1.14966082468
0,0.188754381299,0.992227053691,0.509561226321,2.28031704707,1.1516546913
0,0.189115359037,0.991793096816,0.507648668286,2.28272623018,1.14900422962
0,0.187917091978,0.989795935365,0.506817439948,2.27559772983,1.14877384364
0,0.187248838548,0.987200342201,0.50445114114,2.26528696229,1.14810849818
0,0.187090987857,0.988031923981,0.506561664848,2.26586237825,1.15005759517
0,0.187120287622,0.987053250502,0.505588644626,2.26601310914,1.14750624597
0,0.186127509723,0.986180184241,0.506097407589,2.26066521348,1.14899030663
0,0.186711351235,0.98521459564,0.503991620742,2.25852505921,1.14706257127
0,0.187870604766,0.990452742458,0.504570834369,2.27496038239,1.1507810232
0,0.187800198989,0.986964307617,0.503137203072,2.27142350438,1.14389877977
0,0.188967924434,0.988646870979,0.504082899202,2.26954031148,1.14787905992
0,0.185922326445,0.986110329109,0.501393916737,2.26475420902,1.14697635419
0,0.185529882593,0.985105504448,0.501654626403,2.25983213102,1.14731777511
0,0.185090031161,0.984818339949,0.502270289101,2.25765745385,1.14812705462
0,0.187638894346,0.986615511868,0.501391273996,2.26547965101,1.14616002245
0,0.186053832067,0.985614573905,0.500953974268,2.26652426665,1.14472043164
0,0.183794625409,0.984186541837,0.501308511458,2.25821017895,1.14756660223
0,0.186028594754,0.987031968879,0.499357603496,2.26628873431,1.14840692213
0,0.185568000746,0.984608132485,0.502026540202,2.25777156838,1.14706650803
0,0.184886276258,0.983332346728,0.499723623904,2.25205411337,1.14741749674
0,0.185593281292,0.983448726513,0.499130136844,2.25328942548,1.14638378475
0,0.184359775159,0.982782113463,0.499441963693,2.25004856283,1.14757118966
0,0.183866007688,0.983439940195,0.498037492638,2.25598611106,1.14674074962
0,0.186577501427,0.985063214316,0.50002947806,2.26048259138,1.14583920114
0,0.18509931246,0.985947960589,0.498492872271,2.26467784904,1.14743162698
0,0.18672124596,0.987089992755,0.496957504681,2.26695852128,1.14752443804
0,0.183675837007,0.98261655911,0.497628878805,2.25173106442,1.14699999118
0,0.18431648061,0.983074412139,0.497674302743,2.25713382923,1.14480259749
0,0.18565428019,0.983398187674,0.498857466975,2.25381483419,1.14593373443
0,0.182711819039,0.982908777591,0.495115350618,2.25550643845,1.1468068688
0,0.182982845911,0.981436754935,0.494299070011,2.24755273685,1.14683263511
0,0.184294261825,0.984258236369,0.496067276824,2.25675169357,1.14797544465
0,0.181644822319,0.979823938804,0.495389405159,2.24641840636,1.14470578439
0,0.181389983112,0.978789394569,0.49197525816,2.23643639895,1.14736526652
0,0.181537620107,0.978386024225,0.492744215535,2.23901351612,1.14492064479
0,0.181219610453,0.978500765807,0.492270555948,2.2388634473,1.14560054319
0,0.183048424072,0.982090631226,0.49218041952,2.25213498558,1.14611062309
0,0.184336583808,0.981960715383,0.490931269773,2.25369969994,1.1437153177
0,0.181777456115,0.978737380214,0.492499591677,2.2416633262,1.1442342936
0,0.181017351025,0.979372476412,0.490211372098,2.2449837117,1.14492194701
0,0.180143414854,0.977885631341,0.489748847524,2.23898470622,1.14507827256
0,0.181139682608,0.978597792543,0.491100596684,2.2417359878,1.14448676751
0,0.181380857267,0.981273813417,0.490036118602,2.25227158904,1.14566784438
0,0.181629755836,0.980696333646,0.487490572761,2.24750806468,1.1463570085
0,0.181415955232,0.979639784601,0.488324127829,2.2495394315,1.1429137531
0,0.180274130928,0.976854372673,0.489066745247,2.23773991994,1.14299180344
0,0.179437664495,0.974876041591,0.489336403958,2.22738809553,1.14405835423
0,0.178870041085,0.973690374337,0.487326756474,2.22339131004,1.14366020193
0,0.181181766294,0.976264166391,0.48843403689,2.23120475573,1.1438762341
0,0.180170265111,0.979696290163,0.487633326349,2.24352925326,1.14730579615
0,0.181631749638,0.980057581722,0.487844715003,2.24963387345,1.14369523021
0,0.180614557993,0.980842211278,0.485862191098,2.2528164016,1.14508273148
0,0.178479407742,0.97338284349,0.485205766195,2.22047347277,1.14474092746
0,0.178355775243,0.976352960076,0.484993408709,2.23121039965,1.14692138777
0,0.177213360018,0.97461363697,0.484592649338,2.2300416939,1.14429984879
0,0.176568111345,0.973329435771,0.483331445345,2.22743985632,1.14303551259
0,0.18091951977,0.978003216841,0.484204366986,2.24033096884,1.14392300039
0,0.177980997565,0.973132630814,0.483563648346,2.22959901774,1.14005103321
0,0.176365250848,0.976269171384,0.482419836409,2.23409087625,1.14726220161
0,0.177986241926,0.974499259195,0.484656275856,2.22812386827,1.14419993483
0,0.179176038334,0.97575549519,0.485065057178,2.23061996169,1.14490268135
0,0.177488529949,0.972628638397,0.481749293333,2.22425177943,1.14195713874
0,0.175814105504,0.974246218151,0.478330581477,2.23030198416,1.14465040968
0,0.178188382341,0.973671343145,0.482148142866,2.22765589797,1.1421619892
0,0.177496970786,0.973892058866,0.480387049948,2.22590849105,1.14427889387
0,0.176508545369,0.972397450578,0.4808387513,2.22200713969,1.14348147395
0,0.175493441388,0.970055088998,0.478858818147,2.21198612475,1.14365118143
0,0.176828153224,0.970392511676,0.480686383595,2.21179499193,1.14325559222
0,0.178631629017,0.97535041313,0.481943194638,2.22965273238,1.14491799995
0,0.177419239239,0.975782940018,0.477720317101,2.23799402769,1.14304105968
0,0.178562696013,0.975130168105,0.481073700752,2.23142267139,1.14355135111
0,0.177641075071,0.972210350389,0.479028982988,2.22329050359,1.14123951187
0,0.176272006734,0.970745659871,0.477207463824,2.21489911612,1.14314254742
0,0.175651497419,0.97139506253,0.477391675517,2.21679643085,1.14443790603
0,0.176219016027,0.969665659264,0.477647950374,2.21035926776,1.14276546092
0,0.176912373257,0.972132215566,0.478839554448,2.21751612036,1.14466006816
0,0.174842603267,0.970077280666,0.476677318951,2.2159327788,1.1423841716
0,0.17526382051,0.971000812272,0.475535062788,2.21859847994,1.14293893291
0,0.177058012703,0.972055168807,0.477155949936,2.21833647529,1.14391163452
0,0.176640563433,0.972253221353,0.477910265021,2.22171207219,1.14313641657
0,0.174129666106,0.969999638688,0.473499667708,2.21974071997,1.1409990334
0,0.176623091602,0.969751577305,0.476337506598,2.21387354642,1.14081904162
0,0.17504544522,0.968096008779,0.474762424448,2.20542286297,1.14248310792
0,0.174912404876,0.971606723026,0.473694297254,2.22135692426,1.14342590317
0,0.17469275387,0.969825785046,0.477242835861,2.21509563171,1.142323856
0,0.175794033305,0.970308927653,0.474001709332,2.2137598089,1.14309834401
0,0.175713986769,0.971387848737,0.473465265577,2.21714108297,1.14418505645
0,0.174643251383,0.968163676039,0.473446310055,2.20805428527,1.14173875868
0,0.173566332509,0.964337852127,0.47362258364,2.19638147924,1.13908752115
0,0.172735342089,0.965857082347,0.471353312138,2.20016284819,1.14182590224
0,0.175641971305,0.96827602859,0.474675052753,2.20655264163,1.14177174242
0,0.174462220123,0.97004968694,0.473469822354,2.21753590589,1.14189400706
0,0.173144278616,0.969379588052,0.471026223815,2.21756652923,1.14152138971
0,0.173059803878,0.969453775677,0.471449916281,2.2171802206,1.14198448821
0,0.173936414612,0.96784234007,0.47144102711,2.20915300747,1.1410928938
0,0.17379116281,0.965652889495,0.472708520003,2.19745699521,1.14161252602
0,0.175605395667,0.966831866732,0.474074211597,2.2018103488,1.14056905995
0,0.174167745578,0.970861666588,0.46969357748,2.21622038952,1.14487618911
0,0.171696811005,0.966271907154,0.469074761594,2.20519340448,1.14138621718
0,0.171878261548,0.965594883917,0.468345356027,2.20452252739,1.1398476479
0,0.173450937777,0.970160584636,0.470467383431,2.21598432692,1.14395832282
0,0.174358121331,0.968721263421,0.470240580728,2.21577826837,1.13955586568
0,0.173335972438,0.966472141162,0.470582925497,2.20547959006,1.14010454803
0,0.170854108437,0.961299860561,0.467233287834,2.18614482006,1.1393230962
0,0.172170759968,0.96469378066,0.46958442158,2.19424602168,1.14244064392
0,0.172734010644,0.966377106667,0.468809090097,2.2035403458,1.14143854595
0,0.172167783672,0.966113011889,0.468210085921,2.20710996747,1.13955972539
0,0.173226043063,0.965904434776,0.468746428603,2.20322756119,1.1399212262
0,0.171284904253,0.963070651048,0.467257963864,2.19287683096,1.13995327091
0,0.173081531224,0.964792117691,0.468410141833,2.19719595643,1.1403007482
0,0.173232343472,0.968031661753,0.469379491463,2.20808946077,1.14280204405
0,0.17314926948,0.966021359882,0.468467692046,2.20404861969,1.13987978315
0,0.171597502601,0.96538363183,0.465632100436,2.20210842679,1.14080732643
0,0.171896178468,0.963414774858,0.465961481,2.19272818972,1.14027662686
0,0.169759958537,0.960231752297,0.462677334343,2.18537847627,1.13813014706
0,0.17305042973,0.965932294058,0.46826601685,2.19779969072,1.14288042248
0,0.17317122841,0.966384013393,0.465087150986,2.20358072315,1.14099840647
0,0.170377195839,0.962876412886,0.464265398199,2.19559382834,1.13901688501
0,0.170304148279,0.961035765409,0.465525890231,2.18663464042,1.13896790782
0,0.168758377726,0.959476504844,0.461734129844,2.1830219365,1.13842187946
0,0.168967664303,0.960367239353,0.461397438192,2.18640661902,1.13874708765
0,0.17047299383,0.962708817484,0.464132999856,2.1956319002,1.13848306266
0,0.169878030902,0.96258869248,0.462035520852,2.19461245983,1.13928743394
0,0.169842910928,0.961122271692,0.462469040469,2.19115658845,1.13738443701
0,0.169312616482,0.961002845099,0.462699704098,2.18599274785,1.14019808565
0,0.168906358674,0.959750213468,0.462779197558,2.18035314801,1.14029256387
0,0.16940334327,0.959593315024,0.462075062944,2.1826903519,1.13823473127
0,0.169790148198,0.961722904634,0.462356120763,2.1919057418,1.13856420583
0,0.170618764501,0.96477833444,0.462138091488,2.20222385083,1.14021510944
0,0.171184704544,0.960991596652,0.46384733598,2.1895051001,1.13654170032
0,0.171451997106,0.958829149811,0.465072524098,2.18216791564,1.13453688261
0,0.168780273377,0.960047114386,0.460463790768,2.18489506663,1.13888994285
0,0.170607402713,0.960815025194,0.462243430445,2.18578485629,1.13853769508
0,0.169703482099,0.958018467665,0.46377780931,2.1774931256,1.13659608708
0,0.167189865108,0.956382491201,0.45959189727,2.17594155828,1.13579554697
0,0.169761807032,0.961300988413,0.462168842237,2.18876243263,1.13910941067
0,0.169280285991,0.958414984674,0.460646630066,2.18015790847,1.13667818408
0,0.170426711654,0.963014860416,0.461693723508,2.19465371247,1.13978354612
0,0.16769259005,0.958574764979,0.458641561497,2.18299134021,1.13724861565
0,0.166033008413,0.955756800581,0.457201124922,2.17008573062,1.13831609072
0,0.166922824999,0.956799824337,0.456860378714,2.17813595607,1.13600872074
0,0.167866757202,0.958607569902,0.458149080097,2.18219588919,1.13755418635
0,0.170548851145,0.95973009617,0.460686600325,2.18502979991,1.13626145244
0,0.168041675917,0.957734822403,0.459519178627,2.18025055004,1.13617006817
0,0.168851593782,0.95594991946,0.4596816202,2.17328004644,1.13438314489
0,0.165941912769,0.956532778806,0.455716649032,2.17295646422,1.13891176582
0,0.167648742859,0.954691868376,0.45793202351,2.16941631812,1.13437273313
0,0.16719222765,0.958445438174,0.455456707367,2.18420059567,1.13682103351
0,0.168761680023,0.958176373339,0.458132317255,2.18314349158,1.13510747077
0,0.16908073468,0.958792616582,0.458162082892,2.18418632946,1.1358076055
0,0.168511155441,0.957506039322,0.45936032024,2.17797618799,1.13626581214
0,0.16618290449,0.956836763086,0.455688972096,2.17631718726,1.13775037293
0,0.167498474143,0.955753188207,0.457124889629,2.17285808369,1.13545541772
0,0.166446824332,0.956540796786,0.45477642684,2.17959461348,1.13510782404
0,0.166978764361,0.956891343305,0.456318096754,2.17454082771,1.1379791441
0,0.164648486034,0.954018683554,0.452693970573,2.16830311569,1.13624662871
0,0.165833220197,0.955867123831,0.454453204569,2.17756512071,1.1350519922
0,0.166557978585,0.95487829315,0.454649396918,2.17324172339,1.13401685582
0,0.164931753649,0.955305650546,0.451166372383,2.1753233094,1.13567068061
0,0.166023469992,0.955065036911,0.451653910528,2.17248163904,1.13539826628
0,0.165236074798,0.953966900504,0.453470844235,2.167872856,1.13574471184
0,0.165514007552,0.952691058959,0.453456702728,2.16215027177,1.13513846766
0,0.165503624158,0.953763534315,0.453579369283,2.16923752287,1.13428641335
0,0.167316265014,0.955561962156,0.454784914815,2.17499911867,1.13408904437
0,0.164401865684,0.951044114035,0.452773435159,2.15774304747,1.13433685969
0,0.164242396221,0.949833589288,0.452155635871,2.1544603267,1.13311137692
0,0.164595205962,0.953771315206,0.451405254839,2.16568870394,1.13698869341
0,0.163147449512,0.951966752771,0.450478240201,2.1662549052,1.13364194368
0,0.167353112107,0.955913957628,0.453095449447,2.17372403184,1.13556972968
0,0.165726918297,0.957264143733,0.450824662689,2.18542631447,1.13472024691
0,0.164821605657,0.955595676558,0.451077659339,2.18133620082,1.13349944869
0,0.164356853206,0.952580244621,0.450771771353,2.16339350267,1.13539697074
0,0.162720837291,0.948985219976,0.448590486998,2.15399871928,1.13274281703
0,0.163352392083,0.950506595839,0.449164737721,2.15738553709,1.13422129247
0,0.163633517872,0.949654135552,0.44996491963,2.1532364249,1.13388357264
0,0.164934998014,0.950998493,0.451432544589,2.1571775797,1.13397240816
0,0.163205999445,0.954671942414,0.44639828579,2.17540105259,1.13577329393
0,0.164087960861,0.954201110569,0.4496694452,2.17076081009,1.13603437385
0,0.163549814187,0.949897629346,0.447968888781,2.15805977431,1.132164336
0,0.160555042082,0.949366873911,0.445416836588,2.15282770471,1.13644825431
0,0.1629786987,0.9474341093,0.448496826329,2.14701744569,1.13209781503
0,0.161436031775,0.94908256742,0.446767974325,2.15189423943,1.13532323084
0,0.162467792417,0.950067406675,0.447731815163,2.15936999899,1.13301568879
0,0.161265464907,0.949227577876,0.444394861427,2.15781659923,1.13289514442
0,0.164166473163,0.948861678406,0.448028458693,2.15296901268,1.13150317989
0,0.162675549428,0.949433827715,0.446787433191,2.15553490304,1.1331415317
0,0.16327654657,0.951641056148,0.447031979796,2.16009884108,1.13577663707
0,0.162903534619,0.95263812937,0.444579428747,2.17441893767,1.13148228364
0,0.162594012123,0.951218468734,0.445538050859,2.16106994926,1.1349171489
0,0.161038090377,0.947196085636,0.445661409188,2.14692208154,1.13349104639
0,0.159690851545,0.945011510079,0.442660266459,2.13943584692,1.13311996348
0,0.162077672462,0.947274227381,0.445479363594,2.14660541098,1.13280515455
0,0.161823193818,0.946376856476,0.44597942362,2.14477532699,1.13173124789
0,0.159720890407,0.945023698243,0.442619899713,2.14024578039,1.13271542926
0,0.161946498334,0.947959587621,0.444070386237,2.15025107716,1.13282689568
0,0.160234496925,0.949350088723,0.442044482013,2.16107946316,1.13260095672
0,0.162351885656,0.949121484659,0.445087065763,2.15589299366,1.13250529316
0,0.162360607681,0.950533939906,0.444592188022,2.16192250331,1.13301295418
0,0.16090261182,0.948030985262,0.443218772622,2.15214027063,1.13310467989
0,0.161270307772,0.94561681091,0.443577362977,2.14471782398,1.1304127714
0,0.161012298767,0.946331072511,0.443113433031,2.14464097821,1.13249485726
0,0.161241453675,0.945867857192,0.444439190489,2.14343616602,1.13171007084
0,0.161734897811,0.946800361379,0.443658595833,2.14580007051,1.13236593426
0,0.159420638978,0.944427632346,0.442018709814,2.13938793645,1.13195443789
0,0.159619191031,0.945176894866,0.442453162676,2.14410984615,1.13126808707
0,0.159156247668,0.945995586363,0.439522771612,2.14672159409,1.13247188454
0,0.159432147733,0.945169573183,0.439983542438,2.14784839222,1.12956755401
0,0.159177473793,0.94597120487,0.44065726499,2.14931075629,1.13109512488
0,0.160731468121,0.947137879139,0.441785917162,2.14956407811,1.13233115485
0,0.159083223277,0.944361524733,0.440785968797,2.14071070929,1.13146519802
0,0.16074198114,0.948486652334,0.440200295583,2.15680312712,1.1320730503
0,0.158698474807,0.94595113538,0.439770677922,2.14653700661,1.13291082437
0,0.160331665438,0.946408001002,0.440116608563,2.14493100865,1.13322279725
0,0.159154128408,0.943215262175,0.439356220003,2.1356777286,1.13104512723
0,0.158981253374,0.94431923994,0.439387039729,2.14178732431,1.13092314881
0,0.160007216927,0.946260584473,0.439293384943,2.14978800809,1.13075020438
0,0.159523606782,0.943698514333,0.440158842139,2.14206539407,1.12868994602
0,0.158307629638,0.94391462248,0.438402359501,2.1354270674,1.13376535667
0,0.157882478732,0.942089889058,0.438372146488,2.13689409477,1.12889516083
0,0.15830894174,0.944132424013,0.437847150632,2.13896661723,1.13253877363
0,0.158388074613,0.943461704775,0.438555301603,2.14007753721,1.13022738303
0,0.15867813917,0.944895779814,0.439809230046,2.14353253057,1.13179500913
0,0.158447460011,0.944698694405,0.43612468848,2.14348264979,1.1315579152
0,0.159157085679,0.944976807903,0.437241092166,2.14307028245,1.13174975682
0,0.158123604666,0.943008546084,0.437353550656,2.13703793115,1.13087875882
0,0.158864697449,0.941827101201,0.437069547728,2.13421408119,1.12859597938
0,0.158266009914,0.940718252556,0.43824476133,2.12677829324,1.130140439
0,0.156936473064,0.941651943214,0.434763915318,2.13449424487,1.12994622681
0,0.158508194142,0.943459111037,0.43751681056,2.13662861699,1.13182523915
0,0.157435953385,0.943167651538,0.436749970322,2.14041504564,1.13027561669
0,0.157773167908,0.942685810927,0.435635100589,2.1388094263,1.12953661054
0,0.158262470839,0.943476305345,0.436376409536,2.14312387214,1.12886632034
0,0.158344427171,0.941884638362,0.437218818139,2.1343790445,1.12917761079
0,0.15811147993,0.940705342315,0.436647853946,2.12747201393,1.12991583308
0,0.155502199657,0.937337550647,0.433678398286,2.11981964355,1.12793181996
0,0.157738853237,0.940944112256,0.435297020896,2.1271618025,1.13104049043
0,0.154494917693,0.947026432016,0.428269991674,2.15919992388,1.13347116485
0,0.156294255131,0.941100965345,0.433135773831,2.13846012666,1.1272280593
0,0.156292647306,0.939173162469,0.43367919836,2.12871492028,1.1272827629
0,0.155457440596,0.940199943313,0.433729567799,2.1278684987,1.13110813312
0,0.156378530338,0.940546059189,0.43183299677,2.1291117566,1.13043070388
0,0.154777508324,0.938418181703,0.430644555159,2.1284240228,1.12705589885
0,0.156753815851,0.939926228834,0.433084959138,2.12714003481,1.12949170353
0,0.156824876761,0.93850214459,0.434845589474,2.12277189058,1.12804450362
0,0.155894909802,0.941679081304,0.431182380293,2.13676154153,1.12992198695
0,0.157714294036,0.944907957064,0.431212523084,2.14911307258,1.12999902647
0,0.157728101402,0.940907785121,0.433218743716,2.13256127321,1.1282606889
0,0.15707085436,0.939811820544,0.433655717693,2.12820716829,1.12835507745
0,0.154883246799,0.938154058146,0.431274317675,2.12590344109,1.12755014308
0,0.154975979672,0.936617248127,0.429777960349,2.11714092981,1.1279966404
0,0.156970643435,0.940319782787,0.432129054066,2.12904310483,1.12930722562
0,0.154234276418,0.938472298585,0.429331640939,2.12887161502,1.12751062802
0,0.155165318842,0.938801072167,0.429078415268,2.12252576645,1.13057444325
0,0.155037685002,0.934982266869,0.431007041661,2.11131390013,1.12676099706
0,0.155399893202,0.934620518434,0.430829913352,2.11115787695,1.12557242915
0,0.154070201813,0.939129191328,0.428519109262,2.13176915704,1.12786816278
0,0.154731436588,0.938641984827,0.42824179227,2.13108754084,1.12632971967
0,0.153823839078,0.938181698085,0.428377368124,2.12634562096,1.12845755976
0,0.154728508973,0.938152106098,0.427730872336,2.12654238347,1.12738052968
0,0.155116663304,0.940806294042,0.428220904125,2.13819458506,1.12780174388
0,0.154138238184,0.937748864802,0.428857256957,2.13023850677,1.12511463556
0,0.154814164131,0.939708916497,0.428557215803,2.1299097124,1.12950323554
0,0.156317590831,0.939750283651,0.429891500875,2.13072408067,1.12769604272
0,0.154744726465,0.937394703408,0.428351406481,2.12115099959,1.12816649635
0,0.153749358089,0.934201734543,0.428366203371,2.10810571442,1.12770208609
0,0.152778801154,0.932982149654,0.426690035697,2.10724124763,1.12605591427
0,0.153245427465,0.934069306865,0.427531536501,2.10988630178,1.12698465362
0,0.156872237777,0.939333915563,0.429595321759,2.12715958322,1.12788272416
0,0.155445721687,0.940144968739,0.427051318536,2.13466458013,1.12758437472
0,0.152976616009,0.938329947173,0.424671704839,2.13454994432,1.12557324455
0,0.155668788012,0.937172024966,0.427881618194,2.12383905135,1.12534171344
0,0.15436338543,0.934536768239,0.429373897264,2.10963539311,1.12716080369
0,0.153108852062,0.934187918077,0.426697844833,2.10953026969,1.12759577376
