epoch,loss,main_output_loss,mid_output_loss
0,152.223074779,124.820219177,137.014275968
0,104.349230198,83.5989888005,103.751205439
0,97.2398757188,79.8777862958,86.8104458216
0,91.8707015381,78.4003014783,67.3519992954
0,88.8142459664,77.0179475208,58.9814913489
0,85.9100392503,74.4992485694,57.0539525544
0,82.5609093375,71.4722453117,55.4433193028
0,81.1605548556,70.3949763407,53.8278917723
0,77.6747471603,67.2716032288,52.0157188823
0,76.7322166552,66.5505726478,50.9082192783
0,74.8140903111,64.9137819722,49.501540957
0,73.597468633,63.9368161413,48.3032617391
0,71.5052501744,61.9987195956,47.5326521858
0,68.3692785533,58.9462794656,47.1149947365
0,69.1311405414,59.7169823595,47.0707902081
0,66.8879336597,57.6018762138,46.4302865376
0,64.9419628179,55.7795462166,45.8120823237
0,64.8710355431,55.8498868975,45.1057425559
0,63.7102676927,54.8350653002,44.3760113012
0,63.460238252,54.6076243913,44.2630686437
0,63.6212512024,54.7736625161,44.2379427724
0,58.7581033491,50.0568320867,43.5063556639
0,51.1493072896,42.5128437786,43.1823169114
0,49.312156985,40.7643355247,42.7391066646
0,49.083408294,40.5364168249,42.7349567087
0,48.1309847044,39.6765770948,42.2720374184
0,47.0089401158,38.6495867251,41.7967663308
0,45.9183091007,37.6602512817,41.2902884795
0,47.3459495548,39.0336487462,41.5615034238
0,46.8408058293,38.5755142828,41.3264571165
0,45.7307283592,37.5540149501,40.8835664363
0,45.0475601051,36.9180010808,40.647794516
0,45.1666684024,37.0516207471,40.5752376717
0,44.0657106843,35.973364716,40.4617292383
0,44.043950967,36.0178455177,40.1305266486
0,43.1298039918,35.1406601303,39.9457187119
0,44.2411523867,36.2336919668,40.037301503
0,42.1748996112,34.2550619551,39.5991876904
0,42.2489812089,34.327396857,39.6079211696
0,42.7910833338,34.940392975,39.2534512093
0,41.0375501275,33.2533937481,38.9207813168
0,41.020558192,33.1663550932,39.2710149088
0,40.8116180467,32.9976320597,39.0699293531
0,40.0424492166,32.2303028001,39.0607315007
0,39.5766344675,31.8215061208,38.7756411555
0,39.536230387,31.8497240869,38.4325309274
0,38.9284405579,31.1903392793,38.6905058163
0,39.2171821126,31.5099256577,38.5362817004
0,38.1840808313,30.514738266,38.3467122555
0,38.0377595372,30.4320856667,38.0283687858
0,38.5214517976,30.9119582904,38.0474669687
0,37.1262517209,29.5393264434,37.9346258222
0,36.9152595164,29.4073204161,37.539694942
0,36.2416884036,28.6730029943,37.8434264823
0,36.0313632432,28.4896161406,37.7087349513
0,36.0804987501,28.6357410075,37.2237881585
0,35.5372328038,28.0695371977,37.3384774741
0,36.2448737636,28.7292279127,37.5782286946
0,34.6072877883,27.1815564421,37.1286561779
0,34.5231223707,27.1615733545,36.8077445322
0,34.4626795868,27.1226995956,36.6998994095
0,34.6101128681,27.2207344042,36.9468917693
0,33.5668528484,26.2642116903,36.5132052464
0,33.6612722485,26.3582886041,36.514917678
0,33.0020697162,25.7584609502,36.2180432905
0,32.3739510531,25.1243772182,36.2478686341
0,33.0663791204,25.7691060481,36.4863648175
0,32.1658951622,24.9409437112,36.1247567165
0,31.7228694531,24.562927641,35.799708527
0,31.1364652542,23.9376661688,35.9939948907
0,31.0807350375,23.884595259,35.9806983565
0,30.5000941765,23.4403481599,35.2987295569
0,31.588224205,24.4320732301,35.7807543411
0,30.2740864723,23.1781917903,35.4794728812
0,29.3523479432,22.3262226143,35.1306261208
0,29.2024147756,22.1919848056,35.0521493277
0,29.5719399821,22.5712297445,35.0035506664
0,29.4182672175,22.3919900612,35.1313852579
0,29.4539542154,22.4213131348,35.163204879
0,28.3110178999,21.4430054262,34.3400618565
0,28.563453626,21.6332968888,34.6507831695
0,28.4691013351,21.5508332106,34.5913401073
0,27.8584559202,20.9231966416,34.6762958764
0,28.6602329121,21.7576789241,34.5127694261
0,27.4534710077,20.5598211545,34.4682487523
0,26.970582346,20.1153078344,34.2763720476
0,27.1263624024,20.3126149312,34.0687368484
0,26.7117100534,19.8951718799,34.0826903595
0,26.1656211795,19.3603911584,34.0261495984
0,26.2934887923,19.5545093341,33.694896789
0,25.3924205913,18.6147613612,33.8882956457
0,25.4420246751,18.6919946425,33.7501496602
0,25.1804774618,18.4068198352,33.8682876286
0,25.0708670417,18.3340596777,33.684036318
0,24.3565612108,17.6771036173,33.3972874702
0,25.4164256175,18.7289418267,33.4374184557
0,24.2665873002,17.6276055834,33.1949080893
0,24.1907607648,17.4676821165,33.6153927406
0,24.3587676448,17.7079333644,33.2541709067
0,24.8337203901,18.1878501861,33.2293505248
0,23.7169663707,17.0583377618,33.2931425484
0,23.4769012957,16.8958968007,32.9050219846
0,23.709908501,17.0750003551,33.1745402348
0,23.2297277069,16.5973937255,33.1616694129
0,22.6978380169,16.1554647457,32.7118658688
0,22.8957745608,16.2568951378,33.1943966207
0,23.0007384073,16.4200839161,32.9032719654
0,21.8811870647,15.3579603018,32.6161333285
0,21.800633432,15.2776194592,32.6150693779
0,21.7493001308,15.1888307628,32.8023463512
0,22.0872349305,15.5629320884,32.6215137245
0,21.7122094154,15.1792946502,32.6645733391
0,20.5826908331,14.1565345681,32.1307808465
0,21.4930495905,15.0113673356,32.4084107916
0,21.6867451102,15.2112796778,32.3773266795
0,20.4500907901,13.9883898481,32.3085042282
0,21.5863400468,15.0381744622,32.7408274349
0,20.6889374956,14.217304369,32.3581651509
0,20.3364546723,13.8618641216,32.3729522709
0,20.238092641,13.7581328605,32.3997984195
0,20.4071653748,13.9650337394,32.2106576969
0,19.9662488501,13.548734223,32.0875726572
0,19.2186825564,12.8316268426,31.935278093
0,20.164347672,13.700463472,32.3194205184
0,19.3704089521,12.995580301,31.8741427803
0,19.1031480664,12.700902199,32.0112288597
0,19.8198901543,13.4003550508,32.097675039
0,19.247970552,12.885186514,31.8139197159
0,18.6098517557,12.2464855694,31.8168304572
0,18.9584222689,12.5906904446,31.8386586475
0,19.3981281799,13.0717970721,31.631655068
0,18.8617567473,12.4886915426,31.8653255486
0,18.4264359594,12.108389773,31.5902304609
0,18.0206251396,11.7334558712,31.4358458735
0,18.1023215933,11.7844890609,31.5891621913
0,18.200866724,11.8576132174,31.7162670603
0,18.2401721121,11.9457702189,31.4720089968
0,18.1492942022,11.7886107913,31.8034165805
0,18.0542136504,11.7773094172,31.3845206984
0,17.5956372058,11.3025513416,31.4654288524
0,17.8382912848,11.5617223816,31.3828440481
0,17.4225561833,11.1856909327,31.1843257883
0,17.2593990229,10.9984040893,31.3049742015
0,17.1759642521,10.9100033795,31.3298038961
0,17.4471550578,11.2041049323,31.2152501623
0,17.0507195088,10.8294086459,31.1065538511
0,17.384716229,11.1103909282,31.3716260363
0,16.6572401054,10.4309797498,31.1313013141
0,17.4564343813,11.2097759725,31.2332915783
0,16.6901794926,10.4544165166,31.1788144158
0,16.8404486347,10.610931241,31.1475865041
0,16.9900054864,10.7936087652,30.9819831447
0,16.4862617324,10.2712191259,31.0752125694
0,16.1403233309,9.961314583,30.895043279
0,16.5408577789,10.3761878476,30.8233491971
0,16.3085231742,10.1157075329,30.9640777451
0,16.4007577555,10.2446999864,30.7802883869
0,15.9512371684,9.77318016356,30.8902845637
0,15.9660126965,9.77905809641,30.9347725396
0,15.9591113158,9.83548911029,30.6181105714
0,16.2846867348,10.1165925243,30.8404705931
0,15.74471922,9.63805566798,30.5333173049
0,15.3180773532,9.21428014585,30.5189855819
0,15.557923617,9.43829329781,30.5981511399
0,15.6201176815,9.50930636982,30.554056103
0,15.4393803257,9.3384018417,30.5048919655
0,15.2911758179,9.19700878481,30.4708347113
0,15.7608439171,9.60174305394,30.7955038571
0,15.4925705536,9.4179215785,30.3732444229
0,15.2685860712,9.20073117787,30.3392740148
0,15.3951519599,9.30929104174,30.4293041374
0,15.0040918805,8.95845203067,30.2281987985
0,15.3034074863,9.17828170002,30.6256284749
0,14.5513641213,8.49614404989,30.2760999061
0,14.9712924077,8.92419804039,30.2354713858
0,14.7027432576,8.64326349069,30.297398383
0,14.4704770439,8.44889011624,30.1079341898
0,15.1471929112,9.08001621083,30.3358830497
0,14.3221853142,8.31954811375,30.0131855552
0,14.7312358138,8.66566108273,30.3278732033
0,14.2507858325,8.20600657477,30.2238958381
0,14.7458504739,8.71862549573,30.1361244417
0,14.317288575,8.27923452747,30.1902697879
0,14.864574897,8.86261764123,30.0097858316
0,13.9510915511,7.94344731983,30.0382207086
0,14.1304071522,8.12480799261,30.0279953506
0,14.0342618639,8.02811486462,30.030734549
0,14.3755896836,8.3783920718,29.985987612
0,13.7551879441,7.78136361163,29.8691212175
0,14.3023425339,8.35208454332,29.7512895093
0,13.819039651,7.88099143915,29.6902406169
0,13.7248140051,7.74105496867,29.9187947362
0,14.1663372868,8.22316955523,29.7158382149
0,13.7579694529,7.7665172145,29.9572607457
0,14.1970728677,8.19882868687,29.991220457
0,14.1244021492,8.20247458341,29.6096373877
0,13.8095520535,7.84283064891,29.8336065784
0,13.7636509938,7.79954314689,29.8205387903
0,13.8430641947,7.9242250725,29.5941951699
0,13.9302009582,7.95358063054,29.8831011932
0,13.7068766677,7.79733262051,29.5477197959
0,13.7027478338,7.75222007036,29.7526383739
0,13.6053617105,7.68480590065,29.6027786079
0,12.9926263959,7.11160106794,29.4051262015
0,13.1177482522,7.19114909014,29.6329953687
0,13.6167143219,7.70211929274,29.572974705
0,12.869640675,7.0046658356,29.3248737599
0,13.3048914984,7.37802873346,29.6343133829
0,13.1076445926,7.24124038922,29.3320205796
0,13.1250241788,7.25616921017,29.3442744056
0,13.2112036265,7.33981818531,29.3569267686
0,13.1338419772,7.29038699867,29.2172744575
0,12.863346968,6.97685462784,29.4324612621
0,13.1098440087,7.24357146346,29.331362289
0,13.0015275022,7.18280417012,29.0936162269
0,12.9833925691,7.11849139833,29.324505417
0,13.2592344037,7.42121368489,29.1901031593
0,12.952227103,7.05836632665,29.4693034425
0,13.1498118428,7.29711088487,29.2635043535
0,12.6775332934,6.87812457809,28.9970431445
0,12.7247993862,6.92089370688,29.019527964
0,12.7229213176,6.97449321142,28.7421401025
0,12.3337940238,6.5115446545,29.1112464126
0,12.7502073992,6.91594476365,29.1713127433
0,12.4133903807,6.61221817756,29.0058605836
0,12.6245914118,6.80408406433,29.1025363036
0,12.5855550253,6.82985729248,28.7784882353
0,12.5002887177,6.67601752344,29.1213555374
0,12.3673218369,6.57837300533,28.9447437265
0,12.4419950313,6.63722834899,29.0238329792
0,12.3123403337,6.51380835464,28.9926594632
0,12.6680915648,6.89545115744,28.8632016065
0,12.4114910448,6.60700956715,29.022406956
0,12.7873016195,7.02937934813,28.7896109281
0,12.2834302714,6.50424451863,28.8959283331
0,12.260778339,6.5118079487,28.7448515231
0,12.03271797,6.28868723064,28.7201532691
0,12.3372389694,6.56915040475,28.8404423935
0,12.2053531514,6.49991054708,28.5272125963
0,12.1363705897,6.39171567231,28.7232741587
0,12.2471817661,6.52250303532,28.6233932274
0,12.032745249,6.36077540494,28.359848798
0,12.2396646549,6.4954775946,28.7209348738
0,12.0640817085,6.35129461422,28.5639350458
0,12.0790488165,6.34556090025,28.667439154
0,12.1448849802,6.43874746798,28.5306871362
0,11.8767974559,6.19581780392,28.4048978368
0,11.9732415104,6.25757324082,28.578340922
0,11.8292375812,6.16813031762,28.305535896
0,11.8411780717,6.16670972651,28.3723413029
0,12.0433790887,6.32236307417,28.6050796463
0,12.0135580354,6.36528915956,28.2413439582
0,11.6843578408,6.01083836493,28.3675969567
0,11.9372300096,6.27305667709,28.3208662404
0,11.3570209326,5.68826487491,28.3437798659
0,12.0208906328,6.31013015293,28.5538019737
0,11.9553816146,6.31642093233,28.1948029912
0,11.4553821571,5.82949834108,28.129418661
0,11.8794402057,6.2481559834,28.1564206921
0,11.4626484052,5.82649143555,28.1807844283
0,11.6135814378,5.96203708887,28.2577213237
0,11.5740624193,5.9745412192,27.9976055834
0,11.2107787107,5.58890627451,28.1093617619
0,11.5377847127,5.89582970941,28.2097745959
0,11.6308335196,5.98062343804,28.2510499869
0,11.6402703753,5.93912109205,28.5057459916
0,11.6423078858,6.0447430153,27.9878239355
0,11.4442940247,5.8275358551,28.0837904294
0,11.3041525946,5.69556311043,28.0429470027
0,11.5274414798,5.93455783119,27.9644178265
0,11.4091661114,5.77652875082,28.1631863835
0,11.5568750845,5.95461400966,28.0113049568
0,11.3477830391,5.74614360841,28.0081967363
0,11.0030291041,5.43046091389,27.8628405358
0,11.52788494,5.9506516695,27.886165937
0,11.2375837213,5.67666579032,27.8045892408
0,11.1521641605,5.56182929176,27.9516739274
0,11.237958725,5.67081988837,27.8356937685
0,11.2945214014,5.72079666291,27.8686232771
0,10.9463791016,5.41604740498,27.651658071
0,10.9432783309,5.39216726365,27.7555549228
0,10.5977411432,5.09368042114,27.5203032003
0,10.9071061353,5.3635981764,27.7175393816
0,11.2297659537,5.68428617784,27.7273984662
0,11.1583615141,5.60273587267,27.778127793
0,11.0141536588,5.46497102902,27.7459127354
0,10.8948607802,5.38905308973,27.5290380419
0,11.1408554786,5.59167775674,27.7458881957
0,11.1224956731,5.61035078485,27.5607240305
0,11.1068566816,5.54761712779,27.7961973546
0,10.8980104596,5.34139258428,27.7830889625
0,10.770135697,5.25126734309,27.5943413582
0,10.8167585609,5.28962071935,27.635688796
0,10.8417883055,5.34783296541,27.469776291
0,11.0124978232,5.50773830636,27.523797174
0,10.9470299188,5.43522175248,27.5590404211
0,10.7496826745,5.28822067212,27.3073096052
0,10.938534055,5.46128113718,27.3862641811
0,10.6668210122,5.19114583161,27.3783754948
0,10.9384993026,5.45901616148,27.3974152973
0,10.6684232632,5.22785474578,27.2028421817
0,10.9267821332,5.42528294038,27.5074955543
0,10.577333839,5.07061472482,27.5335951606
0,10.4999251061,5.09827886132,27.0082308212
0,10.4061188153,4.98592774867,27.1009549292
0,10.3838843306,4.92191823301,27.3098300808
0,10.7340383599,5.28993252527,27.2205287677
0,10.8114456687,5.39039339885,27.1052609454
0,10.6196754574,5.1428474005,27.3841398762
0,10.4613034208,5.01650174731,27.2240079618
0,10.7296986175,5.25815901955,27.3576975819
0,10.5123652879,5.10392421871,27.042204943
0,10.5237646076,5.10143493553,27.1116479564
0,10.4520601012,5.04571447643,27.031727721
0,10.4484920017,5.04056424624,27.0396383742
0,10.3776232827,5.000291214,26.8866599431
0,10.2178096638,4.79042686203,27.1369136044
0,10.6434364078,5.21215986389,27.1563823148
0,10.362585147,4.9422634021,27.1016083208
0,10.5467826391,5.12496396708,27.109092956
0,10.3211682357,4.88601627103,27.1757594186
0,10.2697149001,4.87461307196,26.9755087389
0,10.4116470739,5.05219931003,26.7972384201
0,10.3895468662,5.00042877424,26.9455900584
0,10.1744778625,4.81954522201,26.7746628037
0,10.3365934558,4.93594261532,27.0032538
0,10.1667088444,4.83965296458,26.635279002
0,10.2976478088,4.87047235601,27.1358768598
0,10.4751825083,5.09202762516,26.9157740145
0,10.269647572,4.87235116641,26.986481626
0,10.42793009,5.05905590464,26.8443705269
0,10.2360361946,4.89238526222,26.7182542639
0,10.119668013,4.76378505082,26.7794144117
0,10.1859026929,4.83998232077,26.7296014625
0,9.9321735693,4.60082485836,26.6567431575
0,10.105696317,4.75832265686,26.7368679025
0,10.0661514085,4.68660866805,26.8977133016
0,10.0908293471,4.78947066875,26.5067929966
0,10.1579099273,4.84360087291,26.5715448758
0,10.1282149185,4.84902091556,26.3959696214
0,9.8211755943,4.53358261024,26.4379645263
0,10.0158905329,4.71734454476,26.4927295458
0,9.94532494998,4.64344371394,26.5094057852
0,10.0875392048,4.74047511984,26.7353200266
0,10.0121550335,4.72847282984,26.4184106248
0,9.86411366174,4.57326238728,26.4542559781
0,9.87256653286,4.60720990902,26.3267827269
0,10.1464188758,4.89265148537,26.2688365607
0,9.75709627093,4.50906431257,26.2401594008
0,9.73229600183,4.45615010017,26.3807291152
0,9.84233572346,4.5772620253,26.3253680985
0,10.0429336037,4.76188875785,26.4052238358
0,9.9704784932,4.72542405435,26.2252718035
0,10.0715631246,4.7721628335,26.4970010604
0,10.0012704759,4.7506535084,26.2530844462
0,9.7705095279,4.52078433674,26.2486255647
0,9.75528313327,4.54792793229,26.036775617
0,9.66919274428,4.48460251197,25.9229507753
0,9.69859936724,4.47472296072,26.1193816434
0,9.69062698653,4.45478814181,26.1791938335
0,9.91262348512,4.68321645185,26.1470347767
0,9.80960861064,4.57562845586,26.169900384
0,9.76952087116,4.56100726863,26.0425676246
0,9.79933440477,4.56340128272,26.1796652202
0,9.77690356414,4.58782337187,25.9454005747
0,9.79937572074,4.58116563077,26.0910500611
0,9.87592167412,4.64824551637,26.1383803993
0,9.54237020587,4.33737949826,26.0249531502
0,9.68370531129,4.45527599442,26.1421461948
0,9.65623456297,4.47841970799,25.8890738891
0,9.75357532098,4.54179423946,26.0589050193
0,9.48371570846,4.34178642538,25.7096460323
0,9.57477324096,4.392805812,25.9098367587
0,9.78932078591,4.57091956488,26.0920057163
0,9.65391680861,4.44152007066,26.0619833014
0,9.55613796893,4.37125550786,25.9244119191
0,9.41920584135,4.28680476792,25.6620049848
0,9.7611883496,4.58514934825,25.8801946211
0,9.50495951059,4.33656529612,25.8419706872
0,9.29397526229,4.17483419474,25.5957049563
0,9.73933663033,4.54875211582,25.9529221858
0,9.96791877154,4.77460969155,25.966545013
0,9.65974968609,4.54576278877,25.5699341056
0,9.57506645589,4.42742466961,25.7382085479
0,9.50171539501,4.37820883993,25.6175323936
0,9.65084813906,4.51135447364,25.6974679442
0,9.33729901784,4.2651294731,25.3608473458
0,9.43869792592,4.31914302559,25.5977741202
0,9.50137977247,4.34799491132,25.7669239218
0,9.44045619841,4.30830246994,25.66076826
0,9.66690026816,4.46159834349,26.0265092355
0,9.51056004502,4.42673743967,25.419112648
0,9.42515228381,4.32902585882,25.4806317453
0,9.49030880396,4.37505684854,25.576259396
0,9.39040475341,4.26731871444,25.6154298132
0,9.33418356873,4.26448723298,25.348481301
0,9.37951226286,4.31727661515,25.3111778614
0,9.11517157032,4.06784270575,25.2366439468
0,9.18680253853,4.12505721057,25.3087262627
0,9.37807440947,4.32634750886,25.2586341267
0,9.55412864778,4.44747759904,25.5332548632
0,9.38263330244,4.28105369229,25.5078976707
0,9.3252795864,4.32036488382,25.02457314
0,9.30031085829,4.25891460884,25.2069808716
0,9.24666700892,4.21296701023,25.1684996184
0,9.25857122608,4.24113220012,25.087194756
0,9.09368747631,4.03109543993,25.3129598047
0,9.09386609327,4.07583961499,25.0901320175
0,9.2551751328,4.19397988917,25.3059758411
0,9.26298700628,4.19561939206,25.3368376936
0,9.27247970364,4.19257052619,25.3995455087
0,9.26732771925,4.25401769326,25.0665497564
0,9.21990481894,4.21548263155,25.0221105641
0,9.34514493331,4.29627231103,25.2443627352
0,9.1861353014,4.15633536714,25.1489992966
0,9.18144329666,4.1704674703,25.0548787584
0,9.23673819548,4.22364339633,25.0654736222
0,9.25312841272,4.23339375854,25.0986728969
0,9.15528844233,4.1445242432,25.0538206223
0,9.1292460521,4.15767717442,24.857844018
0,9.00885749551,4.0357357788,24.865608213
0,9.12884683031,4.15313835849,24.8785419884
0,9.01830043994,4.09543069613,24.6143483523
0,9.00442506699,3.97435361341,25.1503568931
0,9.19303640507,4.2168914637,24.8807243361
0,8.95646530083,4.04236320271,24.5705101245
0,9.04984068746,4.03192310121,25.0895875574
0,9.12787852743,4.13050245525,24.9868799885
0,8.92311071289,4.01428363978,24.5441349998
0,9.04405608967,4.0863918847,24.7883206555
0,9.12391732593,4.25826118294,24.3282803524
0,8.94185634174,3.99894732094,24.7145447357
0,8.80258181883,3.8249718749,24.8880493488
0,8.92616855608,3.97831913816,24.739246721
0,9.00738377645,4.08760258418,24.5989055948
0,8.9299405721,3.98221966921,24.7386041458
0,8.7913229595,3.85685510013,24.6723389292
0,8.85283755617,3.97391123676,24.3946312336
0,8.99088605962,4.09221130684,24.4933733989
0,8.7701950636,3.90337490476,24.3341004316
0,8.98267301197,4.04739140614,24.6764076614
0,8.94954610476,4.03368003827,24.5793299662
0,8.7993722293,3.87335831998,24.6300691796
0,8.82012881684,3.89787373035,24.6112750657
0,8.84275158734,3.94025627722,24.5124761853
0,8.88018234139,4.06109291355,24.0954467801
0,8.61940066566,3.793618787,24.1289090338
0,8.85669292102,4.033838162,24.1142734358
0,8.85781815711,3.96464235373,24.4658786523
0,8.62863732201,3.80117745361,24.1372989823
0,9.00151545146,4.10901586019,24.4624975918
0,8.94372790361,4.05367670199,24.4502556437
0,8.68093214277,3.81394128641,24.3349539192
0,8.70142329883,3.87531457394,24.1305432649
0,8.74438342069,3.91556111098,24.1441111888
0,8.70195423398,3.86701234797,24.1747090698
0,8.76901178227,3.93897272254,24.1501949387
0,8.85348370848,4.06532469939,23.9407946887
0,8.64307634848,3.84211615995,24.0048005849
0,9.10390655044,4.2975786839,24.0316389746
0,8.72369779592,3.89881340876,24.1244215764
0,8.77011659115,3.98504842849,23.9253404568
0,8.57450001964,3.76560479355,24.0444757722
0,8.75376045979,3.94890359102,24.0242839859
0,8.73871208171,3.89988822243,24.1941189359
0,8.77870752229,3.96523795852,24.0673474602
0,8.56008235264,3.77427263575,23.9290482278
0,8.58006799105,3.76401094414,24.0802848757
0,8.65508073249,3.83661811402,24.0923127334
0,8.622951596,3.8114897445,24.057308899
0,8.44911124934,3.72516647424,23.6197235236
0,8.60409567954,3.80708686078,23.9850437364
0,8.78731085131,3.94347787523,24.2191645195
0,8.44724031676,3.68989947132,23.7867038727
0,8.51891216969,3.77698828188,23.7096190858
0,8.53621785804,3.79292887244,23.7164445746
0,8.77879093498,4.02316192757,23.7781446827
0,8.47489827743,3.73853658684,23.6818081001
0,8.52008073516,3.7411007799,23.8948994203
0,8.6744901418,3.89650702918,23.8899152071
0,8.58518752992,3.85957713576,23.6280516187
0,8.69566439714,3.9870803362,23.5429199539
0,8.46800290298,3.74643663477,23.6078309893
0,8.62999346493,3.93594997927,23.4702170786
0,8.62358400509,3.84089094636,23.9134649373
0,8.75392243508,3.99714352717,23.7838941851
0,8.66207921245,3.97576064653,23.4315924804
0,8.29260324366,3.53007859814,23.8126228728
0,8.50137881846,3.76609993524,23.6763940633
0,8.45713113664,3.73859373025,23.5926866804
0,8.58409058296,3.82673941046,23.786755508
0,8.58990209309,3.896754802,23.4657361058
0,8.53188687056,3.8399391349,23.4597383287
0,8.43702270646,3.79311669168,23.2195297279
0,8.32088826281,3.64018247149,23.4035286079
0,8.5308970373,3.81967892616,23.5560902047
0,8.42926769027,3.73875797392,23.4525482323
0,8.40681970456,3.74435832033,23.3123065738
0,8.27931915359,3.60486049337,23.3722929529
0,8.60436059537,3.96107289463,23.2164381578
0,8.30361873533,3.67756638857,23.1302613891
0,8.21283214387,3.57984833814,23.1649186835
0,8.43802006137,3.79940811483,23.1930593871
0,8.39262609862,3.74796069611,23.2233266665
0,8.48896860232,3.81848901766,23.3523975753
0,8.3024607461,3.65697093545,23.2274487072
0,8.18634479113,3.5661969242,23.1007389904
0,8.3951341848,3.67597816066,23.5957797691
0,8.20296950773,3.62028121004,22.913441147
0,8.35091775295,3.74694279328,23.0198744553
0,8.13486600533,3.49993522326,23.174653565
0,8.29037918945,3.68100842211,23.0468534933
0,8.29525119025,3.64619602851,23.2452754623
0,8.34358682025,3.71690882326,23.1333896403
0,8.17545185389,3.61648944838,22.7948116879
0,8.13266237192,3.57156623192,22.8054803602
0,8.17033608778,3.58310028663,22.936178664
0,8.22131756703,3.67693281828,22.7219234051
0,8.291951483,3.70291677832,22.9451731815
0,8.16571649067,3.5841550076,22.907807074
0,8.0432562834,3.46736388408,22.8794616557
0,8.10413514777,3.52850917111,22.8781295424
0,7.86028850186,3.36131930996,22.4948456243
0,8.19332965234,3.63654181655,22.7839388395
0,8.19587306229,3.61627923995,22.8979687705
0,8.25213805452,3.64723605827,23.0245096381
0,8.11057685073,3.5927934502,22.5889166661
0,8.14966463868,3.55273512987,22.9846472015
0,8.03708407432,3.49570575305,22.706891268
0,8.29271620068,3.73213103188,22.8029255042
0,8.14777918523,3.58202110678,22.8287900521
0,8.18014116594,3.66881501931,22.556630397
0,8.20886753241,3.62148665412,22.9369040497
0,8.06812423102,3.57250975758,22.4780720322
0,8.29473767574,3.77716671672,22.5878544585
0,8.00898186817,3.50668312808,22.511493365
0,8.11183431448,3.57677014426,22.6753205132
0,8.08839130435,3.59564320775,22.4637401483
0,8.08602001422,3.57389651721,22.5606171489
0,7.94666961804,3.48643950572,22.3011502293
0,7.94847169418,3.4504782318,22.4899669768
0,7.99731923806,3.47802568548,22.5964674262
0,8.20308684799,3.67285655487,22.6511511281
0,8.09164167821,3.57374864265,22.5894648412
0,8.04141158627,3.57255078805,22.3443036581
0,7.88204376797,3.40777054375,22.3713657878
0,7.94978537982,3.49271731498,22.2853399921
0,7.96951470702,3.48814138972,22.4068662526
0,7.95202391539,3.47328933508,22.3936725678
0,8.06622116137,3.55351494376,22.5635307518
0,7.97670200647,3.49873955635,22.389811917
0,7.85472566035,3.40802402471,22.2335078469
0,7.88885799448,3.39733446397,22.4576173179
0,8.16295970376,3.66670097733,22.4812932972
0,7.97631964078,3.57259423768,22.0186266874
0,8.03941149625,3.57302490236,22.3319326367
0,7.94662397173,3.5180628403,22.1428053272
0,7.74962297908,3.33457033004,22.0752629163
0,7.94589619918,3.51982518273,22.1303547525
0,8.02020886031,3.62984261121,21.9518309184
0,7.89895957476,3.46509419072,22.1693265899
0,7.81711415748,3.4470743368,21.8501987778
0,7.95069821952,3.53491410763,22.0789202305
0,8.05819713634,3.59358891053,22.3230407964
0,7.67158117821,3.30194175036,21.8481968137
0,7.99789030551,3.58769616182,22.0509703899
0,7.81801408798,3.40697818226,22.0551791999
0,7.99918933645,3.5906272899,22.0428099043
0,7.76011222633,3.37999656206,21.900577995
0,7.74999408942,3.3624290046,21.9378250972
0,7.89768273254,3.51772772357,21.8997747185
0,7.88660240116,3.51403688104,21.8628272748
0,7.77667302575,3.3858097477,21.9543160631
0,7.82734209926,3.43062667553,21.9835767911
0,7.73085142785,3.34070515764,21.9507310239
0,7.67794427637,3.25148702543,22.1322859249
0,7.78191977555,3.38021406994,22.0085282001
0,7.71142801988,3.36269609275,21.7436593116
0,7.78363400164,3.33243343851,22.256002484
0,7.76084580256,3.38100492647,21.8992040541
0,7.6321152956,3.30032088589,21.6589717258
0,7.64684210007,3.34191508104,21.5246347744
0,7.59320345001,3.31185729826,21.4067304397
0,7.66023610908,3.32617851304,21.6702876573
0,7.80663555738,3.46407354642,21.7128097313
0,7.90199576336,3.59130682007,21.5534443953
0,7.6776913029,3.31815752346,21.7976685724
0,7.91216431083,3.57557605069,21.6829409776
0,7.80366317039,3.47817832566,21.6274239014
0,7.73224366987,3.4607322257,21.3575569026
0,7.79221365723,3.44495998752,21.7362680246
0,7.5628397218,3.30045783314,21.3119091257
0,7.60354160252,3.30602319436,21.4875917206
0,7.64672974197,3.34721285938,21.4975840926
0,7.66637126983,3.3685605584,21.4890532369
0,7.66433908011,3.30855364855,21.7789268333
0,7.71115327748,3.36587451965,21.7263934654
0,7.65323582007,3.35638009907,21.4842782849
0,7.46248755631,3.22288718162,21.1980015576
0,7.50051233207,3.24455336315,21.2797945275
0,7.76998914891,3.47944376615,21.4527265941
0,7.67481421708,3.42670758249,21.2405328564
0,7.54850180885,3.31227886467,21.1811144053
0,7.59772083284,3.29413252083,21.5179412394
0,7.5579315045,3.34315050948,21.0739046611
0,7.44961776998,3.21830467397,21.1565651648
0,7.70248611109,3.42191751134,21.4028426798
0,7.495921491,3.24335493063,21.262832485
0,7.50140517818,3.30267473197,20.9936519182
0,7.5664734042,3.30144496103,21.3251418981
0,7.4755501791,3.20792685947,21.3381162802
0,7.65555817775,3.38065195887,21.3745307759
0,7.47969414112,3.26303009304,21.0833199262
0,7.61422923271,3.39978003745,21.0722456623
0,7.40230535354,3.15655275838,21.2287626595
0,7.4755088473,3.25677772605,21.093655292
0,7.61607908647,3.34183246226,21.3712328026
0,7.48803780148,3.26682202775,21.1060785541
0,7.40904701366,3.16277111253,21.2313791893
0,7.49216691213,3.31116289165,20.9050197909
0,7.42677242641,3.19783750045,21.1446743147
0,7.50455723622,3.27480986528,21.1487365396
0,7.42319523607,3.23306335181,20.9506591091
0,7.43762539425,3.29453267544,20.7154632854
0,7.4594364755,3.26542996189,20.9700322556
0,7.48919753205,3.34696244321,20.7111751356
0,7.28082455092,3.13421066276,20.7330691319
0,7.49914778659,3.26223800666,21.184548584
0,7.34414185211,3.23919939357,20.5247119869
0,7.36467382058,3.2204810845,20.7209633716
0,7.36766833027,3.22310851984,20.7227987434
0,7.33141489807,3.22043166792,20.5549158445
0,7.49378616918,3.32375653366,20.8501478669
0,7.35633610372,3.1860500456,20.8514299799
0,7.57108760954,3.34952961367,21.1077896649
0,7.16761331721,3.03025101447,20.6868112054
0,7.3182712602,3.17421574739,20.7202772553
0,7.4856732857,3.31146111103,20.8710605624
0,7.26785194013,3.13258406975,20.6763390438
0,7.35187565587,3.22344785013,20.6421387211
0,7.25328587753,3.11930153695,20.6699213949
0,7.30518480048,3.19200324741,20.5659074589
0,7.24261365802,3.14041734935,20.5109812377
0,7.17491703392,3.09793082346,20.3849307486
0,7.37625637198,3.26291420363,20.5667105353
0,7.36526108626,3.25809147602,20.5358477452
0,7.5098221007,3.33773198945,20.8604502454
0,7.30556814055,3.17809251279,20.6373778313
0,7.25455910634,3.13195454563,20.6130224964
0,7.53075207529,3.46088794186,20.3493203639
0,7.34635634692,3.29148117916,20.2743755367
0,7.38930025466,3.34621440238,20.2154289602
0,7.22589910545,3.18231805794,20.2179049363
0,7.23057986764,3.14125244703,20.4466367984
0,7.25326426035,3.18593018808,20.3366700583
0,7.24754503787,3.12756432933,20.5999032357
0,7.12995086894,3.10118086437,20.1438497227
0,7.40957129329,3.32243369679,20.435687678
0,7.32072227962,3.24834920763,20.3618650565
0,7.2921730743,3.13656681008,20.7780310115
0,7.20170892562,3.11755876269,20.4207505104
0,7.3077174073,3.24649894429,20.3060920124
0,7.28940850361,3.18041098488,20.5449872875
0,7.16882884533,3.09071268622,20.3905804917
0,7.19899051886,3.12382901198,20.3758072308
0,7.24223559176,3.1481744028,20.4703056397
0,6.97457394546,3.02184795717,19.7636296469
0,7.11895038831,3.10976591719,20.0459220569
0,7.21872545556,3.15663143859,20.3104697822
0,7.29662032022,3.26977431251,20.1342297385
0,7.23396954581,3.21868782358,20.076408312
0,7.27673480511,3.26994669483,20.0339402529
0,7.09461634062,3.07970736242,20.0745445919
0,7.02758883454,3.01316461438,20.0721208017
0,7.19990858944,3.14909534472,20.2540659218
0,7.07657020369,3.09385236846,19.9135888794
0,7.31769464858,3.22924158604,20.4422650081
0,7.28677066683,3.2464854321,20.2014258726
0,7.18765610093,3.17515325102,20.0625139506
0,6.95826440535,2.98178373443,19.8824030583
0,6.95606365549,2.98426710256,19.8589824687
0,7.05107370549,3.05970731724,19.9568316439
0,7.01710019513,3.00675947691,20.0517032923
0,6.92872752153,2.98652020563,19.7110362858
0,7.0340817281,3.03729028929,19.9839568963
0,7.06777279794,3.07185910304,19.9795681768
0,7.05530224156,3.09474839978,19.8027689138
0,7.00530480808,3.02572458242,19.8979008318
0,7.13574837026,3.15511504126,19.9031663484
0,7.1073523264,3.11144492643,19.9795367021
0,7.12383848955,3.12163793873,20.0110024559
0,7.1527940604,3.22778155932,19.6250622129
0,6.94126874977,3.06022125289,19.4052371953
0,6.96222536042,3.04330679618,19.5945925292
0,6.92110959943,3.01948677115,19.5081138507
0,6.89566578988,2.99778154289,19.4894209445
0,6.85226209792,2.97425844422,19.3900179796
0,6.97157589001,3.02462948014,19.7347317553
0,7.06233579318,3.09363060644,19.843525638
0,7.02144801791,3.11331312711,19.5406741628
0,6.95882639287,3.04652097376,19.5615268041
0,7.16855016938,3.27253887898,19.4800561617
0,7.00891632448,3.11174831172,19.4858397735
0,6.92594765601,3.00840516495,19.5877121634
0,6.86267134336,2.97302424143,19.4482352199
0,6.95449572484,3.07739288437,19.3855139135
0,6.93782434227,2.9831114703,19.7735640652
0,7.09242810859,3.15904621232,19.6669091883
0,7.05537740661,3.11522899206,19.7007417792
0,7.15171549335,3.24064879223,19.5553332142
0,7.08620428692,3.19041248336,19.4789587275
0,6.85599437925,2.95928380257,19.4835525931
0,7.00417918071,3.04977903019,19.772000458
0,7.06084191643,3.1598472066,19.5049732585
0,6.97552202872,3.10027222261,19.3762487418
0,6.89503205828,3.01394779767,19.4054210139
0,7.0279471947,3.12856517217,19.4969098221
0,6.90683902685,2.99541815163,19.5571040847
0,6.95613581076,3.08667274005,19.3473150653
0,6.92484168841,3.02844261183,19.4819950926
0,6.99096127521,3.17999171185,19.0548475329
0,6.98186351624,3.15332712675,19.1426816622
0,6.99319296322,3.1566208823,19.1828601188
0,6.82175021506,3.03764608371,18.9205203748
0,6.87712461608,2.9740956943,19.5151443181
0,6.89439970964,3.09082251967,19.0178856664
0,6.92395262923,3.08663920769,19.1865668218
0,6.9284329985,3.0384474073,19.4499276661
0,6.93669519625,3.08866397964,19.2401557964
0,7.14376700788,3.31964157979,19.1206268556
0,6.99659148158,3.1552900471,19.2065068862
0,6.97901092874,3.16382684258,19.0759201465
0,6.96998838937,3.16458832816,19.0270000225
0,6.8615841448,3.06527123781,18.9815642521
0,6.98866054503,3.16089412259,19.138831827
0,7.10007948841,3.24899763162,19.255408997
0,7.06484061149,3.19675307174,19.3404374105
0,6.88725078602,3.06768342283,19.0978365314
0,7.01449496682,3.19000576817,19.1224457083
0,7.13230921559,3.31092944818,19.1068985523
0,7.01670230721,3.25047704676,18.8311260216
0,7.00175396511,3.15186795532,19.2494297621
0,7.11326176966,3.22752274298,19.4286948439
0,6.92211287273,3.13943800101,18.9133740768
0,6.93111949517,3.14659931077,18.92260064
0,7.03747783686,3.21810284875,19.096874656
0,7.25367113557,3.39459940272,19.2953583767
0,7.08656440479,3.23144091502,19.2756171616
0,7.01137094278,3.21366214191,18.9885437214
0,7.23368709391,3.4790498994,18.7731856928
0,7.04198422332,3.24693954534,18.9752231071
0,7.11446538621,3.33242175357,18.9102178814
0,7.28406060915,3.4692304398,19.0741505625
0,7.25536891406,3.47635708316,18.895058873
0,7.08327453323,3.35822880351,18.625228371
0,7.06200328669,3.29149235191,18.852554393
0,7.17667841516,3.39892659514,18.8887588187
0,6.92129259912,3.193627144,18.6383269978
0,7.06884218733,3.29364630963,18.8759791072
0,7.02142497344,3.28338482472,18.6902004651
0,6.83667732261,3.11382565571,18.6142580571
0,6.88955816503,3.1923051055,18.4862650222
0,7.04820237493,3.2510682006,18.9856705888
0,6.95234359275,3.23323892494,18.595523062
0,7.104903717,3.3427370317,18.8108331462
0,6.93827443486,3.21465911125,18.6180763407
0,6.88519641126,3.1654545256,18.5987091512
0,6.96676079782,3.24584598172,18.6045738033
0,6.82374122087,3.07489848608,18.7442133946
0,6.88201076073,3.13813008151,18.7194031171
0,6.87125932273,3.14679502527,18.6223212098
0,6.84253836078,3.12008503702,18.6122663415
0,6.84040702476,3.09560689688,18.7240003604
0,7.01747082696,3.24567658168,18.8589709454
0,6.70406990225,2.99716428991,18.5345277855
0,6.63797743209,2.94584392458,18.4606672624
0,6.9136879529,3.17595826873,18.6886481424
0,6.70080390024,3.00294066644,18.4893158935
0,6.92751388678,3.2083159586,18.5959893638
0,6.80909287956,3.10591024562,18.5159128938
0,6.70307692413,3.01122504418,18.4592591247
0,6.69029388769,2.98550303313,18.5239539968
0,6.90023831308,3.18834788647,18.5594518565
0,6.8088136112,3.07188747056,18.6846304248
0,6.72457890695,3.04517670772,18.397010722
0,6.96157383507,3.27576552399,18.4290412808
0,6.83488269482,3.09059337157,18.7214463373
0,6.80854606443,3.10029699867,18.5412450525
0,6.68810418548,2.98115277673,18.5347567675
0,6.79406764699,3.12980476303,18.3213141468
0,6.91554956189,3.21522059716,18.501644548
0,6.78362615192,3.04668367166,18.6847121228
0,6.74499897599,3.02533765084,18.5983063486
0,6.83324183943,3.19649765615,18.1837206454
0,6.75630036425,3.03696683772,18.5966673555
0,6.85490200736,3.14873032117,18.5308581548
0,6.73090886112,3.10716179179,18.1187350767
0,6.62171211902,2.99353131388,18.1409037554
0,6.67388697874,3.04768744723,18.1309973874
0,6.64361137721,2.9418745686,18.5086837672
0,6.68612467271,2.99619896352,18.4496282711
0,6.65465811188,2.9949890321,18.2983451263
0,6.769127907,3.06801345835,18.5055719675
0,6.54558658553,2.94051223551,18.0253714815
0,6.63718169608,2.95857871726,18.3930146201
0,6.74747573179,3.07907472368,18.3420047672
0,6.49764853293,2.87244470461,18.1260188715
0,6.60639980639,2.92077872599,18.4281051274
0,6.73689270657,3.07790328473,18.2949468366
0,6.62322915581,2.99696791298,18.131305944
0,6.53007546464,2.91126353515,18.0940593778
0,6.56874931394,2.96158788563,18.0358068728
0,6.51670412185,2.90392806069,18.0638800366
0,6.65303184947,3.03119625067,18.1091777241
0,6.49469696846,2.88449888963,18.0509901251
0,6.48573385697,2.8749024899,18.0541565663
0,6.65694164007,3.02614446844,18.1539855876
0,6.58579373839,3.00673825264,17.8952771621
0,6.51212404958,2.97371957315,17.6920221185
0,6.66059864638,3.00742361032,18.2658749081
0,6.41561344618,2.81346434549,18.0107452351
0,6.38156043286,2.76603860776,18.0776088561
0,6.42841238374,2.82848992325,17.9996120342
0,6.52265612529,2.94326264546,17.8969671325
0,6.38283277776,2.820395861,17.8121843184
0,6.53512269595,2.90161061011,18.1675601585
0,6.47443812143,2.88981458446,17.9231174178
0,6.38326599485,2.76712561523,18.0807016287
0,6.50032795053,2.96991140524,17.6520824634
0,6.64884003444,3.07011218699,17.8936389706
0,6.45739475721,2.86555323147,17.9592073611
0,6.52552477734,2.94809758406,17.8871356999
0,6.60844669569,3.03704408303,17.8570127972
0,6.58061084995,3.03939886721,17.7060596498
0,6.43894654083,2.90794808054,17.6549920383
0,6.3445919057,2.81177777526,17.664070389
0,6.49829886375,2.89260802246,18.0284539378
0,6.61825426763,3.03940605207,17.8942408111
0,6.53269659808,2.94994914913,17.9137369778
0,6.54412516156,2.98150573895,17.8130968476
0,6.34579784228,2.82783293813,17.5898242586
0,6.35357659843,2.83036731477,17.6160461558
0,6.4075913021,2.87509070351,17.6625027298
0,6.58678857845,3.02096110132,17.82913712
0,6.41321570404,2.91417387665,17.4952088763
0,6.46237225716,2.88658256509,17.878948194
0,6.48336673628,2.89836796275,17.9249936005
0,6.3155061922,2.77623820272,17.6963396837
0,6.36307546616,2.83276616503,17.6515462426
0,6.48600897898,2.97039232102,17.5780830279
0,6.45356281385,2.89120724279,17.8117775899
0,6.42533526532,2.89748972535,17.639227437
0,6.39554529956,2.88883039987,17.5335742372
0,6.34072540978,2.81352558572,17.6359988575
0,6.45584240983,2.92314157867,17.6635038926
0,6.41446731752,2.87977194597,17.6734765944
0,6.18143264985,2.63710224754,17.7216517475
0,6.18361846371,2.74423629298,17.1969105974
0,6.31590708634,2.91094770716,17.0247966422
0,6.34603052012,2.83344623912,17.5629211433
0,6.29489725155,2.75600979844,17.6944370019
0,6.40316036843,2.88611534208,17.5852248697
0,6.41828711832,2.90340579181,17.5744063707
0,6.22748825108,2.7380808915,17.4470365379
0,6.25415554419,2.76943619201,17.4235965012
0,6.36398819121,2.86428396664,17.4985208621
0,6.50998152277,2.99128890258,17.5934628388
0,6.44226517051,2.96374454014,17.3926028927
0,6.68794068784,3.20048758735,17.4372652426
0,6.55999124483,3.10770979869,17.2614069735
0,6.44880562795,3.01504675618,17.1687941031
0,6.5471441382,3.06401100203,17.4156654213
0,6.65667828929,3.12571751303,17.6548036182
0,6.67194390386,3.19916522363,17.3638931424
0,6.6180722899,3.20866996721,17.0470113594
0,6.5157423969,2.99777900446,17.5898167001
0,6.35165228376,2.95229254827,16.9967984242
0,6.43320228135,3.02281334196,17.0519444429
0,6.50964054238,3.05427995738,17.2768026676
0,6.42755488949,2.97589078062,17.2583202872
0,6.51214450668,3.05434607319,17.2889919098
0,6.47893565529,3.01574507554,17.3159526407
0,6.48860382263,3.00653210983,17.4103583046
0,6.56790527939,3.09308838165,17.3740842298
0,6.54583108664,3.13736214,17.0423444792
0,6.55462579578,3.08560247025,17.3451163692
0,6.53681207667,3.03555004599,17.5063098926
0,6.32846427534,2.92318540003,17.0263941228
0,6.36142438227,2.94001807737,17.1070312696
0,6.41663976177,2.96541092443,17.2561439295
0,6.47484731712,3.04138092256,17.167331717
0,6.42598629308,2.979169382,17.2340842986
0,6.626940447,3.12096237417,17.5298901029
0,6.41185829362,3.03532764575,16.8826529878
0,6.47500438562,3.02790110048,17.2355161689
0,6.42685451985,3.01432189731,17.0626628585
0,6.38928603218,2.98552748685,17.018792473
0,6.3969168392,2.94758428086,17.2466625347
0,6.60335927352,3.09701701398,17.5317110364
0,6.41722076395,3.00320717397,17.0700676955
0,6.39916823181,2.98229750638,17.0843533725
0,6.31054176596,2.92442982184,16.9305594683
0,6.25580391164,2.89784656834,16.7897864663
0,6.46196447991,3.03418936023,17.138875343
0,6.49005235413,3.04823843593,17.2090693346
0,6.52678583022,3.0398348635,17.4347545738
0,6.37526890682,3.01813722478,16.7856581601
0,6.32648429603,2.95896251008,16.8376086788
0,6.44796139829,3.04183634219,17.0306250267
0,6.43250916902,3.00354758125,17.1448076834
0,6.54699020677,3.11590567121,17.1554224221
0,6.38160073057,3.05120398907,16.6519834593
0,6.34611341008,2.99192874496,16.7709230757
0,6.41941623697,3.06694866926,16.7623375887
0,6.56492359394,3.14972915171,17.0759719567
0,6.41155160131,3.07400358103,16.6877398527
0,6.36638747592,3.01274495623,16.7682123486
0,6.44355823618,3.0983675335,16.7259532642
0,6.5791413853,3.18191001851,16.9861565808
0,6.42225139645,3.06733804624,16.7745665011
0,6.58117008861,3.15260272466,17.1428365643
0,6.42829260067,3.06497344546,16.8165955255
0,6.45352593995,3.090783322,16.8137128392
0,6.32971143225,2.94350396672,16.9310370754
0,6.28118078202,2.92573645205,16.7772213999
0,6.30508656391,2.92996843286,16.8755904038
0,6.21493733672,2.8645432004,16.751970432
0,6.23043624687,2.85888916411,16.8577351626
0,6.37845545685,2.99436957645,16.9204291499
0,6.42426712692,3.02970513627,16.9728097003
0,6.25049392889,2.9030651365,16.7371437125
0,6.28657688716,2.93881935717,16.7387874005
0,6.2792675599,2.91513727777,16.82065116
0,6.24883419084,2.93256095681,16.5813659231
0,6.21744996574,2.91458420709,16.5143285472
0,6.28037958237,2.94644644329,16.669665447
0,6.39455497454,3.00750973966,16.935225922
0,6.19544726845,2.92974882792,16.3284919593
0,6.26043726881,2.95955622487,16.5044049737
0,6.34229515121,2.93787277257,17.0221116395
0,6.32133706802,3.01927822634,16.5102939624
0,6.41798261287,3.06179093547,16.7809581369
0,6.37819781062,3.05460541942,16.6179617084
0,6.35519657866,3.0199778645,16.6760933223
0,6.38215768718,3.02595077877,16.781034292
0,6.42577431214,3.100572352,16.626009553
0,6.25415857407,2.94362872222,16.5526490126
0,6.38998269269,3.02662653342,16.8167805458
0,6.4074683651,3.08750762101,16.5998034731
0,6.38177218935,3.04820546097,16.6678333935
0,6.13192324396,2.90930653241,16.1130833176
0,6.22300034056,2.87416487149,16.7441770959
0,6.36434541813,2.99714453904,16.8360041446
0,6.26922431532,3.01150233722,16.2886096478
0,6.24276403716,2.92349303403,16.5963547684
0,6.14580197094,2.87332269184,16.3623961517
0,6.23460544471,2.92528614494,16.5465962523
0,6.23201778723,2.89428217147,16.6886778301
0,6.32228528571,2.98701797674,16.6763362964
0,6.1157002379,2.8204753465,16.4761242114
0,6.1027950916,2.88238693834,16.1020405264
0,6.17208315275,2.91285478327,16.2961416046
0,6.29979047179,3.01330513628,16.4324264327
0,6.2275575574,2.99542741667,16.1606504628
0,6.33751566808,3.06426713289,16.3662424321
0,6.25541508842,3.02189970211,16.1675766906
0,6.20256886809,2.98389526148,16.0933677932
0,6.27087758201,2.95173091318,16.5957330968
0,6.06026374956,2.80979224383,16.2523572865
0,6.33415745875,3.03855139404,16.4780300781
0,6.20434759458,2.90346009783,16.5044372378
0,6.2481893227,2.97037164894,16.3890881245
0,6.11888532865,2.89236532687,16.1325997685
0,6.17148198868,2.86043619928,16.5552287003
0,6.11722420153,2.86293180586,16.2714617359
0,6.16653568675,2.88569713638,16.4041925074
0,6.14650577848,2.9022598832,16.2212292347
0,6.12244062292,2.87360067567,16.2441994942
0,6.06446374374,2.86722752878,15.9861808366
0,6.06622327071,2.85675611034,16.0473355627
0,6.2407641256,2.93055753232,16.5510327198
0,6.15407465702,2.852669349,16.5070262941
0,6.12119513181,2.91248416175,16.0435546112
0,6.08733788566,2.8386496272,16.2434410503
0,6.08910668281,2.85926364547,16.149214946
0,6.00799502008,2.76843740356,16.1977878412
0,5.99696718488,2.77301802479,16.1197455603
0,5.92677759806,2.71838459701,16.0419647662
0,6.08796612446,2.87108898884,16.0843854384
0,6.12931867237,2.83458589628,16.4736636349
0,5.8970493226,2.77187231928,15.6258847838
0,6.02911933658,2.85436007191,15.8737960868
0,6.1505737252,2.88210064705,16.3423651473
0,5.85229867202,2.68591791587,15.8319035448
0,5.8979301233,2.70012364904,15.9890321331
0,6.01098795544,2.81680965403,15.9708912691
0,5.99079133439,2.80519734234,15.9279697229
0,5.96875138434,2.77931262439,15.9471935621
0,5.99690412981,2.77867600429,16.0911403878
0,6.01986612972,2.84719631821,15.8633488212
0,6.04713669647,2.81381463926,16.1666100452
0,6.01350005938,2.82668613102,15.9340694044
0,6.15327027854,2.93880621332,16.0723200866
0,5.97874356321,2.80061175617,15.8906587984
0,6.0223285019,2.84739619223,15.8746613118
0,5.92560324591,2.73618559483,15.9470880178
0,5.86140766934,2.71218457649,15.7461152296
0,5.95986912611,2.74374349749,16.0806279035
0,5.95615596638,2.77593864607,15.9010863646
0,6.0285908901,2.80072594556,16.1393244822
0,5.94497257208,2.75608176554,15.9444537951
0,5.93386664858,2.74736572483,15.9325043814
0,5.85036613001,2.66315012534,15.9360797859
0,5.81988523471,2.66766036414,15.761124118
0,5.8513492987,2.70269715385,15.7432604897
0,5.90109319728,2.73916796979,15.8096259019
0,6.01266571768,2.80683932819,16.0291317086
0,5.98929021849,2.81192439103,15.8868289006
0,5.96711536455,2.79057071308,15.8827230207
0,6.01357665718,2.86110584003,15.7623538509
0,5.87397747359,2.72270003636,15.7563869513
0,5.81990255376,2.72328777534,15.4830736614
0,5.82179296499,2.66709316086,15.7734987856
0,6.09824524984,2.90177206264,15.9823656979
0,5.87491346603,2.76793340888,15.5349000543
0,5.9165278384,2.81095823185,15.5278478014
0,5.84690795046,2.70370538953,15.7160125705
0,5.87490613663,2.76973139896,15.525873457
0,5.9755756676,2.81544280855,15.8006640598
0,5.91587618919,2.85169920431,15.3208846961
0,5.90970688773,2.78549043193,15.6210820462
0,6.06911033382,2.93161458633,15.6874785037
0,6.02197678445,2.89781663489,15.620800515
0,5.98913874356,2.84908671704,15.7002598987
0,5.96222636506,2.83959542176,15.6131544839
0,5.87225239546,2.78503254491,15.4360990227
0,5.90467545913,2.84267061422,15.3100239964
0,5.95882662649,2.82503151764,15.6689753108
0,5.86507403145,2.72377282523,15.7065057971
0,5.75998210645,2.68096979406,15.3950613325
0,5.96086032875,2.83329064386,15.6378481914
0,6.1345783577,2.94222038686,15.9617896164
0,5.9892359194,2.86645814785,15.6138886251
0,5.82389340476,2.70027017356,15.6181159233
0,5.75332872135,2.67837310292,15.374777863
0,5.82143522719,2.7362642179,15.4258548166
0,5.77622070871,2.68047313213,15.4787376522
0,5.87766533325,2.79384935884,15.4190796423
0,5.90469319206,2.79219981531,15.5624666519
0,5.884460278,2.80608340958,15.3918841127
0,5.76602641578,2.68444319846,15.407915857
0,5.83607178617,2.7242360485,15.5591784565
0,5.83235909867,2.75088906106,15.4073499584
0,5.71387771608,2.75003520486,14.8192123353
0,5.73196688446,2.69177213427,15.2009735244
0,5.81815461797,2.7666223136,15.2576612945
0,5.86173751934,2.75748786043,15.5212480633
0,5.90642070887,2.79149623225,15.574622151
0,6.01921853233,2.91846023874,15.5037912369
0,5.85120012049,2.78772093702,15.3173956891
0,5.84127643616,2.78792030621,15.2667804223
0,5.83731749347,2.77912317568,15.2909713611
0,5.8524759353,2.78703858363,15.32718653
0,5.83322154495,2.80103776825,15.1609186576
0,5.86812563946,2.80658360964,15.307709921
0,5.84828923021,2.78102897051,15.33630107
0,5.85637639557,2.76414929539,15.4611352705
0,5.61116421141,2.60265766117,15.0425325271
0,5.8746116416,2.8026718233,15.3596988627
0,5.81969182115,2.83006912144,14.9481132758
0,5.78913520758,2.68693261784,15.5110127176
0,5.669663107,2.63970306354,15.1497999915
0,5.83020869336,2.69555267711,15.6732798477
0,5.7337664029,2.67479812081,15.2948411825
0,5.68592916409,2.69789005066,14.9401953445
0,5.7047591672,2.7494939688,14.7763257718
0,5.62953205011,2.63989043496,14.948207853
0,5.91275819723,2.80991101721,15.5142356689
0,5.78868267237,2.74846015035,15.2011123836
0,5.73963882598,2.72820469089,15.0571704511
0,5.6713305291,2.64895743547,15.111865243
0,5.74891935778,2.66875084349,15.4008423419
0,5.80591590929,2.8024138385,15.0175101302
0,5.73460401755,2.71025823163,15.1217287042
0,5.7908801478,2.74687114681,15.2200447781
0,5.75170294886,2.73942762427,15.0613763985
0,5.71121747162,2.70633931164,15.024390576
0,5.73887114991,2.71414984561,15.1236062961
0,5.77505534657,2.75055891409,15.1224819371
0,5.62348460287,2.66198829495,14.807481319
0,5.74811774079,2.75375826887,14.9717971365
0,5.81965560154,2.7780521038,15.2080172621
0,5.86291460886,2.91099209136,14.7596123675
0,5.74486799008,2.7786382875,14.8311482919
0,5.88049010378,2.86943536161,15.0552734865
0,5.92881881543,2.9102600895,15.0927934047
0,5.77188049599,2.81159944522,14.8014050333
0,5.72520575685,2.71013083765,15.0753743714
0,5.79229099096,2.78160331561,15.0534381524
0,5.85351641399,2.82950155894,15.1200740499
0,5.94521900474,2.88380686056,15.3070604928
0,5.628207444,2.65060854096,14.8879942933
0,5.91283015553,2.81212585575,15.5035212679
0,5.83067370124,2.83011293768,15.0028035942
0,5.89676486716,2.89918589676,14.9878946287
0,5.73654844012,2.75455897973,14.9099470797
0,5.70138566917,2.75250127726,14.7444217399
0,5.74801464005,2.79804232923,14.7498613343
0,5.90153690459,2.96483977113,14.6834854485
0,5.85115075005,2.91086678224,14.70141962
0,5.89880474084,2.92289814827,14.8795327411
0,5.98703755102,3.00213688987,14.9245030834
0,5.95845871917,3.01495595227,14.7175136152
0,6.02330531585,3.08489499218,14.6920513994
0,6.11569507114,3.17492978959,14.7038261886
0,6.15703983726,3.18545473601,14.8579252849
0,6.13103736748,3.13727837869,14.9687947209
0,6.0916001715,3.11464915641,14.8847548536
0,6.16561261722,3.16718366716,14.9921445269
0,6.16110336128,3.16287226281,14.991155269
0,5.9838189887,3.01525701467,14.842809649
0,6.04563640542,3.06707138281,14.8928248911
0,6.12331137817,3.10351371141,15.0989881088
0,6.18843188843,3.21560770162,14.8641207126
0,6.25703324667,3.25482086761,15.0110616716
0,6.08036435356,3.10661929149,14.8687250888
0,6.00309839971,3.0335897294,14.8475431303
0,6.04866668297,3.06710730025,14.9077966914
0,6.21172119861,3.17126258163,15.2022928584
0,6.16540005552,3.16788659549,14.9875670768
0,5.96245243211,3.01607997843,14.7318620489
0,5.98319184721,3.05995418927,14.6161880719
0,6.13392398236,3.15331481117,14.9030456339
0,6.10731104314,3.17334163536,14.6698468203
0,6.17927786276,3.24745916274,14.6590932817
0,6.06235495175,3.15650541254,14.5292474796
0,6.05221927433,3.12982958619,14.611948223
0,6.2486893253,3.22534156149,15.1167385938
0,6.19070473063,3.2304883402,14.8010817316
0,6.30835978115,3.33856013592,14.8489980049
0,6.41184670013,3.47477708562,14.6853478537
0,6.06162964978,3.1761669936,14.4273130659
0,6.21785233945,3.25904731848,14.7940248844
0,6.16754540365,3.23908832976,14.6422851513
0,6.0557651151,3.14371308321,14.5602599425
0,5.94510935422,3.0535410182,14.4578414647
0,6.14568477892,3.15129584546,14.9719444442
0,6.16382126442,3.18183569568,14.9099276215
0,5.92020200909,2.9825285066,14.6883672936
0,5.78032500138,2.86543935339,14.5744280228
0,5.70771516873,2.82731375831,14.4020068375
0,5.77152209853,2.89328368212,14.3911918676
0,5.79950576641,2.85498212104,14.7226180075
0,5.81996069528,2.91370619946,14.5312722625
0,5.87630916148,2.95317592864,14.6156659464
0,5.9163721713,2.96933521802,14.7351845468
0,5.91616245619,3.02204705922,14.4705767692
0,5.75478052713,2.87068070834,14.4204988791
0,5.7420578534,2.83441453201,14.5382163903
0,5.75547619569,2.83906126995,14.5820744114
0,5.75449697198,2.84216086314,14.5616803272
0,5.85990942712,2.9013344281,14.7928747747
0,5.85619500969,2.9202975054,14.6794873027
0,5.77139671704,2.89455832004,14.3841917707
0,5.84617422646,2.95142251727,14.4737583303
0,5.97836676131,3.04011806372,14.691243269
0,5.9416611297,3.07574103695,14.3296002502
0,6.11291281606,3.12195022718,14.9548127216
0,5.87755273193,3.02876592067,14.243933844
0,5.87704045064,3.04033938101,14.1835051368
0,5.89995611848,3.02078544627,14.3958531466
0,5.92259177792,3.02890560992,14.4684306244
0,5.90191720592,2.95096833425,14.7547441385
0,5.67690044036,2.79504591668,14.4092724037
0,5.62406850554,2.7561936094,14.339374267
0,5.64938764638,2.7755259502,14.3693082668
0,5.82668886811,2.96126233898,14.3271324322
0,5.91244682525,2.9777096808,14.6736855036
0,5.6214988504,2.77683232351,14.2233324225
0,5.70489243553,2.84843052923,14.2823093187
0,5.66346328003,2.85308685881,14.0518818967
0,5.77102101604,2.91471712836,14.2815192256
0,5.85804113628,2.96107253476,14.4848427918
0,5.88300870647,3.03723129569,14.2288868419
0,5.947491517,3.05434106445,14.4657520472
0,5.91957918779,3.0681176429,14.257307512
0,5.93489175626,3.0841018982,14.2539490779
0,6.08760618094,3.18533266114,14.5113673828
0,5.98893666346,3.11184551267,14.3854555396
0,5.94079302403,3.10640094205,14.1719601987
0,6.00169018759,3.12500684725,14.3834164873
0,6.08598197103,3.24755612386,14.1921290244
0,5.93805384502,3.08888216885,14.2458581686
0,5.85935582289,3.04260117559,14.0837730266
0,5.81746160181,2.95496583564,14.3124786176
0,5.80948887316,2.98204769971,14.1372056566
0,5.83988898967,2.98556718666,14.2716088024
0,5.75360958415,2.8948896128,14.2935996438
0,5.73317583328,2.88718435406,14.229957184
0,5.64466357357,2.82602387529,14.0931982814
0,5.65365426356,2.79539741992,14.2912840052
0,40.8694180023,33.7957274986,35.3684519914
