epoch,loss,main_output_loss,mid_output_loss
0,91.4271555498,179.348827649,91.4271555498
0,69.505188354,179.348827649,69.505188354
0,65.8581978176,179.348827649,65.8581978176
0,65.1181908088,179.348827649,65.1181908088
0,64.6428329323,179.348827649,64.6428329323
0,64.0572676747,179.348827649,64.0572676747
0,63.237851752,179.348827649,63.237851752
0,64.0407217306,179.348827649,64.0407217306
0,63.0638947391,179.348827649,63.0638947391
0,62.9665027995,179.348827649,62.9665027995
0,62.354862131,179.348827649,62.354862131
0,62.1255409211,179.348827649,62.1255409211
0,62.6307985436,179.348827649,62.6307985436
0,62.3141307456,179.348827649,62.3141307456
0,62.2740469245,179.348827649,62.2740469245
0,62.2205110106,179.348827649,62.2205110106
0,62.0338664521,179.348827649,62.0338664521
0,61.8565656924,179.348827649,61.8565656924
0,61.7995218808,179.348827649,61.7995218808
0,61.5472610744,179.348827649,61.5472610744
0,61.9336799049,179.348827649,61.9336799049
0,61.4168042183,179.348827649,61.4168042183
0,61.4943831339,179.348827649,61.4943831339
0,61.5167642772,179.348827649,61.5167642772
0,61.3125309162,179.348827649,61.3125309162
0,61.3795839308,179.348827649,61.3795839308
0,61.3247267725,179.348827649,61.3247267725
0,61.34576215,179.348827649,61.34576215
0,61.3046691706,179.348827649,61.3046691706
0,61.3717141035,179.348827649,61.3717141035
0,60.9493260157,179.348827649,60.9493260157
0,60.9351264163,179.348827649,60.9351264163
0,60.8944834003,179.348827649,60.8944834003
0,61.1519025479,179.348827649,61.1519025479
0,61.0597839694,179.348827649,61.0597839694
0,61.1057933686,179.348827649,61.1057933686
0,61.0251094848,179.348827649,61.0251094848
0,60.5094377448,179.348827649,60.5094377448
0,60.4767916614,179.348827649,60.4767916614
0,59.993939923,179.348827649,59.993939923
0,61.3635478779,179.348827649,61.3635478779
0,59.4001567177,179.348827649,59.4001567177
0,60.0158245682,179.348827649,60.0158245682
0,58.9719658219,179.348827649,58.9719658219
0,58.3482718555,179.348827649,58.3482718555
0,58.3510226501,179.348827649,58.3510226501
0,56.8723510453,179.348827649,56.8723510453
0,57.6220774067,179.348827649,57.6220774067
0,56.1918374315,179.348827649,56.1918374315
0,55.2110448157,179.348827649,55.2110448157
0,54.7449320742,179.348827649,54.7449320742
0,54.7504994881,179.348827649,54.7504994881
0,56.6682915848,179.348827649,56.6682915848
0,54.6784824524,179.348827649,54.6784824524
0,53.8732119185,179.348827649,53.8732119185
0,54.8804342087,179.348827649,54.8804342087
0,53.2550096767,179.348827649,53.2550096767
0,53.1194365365,179.348827649,53.1194365365
0,52.7085608097,179.348827649,52.7085608097
0,52.6418728756,179.348827649,52.6418728756
0,52.6833513973,179.348827649,52.6833513973
0,52.5291396073,179.348827649,52.5291396073
0,53.4792269722,179.348827649,53.4792269722
0,52.1290575912,179.348827649,52.1290575912
0,52.3602895539,179.348827649,52.3602895539
0,51.9337187044,179.348827649,51.9337187044
0,51.8485284784,179.348827649,51.8485284784
0,53.0930760098,179.348827649,53.0930760098
0,54.7684036524,179.348827649,54.7684036524
0,51.8990310317,179.348827649,51.8990310317
0,51.1857266702,179.348827649,51.1857266702
0,51.2250794355,179.348827649,51.2250794355
0,51.289940804,179.348827649,51.289940804
0,50.6075560788,179.348827649,50.6075560788
0,51.3994574487,179.348827649,51.3994574487
0,50.8012537076,179.348827649,50.8012537076
0,50.8026780357,179.348827649,50.8026780357
0,50.5035351408,179.348827649,50.5035351408
0,50.2990667246,179.348827649,50.2990667246
0,50.7310510931,179.348827649,50.7310510931
0,49.963788659,179.348827649,49.963788659
0,50.248107423,179.348827649,50.248107423
0,50.0621021199,179.348827649,50.0621021199
0,50.3142575463,179.348827649,50.3142575463
0,49.5917956973,179.348827649,49.5917956973
0,49.5474848266,179.348827649,49.5474848266
0,49.816636561,179.348827649,49.816636561
0,49.4751086354,179.348827649,49.4751086354
0,49.5845207759,179.348827649,49.5845207759
0,49.6438661181,179.348827649,49.6438661181
0,49.3282762272,179.348827649,49.3282762272
0,49.3211783348,179.348827649,49.3211783348
0,49.107344708,179.348827649,49.107344708
0,49.2651536367,179.348827649,49.2651536367
0,49.0928062413,179.348827649,49.0928062413
0,48.9476076723,179.348827649,48.9476076723
0,49.0192419988,179.348827649,49.0192419988
0,49.0535950088,179.348827649,49.0535950088
0,48.9694597421,179.348827649,48.9694597421
0,48.6762938838,179.348827649,48.6762938838
0,48.8825287079,179.348827649,48.8825287079
0,49.046216291,179.348827649,49.046216291
0,48.8109066788,179.348827649,48.8109066788
0,48.4538913026,179.348827649,48.4538913026
0,48.5137098176,179.348827649,48.5137098176
0,48.4954738931,179.348827649,48.4954738931
0,48.4648215258,179.348827649,48.4648215258
0,48.3122001634,179.348827649,48.3122001634
0,48.3550929649,179.348827649,48.3550929649
0,48.1218191261,179.348827649,48.1218191261
0,48.6355726828,179.348827649,48.6355726828
0,48.2828958705,179.348827649,48.2828958705
0,47.9434440544,179.348827649,47.9434440544
0,47.9101096733,179.348827649,47.9101096733
0,47.8139093414,179.348827649,47.8139093414
0,48.0404284295,179.348827649,48.0404284295
0,48.0184032257,179.348827649,48.0184032257
0,47.7445257346,179.348827649,47.7445257346
0,47.5489261675,179.348827649,47.5489261675
0,47.6172820376,179.348827649,47.6172820376
0,47.433284123,179.348827649,47.433284123
0,47.4944965489,179.348827649,47.4944965489
0,47.398938204,179.348827649,47.398938204
0,47.5832848796,179.348827649,47.5832848796
0,47.6402731658,179.348827649,47.6402731658
0,47.4637902472,179.348827649,47.4637902472
0,47.4315981779,179.348827649,47.4315981779
0,47.1558731954,179.348827649,47.1558731954
0,46.7211053624,179.348827649,46.7211053624
0,47.2265903673,179.348827649,47.2265903673
0,47.067462226,179.348827649,47.067462226
0,46.8073444327,179.348827649,46.8073444327
0,47.4333829928,179.348827649,47.4333829928
0,46.6672914694,179.348827649,46.6672914694
0,46.5686300543,179.348827649,46.5686300543
0,46.8679334594,179.348827649,46.8679334594
0,46.0405440874,179.348827649,46.0405440874
0,46.5544462737,179.348827649,46.5544462737
0,46.5860038156,179.348827649,46.5860038156
0,46.169429506,179.348827649,46.169429506
0,46.2080133917,179.348827649,46.2080133917
0,45.9412023646,179.348827649,45.9412023646
0,46.5604810513,179.348827649,46.5604810513
0,45.7319826799,179.348827649,45.7319826799
0,45.6652060155,179.348827649,45.6652060155
0,46.3765915199,179.348827649,46.3765915199
0,45.6362128902,179.348827649,45.6362128902
0,45.4669985012,179.348827649,45.4669985012
0,45.6624208843,179.348827649,45.6624208843
0,45.1570404521,179.348827649,45.1570404521
0,45.6032628843,179.348827649,45.6032628843
0,45.3477850785,179.348827649,45.3477850785
0,45.4211734243,179.348827649,45.4211734243
0,45.0130413309,179.348827649,45.0130413309
0,45.5565595382,179.348827649,45.5565595382
0,45.1289291977,179.348827649,45.1289291977
0,44.9842638003,179.348827649,44.9842638003
0,44.420612741,179.348827649,44.420612741
0,45.0069909279,179.348827649,45.0069909279
0,44.6426174327,179.348827649,44.6426174327
0,44.3968997352,179.348827649,44.3968997352
0,43.761685142,179.348827649,43.761685142
0,43.7757887855,179.348827649,43.7757887855
0,44.0902788653,179.348827649,44.0902788653
0,44.2149120254,179.348827649,44.2149120254
0,43.8683932658,179.348827649,43.8683932658
0,43.6611921407,179.348827649,43.6611921407
0,43.3272232818,179.348827649,43.3272232818
0,43.4216996918,179.348827649,43.4216996918
0,43.281330105,179.348827649,43.281330105
0,42.9841403117,179.348827649,42.9841403117
0,42.6003146777,179.348827649,42.6003146777
0,42.5254410589,179.348827649,42.5254410589
0,43.7437633881,179.348827649,43.7437633881
0,42.9475697299,179.348827649,42.9475697299
0,42.5832844554,179.348827649,42.5832844554
0,42.1567344752,179.348827649,42.1567344752
0,42.3516056751,179.348827649,42.3516056751
0,42.2679479199,179.348827649,42.2679479199
0,42.3197640201,179.348827649,42.3197640201
0,41.6083415438,179.348827649,41.6083415438
0,41.7456798676,179.348827649,41.7456798676
0,41.3211730443,179.348827649,41.3211730443
0,41.87673981,179.348827649,41.87673981
0,41.4751117885,179.348827649,41.4751117885
0,41.8203660689,179.348827649,41.8203660689
0,40.8831847158,179.348827649,40.8831847158
0,41.7674785354,179.348827649,41.7674785354
0,41.5303173586,179.348827649,41.5303173586
0,41.5510752102,179.348827649,41.5510752102
0,40.9641857892,179.348827649,40.9641857892
0,43.4235031627,179.348827649,43.4235031627
0,40.9715013591,179.348827649,40.9715013591
0,43.8123186784,179.348827649,43.8123186784
0,41.627477132,179.348827649,41.627477132
0,40.5253562309,179.348827649,40.5253562309
0,40.7184402267,179.348827649,40.7184402267
0,45.9666368171,179.348827649,45.9666368171
0,44.8981751317,179.348827649,44.8981751317
0,42.9335817397,179.348827649,42.9335817397
0,41.8919410469,179.348827649,41.8919410469
0,41.1761528941,179.348827649,41.1761528941
0,39.8374978108,179.348827649,39.8374978108
0,40.1032178089,179.348827649,40.1032178089
0,40.129968817,179.348827649,40.129968817
0,40.9672099224,179.348827649,40.9672099224
0,41.4275187607,179.348827649,41.4275187607
0,39.9125238521,179.348827649,39.9125238521
0,47.2440454556,179.348827649,47.2440454556
0,46.1777350484,179.348827649,46.1777350484
0,44.1489540208,179.348827649,44.1489540208
0,43.142756321,179.348827649,43.142756321
0,42.0255923193,179.348827649,42.0255923193
0,40.9137057671,179.348827649,40.9137057671
0,40.5589772403,179.348827649,40.5589772403
0,40.5978515988,179.348827649,40.5978515988
0,40.1952847397,179.348827649,40.1952847397
0,39.8619790426,179.348827649,39.8619790426
0,38.4021529506,179.348827649,38.4021529506
0,38.4926219051,179.348827649,38.4926219051
0,40.628136237,179.348827649,40.628136237
0,38.3621749977,179.348827649,38.3621749977
0,37.704032187,179.348827649,37.704032187
0,36.9705959766,179.348827649,36.9705959766
0,36.3522087211,179.348827649,36.3522087211
0,37.1197605467,179.348827649,37.1197605467
0,36.8966100807,179.348827649,36.8966100807
0,36.7296302671,179.348827649,36.7296302671
0,35.026280077,179.348827649,35.026280077
0,35.5862433311,179.348827649,35.5862433311
0,35.0604447336,179.348827649,35.0604447336
0,34.0839217667,179.348827649,34.0839217667
0,34.3475431904,179.348827649,34.3475431904
0,33.4940796011,179.348827649,33.4940796011
0,32.8814419709,179.348827649,32.8814419709
0,33.8267302851,179.348827649,33.8267302851
0,33.4814923364,179.348827649,33.4814923364
0,33.6690193308,179.348827649,33.6690193308
0,33.6077845775,179.348827649,33.6077845775
0,32.6815647405,179.348827649,32.6815647405
0,32.1160546387,179.348827649,32.1160546387
0,31.8795740208,179.348827649,31.8795740208
0,31.947215498,179.348827649,31.947215498
0,33.9848662506,179.348827649,33.9848662506
0,34.824481408,179.348827649,34.824481408
0,31.8447306869,179.348827649,31.8447306869
0,31.0597753941,179.348827649,31.0597753941
0,30.5337253011,179.348827649,30.5337253011
0,30.5231666873,179.348827649,30.5231666873
0,29.8794269846,179.348827649,29.8794269846
0,30.835897286,179.348827649,30.835897286
0,30.4548303515,179.348827649,30.4548303515
0,30.0762272709,179.348827649,30.0762272709
0,30.1516391472,179.348827649,30.1516391472
0,29.6444769844,179.348827649,29.6444769844
0,29.0602252341,179.348827649,29.0602252341
0,30.3154478183,179.348827649,30.3154478183
0,28.7777878887,179.348827649,28.7777878887
0,28.8312753476,179.348827649,28.8312753476
0,28.2885730132,179.348827649,28.2885730132
0,28.4355367433,179.348827649,28.4355367433
0,27.9869322029,179.348827649,27.9869322029
0,27.7536289445,179.348827649,27.7536289445
0,29.3356682001,179.348827649,29.3356682001
0,31.3311653114,179.348827649,31.3311653114
0,28.460351248,179.348827649,28.460351248
0,27.2033652238,179.348827649,27.2033652238
0,26.8475369007,179.348827649,26.8475369007
0,26.3914804665,179.348827649,26.3914804665
0,25.7988220802,179.348827649,25.7988220802
0,26.0503558024,179.348827649,26.0503558024
0,25.4390349613,179.348827649,25.4390349613
0,26.1569252118,179.348827649,26.1569252118
0,25.20212535,179.348827649,25.20212535
0,25.3349556251,179.348827649,25.3349556251
0,25.5240575833,179.348827649,25.5240575833
0,24.8459890678,179.348827649,24.8459890678
0,24.5334064102,179.348827649,24.5334064102
0,24.533380992,179.348827649,24.533380992
0,23.8933308063,179.348827649,23.8933308063
0,23.900188392,179.348827649,23.900188392
0,24.5922216438,179.348827649,24.5922216438
0,23.7200667201,179.348827649,23.7200667201
0,23.7104294098,179.348827649,23.7104294098
0,23.8574546408,179.348827649,23.8574546408
0,23.09258746,179.348827649,23.09258746
0,23.5152383467,179.348827649,23.5152383467
0,23.0234849225,179.348827649,23.0234849225
0,23.8515682123,179.348827649,23.8515682123
0,22.9275012089,179.348827649,22.9275012089
0,23.7809883172,179.348827649,23.7809883172
0,23.7516819624,179.348827649,23.7516819624
0,23.8454307311,179.348827649,23.8454307311
0,22.6837658551,179.348827649,22.6837658551
0,22.3691849254,179.348827649,22.3691849254
0,22.3838448967,179.348827649,22.3838448967
0,21.9227328856,179.348827649,21.9227328856
0,21.6941657062,179.348827649,21.6941657062
0,21.6545104268,179.348827649,21.6545104268
0,21.8916594509,179.348827649,21.8916594509
0,21.8264610212,179.348827649,21.8264610212
0,21.6034355123,179.348827649,21.6034355123
0,21.8252884478,179.348827649,21.8252884478
0,21.0525062602,179.348827649,21.0525062602
0,20.9696701522,179.348827649,20.9696701522
0,21.1020607736,179.348827649,21.1020607736
0,21.3273420936,179.348827649,21.3273420936
0,20.9060040553,179.348827649,20.9060040553
0,20.3085110146,179.348827649,20.3085110146
0,20.4581144153,179.348827649,20.4581144153
0,20.4883375438,179.348827649,20.4883375438
0,20.3765541452,179.348827649,20.3765541452
0,20.4349905349,179.348827649,20.4349905349
0,20.2965993461,179.348827649,20.2965993461
0,20.1752251161,179.348827649,20.1752251161
0,22.1555432895,179.348827649,22.1555432895
0,21.4315017977,179.348827649,21.4315017977
0,25.8685812227,179.348827649,25.8685812227
0,23.683641588,179.348827649,23.683641588
0,22.3099025486,179.348827649,22.3099025486
0,20.4493246909,179.348827649,20.4493246909
0,19.9938746142,179.348827649,19.9938746142
0,19.1860646791,179.348827649,19.1860646791
0,19.3247714704,179.348827649,19.3247714704
0,19.1424792447,179.348827649,19.1424792447
0,19.0966238108,179.348827649,19.0966238108
0,18.7441253588,179.348827649,18.7441253588
0,18.992097146,179.348827649,18.992097146
0,19.0951921077,179.348827649,19.0951921077
0,18.9873348416,179.348827649,18.9873348416
0,18.7236680593,179.348827649,18.7236680593
0,18.7754203232,179.348827649,18.7754203232
0,19.1202496374,179.348827649,19.1202496374
0,18.6338356934,179.348827649,18.6338356934
0,17.7847797022,179.348827649,17.7847797022
0,17.9637048877,179.348827649,17.9637048877
0,17.6647776407,179.348827649,17.6647776407
0,18.0213767215,179.348827649,18.0213767215
0,17.701482924,179.348827649,17.701482924
0,18.2290010279,179.348827649,18.2290010279
0,18.1785576248,179.348827649,18.1785576248
0,18.2240746919,179.348827649,18.2240746919
0,17.3310926987,179.348827649,17.3310926987
0,17.4252065147,179.348827649,17.4252065147
0,17.5983446216,179.348827649,17.5983446216
0,17.2120528252,179.348827649,17.2120528252
0,17.4083161979,179.348827649,17.4083161979
0,17.2370968705,179.348827649,17.2370968705
0,17.5066619,179.348827649,17.5066619
0,17.0350177122,179.348827649,17.0350177122
0,16.633387895,179.348827649,16.633387895
0,16.6447602231,179.348827649,16.6447602231
0,17.044451012,179.348827649,17.044451012
0,17.6917604607,179.348827649,17.6917604607
0,16.7748239987,179.348827649,16.7748239987
0,17.5699113545,179.348827649,17.5699113545
0,16.6345158422,179.348827649,16.6345158422
0,16.5419819944,179.348827649,16.5419819944
0,17.7950519651,179.348827649,17.7950519651
0,18.0243665225,179.348827649,18.0243665225
0,17.0773678296,179.348827649,17.0773678296
0,16.8070520152,179.348827649,16.8070520152
0,16.0163601184,179.348827649,16.0163601184
0,16.1678332552,179.348827649,16.1678332552
0,16.1366043807,179.348827649,16.1366043807
0,15.9469711178,179.348827649,15.9469711178
0,15.8085918942,179.348827649,15.8085918942
0,15.690918711,179.348827649,15.690918711
0,16.1762877988,179.348827649,16.1762877988
0,15.9182431961,179.348827649,15.9182431961
0,16.0073238549,179.348827649,16.0073238549
0,15.8263791017,179.348827649,15.8263791017
0,15.1480375387,179.348827649,15.1480375387
0,15.4891812306,179.348827649,15.4891812306
0,15.3807422807,179.348827649,15.3807422807
0,15.5192172416,179.348827649,15.5192172416
0,15.6800520613,179.348827649,15.6800520613
0,15.9469362626,179.348827649,15.9469362626
0,15.1453743355,179.348827649,15.1453743355
0,15.0635305927,179.348827649,15.0635305927
0,15.2514017964,179.348827649,15.2514017964
0,14.9851509717,179.348827649,14.9851509717
0,14.9569769888,179.348827649,14.9569769888
0,15.3130372998,179.348827649,15.3130372998
0,15.0804739369,179.348827649,15.0804739369
0,14.8696150045,179.348827649,14.8696150045
0,15.0588878856,179.348827649,15.0588878856
0,15.0953141075,179.348827649,15.0953141075
0,14.6880783429,179.348827649,14.6880783429
0,14.7856539703,179.348827649,14.7856539703
0,14.6713829662,179.348827649,14.6713829662
0,14.6007105902,179.348827649,14.6007105902
0,14.2243679684,179.348827649,14.2243679684
0,14.4508178597,179.348827649,14.4508178597
0,14.3854305942,179.348827649,14.3854305942
0,13.955973774,179.348827649,13.955973774
0,14.2625975421,179.348827649,14.2625975421
0,14.5372589095,179.348827649,14.5372589095
0,14.4919821546,179.348827649,14.4919821546
0,14.4290470079,179.348827649,14.4290470079
0,14.2205895493,179.348827649,14.2205895493
0,14.3102676884,179.348827649,14.3102676884
0,13.9630147757,179.348827649,13.9630147757
0,13.9769681652,179.348827649,13.9769681652
0,13.8935583525,179.348827649,13.8935583525
0,13.5520680915,179.348827649,13.5520680915
0,13.6708953295,179.348827649,13.6708953295
0,13.519295135,179.348827649,13.519295135
0,13.9066878509,179.348827649,13.9066878509
0,13.6920078257,179.348827649,13.6920078257
0,13.6091814495,179.348827649,13.6091814495
0,13.4276343742,179.348827649,13.4276343742
0,13.3524819961,179.348827649,13.3524819961
0,13.4146187555,179.348827649,13.4146187555
0,13.3549960793,179.348827649,13.3549960793
0,12.806311127,179.348827649,12.806311127
0,13.5239213978,179.348827649,13.5239213978
0,13.334581733,179.348827649,13.334581733
0,13.2831984127,179.348827649,13.2831984127
0,13.2577536128,179.348827649,13.2577536128
0,13.2098144986,179.348827649,13.2098144986
0,13.0871045471,179.348827649,13.0871045471
0,14.153959596,179.348827649,14.153959596
0,13.3862999576,179.348827649,13.3862999576
0,13.209790826,179.348827649,13.209790826
0,13.3868959959,179.348827649,13.3868959959
0,12.8032882466,179.348827649,12.8032882466
0,12.8956516229,179.348827649,12.8956516229
0,12.9202452956,179.348827649,12.9202452956
0,12.9217837103,179.348827649,12.9217837103
0,12.7752519577,179.348827649,12.7752519577
0,12.5699806712,179.348827649,12.5699806712
0,12.5706821579,179.348827649,12.5706821579
0,12.5184620553,179.348827649,12.5184620553
0,13.9392269068,179.348827649,13.9392269068
0,12.9388386145,179.348827649,12.9388386145
0,12.2498365994,179.348827649,12.2498365994
0,12.1058628313,179.348827649,12.1058628313
0,12.1766929614,179.348827649,12.1766929614
0,12.6260176137,179.348827649,12.6260176137
0,12.3380891911,179.348827649,12.3380891911
0,12.2336372098,179.348827649,12.2336372098
0,11.9766971407,179.348827649,11.9766971407
0,12.2965969055,179.348827649,12.2965969055
0,12.6584278427,179.348827649,12.6584278427
0,12.098732653,179.348827649,12.098732653
0,12.0351382218,179.348827649,12.0351382218
0,12.1077557226,179.348827649,12.1077557226
0,12.4100245526,179.348827649,12.4100245526
0,12.2346514953,179.348827649,12.2346514953
0,11.9188575501,179.348827649,11.9188575501
0,11.6815732601,179.348827649,11.6815732601
0,12.1546399203,179.348827649,12.1546399203
0,11.7046181857,179.348827649,11.7046181857
0,11.990663626,179.348827649,11.990663626
0,11.9083913157,179.348827649,11.9083913157
0,11.7493585282,179.348827649,11.7493585282
0,11.5528445353,179.348827649,11.5528445353
0,11.4237813067,179.348827649,11.4237813067
0,11.4524536953,179.348827649,11.4524536953
0,11.7402290673,179.348827649,11.7402290673
0,11.9261763781,179.348827649,11.9261763781
0,11.9965710329,179.348827649,11.9965710329
0,11.6798342834,179.348827649,11.6798342834
0,11.4756441243,179.348827649,11.4756441243
0,11.3546596994,179.348827649,11.3546596994
0,11.0841619986,179.348827649,11.0841619986
0,11.4991306767,179.348827649,11.4991306767
0,11.3741136978,179.348827649,11.3741136978
0,11.2440849923,179.348827649,11.2440849923
0,11.2802437221,179.348827649,11.2802437221
0,11.3399456145,179.348827649,11.3399456145
0,11.2903952125,179.348827649,11.2903952125
0,11.5095324578,179.348827649,11.5095324578
0,11.309181007,179.348827649,11.309181007
0,11.2739924689,179.348827649,11.2739924689
0,11.2060777073,179.348827649,11.2060777073
0,11.0615068334,179.348827649,11.0615068334
0,10.8221024308,179.348827649,10.8221024308
0,11.0222592855,179.348827649,11.0222592855
0,11.3462769059,179.348827649,11.3462769059
0,10.9605601439,179.348827649,10.9605601439
0,11.0107127907,179.348827649,11.0107127907
0,11.2033615067,179.348827649,11.2033615067
0,10.9778935793,179.348827649,10.9778935793
0,10.827747399,179.348827649,10.827747399
0,10.8407621757,179.348827649,10.8407621757
0,10.6029175402,179.348827649,10.6029175402
0,11.1474359355,179.348827649,11.1474359355
0,10.8243520295,179.348827649,10.8243520295
0,10.8160557632,179.348827649,10.8160557632
0,10.5049464192,179.348827649,10.5049464192
0,10.6053385827,179.348827649,10.6053385827
0,10.6779183929,179.348827649,10.6779183929
0,10.9036180552,179.348827649,10.9036180552
0,10.4891950002,179.348827649,10.4891950002
0,10.5948401054,179.348827649,10.5948401054
0,10.5445118328,179.348827649,10.5445118328
0,10.6174350843,179.348827649,10.6174350843
0,10.5995924126,179.348827649,10.5995924126
0,10.3257306569,179.348827649,10.3257306569
0,10.2589188939,179.348827649,10.2589188939
0,10.2837031548,179.348827649,10.2837031548
0,10.3441769943,179.348827649,10.3441769943
0,10.5467862479,179.348827649,10.5467862479
0,10.8506698142,179.348827649,10.8506698142
0,10.6496080319,179.348827649,10.6496080319
0,10.6027407303,179.348827649,10.6027407303
0,10.3079401734,179.348827649,10.3079401734
0,10.3340920973,179.348827649,10.3340920973
0,10.1768759962,179.348827649,10.1768759962
0,9.95308194131,179.348827649,9.95308194131
0,10.3920390039,179.348827649,10.3920390039
0,10.7288984627,179.348827649,10.7288984627
0,10.0774968365,179.348827649,10.0774968365
0,10.2745552137,179.348827649,10.2745552137
0,10.3000964941,179.348827649,10.3000964941
0,9.93801486158,179.348827649,9.93801486158
0,10.2222062466,179.348827649,10.2222062466
0,9.91553428759,179.348827649,9.91553428759
0,9.90857673324,179.348827649,9.90857673324
0,10.1446641604,179.348827649,10.1446641604
0,9.90970885378,179.348827649,9.90970885378
0,9.86420149368,179.348827649,9.86420149368
0,9.96790500817,179.348827649,9.96790500817
0,9.91118199459,179.348827649,9.91118199459
0,10.1930221222,179.348827649,10.1930221222
0,9.9483478822,179.348827649,9.9483478822
0,9.83297594314,179.348827649,9.83297594314
0,10.124054617,179.348827649,10.124054617
0,9.96477009173,179.348827649,9.96477009173
0,9.60471890636,179.348827649,9.60471890636
0,9.71280030294,179.348827649,9.71280030294
0,9.81087424413,179.348827649,9.81087424413
0,9.66571820613,179.348827649,9.66571820613
0,9.60366959331,179.348827649,9.60366959331
0,9.59024041063,179.348827649,9.59024041063
0,10.0136713639,179.348827649,10.0136713639
0,9.57422352281,179.348827649,9.57422352281
0,9.76592385094,179.348827649,9.76592385094
0,9.56196180418,179.348827649,9.56196180418
0,9.43710767849,179.348827649,9.43710767849
0,9.66632489295,179.348827649,9.66632489295
0,9.5110751399,179.348827649,9.5110751399
0,9.55957476759,179.348827649,9.55957476759
0,9.38008106038,179.348827649,9.38008106038
0,9.42485222859,179.348827649,9.42485222859
0,9.27100133517,179.348827649,9.27100133517
0,9.29235760154,179.348827649,9.29235760154
0,9.34290162291,179.348827649,9.34290162291
0,9.452298578,179.348827649,9.452298578
0,9.36952276753,179.348827649,9.36952276753
0,9.2650339476,179.348827649,9.2650339476
0,9.34496326034,179.348827649,9.34496326034
0,9.14299268836,179.348827649,9.14299268836
0,9.30636701024,179.348827649,9.30636701024
0,9.10965189549,179.348827649,9.10965189549
0,9.21280079085,179.348827649,9.21280079085
0,9.0119102431,179.348827649,9.0119102431
0,9.14588567218,179.348827649,9.14588567218
0,8.8998815634,179.348827649,8.8998815634
0,9.06799164962,179.348827649,9.06799164962
0,9.31921617423,179.348827649,9.31921617423
0,8.94881579918,179.348827649,8.94881579918
0,8.91639834638,179.348827649,8.91639834638
0,9.322808718,179.348827649,9.322808718
0,8.96623850082,179.348827649,8.96623850082
0,9.18549832922,179.348827649,9.18549832922
0,9.11162172053,179.348827649,9.11162172053
0,8.86905145394,179.348827649,8.86905145394
0,8.86730064814,179.348827649,8.86730064814
0,8.82396321184,179.348827649,8.82396321184
0,9.15257059261,179.348827649,9.15257059261
0,8.7882533054,179.348827649,8.7882533054
0,8.77004182197,179.348827649,8.77004182197
0,8.89151766524,179.348827649,8.89151766524
0,8.75690612497,179.348827649,8.75690612497
0,8.79476288374,179.348827649,8.79476288374
0,8.61471048895,179.348827649,8.61471048895
0,8.8146668095,179.348827649,8.8146668095
0,8.6130371772,179.348827649,8.6130371772
0,8.59638259547,179.348827649,8.59638259547
0,9.07662103382,179.348827649,9.07662103382
0,8.71377033286,179.348827649,8.71377033286
0,8.70140240097,179.348827649,8.70140240097
0,8.78100846815,179.348827649,8.78100846815
0,8.69586109833,179.348827649,8.69586109833
0,8.58829878085,179.348827649,8.58829878085
0,8.81049089659,179.348827649,8.81049089659
0,8.38402230307,179.348827649,8.38402230307
0,8.46777282786,179.348827649,8.46777282786
0,8.70082289679,179.348827649,8.70082289679
0,8.57151106775,179.348827649,8.57151106775
0,8.43403618974,179.348827649,8.43403618974
0,8.53333555634,179.348827649,8.53333555634
0,8.47533411598,179.348827649,8.47533411598
0,8.31196208604,179.348827649,8.31196208604
0,8.34960974835,179.348827649,8.34960974835
0,8.25075738288,179.348827649,8.25075738288
0,8.24648464009,179.348827649,8.24648464009
0,8.23122737896,179.348827649,8.23122737896
0,8.37453086687,179.348827649,8.37453086687
0,8.36761894175,179.348827649,8.36761894175
0,8.23695117043,179.348827649,8.23695117043
0,8.35608809544,179.348827649,8.35608809544
0,8.15408010896,179.348827649,8.15408010896
0,8.1139570633,179.348827649,8.1139570633
0,8.43040487764,179.348827649,8.43040487764
0,8.38994593582,179.348827649,8.38994593582
0,8.18772669949,179.348827649,8.18772669949
0,8.33273022937,179.348827649,8.33273022937
0,8.13591907971,179.348827649,8.13591907971
0,8.30446719229,179.348827649,8.30446719229
0,8.10663193533,179.348827649,8.10663193533
0,8.04864857994,179.348827649,8.04864857994
0,7.9770330929,179.348827649,7.9770330929
0,8.08716821492,179.348827649,8.08716821492
0,8.1428307295,179.348827649,8.1428307295
0,8.24221695272,179.348827649,8.24221695272
0,8.26792762801,179.348827649,8.26792762801
0,7.87284148926,179.348827649,7.87284148926
0,8.11592997675,179.348827649,8.11592997675
0,8.25777113173,179.348827649,8.25777113173
0,7.84305135299,179.348827649,7.84305135299
0,7.76808944757,179.348827649,7.76808944757
0,8.02012069551,179.348827649,8.02012069551
0,8.15424562174,179.348827649,8.15424562174
0,7.95600097548,179.348827649,7.95600097548
0,7.93050273806,179.348827649,7.93050273806
0,7.99985447163,179.348827649,7.99985447163
0,7.8333909571,179.348827649,7.8333909571
0,7.86823447799,179.348827649,7.86823447799
0,7.90776568578,179.348827649,7.90776568578
0,7.83607604268,179.348827649,7.83607604268
0,7.64725163864,179.348827649,7.64725163864
0,7.85590825877,179.348827649,7.85590825877
0,7.87449241058,179.348827649,7.87449241058
0,7.82755084418,179.348827649,7.82755084418
0,7.6796701137,179.348827649,7.6796701137
0,7.60976384366,179.348827649,7.60976384366
0,7.70055328133,179.348827649,7.70055328133
0,7.78587302888,179.348827649,7.78587302888
0,7.66846756444,179.348827649,7.66846756444
0,7.75303226121,179.348827649,7.75303226121
0,7.59054265927,179.348827649,7.59054265927
0,7.74617938986,179.348827649,7.74617938986
0,7.74834623092,179.348827649,7.74834623092
0,7.73025086682,179.348827649,7.73025086682
0,7.40595757867,179.348827649,7.40595757867
0,7.74577670507,179.348827649,7.74577670507
0,7.78078492999,179.348827649,7.78078492999
0,7.5203925939,179.348827649,7.5203925939
0,7.52505625254,179.348827649,7.52505625254
0,7.74842870249,179.348827649,7.74842870249
0,7.51986317932,179.348827649,7.51986317932
0,7.45248225974,179.348827649,7.45248225974
0,7.49060446138,179.348827649,7.49060446138
0,7.46328855238,179.348827649,7.46328855238
0,7.43863192023,179.348827649,7.43863192023
0,7.28395583354,179.348827649,7.28395583354
0,7.55951842671,179.348827649,7.55951842671
0,7.50292659254,179.348827649,7.50292659254
0,7.67875063971,179.348827649,7.67875063971
0,7.28154826587,179.348827649,7.28154826587
0,7.29935056941,179.348827649,7.29935056941
0,7.30437735469,179.348827649,7.30437735469
0,7.52627914065,179.348827649,7.52627914065
0,7.40332490118,179.348827649,7.40332490118
0,7.23221894423,179.348827649,7.23221894423
0,7.3351021019,179.348827649,7.3351021019
0,7.39488926132,179.348827649,7.39488926132
0,7.41728696769,179.348827649,7.41728696769
0,7.38647003534,179.348827649,7.38647003534
0,7.49498368618,179.348827649,7.49498368618
0,7.37484107695,179.348827649,7.37484107695
0,7.10565640864,179.348827649,7.10565640864
0,7.3368924854,179.348827649,7.3368924854
0,7.3851486725,179.348827649,7.3851486725
0,7.20464030631,179.348827649,7.20464030631
0,7.23901031763,179.348827649,7.23901031763
0,7.30933003185,179.348827649,7.30933003185
0,6.9793915421,179.348827649,6.9793915421
0,7.07506627026,179.348827649,7.07506627026
0,7.07171222585,179.348827649,7.07171222585
0,7.01462676887,179.348827649,7.01462676887
0,7.05326181667,179.348827649,7.05326181667
0,7.10426040696,179.348827649,7.10426040696
0,7.06031275944,179.348827649,7.06031275944
0,7.03131051101,179.348827649,7.03131051101
0,7.05794453791,179.348827649,7.05794453791
0,7.00473403955,179.348827649,7.00473403955
0,6.96889297392,179.348827649,6.96889297392
0,6.99317591889,179.348827649,6.99317591889
0,7.03991650491,179.348827649,7.03991650491
0,6.89302902406,179.348827649,6.89302902406
0,6.89208772738,179.348827649,6.89208772738
0,6.9514999186,179.348827649,6.9514999186
0,7.04263524517,179.348827649,7.04263524517
0,6.95696622302,179.348827649,6.95696622302
0,6.91111389541,179.348827649,6.91111389541
0,6.80842023642,179.348827649,6.80842023642
0,6.85203568384,179.348827649,6.85203568384
0,6.97278597118,179.348827649,6.97278597118
0,6.99246298231,179.348827649,6.99246298231
0,6.9925643602,179.348827649,6.9925643602
0,6.70471946478,179.348827649,6.70471946478
0,6.88068953339,179.348827649,6.88068953339
0,6.90185393707,179.348827649,6.90185393707
0,6.95276816209,179.348827649,6.95276816209
0,6.68051975511,179.348827649,6.68051975511
0,6.74805253717,179.348827649,6.74805253717
0,6.77205429133,179.348827649,6.77205429133
0,6.73301203913,179.348827649,6.73301203913
0,6.73143579217,179.348827649,6.73143579217
0,6.81199432569,179.348827649,6.81199432569
0,6.83933793882,179.348827649,6.83933793882
0,6.70174571581,179.348827649,6.70174571581
0,6.713652067,179.348827649,6.713652067
0,6.76699853885,179.348827649,6.76699853885
0,6.51442535103,179.348827649,6.51442535103
0,6.76169259319,179.348827649,6.76169259319
0,6.50355137048,179.348827649,6.50355137048
0,6.5192015212,179.348827649,6.5192015212
0,6.73432608064,179.348827649,6.73432608064
0,6.83507067394,179.348827649,6.83507067394
0,6.79236939127,179.348827649,6.79236939127
0,6.61992195445,179.348827649,6.61992195445
0,6.57385981549,179.348827649,6.57385981549
0,6.47208097145,179.348827649,6.47208097145
0,6.51838214672,179.348827649,6.51838214672
0,6.51923362344,179.348827649,6.51923362344
0,6.50717983734,179.348827649,6.50717983734
0,6.42173616989,179.348827649,6.42173616989
0,6.49999059898,179.348827649,6.49999059898
0,6.37804758879,179.348827649,6.37804758879
0,6.53075197376,179.348827649,6.53075197376
0,6.47048092411,179.348827649,6.47048092411
0,6.27369086127,179.348827649,6.27369086127
0,6.22695079209,179.348827649,6.22695079209
0,6.24570161281,179.348827649,6.24570161281
0,6.25000880919,179.348827649,6.25000880919
0,6.17099966163,179.348827649,6.17099966163
0,6.32650716484,179.348827649,6.32650716484
0,6.27669957256,179.348827649,6.27669957256
0,6.52207899423,179.348827649,6.52207899423
0,6.29532870366,179.348827649,6.29532870366
0,6.22165310369,179.348827649,6.22165310369
0,6.20434503945,179.348827649,6.20434503945
0,6.22807898798,179.348827649,6.22807898798
0,6.06158930193,179.348827649,6.06158930193
0,5.91092018167,179.348827649,5.91092018167
0,6.12267536016,179.348827649,6.12267536016
0,6.01495515055,179.348827649,6.01495515055
0,6.17462216192,179.348827649,6.17462216192
0,6.21380141931,179.348827649,6.21380141931
0,6.30717609531,179.348827649,6.30717609531
0,6.19046728064,179.348827649,6.19046728064
0,5.93760088378,179.348827649,5.93760088378
0,6.15167196957,179.348827649,6.15167196957
0,6.12107482771,179.348827649,6.12107482771
0,5.97297986931,179.348827649,5.97297986931
0,6.0961792036,179.348827649,6.0961792036
0,6.06399230642,179.348827649,6.06399230642
0,5.95000167353,179.348827649,5.95000167353
0,5.96683171585,179.348827649,5.96683171585
0,6.14074814811,179.348827649,6.14074814811
0,5.90363061282,179.348827649,5.90363061282
0,5.85473573878,179.348827649,5.85473573878
0,6.07859165826,179.348827649,6.07859165826
0,6.19513344309,179.348827649,6.19513344309
0,6.09356277679,179.348827649,6.09356277679
0,6.13377745136,179.348827649,6.13377745136
0,6.06707628889,179.348827649,6.06707628889
0,5.91971537468,179.348827649,5.91971537468
0,5.93482640297,179.348827649,5.93482640297
0,5.88300130169,179.348827649,5.88300130169
0,5.93252148652,179.348827649,5.93252148652
0,5.88750554545,179.348827649,5.88750554545
0,5.86808700452,179.348827649,5.86808700452
0,5.83660882606,179.348827649,5.83660882606
0,5.93735361447,179.348827649,5.93735361447
0,5.86778537358,179.348827649,5.86778537358
0,5.86697764807,179.348827649,5.86697764807
0,5.9979174591,179.348827649,5.9979174591
0,5.87042151054,179.348827649,5.87042151054
0,5.79963534969,179.348827649,5.79963534969
0,6.00410085129,179.348827649,6.00410085129
0,5.77221832221,179.348827649,5.77221832221
0,6.03308338643,179.348827649,6.03308338643
0,5.8341975308,179.348827649,5.8341975308
0,5.52672695455,179.348827649,5.52672695455
0,5.54953904741,179.348827649,5.54953904741
0,5.80013663153,179.348827649,5.80013663153
0,5.65006914139,179.348827649,5.65006914139
0,5.6532101062,179.348827649,5.6532101062
0,5.90073405092,179.348827649,5.90073405092
0,5.81884031435,179.348827649,5.81884031435
0,5.75010677445,179.348827649,5.75010677445
0,5.91709527677,179.348827649,5.91709527677
0,5.9442079841,179.348827649,5.9442079841
0,5.68158517541,179.348827649,5.68158517541
0,5.68308103215,179.348827649,5.68308103215
0,5.60142801128,179.348827649,5.60142801128
0,5.55273359984,179.348827649,5.55273359984
0,5.88350527893,179.348827649,5.88350527893
0,5.63402636371,179.348827649,5.63402636371
0,5.45283647882,179.348827649,5.45283647882
0,5.53451694946,179.348827649,5.53451694946
0,5.55858839441,179.348827649,5.55858839441
0,5.69090691513,179.348827649,5.69090691513
0,5.67468399485,179.348827649,5.67468399485
0,5.46723115251,179.348827649,5.46723115251
0,5.40006575405,179.348827649,5.40006575405
0,5.49465480558,179.348827649,5.49465480558
0,6.45731929472,179.348827649,6.45731929472
0,6.86081997697,179.348827649,6.86081997697
0,6.20462098103,179.348827649,6.20462098103
0,6.18013623845,179.348827649,6.18013623845
0,5.98464678379,179.348827649,5.98464678379
0,5.85959015746,179.348827649,5.85959015746
0,5.76943353911,179.348827649,5.76943353911
0,5.75998415864,179.348827649,5.75998415864
0,5.79854761764,179.348827649,5.79854761764
0,5.62746340607,179.348827649,5.62746340607
0,5.58688970044,179.348827649,5.58688970044
0,5.6775941214,179.348827649,5.6775941214
0,5.42446025894,179.348827649,5.42446025894
0,5.40358639753,179.348827649,5.40358639753
0,5.63325668198,179.348827649,5.63325668198
0,5.52491213618,179.348827649,5.52491213618
0,5.55773404188,179.348827649,5.55773404188
0,5.53488893854,179.348827649,5.53488893854
0,5.73035618443,179.348827649,5.73035618443
0,5.55020362135,179.348827649,5.55020362135
0,5.27624664573,179.348827649,5.27624664573
0,5.45991168995,179.348827649,5.45991168995
0,5.34127398835,179.348827649,5.34127398835
0,5.53352877409,179.348827649,5.53352877409
0,5.57505585033,179.348827649,5.57505585033
0,5.55859379003,179.348827649,5.55859379003
0,5.40182132213,179.348827649,5.40182132213
0,5.24147241718,179.348827649,5.24147241718
0,5.41729436288,179.348827649,5.41729436288
0,5.37536254254,179.348827649,5.37536254254
0,5.33387051471,179.348827649,5.33387051471
0,5.34604458578,179.348827649,5.34604458578
0,5.3053208715,179.348827649,5.3053208715
0,5.39092999565,179.348827649,5.39092999565
0,5.41145829639,179.348827649,5.41145829639
0,5.23219941135,179.348827649,5.23219941135
0,5.51508709078,179.348827649,5.51508709078
0,5.4266550811,179.348827649,5.4266550811
0,5.45991128054,179.348827649,5.45991128054
0,5.43474833324,179.348827649,5.43474833324
0,5.40478808341,179.348827649,5.40478808341
0,5.33345361424,179.348827649,5.33345361424
0,5.38116720618,179.348827649,5.38116720618
0,5.28874347771,179.348827649,5.28874347771
0,5.28193035039,179.348827649,5.28193035039
0,5.29159324728,179.348827649,5.29159324728
0,5.23458110351,179.348827649,5.23458110351
0,5.17443774747,179.348827649,5.17443774747
0,5.31327310051,179.348827649,5.31327310051
0,5.42848502541,179.348827649,5.42848502541
0,5.36098334096,179.348827649,5.36098334096
0,5.22706605303,179.348827649,5.22706605303
0,5.112771121,179.348827649,5.112771121
0,5.36781535675,179.348827649,5.36781535675
0,5.25703095097,179.348827649,5.25703095097
0,5.17200837772,179.348827649,5.17200837772
0,5.33761542938,179.348827649,5.33761542938
0,5.14226648457,179.348827649,5.14226648457
0,5.29958376092,179.348827649,5.29958376092
0,5.38697204399,179.348827649,5.38697204399
0,5.31819011088,179.348827649,5.31819011088
0,5.29512102861,179.348827649,5.29512102861
0,5.27924733081,179.348827649,5.27924733081
0,5.41797406017,179.348827649,5.41797406017
0,5.14462646715,179.348827649,5.14462646715
0,5.19342705237,179.348827649,5.19342705237
0,5.18771687464,179.348827649,5.18771687464
0,5.09621978657,179.348827649,5.09621978657
0,5.43647753279,179.348827649,5.43647753279
0,5.2277679154,179.348827649,5.2277679154
0,5.021306108,179.348827649,5.021306108
0,5.13705897609,179.348827649,5.13705897609
0,5.17351677405,179.348827649,5.17351677405
0,5.2792530657,179.348827649,5.2792530657
0,5.25384079135,179.348827649,5.25384079135
0,5.27381056057,179.348827649,5.27381056057
0,5.19225201765,179.348827649,5.19225201765
0,5.23545828891,179.348827649,5.23545828891
0,5.25795269396,179.348827649,5.25795269396
0,5.12730216418,179.348827649,5.12730216418
0,5.17786898514,179.348827649,5.17786898514
0,5.2186570433,179.348827649,5.2186570433
0,5.25934124834,179.348827649,5.25934124834
0,5.24780532707,179.348827649,5.24780532707
0,5.30884499415,179.348827649,5.30884499415
0,5.20422257424,179.348827649,5.20422257424
0,5.37767024111,179.348827649,5.37767024111
0,5.27761019576,179.348827649,5.27761019576
0,5.31785630716,179.348827649,5.31785630716
0,5.13210106134,179.348827649,5.13210106134
0,5.20462748438,179.348827649,5.20462748438
0,5.17336327707,179.348827649,5.17336327707
0,5.24205294232,179.348827649,5.24205294232
0,5.36092935967,179.348827649,5.36092935967
0,5.13627586852,179.348827649,5.13627586852
0,5.3373977682,179.348827649,5.3373977682
0,5.19698889341,179.348827649,5.19698889341
0,5.19270361607,179.348827649,5.19270361607
0,5.23460244994,179.348827649,5.23460244994
0,5.12096078851,179.348827649,5.12096078851
0,5.26934228753,179.348827649,5.26934228753
0,5.24011480164,179.348827649,5.24011480164
0,5.08695823116,179.348827649,5.08695823116
0,5.16364050422,179.348827649,5.16364050422
0,5.27456640414,179.348827649,5.27456640414
0,5.1636638939,179.348827649,5.1636638939
0,5.13173244806,179.348827649,5.13173244806
0,5.09041420975,179.348827649,5.09041420975
0,5.1717129316,179.348827649,5.1717129316
0,5.07846994303,179.348827649,5.07846994303
0,5.11130182691,179.348827649,5.11130182691
0,5.30586997067,179.348827649,5.30586997067
0,5.2598129472,179.348827649,5.2598129472
0,5.12345239835,179.348827649,5.12345239835
0,5.20759943744,179.348827649,5.20759943744
0,5.22462398554,179.348827649,5.22462398554
0,5.11767393135,179.348827649,5.11767393135
0,5.2015232449,179.348827649,5.2015232449
0,5.54814157347,179.348827649,5.54814157347
0,5.65269300078,179.348827649,5.65269300078
0,5.40950044565,179.348827649,5.40950044565
0,5.44160152679,179.348827649,5.44160152679
0,5.41991720559,179.348827649,5.41991720559
0,5.61918750811,179.348827649,5.61918750811
0,5.35935204278,179.348827649,5.35935204278
0,5.27766093879,179.348827649,5.27766093879
0,5.24316908946,179.348827649,5.24316908946
0,5.27815111988,179.348827649,5.27815111988
0,5.38084411797,179.348827649,5.38084411797
0,5.36670545036,179.348827649,5.36670545036
0,5.28033384446,179.348827649,5.28033384446
0,5.28479033079,179.348827649,5.28479033079
0,5.32503940194,179.348827649,5.32503940194
0,5.52991455522,179.348827649,5.52991455522
0,5.29742331816,179.348827649,5.29742331816
0,5.30951553265,179.348827649,5.30951553265
0,5.33148855025,179.348827649,5.33148855025
0,5.33831255499,179.348827649,5.33831255499
0,5.2297749842,179.348827649,5.2297749842
0,5.34364386344,179.348827649,5.34364386344
0,5.24551045477,179.348827649,5.24551045477
0,5.47960334465,179.348827649,5.47960334465
0,5.43689036962,179.348827649,5.43689036962
0,5.57508182049,179.348827649,5.57508182049
0,5.55345023525,179.348827649,5.55345023525
0,6.01600724589,179.348827649,6.01600724589
0,5.87658874468,179.348827649,5.87658874468
0,5.64089287059,179.348827649,5.64089287059
0,5.79960942127,179.348827649,5.79960942127
0,5.68398292934,179.348827649,5.68398292934
0,5.4595077628,179.348827649,5.4595077628
0,5.69279596186,179.348827649,5.69279596186
0,5.60019317051,179.348827649,5.60019317051
0,5.82871341436,179.348827649,5.82871341436
0,5.57026346137,179.348827649,5.57026346137
0,5.69527883074,179.348827649,5.69527883074
0,5.61717747913,179.348827649,5.61717747913
0,5.92603083433,179.348827649,5.92603083433
0,5.61027242501,179.348827649,5.61027242501
0,5.51844834652,179.348827649,5.51844834652
0,5.55891474206,179.348827649,5.55891474206
0,5.54334796434,179.348827649,5.54334796434
0,6.17067256639,179.348827649,6.17067256639
0,6.51929143212,179.348827649,6.51929143212
0,6.43268818868,179.348827649,6.43268818868
0,5.76481845265,179.348827649,5.76481845265
0,5.49693488595,179.348827649,5.49693488595
0,5.48571066769,179.348827649,5.48571066769
0,5.29247284962,179.348827649,5.29247284962
0,5.13379700538,179.348827649,5.13379700538
0,5.10682067408,179.348827649,5.10682067408
0,5.30183235078,179.348827649,5.30183235078
0,5.23290569849,179.348827649,5.23290569849
0,4.96736641903,179.348827649,4.96736641903
0,4.86677682914,179.348827649,4.86677682914
0,5.12296862685,179.348827649,5.12296862685
0,4.9531105797,179.348827649,4.9531105797
0,4.97503697145,179.348827649,4.97503697145
0,4.92318350505,179.348827649,4.92318350505
0,4.85926177144,179.348827649,4.85926177144
0,4.83564821678,179.348827649,4.83564821678
0,4.92174844851,179.348827649,4.92174844851
0,4.99525009661,179.348827649,4.99525009661
0,4.9015721277,179.348827649,4.9015721277
0,4.78307459696,179.348827649,4.78307459696
0,4.71036950535,179.348827649,4.71036950535
0,4.89708847501,179.348827649,4.89708847501
0,4.93469791635,179.348827649,4.93469791635
0,5.11290498318,179.348827649,5.11290498318
0,5.17807734036,179.348827649,5.17807734036
0,4.90588584925,179.348827649,4.90588584925
0,4.79607736085,179.348827649,4.79607736085
0,4.96230028851,179.348827649,4.96230028851
0,4.83244837335,179.348827649,4.83244837335
0,4.90124313296,179.348827649,4.90124313296
0,4.90220652435,179.348827649,4.90220652435
0,4.89389727252,179.348827649,4.89389727252
0,5.02023139844,179.348827649,5.02023139844
0,4.97641058505,179.348827649,4.97641058505
0,4.96027222247,179.348827649,4.96027222247
0,4.85813655442,179.348827649,4.85813655442
0,4.77846347306,179.348827649,4.77846347306
0,4.87247606552,179.348827649,4.87247606552
0,4.91325078173,179.348827649,4.91325078173
0,4.9624798407,179.348827649,4.9624798407
0,4.94304615237,179.348827649,4.94304615237
0,5.01068762892,179.348827649,5.01068762892
0,4.7739253789,179.348827649,4.7739253789
0,4.79942878283,179.348827649,4.79942878283
0,4.93605451592,179.348827649,4.93605451592
0,4.87699727868,179.348827649,4.87699727868
0,4.78146690178,179.348827649,4.78146690178
0,4.84756432171,179.348827649,4.84756432171
0,4.84534857016,179.348827649,4.84534857016
0,4.97513673441,179.348827649,4.97513673441
0,4.91578847857,179.348827649,4.91578847857
0,5.18699778653,179.348827649,5.18699778653
0,4.90846255139,179.348827649,4.90846255139
0,4.84220452508,179.348827649,4.84220452508
0,5.12920375542,179.348827649,5.12920375542
0,5.37815266004,179.348827649,5.37815266004
0,5.41597882525,179.348827649,5.41597882525
0,5.6177764423,179.348827649,5.6177764423
0,5.62665008973,179.348827649,5.62665008973
0,5.35614747076,179.348827649,5.35614747076
0,5.06380952612,179.348827649,5.06380952612
0,4.97570052113,179.348827649,4.97570052113
0,4.97928718763,179.348827649,4.97928718763
0,5.16582252096,179.348827649,5.16582252096
0,5.16936027185,179.348827649,5.16936027185
0,5.16212723067,179.348827649,5.16212723067
0,5.06842478097,179.348827649,5.06842478097
0,5.21506214377,179.348827649,5.21506214377
0,5.20230080212,179.348827649,5.20230080212
0,5.18538841567,179.348827649,5.18538841567
0,5.26396193604,179.348827649,5.26396193604
0,5.21626274081,179.348827649,5.21626274081
0,5.65713362815,179.348827649,5.65713362815
0,5.50547971679,179.348827649,5.50547971679
0,5.34465696542,179.348827649,5.34465696542
0,5.46343263941,179.348827649,5.46343263941
0,5.51287708148,179.348827649,5.51287708148
0,5.48987965533,179.348827649,5.48987965533
0,5.52779721536,179.348827649,5.52779721536
0,5.5964354375,179.348827649,5.5964354375
0,5.49204560082,179.348827649,5.49204560082
0,5.62104755958,179.348827649,5.62104755958
0,5.60649507153,179.348827649,5.60649507153
0,5.65105930136,179.348827649,5.65105930136
0,5.56933199691,179.348827649,5.56933199691
0,5.70370482519,179.348827649,5.70370482519
0,5.72444043391,179.348827649,5.72444043391
0,5.67618704604,179.348827649,5.67618704604
0,5.51998836969,179.348827649,5.51998836969
0,5.68984578187,179.348827649,5.68984578187
0,5.56842023164,179.348827649,5.56842023164
0,5.61655069511,179.348827649,5.61655069511
0,5.5873639028,179.348827649,5.5873639028
0,5.62112298036,179.348827649,5.62112298036
0,5.59894736522,179.348827649,5.59894736522
0,5.55736778271,179.348827649,5.55736778271
0,5.5525674009,179.348827649,5.5525674009
0,5.38927802296,179.348827649,5.38927802296
0,5.55565746274,179.348827649,5.55565746274
0,5.44090222655,179.348827649,5.44090222655
0,5.48770853612,179.348827649,5.48770853612
0,5.57967477125,179.348827649,5.57967477125
0,5.53506200871,179.348827649,5.53506200871
0,5.53240389452,179.348827649,5.53240389452
0,5.69630087434,179.348827649,5.69630087434
0,6.01453487351,179.348827649,6.01453487351
0,5.72798843908,179.348827649,5.72798843908
0,5.46502894195,179.348827649,5.46502894195
0,5.42512851617,179.348827649,5.42512851617
0,5.35454654458,179.348827649,5.35454654458
0,5.51389670181,179.348827649,5.51389670181
0,5.39173023486,179.348827649,5.39173023486
0,5.58458138056,179.348827649,5.58458138056
0,5.58088990727,179.348827649,5.58088990727
0,5.67646709,179.348827649,5.67646709
0,5.49964172561,179.348827649,5.49964172561
0,6.70139986277,179.348827649,6.70139986277
0,6.04394289016,179.348827649,6.04394289016
0,5.65862489163,179.348827649,5.65862489163
0,5.57452251502,179.348827649,5.57452251502
0,5.298380046,179.348827649,5.298380046
0,5.19767978743,179.348827649,5.19767978743
0,5.0474691395,179.348827649,5.0474691395
0,4.95256118556,179.348827649,4.95256118556
0,4.85995614306,179.348827649,4.85995614306
0,5.03550413568,179.348827649,5.03550413568
0,5.10584193212,179.348827649,5.10584193212
0,4.79258927585,179.348827649,4.79258927585
0,4.91912320977,179.348827649,4.91912320977
0,4.901071269,179.348827649,4.901071269
0,4.82139780301,179.348827649,4.82139780301
0,4.91546649128,179.348827649,4.91546649128
0,4.85249659601,179.348827649,4.85249659601
0,4.93079180067,179.348827649,4.93079180067
0,4.88636948118,179.348827649,4.88636948118
0,4.96904473599,179.348827649,4.96904473599
0,4.83347137505,179.348827649,4.83347137505
0,4.93016981037,179.348827649,4.93016981037
0,4.88016870049,179.348827649,4.88016870049
0,4.81467737381,179.348827649,4.81467737381
0,4.85528033664,179.348827649,4.85528033664
0,4.93274322756,179.348827649,4.93274322756
0,4.92740498474,179.348827649,4.92740498474
0,4.94650928417,179.348827649,4.94650928417
0,4.90353463809,179.348827649,4.90353463809
0,4.97690071245,179.348827649,4.97690071245
0,5.03912890824,179.348827649,5.03912890824
0,5.06317401487,179.348827649,5.06317401487
0,5.14856411671,179.348827649,5.14856411671
0,5.12040143621,179.348827649,5.12040143621
0,5.06435493856,179.348827649,5.06435493856
0,5.10716783692,179.348827649,5.10716783692
0,5.0395603572,179.348827649,5.0395603572
0,5.03661830234,179.348827649,5.03661830234
0,4.97716898097,179.348827649,4.97716898097
0,5.0546259803,179.348827649,5.0546259803
0,4.90170730983,179.348827649,4.90170730983
0,5.05212723454,179.348827649,5.05212723454
0,5.19300088248,179.348827649,5.19300088248
0,5.2526982497,179.348827649,5.2526982497
0,5.26106424283,179.348827649,5.26106424283
0,5.27023906255,179.348827649,5.27023906255
0,5.73768806382,179.348827649,5.73768806382
0,6.76235156866,179.348827649,6.76235156866
0,8.29682403101,179.348827649,8.29682403101
0,7.02680684345,179.348827649,7.02680684345
0,6.51915825697,179.348827649,6.51915825697
0,5.49357402605,179.348827649,5.49357402605
0,4.92251641935,179.348827649,4.92251641935
0,4.56843561272,179.348827649,4.56843561272
0,4.48178482816,179.348827649,4.48178482816
0,4.44530528084,179.348827649,4.44530528084
0,4.4140417018,179.348827649,4.4140417018
0,4.43057292365,179.348827649,4.43057292365
0,4.19828703854,179.348827649,4.19828703854
0,4.20479459517,179.348827649,4.20479459517
0,4.2083521758,179.348827649,4.2083521758
0,4.21691845939,179.348827649,4.21691845939
0,4.12560886269,179.348827649,4.12560886269
0,4.3110951389,179.348827649,4.3110951389
0,4.4251822046,179.348827649,4.4251822046
0,4.43048433195,179.348827649,4.43048433195
0,4.31370764162,179.348827649,4.31370764162
0,4.40363323577,179.348827649,4.40363323577
0,4.34377992081,179.348827649,4.34377992081
0,4.42259763015,179.348827649,4.42259763015
0,4.3703328902,179.348827649,4.3703328902
0,4.29867497573,179.348827649,4.29867497573
0,4.49732388165,179.348827649,4.49732388165
0,4.53548854882,179.348827649,4.53548854882
0,4.71808493542,179.348827649,4.71808493542
0,4.78747721861,179.348827649,4.78747721861
0,4.71930356825,179.348827649,4.71930356825
0,4.71774516692,179.348827649,4.71774516692
0,4.97469426237,179.348827649,4.97469426237
0,5.12518227585,179.348827649,5.12518227585
0,5.27119146796,179.348827649,5.27119146796
0,5.09853362015,179.348827649,5.09853362015
0,5.04549510364,179.348827649,5.04549510364
0,5.11952267175,179.348827649,5.11952267175
0,5.1897872189,179.348827649,5.1897872189
0,5.16162153186,179.348827649,5.16162153186
0,5.05888263989,179.348827649,5.05888263989
0,5.02786372019,179.348827649,5.02786372019
0,4.95390203142,179.348827649,4.95390203142
0,5.04648182497,179.348827649,5.04648182497
0,5.16507869177,179.348827649,5.16507869177
0,5.1721248075,179.348827649,5.1721248075
0,5.07341729144,179.348827649,5.07341729144
0,5.04986618147,179.348827649,5.04986618147
0,5.16715918067,179.348827649,5.16715918067
0,5.13588655784,179.348827649,5.13588655784
0,4.96416312409,179.348827649,4.96416312409
0,4.95933731565,179.348827649,4.95933731565
0,4.92935679771,179.348827649,4.92935679771
0,4.89928871825,179.348827649,4.89928871825
0,4.93022989459,179.348827649,4.93022989459
0,4.9807656205,179.348827649,4.9807656205
0,4.996085304,179.348827649,4.996085304
0,5.01260817451,179.348827649,5.01260817451
0,5.14748207464,179.348827649,5.14748207464
0,5.13538756189,179.348827649,5.13538756189
