epoch,generator_TD_Dense_0_loss,loss,model_1_loss,model_2_loss_1,model_2_loss_2
0,0.0392447140702,3.93910229214,0.085367002124,7.12856468166,6.24422852861
0,0.0885056590297,2.61315758424,0.105128090877,5.47041606447,3.7091801714
0,0.101863115703,2.49381126616,0.124473391673,5.45545298609,3.40493846364
0,0.118221715001,2.44149771774,0.134850013913,5.45115592225,3.259944527
0,0.130663769519,2.23400854975,0.142240449393,5.15381143111,2.87745180618
0,0.142025708042,1.92509870077,0.15004069565,4.7241372463,2.30865234946
0,0.141651252783,1.88807940445,0.154125461189,4.72238944914,2.2173524636
0,0.142613477804,1.86098548025,0.155561185211,4.71891640568,2.15039195102
0,0.155633813297,1.84177406386,0.160288742857,4.7166879666,2.09045729381
0,0.164363979744,1.82008281804,0.164925288388,4.71697686858,2.02735456216
0,0.163839963154,1.79714733095,0.167005755553,4.71664260226,1.97070699517
0,0.166270940654,1.77905757854,0.169798794685,4.7152135581,1.92376615925
0,0.167604586172,1.76246296217,0.173221174411,4.71403566529,1.88153491934
0,0.180335560727,1.75195636223,0.178198178603,4.71197688273,1.84356683733
0,0.178036316058,1.73364437099,0.181129103455,4.71089672541,1.80062618275
0,0.192239369334,1.73188518432,0.186283155775,4.70777452734,1.78358626239
0,0.18871020519,1.71595821351,0.186756072641,4.70789659341,1.74723696717
0,0.189153331418,1.70575875901,0.188085999727,4.70375242298,1.7233672903
0,0.194995459734,1.69990976782,0.190859939827,4.70434455526,1.70260661841
0,0.196017853299,1.69219817358,0.192931519527,4.70601692575,1.68146905412
0,0.190644640387,1.68364432395,0.193142832534,4.70410951046,1.66641135076
0,0.165560760696,1.66903668202,0.19684105995,4.71035667478,1.65185254399
0,0.163118353152,1.66024540805,0.198877891198,4.70534647298,1.63482186745
0,0.1633190916,1.65273211051,0.20216967653,4.70114488156,1.61793868153
0,0.166976568276,1.64689658229,0.204834761457,4.69747421798,1.60152771544
0,0.164848144332,1.64205499272,0.206586460352,4.70995661668,1.5853109667
0,0.172449530208,1.63434430568,0.208028587733,4.68865055013,1.56908589664
0,0.168915849182,1.62381814592,0.209854825477,4.68733061688,1.5469641452
0,0.168512750353,1.61541475721,0.21119445699,4.68457425508,1.52773695423
0,0.170705597875,1.60895521258,0.212043178267,4.68136304455,1.51100085114
0,0.173307537898,1.60168385005,0.213253638467,4.67931321178,1.49124542042
0,0.170142989664,1.59413450539,0.213239681656,4.68026510785,1.47506065908
0,0.17859620762,1.58877968162,0.214507519814,4.67589137822,1.45540724668
0,0.177475614286,1.5838050487,0.215160323998,4.67683000448,1.44362194541
0,0.179455950685,1.57971325857,0.219155132575,4.67272381677,1.43346522717
0,0.182592146312,1.57650627616,0.220104174357,4.67326140725,1.42204278086
0,0.182861859777,1.57262186223,0.221487901135,4.66956044327,1.41391251469
0,0.182796775056,1.56920419713,0.221800701002,4.67279524862,1.40381603391
0,0.182816682476,1.56444179759,0.223256800766,4.66503614776,1.39576967837
0,0.186536802304,1.56252245404,0.223805077093,4.66311847754,1.38821003482
0,0.187418155982,1.56153383907,0.225200233934,4.66640016352,1.38321630104
0,0.190733925082,1.5622476616,0.22706393889,4.67157847777,1.37909593082
0,0.192509179528,1.55944606719,0.229182810201,4.66323813253,1.37448686327
0,0.1916219328,1.55313136572,0.228464915763,4.65588663867,1.36326310359
0,0.191152093519,1.55279589249,0.229093210624,4.65427150425,1.3637018268
0,0.192512723423,1.55003607183,0.230233840559,4.6518201564,1.35666731971
0,0.191564533582,1.54871253158,0.231540969601,4.65390332703,1.35326507313
0,0.196462779511,1.5481937915,0.233644226101,4.64809739265,1.34997294415
0,0.194395340113,1.54505918582,0.233911630672,4.64349061346,1.34650725883
0,0.194787283458,1.54274481511,0.235608869466,4.63988668589,1.34213135285
0,0.195281498976,1.53913243763,0.235158508352,4.63225785227,1.3364206112
0,0.192949300103,1.53704091362,0.236689564381,4.62890797268,1.33519893988
0,0.193635149497,1.53445002666,0.236661296011,4.62150697917,1.33173636937
0,0.195722799904,1.53438438271,0.23825704667,4.61622257097,1.33212681355
0,0.196039157835,1.53358123858,0.239212630404,4.61368610156,1.33107082958
0,0.192105437337,1.52992600341,0.242429583185,4.61068384747,1.32736758955
0,0.202046470843,1.53226439396,0.244343174178,4.60723540862,1.32499675217
0,0.201922739814,1.52639895256,0.245231352386,4.58323001078,1.32245957874
0,0.201464470088,1.52469406595,0.246289601502,4.57893577071,1.32080275204
0,0.199397657594,1.51849537197,0.248985519305,4.56683733716,1.31342204648
0,0.203198218503,1.5210466908,0.250882889066,4.56772665468,1.3155551229
0,0.208206768075,1.51674977745,0.252312233417,4.54312430323,1.3121054663
0,0.207644150418,1.51379294095,0.254584798673,4.53270726396,1.31048451339
0,0.215572514702,1.51765672315,0.258123733768,4.5300440118,1.31354723015
0,0.208347130954,1.50803064859,0.259370769808,4.50369779722,1.30988053484
0,0.21172603642,1.50574831194,0.260778746797,4.48390141532,1.31069397992
0,0.210446135863,1.49937812408,0.262339620623,4.46563563559,1.30518129961
0,0.216195387999,1.49759493611,0.26468698922,4.44180843743,1.30688767709
0,0.217132374437,1.49199531799,0.267871584392,4.42114192122,1.30228490342
0,0.212933148997,1.48878007626,0.267440246825,4.40982482539,1.30410457348
0,0.219907081409,1.48757925472,0.271717319471,4.39155277121,1.30326461417
0,0.213193694543,1.47694049518,0.273419481201,4.35772173353,1.30029662081
0,0.214456603688,1.4734798525,0.27493890694,4.33219571628,1.30314511422
0,0.21775561551,1.47165618886,0.276988412138,4.31394094277,1.30441432957
0,0.21800022064,1.46627482071,0.281665776984,4.29627411927,1.29954971624
0,0.215198274772,1.45853253468,0.280321145014,4.26417706432,1.29904447457
0,0.215042370745,1.45410270905,0.279644453213,4.2381837464,1.30112247373
0,0.215613398863,1.44760805066,0.282029222371,4.21523542518,1.29578896106
0,0.213814096658,1.44442330722,0.284183273847,4.19348705375,1.30050059034
0,0.215757177812,1.44438249293,0.287364493424,4.18863859272,1.30087970415
0,0.211835074624,1.43483731942,0.288927531774,4.15437132241,1.29807250827
0,0.210282236374,1.42639193249,0.290015188436,4.12025945546,1.29556781381
0,0.210481667761,1.41925923103,0.290745398727,4.08683485528,1.29424892895
0,0.207509797698,1.41723385391,0.29284445601,4.07725677634,1.29694639558
0,0.214280115842,1.41407096838,0.295613469243,4.04885526991,1.29646961677
0,0.211870487691,1.41148921403,0.294931568272,4.03989627026,1.29690435855
0,0.213776488458,1.40522750506,0.297199665109,4.00901044179,1.29478700005
0,0.210952487865,1.39815801019,0.298406321833,3.98133615031,1.29377440944
0,0.211853759826,1.39361711565,0.29987745513,3.95624649365,1.29406572988
0,0.2083711661,1.38818379961,0.301413489172,3.93617385284,1.29400135415
0,0.207641730657,1.38721949739,0.304052647121,3.933084796,1.29386456243
0,0.202189586483,1.38130915785,0.304393343609,3.90937987295,1.29639331965
0,0.204200197026,1.37803587054,0.306004721497,3.8927308618,1.29452399657
0,0.204991411872,1.37143650657,0.308114426947,3.86444236038,1.29137862192
0,0.206221144698,1.36484920199,0.310303623966,3.83280855224,1.28949753259
0,0.210236274725,1.36308589031,0.309687694146,3.81280559006,1.29107560464
0,0.209447592527,1.36122046189,0.311725380416,3.80095703109,1.29312499463
0,0.206179782901,1.35930261244,0.313964809579,3.79675272061,1.29370033663
0,0.210944426843,1.35800756909,0.312665135364,3.78340489483,1.29237199704
0,0.210827986137,1.3512024466,0.313466607548,3.74832209049,1.2930170346
0,0.210372074047,1.35055991021,0.313762720372,3.74869753808,1.29167888185
0,0.210707697361,1.34994921307,0.315420718392,3.73914918171,1.29459069375
0,0.209679483153,1.33940807158,0.316474185956,3.69463647855,1.2915224064
0,0.212710455353,1.34430949487,0.315985368167,3.70178915621,1.29716865327
0,0.213369155502,1.34207206914,0.319753459274,3.69548822179,1.2940668564
0,0.219464763529,1.34269110505,0.323684541528,3.68624160955,1.29414214409
0,0.218233295212,1.33967377076,0.323860103043,3.67359208242,1.29415504028
0,0.221668774334,1.34025328368,0.326881229755,3.66195829544,1.29798523692
0,0.223098465488,1.33562344457,0.326842186614,3.64660049896,1.29265984627
0,0.228844570708,1.34151244988,0.329801966637,3.65765630553,1.29610834989
0,0.231172614355,1.34006823029,0.332119858834,3.64449219353,1.29675181405
0,0.234521655471,1.33808347764,0.332743722857,3.62682857644,1.29727270052
0,0.234521543926,1.33724622775,0.336632719729,3.61927337341,1.29895728879
0,0.231410094319,1.33137179688,0.333454076857,3.59919144469,1.29742362627
0,0.236963688217,1.33406856586,0.335841137144,3.60495859934,1.29572837666
0,0.235036112521,1.33380135404,0.335464134056,3.59916417912,1.29988513312
0,0.235986694327,1.33248229968,0.338012516193,3.58891963355,1.30075918796
0,0.231959770416,1.33217212952,0.337901182869,3.58635431305,1.30529334706
0,0.238097849583,1.33303465355,0.338883321284,3.58598278063,1.30149734444
0,0.228409075364,1.3222209134,0.338807219894,3.55207370615,1.30110630556
0,0.233423593479,1.32514938097,0.339933905528,3.55020454609,1.30434753621
0,0.234630550423,1.32733834508,0.341674442141,3.56465051724,1.30139000393
0,0.231552187314,1.31869900508,0.340440129021,3.53120169945,1.29959442684
0,0.232114612922,1.31518024136,0.342029516652,3.51247722483,1.29959732894
0,0.228542581005,1.3145987526,0.341728309571,3.50994241257,1.30298304473
0,0.227415862811,1.3065700624,0.339926695587,3.48494136815,1.29653856007
0,0.22774714057,1.30460208994,0.340917128432,3.47040716114,1.29855445545
0,0.223350028307,1.30147707434,0.340528418364,3.46634016098,1.29717252808
0,0.226906095319,1.30438510174,0.341473192355,3.46241168635,1.30285076711
0,0.22752541012,1.30014284401,0.344377439765,3.45625900718,1.29470214746
0,0.230705443632,1.29504468318,0.343391437666,3.42405799519,1.29487721816
0,0.226171225822,1.29137959931,0.340786162138,3.41509838422,1.29472853177
0,0.22884410217,1.29108453317,0.34350387032,3.40641853733,1.29565791412
0,0.23089785869,1.29099563083,0.344084642858,3.3971928057,1.29799476658
0,0.227661352986,1.28445033808,0.343235303824,3.37733663601,1.29479612515
0,0.227907971011,1.2838772832,0.342996542396,3.37977970972,1.29189533378
0,0.226800420641,1.28013409859,0.342592123576,3.35864304108,1.29421325783
0,0.226889110644,1.2760019996,0.341322296619,3.34705935885,1.28958616073
0,0.22696278982,1.27456368922,0.343392553996,3.33453942421,1.29217667315
0,0.227473172482,1.27202039814,0.346548192722,3.31957539323,1.2927900786
0,0.229008297723,1.272467977,0.346421362275,3.31686174958,1.29373072254
0,0.227865240327,1.2710999629,0.347008500209,3.31263450062,1.29356736932
0,0.226718037466,1.26439166479,0.346485094627,3.29328774201,1.28761720597
0,0.228687392235,1.26444711498,0.346501252599,3.28827724231,1.28829172585
0,0.22612702467,1.26101188087,0.347073095851,3.27234293489,1.29023116259
0,0.22681729177,1.2609516768,0.346289130665,3.26918079201,1.29097145698
0,0.225643639617,1.26373725841,0.347243605568,3.28332865529,1.29203513128
0,0.226498360582,1.26356779486,0.3485440404,3.27979791554,1.29252212184
0,0.225944948907,1.25836799732,0.349085420578,3.25963053217,1.29015973084
0,0.226426200873,1.2586820739,0.349708229608,3.25598798215,1.2922849453
0,0.224938427701,1.26011721953,0.35044860636,3.26391763055,1.29339575844
0,0.224041023721,1.25179247762,0.351015385719,3.23162584364,1.2896272015
0,0.223918081953,1.25506580579,0.35157193346,3.23608060987,1.29570608063
0,0.221620591813,1.25384800424,0.349126027047,3.24095263449,1.2925230546
0,0.22151102169,1.25124596782,0.350217130941,3.2294792515,1.29186422534
0,0.220574926686,1.24841865517,0.350388868105,3.21927944637,1.2908319411
0,0.219289699836,1.25119261746,0.350618747965,3.22677591822,1.29530383697
0,0.22657412769,1.24894256508,0.351947937499,3.2107814505,1.29039151252
0,0.220302466276,1.24658394874,0.349476746306,3.21209297231,1.29011087275
0,0.222297164246,1.24484247278,0.35227140877,3.20477168681,1.28742312766
0,0.2208029073,1.24249386156,0.352777582837,3.19356226727,1.28865056665
0,0.226820602842,1.24365770895,0.352187787774,3.1846246871,1.29001127938
0,0.225481624636,1.23764160291,0.352673492355,3.16418318955,1.28653074125
0,0.229379558873,1.24118277866,0.353560918001,3.17065662176,1.28824903031
0,0.225189456495,1.23549418552,0.354010134935,3.15405758236,1.28651716927
0,0.224232763015,1.23174265447,0.353719354628,3.14170958546,1.28426903383
0,0.227120543825,1.23018411058,0.354134937396,3.12938502021,1.28364717664
0,0.223515221103,1.22942479435,0.355233757223,3.13523364919,1.28242989343
0,0.224717427494,1.227788048,0.354928522253,3.12354917849,1.28297805668
0,0.221626042502,1.22150083806,0.35529767731,3.10438495889,1.27993352713
0,0.225193545759,1.22303464008,0.355858763852,3.10194899434,1.28141851114
0,0.220543042448,1.2211853076,0.357641275621,3.10144922758,1.28169556672
0,0.221697261912,1.21637021209,0.356985735488,3.08698809528,1.27573417508
0,0.221968652954,1.21774474418,0.358241698385,3.08864995425,1.27806818458
0,0.220427247806,1.21549484165,0.358392283028,3.08068935484,1.27796513334
0,0.21797894709,1.21756996288,0.354757595182,3.09475306285,1.27856938286
0,0.218138184841,1.21126918922,0.357015147232,3.07004213396,1.2750136757
0,0.214489771256,1.20597736967,0.357859833308,3.0477392459,1.27658398448
0,0.217699453674,1.20895817645,0.357781522605,3.05471044383,1.27734072013
0,0.216547921239,1.20903512717,0.358473146162,3.05881065843,1.27663452243
0,0.217688004762,1.20684797981,0.358451588758,3.04800994622,1.27542692608
0,0.217727701479,1.20302007454,0.360661272347,3.03141658551,1.27411414694
0,0.212408245977,1.19950877006,0.357317539547,3.02935051508,1.27168837695
0,0.216516677031,1.20304343391,0.356839232909,3.03475843046,1.27371264741
0,0.215008192332,1.20256905638,0.357077375872,3.0340311166,1.27439884461
0,0.216558830707,1.20070225934,0.355940776536,3.0277698713,1.27131183665
0,0.216491234695,1.1979046278,0.356856123077,3.01466396933,1.2709383046
0,0.214644480872,1.19258639269,0.355995361979,2.9920887123,1.27077709959
0,0.213517294676,1.19266749694,0.358363777777,2.99118484889,1.27255897836
0,0.2138568768,1.19069250147,0.356231403048,2.9852119586,1.27026835288
0,0.215222489592,1.19070767193,0.355001432194,2.98280176476,1.27014576331
0,0.218598805459,1.19258209505,0.35910847373,2.98312282026,1.27129497728
0,0.215090564425,1.18753958856,0.35511438418,2.96981028236,1.26885322112
0,0.213986236855,1.19014010035,0.354956888547,2.97824122988,1.27224335386
0,0.213182657164,1.18892133839,0.355811657047,2.97556330922,1.27133898899
0,0.218707985682,1.18554923,0.357259101867,2.95626471982,1.26703268513
0,0.214181145789,1.18146697078,0.354933345262,2.94233049992,1.26832098663
0,0.215348400658,1.18148168954,0.355700490442,2.9415011824,1.26760518719
0,0.214874752348,1.18038855924,0.35721202761,2.93763260362,1.26728029918
0,0.211806500414,1.17512017698,0.355062355354,2.92325932903,1.26436423309
0,0.211833368782,1.17348106831,0.354332485312,2.91289889082,1.26541981235
0,0.213922795265,1.17708797071,0.353892097993,2.92301782094,1.26728817671
0,0.215455136138,1.17741126272,0.354417278606,2.92183712339,1.26715441452
0,0.213300921236,1.17245235067,0.356130276702,2.90686247453,1.26439867433
0,0.215541212506,1.17623897156,0.354951841386,2.91476069547,1.26767582415
0,0.215058332579,1.17270967038,0.354895300889,2.9025503263,1.26544063645
0,0.214496982344,1.17064818977,0.354536394059,2.89300474314,1.26562107598
0,0.216746841514,1.17394998256,0.35406238003,2.90423577323,1.26601018408
0,0.218595321175,1.17325244357,0.354947435658,2.89786079187,1.26560534756
0,0.215921793093,1.16823838333,0.354921400254,2.87939741843,1.26497541192
0,0.221160621623,1.16892525792,0.35460228609,2.87520282047,1.26355106903
0,0.220204812462,1.16781772562,0.355069296097,2.87216136029,1.26325877752
0,0.216652499468,1.16486031157,0.352999813007,2.86442451058,1.26328598084
0,0.218705545235,1.16649900457,0.353670578783,2.86632200361,1.26438092047
0,0.224584339963,1.17125525201,0.35354739286,2.87638760453,1.26535994335
0,0.220643856955,1.16673303354,0.35398747736,2.86529440991,1.26354147786
0,0.218771717826,1.16049459696,0.352670934677,2.83884161625,1.26304392256
0,0.222926665131,1.16254190497,0.35285258525,2.83908933273,1.26388338674
0,0.225018702856,1.16300321323,0.353899141958,2.8389336363,1.26302246834
0,0.222828085309,1.16300963423,0.35457774511,2.84101608135,1.26418791615
0,0.22170313917,1.16027339541,0.354080690359,2.83442422201,1.26176819443
0,0.223450412463,1.16199118364,0.353394052064,2.83449642639,1.26427929031
0,0.221569649186,1.15815485879,0.352246366496,2.82543050588,1.26110220057
0,0.22369373782,1.15850968817,0.353880586156,2.81855049958,1.26330518904
0,0.225398458571,1.16615789517,0.355350996655,2.83405973099,1.27296637022
0,0.223883199226,1.15977448856,0.353078983022,2.82099323611,1.26505635973
0,0.227438056401,1.16126790978,0.352801577294,2.82327621231,1.26409356816
0,0.224690353341,1.1561231266,0.352023595589,2.81011098604,1.26056192653
0,0.226125327756,1.15511388677,0.354932406293,2.80241279935,1.26045294557
0,0.225246126758,1.15396173896,0.352682438568,2.79589225616,1.26171204943
0,0.222866156177,1.15328226301,0.35087544551,2.79788670795,1.26139610425
0,0.220015813455,1.1495177122,0.34995510265,2.79115247904,1.25820218443
0,0.220574797945,1.14982141714,0.351913149061,2.78848752772,1.2597349372
0,0.220191535381,1.14759269576,0.349946427245,2.78140352259,1.25808840027
0,0.221263539964,1.14619990171,0.350400742696,2.77099784553,1.25873724829
0,0.221649654142,1.14510421339,0.351020442351,2.7656605887,1.2582805421
0,0.223200411117,1.14826331011,0.351413210331,2.77529994789,1.25980784666
0,0.221234118323,1.14590474319,0.350199452306,2.76741693028,1.2598192313
0,0.219571293694,1.14371690653,0.349002363738,2.76453835723,1.25745175101
0,0.222813053711,1.14515532042,0.349668537565,2.76750645575,1.25632197615
0,0.218825280483,1.14289117255,0.349870042965,2.7614361458,1.2576845354
0,0.219813322028,1.14121965638,0.35065442846,2.75308642531,1.2566925634
0,0.218170451487,1.14270250741,0.348875914388,2.75869433937,1.25923860444
0,0.220027692207,1.14114023151,0.349190989801,2.74782306401,1.25891131151
0,0.22219772294,1.14250460985,0.349467177783,2.7455233732,1.26130207171
0,0.220255663669,1.14074083628,0.350368261667,2.7491044741,1.2570441466
0,0.21746300876,1.13612136484,0.349568076267,2.73193941114,1.25687065551
0,0.216519763133,1.13537060817,0.348796712959,2.73403646714,1.25488848165
0,0.218265947287,1.1355482056,0.349739601605,2.73041498726,1.25539703026
0,0.216747951913,1.13376030228,0.348752697724,2.72882303731,1.25324124228
0,0.212474247302,1.13149363031,0.346189869148,2.72328732963,1.25461612148
0,0.212738617559,1.13016583966,0.347049038177,2.71789024135,1.25373081827
0,0.212647842455,1.12942564011,0.347068186376,2.71139432669,1.25521905178
0,0.216771681896,1.13452161028,0.348039883739,2.72672746349,1.25616856999
0,0.212312568049,1.12697392679,0.346412772189,2.70513810884,1.25255315183
0,0.212026309188,1.12546656041,0.345952462371,2.69713440162,1.25307284834
0,0.210406037601,1.12267293406,0.345306187563,2.68911658586,1.25171796211
0,0.212344892024,1.12695054986,0.34491853743,2.70128360164,1.25438963919
0,0.210255498443,1.12345100768,0.345394920988,2.69208678852,1.25232858435
0,0.210321681725,1.12202774631,0.344717350019,2.68637067849,1.2515623025
0,0.213356261147,1.12419594717,0.345074150842,2.68929789988,1.25248461434
0,0.21076606496,1.12314998564,0.343258863719,2.68899088424,1.25261341419
0,0.207163296268,1.11752073927,0.342091224447,2.67064132049,1.25131784975
0,0.207959530248,1.12002159113,0.342450268792,2.6772054576,1.25349167654
0,0.210088509856,1.12048352641,0.342427540982,2.67766437278,1.25228807717
0,0.20827782245,1.11586161569,0.343126088588,2.66411622756,1.24931806089
0,0.207782774212,1.11450436217,0.34333650276,2.66095793952,1.24799911945
0,0.207387212258,1.11474418725,0.341128215182,2.65600625866,1.25147008439
0,0.207405459395,1.11208682629,0.341964273766,2.64543713098,1.25009299917
0,0.204972073723,1.11169837576,0.339840862641,2.65155457854,1.24849653436
0,0.204716889104,1.11093935328,0.340996220195,2.64789032362,1.2486862908
0,0.202805331247,1.10830481439,0.338330584713,2.63901537002,1.24844897737
0,0.204757745067,1.10577596206,0.338962339957,2.62676247351,1.24630088137
0,0.204602630081,1.10582131974,0.339319724818,2.62556429342,1.24716848121
0,0.201318850626,1.10410910357,0.337076095176,2.62356827696,1.24716972817
0,0.203723836602,1.10474078255,0.33817296682,2.62159589866,1.24733012885
0,0.201583620005,1.10547076078,0.336925357702,2.62758464128,1.24830091955
0,0.199639738735,1.10089742074,0.336752129812,2.61752751328,1.24384001446
0,0.203172652303,1.10680494165,0.336294224914,2.63137906897,1.24815012558
0,0.204133656373,1.10409933979,0.337344233908,2.62220123945,1.24501403149
0,0.201167294681,1.10214590639,0.336162176633,2.61682528527,1.24578478685
0,0.202098950487,1.09687571691,0.335694466467,2.59374382247,1.24321838855
0,0.19951876832,1.09641621905,0.334649711152,2.59672255735,1.24316045863
0,0.202854433996,1.09861174274,0.335109560754,2.59989231179,1.24372872503
0,0.200718693923,1.09511761784,0.333421010826,2.59176784398,1.24119138702
0,0.200613891994,1.09314354673,0.333814695197,2.58325688372,1.24061649083
0,0.201081670479,1.09204550418,0.333565973594,2.57452301018,1.24177054367
0,0.196566762279,1.08951881946,0.332119324113,2.57175811965,1.24135118555
0,0.200371326206,1.09017674522,0.332147438345,2.56976208412,1.24018945356
0,0.198433198913,1.08754638355,0.331888234196,2.56458340067,1.23814101862
0,0.199431645978,1.08902802941,0.33113940519,2.56315070891,1.24156303147
0,0.199115675294,1.09020795918,0.33071823683,2.56934486705,1.24173174776
0,0.197736896556,1.08843346335,0.330145009686,2.56662948281,1.2400319792
0,0.200318500107,1.0889193014,0.330896725184,2.56420972979,1.23987484676
0,0.198001070737,1.08693799058,0.329658466661,2.56102016262,1.23883378258
0,0.198528442419,1.08380708192,0.330845972305,2.54610902698,1.23793470812
0,0.196811886655,1.08236890821,0.329799779461,2.54141738423,1.23840165067
0,0.197303731675,1.08184679074,0.329198817522,2.54131146775,1.23665747015
0,0.199097219376,1.08262217463,0.329195035239,2.54328343941,1.23581645684
0,0.196795686268,1.08080018418,0.328122337342,2.53636666877,1.23702139879
0,0.196700958543,1.07907605899,0.328942701599,2.52909892838,1.23643968321
0,0.200832002969,1.07997233571,0.327650419056,2.52566931151,1.2362641389
0,0.195636004905,1.07658669784,0.32708046293,2.51847883249,1.2365912817
0,0.197253390677,1.07742644696,0.326836574124,2.52305082441,1.23478727327
0,0.197656031103,1.07765928296,0.32664858742,2.52243964006,1.23527231475
0,0.19639591329,1.07669541195,0.326479871897,2.52097782091,1.23485366533
0,0.196035711688,1.07700022112,0.324574862844,2.51939791387,1.23676584308
0,0.192920476131,1.07451224841,0.324356634753,2.51661295616,1.23505362589
0,0.192038043015,1.0706953009,0.324576502326,2.49879651737,1.23530190952
0,0.193255015773,1.07037728961,0.324744885166,2.4961698222,1.23460325655
0,0.193085815553,1.06974404697,0.324062955882,2.49659473132,1.23297689558
0,0.195232496379,1.07069569797,0.323832735651,2.4985046176,1.23225439925
0,0.195472459779,1.07147870679,0.324987129304,2.5009582505,1.23274514098
0,0.194865675995,1.06863339466,0.323927740939,2.48960405389,1.23191574282
0,0.193017913439,1.06838796458,0.323078542801,2.49000330481,1.2329503045
0,0.194363356985,1.06835116604,0.323958245081,2.48925284532,1.23188809503
0,0.195457362053,1.06735333761,0.323247693851,2.48316941801,1.23134123254
0,0.19318462237,1.06571066235,0.32266668032,2.48033221917,1.2309258839
0,0.195255768814,1.06713325397,0.323365749381,2.47805510353,1.23354977465
0,0.19275372155,1.067959255,0.32395571048,2.48821191488,1.23303841774
0,0.192797808277,1.0652960568,0.322262677719,2.48122574732,1.22982941908
0,0.190879583054,1.06255695562,0.322580403341,2.46975816917,1.23063368065
0,0.188502067265,1.06118044859,0.321968987584,2.46402739914,1.23243531394
0,0.197055250284,1.0646781046,0.321899259791,2.46595531781,1.23166231199
0,0.191107553631,1.06208276678,0.32110614329,2.46726609204,1.23046627693
0,0.194891930652,1.06191389104,0.321945735512,2.46172012874,1.22903269207
0,0.191084822226,1.06013872831,0.321274138078,2.46074485531,1.22888953062
0,0.194617578807,1.06324389914,0.320682122949,2.46711946165,1.2299323973
0,0.193133249202,1.0611057034,0.320198143107,2.45927760712,1.22999216621
0,0.192965081695,1.05965779825,0.320874689496,2.45040241279,1.23097816678
0,0.193427836603,1.05947616927,0.320221730168,2.4504197193,1.23005268664
0,0.192135277913,1.05785160243,0.318998409064,2.4443865913,1.23030039223
0,0.194003671035,1.05777441461,0.320479686428,2.44340881904,1.2287279159
0,0.192856488647,1.05639263769,0.320025413838,2.44097201366,1.22763905783
0,0.189893979344,1.05709048793,0.319085930809,2.44744316554,1.22911061705
0,0.190733638012,1.05547074316,0.319021344722,2.43993121155,1.22797757355
0,0.189122781511,1.05516587862,0.318348361773,2.4385980044,1.22949287267
0,0.191410594976,1.0555239943,0.318659524574,2.4374846067,1.22865704753
0,0.189209912476,1.05022682186,0.318642224363,2.41958451943,1.22656484209
0,0.189417750449,1.05074780371,0.317680837872,2.42315330658,1.22587506612
0,0.189685860922,1.05044918295,0.317339250951,2.41919141004,1.22684135133
0,0.188070273645,1.05232721207,0.317120896254,2.42817213487,1.22866164866
0,0.187320831599,1.05288315894,0.318350522136,2.43296378455,1.22840513397
0,0.190961955562,1.05399767954,0.317929383602,2.43101754684,1.22852343011
0,0.18720447233,1.04936054741,0.317309416092,2.42215762222,1.22511804468
0,0.187710881349,1.04688324525,0.31534959288,2.40948737803,1.22475350351
0,0.186436371565,1.046091241,0.316543214774,2.40699318465,1.22529509865
0,0.187939017737,1.04569211265,0.314643674984,2.40307842852,1.22475200973
0,0.187599180134,1.04731364951,0.315368567001,2.4095919311,1.2258889383
0,0.187183872982,1.04842137466,0.313371290885,2.41708710474,1.22532597146
0,0.187518191041,1.04678111647,0.315546049032,2.40647427248,1.22619742415
0,0.190384008283,1.0477521164,0.315755771307,2.40594584438,1.22602331989
0,0.186361955679,1.04406523885,0.314018103307,2.40055800661,1.22352209843
0,0.185970346145,1.04480436006,0.313754806843,2.40177573894,1.22515264518
0,0.186637278985,1.0426651542,0.313349859281,2.39180006958,1.22412553178
0,0.186871741837,1.04146615963,0.313430979885,2.38669476206,1.22344623649
0,0.185747591628,1.04318760968,0.311859137938,2.39367353991,1.22538462327
0,0.186151661168,1.04490980532,0.313388463528,2.40038972443,1.2259279499
0,0.184180356745,1.04135608824,0.311949300678,2.39165902243,1.22338031278
0,0.18442284314,1.04032117441,0.312166649186,2.38647390809,1.22314309896
0,0.185993993122,1.03971440965,0.312190660424,2.37854160015,1.22402119158
0,0.186256637652,1.04116593332,0.311023152309,2.38538157853,1.22396736682
0,0.185087000086,1.03961135394,0.31209462598,2.38342715244,1.22222776913
0,0.185611983567,1.0395875084,0.310776870396,2.38091909719,1.22289719914
0,0.185460487672,1.03964746527,0.311556575278,2.38029164558,1.22351231265
0,0.184820818362,1.0389096085,0.310756829664,2.38046925453,1.2222185359
0,0.185624227172,1.03929976853,0.31051500476,2.38094097623,1.22215466687
0,0.185052029282,1.0376377911,0.3100422627,2.37399361883,1.22204559959
0,0.184229469978,1.03366168691,0.309166644437,2.35919138689,1.22032901389
0,0.182217852038,1.03508218045,0.309516297438,2.36227602896,1.22434954523
0,0.180190082856,1.03463843673,0.308946009972,2.36685280808,1.22297956543
0,0.183209034743,1.03383806229,0.307956021856,2.36278218922,1.21999498734
0,0.18264881148,1.03419825448,0.309396714497,2.36136822847,1.22216267078
0,0.18214550233,1.03484548952,0.309436595581,2.36515642786,1.2223899679
0,0.182119933707,1.03597835121,0.308481866553,2.37060288897,1.22252446012
0,0.184172905188,1.03349478113,0.307420003033,2.35566757562,1.22173022057
0,0.183614929468,1.0318598475,0.307798042857,2.34926296167,1.22140316896
0,0.184932115476,1.03303794677,0.30776162952,2.35353773548,1.22089384447
0,0.183486040264,1.03303678264,0.306629423964,2.35427153958,1.22197010688
0,0.182940235363,1.03264904973,0.307566295971,2.35261715645,1.2223737718
0,0.182879315383,1.03102360116,0.306841669478,2.34847508295,1.22044210652
0,0.184736642898,1.03273028783,0.307429184089,2.34983992019,1.22216907718
0,0.183770648635,1.02974071697,0.305990441242,2.34389435194,1.21863392837
0,0.18244702693,1.02856258764,0.307679557488,2.33877842822,1.21957018801
0,0.182287860366,1.02865368754,0.306569071357,2.3379507051,1.22037096674
0,0.182005176014,1.03039533163,0.306010587673,2.34523260875,1.22136680958
0,0.183835319156,1.03118289951,0.305714149647,2.34596995755,1.22113691195
0,0.182271228906,1.02872986616,0.305246635283,2.34164824671,1.218729274
0,0.183870742358,1.02831580239,0.306554456003,2.33307281046,1.22038231897
0,0.181536588595,1.02905476744,0.304799561077,2.34147108668,1.22036474661
0,0.183409322313,1.0263452533,0.304689863927,2.32922778185,1.21783988071
0,0.181478924073,1.02508845807,0.304901629064,2.3246948046,1.21889477936
0,0.181716747417,1.0258825169,0.303708151495,2.3298693988,1.21805480592
0,0.181501513922,1.02672049569,0.303625823385,2.3296907098,1.22045433117
0,0.183616073721,1.02592587418,0.304988734137,2.3233765606,1.21951029255
0,0.181544178632,1.02422091561,0.304380011341,2.32152688181,1.21824463044
0,0.177412747623,1.02141910578,0.302285197179,2.31641376008,1.21792809759
0,0.18235083321,1.02269867954,0.304889894723,2.31328023896,1.21775570648
0,0.177141926591,1.02139229016,0.302488965287,2.31563230124,1.218522609
0,0.178365904371,1.02347564319,0.30327373571,2.32201781228,1.21931425838
0,0.181762487715,1.02325790543,0.303178223038,2.31534340651,1.21871053381
0,0.180582041499,1.02241167865,0.302226104068,2.31728346129,1.21680538546
0,0.181030151946,1.02264761538,0.302925364306,2.31669805712,1.21723981885
0,0.181512267764,1.02167801001,0.302838008048,2.30925183073,1.21805680324
0,0.18182980675,1.0223689708,0.302449720729,2.31161762515,1.2182837682
0,0.182257170704,1.02198416724,0.30205099774,2.30677994467,1.21931323585
0,0.178105236863,1.01798177179,0.301581968034,2.29916873865,1.2172647839
0,0.179804033561,1.02040128305,0.302227741585,2.30740628639,1.21749599175
0,0.179310941817,1.01903764898,0.301292851409,2.30144367915,1.21756130205
0,0.178037968622,1.02177946313,0.299121641373,2.31488748842,1.21896690552
0,0.179566377333,1.02079519031,0.300455195056,2.30455460964,1.22014425532
0,0.17952669515,1.02041395785,0.300273370257,2.30399478037,1.21951077046
0,0.180381669179,1.0208694773,0.301076225552,2.30695765074,1.21831315906
0,0.181014524289,1.01783687037,0.301584358065,2.29510044254,1.21602739128
0,0.177741864487,1.01401704399,0.299751749813,2.28611016291,1.21424562565
0,0.180366327731,1.01639245902,0.300887538299,2.28628833279,1.21747061461
0,0.178242477461,1.01782787506,0.299224786283,2.29154241704,1.22055596201
0,0.176099996437,1.01571363931,0.298702877555,2.29322087257,1.21657362648
0,0.17687709347,1.01334762457,0.298702492614,2.28313707776,1.21492338979
0,0.177236301692,1.01447980931,0.299828259331,2.28534964014,1.21628836252
0,0.177367266557,1.01556556305,0.298320999505,2.28874855658,1.21717232406
0,0.171965545722,1.01304281325,0.297559898691,2.28875900709,1.21626194419
0,0.171658144463,1.01188374449,0.29829649338,2.2839292125,1.21608657217
0,0.177860822349,1.01377781573,0.296574397582,2.28296096338,1.21510319657
0,0.171731613637,1.01001170963,0.298225168014,2.27422020598,1.21618751876
0,0.178854062647,1.01462294035,0.297420520882,2.28257699461,1.21641475206
0,0.175226950327,1.01134928051,0.297471554613,2.27767595713,1.21430823377
0,0.174282769448,1.01147539206,0.297587051878,2.27712888225,1.21584123084
0,0.176444797506,1.01204959216,0.296826481831,2.27684266266,1.21525781307
0,0.176269244857,1.00920315058,0.297164791644,2.2667830511,1.21334706816
0,0.174385076872,1.0095283767,0.297801709585,2.26691809261,1.21597678021
0,0.17231706694,1.00784555834,0.29558097911,2.26457448786,1.21500954558
0,0.173689042205,1.01020546296,0.29571134428,2.2728220543,1.21541354967
0,0.174085406588,1.00955821518,0.296065855292,2.27270356272,1.21345831139
0,0.175138397827,1.01080701972,0.294963112322,2.27373869186,1.2150097666
0,0.173078873026,1.00966912418,0.294773832025,2.27258432642,1.21480173584
0,0.174223818733,1.00832169988,0.294590956261,2.26483079428,1.21416499555
0,0.175350203939,1.00669103552,0.295249253914,2.25664848169,1.21305310551
0,0.171455398794,1.00795017949,0.295079382397,2.26193886232,1.21745057966
0,0.174099464613,1.00460357264,0.293977256599,2.25085924752,1.21197980463
0,0.17148765226,1.00297280995,0.293039059158,2.24686980295,1.21250943203
0,0.171532765952,1.00521987687,0.293681825347,2.25577132726,1.21363122419
0,0.173423662281,1.00780118602,0.294147307772,2.263931842,1.21411334322
0,0.170528422666,1.00647102834,0.294119712273,2.26400343437,1.21364739204
0,0.172710479148,1.00583765013,0.294178304921,2.25755904546,1.2131040854
0,0.171009660798,1.00416836565,0.293725377451,2.25182253229,1.21349994851
0,0.171756081826,1.00309403446,0.293362133602,2.24432765319,1.21381513953
0,0.172281499473,1.00422142067,0.292368711676,2.24969947641,1.21342227522
0,0.172116148878,1.00275837484,0.294596433932,2.24413695008,1.21271127457
0,0.17293496436,1.00266923286,0.293270631038,2.24277047439,1.2123528426
0,0.169995590745,0.999232171269,0.292582464684,2.23427638404,1.21094660759
0,0.171274959425,1.00445223977,0.292537009565,2.2517118867,1.21399965805
0,0.170175809978,1.00185171867,0.292021383622,2.2419494326,1.21347873125
0,0.16939461263,1.00110857269,0.29144454925,2.24186000817,1.2124467767
0,0.170883195583,1.00116501104,0.292380568546,2.24317283373,1.21044287682
0,0.170681476526,1.00322005475,0.292145631359,2.24739846746,1.21366938832
0,0.1696261934,1.00254325523,0.290391531565,2.24599647217,1.21373367012
0,0.16814004423,1.00107456756,0.29025702021,2.24222338512,1.2134346438
0,0.169532600208,1.00218552261,0.290328938755,2.24671439931,1.21257396915
0,0.175181467876,1.00667568011,0.291125701513,2.2546570471,1.21417917002
0,0.167924989293,0.999023333272,0.290742518141,2.23923488737,1.21001586195
0,0.169572831738,0.999092808889,0.289447564079,2.22987705461,1.21322062474
0,0.167413588384,0.99558954289,0.288630698483,2.22294845424,1.21008600357
0,0.168876728838,0.998752026493,0.290319818158,2.23380234779,1.21110212501
0,0.170257539631,0.999912504241,0.28904298192,2.23396468403,1.21254134094
0,0.166695666401,0.996096168088,0.289507492583,2.22252544537,1.21228199276
0,0.168229901979,0.995172072463,0.289678372876,2.21792381895,1.21073833169
0,0.168606409204,0.996875479621,0.289561326354,2.22132927889,1.212917612
0,0.168692025442,0.998709323269,0.289792933247,2.22822527881,1.21396860464
0,0.166410151585,0.996530091651,0.289260304982,2.22835845076,1.21073581392
0,0.16720636535,0.998474950656,0.288930796947,2.23397697895,1.21199248343
0,0.167215663778,0.997395808225,0.288633480644,2.22967862986,1.21143450331
0,0.166786526262,0.998055984276,0.288270618892,2.23118947372,1.21275865898
0,0.166008202672,0.994243142348,0.287759579968,2.21841146065,1.21039388515
0,0.167784048447,0.999753352862,0.289734193212,2.23552236025,1.21383811497
0,0.167870693861,0.994883656745,0.288428059606,2.21921143104,1.20973269482
0,0.16489014619,0.992751627914,0.286602339803,2.21447989817,1.20974893681
0,0.166839969142,0.992055605281,0.288059507246,2.20609731162,1.21025035015
0,0.161829656571,0.99238912188,0.287980486046,2.21297988711,1.21265316667
0,0.167240974072,0.995815085031,0.286106155726,2.22360716122,1.21049311951
0,0.163758917783,0.994729762936,0.286704762745,2.22500285897,1.21056402221
0,0.16388140343,0.992587547279,0.286349083389,2.21386241086,1.21065622194
0,0.163958105949,0.99045005103,0.286033835704,2.20643457745,1.20894969498
0,0.16347348867,0.99166191697,0.286577013381,2.20972965787,1.21081643673
0,0.162494947617,0.991277629086,0.286565796322,2.21279594403,1.20930111561
0,0.16597694463,0.992568692125,0.285876444941,2.2099954107,1.21044704238
0,0.161829850768,0.992678943628,0.285368689546,2.21854286402,1.21059603845
0,0.163617131324,0.992341516569,0.285925732625,2.21215813253,1.21115755589
0,0.16171940875,0.990447008113,0.284337520636,2.2081549209,1.21032061314
0,0.162721518656,0.991198190514,0.283718857399,2.20762599105,1.21146092376
0,0.161601425572,0.993461590052,0.284448566615,2.21922223179,1.21244139565
0,0.165064247269,0.995633295713,0.285439209688,2.2187022561,1.21466782513
0,0.158742575934,0.990006113705,0.284742294741,2.21108124583,1.21073204831
0,0.164308636087,0.989662751652,0.283818148437,2.19898060613,1.21035790239
0,0.161880809146,0.987364670092,0.28303983378,2.19416090515,1.20945037549
0,0.162235099221,0.989496825049,0.284017620897,2.20401703985,1.20949840543
0,0.162342652923,0.989922027489,0.284076460859,2.20548075608,1.20972199995
0,0.163934970725,0.990707715675,0.284038352036,2.20563917017,1.21001469551
0,0.162502897612,0.988837222807,0.283292396624,2.20556808373,1.20680607975
0,0.159814273476,0.986559930218,0.283129485243,2.1938486431,1.20966119227
0,0.160434621375,0.986391967731,0.283387857929,2.19210634317,1.20949208915
0,0.162593722923,0.987076964559,0.281907746176,2.19522398779,1.20748665637
0,0.158901421111,0.985183989831,0.282531239599,2.19449950579,1.20680876373
0,0.162328069207,0.988589973803,0.282339329118,2.19800773202,1.21014296142
0,0.158899083233,0.989174651878,0.282978744401,2.20709873825,1.21048814016
0,0.161881512771,0.98784848685,0.282571198985,2.19784642238,1.20881645578
0,0.160128652494,0.984224690534,0.281473769017,2.18691123946,1.20697741655
0,0.162424135956,0.984104213112,0.280709824498,2.18202863383,1.20682204238
0,0.160457519499,0.985213286794,0.28137947874,2.18691174805,1.20911978614
0,0.160889133573,0.986558907684,0.281201783113,2.19396184847,1.20852717361
0,0.159372780347,0.986574791868,0.280468528421,2.19585115754,1.20913858256
0,0.15909023669,0.982723976882,0.280824882856,2.18198442629,1.20672745462
0,0.163050840426,0.982545215397,0.280085284101,2.17716173487,1.20473129321
0,0.159719421959,0.983043139501,0.280537095205,2.18307623765,1.20635027066
0,0.16189073601,0.985041759342,0.280738449556,2.18605954616,1.20768385215
0,0.159022871024,0.983456760671,0.279633139058,2.18238985293,1.20842406627
0,0.159340208593,0.98442708378,0.280142879323,2.18319366841,1.21013062887
0,0.160934447565,0.983345789372,0.279968198685,2.17974968018,1.20755514816
0,0.159084504234,0.982751289682,0.279432386807,2.17750185925,1.20904275276
0,0.16100749241,0.986974681333,0.280217758646,2.19373526142,1.20956154213
0,0.160684091264,0.984149527117,0.279734261523,2.18448197612,1.20744870153
0,0.160547272762,0.983431006485,0.279145902366,2.17974480159,1.20815780477
0,0.15922163015,0.985615485537,0.278262438806,2.19301532253,1.20830938493
0,0.15806366106,0.982210895738,0.278847098704,2.18073041374,1.20709833411
0,0.159200818311,0.978626280635,0.278637897043,2.16416879622,1.20528044813
0,0.157120528937,0.977516430084,0.278941517978,2.16107985393,1.20613058265
0,0.156627682995,0.981289216006,0.27898895234,2.17527323267,1.20895870306
0,0.156723602288,0.981451209898,0.2780399797,2.17906208153,1.20737334458
0,0.159151105999,0.983705924633,0.278880296539,2.17951272928,1.21035730349
0,0.156589103413,0.980442132255,0.277819106256,2.1754118011,1.20681028968
0,0.156923148674,0.977101927823,0.277663443247,2.16345100185,1.20410613282
0,0.157117419689,0.979510627173,0.277133430923,2.16902697791,1.20714562225
0,0.157653393228,0.980407089555,0.278056647241,2.17357390665,1.20657734038
0,0.158238145902,0.981473049808,0.277297560647,2.17545459233,1.20771714499
0,0.158294306468,0.979775794491,0.276501557531,2.16990953792,1.20619037385
0,0.155979148574,0.976748631616,0.276708705688,2.16298546503,1.20439966127
0,0.155153525287,0.976303827233,0.276387101322,2.16224703593,1.20448248788
0,0.156754924877,0.97716807837,0.27553948112,2.1609375276,1.20569647027
0,0.156657265083,0.978686063052,0.276261867716,2.16535367144,1.20738101946
0,0.156658967574,0.977146766185,0.276154006191,2.15806257108,1.20717662539
0,0.155601460715,0.97453205076,0.275633044132,2.15491295175,1.20327215345
0,0.156573131345,0.977145696867,0.274728201873,2.15922444059,1.20667885359
0,0.1563153289,0.976124569883,0.274950304108,2.15734768503,1.2053222166
0,0.154057399872,0.977894570904,0.274948107815,2.16324024811,1.20905886709
0,0.155342307152,0.979289736547,0.275020616146,2.16964958938,1.20805720267
0,0.154753192136,0.980512069345,0.274566482328,2.17987011431,1.206591887
0,0.15583417215,0.979021188067,0.275281651515,2.16994549897,1.20674601165
0,0.157015215139,0.978554293048,0.275276558539,2.1667770213,1.20598197002
0,0.154796416408,0.977320627,0.274552455796,2.1625276507,1.20724128893
0,0.154030237612,0.975096903591,0.275238845336,2.15924571982,1.20408912488
0,0.153605787994,0.974056729264,0.273527388454,2.15140490226,1.2058335478
0,0.152415379107,0.974082671769,0.27454372557,2.15306482005,1.20625885397
0,0.156896179116,0.975012101693,0.273793179429,2.15185339814,1.20470733908
0,0.155701947306,0.974809997769,0.274337655667,2.14995733898,1.2063443405
0,0.159608228823,0.986370017038,0.274739128463,2.19016058293,1.2112364842
0,0.154728205867,0.978829515651,0.273516201453,2.17392702578,1.20538203343
0,0.155223006009,0.97394033461,0.274490339665,2.15055216445,1.20435171182
0,0.154397884163,0.972294073706,0.273065665467,2.14203685868,1.20531883403
0,0.152497194628,0.97100392988,0.273020543555,2.14264959183,1.20368779798
0,0.154306017052,0.973050796478,0.273096851852,2.14755145346,1.20454521053
0,0.153326457996,0.972399568385,0.27242876294,2.14738685424,1.20397899945
0,0.155838297837,0.97466993148,0.274176466621,2.15146541666,1.20510378599
0,0.152024002872,0.97108720114,0.271810532568,2.14493606748,1.20322593031
0,0.153701752742,0.973170741412,0.27204810017,2.14826039555,1.20509486602
0,0.152655932665,0.972741663523,0.272156710072,2.1470970273,1.20564967621
0,0.154296515749,0.972742321336,0.272986887092,2.14381746965,1.2056505163
0,0.152679258858,0.972478276031,0.272260002432,2.14536373651,1.20583452652
0,0.1525262959,0.972337562321,0.271236977172,2.1455708896,1.20553212919
0,0.153426573761,0.972457633642,0.27145156794,2.14316641077,1.20613426853
0,0.152606377431,0.97170962887,0.271143650125,2.14333867671,1.20499832017
0,0.15256741452,0.970058029342,0.271618657797,2.13715059419,1.20400232554
0,0.15326046065,0.970122709434,0.270303978442,2.13474869711,1.20467192771
0,0.154240444931,0.974638907494,0.271677997442,2.15069836778,1.20700760294
0,0.153529804728,0.973046756516,0.270847979661,2.14554087819,1.20631661108
0,0.148846887821,0.979908021972,0.270862532946,2.17244859112,1.21469883497
0,0.156184026927,0.975947614503,0.271215872124,2.15282632952,1.20727180761
0,0.152988116795,0.969571807692,0.270704450176,2.13189594939,1.20499339103
0,0.153545917026,0.969652314813,0.2711987791,2.13027992373,1.20544487164
0,0.151562381386,0.969227120669,0.270307255672,2.1315348717,1.20573794804
0,0.152125966826,0.971158739204,0.270449024124,2.138520677,1.20651050626
0,0.153133286006,0.971146726188,0.270085568425,2.13883712972,1.2053149284
0,0.151946942597,0.969509551659,0.270073357283,2.13184268662,1.20590555682
0,0.152608278007,0.970329699156,0.269658527091,2.1380702346,1.20418081625
0,0.153120695013,0.970719094357,0.270546138702,2.13762170641,1.20486615112
0,0.151795807399,0.967281721672,0.269436051607,2.12341025279,1.20470333441
0,0.151680907108,0.969372450265,0.26991032009,2.13081552954,1.20634241771
0,0.151572852436,0.975871958422,0.269003245134,2.16311332145,1.2065503466
0,0.15146505281,0.97222124991,0.268954819265,2.14564186773,1.20626710161
0,0.150478945671,0.968977156165,0.26966785512,2.13395176599,1.20498802569
0,0.148954121757,0.967872215739,0.268549283455,2.13256874939,1.20444200743
0,0.149273352855,0.967964790142,0.268618641282,2.12860067114,1.20633825086
0,0.150515096401,0.964896676268,0.268148424023,2.11718027588,1.20313642039
0,0.151991375718,0.96663749766,0.267937120529,2.12061633545,1.20429416516
0,0.149446657972,0.968404598325,0.267600586346,2.13431520254,1.2044072004
0,0.150620343046,0.967567761082,0.268079167807,2.12978234345,1.20340785177
0,0.148521646985,0.966744472065,0.267790777983,2.12748060769,1.20459919349
0,0.147304507679,0.967416777703,0.267709632727,2.13340775519,1.20453352302
0,0.148076768174,0.964825714905,0.267051400536,2.12419716039,1.20188890276
0,0.15032632475,0.966542472862,0.267419320164,2.12271989505,1.2046698741
0,0.149572664297,0.96485227136,0.267179673649,2.11998423498,1.20256586091
0,0.151276935005,0.965614800277,0.267212508925,2.11949652863,1.20301176531
0,0.149558645135,0.967648204866,0.266859738579,2.1289790646,1.20507229885
0,0.150205294907,0.967632479809,0.267311347266,2.13014391161,1.20380391277
0,0.149229214749,0.966514657514,0.266620114739,2.12796976497,1.20307251071
0,0.149141332002,0.964587112593,0.267003027913,2.12022323169,1.202214798
0,0.148956488711,0.963000291896,0.266037486341,2.11138066751,1.20285387156
0,0.148774800677,0.966687019495,0.266328033063,2.12305559289,1.20641491557
0,0.148950369295,0.964967242004,0.266075469303,2.12017127196,1.20338206453
0,0.148596360926,0.961430834266,0.266275600209,2.10671027827,1.20162554976
0,0.150285280881,0.964430715953,0.265543349496,2.11391701763,1.20383296434
0,0.149311899339,0.9638717704,0.266284451596,2.11786441738,1.20143528207
0,0.149683119075,0.962999305716,0.265938049672,2.11230477774,1.20166272087
0,0.147883189996,0.965487263657,0.264961074199,2.12341083017,1.20412951813
0,0.14895103538,0.967516499698,0.265265302969,2.13385121164,1.20291457242
0,0.149843690565,0.965215551917,0.264969338241,2.12352184881,1.20143422918
0,0.149435107534,0.963299558605,0.265167996531,2.11217499277,1.20272625651
0,0.147590871818,0.962902528322,0.26449935126,2.11309547692,1.20311767499
0,0.151277095336,0.964979851344,0.265233247032,2.11542792825,1.20345853313
0,0.147373711216,0.961486268608,0.264628970616,2.11084980499,1.20091702254
0,0.147103636664,0.960244062903,0.264075862151,2.10491496926,1.20104900081
0,0.149728932286,0.963853686169,0.26485653434,2.11305917624,1.20337565928
0,0.147722616993,0.960805720413,0.264046289448,2.10654267221,1.20102031224
0,0.148446150734,0.961715171195,0.264713835975,2.1070474759,1.20231800392
0,0.147817735743,0.960795013786,0.264189675328,2.10561230203,1.20136361223
0,0.148571621148,0.961726980568,0.263137530661,2.10800668995,1.20174244997
0,0.148563748935,0.961875628311,0.264472090629,2.10845981261,1.2018953797
0,0.149775650679,0.964370758571,0.263722164491,2.11418617604,1.2040581223
0,0.147416234828,0.962391626951,0.263374550739,2.11110868005,1.20300845697
0,0.146965807726,0.962946009568,0.26353174016,2.11406219724,1.203368082
0,0.147173379401,0.961222647683,0.263280639716,2.10932211205,1.20122214802
0,0.147972756946,0.961561923609,0.263643281075,2.10812010219,1.20187196533
0,0.147313859689,0.960291004719,0.262596386803,2.10372085037,1.20155319142
0,0.147548507524,0.959993311192,0.26300734611,2.10105875354,1.20190535801
0,0.146408095571,0.958808431909,0.262524067257,2.0988599183,1.20118298946
0,0.145981894988,0.960798276915,0.263146341347,2.10850914502,1.20175918905
0,0.148461869311,0.962232788986,0.263057366416,2.1103026264,1.20196875407
0,0.147294769794,0.963673706222,0.260626997594,2.11660763076,1.20358564474
0,0.145982825029,0.958101031537,0.261417051718,2.09894652456,1.19979645601
0,0.145825999637,0.958859443001,0.261937492956,2.10062818587,1.20100847954
0,0.144560423258,0.956617450519,0.262656969127,2.09295023608,1.20050804976
0,0.146217620575,0.960514065624,0.261693446596,2.10301116513,1.20356192542
0,0.145463376816,0.958284380088,0.261224471405,2.09793215238,1.20128146174
0,0.145446330034,0.959210250682,0.262472279217,2.10142758271,1.20186546974
0,0.146750326532,0.961593517859,0.261967551113,2.1106581248,1.20190436988
0,0.145858507472,0.958878773711,0.261845524466,2.10199229341,1.20034224493
0,0.144870992155,0.957834186783,0.26059669172,2.0981922782,1.20061830026
0,0.144167672022,0.959009278091,0.261242207155,2.10275056992,1.20198020291
0,0.145128692586,0.958761123986,0.260761493632,2.10220334877,1.20067240747
0,0.145810162845,0.958438170883,0.260726291659,2.0982000448,1.2011852065
0,0.144764530626,0.956568379467,0.260175241189,2.0899946562,1.20165905457
0,0.146461865039,0.957983036505,0.261200257408,2.09314301275,1.20192418458
0,0.144808328049,0.956681552636,0.259979492751,2.09197410665,1.20090846464
0,0.144450253219,0.956872712976,0.260060451455,2.0952697769,1.2000966052
0,0.145649363616,0.956733761034,0.26069086208,2.09105549648,1.20065725524
0,0.145087145482,0.957486861298,0.260479264053,2.09302926729,1.20211533863
0,0.142626690661,0.955632214948,0.260063924377,2.09124850284,1.20082956026
0,0.143124231408,0.95358221513,0.259575297643,2.0817308608,1.19996584072
0,0.144817567086,0.956234186765,0.260303241847,2.087847253,1.20184423763
0,0.143502079066,0.957862627924,0.260061467248,2.09986276039,1.2012230752
0,0.14340191379,0.95596580291,0.259239952831,2.09300655842,1.20000927878
0,0.144834972589,0.957371057872,0.259187172113,2.09522626322,1.20097950514
0,0.14345239569,0.954562672367,0.259303916731,2.08860587609,1.19865131214
0,0.144758117494,0.958917951832,0.259076727403,2.10080017062,1.20213664144
0,0.143401170282,0.956287829354,0.259192379599,2.09454416146,1.20004628687
0,0.145040023093,0.955578525993,0.259377463749,2.08818304615,1.19981473339
0,0.142057759646,0.952903212888,0.259046347609,2.08209299957,1.19915373766
0,0.141915698187,0.955032623696,0.259237150998,2.08693319883,1.20219922638
0,0.14397300382,0.955602605519,0.258032618257,2.08967582967,1.20019555963
0,0.142052720039,0.952313819409,0.258253803686,2.07974490835,1.19885933907
0,0.142510723185,0.952853731689,0.257755903779,2.08164776308,1.19879968903
0,0.14329004804,0.957964384815,0.258922874476,2.10186158096,1.20069008831
0,0.142548056373,0.955120833345,0.25783925188,2.08938193905,1.20056302231
0,0.142478300736,0.957840843272,0.257917808862,2.10034894819,1.2019492979
0,0.144975491124,0.954393256798,0.25855114646,2.08448474558,1.19876524288
0,0.144004146649,0.952651735267,0.257384198401,2.07787668936,1.19868681164
0,0.14243025149,0.953252257868,0.258275677992,2.08090117585,1.20024976986
0,0.142131015677,0.951103719024,0.257657982732,2.07635798947,1.19744925162
0,0.14264072462,0.951073671395,0.257374422495,2.07378292505,1.19815195645
0,0.143295951566,0.953340492,0.257310977036,2.08075714602,1.19967667025
0,0.14177158575,0.953945663373,0.257652985449,2.08407016576,1.20105745453
0,0.141549158429,0.952452713419,0.257207922241,2.08152055371,1.19882231283
0,0.142093901644,0.952655930281,0.256570802213,2.08282565037,1.19813306358
0,0.142700372985,0.954253691072,0.25700990337,2.08570961301,1.20007901307
0,0.143737988948,0.954910134522,0.256904867404,2.08653414589,1.20027023903
0,0.142504086121,0.956187708741,0.25631291736,2.09317784728,1.20137622648
0,0.143749750089,0.953756701301,0.257400079939,2.08258519816,1.19934936882
0,0.143399725925,0.953090863387,0.257046229155,2.07866277173,1.19999601155
0,0.141845310349,0.951588078844,0.256308993912,2.07730958389,1.19847005954
0,0.140906450332,0.95067640394,0.256492564307,2.07534758593,1.19811073132
0,0.141559978778,0.949609235292,0.256691825746,2.06934211667,1.19779201598
0,0.140890702013,0.949677011646,0.25607724622,2.06936746017,1.19861806201
0,0.140370398308,0.951035850504,0.256127855787,2.07605805349,1.19919016583
0,0.141639772641,0.952015261978,0.255416288118,2.07813584739,1.19933042346
0,0.141327666471,0.950550446364,0.255457765152,2.07484013094,1.197628349
0,0.140836761305,0.950552135865,0.255016132359,2.0723691289,1.19935897858
0,0.139815368216,0.951205340906,0.254982325957,2.07491513864,1.20074037945
0,0.141851084415,0.949778408389,0.255397271502,2.06882244575,1.19818367831
0,0.140935264503,0.948218968299,0.255107840622,2.06417160807,1.19752631724
0,0.140278216723,0.947266317145,0.254667825429,2.0600930612,1.19784101053
0,0.139059988106,0.950139766498,0.255131204667,2.07590335708,1.19833771439
0,0.141371475415,0.952574982679,0.254577601791,2.08407654856,1.19802767181
0,0.14060512741,0.951941613444,0.25488383243,2.07969458228,1.19940158009
0,0.140373980665,0.952215926376,0.255362671482,2.07826431191,1.20103364394
0,0.138888096798,0.947398698379,0.254608571615,2.06292573711,1.19814574562
0,0.138823288024,0.949116434189,0.253782130686,2.07020369624,1.19886591432
0,0.139447893572,0.949356003221,0.254212390769,2.07299899314,1.19744258288
0,0.140487002189,0.953592443482,0.254429793634,2.08875383207,1.19911715523
0,0.137553814619,0.951589336943,0.253332983474,2.08266689608,1.20008604459
0,0.139693691844,0.94791406131,0.253488470025,2.06505602363,1.19756341454
0,0.138507463032,0.946250819926,0.253147825379,2.05798706973,1.19812601707
0,0.14183539755,0.948840227724,0.253927747701,2.06647931652,1.1970254784
0,0.139528160288,0.949118300564,0.253884222654,2.06870985737,1.19891262742
0,0.139521449664,0.946084284763,0.253362677729,2.05956558739,1.19590643327
0,0.139305145775,0.945490853974,0.252660428997,2.05347070317,1.19768660271
0,0.13928653816,0.94764908765,0.252652088789,2.06516668145,1.19725280516
0,0.138882965911,0.949936741442,0.253542756517,2.07020729209,1.20085520616
0,0.13835276188,0.948549294068,0.252992855975,2.07305113327,1.19649487144
0,0.139158381346,0.947447402594,0.252196067808,2.06526680691,1.19682668624
0,0.138603474496,0.947528449768,0.253382107049,2.06547881746,1.19747820598
0,0.138837739569,0.94630209055,0.252702356373,2.061068581,1.19638316115
0,0.136988036792,0.944885100523,0.253080097771,2.05963452775,1.19540741567
0,0.138746896782,0.94679543145,0.252998057994,2.05964488134,1.19841920591
0,0.13772660262,0.944171343242,0.252513883326,2.05506465668,1.19516939201
0,0.136895138603,0.947858492273,0.251803433902,2.06858818131,1.19845696628
0,0.137779364269,0.947198862191,0.252085204939,2.06382571396,1.198304899
0,0.138559635866,0.947235403492,0.251886665858,2.06338923944,1.19783421814
0,0.136279105621,0.945331947689,0.252079523996,2.06153571712,1.19628287026
0,0.138599531327,0.946076214681,0.250849553337,2.05961321596,1.19678436229
0,0.137319125967,0.944004451514,0.252582765194,2.05393645592,1.19572374011
0,0.140110012684,0.944912510722,0.252908268771,2.05232264776,1.19600990518
0,0.138291129005,0.946011965883,0.251981893406,2.05708082452,1.19819833842
0,0.139915396062,0.949737392462,0.251685543628,2.07020520417,1.19932544779
0,0.139115055732,0.950194041324,0.25191160026,2.0740419053,1.19934906009
0,0.138154848647,0.945009700862,0.251880780558,2.05932102456,1.19470885605
0,0.13639924126,0.943950656701,0.250665592535,2.05331669867,1.19681901617
0,0.137778031104,0.943325922834,0.25065874503,2.04830346976,1.19638500631
0,0.137281716608,0.943619139727,0.250339694889,2.05251993952,1.1955061279
0,0.139244894827,0.944414284144,0.250158040971,2.05198574894,1.19579790588
0,0.137497715634,0.944914844246,0.250809053531,2.05563706783,1.1969708263
0,0.139276382024,0.944993668271,0.250526627845,2.0566862741,1.19486461661
0,0.138101468264,0.942713553639,0.250920585989,2.04822952779,1.19456761701
0,0.138106528001,0.942957349801,0.250938841022,2.04745746306,1.19555808009
0,0.137468456185,0.94353985355,0.250705370239,2.05160299189,1.19557964679
0,0.136975819414,0.944622607772,0.25011905907,2.05495643729,1.19710244651
0,0.137642669016,0.944085070811,0.249771231772,2.05510616356,1.19501689119
0,0.138225083654,0.947382634436,0.249337095862,2.06321279466,1.19862507031
0,0.135353968841,0.941220567267,0.248856285817,2.04705571721,1.19416955604
0,0.136497135519,0.940280759156,0.249625829243,2.03783967909,1.19528488791
0,0.137105080703,0.943277792387,0.249297565315,2.04939699184,1.19639086941
0,0.135715202748,0.943291315346,0.249086085606,2.05228558889,1.19637025625
0,0.136473621621,0.944304458621,0.249677613939,2.05733179948,1.19562159017
0,0.136558038566,0.944173914969,0.249652479695,2.05608616065,1.19583363313
0,0.13575556092,0.944849467403,0.249157417111,2.05577906313,1.1984785409
0,0.134733979266,0.940626300093,0.249116726836,2.04361780144,1.19502283555
0,0.134170762584,0.938965603097,0.248558927166,2.03763016658,1.19442812689
0,0.135413165644,0.942150296182,0.249349568683,2.04728437719,1.19632035108
0,0.134956873105,0.943107896231,0.248756859949,2.05163737273,1.19699414595
0,0.135993732159,0.94137130882,0.248118440322,2.04534864856,1.1947601806
0,0.136473878047,0.943723567626,0.248344072851,2.05225752506,1.19670624335
0,0.135474583593,0.943055039267,0.248602002859,2.05496936493,1.19467829683
0,0.136192156742,0.943618539359,0.248491451523,2.05322268921,1.19624281209
0,0.13612079059,0.942085409143,0.248090955979,2.04762456012,1.1952804172
0,0.135226378533,0.94215650493,0.247722553472,2.05130127672,1.19451421053
0,0.134755326998,0.941241151579,0.247546349377,2.04808186197,1.19430658595
0,0.135403313444,0.938474300577,0.248069199698,2.03245270386,1.19455605126
0,0.135738627087,0.938682730229,0.24816789248,2.03558834305,1.19317399221
0,0.135669636364,0.941319504039,0.247586109751,2.04201357915,1.19662229947
0,0.134925780667,0.941711555588,0.247886996561,2.04693018684,1.19588797989
0,0.133936435747,0.940240194236,0.247312148668,2.04345479585,1.19493661692
0,0.134291633713,0.941421659393,0.247682131247,2.04415010175,1.19718742899
0,0.135122702526,0.942508558874,0.247666418186,2.04892851789,1.19668440092
0,0.133345831396,0.939088851735,0.247830165411,2.04155108356,1.19360072112
0,0.133486985745,0.935719367998,0.247850519885,2.02691959349,1.19235160296
0,0.133091249676,0.937043371041,0.246947061054,2.02980398479,1.1946151506
0,0.134170536376,0.941115395799,0.246508264644,2.03990547331,1.19866518142
0,0.133749298092,0.939919132931,0.246959833094,2.04170021245,1.195198393
0,0.134637519424,0.936710947754,0.246904336837,2.0307589924,1.19176031931
0,0.133962317111,0.936937096865,0.246706464385,2.0303873902,1.19318669515
0,0.133487029228,0.940030729143,0.245803468338,2.04206457684,1.19555747007
0,0.134581567376,0.939196640394,0.246419063071,2.03963862672,1.19359068555
0,0.134595062031,0.940952757111,0.246635632448,2.0459128703,1.19483036074
0,0.134224825645,0.940718088445,0.246305730404,2.04167802526,1.19673134806
0,0.134993224268,0.938149893799,0.247240730332,2.03279908921,1.19398193077
0,0.13412142069,0.939138871185,0.245972744883,2.03952167996,1.19396488223
0,0.135703793694,0.940053895454,0.246192322451,2.03986166771,1.19450007647
0,0.13263037464,0.937796923877,0.246020757547,2.03666097121,1.1935314144
0,0.132948578466,0.93633287511,0.245214455727,2.02812642335,1.19382036282
0,0.134713707078,0.937329480305,0.245741664326,2.0263022364,1.19545884037
0,0.133169897163,0.938559154481,0.245043998964,2.03736997608,1.19454296626
0,0.132920291052,0.935855233903,0.245020022349,2.02985739264,1.19178906272
0,0.132129366462,0.936870074205,0.245382402895,2.03400064942,1.19304545958
0,0.134250339911,0.938444857557,0.244717642494,2.03465736401,1.19453308718
0,0.132991890991,0.941565364557,0.245495731485,2.04973487821,1.19605404631
0,0.133965467499,0.939398039108,0.244973084948,2.03752613107,1.19576652977
0,0.134679191803,0.937400367812,0.245283312382,2.03152270248,1.19306034185
0,0.131929534482,0.935253858113,0.244634728272,2.02592823959,1.19324095657
0,0.131049332025,0.934160668003,0.244439761588,2.02268831464,1.193008146
0,0.132378799019,0.934188208524,0.244660792843,2.02067603287,1.19275367116
0,0.135169801881,0.938054429684,0.245066229446,2.03154313631,1.19419466918
0,0.133081719578,0.936971191856,0.244521278348,2.03335740047,1.19266752492
0,0.133520129845,0.936907136721,0.244152512868,2.03128226262,1.19310654602
0,0.132999480027,0.937086950226,0.243813768212,2.03153834082,1.19394869077
0,0.132356505972,0.933731990251,0.244168838427,2.02254132397,1.1907027729
0,0.132438093949,0.935845283366,0.244002937026,2.02692750704,1.19371132619
0,0.133617324347,0.937062234221,0.243799306471,2.03097211314,1.19355216981
0,0.133402415975,0.943782854046,0.245366877374,2.05651518827,1.19779709015
0,0.133008963054,0.936523390214,0.244405421246,2.03057701493,1.19301097025
0,0.132523462396,0.933539160316,0.244163209669,2.01878640834,1.19193119977
0,0.13172826725,0.935709834498,0.243554538532,2.02484134057,1.19512561404
0,0.131841447689,0.93329845183,0.243783726165,2.01861540131,1.19209694632
0,0.130927826248,0.935175022825,0.243680809544,2.02901870644,1.19250034294
0,0.132394873167,0.937032547365,0.243114974121,2.03370088054,1.19333601996
0,0.131183783756,0.933339881,0.243663727664,2.01939019875,1.19247078484
0,0.130564491009,0.933851373688,0.242270968763,2.0237917708,1.19216802334
0,0.131873446432,0.936417694773,0.243503817054,2.02946476989,1.19443837088
0,0.131772038331,0.934241573345,0.242664694963,2.02260136719,1.19253117648
0,0.131420705794,0.935199932021,0.242327550376,2.02918876646,1.1919847065
0,0.132547904608,0.93456163652,0.242813884693,2.02394206942,1.19188511732
0,0.130162955899,0.933268012696,0.243835428606,2.02050715824,1.192753462
0,0.130422540912,0.932373071934,0.242903185345,2.01752526156,1.19174747344
0,0.130290945835,0.931072249066,0.242790995674,2.01494919049,1.18991504702
0,0.130494169232,0.930830731282,0.242744126591,2.01205998701,1.19055263111
0,0.130535452179,0.932746868687,0.242405785048,2.01783347274,1.19241494851
0,0.131249214981,0.931088999834,0.242091163493,2.01145497491,1.1907457624
0,0.131765828067,0.933510661544,0.242492639608,2.0174230402,1.19329927091
0,0.129859242756,0.932813739384,0.242610031737,2.01914491932,1.19260261121
0,0.13154216569,0.93543783596,0.242200600293,2.02837351386,1.19286563238
0,0.131509351081,0.936090569394,0.242435162425,2.0303742764,1.19352989919
0,0.130705475508,0.934776976161,0.241195064346,2.02881892462,1.19182746784
0,0.131058709841,0.932248219941,0.242232757463,2.0155731823,1.19177521421
0,0.130218383251,0.931395408872,0.241221672255,2.01551382538,1.19051319181
0,0.130517674191,0.93332378749,0.241474272236,2.02027618734,1.19265366666
0,0.12978055521,0.932004333747,0.241380120702,2.01753148168,1.19146450347
0,0.129796340482,0.929559001865,0.241272230308,2.00744007631,1.19038109151
0,0.129811749729,0.929326797441,0.241350471674,2.00396525196,1.19152258335
0,0.131042980365,0.929748792742,0.241068743914,2.00427153275,1.19119320052
0,0.131174458174,0.932072821473,0.240898489769,2.01574512612,1.1911349979
0,0.131970631915,0.932637456095,0.241818166635,2.01773656822,1.19075468947
0,0.130471617337,0.932072846998,0.241128333383,2.01586403822,1.19177844637
0,0.132136731119,0.932902094281,0.241654768403,2.01783635081,1.19120029456
0,0.130629555282,0.93251572434,0.241186443896,2.01868726507,1.1913160886
0,0.130582412957,0.931300694355,0.240801460498,2.01273242503,1.19130307567
0,0.131155933022,0.931549430398,0.241221433922,2.01403077674,1.19070222012
0,0.130969768367,0.932685062173,0.24107403648,2.01738233531,1.19205168473
0,0.12990905768,0.931509577413,0.240233470484,2.01376394718,1.19198287726
0,0.132205680434,0.934444210091,0.240652550363,2.01709445671,1.19535758158
0,0.130660158508,0.931818891816,0.240995428523,2.0169060875,1.19043399281
0,0.130456022174,0.931186387325,0.239890207896,2.01443368947,1.19029306674
0,0.130467835713,0.931488295209,0.240180925127,2.01606216956,1.19022178279
0,0.130426156537,0.931320849512,0.24011790263,2.01427733218,1.19073726635
0,0.130740042657,0.931142157101,0.24013013613,2.01166750484,1.19128156309
0,0.131183610739,0.932255839153,0.240483933228,2.01738760023,1.19076215241
0,0.13051732679,0.930950757832,0.24013459353,2.01147623644,1.19112141522
0,0.132309123221,0.929829025439,0.240145118814,2.00559924587,1.18946378292
0,0.129679325782,0.930051993113,0.239314088914,2.00948921481,1.19070601508
0,0.129522935252,0.931188430802,0.240170537937,2.01602332987,1.19043644203
0,0.129506641949,0.931556810702,0.239834560785,2.01746362168,1.19065353926
0,0.130362266948,0.930271284434,0.239606748714,2.01131485959,1.18965847949
0,0.128569117928,0.928627155678,0.238726172361,2.00732154825,1.18933796254
0,0.130194116442,0.929436777061,0.239245365497,2.00551231901,1.19064163198
0,0.129412896992,0.927764735912,0.239037525058,2.00119818039,1.18939981826
0,0.129978297872,0.927757700884,0.238876243518,1.99642211471,1.19120486265
0,0.129067650762,0.931173005628,0.239525655198,2.01519633466,1.19126666128
0,0.130396590674,0.930887968022,0.239869378202,2.0127559407,1.19044532469
0,0.130391752294,0.929473300865,0.238529927022,2.00663529969,1.18997381557
0,0.128029118311,0.929231255254,0.238245797434,2.01037360542,1.18986218286
0,0.130958717802,0.932918321549,0.238995829675,2.01694908865,1.19286250692
0,0.129773592816,0.929121813575,0.239498970714,2.00737450379,1.18934365434
0,0.129700152504,0.926468096483,0.238850897717,1.99642934435,1.18825538222
0,0.130401842131,0.927492410252,0.238908709713,1.99675775371,1.18995027227
0,0.128038082141,0.928710982355,0.237550019797,2.00348117412,1.19199875225
0,0.127774779654,0.926654963358,0.23907981052,1.99906669422,1.18932924717
0,0.128205613919,0.92523007517,0.23857776305,1.9913029789,1.18921805008
0,0.129270650111,0.92797474989,0.237599746601,2.00317383822,1.18907927096
0,0.129203411971,0.927701043731,0.238387386376,2.00430342508,1.18789745029
0,0.129671533652,0.929043746459,0.238349586158,2.00441204628,1.1907317748
0,0.128613692775,0.926676284928,0.238096395854,2.00049687643,1.18782854693
0,0.128605138605,0.928223700041,0.237285486756,2.00435343607,1.18977735883
0,0.129696324236,0.928174241789,0.238275729474,2.0026239713,1.18942726014
0,0.129522630687,0.926224331433,0.238292123051,1.99345101517,1.18931265568
0,0.130044605848,0.927899702546,0.238472153438,1.99724587173,1.19108168036
0,0.129979427236,0.927113333645,0.238198210308,1.99555316069,1.19002729229
0,0.127293497251,0.927184297694,0.237321680657,2.00198701521,1.18967370489
0,0.129343208826,0.927613631423,0.237669934518,2.00432095617,1.18753035736
0,0.128903670366,0.925801828705,0.236733010516,1.99645899755,1.18737136818
0,0.127671942341,0.925414557196,0.236819169933,1.99464806315,1.18854038471
0,0.13070044813,0.932425241074,0.237397089314,2.01525276756,1.19273623599
0,0.127740836914,0.9304514421,0.238046225102,2.0115917024,1.19259188269
0,0.128843350801,0.929856076379,0.237611215229,2.01118923546,1.19020218775
0,0.126139259938,0.92572429327,0.236904184091,2.0002487102,1.18804708327
0,0.126677105855,0.925326134072,0.236775135104,1.99621708304,1.18852965317
0,0.135377689269,0.94007723495,0.237839873572,2.03108013885,1.19927529382
0,0.129160729798,0.931620826217,0.237156534926,2.00732987201,1.19622636524
0,0.127206938053,0.923155711996,0.236837987214,1.98392759127,1.18871851185
0,0.128683707345,0.924897688524,0.236975519781,1.98745116205,1.18983489843
0,0.12690412474,0.924004278657,0.236796225013,1.9918410326,1.18718602131
0,0.128714004139,0.925022442749,0.236796171382,1.99005901287,1.18881256152
0,0.12834490209,0.927363250696,0.236689641382,2.00078098385,1.18967269848
0,0.127453713694,0.925800658751,0.236442149863,1.99707102712,1.18851238536
0,0.128145915919,0.928250474784,0.237309365696,2.0031965582,1.19088195733
0,0.129029257902,0.92985977406,0.237295231047,2.00998455925,1.19062786277
0,0.127198117359,0.925628417436,0.23651927471,1.99373483592,1.19000547363
0,0.124260411338,0.924594512353,0.236392716792,1.99513530424,1.18965818279
0,0.127793351925,0.921997069621,0.23577789728,1.98121946852,1.18658955371
0,0.129251737291,0.924582034958,0.235810723134,1.98473936455,1.1898336334
0,0.12780818013,0.924653512555,0.235322577899,1.99180575891,1.18792268755
0,0.126586164544,0.925925386094,0.235827241139,1.99764116575,1.18940668332
0,0.128136082233,0.925665978516,0.235731974165,1.99855821923,1.18674971994
0,0.127726946731,0.923444826652,0.235514285206,1.98676565341,1.18750225898
0,0.126275753281,0.921676568531,0.234886858274,1.98241796912,1.18670664933
0,0.127600536385,0.923258773253,0.235468845604,1.9849510279,1.18807084844
0,0.127565702669,0.922978309259,0.234376870584,1.9832647622,1.18824765501
0,0.128871814631,0.926721196888,0.235206743747,1.99839725939,1.18873251336
0,0.128564394937,0.927578152347,0.234549276421,2.00263140516,1.18906524881
0,0.12868325934,0.929123801477,0.235012874459,2.00880202326,1.18972519811
0,0.126309448723,0.926128688445,0.235031479175,2.00050905738,1.18875770935
0,0.126570846589,0.923604630803,0.234278695839,1.9880894944,1.18839594868
0,0.12570401776,0.920813903057,0.234837189518,1.97995651919,1.1863524458
0,0.12674348841,0.921269009458,0.234600608322,1.97785583108,1.18750108523
0,0.127095706041,0.925077100407,0.23434213137,1.99368033115,1.1887568449
0,0.126207331877,0.922241808528,0.23452033908,1.98619800676,1.18629815161
0,0.127303698999,0.925487613398,0.235067433511,1.99531512357,1.18875773833
0,0.125691059681,0.922423408054,0.233973786088,1.98797710043,1.18637887576
0,0.124911045724,0.925167211014,0.233822382675,1.99678533862,1.18961427802
0,0.125487398042,0.922811733652,0.233961983142,1.99150379656,1.18579000336
0,0.125849253996,0.922157089106,0.233637377022,1.98295733809,1.18806476516
0,0.12475337713,0.923302678747,0.233882759007,1.99096750816,1.18801953133
0,0.124912920305,0.923712032188,0.233487891917,1.99259245485,1.18807089847
0,0.125789401273,0.922511000448,0.234106395744,1.9855183753,1.18772887777
0,0.126988179707,0.923372360871,0.234230159407,1.98574867331,1.18856835156
0,0.126895986583,0.923721627412,0.233866728952,1.98861176257,1.18810216623
0,0.126865974381,0.921493247243,0.233462324404,1.98174824047,1.18599298935
0,0.126731131662,0.922727921389,0.233080700083,1.98558982456,1.1872937252
0,0.125059430005,0.920739860932,0.233429562108,1.97819762084,1.18769137777
0,0.127505083122,0.921303417797,0.234352628994,1.97876831336,1.18636927051
0,0.125324593318,0.920375238129,0.233616798457,1.97773286842,1.18674703351
0,0.126898310456,0.921347952897,0.234083446022,1.97862441654,1.187159329
0,0.127696454647,0.925584313044,0.234071251508,1.99377459968,1.1893769937
0,0.125791147669,0.923828653453,0.234224875298,1.99107657229,1.18824216533
0,0.126987558337,0.923863867152,0.233244881723,1.9886797864,1.18833218192
0,0.127540592174,0.923847747248,0.232868737813,1.98881534664,1.18767106813
0,0.126153155301,0.920424084358,0.233713945357,1.97901051824,1.18540176232
0,0.128928865014,0.930379913259,0.233949189006,2.01490070544,1.18957053077
0,0.127149225727,0.929163240781,0.232536862617,2.010386037,1.19056582306
0,0.125695974306,0.920207633829,0.233422323256,1.97835071075,1.18564772051
0,0.125464499894,0.916866126949,0.232727663999,1.96288396554,1.18525880044
0,0.125216003254,0.917444190979,0.232479674121,1.9652053692,1.18579175555
0,0.126119301016,0.918285637758,0.233300682319,1.96642629538,1.18638161162
0,0.124971132082,0.919318008419,0.23288893419,1.97317275376,1.18673747765
0,0.123462961271,0.924776287525,0.232133635774,2.00080581905,1.1880748136
0,0.137755326371,0.950809915436,0.237125048583,2.079100696,1.19971907894
0,0.128064410839,0.92660584196,0.232426009798,2.00287771019,1.18701130439
0,0.126062360897,0.919232891823,0.232291509604,1.97018813454,1.18692576732
0,0.125977138849,0.917037232703,0.231693115278,1.96010195359,1.18656493182
0,0.125819495267,0.916600185642,0.232366856239,1.96047985382,1.18544100782
0,0.123907661634,0.915801126882,0.231923936663,1.96129774257,1.18494625003
0,0.125444660566,0.919544108785,0.231743058942,1.97423718234,1.18629698617
0,0.125902294368,0.925786957264,0.231898115898,1.99850316619,1.18931348127
0,0.124948956585,0.917820589336,0.231686038196,1.97097974495,1.18411261
0,0.124356163484,0.917602387588,0.231529333064,1.96609938665,1.18660007794
0,0.124164611479,0.918741502645,0.231256574551,1.97354763713,1.18591529227
0,0.124168193085,0.916995868056,0.232012860477,1.96904748686,1.18379769932
0,0.124071908372,0.920120368506,0.231962996536,1.98018831109,1.18613482303
0,0.124371951728,0.921409652898,0.231883741628,1.98396447752,1.18716990741
0,0.125731376664,0.919642224553,0.230825278606,1.9752361524,1.18575607428
0,0.124794170077,0.917048633515,0.230672435736,1.9664038093,1.18462547527
0,0.124922511667,0.916819208721,0.231146468589,1.96371170899,1.18526962132
0,0.123488349244,0.917660408192,0.230610082193,1.96614697524,1.18758914942
0,0.123520663266,0.918732315267,0.230122147752,1.97357167878,1.18652425159
0,0.125215311253,0.921111804456,0.23129196382,1.98144651289,1.18684090953
0,0.126360318951,0.924146176991,0.230696601307,1.98859810736,1.18970603545
0,0.124380362708,0.921119017244,0.231690227052,1.98164278762,1.18759575226
0,0.123741720625,0.917084209689,0.231697872922,1.9703116719,1.18381293339
0,0.124764570568,0.917837550081,0.230477019675,1.97289222045,1.18338316032
0,0.12455718882,0.920409851475,0.229861645213,1.98079631843,1.18606924625
0,0.12433196088,0.918442098845,0.230360105945,1.97301897858,1.18526376284
0,0.124075137195,0.917890227695,0.230020539663,1.96772217334,1.18678931115
0,0.1235760481,0.918414122747,0.230202420033,1.97077405001,1.18707219968
0,0.125589357321,0.918753968997,0.230659672946,1.96996764383,1.18631170895
0,0.123692611811,0.917196439447,0.229860945169,1.96812091711,1.18523799392
0,0.124435226354,0.916800009377,0.229750950301,1.96517861744,1.18497545436
0,0.123528090726,0.914872337468,0.230360386821,1.95839717722,1.18445413025
0,0.1248899191,0.915805937379,0.230252802195,1.96017636179,1.18453670941
0,0.123622263545,0.915942969605,0.230640421787,1.96180121077,1.18533452081
0,0.124780224165,0.916943751853,0.22954703292,1.96472096186,1.18521864074
0,0.124739846924,0.918448820688,0.229299142304,1.97388914697,1.18443759718
0,0.124955742801,0.91908513443,0.23024613957,1.97299983088,1.18625714353
0,0.123662187246,0.917166882815,0.229889073308,1.9684470074,1.18503148186
0,0.123769654872,0.916353469471,0.22901992747,1.96238128827,1.18592334051
0,0.123576418786,0.915249049603,0.229403000834,1.9592196951,1.18493632356
0,0.123102786341,0.918447479014,0.228981521698,1.97246505501,1.18678334954
0,0.123647324393,0.916568611932,0.229473204659,1.9657367601,1.18490579122
0,0.123000169348,0.916435298156,0.22995770877,1.96597291649,1.18510158388
0,0.122620246792,0.916326992276,0.229414577328,1.96619092724,1.18510173601
0,0.122600114127,0.914740297635,0.229223312534,1.95935505458,1.18457306861
0,0.123725511305,0.917585968496,0.22935259726,1.96722200643,1.18662837281
0,0.122010633935,0.918207790741,0.228871101707,1.97012723728,1.18844519011
0,0.12279920078,0.91643738666,0.228742478344,1.96682460993,1.1848819269
0,0.123842671422,0.915718794292,0.228170954332,1.96230883836,1.18429986084
0,0.121733667205,0.914846313486,0.228507881961,1.96310238544,1.18383088959
0,0.123399129352,0.918725855708,0.228530750765,1.97594481824,1.18544306636
0,0.123931012553,0.915394598742,0.228591757119,1.96537310461,1.18186889808
0,0.123944921048,0.915644798833,0.228815232751,1.96083688664,1.18474859839
0,0.122540772602,0.913064030553,0.228664180894,1.95250223865,1.18386815051
0,0.122869562312,0.91454281235,0.228055058165,1.95514107518,1.18591689694
0,0.123767305931,0.914416833672,0.2287888686,1.95689719036,1.1838261488
0,0.123330870575,0.913832840185,0.228807768727,1.95769960966,1.18240139088
0,0.12291442083,0.914346713056,0.228273493225,1.95778063329,1.18406201109
0,0.123754414798,0.91601322618,0.227778739495,1.96155381212,1.18550171066
0,0.123524840839,0.913606735264,0.228356415215,1.95395867552,1.18351262585
0,0.122245191368,0.912664888885,0.228205173378,1.95332749868,1.18275324752
0,0.122165280017,0.913958189724,0.227708024399,1.95988807977,1.18278612043
0,0.122586103557,0.914219281273,0.228085479276,1.95579912085,1.18506250523
0,0.123098395289,0.916946434647,0.22738889448,1.96621091167,1.18616220136
0,0.122909261818,0.91439156507,0.228397563838,1.95724029624,1.18444946856
0,0.12169337244,0.915616708165,0.2268930742,1.96282542851,1.18593564955
0,0.124039287436,0.918220563989,0.227360291475,1.97108883044,1.1859676728
0,0.122891023993,0.914411023874,0.227652600873,1.9604890788,1.18289196244
0,0.123487096576,0.914812604527,0.227591917858,1.95731964677,1.18488455714
0,0.122720065582,0.914235907984,0.226441072311,1.95711817422,1.18431058292
0,0.121177964462,0.912529304192,0.227116443022,1.95395773251,1.18316639534
0,0.122188048777,0.913805857743,0.226595065945,1.9553374756,1.18465782376
0,0.122604387374,0.913614637931,0.226806358992,1.95597885947,1.18344274377
0,0.121502500988,0.912303617717,0.226079606911,1.95163745696,1.18343778084
0,0.121346554887,0.911311603508,0.226782623505,1.94653809804,1.1836633707
0,0.120984895767,0.911076163804,0.226485472694,1.94711317351,1.18314889305
0,0.121372236831,0.912214300335,0.226273625168,1.95231119171,1.18300788386
0,0.12240467796,0.916578664824,0.226424565485,1.9674968411,1.18529352948
0,0.121785288092,0.915897344367,0.226503638699,1.96652401875,1.18469602921
0,0.120527083791,0.913434701192,0.226275376933,1.96001684444,1.1830512127
0,0.121322117203,0.912275935436,0.226523145765,1.94989281554,1.18442127932
0,0.12155724927,0.911791225996,0.225192489479,1.94896803324,1.18343676513
0,0.12184787203,0.914932341725,0.226472311668,1.9632887387,1.18383857883
0,0.124373437701,0.919391602058,0.226737066316,1.98024780239,1.18398163203
0,0.12202422017,0.912792063919,0.226291790855,1.95566715519,1.18212232813
0,0.121721844745,0.911859313279,0.225606403629,1.94790778903,1.18397250987
0,0.121983552136,0.910083019297,0.225816567531,1.94001078932,1.18321856775
0,0.120393549586,0.912575890764,0.225931076633,1.95607145032,1.18301041817
0,0.12098075015,0.91202505421,0.225513499825,1.95293399627,1.18261485329
0,0.121296011973,0.911405720903,0.224959730943,1.94976714704,1.1823346826
0,0.122111550359,0.913098220552,0.225505689603,1.9532987666,1.18398458351
0,0.120573472503,0.911211368089,0.225558549184,1.94745804231,1.18372589254
0,0.121676077604,0.911148838131,0.225471930235,1.94654302724,1.18292446991
0,0.121118028239,0.91059471133,0.225446937644,1.94463179014,1.18305282119
0,0.121756549909,0.911921371164,0.225426108243,1.95025952359,1.18291708207
0,0.121190416518,0.911789056663,0.224907755235,1.95050984435,1.18302726897
0,0.121974706473,0.913128562317,0.225451852757,1.95444892354,1.18362220383
0,0.120820988412,0.911233205777,0.22599700651,1.94975693352,1.18238352512
0,0.119294129703,0.908639378144,0.224736676407,1.94070663023,1.18195096685
0,0.119693087388,0.910175690605,0.224938092486,1.94571924993,1.18288648026
0,0.120665599158,0.911949328864,0.225060157813,1.95117037308,1.18362250241
0,0.120981224376,0.911193571384,0.225228607234,1.94719416348,1.18340558814
0,0.120399205412,0.907445775664,0.225008337726,1.93396637379,1.18123201294
0,0.121081005773,0.908112971346,0.225204939497,1.92947760055,1.18446258855
0,0.120231000757,0.910869285077,0.225408439383,1.94380686407,1.18503874616
0,0.118621224878,0.912151696775,0.224938750127,1.95623568127,1.18364014268
0,0.119602910515,0.912176787559,0.22479019552,1.95389040022,1.18389382423
0,0.120096781666,0.911439214136,0.224044721821,1.95435437961,1.18132402983
0,0.120516797279,0.910839751755,0.22452819146,1.94799803518,1.18258353051
0,0.12014854689,0.907413144787,0.223739441249,1.93205802889,1.18235526674
0,0.119810846304,0.909989069272,0.223375742982,1.94328066122,1.18352146218
0,0.118855501465,0.909181786471,0.223553912206,1.94427179025,1.18196303559
0,0.120417132516,0.90739497978,0.223864934905,1.93404017865,1.18105019373
0,0.119893634141,0.908745835367,0.223691609449,1.93902968473,1.18245607812
0,0.120557765929,0.909757605381,0.223696669248,1.94418404756,1.1817441897
0,0.120582799367,0.908145332594,0.224417913733,1.93737754603,1.18109172509
