epoch,generator_TD_Dense_0_loss,loss,model_1_loss,model_2_loss_1,model_2_loss_2
0,0.0795921836215,0.561046302805,0.0482643698751,10.081034635,9.70867443613
0,0.0495631037709,0.520750694377,0.0419056149166,9.82250231914,9.47331478561
0,0.047970714341,0.51262883565,0.058851295801,9.83663394597,9.34113301115
0,0.0484172154842,0.484605727714,0.0646899949086,9.33482954094,8.77218734307
0,0.0486720281145,0.476889512816,0.0676839939669,9.21621243642,8.61302160201
0,0.0491630734125,0.475833602428,0.0698359628543,9.22254191371,8.5825735376
0,0.0510600533886,0.476287299641,0.0723763955494,9.22915044334,8.55560486272
0,0.0518625669898,0.472982207111,0.0746418198456,9.18217562883,8.47425525063
0,0.0492446100027,0.443711603206,0.0726870155737,8.67674985825,7.93858436477
0,0.0510138478223,0.364766752537,0.07345209246,7.34454251889,6.32607185936
0,0.0496497908931,0.352302446965,0.0722183766551,7.32816713104,6.10270283036
0,0.0529271663594,0.351315140344,0.0743095478596,7.38382671815,6.02068656619
0,0.0521116909844,0.347464534217,0.0736838056216,7.32577853933,5.95916847811
0,0.0524313254143,0.345810683833,0.0737927014851,7.35529966889,5.92001842159
0,0.0514234765363,0.342764542786,0.0730885616125,7.32609774516,5.87824472866
0,0.0524638957386,0.342008024266,0.0735623059952,7.36549427936,5.84334638949
0,0.0507620792731,0.338715809566,0.0722554313763,7.32443260577,5.80983661385
0,0.0515628313927,0.337680380764,0.072572377827,7.35753091093,5.77391374359
0,0.0493202602142,0.334147849611,0.0704952317968,7.3341123451,5.74587197535
0,0.0508562952997,0.333871019898,0.071237706204,7.36993053434,5.71115071531
0,0.0504607882901,0.331965123378,0.0705675306061,7.38099939116,5.68054741811
0,0.0470073112591,0.327235892075,0.0677247799711,7.3305128355,5.65157885345
0,0.0473050658358,0.326277720472,0.0678352881439,7.35142075918,5.62675808533
0,0.0464481049793,0.32436257324,0.0671441291102,7.34147386472,5.60473739632
0,0.0454714070159,0.32232298982,0.0663257080438,7.33652050306,5.5825029893
0,0.049656957147,0.325635016763,0.0693343494823,7.37835135026,5.56921807473
0,0.0461430846039,0.321114050666,0.0666073012424,7.34635775091,5.54556233153
0,0.0489405128011,0.323279988947,0.0681631894625,7.44100214465,5.53572996775
0,0.0515063938563,0.324738867867,0.0700417317289,7.42885136637,5.5161558025
0,0.0458351873714,0.276455119139,0.0666197122972,6.59106746866,4.65823376009
0,0.0470135528007,0.238565259718,0.0683663614391,5.96154897766,3.87804764359
0,0.0484614015355,0.212634744397,0.0689769850404,5.55301641898,3.33192822502
0,0.0465531988103,0.207207475955,0.0677821513136,5.50942151506,3.25963870205
0,0.0472467220442,0.205986625679,0.0682401778871,5.52393237563,3.22204475579
0,0.0470206041575,0.203957608676,0.0679715606345,5.52664380502,3.18576065594
0,0.04888491196,0.204848635203,0.0692157310373,5.51422614874,3.16815934042
0,0.0459763606698,0.201028376055,0.067139156416,5.49500044537,3.1470166305
0,0.0459922467656,0.200174173698,0.0672077893852,5.49959258311,3.12963074849
0,0.0453249866245,0.198962442089,0.0668292217649,5.50656285674,3.11807405789
0,0.048545980792,0.201123094967,0.0691032623362,5.5110071764,3.10008823031
0,0.0462208569087,0.198590089476,0.0673610405444,5.53095503269,3.09360547147
0,0.0466321744272,0.198282243352,0.0675123627321,5.5063757764,3.07963351821
0,0.0460571388515,0.19720624261,0.0672713476071,5.51044975792,3.06903918035
0,0.0483066845271,0.198968932213,0.0690151814921,5.51421663926,3.06155160254
0,0.0494141097414,0.199527079763,0.0698873128674,5.53681347197,3.05167347419
0,0.0458674358195,0.195721414561,0.0673637776751,5.51677501942,3.04294697204
0,0.0464189825379,0.195707396267,0.067688361947,5.49168085749,3.03218722127
0,0.0468077997045,0.195657060568,0.068066749487,5.48433939679,3.0237929827
0,0.0491035722789,0.197510282319,0.0697821242237,5.54977458222,3.01723774067
0,0.0477150902029,0.195758120913,0.068572686945,5.52857026925,3.00857567289
0,0.0459023365507,0.193675822778,0.0672630725574,5.47688058879,3.00137202903
0,0.0467534741421,0.193892240276,0.0680444825434,5.47700827263,2.98952876167
0,0.0454844219632,0.192492871964,0.0670718748067,5.48474183778,2.98565338894
0,0.0451881537093,0.191845406196,0.0668339331945,5.4582145822,2.97833317107
0,0.0457429985947,0.191933424276,0.0670203841345,5.44736158578,2.96955148094
0,0.0453235809359,0.191090547792,0.0666801699223,5.4523714753,2.96066288198
0,0.044779381497,0.190303074975,0.0664981547465,5.45151487837,2.95525321606
0,0.0469943777678,0.192068962202,0.0681402780746,5.49378896213,2.94848603298
0,0.04505995813,0.18981062363,0.0666673113198,5.43624453387,2.94007323311
0,0.0447643355499,0.189151010585,0.0664657092225,5.42961524674,2.93249779934
0,0.0463010848038,0.190369900265,0.067741482758,5.48103668833,2.92767736038
0,0.0450397373469,0.188929112341,0.066779727941,5.43018928928,2.92282720301
0,0.044657986537,0.188207601129,0.0667685700046,5.41174447995,2.91565024722
0,0.0454457743004,0.188630122395,0.0674902802553,5.41952025685,2.90913270199
0,0.0446871109554,0.187707522867,0.0669039808288,5.39520901104,2.90509531294
0,0.0462421995849,0.188874039424,0.0682514815608,5.43007678209,2.89887896382
0,0.0464299463761,0.18881246066,0.0686129362911,5.46401434102,2.89408019987
0,0.0446623026843,0.182224172909,0.067066826056,5.32431793396,2.79589967658
0,0.046645576471,0.152929604705,0.0685685313744,4.72277547324,2.17232611994
0,0.044003611934,0.148558363985,0.0672305935923,4.66513601978,2.13509863084
0,0.0450574943972,0.148492405353,0.068500692275,4.65319765663,2.11375569166
0,0.0486339507856,0.150472406505,0.0729076585873,4.72962160245,2.08540304618
0,0.0481323232599,0.14784411314,0.07367959099,4.71441304412,2.04236810382
0,0.0518858552498,0.149823043141,0.0755238626739,4.81855050232,2.01062959622
0,0.0537031728397,0.150800362377,0.0765028265529,4.92568265559,1.99564694817
0,0.0508042268863,0.147399608957,0.0753487159697,4.68905226347,1.98271185054
0,0.0498198806609,0.14606702878,0.0758031934722,4.66922419264,1.97476282784
0,0.0499614500201,0.145634713004,0.0754533263532,4.62516275823,1.96342669363
0,0.0496029017638,0.145189870563,0.0752890240679,4.6339385062,1.9613422637
0,0.0481551910193,0.143459503254,0.0743930653899,4.58649389805,1.95424142217
0,0.0490780515445,0.143951074172,0.0750177308769,4.61485440337,1.94653848883
0,0.050963495353,0.145540218575,0.0767053327898,4.64185982877,1.94249794237
0,0.0506991704873,0.145060683961,0.0766419915245,4.62505541792,1.93792942286
0,0.0479274975633,0.14212996355,0.0745585057112,4.57250926221,1.931976801
0,0.0473875449739,0.141338457288,0.0743108189929,4.56446889743,1.92640577258
0,0.0499745505255,0.143617100623,0.0762956212607,4.60661964153,1.92282553507
0,0.0496116811487,0.143113006659,0.076902599613,4.61041132561,1.91963817699
0,0.0481505444826,0.141102483676,0.0751649582725,4.53034841997,1.90718931118
0,0.0495721043688,0.14239147856,0.0762697913395,4.56014507852,1.9059595728
0,0.0479296939525,0.140353991954,0.0752373305435,4.51528073553,1.89641563672
0,0.0483266316651,0.140539331183,0.0756551279419,4.52457086455,1.89258060576
0,0.0478838871528,0.139794494331,0.0755539676777,4.49620767552,1.88609600973
0,0.0479614972623,0.13960831966,0.0757705603061,4.49228693496,1.88089793071
0,0.0478669553501,0.139311506748,0.0758918856964,4.49332716896,1.87675796896
0,0.0473405194421,0.138478615209,0.075614756106,4.46879198738,1.87010241782
0,0.0479876838476,0.138658259686,0.07630044469,4.4710782699,1.86139918706
0,0.0481984682665,0.138736672989,0.0763795692937,4.47136963567,1.85896254861
0,0.0471076093379,0.137372529574,0.0759436708765,4.44273825826,1.85240599872
0,0.0495339596202,0.139451189222,0.0778291608094,4.46153980765,1.84787853539
0,0.0478211713346,0.13774568983,0.0766634042769,4.45744500482,1.84631152502
0,0.0489025842306,0.138476719178,0.0776999796529,4.44661358344,1.84038526885
0,0.0464773174888,0.135891900377,0.0760237104066,4.40062990883,1.83476895948
0,0.0484937699033,0.137546589767,0.0777052557019,4.42896824939,1.82955015323
0,0.0471751521439,0.135974369704,0.0771781630184,4.42897437747,1.82315948547
0,0.0463903178129,0.135206576417,0.0761393710637,4.39095309701,1.82271547356
0,0.0487179239134,0.137177163438,0.0780629212065,4.40615244425,1.81790269889
0,0.047552775641,0.135648329967,0.077728372617,4.41670334385,1.80946384706
0,0.046146408508,0.134315875482,0.0761763970514,4.35415507626,1.80953572941
0,0.0466157668278,0.134530318905,0.0766926703922,4.35218787804,1.80490679006
0,0.0460656863849,0.133596838678,0.0764992954534,4.3543146481,1.79668871593
0,0.0488901797861,0.136202789797,0.0786277797215,4.38621763482,1.79514236218
0,0.0486750168352,0.135697942274,0.0789821924978,4.37597388193,1.78913350881
0,0.0482546214762,0.135274493528,0.078426372995,4.36528641684,1.78865204768
0,0.0462417090204,0.13294475955,0.0767599670263,4.31601667605,1.78030270463
0,0.0453756314704,0.131960512798,0.0762844909088,4.30534501907,1.77707324057
0,0.0480025813577,0.134364704738,0.0785050549317,4.34434224025,1.77524503514
0,0.0476492752891,0.133598035705,0.0785682569837,4.327469123,1.76662446834
0,0.0448892220954,0.130960248455,0.0763337176423,4.28353974929,1.76630973249
0,0.0477313049274,0.133401357491,0.0787648097002,4.29594372225,1.76113234265
0,0.045573486111,0.131186035874,0.0771095287209,4.26751984628,1.75782446399
0,0.0471236908354,0.132501094441,0.0785786641969,4.27055598783,1.75467174908
0,0.0457940062394,0.131061045611,0.0774784227879,4.25595727785,1.75113477367
0,0.0481469738876,0.133057698031,0.0801245435998,4.31470283346,1.74636144346
0,0.046424385049,0.131298650168,0.0782171099217,4.24967190615,1.7439096721
0,0.0468320308707,0.131540075081,0.0788846065724,4.2345475967,1.74099289994
0,0.0449278573282,0.129489145414,0.0774823789906,4.21852241324,1.73615360447
0,0.0463893919825,0.130685376991,0.0786327757744,4.22461487689,1.73230907729
0,0.0449852563663,0.129242733648,0.0776492918828,4.2053632392,1.73013478748
0,0.0469492414339,0.13095900263,0.079632836479,4.23337002111,1.72714444849
0,0.0445819008187,0.128480854127,0.0775533005793,4.17091736962,1.72256095235
0,0.0463267139176,0.130183365545,0.0791897648207,4.2008607711,1.72345972843
0,0.0469517469604,0.130443069616,0.0800551310256,4.20530085511,1.71677818817
0,0.0446309476448,0.128270252163,0.0778380896322,4.16610227142,1.71741702047
0,0.0445772203467,0.127938073283,0.0781035106722,4.15820686366,1.71179426517
0,0.0459357438729,0.129110222362,0.0793719804331,4.14574606781,1.70942530066
0,0.043575110714,0.126798416107,0.077405032969,4.12987969301,1.70804119989
0,0.0451013631192,0.127980404773,0.0788240630309,4.12706043195,1.70268217835
0,0.0450282723675,0.12790273245,0.0788618546245,4.12002249669,1.70251745723
0,0.0442563446106,0.127050505766,0.0784157282653,4.09637998091,1.70013955101
0,0.0452648921195,0.127884420631,0.0794434129673,4.11463228026,1.69765544682
0,0.0447381444238,0.127229815926,0.0790102548934,4.09390146537,1.69457155706
0,0.0449547139715,0.127306435491,0.0794157813833,4.10292741827,1.69198912778
0,0.0454827102571,0.127643367163,0.0798696948595,4.11242359859,1.68869583249
0,0.0445336802472,0.12668997479,0.0791392776355,4.08055749797,1.68765955451
0,0.0445968234482,0.126570695332,0.0792422552236,4.07060763917,1.68407424634
0,0.0455046657899,0.127304912004,0.0800550822941,4.09183563088,1.68150957364
0,0.0442497842693,0.126017476124,0.0795257339628,4.05957424199,1.67960360421
0,0.0452609892447,0.126828363391,0.0801726845811,4.0649867624,1.67660845833
0,0.0447747262494,0.126330014271,0.0799355462416,4.04090683296,1.67588047414
0,0.0451173820466,0.126499154451,0.080220241217,4.04539318539,1.67275281628
0,0.043785494173,0.124942716631,0.0790942819854,4.02182455563,1.66692992558
0,0.0441820415333,0.125318206205,0.0794936729036,4.02778753427,1.66690531928
0,0.0444612089687,0.125593106234,0.0801902433755,4.0205853295,1.66709913663
0,0.0434174915007,0.12425875381,0.0791808978885,4.00251679575,1.66024272296
0,0.0426425833508,0.123523931148,0.0786474846168,4.00467720585,1.66026952353
0,0.044423777851,0.125078820214,0.0801948241729,3.99990759304,1.6575246095
0,0.0433019031006,0.123982172742,0.0793916150359,3.97985037756,1.65690728099
0,0.04442384115,0.124788306754,0.0803901585526,3.9949346628,1.65171314012
0,0.0422305484329,0.122696039881,0.0784973612991,3.96306901119,1.65154035955
0,0.0431381087089,0.123514148055,0.0794562128176,3.96748208097,1.65065887843
0,0.0424133242103,0.122683567939,0.0789921554933,3.95043554301,1.64781818482
0,0.0437177964432,0.123874843353,0.0801871589217,3.98446754366,1.64685871966
0,0.0432332854156,0.123268996849,0.0799050220654,3.9480825377,1.64394750088
0,0.0418428558838,0.121800821728,0.0786528045166,3.93961754582,1.64100215463
0,0.0438379585607,0.123590234675,0.0808955814263,3.94152097832,1.63888346225
0,0.0423372869517,0.12213222897,0.0794051398166,3.92327858679,1.63823611399
0,0.0418145964741,0.12155637796,0.0791426397996,3.91115434234,1.63665021407
0,0.0431406467313,0.12276766637,0.0801852263671,3.92382563199,1.63568102345
0,0.0422783285429,0.121812099146,0.0796616576476,3.90781452058,1.63295372845
0,0.0422035592946,0.121628065309,0.0797816150718,3.89877893173,1.6306936642
0,0.0432197150912,0.122497243893,0.0807333322455,3.91348765527,1.62877027613
0,0.0416026382922,0.120956241722,0.0794394179487,3.88373443462,1.62867468961
0,0.0429090432712,0.122034998441,0.0806234540606,3.89664385726,1.62542813144
0,0.0414764100924,0.120604672348,0.0792640263391,3.88215881602,1.62404164063
0,0.0423492962868,0.121280765854,0.0805072607117,3.88415291578,1.62097867203
0,0.042323717934,0.121221687478,0.0803777759101,3.88166137874,1.62028309194
0,0.0424176878721,0.121216748228,0.0807196452324,3.87829184531,1.61839887887
0,0.0412148907657,0.120006784766,0.0798081068529,3.85448749176,1.61705275518
0,0.0403935524016,0.11914490936,0.079383862886,3.8257636065,1.61542067776
0,0.0427293872668,0.121358085391,0.0810990947272,3.86036776811,1.61530333253
0,0.0407076869592,0.119459018238,0.079574143931,3.8383608705,1.61573429582
0,0.0404776741332,0.119040289734,0.0794943635712,3.8314972037,1.61172996963
0,0.0424230501525,0.12072074187,0.0813894927082,3.83065545378,1.60837687072
0,0.0400457461187,0.118622153043,0.07928894842,3.82186829472,1.61157386951
0,0.0401972256459,0.118533105151,0.0794811645896,3.81568659399,1.60691480182
0,0.0420555775278,0.120257795175,0.0813272954714,3.81172591535,1.60609991665
0,0.0406155902831,0.118789058332,0.0802409827561,3.80063804066,1.60408493951
0,0.0402997174975,0.118457843603,0.080012191538,3.80318943205,1.60346222434
0,0.042149133866,0.120074576786,0.081834985002,3.80765276022,1.60065797546
0,0.0414894582923,0.119437136757,0.0812754183266,3.79574507995,1.60044301307
0,0.0404504423569,0.118437602965,0.080441374412,3.77808760796,1.60019363857
0,0.0403668524398,0.118132624227,0.0803160354322,3.77216758923,1.59568227437
0,0.0417666072752,0.119592416225,0.0819672266914,3.79796621112,1.59828277329
0,0.0400761277917,0.117784167074,0.0804883476044,3.75765053113,1.59423689886
0,0.0398832561593,0.117577805642,0.0804885250221,3.75292480055,1.59377422896
0,0.0404581744038,0.118148965131,0.0810609991302,3.76316357922,1.59427397587
0,0.0413843897846,0.118958660491,0.0818800127155,3.76763475834,1.59286979118
0,0.0404117774453,0.117945025441,0.0813607669267,3.75316877706,1.59107672029
0,0.0405321426158,0.117885937241,0.0814716282423,3.7321522362,1.5876080225
0,0.0403063821376,0.117736571725,0.081291813113,3.74147163149,1.58891016103
0,0.0401144297963,0.117406561975,0.0812802045524,3.73417674575,1.58595705839
0,0.0409288222888,0.118305651917,0.0820161173889,3.74817054306,1.58846540195
0,0.0394926903148,0.116848995185,0.0811191479711,3.72088095903,1.58661877838
0,0.040448817738,0.117549679721,0.0817672622268,3.71680367961,1.58246604136
0,0.0406441853087,0.117787477735,0.0821383901645,3.72567917601,1.58351002171
0,0.0414383245314,0.118472963991,0.083026449837,3.73304290738,1.58213109861
0,0.0400308254692,0.117033999037,0.0820072803702,3.70483150796,1.58009428229
0,0.0402861888216,0.117292421857,0.0821003818245,3.69766573606,1.58041083831
0,0.0400162667258,0.116977459059,0.0820682853164,3.70663323327,1.57924009716
0,0.0413290309483,0.118128541808,0.083480303758,3.70996262736,1.57731923451
0,0.0401649773337,0.117010805948,0.0824819043229,3.68783176855,1.57708153227
0,0.0395245777403,0.116293807775,0.0819451845256,3.67751585433,1.5749091634
0,0.0403691427087,0.117165922306,0.0827860407297,3.67653540388,1.57630471891
0,0.0391035260352,0.115843252988,0.0815725461588,3.67234600868,1.57389805403
0,0.0398639523537,0.11643832944,0.0824461899587,3.67765780165,1.57135148449
0,0.0399946457742,0.116637147866,0.0827426246026,3.67291941375,1.57284467486
0,0.0398822971473,0.116347721016,0.0826120005293,3.6610237549,1.56919075978
0,0.0390353992421,0.115560416285,0.082173243338,3.64426837022,1.56953572448
0,0.0405783581039,0.116992474729,0.083452185551,3.67823763512,1.56886067503
0,0.0405048334455,0.11693674231,0.0837698074469,3.65187873439,1.56914299457
0,0.0386385662299,0.115013429242,0.0821030907222,3.6364332476,1.56613581234
0,0.0396514909271,0.115919242041,0.0831295833931,3.65055454441,1.56500650182
0,0.039271494939,0.115517984366,0.0828795945936,3.63851531569,1.56420127069
0,0.0387407391924,0.114930254424,0.0823785070064,3.63401954897,1.56253102933
0,0.0403833774291,0.116473195293,0.0840266320861,3.64125533255,1.56217971765
0,0.0389565080651,0.115170479163,0.082837005135,3.62218258245,1.56323591409
0,0.0398725355337,0.115859294162,0.083869302772,3.62208006415,1.55960769349
0,0.0400699147673,0.115972264757,0.084032692497,3.63135952077,1.55811689745
0,0.0388800376875,0.1149187106,0.0830288192823,3.62922369194,1.55965347912
0,0.0397874903317,0.115761490008,0.0839651581487,3.60428054053,1.55926746968
0,0.0381331173224,0.114103557676,0.0826538176852,3.59287582828,1.55754190715
0,0.0400569329431,0.115872692578,0.0844164798608,3.60740040638,1.55637210819
0,0.038493245525,0.114353617564,0.0831971735158,3.58846509498,1.55570067408
0,0.0391338951793,0.114911485084,0.0838246367761,3.5994227218,1.55468567663
0,0.0390996609538,0.114729608805,0.0839044335692,3.57618015179,1.55169860321
0,0.0384149496284,0.114133041995,0.0832916928415,3.58957611221,1.55277678447
0,0.0389331841894,0.114510302449,0.0838783353715,3.59604633643,1.55047553429
0,0.038630192114,0.114234680572,0.0838428729679,3.56986363623,1.55071994835
0,0.038849750058,0.114371280486,0.0840213321285,3.57707138735,1.54928034069
0,0.0382385744279,0.113732980841,0.0834868282426,3.57050417775,1.54812668885
0,0.0383203496313,0.113884461233,0.0836200608963,3.56969684117,1.54960256661
0,0.0393369575502,0.114700340199,0.0847916861202,3.57440479112,1.5466045935
0,0.0395887568377,0.11488521533,0.085155088992,3.55657280489,1.54551791166
0,0.0385883776085,0.114023014873,0.0840860458699,3.55505613282,1.54728111244
0,0.0380951361128,0.113390228764,0.0840669935616,3.55249160395,1.543996975
0,0.0395734289485,0.11488946286,0.0855247638687,3.55837966234,1.54589409315
0,0.0381157275067,0.113407921813,0.0842331592889,3.5431606794,1.54395959727
0,0.0393497071709,0.114608586969,0.0851270114728,3.5585843586,1.5445272885
0,0.0390886502096,0.114166017726,0.0851832935787,3.53999025052,1.54063598792
0,0.0384459864799,0.113617867389,0.0845004095392,3.54192298089,1.54188359229
0,0.0377741356351,0.112820517367,0.0841229454449,3.53033712011,1.53870175928
0,0.0388993162872,0.113983142172,0.0852433903202,3.53091629702,1.54057582375
0,0.0394229219785,0.114355383884,0.0858248460723,3.54522196402,1.53807214661
0,0.0380860803646,0.113141326973,0.0846020733416,3.51985610206,1.5391909965
0,0.0390432681919,0.113992374931,0.0856271484746,3.52619786297,1.53802538634
0,0.0393493870245,0.114153781661,0.0859121787261,3.5306780297,1.53543726558
0,0.0379820359256,0.112929574152,0.0846672945009,3.50866037988,1.5369327824
0,0.0389361753658,0.113824613399,0.0858223718988,3.52126164986,1.53670492207
0,0.0379050443409,0.112755721281,0.084745537014,3.50092262879,1.5349185696
0,0.0381786503781,0.112935880789,0.0853208950404,3.5074332829,1.53332324399
0,0.0377625599226,0.112655011142,0.0848143983935,3.50015414744,1.53561157189
0,0.0381809473748,0.112883622972,0.0855960802949,3.50458157214,1.53223444686
0,0.0377479138202,0.112366717502,0.0849798718594,3.48865431328,1.53012397453
0,0.0378238255402,0.112485661398,0.0852059476436,3.49822069076,1.53106053074
0,0.0375199588155,0.112194898992,0.0853416050103,3.48112002806,1.53101874833
0,0.0387768968785,0.113363047654,0.0862954790468,3.4981898532,1.53049989503
0,0.0375320972723,0.112121329788,0.0850716862414,3.46990256959,1.52931673256
0,0.0389576294825,0.113452496769,0.0866294311696,3.48863224527,1.52885496065
0,0.0375429383953,0.112084369207,0.0852052407528,3.47316773515,1.52837154174
0,0.037662063316,0.112055241645,0.0855483290543,3.46336175089,1.52552561499
0,0.0381011941639,0.112497791943,0.086063227139,3.46893680886,1.5260331367
0,0.0368824867535,0.111377527637,0.0849328656769,3.46763691919,1.52678328871
0,0.0377987860231,0.112177378959,0.0861993280068,3.46702481801,1.52537063083
0,0.0386446138062,0.112922299269,0.0868347366379,3.47228083628,1.52419831035
0,0.0373861019686,0.111728396675,0.0857963890677,3.44502683549,1.52423198725
0,0.0373589834646,0.111668141007,0.0857402898038,3.45589860533,1.52354211949
0,0.0381068303798,0.112256322734,0.0866335702204,3.45009816975,1.52109666259
0,0.0371292457571,0.111421389006,0.0857714851747,3.44341302384,1.52297209986
0,0.0378145869098,0.112016907373,0.0864810056453,3.45940236661,1.52186098347
0,0.0374257185096,0.111619538578,0.0863225616972,3.43460199447,1.52130210636
0,0.0374295638587,0.111623107204,0.0862724521193,3.43610875393,1.52130041796
0,0.037121810436,0.111295198241,0.0858842263718,3.44406569466,1.52058955111
0,0.0375295377292,0.111499105397,0.0863075353341,3.44187679924,1.51692087707
0,0.0367351185753,0.110753228217,0.0860413212088,3.41502913707,1.5170972979
0,0.0381662175059,0.112155838382,0.0870034935487,3.44355361657,1.51795862305
0,0.0370871186361,0.111058913254,0.0861435307693,3.41531810449,1.51652299931
0,0.0380711888965,0.111984448808,0.0872640585153,3.43575951472,1.51633637342
0,0.0369264386551,0.110945178146,0.0862365919065,3.41396921864,1.51730121484
0,0.0373074709041,0.111184017466,0.0868822887886,3.42950142317,1.51483838659
0,0.0368037278274,0.110654872099,0.0861196303694,3.41692221304,1.51382659809
0,0.036696663948,0.110615728923,0.0865339166415,3.40220271566,1.51507794767
0,0.0376049710212,0.111360373617,0.0872521177923,3.4254185592,1.51271300911
0,0.0365336546288,0.110304084902,0.0863349109171,3.40882292191,1.51194224833
0,0.0374235772863,0.111180653608,0.0872925866525,3.40175405172,1.51256508615
0,0.037591499417,0.111148572585,0.087203275122,3.41556395577,1.50873295014
0,0.0366409337812,0.110400366393,0.0865363449007,3.40307617253,1.51182957345
0,0.036438725898,0.11011224441,0.0866906005352,3.3970987048,1.50990908544
0,0.0365685562775,0.110330946772,0.0866261836185,3.39681906471,1.51181635007
0,0.0369043029863,0.110488271992,0.0870266398956,3.39351794112,1.50858366852
0,0.0376719374759,0.111234788823,0.087845450573,3.4105356111,1.50892895169
0,0.036764532201,0.110323529822,0.0869259984537,3.39530216908,1.50794447103
0,0.037630100804,0.110996501836,0.0880096166288,3.39377393225,1.50495810748
0,0.0373526261394,0.110909883448,0.0877927909443,3.39327743118,1.50849775845
0,0.0363790273055,0.109906413331,0.086899172076,3.37955029186,1.50692673208
0,0.0373152103522,0.110698931147,0.0877492774161,3.38148349494,1.50498961116
0,0.0370499426916,0.110425790394,0.0877994543704,3.36407871716,1.50456688227
0,0.0366392244568,0.110058389107,0.0875173099277,3.38119907333,1.50502250476
0,0.0369349034599,0.11038921022,0.0876593724462,3.37088198818,1.50602102164
0,0.0375206152295,0.110903791891,0.0883951325025,3.37412656683,1.50518413699
0,0.0374558232045,0.110696335215,0.0882265644509,3.37753212277,1.50226605214
0,0.037222965137,0.110458239898,0.0883174255169,3.36425800381,1.5019284471
0,0.0370866801238,0.110330848068,0.0879178385607,3.37249905448,1.50197002593
0,0.0358811502977,0.109157089596,0.0874511612144,3.34948722003,1.50139992356
0,0.0376635225456,0.11083461279,0.0888365141022,3.37904569586,1.50108531234
0,0.0370918775184,0.110131307283,0.0883444764128,3.36173446564,1.49788045742
0,0.0360719107685,0.109227091632,0.0873233105487,3.35493244559,1.49917551646
0,0.0367675421398,0.109804593793,0.0883507876229,3.35163350046,1.49750855938
0,0.0369190535605,0.110120902758,0.0882811141919,3.35511496297,1.50095602623
0,0.0361813856242,0.109187603457,0.087806952657,3.34250635275,1.49630572425
0,0.0372246585409,0.110327365274,0.0887106873503,3.35052966564,1.49927877928
0,0.0359807154704,0.10903090655,0.0879099545738,3.33819353618,1.49698452427
0,0.0369795761774,0.109957120977,0.0888566476591,3.3472199561,1.49653045936
0,0.03589998004,0.108909910148,0.0876600365857,3.3470339638,1.49609856917
0,0.0359278715047,0.108924996461,0.0879375867509,3.33893388592,1.49587035381
0,0.0361613007525,0.108925134433,0.0880592994973,3.3283802265,1.49143795795
0,0.0371287266074,0.110099709446,0.0892968818446,3.3430100095,1.49654836884
0,0.0364193773889,0.109364993988,0.0884389983827,3.34041527551,1.49533169572
0,0.0357382803025,0.108589691056,0.0879341717161,3.34276865662,1.49276648218
0,0.0365851275641,0.109340965304,0.088875793353,3.32439998683,1.49170186657
0,0.0360130172217,0.108867691796,0.0885266617781,3.33626354076,1.49310649225
0,0.035377924817,0.108284831957,0.0877522473559,3.31624506007,1.4935160499
0,0.0367420402573,0.109521623407,0.0891054524835,3.32045800425,1.49233368869
0,0.0367635797252,0.109523628458,0.0893109247064,3.3389607746,1.49196454187
0,0.0364793296224,0.109176540587,0.0892176865222,3.31733143137,1.49042353508
0,0.0363207151573,0.108987383244,0.0890245117729,3.30969953007,1.48965406288
0,0.0363223943365,0.109014291122,0.0892556132764,3.31518607882,1.49016031465
0,0.0354372082528,0.108175872437,0.0881804370416,3.31437306266,1.49021047855
0,0.0369040969277,0.109563342656,0.0898454027562,3.31832493425,1.49008899858
0,0.0365002213284,0.109067487493,0.0894857734985,3.31111455463,1.48784553194
0,0.0356982674444,0.108401604733,0.088701957568,3.30943795858,1.48976499638
0,0.0366126843674,0.109193686141,0.0896552952615,3.32958709521,1.48823270716
0,0.0353771140783,0.107891471065,0.0888067410014,3.29220831895,1.48566424183
0,0.0366606315255,0.10921635613,0.089739904759,3.30619108664,1.48777510902
0,0.0357032273008,0.108292119949,0.089070682576,3.28927920035,1.48748106554
0,0.0364031117335,0.108883401861,0.0897096221028,3.31578934355,1.48600890075
0,0.035540277787,0.107993847555,0.0887481166207,3.2962541929,1.48461165963
0,0.0357629648668,0.108168380413,0.0892520168453,3.2904559284,1.48387126325
0,0.035248984229,0.107678338656,0.0891011234614,3.27882049826,1.48383606193
0,0.0357856591129,0.108198357036,0.089522542398,3.30236153009,1.48403960324
0,0.0351306672732,0.107576358782,0.0890734083271,3.2718877627,1.48404448563
0,0.036510970357,0.108887038604,0.0900405287174,3.29828457166,1.48403232225
0,0.0349060661634,0.107294210544,0.0887405326958,3.26839209028,1.48266894267
0,0.0351299705203,0.107385850218,0.0888691177317,3.27411209764,1.48024755254
0,0.034918417561,0.10725859831,0.0888768876493,3.27085181361,1.48172202148
0,0.0359429583497,0.108209716849,0.090050699143,3.28115542427,1.4812781159
0,0.0354253211017,0.107657767716,0.0892504106089,3.27990490845,1.48007424066
0,0.0364089371732,0.108681432414,0.09042557838,3.27546566757,1.48185883182
0,0.0352961551027,0.107490550781,0.0893529546671,3.26346585254,1.47918405551
0,0.0364487994258,0.108593814598,0.0905230639635,3.27606844463,1.47934908604
0,0.03521032628,0.107377618324,0.089449600905,3.26639416591,1.4785561543
0,0.034922565993,0.107143118945,0.0891063045309,3.27569045165,1.47933361064
0,0.0359520488457,0.108080429587,0.0903761059935,3.27777790171,1.47851964738
0,0.0357309041319,0.107789918421,0.0901311278269,3.26663612753,1.47691117296
0,0.0358384067523,0.107964525128,0.0901935239559,3.26472981915,1.47836076378
0,0.0348209146021,0.106913268762,0.0891381976863,3.26146006667,1.47666798909
0,0.0349978028486,0.107124865682,0.0897062798687,3.2624772,1.47753904513
0,0.0353856810877,0.107465586845,0.0902499071327,3.25257404784,1.4769837882
0,0.0349355043185,0.106893814456,0.0893621175592,3.25448864455,1.47410169391
0,0.0351826316564,0.107161786301,0.0898242307268,3.25195607244,1.47476571065
0,0.0361984483527,0.108165269424,0.0907868793108,3.27782684438,1.47553485776
0,0.0359350425804,0.107868280387,0.0908991443874,3.2524922259,1.47459978605
0,0.0350771678108,0.107042681934,0.0898107229477,3.25140509033,1.47438743512
0,0.0359415722853,0.10789910428,0.0907271100613,3.24536644005,1.47509219876
0,0.0356344678478,0.107516152549,0.0906672367879,3.25683634559,1.47326814931
0,0.035583537767,0.107413109617,0.090761697448,3.24006090918,1.47217496031
0,0.0353416087721,0.107193362471,0.0904209698932,3.24565652379,1.47237666863
0,0.0350983665845,0.107009349084,0.0900986907296,3.23823374675,1.47331800765
0,0.0347297518,0.106556578376,0.0898928370815,3.24419775985,1.47126627038
0,0.0347890211192,0.106627644711,0.0898196638915,3.23399327662,1.47156148104
0,0.03505699082,0.106846281621,0.0906217004084,3.23811668774,1.47084279445
0,0.0357624639481,0.107502527843,0.0910274963424,3.24127816905,1.47056372839
0,0.0348057805794,0.106623016444,0.0901813737146,3.22867666019,1.47115048476
0,0.0353759902732,0.107117122383,0.0909244814644,3.2260416517,1.47019862008
0,0.0346334353707,0.106349639539,0.0900438186615,3.22657007433,1.46895750534
0,0.0351655872085,0.106829812118,0.0908875940846,3.23656168127,1.46845007733
0,0.0353224519609,0.107033956138,0.0909804416508,3.2301184173,1.46955252037
0,0.0351069913389,0.106774192372,0.0907786058179,3.21574391714,1.46845099722
0,0.0341563974113,0.105874479666,0.0898917917885,3.22207333831,1.4685180277
0,0.0358651320899,0.107405039655,0.0916049501937,3.23120409498,1.46666327295
0,0.0348817218453,0.106425444523,0.0907127217546,3.21398254548,1.46575616228
0,0.034903934037,0.106545919824,0.0908811750697,3.22590220621,1.4677436402
0,0.0355811764858,0.107103558003,0.0913017525725,3.22154414124,1.46602879129
0,0.0346319883178,0.106186604716,0.0907905069651,3.22406849066,1.46572430107
0,0.0341007647137,0.105669641512,0.0903058925745,3.21641347158,1.4654782883
0,0.0359716312821,0.107423824902,0.0918716633967,3.21729459391,1.46501549153
0,0.0343370021044,0.105943297373,0.0905705941084,3.20428781433,1.46646289436
0,0.0357397677806,0.107123610041,0.0918541009203,3.21315047976,1.46341659848
0,0.0342111993754,0.1056530017,0.090569312102,3.1987271088,1.46304723161
0,0.034068423955,0.105565651295,0.090681925033,3.20439329783,1.46401295839
0,0.0355432307623,0.106927107729,0.0916856719215,3.22433984016,1.46322075742
0,0.0344831502099,0.105914098036,0.090790436166,3.19999270332,1.46310209708
0,0.0341849588445,0.105618317181,0.0906460440376,3.19635484143,1.46285211289
0,0.0340329055299,0.105373461001,0.090727822537,3.19330090164,1.46084400237
0,0.0338509866959,0.10521364804,0.0905519004658,3.19210743222,1.46110420339
0,0.0345133170238,0.105825337162,0.0912138135674,3.19462418439,1.46075370827
0,0.0345672521907,0.105903844709,0.0913179062962,3.20280360722,1.46129908874
0,0.0349813523404,0.106246603136,0.0914341222069,3.20267652315,1.46028635709
0,0.0347491458219,0.106003201272,0.0916716687591,3.18677441892,1.45983024313
0,0.0338555418548,0.105194721369,0.0907295781804,3.19460505688,1.46063911931
0,0.0352058565556,0.106415248317,0.0920588451733,3.20836197279,1.45939367951
0,0.034661349147,0.105909733762,0.0915959571082,3.18745008054,1.45962903006
0,0.0349122282908,0.106063370883,0.0917638615392,3.19317686026,1.45793506791
0,0.0337580283779,0.105057187756,0.0908585124051,3.19164533939,1.45974120172
0,0.0340280378945,0.105247311234,0.0910128043906,3.1778117839,1.45841348933
0,0.0348252848958,0.10589439764,0.0918695293058,3.18129635638,1.45620752647
0,0.033763012282,0.104942741636,0.0909000165625,3.19086010978,1.45735758792
0,0.0333611007971,0.104546380592,0.0906946653899,3.176425019,1.4570666827
0,0.03397991486,0.105101568073,0.0909178313455,3.17880529286,1.456412963
0,0.0342021542038,0.105299864797,0.0916260214859,3.17312601873,1.45615635458
0,0.0338216359367,0.104932390703,0.0911618296063,3.17848618676,1.45603671736
0,0.0338149242826,0.104925019058,0.0909752665492,3.17591391877,1.45601680776
0,0.0335999050117,0.104667344061,0.0911285989913,3.16457502192,1.45494867426
0,0.034540183385,0.105617174291,0.0918824754742,3.17919912062,1.45607998941
0,0.0337321306911,0.104736306937,0.0913521719982,3.17120863329,1.4538156434
0,0.0346171928981,0.105576238342,0.0922057176654,3.17053092816,1.45379808548
0,0.0343374281343,0.105265484782,0.0919814573765,3.17237427599,1.45289854755
0,0.0338416857024,0.104783741504,0.09140490722,3.17016175043,1.45268278969
0,0.0342517308767,0.105223726289,0.0917410070376,3.16458335934,1.45369162434
0,0.0343267060693,0.105234753808,0.0919526157094,3.16385976036,1.45248765265
0,0.0335612058096,0.104466137775,0.0914844410435,3.16623092652,1.45165983162
0,0.033483757395,0.104359907136,0.0913204496872,3.1582541394,1.4510067436
0,0.0348279963697,0.10558399211,0.0925231593635,3.16061159866,1.44994789921
0,0.0333827003237,0.104195549339,0.0913862594176,3.15151468056,1.44963966933
0,0.0346395475867,0.10553013191,0.0925711836067,3.1838152245,1.45245122304
0,0.0339225655697,0.104792562302,0.0918587474261,3.15481935679,1.45132248976
0,0.0346436839718,0.105372436971,0.0926076311921,3.16405749275,1.4492187323
0,0.0340467758421,0.104899430869,0.0921223262328,3.15151113979,1.45109986016
0,0.033846261091,0.104669561354,0.0919248106245,3.17504241608,1.45031225297
0,0.0338061154661,0.104587671652,0.0916201963922,3.15205678269,1.44943722474
0,0.0333794209377,0.104115053467,0.0914145296263,3.14554238966,1.44809205891
0,0.0332758306722,0.104040326506,0.0914021848298,3.14565300971,1.44856573425
0,0.034244986736,0.104981919248,0.0924936528897,3.17190519416,1.44898362185
0,0.033406582678,0.104128848206,0.0916116348843,3.14403128214,1.44785188138
0,0.0340047183711,0.104735801591,0.0923598708452,3.15441279005,1.448626369
0,0.0336654176055,0.104335106204,0.0919827155238,3.14686780926,1.44705917783
0,0.0342401184302,0.104893439934,0.0926883163959,3.15027794798,1.44730653671
0,0.034099362633,0.104643004624,0.0924446538807,3.14258363727,1.44497218946
0,0.0341590547696,0.104798705104,0.0928531907264,3.14176274416,1.44695204896
0,0.0333048328541,0.104015586849,0.0921164097057,3.14520141476,1.44751989766
0,0.0332845945968,0.103994066493,0.0920005111428,3.13693953317,1.44747402131
0,0.0337282492475,0.10431136169,0.0925828431722,3.14129925706,1.44539048036
0,0.0338248134981,0.104317052921,0.0925110243817,3.14267789464,1.44366958713
0,0.0332902573253,0.103987951873,0.0923487308434,3.14285886449,1.44724413586
0,0.0330987552993,0.103675132363,0.0924283786373,3.13164869919,1.444626283
0,0.0338872490917,0.104442031561,0.0927181730964,3.13214918342,1.44498288637
0,0.0343518596217,0.104744115279,0.0934039871417,3.13681832172,1.44219696293
0,0.0336413955313,0.104149864706,0.0925317716416,3.13366176869,1.44381076776
0,0.0344042271271,0.104906899053,0.0933390103935,3.12667990382,1.44445765042
0,0.033892754592,0.104268061659,0.0929798807819,3.13533872892,1.44139888365
0,0.0338464530763,0.1043273919,0.0931237853236,3.12710509433,1.44346521908
0,0.0328055911699,0.103222943009,0.0921175400194,3.12212763617,1.44115261361
0,0.0340637054115,0.10444923566,0.0932353862853,3.14348821906,1.44177429831
0,0.0326953249988,0.103141813167,0.0921913228843,3.11852308932,1.44162507654
0,0.0340778614683,0.104567205114,0.0933809260008,3.12516957937,1.44386471942
0,0.0340488201863,0.104417432611,0.0931700261844,3.11995855016,1.44142105786
0,0.0339020009818,0.104181681136,0.0931634844758,3.11706524622,1.43949559088
0,0.033027216891,0.103357580763,0.0925295842969,3.12013020035,1.4396344802
0,0.0330335546229,0.103421198115,0.0928309187417,3.1169071632,1.44078641312
0,0.033361311032,0.10363916097,0.0930560047354,3.11229313454,1.43891829625
0,0.0337677892162,0.104165074399,0.0933313337008,3.12438756686,1.44171347934
0,0.0338832976244,0.104148999793,0.0931869263376,3.11197069191,1.4391973283
0,0.0325896916525,0.102836606174,0.0921693940216,3.11389321002,1.43752796857
0,0.0339053866992,0.10424766109,0.0932626214441,3.12149438417,1.44075085956
0,0.033935248719,0.104151002431,0.0934973242592,3.11827910848,1.43825031023
0,0.0333353084007,0.103646373509,0.0927999253025,3.11654706975,1.43955659694
0,0.032620359033,0.10282572396,0.0923322432769,3.10579164737,1.43672764621
0,0.0326528851264,0.102987833411,0.0922946381826,3.11528433049,1.43935183825
0,0.0327776793644,0.102948331141,0.0925052247163,3.09559950621,1.43619070283
0,0.033253617421,0.103433738089,0.0931651869026,3.10480012648,1.43685601836
0,0.0335756064042,0.10368640117,0.0933242356575,3.1095977008,1.4357914914
0,0.0326812976252,0.102891395233,0.0930181984383,3.10666809962,1.43688323741
0,0.0326602969034,0.102834741764,0.0927964457949,3.10447707107,1.43614917883
0,0.033735525141,0.103840517585,0.0937939725236,3.09934371987,1.43583536104
0,0.0328196798657,0.102919131616,0.0929381772505,3.09932411057,1.43480870396
0,0.0336854844686,0.103718007837,0.0938653265239,3.09992083888,1.43433594185
0,0.0325055075701,0.102672982049,0.0926380230123,3.09861127888,1.43585498533
0,0.0336204161142,0.103685761612,0.0935951294022,3.09193039204,1.43492731449
0,0.0324341543544,0.102594434508,0.0927567849458,3.10112044318,1.43563974216
0,0.0328364015385,0.102874234381,0.0930950792003,3.09349019609,1.4335930441
0,0.0326226181034,0.102776871186,0.0931475671938,3.09963097525,1.43570766663
0,0.0335157473122,0.103462231895,0.0936434754042,3.09046440595,1.43244542798
0,0.0332735400048,0.103212117693,0.0936818848029,3.10461340573,1.43204507969
0,0.0329919522088,0.103069303646,0.0934155962954,3.09794370108,1.43453896989
0,0.0331650623005,0.103213397284,0.093743129984,3.10349951929,1.43413174739
0,0.0333109899249,0.103315801603,0.0938260136651,3.09164121372,1.4334072113
0,0.0329043236878,0.102831374357,0.0933338378249,3.0884085859,1.43144532333
0,0.0324483306841,0.102448651059,0.093002528187,3.08024721545,1.43245472504
0,0.0334276370581,0.103341671108,0.0938493083687,3.08639441868,1.43170830768
0,0.0327833258202,0.10275519342,0.093456459295,3.08299934276,1.43222066554
0,0.0327156933355,0.102690278595,0.0931876055637,3.08824846311,1.432207386
0,0.0323333580875,0.102287944784,0.0930028227876,3.08543171668,1.43142508031
0,0.0326268758569,0.102542497349,0.0932308011016,3.08529511093,1.43093929266
0,0.0332807059652,0.103167859782,0.0939536568513,3.0850728407,1.43102376811
0,0.0333024632822,0.103119306361,0.0936994173288,3.07529612147,1.42963931477
0,0.0329002053546,0.102765088094,0.0934199950045,3.07875906336,1.43019784778
0,0.0323827647686,0.102257896182,0.0927822323235,3.07211965835,1.42988537981
0,0.0323295925943,0.102235870575,0.0932367962614,3.08924919222,1.430455141
0,0.0331881109773,0.103007303888,0.0942276508407,3.07220112075,1.42957195648
0,0.0326312834993,0.10243461976,0.093423756831,3.07935930394,1.42869799633
0,0.0329206884772,0.102794706882,0.093915868915,3.06562886227,1.43040104425
0,0.0328954369336,0.102708044743,0.0938102311484,3.07411067497,1.4291475807
0,0.0328902797326,0.102700576533,0.093860640121,3.08133513089,1.42909620523
0,0.0333653427259,0.103049021829,0.0941405401968,3.07390965439,1.42703891274
0,0.0324165656372,0.102188983432,0.0933551070826,3.06273187697,1.42786490715
0,0.0318891097997,0.101657213681,0.0928390230458,3.07036476389,1.42725117456
0,0.0317970096083,0.101533049856,0.0929420984429,3.07093737668,1.42651780103
0,0.032911653666,0.102618225606,0.0937025931789,3.06678198012,1.42704307813
0,0.0331201774823,0.102811773911,0.0940601192353,3.06511689289,1.4269520939
0,0.0325693578937,0.102241134219,0.0936496353046,3.0662800247,1.42600487326
0,0.0317384529037,0.101448510683,0.09290344404,3.06438765137,1.42593959604
0,0.0325347418166,0.102210094487,0.0934721311156,3.0613329157,1.42604178437
0,0.0329255215626,0.102573240211,0.0939956642008,3.0684464987,1.42587988201
0,0.0321968284653,0.101801378625,0.0933238793887,3.0575752842,1.4242878173
0,0.0323630095109,0.102014105139,0.0936893066314,3.06001451404,1.42538490758
0,0.0328013702554,0.10244800423,0.0941193179037,3.07474989736,1.42573404061
0,0.0323758549945,0.101991098247,0.0940243218891,3.06050945519,1.42468070691
0,0.0320131252821,0.101700472927,0.0936913520073,3.07027745932,1.42576006334
0,0.0322259400306,0.101790590413,0.0936300152199,3.05480937856,1.42351893314
0,0.032521264609,0.10212793195,0.0940402713087,3.05177225607,1.42465459899
0,0.0320233285495,0.101660729637,0.09374624597,3.06044308304,1.42477133776
0,0.0324530513095,0.101993424084,0.0941747229293,3.05033548591,1.42326049507
0,0.0325193707499,0.102055601022,0.0940972818911,3.07414370909,1.42324396464
0,0.0312515374699,0.10085014781,0.0931588367221,3.06010281487,1.42322372999
0,0.033072495969,0.102564021451,0.0945138402814,3.04579031807,1.42290299445
0,0.0316095998199,0.101215317615,0.0932481743358,3.04862062739,1.4237239415
0,0.0320713385279,0.101662895122,0.0938977914342,3.05002158209,1.42390245961
0,0.0327574562955,0.102180738701,0.0944093287016,3.05874049905,1.42122309115
0,0.0325597847038,0.102053783958,0.0942091545581,3.05182982364,1.42243975722
0,0.0312305698403,0.100758611405,0.0934661454822,3.0371893975,1.42179138811
0,0.032863913938,0.102398399569,0.0945598130202,3.04620012384,1.42355361416
0,0.0318673146397,0.101294685025,0.0938668910593,3.04825203834,1.42041470975
0,0.0330821269595,0.102464014825,0.0950036521624,3.04271728736,1.42071986718
0,0.0329248304904,0.102348806484,0.0946905835722,3.04167095412,1.42140433636
0,0.0316407996111,0.101104061993,0.0936807320881,3.03921962633,1.42090603435
0,0.0318179227795,0.101280690197,0.0941102384384,3.04052008012,1.42107325983
0,0.0325706889374,0.101899567148,0.0947810150992,3.04639133094,1.41914823993
0,0.0326625658771,0.102099400826,0.0947810919032,3.04224780228,1.42139925145
0,0.0325118338668,0.101828896111,0.0942595641485,3.03472771445,1.41885306819
0,0.0323610580766,0.101731430488,0.0945113704078,3.0492322684,1.41976849203
0,0.0311856685642,0.100647750795,0.0934920832885,3.04091559411,1.42042729908
0,0.0316043948325,0.100969194038,0.093610060687,3.03956672413,1.41890036444
0,0.0318790149302,0.101201205355,0.0944408134713,3.04997220982,1.41832280928
0,0.0322296161507,0.101580201558,0.0944051565,3.0363893119,1.41924131037
0,0.0326865321337,0.102070478743,0.0946236241664,3.0407578001,1.42036545261
0,0.0318489392191,0.101167361437,0.0940233291332,3.02769914809,1.41821737179
0,0.0320719500716,0.101358420916,0.0944952775244,3.03565261393,1.41780135386
0,0.031567228056,0.100811059661,0.0938998191041,3.02775744857,1.41644384798
0,0.0313209847332,0.100690157108,0.0937647831257,3.03265498345,1.41870441807
0,0.0323327337276,0.101598543907,0.0944248012469,3.03661768539,1.41764892472
0,0.032358942365,0.101574158779,0.0946628559708,3.03047883258,1.41666325816
0,0.0321429308788,0.101338893629,0.0945413273637,3.0313044754,1.41606217168
0,0.0317485782211,0.101029416303,0.0939798262063,3.02770657143,1.41736532649
0,0.0310001868483,0.100288985569,0.0936762709325,3.0260829357,1.4167761476
0,0.0313601488368,0.100560366866,0.093802817586,3.02201476109,1.415364496
0,0.0317915279208,0.100988548394,0.0943368416693,3.01515286461,1.41573192495
0,0.0317222291316,0.100982885559,0.0940732769853,3.03245379309,1.4169353449
0,0.032501819091,0.101656792977,0.0951419712769,3.02587977151,1.41560128685
0,0.0319888532922,0.101181649869,0.094431984002,3.02954058621,1.41584477202
0,0.0319491542789,0.101095963365,0.0946436525503,3.02287291093,1.41488532502
0,0.032045450562,0.101154951409,0.0948386888574,3.01511017681,1.41423545492
0,0.0317472525861,0.100972765435,0.0942859649535,3.02521448394,1.41625749692
0,0.0310136289807,0.100159260761,0.093934472397,3.01634749198,1.41392625263
0,0.0318104018632,0.100939880318,0.0944891159931,3.02462863491,1.41439995966
0,0.0321806579748,0.101298114467,0.0944848864233,3.02087168899,1.41452977299
0,0.031664925734,0.100764633154,0.094382246496,3.01906093181,1.41365906152
0,0.0311834664605,0.100324594725,0.0941536715301,3.01040208083,1.4140060188
0,0.032319259748,0.101361933971,0.0949580751322,3.01651700249,1.41317273093
0,0.0317061290262,0.100682313548,0.0946153914232,3.01983483696,1.41122980592
0,0.0324630462232,0.101635023541,0.0951460939315,3.00705299951,1.41590257798
0,0.0307985941044,0.0999369524367,0.0938032810911,3.01666881305,1.41356574484
0,0.0322331127403,0.101294791092,0.0952783292947,3.02263873124,1.41346666784
0,0.0307019648928,0.0997885394248,0.0939669389383,3.01450611542,1.41243344292
0,0.0316422745635,0.100658903149,0.0946087418232,3.0107232617,1.41197482953
0,0.0322014658062,0.101224483279,0.0950360500546,3.01368805031,1.41266179959
0,0.0314581508673,0.10040297007,0.094716165048,3.0119095114,1.41035452069
0,0.0310038569882,0.10008166829,0.0941294968919,3.01403216165,1.41256006897
0,0.0318786528851,0.100888523114,0.094868406431,3.008402074,1.41207604274
0,0.0307384567987,0.0995849073383,0.0939610247094,3.01064596695,1.40766745264
0,0.0309557773414,0.0999605621747,0.0942975333699,3.01013372644,1.41105145985
0,0.0320094499836,0.10102619216,0.095169522659,3.01570382669,1.41234427916
0,0.0310564278092,0.100062399577,0.0942216510599,3.00036666166,1.41117584996
0,0.0318962656128,0.100790943692,0.0951138688854,3.00578773314,1.40978981416
0,0.0319657845617,0.100894877415,0.0948999536472,3.00837403028,1.41054762818
0,0.0314661903063,0.100314434101,0.0945523171801,3.01148409099,1.40843105342
0,0.0315499804346,0.100494444859,0.0948973896343,3.005888834,1.41043925488
0,0.0307252862603,0.0996180016287,0.0942968345845,3.00883634717,1.40857957965
0,0.0310459455188,0.100019053908,0.0943311920905,3.00095724003,1.41050810085
0,0.0317295750118,0.100604103254,0.0948910879011,3.01662695085,1.40922012836
0,0.0310901633184,0.0999755702559,0.0943805266474,3.00111186009,1.4087982877
0,0.0317087891059,0.100567252281,0.0953510581928,3.0068413257,1.40887803979
0,0.0320477570263,0.100838460594,0.0950514147951,3.00171396148,1.40786181558
0,0.0307684040892,0.099596363819,0.0945798676356,3.00129727808,1.40732758358
0,0.0311122901589,0.099995891123,0.0947381244543,3.00514130166,1.40878429553
0,0.030853175918,0.0997399354969,0.0941663072082,2.99775070129,1.40858835394
0,0.0317571716009,0.100527053481,0.0950088365186,2.9953611608,1.40715479437
0,0.0318391828444,0.100623208046,0.0953971133699,3.0066003759,1.40751967296
0,0.0309382326512,0.0997414784942,0.094271581552,2.99792617942,1.40700313399
0,0.0315113004581,0.100268031894,0.0952509632998,2.99587020922,1.40664591949
0,0.0310892872729,0.0999512472268,0.0945345841558,3.00347288489,1.40832847362
0,0.0316053534152,0.100345886383,0.0950465442776,2.98618267141,1.40641599877
0,0.0305184053371,0.0992975536431,0.0943118219896,2.99308218724,1.40610135676
0,0.0316847630191,0.100349988481,0.0953583203466,2.99522681349,1.40498926085
0,0.031208492139,0.10003649042,0.094782102538,2.99250752134,1.40776844451
0,0.031743535216,0.100447525668,0.0955323525527,3.00235795754,1.40582333078
0,0.0304060054582,0.0990994419458,0.0942280909192,2.98690335615,1.4042747205
0,0.030974523657,0.0997115079428,0.0949636622398,2.98480292631,1.40571419559
0,0.0313561915252,0.0999915990687,0.0950894930815,2.9818393272,1.40406432961
0,0.0303941620128,0.0991497105495,0.0941469310281,2.9915281007,1.40550512017
0,0.0305639585669,0.0992820626093,0.0945674444535,2.9786681959,1.40492602408
0,0.031001001513,0.0997315847248,0.0947159936105,2.98488672548,1.40561265487
0,0.031407337089,0.0999410429246,0.0952780117616,2.99109704197,1.40208143989
0,0.0311291816939,0.0997478751122,0.0948300796807,2.98647230783,1.40350303954
0,0.0308387577194,0.0994789178031,0.094560209013,2.98596683363,1.40364194625
0,0.0305581602761,0.0991922774148,0.0944734921256,2.98301537458,1.40324048718
0,0.0311937947938,0.0997784131368,0.0951555589365,2.9819470487,1.40288614613
0,0.030017768507,0.0986771004119,0.0941875356174,2.98378019819,1.4032043914
0,0.0312179418259,0.0998107077962,0.0950565550779,2.98122974628,1.40307324776
0,0.0313248598661,0.0998299364311,0.0953036090035,2.97691491331,1.40142637625
0,0.0312360569612,0.0997884707966,0.0948631145665,2.97906350362,1.40228432203
0,0.0298651717696,0.0983723384019,0.0941383153645,2.97542901376,1.4000084894
0,0.0313057897591,0.0998193041389,0.0949855929312,2.99448668589,1.40157606585
0,0.0311396406658,0.099645296498,0.0951199631638,2.97766139074,1.4012527443
0,0.0300808254951,0.0986130863417,0.0943674165786,2.97102990571,1.40072602745
0,0.0308306367101,0.0993217881476,0.0948161999409,2.97657667395,1.40065365087
0,0.031331141555,0.0997776675281,0.0953115637771,2.97488845248,1.40026164849
0,0.0311382285923,0.0996422168552,0.094950468003,2.97201376797,1.40121798033
0,0.031052476589,0.0995330838845,0.0949847833632,2.97644943687,1.4006646079
0,0.0306292939746,0.0991601121972,0.0948232454842,2.97354657772,1.40124564433
0,0.0306867616248,0.099134033598,0.0946502454245,2.98047861187,1.39963218811
0,0.0310456759696,0.0994678703274,0.0950443626167,2.97039260999,1.39948955066
0,0.0310960445016,0.0995146685348,0.09519072627,2.9846420332,1.39946851269
0,0.0304848635801,0.0989139693107,0.0946835052364,2.97105516468,1.39906696471
0,0.0305382107009,0.098930544237,0.0949501671132,2.9701237033,1.39838486704
0,0.0304117098661,0.0987728950243,0.0946588680074,2.97362665217,1.39763540032
0,0.0302644275827,0.0986458513842,0.0948006624532,2.97575187372,1.39789288904
0,0.0310593150513,0.0993949401209,0.0950508120271,2.96388784247,1.3977718035
0,0.0305624007808,0.0989359971598,0.0949832822998,2.97534863603,1.39803431383
0,0.0299525925547,0.0983266595655,0.0943137697295,2.96996236643,1.39743392061
0,0.0308138364138,0.09906858758,0.0950206133288,2.96067801155,1.39590884705
0,0.0310966818691,0.099418252237,0.0955092665395,2.97892287725,1.3975280763
0,0.0299952693599,0.0983295816878,0.0943663044158,2.96895741836,1.39668150285
0,0.0300230063424,0.0983726266888,0.0945654521707,2.97035617793,1.3970153989
0,0.0304961320211,0.0987971946862,0.0949004480915,2.96677528637,1.3965173721
0,0.0310315575271,0.0993185074285,0.0954138856276,2.97243897538,1.39677054013
0,0.0299109358705,0.0981261569272,0.0946150448414,2.95945914636,1.39421534245
0,0.0304393165839,0.0986890303123,0.0951139743797,2.97618010128,1.39543357529
0,0.0304027612307,0.0986320832399,0.0948014621118,2.96213268712,1.39498918766
0,0.0306419635417,0.0988807272002,0.0953628014075,2.96181919633,1.39541722375
0,0.0312756044206,0.0994296428097,0.0957140617727,2.96815534018,1.39435635752
0,0.0306514380577,0.098797320885,0.095194536408,2.95948883045,1.393569082
0,0.0305990443146,0.0987854842104,0.0952122039833,2.9632647383,1.39432782854
0,0.0298622066455,0.0980493032087,0.0945289308085,2.9615448454,1.39360412326
0,0.0302375453412,0.0984075620096,0.0948942760083,2.95868084368,1.39363786362
0,0.030386817606,0.0985163212748,0.094837965904,2.96988865815,1.3929768759
0,0.0307627884674,0.0988497059851,0.0953996435401,2.95891905295,1.39250112481
0,0.030131420031,0.098291064535,0.0947103501972,2.95793931096,1.39332429435
0,0.0307842753086,0.0988087143484,0.0952212772831,2.95210138327,1.39127304216
0,0.0298325805176,0.0979897277034,0.0948827363192,2.96655952068,1.39297551027
0,0.0306152992698,0.0986207087552,0.095368092926,2.95107365205,1.39072347439
0,0.0305559429159,0.0986178243553,0.095085149529,2.9580482263,1.39179355858
0,0.0298557960634,0.0978705437069,0.0947718854197,2.95116752997,1.39015073371
0,0.0298026117865,0.097888365207,0.0946278726407,2.95738617015,1.39151766506
0,0.0305554630423,0.0985588617998,0.0953724152265,2.95998958766,1.39062342506
0,0.0307386986244,0.0986621327478,0.094967089927,2.96089799904,1.38920736701
0,0.0302905088652,0.098230076571,0.0952466211558,2.96276428088,1.38908184756
0,0.0294552022749,0.097468616736,0.0946751651455,2.95218736148,1.38972347725
0,0.0295377336875,0.0974710575312,0.0947108924092,2.96245145535,1.38820419709
0,0.0301226039555,0.0980641789706,0.0946817647536,2.95496404059,1.3889540922
0,0.0298396850755,0.0977133173726,0.0948961946996,2.96662930726,1.38731231652
0,0.0304188771053,0.098342749359,0.0952440858085,2.94639221277,1.38889630832
0,0.0303903579724,0.0982187694848,0.0951090574907,2.95310205729,1.38695857374
0,0.0301581908444,0.0979489983267,0.0951990514228,2.94429590407,1.38597432571
0,0.0293883492932,0.0973116385897,0.0944789197932,2.95778549583,1.38785412127
0,0.0304748472351,0.0982585672952,0.0952989726418,2.95792236255,1.38614923212
0,0.0296679650577,0.097512855811,0.0947452225224,2.95783148214,1.3865657667
0,0.0298752137807,0.0977310605307,0.0948825116774,2.94263767333,1.38699213534
0,0.0307891402474,0.0985401451476,0.0956547098917,2.95480461473,1.38580922438
0,0.0300179043009,0.0977546960981,0.095018999024,2.95577438296,1.38475372457
0,0.0306091077138,0.0983682849901,0.0954739398649,2.95346649911,1.38579263993
0,0.0305364149936,0.0982825290666,0.0955622419468,2.95399946942,1.38545868329
0,0.0291199005992,0.0969458187657,0.0943323982938,2.95613145615,1.38563824811
0,0.0300148238473,0.0977200062284,0.0948217993426,2.94989546337,1.38411845761
0,0.0296668129545,0.097394272022,0.0950272394774,2.95444009514,1.38421597793
0,0.0299266371969,0.0976039493175,0.0948833431647,2.9497594032,1.3834728667
0,0.0295745137134,0.0972960349058,0.0950444943301,2.95206420313,1.38400492423
0,0.0296739607456,0.0973881775993,0.0946887917261,2.94633396612,1.38395828473
0,0.0303693985594,0.0980274623315,0.0954229744093,2.94400889254,1.38353066018
0,0.029293182428,0.0969225604962,0.094206750084,2.94768797282,1.38188072879
0,0.029618224821,0.0973776353878,0.0948727646129,2.94265541775,1.38480642178
0,0.029191101007,0.0968547064872,0.09451481459,2.95580062505,1.38246319634
0,0.0299052705287,0.0974569863299,0.0949401065682,2.93951996979,1.38093957114
0,0.0296241489469,0.0972044736628,0.0948624192037,2.94143769663,1.38123062791
0,0.0292793981218,0.0969294017826,0.0943667439506,2.94169438367,1.38227945693
0,0.0304359429968,0.0979150646527,0.0954812056019,2.95249642564,1.38001836135
0,0.0301769398073,0.0977104578044,0.0952873387765,2.94648174024,1.3808472864
0,0.0301794501216,0.0976533229371,0.0953020273675,2.94269746477,1.3796568922
0,0.0289648781449,0.0964638884172,0.0944401860534,2.94848179681,1.37894506963
0,0.0300202932159,0.0975166493451,0.0950687260029,2.9483911162,1.37994740183
0,0.0290382979052,0.0965830069725,0.0941655239705,2.93600111632,1.37993246357
0,0.029670321242,0.0971902449624,0.0949827599189,2.9463864212,1.38006878147
0,0.0293901175427,0.0968604453478,0.0946724378623,2.93860285287,1.37879665964
0,0.0303502956384,0.0977176122624,0.0954574795678,2.93255125587,1.37769661453
0,0.0299251051141,0.0973629858567,0.0951255690152,2.94048861197,1.37868270517
0,0.0292076217644,0.0966114328389,0.0944280883739,2.93543948537,1.37728382864
0,0.0299680051896,0.0973286621106,0.0953908938155,2.94436653675,1.37718112829
0,0.0289316218019,0.0962988375551,0.0945563101477,2.93541329384,1.37627592294
0,0.0290587785813,0.0965444160502,0.0943814756389,2.9331331302,1.37877151417
0,0.029401926262,0.0966868325673,0.0946193390941,2.94715248785,1.37510003813
0,0.0289276102295,0.0963110205787,0.0945031500327,2.93358259793,1.37659580415
0,0.0300161121274,0.0972582781842,0.095283408033,2.93633713282,1.3748594185
0,0.029663357757,0.0969959420776,0.0947581843085,2.93466727075,1.37631502971
0,0.0298283136578,0.0971426245416,0.0952414095303,2.93718537534,1.37611451517
0,0.0294217712232,0.0966121833926,0.0946685811922,2.92982709668,1.37322999974
0,0.0289928869562,0.0963694203408,0.0948514419779,2.93342277219,1.37652354065
0,0.0289313167142,0.0962164626921,0.0945638873634,2.92974310732,1.37463422116
0,0.0295574945856,0.0968719114108,0.0948069961881,2.93398007061,1.37584581657
0,0.0294942933862,0.0967508099501,0.095275938375,2.94268333186,1.37462460857
0,0.0289271278353,0.096269534766,0.0945212945441,2.92979054122,1.37577525206
0,0.0297590318703,0.0969275135427,0.095295345457,2.93215445614,1.37312865349
0,0.0292228447678,0.0964097157695,0.094794249159,2.9222302108,1.37296024972
0,0.0290651434498,0.0963399623924,0.0949247759917,2.93837721771,1.37456150746
0,0.0298757652133,0.0969761550518,0.0952229036349,2.93231794798,1.37188354946
0,0.0294952894195,0.0967519351741,0.0952634562678,2.92662825384,1.37462818957
0,0.0299608280255,0.0970269019194,0.0955316904518,2.93198673319,1.37128229186
0,0.0292037317705,0.0963575980851,0.0946613708588,2.93291460029,1.37228104235
0,0.0291540944489,0.0962500560977,0.094815193433,2.92576572405,1.37107331255
0,0.0294886557061,0.0965265687199,0.094983115434,2.93382914156,1.37024690157
0,0.0285620252489,0.0957151811806,0.0941399307443,2.92892321994,1.37162513157
0,0.0293589031191,0.0964336987616,0.0948659761332,2.92306855214,1.37085480166
0,0.0291236760388,0.0961298379101,0.0949798841431,2.92604605167,1.36924690062
0,0.0287013133435,0.0958233670348,0.0945217362783,2.92790565288,1.3711423734
0,0.0295716394357,0.0965689939919,0.0951109633566,2.93275507255,1.36951871689
0,0.0286742441826,0.095734960968,0.0944218351869,2.92110109227,1.36988856449
0,0.0299129021875,0.0968048129229,0.0956051765167,2.92762856122,1.36775110162
0,0.0294242847995,0.0963136771215,0.0950181741348,2.92354267236,1.36721211687
0,0.0289758587315,0.0959746502997,0.094809371873,2.9200377208,1.36895167498
0,0.0291040715226,0.0960187302415,0.0949126592101,2.92695229096,1.36739723115
0,0.0290608371038,0.0960479034788,0.0949564306297,2.93481803312,1.36880215086
0,0.0295216246086,0.0963626572505,0.0951136116488,2.92044302014,1.36634226301
0,0.0291211357708,0.0960405734788,0.0949446226209,2.92114472675,1.36750987553
0,0.0292893292423,0.096260963915,0.0951232404184,2.93155631179,1.36872200827
0,0.0296902758522,0.0965023604294,0.0954762455292,2.9229671329,1.36593195241
0,0.0298956517766,0.0967979028902,0.0952545115678,2.92764137703,1.36794066053
0,0.0291664154233,0.0959909711493,0.0948103548554,2.918051648,1.36565751753
0,0.0294063780642,0.0962528815537,0.095244083362,2.92754739302,1.36633643425
0,0.028333562607,0.0952315977593,0.0944223589021,2.9122954056,1.36629425118
0,0.0295447304746,0.0963358361331,0.0952172805223,2.93746037913,1.36536682856
0,0.0289352449741,0.0957272687072,0.0947768718844,2.92071986111,1.36477570483
0,0.0291846256524,0.0958790349874,0.0948655264171,2.92111602596,1.36307280012
0,0.0297749008656,0.096471738708,0.0952603856401,2.93277967109,1.36371164325
0,0.028802379972,0.0954931395811,0.0948173949251,2.92172454562,1.36261755957
0,0.0287263471522,0.0955584318932,0.0946523536176,2.93146083463,1.36536802856
0,0.0292106033218,0.0959397221107,0.0950936027996,2.9062118936,1.36379296404
0,0.0293129669938,0.0960063208192,0.0949788384918,2.922066511,1.36318002846
0,0.0282567851863,0.0948961824292,0.0944842237293,2.92176317142,1.36104471582
0,0.0289936204832,0.0956571336446,0.0946919826751,2.92070043884,1.36226386948
0,0.0288968162849,0.0955184735861,0.0948299262086,2.92505244334,1.36132994972
0,0.0290142972683,0.0956462546873,0.0949583605648,2.91456456159,1.36165343006
0,0.0296654878941,0.0962384651398,0.0952940758559,2.91503808695,1.36112501785
0,0.0283546261798,0.0950734024624,0.0944308119133,2.92193922507,1.36273013717
0,0.0292381632511,0.0957349953734,0.095234767591,2.91769032488,1.35917479317
0,0.0292366426438,0.0957138419387,0.0951528434038,2.91581072721,1.35878061352
0,0.0289516751044,0.0955150055836,0.0949573346335,2.91435222028,1.36021827113
0,0.0288637293407,0.0953938306528,0.094890384507,2.91920322582,1.35946574408
0,0.0293519393314,0.0958808607841,0.0954415014455,2.91807296652,1.35993035433
0,0.0282452484472,0.0947774934559,0.0946763527902,2.90331473738,1.3588901347
0,0.0289947842904,0.0954328853111,0.0950279818913,2.92710430606,1.35775678991
0,0.028864739472,0.0954444844081,0.0952364034691,2.91286259465,1.36045962484
0,0.0296125710968,0.0960140257201,0.0953634124787,2.91124630308,1.357641652
0,0.0295208149758,0.0960047223551,0.0955422591437,2.9191487467,1.35919895017
0,0.0294631479361,0.0958215009179,0.095526300556,2.91742462324,1.3566301939
0,0.0287962029032,0.0952022337195,0.0949177925489,2.90554270645,1.3569168042
0,0.0287744616147,0.0951835242596,0.0951822905324,2.91857650229,1.35695570002
0,0.0284326329741,0.0948725431982,0.0948928329433,2.90060906967,1.35723082268
0,0.0294302925591,0.0958281386697,0.0956532431158,2.90252791511,1.35738719959
0,0.0293336784248,0.095553836051,0.0956988005249,2.91326261637,1.35373681822
0,0.0296070450271,0.0959630165334,0.0958536728648,2.91601641485,1.35672646123
0,0.0285713977117,0.0949113511984,0.0948878949752,2.90769593913,1.35537045279
0,0.0285622753191,0.0949102656794,0.0946943279523,2.91143006289,1.35552206973
0,0.0290139566051,0.0953426974397,0.0954290361917,2.90063420333,1.35558875942
0,0.02945914884,0.0958097151844,0.0958492596129,2.91202889217,1.35647046076
0,0.0291783697625,0.0954146686235,0.0953828321513,2.90768894684,1.3539043326
0,0.0290861178381,0.0953582004714,0.0951338381835,2.91020239678,1.35452775589
0,0.028351032016,0.0946855662269,0.0951366181397,2.91181406609,1.35504170067
0,0.0289716500585,0.0951737325696,0.0952038615077,2.90873414531,1.35301328648
0,0.0280926329042,0.0943726301846,0.094828114902,2.90134742082,1.35369256427
0,0.0290046522477,0.0952421311807,0.095227950458,2.89788247613,1.35375421721
0,0.0285977073891,0.0947977285587,0.0949493801688,2.90369042028,1.35259811823
0,0.027980288642,0.0941608450831,0.0946342781384,2.90320508409,1.35159140314
0,0.0292119933895,0.0954311292391,0.0953567018408,2.91342763861,1.35359469531
0,0.0290900695031,0.0952362911634,0.095381690668,2.91214381444,1.35201448762
0,0.0288603991319,0.0950819456748,0.0951601937784,2.9056731835,1.35329131468
0,0.0284233090852,0.0945117089979,0.0951195448439,2.90392942832,1.350191294
0,0.0280894648352,0.0942925545199,0.0945526568673,2.90039950099,1.35215124551
0,0.0293043071086,0.0954292373305,0.0954435308453,2.90271049424,1.35180289795
0,0.0289294008555,0.0950432245132,0.095250207208,2.90187735956,1.35120586322
0,0.0291705480151,0.09530620743,0.0956304026752,2.90329883072,1.3518837227
0,0.0282821438706,0.0943409124819,0.0947032208812,2.89706974254,1.34945750301
0,0.0287356696479,0.0948754437606,0.0951518724313,2.91424449346,1.35153113881
0,0.0289199563673,0.0949224162601,0.0952910774111,2.90496572336,1.34896913999
0,0.028419936292,0.0945257337032,0.0947645709759,2.89632667117,1.35053587168
0,0.0291183691002,0.0951366432388,0.0954449697093,2.89901947716,1.34948383868
0,0.0281136402579,0.094166567224,0.0942984823613,2.90000165252,1.3491721656
0,0.028478001561,0.0945770546884,0.0946443810515,2.90015097353,1.35045905148
0,0.0286595898975,0.094721642364,0.0953090520542,2.90211947027,1.34990062412
0,0.0291375078842,0.0950842652324,0.0954405790192,2.90062444996,1.34807264044
0,0.0286104542946,0.0946275779428,0.0952315723916,2.90046691189,1.34895291384
0,0.0283791132512,0.094351809406,0.0945704141956,2.89584620912,1.34783302235
0,0.0283378334083,0.0942765925891,0.0949131556683,2.88514314748,1.34711300321
0,0.0278452329128,0.0937693590974,0.094490193646,2.89834626133,1.34632774099
0,0.0286863171812,0.0946184380893,0.095270632116,2.89964998078,1.34732872012
0,0.0280755464988,0.0940771238604,0.0948314720249,2.89266116849,1.34810707925
0,0.0282864400632,0.0941771541034,0.0947959148147,2.89508668385,1.34610070882
0,0.0282319010781,0.0941895859685,0.0948239804476,2.89369819997,1.34738558503
0,0.0283964892006,0.0943450215861,0.095066052443,2.89760914784,1.34736712171
0,0.0287907683626,0.09471782591,0.0951623111024,2.88841172072,1.34733190529
0,0.0279849656822,0.0939173648846,0.094662598759,2.88870995561,1.34663293519
0,0.0287909086911,0.0946604700301,0.0954533388366,2.90354115482,1.34618212014
0,0.0283755229919,0.094148692221,0.0949847654596,2.88840671495,1.3438388923
0,0.0278529775905,0.0938324712431,0.0943932804599,2.89309920781,1.34744283764
0,0.0288553319309,0.0947100460117,0.0954813015451,2.89176517354,1.3459495994
0,0.0282032300578,0.0940834475013,0.0949849023501,2.88436000711,1.34580756509
0,0.0285639697794,0.0943998262967,0.0950896434894,2.8805417091,1.34528108664
0,0.0287349365009,0.0945774238521,0.0952723546457,2.89208424408,1.34558467016
0,0.0281684467288,0.0940316212868,0.0952656653217,2.90294147034,1.34543192436
0,0.0284716984656,0.0942928099592,0.0949821737942,2.88828772031,1.34489391431
0,0.0279027281165,0.0937551602088,0.094811023233,2.89429911104,1.34495135658
0,0.0281291947597,0.0939234113433,0.0947960852143,2.88452181223,1.34401351398
0,0.028491474061,0.0942905064302,0.0951996526463,2.89526819027,1.34447210719
0,0.0286531599909,0.0944314480384,0.0951442073283,2.88325212572,1.34421890738
0,0.0287788762536,0.0944857661109,0.0953269495102,2.88763468787,1.3429166588
0,0.0277192103978,0.0934744632801,0.0948589225091,2.89606653268,1.34282425386
0,0.0286858818968,0.0944088582265,0.0951585919283,2.88766817314,1.34314539307
0,0.0282871128519,0.0940093778497,0.0953016903863,2.88355220909,1.34273239827
0,0.028331717084,0.0941010978332,0.0952266567135,2.88950376964,1.3437193186
0,0.0279269939965,0.0936101541001,0.0946759385973,2.87823188517,1.34159018289
0,0.0286672594208,0.0943587647574,0.0951729553997,2.88811144575,1.34249735091
0,0.0283848633665,0.0941014101993,0.0951787550157,2.88337802023,1.34271578646
0,0.0285598393561,0.0942239440064,0.0954034983321,2.88623923825,1.34184191755
0,0.0278488234563,0.0935826579024,0.0946012970252,2.88882611968,1.34252549825
0,0.0278596488997,0.0935509286546,0.0945185750575,2.88459188748,1.34168522965
0,0.028857390821,0.0944940764389,0.0955259919315,2.88356543612,1.34159108937
0,0.0278645486387,0.0935085102482,0.0947128388765,2.88385238701,1.34074376826
0,0.0282995604584,0.0939192572878,0.0952301132392,2.8869990323,1.34069348339
0,0.0286973591733,0.0942726427094,0.095634547731,2.87778918612,1.34020301596
0,0.028063583838,0.0937464061942,0.0949371597462,2.88642747864,1.34172001834
0,0.0284042753971,0.0940158107805,0.0950017803739,2.87975098521,1.34063497127
0,0.0272093050639,0.0928553617338,0.0942606264308,2.87032815927,1.34013042551
0,0.0285213603167,0.0941288287279,0.0953007888166,2.87857459431,1.34067071412
0,0.0275595810752,0.0932330145228,0.0946082029967,2.88466174587,1.34102823706
0,0.0280750664306,0.0936136954669,0.0953799470715,2.8738246551,1.33884763329
0,0.0280196660292,0.0936365890627,0.0947957271293,2.87516268706,1.34035811221
0,0.0285250144867,0.0941458712527,0.0954410608975,2.88492816567,1.34094213675
0,0.02852384549,0.0940190409118,0.095318262924,2.86968404186,1.33842773901
0,0.0279271614554,0.0934780577775,0.0951500252309,2.87171818275,1.33894507448
0,0.0276761622281,0.0932470272302,0.0946632727462,2.87656102515,1.33909344796
0,0.0277962400694,0.0933344787116,0.094661271666,2.87175286791,1.33856099886
0,0.0275906535795,0.0931358807902,0.0948167274989,2.88610132799,1.33849518375
0,0.0274643770251,0.0930171970644,0.0947688410358,2.87338557397,1.33852076367
0,0.0283630124755,0.0938370890493,0.0952438990127,2.86704592874,1.33784452842
0,0.0283507210686,0.0939028548109,0.095363652763,2.87002598545,1.33939338313
0,0.0279093048478,0.0933382422171,0.0949157044464,2.8744696959,1.33648803636
0,0.0286813957762,0.0941293379379,0.0957029987973,2.88172937544,1.33764022487
0,0.0288068448034,0.0942741512103,0.0956062019539,2.86706307391,1.33815295981
0,0.0272610998013,0.0927249833731,0.0946082861022,2.86643227127,1.33653875718
0,0.0281733941769,0.0936682360999,0.0955258503828,2.8708131103,1.3380702185
0,0.0278362527453,0.0931102641447,0.094769609916,2.86003431637,1.3333164671
0,0.0277635169124,0.0933344567662,0.09509805197,2.87145761534,1.33918229749
0,0.0278415137232,0.0933136406699,0.0950306101546,2.88143394136,1.33728403837
0,0.0270902727627,0.0925552775179,0.0946228764025,2.86131327895,1.33639035368
0,0.0287170377599,0.094080201275,0.0957020192128,2.88195216703,1.33598029323
0,0.0285236877212,0.0938550642721,0.0956230192858,2.86646601731,1.33515120367
0,0.0284677118427,0.0938170006963,0.0956897758454,2.86324337964,1.33545347553
0,0.0279372864577,0.0933118559208,0.0951370118961,2.86827561581,1.33542866
0,0.0271493089826,0.0925633910354,0.0945893039504,2.8696351434,1.3354309358
0,0.0273382889468,0.0927374898156,0.0949911748122,2.86352773784,1.33532229338
0,0.0282448504868,0.0934802478715,0.095600050925,2.86677700718,1.3329527845
0,0.0279373520519,0.0933026786286,0.0953455468019,2.86507480174,1.33524386894
0,0.0278946277106,0.0932137035338,0.0954179873514,2.86135716518,1.33427612925
0,0.0279230163904,0.0932161505368,0.0955041361784,2.85902514373,1.33378568528
0,0.027632232011,0.0930038015307,0.0950637970546,2.86152379976,1.33506360806
0,0.0276576253349,0.0929532686248,0.094999141534,2.86158018259,1.33357047847
0,0.0279233978867,0.0931879865832,0.0955266018041,2.87165394025,1.33321515734
0,0.0278021046184,0.0931023148962,0.0951593425959,2.85747948109,1.33380629629
0,0.0271605805465,0.0924800745634,0.0947677621473,2.85811864201,1.33355044594
0,0.0277423169031,0.0931086840652,0.0952453153891,2.8610052099,1.33506964681
0,0.0272222188816,0.0925506108466,0.0948753591324,2.86165329026,1.33379004529
0,0.0283169501753,0.0936456614417,0.0958316763415,2.8762908891,1.33489116185
0,0.0278847522008,0.0931245633604,0.0951847285897,2.85581469707,1.33268096127
0,0.0276757529188,0.0929389073614,0.0953443719825,2.86094776167,1.33293882554
0,0.0279328629041,0.0931646973938,0.0951420972325,2.86986590994,1.33256953842
0,0.0269563743879,0.0922897423658,0.0945618475848,2.85393753066,1.3336237205
0,0.027769048638,0.0929760671565,0.0954952985048,2.85820223206,1.33190940471
0,0.027984841234,0.093156640463,0.095544093358,2.86637883332,1.33142081239
0,0.0279775836951,0.0932370274225,0.0954556417826,2.8604281073,1.33316644358
0,0.0276451552037,0.0928770381512,0.0952573053749,2.85395347783,1.33228280007
0,0.0283381903566,0.0935503096473,0.0959067323166,2.8622690399,1.33258056221
0,0.0273240746353,0.0925116067836,0.0954521256151,2.86012467208,1.33107470381
0,0.0279827128299,0.0931517418002,0.0955500294444,2.85495164276,1.33136327843
0,0.0271433103107,0.092408048979,0.0948757877076,2.85424803182,1.33243807001
0,0.0274798889918,0.0926820958131,0.0951877943863,2.85504030421,1.33152401096
0,0.0272064456132,0.0923566483604,0.0949078144546,2.85105549845,1.33021048763
0,0.0274456461203,0.0926307512321,0.0952520336381,2.8498351728,1.3311477345
0,0.0284365992066,0.0935714554954,0.0958323355017,2.85649112876,1.33113371275
0,0.0269006372894,0.0920189092234,0.0948425034682,2.85234433772,1.32926606168
0,0.0270667651925,0.0922580490415,0.0948765082269,2.85314027716,1.33089242721
0,0.0270409576477,0.0922261957969,0.0949319227789,2.85503851465,1.33074570788
0,0.0280248046348,0.0931739188837,0.0959306068187,2.85502009476,1.33100707608
0,0.0277184051142,0.0928198673052,0.0956023765935,2.85387972913,1.32974763364
0,0.0276778236921,0.0927693662515,0.0950491796703,2.85741370716,1.32950866111
0,0.0274874993799,0.0926134836936,0.0953091500361,2.85013855777,1.33000717309
0,0.0273167128191,0.0923722784362,0.0948672843711,2.85122002473,1.32842801241
0,0.0276600075345,0.0927697654264,0.0954626089898,2.85417043096,1.32985515247
0,0.0275530889414,0.0925872582439,0.095596807859,2.85659882319,1.32823646036
0,0.0278180204703,0.0928630992296,0.095494804456,2.85720908687,1.32871958231
0,0.0273455740115,0.0924083097899,0.0952588413683,2.84157666219,1.3286002749
0,0.0268399898352,0.0919459524871,0.0949633035123,2.85523246711,1.32895922875
0,0.0270402151906,0.092070165738,0.0952223171766,2.84244100076,1.32763921436
0,0.0279143387251,0.0928993058695,0.0957128128182,2.84354383759,1.32761366917
0,0.0278934793049,0.0928831656006,0.095472913637,2.85475280245,1.32768719212
0,0.0278207208702,0.0928524705322,0.0959421336206,2.86018677347,1.32845569982
0,0.027777842297,0.09282449269,0.0953547898711,2.84599938173,1.32871083566
0,0.0267938536006,0.0918182401353,0.0947422075949,2.84389828847,1.32728157177
0,0.0274406961084,0.0924658167609,0.0956077867776,2.85647913383,1.32794309628
0,0.0274073346078,0.0924210218947,0.0952439894946,2.84523503788,1.32768106786
0,0.0266844963139,0.0916844726604,0.0950289213193,2.84132029705,1.32668400986
0,0.0274164219654,0.0924447508632,0.095736670887,2.84441626631,1.3279829878
0,0.0276066092203,0.0925519285884,0.0955457641538,2.85284215756,1.32651298207
0,0.0274389520763,0.0924383246934,0.0956091249414,2.8444477694,1.32742638853
0,0.0278642516379,0.0928006380787,0.0957252515069,2.84304731676,1.32659196849
0,0.0271928537773,0.0921559320212,0.0956819894327,2.8458907767,1.32645440649
0,0.027598811956,0.0926112866655,0.0955421560958,2.84166690925,1.32784829264
0,0.0273357358102,0.0923479224972,0.0957581949965,2.84186503847,1.3275794551
0,0.0272030475739,0.0921210583874,0.095183745459,2.84489925369,1.32556325005
0,0.0281328447132,0.0930999532737,0.0961115976447,2.84776456146,1.3274750006
0,0.026520158558,0.0914907947912,0.095175365298,2.83618824207,1.32593287084
0,0.0276418694976,0.0925713227528,0.0960174508232,2.83741894945,1.32623092015
0,0.0270801170375,0.0919626916895,0.0952458327658,2.83801240589,1.32473159775
0,0.0269785771057,0.0919467504136,0.0954630704686,2.83668938318,1.32634202913
0,0.0277586807443,0.0926285355941,0.096142435536,2.85405915147,1.32515576389
0,0.0277006814247,0.092545177899,0.0961880326444,2.84576792536,1.3245905988
0,0.027095018381,0.092078760637,0.0955778670252,2.84320883165,1.32676984855
0,0.0269817941626,0.0919340306479,0.0951210282632,2.83830227575,1.32602651015
0,0.0277416671952,0.0925256806048,0.0958601767892,2.84041352546,1.32342192196
0,0.0266084179381,0.0915417398776,0.094888839741,2.8364584069,1.32527484507
0,0.0276002467426,0.092438681945,0.0957806562236,2.83860517586,1.32436893713
0,0.0267743422383,0.0916350724799,0.0952084485448,2.83753523404,1.32398893192
0,0.0278289076837,0.092712415663,0.0961960185795,2.83947217367,1.3254990511
0,0.027562129146,0.0923639616351,0.0956754788732,2.83976908777,1.32359876599
0,0.0280387845681,0.0928802528164,0.0961359908332,2.84702193427,1.32486813551
0,0.0271977295058,0.091984174498,0.0953451743717,2.83566541619,1.32292661546
0,0.0277842878122,0.0926139444044,0.0959475511441,2.84406322597,1.32437740644
0,0.0268160406111,0.0916341418473,0.0951507351242,2.83022809977,1.32317805265
0,0.027803696207,0.092577200182,0.0960520403846,2.83993164542,1.32327376182
0,0.0274624644715,0.0922265310444,0.0956627264817,2.84150404011,1.32274378375
0,0.027770451982,0.0925757828186,0.0960914329139,2.85205556205,1.32387705451
0,0.0266260423977,0.0914525643128,0.0953479338419,2.83074737839,1.32315646678
0,0.0267937037087,0.0916307658912,0.0954289597955,2.83645099121,1.32353493459
0,0.027568963225,0.0922782710003,0.0960913474732,2.83898950189,1.32175510577
0,0.0278635949181,0.0926565845111,0.0960076584127,2.83856646947,1.32372337444
0,0.0269310496327,0.0916645807753,0.0951147037581,2.83005683219,1.32160165879
0,0.0275259767821,0.0922177988313,0.0957559044064,2.83402015579,1.32136240313
0,0.0270198946309,0.0917171532066,0.0952811642962,2.83807859767,1.32096505255
0,0.0270621618055,0.0919152815654,0.095805396661,2.83740537457,1.32412454247
0,0.0275776191625,0.0922902714078,0.0958912703355,2.82880921344,1.32183065112
0,0.0273033622714,0.0920492340591,0.095683170603,2.83981070383,1.32222078554
0,0.0272359956044,0.0919613843804,0.0954512024104,2.82882620797,1.32174375853
0,0.0263111288281,0.0910612781937,0.0951060221637,2.82312645744,1.32131410332
0,0.0270852385395,0.0918128246748,0.095374506665,2.82955206244,1.32163694884
0,0.0276252838102,0.0923463044685,0.0960207695194,2.82262441949,1.32204568234
0,0.0267450368622,0.0914254518128,0.0952478911647,2.83215436522,1.32035332362
0,0.0276344959558,0.0923532859484,0.0960900560516,2.83696921942,1.32201028161
0,0.0274081638401,0.092055041607,0.0956493357867,2.82740951865,1.32034570442
0,0.0266222922413,0.0912536704175,0.0953702602542,2.83334897966,1.31924984064
0,0.0263206018799,0.0910699265504,0.0952329762638,2.82528772443,1.32130707999
0,0.0269813190151,0.0916601427461,0.0953127869203,2.82407878471,1.3205577792
0,0.0272624496136,0.0918992258005,0.0960158620703,2.82773426024,1.31999795998
0,0.0271322415002,0.091806584756,0.0957260832784,2.83105113329,1.32061909306
0,0.0268028479434,0.0915287855221,0.0950044548482,2.82795263571,1.3213215857
0,0.0265044764172,0.0911608303576,0.0951772764523,2.82564995704,1.31963154142
0,0.0272887571163,0.0919394831119,0.0958128094821,2.8328357183,1.32030326263
0,0.0275393280866,0.092159015545,0.0957675978517,2.82656563298,1.31993306319
0,0.0273442252865,0.0919951769616,0.0958660979127,2.83399788757,1.3203632448
0,0.0272720016873,0.0919298487347,0.095808007688,2.82469381031,1.32042892931
0,0.0262327729253,0.090895589018,0.0953355204085,2.81926130297,1.31948908119
0,0.027210902852,0.0917523787485,0.09582538689,2.82963564694,1.31804040563
0,0.0271778288938,0.0917098905115,0.0957986564803,2.82042246557,1.31781904875
0,0.0265397479168,0.0911269950618,0.095263070901,2.82494625595,1.31828467687
0,0.0262042412853,0.0907960646034,0.0950560060455,2.81234051998,1.31804069346
0,0.0275845394638,0.0921820961306,0.0959090037182,2.83328125276,1.31953565757
0,0.0264963764932,0.0911090672246,0.095584593392,2.81753389538,1.31875017836
0,0.0269481887698,0.091556087105,0.0954260225616,2.82994257986,1.31910614198
0,0.0266537728903,0.0912723541057,0.0951323188211,2.81806788143,1.31902538242
