epoch,loss,main_output_loss,mid_output_loss
0,106.505734459,185.936217231,106.505734459
0,73.9153609944,186.55959272,73.9153609944
0,69.2882069866,186.823507046,69.2882069866
0,66.4894833617,186.970384606,66.4894833617
0,66.9703846893,186.997583837,66.9703846893
0,65.3293500086,186.873005385,65.3293500086
0,64.5294975125,186.861903355,64.5294975125
0,65.2081443633,186.710064848,65.2081443633
0,64.7937987792,186.799762895,64.7937987792
0,64.5159052927,186.725203358,64.5159052927
0,63.8111622867,186.742922515,63.8111622867
0,63.9173822619,186.709872911,63.9173822619
0,63.2004267042,186.738363049,63.2004267042
0,62.8376602176,186.7738686,62.8376602176
0,63.0914023103,186.757558781,63.0914023103
0,62.8076952688,186.679482412,62.8076952688
0,62.782261121,186.650287289,62.782261121
0,62.4494467539,186.581251807,62.4494467539
0,62.2437545727,186.654296543,62.2437545727
0,62.1801429932,186.599364997,62.1801429932
0,62.2636997073,186.527507271,62.2636997073
0,62.1528499384,186.577224396,62.1528499384
0,62.1197077865,186.630302033,62.1197077865
0,62.0537728966,186.471975595,62.0537728966
0,61.7978787404,186.464680364,61.7978787404
0,61.6713048751,186.534988483,61.6713048751
0,61.5224661144,186.50436836,61.5224661144
0,61.8431762824,186.498144448,61.8431762824
0,61.4572550555,186.386614839,61.4572550555
0,61.1353863907,186.369861205,61.1353863907
0,61.4647776478,186.444697447,61.4647776478
0,61.4447060193,186.289113617,61.4447060193
0,61.3189807181,186.351130994,61.3189807181
0,61.3189154684,186.208736416,61.3189154684
0,60.9927190831,186.165872476,60.9927190831
0,60.7370591793,186.194791795,60.7370591793
0,60.7286815614,186.1472815,60.7286815614
0,60.6120365255,185.95960106,60.6120365255
0,60.5866031887,186.053530651,60.5866031887
0,60.5293749756,186.153912459,60.5293749756
0,60.3446893149,186.287104014,60.3446893149
0,60.0061119463,186.034942493,60.0061119463
0,60.0369376187,185.923119288,60.0369376187
0,60.0033495088,186.017556786,60.0033495088
0,60.0028952059,186.033544016,60.0028952059
0,63.991826588,185.895478042,63.991826588
0,61.1592788081,186.45361966,61.1592788081
0,60.6320932014,186.361899422,60.6320932014
0,60.5157599144,186.17226068,60.5157599144
0,60.1132076419,185.879157807,60.1132076419
0,59.8517030612,185.635731693,59.8517030612
0,59.7659450884,185.36681799,59.7659450884
0,59.5648985992,185.266641274,59.5648985992
0,59.451201959,185.454769348,59.451201959
0,59.2405607935,185.447275863,59.2405607935
0,59.1851998451,185.446060244,59.1851998451
0,59.1952896322,185.677502044,59.1952896322
0,58.7819345633,185.562817977,58.7819345633
0,59.4046909878,185.708307193,59.4046909878
0,58.9255573432,185.946734011,58.9255573432
0,58.5150899677,185.236167518,58.5150899677
0,58.850284804,185.15427017,58.850284804
0,57.8055393158,185.179799345,57.8055393158
0,57.9997205649,185.249865961,57.9997205649
0,57.2729417993,185.235178139,57.2729417993
0,57.4834150328,185.206037396,57.4834150328
0,57.2389354213,185.267814984,57.2389354213
0,57.0424454799,185.184199319,57.0424454799
0,56.9510035541,185.209778557,56.9510035541
0,56.699965448,185.409005582,56.699965448
0,56.7717597977,185.315013117,56.7717597977
0,55.7129509932,185.429818593,55.7129509932
0,56.2455601639,184.84578198,56.2455601639
0,56.0530573632,185.226856569,56.0530573632
0,54.8312743994,185.331213767,54.8312743994
0,54.9529884727,185.16873191,54.9529884727
0,55.4133766851,185.283965946,55.4133766851
0,55.6472164374,185.264896482,55.6472164374
0,54.5417050814,185.34061099,54.5417050814
0,54.1662073606,185.284638057,54.1662073606
0,53.8671806361,185.867765474,53.8671806361
0,53.1558808493,185.551786546,53.1558808493
0,54.369401832,185.207931969,54.369401832
0,52.327138981,185.587136229,52.327138981
0,54.2505516858,185.359956242,54.2505516858
0,52.7147925992,184.991910749,52.7147925992
0,51.2715958831,185.229748646,51.2715958831
0,51.4433196304,185.538390289,51.4433196304
0,50.1930333976,184.950873565,50.1930333976
0,50.8851589693,184.752669508,50.8851589693
0,50.8605479182,185.093407329,50.8605479182
0,49.3776067025,184.935385311,49.3776067025
0,50.0209002007,185.35078872,50.0209002007
0,53.381289017,183.442701667,53.381289017
0,50.4039845222,183.6362112,50.4039845222
0,48.5982144973,184.13361934,48.5982144973
0,49.2953078363,184.584246421,49.2953078363
0,48.1532842999,184.65952262,48.1532842999
0,46.9300927333,184.339305811,46.9300927333
0,47.4639617392,184.496658273,47.4639617392
0,47.0632788772,184.347257713,47.0632788772
0,45.4583422331,184.06011056,45.4583422331
0,46.0287983974,184.351528143,46.0287983974
0,45.6573378765,183.906075925,45.6573378765
0,44.659438666,183.899141118,44.659438666
0,44.3283135041,184.330741171,44.3283135041
0,44.4348388827,184.225664738,44.4348388827
0,43.7168733064,184.629891384,43.7168733064
0,43.8831257448,184.628761146,43.8831257448
0,42.7300404279,184.497628217,42.7300404279
0,41.7748975846,184.572670528,41.7748975846
0,41.0794730321,184.435549319,41.0794730321
0,41.2602099752,184.27199186,41.2602099752
0,40.6358451561,184.101578745,40.6358451561
0,39.6488065291,184.284792989,39.6488065291
0,40.5176151209,184.090082602,40.5176151209
0,40.0374610777,184.402176677,40.0374610777
0,38.9569740295,183.8511986,38.9569740295
0,38.5768669891,184.098071634,38.5768669891
0,38.0757210845,184.214670935,38.0757210845
0,37.9261745982,183.978082867,37.9261745982
0,38.8962766,183.672968029,38.8962766
0,36.8677642883,183.781878236,36.8677642883
0,36.2758560494,183.924431294,36.2758560494
0,36.3168453726,183.888011441,36.3168453726
0,36.0690160658,184.039695533,36.0690160658
0,36.2615062568,184.24995025,36.2615062568
0,34.8793732405,183.770722015,34.8793732405
0,33.9859986074,183.823652747,33.9859986074
0,34.5018135862,184.078762543,34.5018135862
0,33.7751736399,184.037299297,33.7751736399
0,33.705315632,184.02386425,33.705315632
0,33.1883700326,183.825367337,33.1883700326
0,31.7764345791,184.088496138,31.7764345791
0,31.1520834356,183.905434488,31.1520834356
0,32.0055008116,184.08117104,32.0055008116
0,31.8750306036,183.690675467,31.8750306036
0,30.3655382275,183.995074954,30.3655382275
0,29.6608546419,184.009746348,29.6608546419
0,30.1866879231,184.034898735,30.1866879231
0,29.5770606454,183.766741664,29.5770606454
0,28.9814172935,183.859575109,28.9814172935
0,29.1017292944,183.638581747,29.1017292944
0,28.8978432922,183.651862214,28.8978432922
0,27.3122791526,183.814523536,27.3122791526
0,26.8089990968,183.658000965,26.8089990968
0,27.108433324,183.62300672,27.108433324
0,27.1819967399,183.550690172,27.1819967399
0,25.9138878521,183.436639642,25.9138878521
0,25.5012092068,183.528081155,25.5012092068
0,25.6862662158,183.595922329,25.6862662158
0,24.577399302,183.611595156,24.577399302
0,24.0019495161,183.564978501,24.0019495161
0,24.3565427659,183.772401461,24.3565427659
0,24.0524336212,183.484142247,24.0524336212
0,23.9358296541,183.315538291,23.9358296541
0,23.2277109215,183.424379548,23.2277109215
0,23.4543731176,183.292662164,23.4543731176
0,22.461710088,183.498609727,22.461710088
0,21.8197581187,183.648144164,21.8197581187
0,22.0122325112,183.597907027,22.0122325112
0,21.8451918187,183.362041639,21.8451918187
0,21.8459991769,183.417145493,21.8459991769
0,21.3083995147,183.517681163,21.3083995147
0,21.2401879122,183.383894285,21.2401879122
0,21.4493984107,183.479588517,21.4493984107
0,20.8980738873,183.630911205,20.8980738873
0,20.2496673675,183.530333926,20.2496673675
0,19.9735021599,183.482582298,19.9735021599
0,20.0702096341,183.55331795,20.0702096341
0,19.8075147128,183.319703589,19.8075147128
0,19.5277982913,183.291524812,19.5277982913
0,19.0155083079,183.477780562,19.0155083079
0,19.0801993472,183.415236864,19.0801993472
0,18.9709588113,183.490920868,18.9709588113
0,18.9683413355,183.356442038,18.9683413355
0,17.7025533461,183.083659539,17.7025533461
0,17.2176244057,183.322199227,17.2176244057
0,17.2740624284,183.489949035,17.2740624284
0,17.1982903172,183.362579889,17.1982903172
0,17.6419206348,183.191615651,17.6419206348
0,17.3372040233,183.467480046,17.3372040233
0,17.0037643446,183.322279402,17.0037643446
0,16.8137873076,183.386582157,16.8137873076
0,16.3196688877,183.302460638,16.3196688877
0,16.266811157,183.232110625,16.266811157
0,15.891530211,183.178849853,15.891530211
0,16.7861419172,183.302292141,16.7861419172
0,16.2173962952,183.379832265,16.2173962952
0,16.1399134642,183.449619622,16.1399134642
0,16.0563985696,183.341372624,16.0563985696
0,15.6036404137,183.252203523,15.6036404137
0,15.5395683132,183.35757016,15.5395683132
0,15.2304037187,183.365379943,15.2304037187
0,15.3469472269,183.388125616,15.3469472269
0,15.3539250857,183.347238611,15.3539250857
0,14.547756555,183.302326497,14.547756555
0,14.615972494,183.271772082,14.615972494
0,14.8331326696,183.447878648,14.8331326696
0,14.4775599763,183.374712304,14.4775599763
0,14.6017586118,183.236205217,14.6017586118
0,14.1500772155,183.181591626,14.1500772155
0,14.1717576012,183.170161315,14.1717576012
0,14.0768540578,183.211502763,14.0768540578
0,14.2082259535,183.398040502,14.2082259535
0,13.8814001151,183.345161864,13.8814001151
0,13.7693158837,183.418357246,13.7693158837
0,13.4365089837,183.27554229,13.4365089837
0,13.8110618387,183.411470998,13.8110618387
0,13.1513288203,183.417872586,13.1513288203
0,12.8717009804,183.360504478,12.8717009804
0,13.2111561318,183.413325482,13.2111561318
0,12.8727071972,183.163502861,12.8727071972
0,12.9491924905,183.421030793,12.9491924905
0,12.8546437418,183.433119026,12.8546437418
0,13.5148852913,183.159881919,13.5148852913
0,13.0717068031,183.291864822,13.0717068031
0,12.6153310002,183.316024796,12.6153310002
0,12.5418336358,183.31704871,12.5418336358
0,12.6505068543,183.276239666,12.6505068543
0,12.5103988323,183.374921425,12.5103988323
0,12.2754650064,183.446555615,12.2754650064
0,12.0625970985,183.379017916,12.0625970985
0,12.3118183057,183.169654167,12.3118183057
0,12.0165932122,183.324654356,12.0165932122
0,12.1508744302,183.445211063,12.1508744302
0,12.0009770452,183.253501814,12.0009770452
0,11.5916289876,183.313168682,11.5916289876
0,11.5123881234,183.359346525,11.5123881234
0,11.759948946,183.387718296,11.759948946
0,11.4024189831,183.264498195,11.4024189831
0,12.1477466398,183.212066129,12.1477466398
0,11.7693934381,183.442704237,11.7693934381
0,11.5494390017,183.373045358,11.5494390017
0,11.6018584824,183.320952145,11.6018584824
0,11.4106919834,183.336081105,11.4106919834
0,11.1807336601,183.143591441,11.1807336601
0,11.3872987185,183.21175556,11.3872987185
0,10.8405938093,183.255447285,10.8405938093
0,10.9897461371,183.112988429,10.9897461371
0,10.835969974,183.312952333,10.835969974
0,10.9725951855,183.304929761,10.9725951855
0,10.7635729813,183.325343537,10.7635729813
0,10.8650391446,183.269723423,10.8650391446
0,10.6773743542,183.249086478,10.6773743542
0,10.7224206873,183.415394797,10.7224206873
0,10.8149291102,183.298510416,10.8149291102
0,10.4582230845,183.369897138,10.4582230845
0,10.6671166836,183.21968471,10.6671166836
0,10.6068529387,183.173696285,10.6068529387
0,10.6056706702,183.308833323,10.6056706702
0,10.3455450147,183.277094761,10.3455450147
0,9.86897233918,183.43051748,9.86897233918
0,10.2976202281,183.323196537,10.2976202281
0,10.7394810592,183.258226677,10.7394810592
0,10.112561079,183.207010535,10.112561079
0,9.9664823626,183.199414867,9.9664823626
0,9.97811410217,183.270924019,9.97811410217
0,10.0113215135,183.266251166,10.0113215135
0,9.6759397294,183.284986955,9.6759397294
0,10.1910466253,183.320385919,10.1910466253
0,10.1069293385,183.38048868,10.1069293385
0,9.92746502124,183.270690838,9.92746502124
0,9.5610004776,183.190668223,9.5610004776
0,9.81398265429,183.281851374,9.81398265429
0,9.98604619381,183.295573234,9.98604619381
0,9.91840981888,183.27004115,9.91840981888
0,9.27830024876,183.314209058,9.27830024876
0,9.5402164318,183.411953691,9.5402164318
0,9.49125782561,183.378182324,9.49125782561
0,9.44007978529,183.478339517,9.44007978529
0,9.66189274016,183.288778217,9.66189274016
0,9.55183166627,183.334595024,9.55183166627
0,9.57423403303,183.312924832,9.57423403303
0,9.59027743001,183.313563365,9.59027743001
0,9.57753116031,183.279424745,9.57753116031
0,9.56020678951,183.333412315,9.56020678951
0,9.1537973254,183.421758898,9.1537973254
0,9.27774042583,183.445747817,9.27774042583
0,9.08868384164,183.312573895,9.08868384164
0,8.8980778407,183.378103708,8.8980778407
0,9.6065044165,183.206683143,9.6065044165
0,9.16421000551,183.358409997,9.16421000551
0,9.3773013896,183.340572152,9.3773013896
0,9.47624942551,183.412306055,9.47624942551
0,9.08898275946,183.380870563,9.08898275946
0,8.93899149445,183.401185434,8.93899149445
0,9.18802053978,183.383039054,9.18802053978
0,8.92976095427,183.392282014,8.92976095427
0,9.0176396811,183.499630361,9.0176396811
0,8.79945331126,183.367334758,8.79945331126
0,9.01259982535,183.286671053,9.01259982535
0,8.83645202768,183.321636238,8.83645202768
0,8.82035908682,183.266734696,8.82035908682
0,8.70009008775,183.357612275,8.70009008775
0,8.84795850322,183.36895432,8.84795850322
0,9.01976614178,183.542131392,9.01976614178
0,8.7552500865,183.261040466,8.7552500865
0,8.62853858843,183.323415968,8.62853858843
0,8.55386496451,183.260048207,8.55386496451
0,8.82962088331,183.363969348,8.82962088331
0,8.70025495781,183.438102283,8.70025495781
0,8.72694668289,183.345717428,8.72694668289
0,8.68344132287,183.221899056,8.68344132287
0,8.54446554749,183.233608705,8.54446554749
0,8.51379388205,183.331247171,8.51379388205
0,8.67970449437,183.322664296,8.67970449437
0,8.79559953304,183.464148577,8.79559953304
0,8.45959374517,183.421583096,8.45959374517
0,8.68467999962,183.35704771,8.68467999962
0,8.49959887906,183.324401179,8.49959887906
0,8.12250664965,183.374121241,8.12250664965
0,8.16308370745,183.447430033,8.16308370745
0,8.10758973575,183.442959226,8.10758973575
0,8.31329352291,183.320234637,8.31329352291
0,8.21356307292,183.344753931,8.21356307292
0,8.34428077732,183.363506009,8.34428077732
0,8.16173067326,183.316227731,8.16173067326
0,8.36287000317,183.332226916,8.36287000317
0,8.32710681427,183.372704402,8.32710681427
0,8.29410772095,183.309240645,8.29410772095
0,8.21813616398,183.324776963,8.21813616398
0,7.94735104006,183.427701333,7.94735104006
0,8.2294809816,183.416529312,8.2294809816
0,8.06185564687,183.428341797,8.06185564687
0,8.6138980662,183.544797546,8.6138980662
0,8.31568683482,183.348804691,8.31568683482
0,8.28249394158,183.477905957,8.28249394158
0,7.9280701643,183.288268145,7.9280701643
0,8.18507332515,183.35463447,8.18507332515
0,7.98903589044,183.2507347,7.98903589044
0,7.94748263619,183.419813494,7.94748263619
0,7.94098460357,183.336983913,7.94098460357
0,7.92473138006,183.37382729,7.92473138006
0,7.94402164452,183.344739718,7.94402164452
0,7.98670087447,183.383664119,7.98670087447
0,7.92256958816,183.362287793,7.92256958816
0,7.91152304528,183.304253915,7.91152304528
0,8.03839621855,183.351874906,8.03839621855
0,7.85814165491,183.199400462,7.85814165491
0,8.0272547506,183.296638262,8.0272547506
0,7.60779979721,183.213796963,7.60779979721
0,7.62031775537,183.369800429,7.62031775537
0,7.91582417117,183.415264487,7.91582417117
0,8.03397450514,183.250511817,8.03397450514
0,8.10843183374,183.316228001,8.10843183374
0,7.99999412866,183.253840728,7.99999412866
0,7.56689583821,183.345722559,7.56689583821
0,8.00376231097,183.340011502,8.00376231097
0,7.62767258512,183.262165717,7.62767258512
0,7.64728880454,183.367461107,7.64728880454
0,7.65424405916,183.464327197,7.65424405916
0,8.10142913862,183.281338242,8.10142913862
0,7.60311311646,183.234078168,7.60311311646
0,7.48150111235,183.255204661,7.48150111235
0,7.65595003728,183.243991183,7.65595003728
0,7.71580757539,183.327824771,7.71580757539
0,7.78573741849,183.354427837,7.78573741849
0,7.77049689659,183.288387641,7.77049689659
0,7.63215870122,183.325844101,7.63215870122
0,7.5234316639,183.340916109,7.5234316639
0,7.31904709767,183.344789452,7.31904709767
0,7.85576758251,183.284835186,7.85576758251
0,7.49681463226,183.374090877,7.49681463226
0,7.53743655515,183.379350796,7.53743655515
0,7.53502195166,183.294834359,7.53502195166
0,7.36818257332,183.292788864,7.36818257332
0,7.4357683361,183.244266258,7.4357683361
0,7.21811419927,183.198847616,7.21811419927
0,7.11110078439,183.317121985,7.11110078439
0,7.32052893382,183.312693411,7.32052893382
0,7.48302067565,183.443334939,7.48302067565
0,7.08715880491,183.404219994,7.08715880491
0,7.29356560255,183.279145222,7.29356560255
0,7.60209760077,183.436104323,7.60209760077
0,7.28235277224,183.434881677,7.28235277224
0,7.39675739112,183.345290343,7.39675739112
0,7.14819165002,183.320689548,7.14819165002
0,7.34527574,183.373348319,7.34527574
0,7.06019887697,183.517313781,7.06019887697
0,7.26053083767,183.365294933,7.26053083767
0,7.30701033451,183.295678071,7.30701033451
0,7.03044710786,183.359477824,7.03044710786
0,7.14352705766,183.404267125,7.14352705766
0,7.158902865,183.457382667,7.158902865
0,6.96603150882,183.335969357,6.96603150882
0,7.21307505822,183.30768141,7.21307505822
0,7.29728667545,183.505235226,7.29728667545
0,7.08088765902,183.315839241,7.08088765902
0,7.0039623766,183.244493869,7.0039623766
0,7.12894022557,183.361465703,7.12894022557
0,6.86483751431,183.358997314,6.86483751431
0,7.01424223474,183.40480955,7.01424223474
0,7.19667306672,183.431113219,7.19667306672
0,7.02312363351,183.253832748,7.02312363351
0,7.15649590681,183.367196476,7.15649590681
0,7.10574160508,183.387572803,7.10574160508
0,7.1493351061,183.431008036,7.1493351061
0,7.09092353068,183.31641568,7.09092353068
0,7.12277269333,183.350883842,7.12277269333
0,6.9519028815,183.315514366,6.9519028815
0,6.92181856284,183.216553452,6.92181856284
0,6.82234434306,183.357938617,6.82234434306
0,6.72501947903,183.25761056,6.72501947903
0,6.91775777035,183.344291639,6.91775777035
0,6.98874712184,183.360464605,6.98874712184
0,6.98062561482,183.283226311,6.98062561482
0,6.97315664248,183.275058668,6.97315664248
0,6.91681018806,183.343109213,6.91681018806
0,6.799591369,183.385795589,6.799591369
0,6.79597703744,183.300895875,6.79597703744
0,6.78842595472,183.196862879,6.78842595472
0,6.63559579868,183.317843877,6.63559579868
0,6.79287798789,183.286810737,6.79287798789
0,6.80371335301,183.3647519,6.80371335301
0,6.70632201771,183.447907882,6.70632201771
0,6.76582293312,183.371182374,6.76582293312
0,6.74057413223,183.372425628,6.74057413223
0,6.54140019621,183.123453055,6.54140019621
0,6.62128590903,183.150606546,6.62128590903
0,6.47276854341,183.218474868,6.47276854341
0,6.79970513819,183.249600796,6.79970513819
0,7.16699467961,183.323416054,7.16699467961
0,7.01336166309,183.367448754,7.01336166309
0,6.85102962112,183.261820439,6.85102962112
0,6.71019515915,183.158969425,6.71019515915
0,6.73345254853,183.259538483,6.73345254853
0,6.75260133719,183.351442274,6.75260133719
0,6.83443535764,183.337897946,6.83443535764
0,6.61018356448,183.281873734,6.61018356448
0,6.58581333005,183.403002303,6.58581333005
0,6.72825058382,183.362927833,6.72825058382
0,6.74223896489,183.234388362,6.74223896489
0,6.69613273053,183.318085608,6.69613273053
0,6.56243795772,183.405834962,6.56243795772
0,6.71754286094,183.266365063,6.71754286094
0,6.36622228799,183.378620952,6.36622228799
0,7.32723813351,183.259669946,7.32723813351
0,6.81454683918,183.187789353,6.81454683918
0,6.54702186019,183.237797388,6.54702186019
0,6.62589460768,183.201060382,6.62589460768
0,6.68246537716,183.17902163,6.68246537716
0,6.47657351443,183.148646982,6.47657351443
0,6.51789479282,183.139517805,6.51789479282
0,6.53518090765,183.211798672,6.53518090765
0,6.6323891068,183.085464745,6.6323891068
0,6.55005946665,183.152851506,6.55005946665
0,6.41867084519,183.173269356,6.41867084519
0,6.47238695495,183.229134339,6.47238695495
0,6.4658199631,183.198650637,6.4658199631
0,6.44590989303,183.233410676,6.44590989303
0,6.6607588807,183.122230328,6.6607588807
0,6.48743636947,183.170776711,6.48743636947
0,6.67614601215,183.166047814,6.67614601215
0,6.21802332357,183.19022178,6.21802332357
0,6.11768242733,183.164643054,6.11768242733
0,6.00783452247,183.287645182,6.00783452247
0,6.30329453657,183.188872384,6.30329453657
0,6.45435640076,183.129327026,6.45435640076
0,6.58113016697,183.2734867,6.58113016697
0,6.38043453496,183.280027591,6.38043453496
0,6.48130623496,183.253410329,6.48130623496
0,6.18386990654,183.386515302,6.18386990654
0,6.16934459695,183.304108399,6.16934459695
0,6.07761782632,183.275342761,6.07761782632
0,6.27676717535,183.314984945,6.27676717535
0,6.33489236475,183.285353882,6.33489236475
0,6.30032834928,183.283571473,6.30032834928
0,6.55056927978,183.198977181,6.55056927978
0,6.12909480564,183.327043397,6.12909480564
0,6.12695428108,183.306160028,6.12695428108
0,6.26788233725,183.279031807,6.26788233725
0,6.35662230122,183.256999996,6.35662230122
0,6.21662588274,183.306257455,6.21662588274
0,6.27883384015,183.294203944,6.27883384015
0,6.18632164157,183.244487858,6.18632164157
0,6.19743682935,183.211875236,6.19743682935
0,6.0264333002,183.409481092,6.0264333002
0,6.27549077991,183.265448772,6.27549077991
0,6.19397677674,183.324617149,6.19397677674
0,6.28900913068,183.275229781,6.28900913068
0,6.04783973676,183.358627536,6.04783973676
0,6.11003347955,183.203677231,6.11003347955
0,6.36271794409,183.336891008,6.36271794409
0,6.04724054981,183.18840926,6.04724054981
0,6.00645829444,183.234143309,6.00645829444
0,6.16757145687,183.312174753,6.16757145687
0,6.01900078011,183.312972773,6.01900078011
0,6.15443067176,183.25153251,6.15443067176
0,6.03909543476,183.186083568,6.03909543476
0,6.10804736386,183.254778621,6.10804736386
0,6.11632568567,183.269412352,6.11632568567
0,6.18107965854,183.22146893,6.18107965854
0,5.8445942767,183.297713381,5.8445942767
0,6.12858584491,183.331361372,6.12858584491
0,6.00267299743,183.229157344,6.00267299743
0,6.10593087157,183.370953085,6.10593087157
0,6.0901900136,183.374113113,6.0901900136
0,5.96864750943,183.384152389,5.96864750943
0,6.02160217568,183.295271297,6.02160217568
0,6.20221585013,183.248436104,6.20221585013
0,6.12444232164,183.283724356,6.12444232164
0,6.10789777681,183.250426129,6.10789777681
0,6.03887597902,183.230700212,6.03887597902
0,5.97491922037,183.298942113,5.97491922037
0,5.81633196905,183.2744705,5.81633196905
0,5.9097027745,183.349425839,5.9097027745
0,5.87109747058,183.219226158,5.87109747058
0,5.98631515266,183.175388077,5.98631515266
0,5.9549510017,183.211854463,5.9549510017
0,5.91458102062,183.267834787,5.91458102062
0,5.99522577041,183.251403982,5.99522577041
0,5.98776219301,183.21998567,5.98776219301
0,6.00286628445,183.305571794,6.00286628445
0,6.05829646385,183.277835559,6.05829646385
0,5.86878336329,183.095455994,5.86878336329
0,5.91515536901,183.132761996,5.91515536901
0,6.09512677756,183.318821775,6.09512677756
0,5.83649698435,183.212704546,5.83649698435
0,5.85158707621,183.339100802,5.85158707621
0,5.84432378438,183.231519274,5.84432378438
0,5.81930504108,183.172389335,5.81930504108
0,6.04347114388,183.190249389,6.04347114388
0,5.92076800739,183.364819212,5.92076800739
0,5.89746677245,183.423238538,5.89746677245
0,5.77495831428,183.238924411,5.77495831428
0,5.90636978619,183.305400417,5.90636978619
0,5.75857002243,183.249633427,5.75857002243
0,5.74995952183,183.367544609,5.74995952183
0,5.94797921239,183.333536484,5.94797921239
0,5.78683993231,183.395556006,5.78683993231
0,5.93995761025,183.275384299,5.93995761025
0,5.68810725925,183.354299005,5.68810725925
0,5.88250050675,183.286365058,5.88250050675
0,5.80114541347,183.215037591,5.80114541347
0,5.6987330027,183.219725697,5.6987330027
0,6.03401300978,183.334514973,6.03401300978
0,5.90828610493,183.18292868,5.90828610493
0,5.7071303515,183.189538463,5.7071303515
0,5.71754514856,183.161903398,5.71754514856
0,5.891686038,183.46687005,5.891686038
0,5.81777461807,183.34172954,5.81777461807
0,5.7891216355,183.205769382,5.7891216355
0,5.61723148717,183.2243066,5.61723148717
0,5.74364394184,183.174173596,5.74364394184
0,5.85651775168,183.311697952,5.85651775168
0,5.84112829402,183.20967318,5.84112829402
0,5.77235434819,183.217999928,5.77235434819
0,5.75841328503,183.155219323,5.75841328503
0,5.74890072202,183.146973516,5.74890072202
0,6.06349631524,183.31398973,6.06349631524
0,5.81805557149,183.242658564,5.81805557149
0,5.80490502199,183.240563661,5.80490502199
0,5.88764516765,183.293465084,5.88764516765
0,6.1853712267,183.2755463,6.1853712267
0,6.04766570925,183.310661792,6.04766570925
0,6.1432268593,183.441817975,6.1432268593
0,6.0641847615,183.501317126,6.0641847615
0,6.11234186683,183.215155293,6.11234186683
0,6.1518335576,183.157506886,6.1518335576
0,6.13824908488,183.136219449,6.13824908488
0,6.02517147513,183.187228971,6.02517147513
0,6.350045919,183.155613104,6.350045919
0,6.252008315,183.209109313,6.252008315
0,6.31022832918,183.200549692,6.31022832918
0,6.24837417278,183.24613519,6.24837417278
0,6.02682760208,183.131783832,6.02682760208
0,6.19085419558,183.206139202,6.19085419558
0,6.01652701574,183.16147071,6.01652701574
0,6.06948058171,183.234392254,6.06948058171
0,5.88635613365,183.263554181,5.88635613365
0,6.15248676774,183.175059838,6.15248676774
0,5.82111731193,183.298588621,5.82111731193
0,5.8284642903,183.187291728,5.8284642903
0,5.88568463161,183.291055684,5.88568463161
0,5.92106644228,183.282946048,5.92106644228
0,5.771877257,183.257449173,5.771877257
0,5.7610092425,183.208972215,5.7610092425
0,5.66778825996,183.313335502,5.66778825996
0,5.57778032964,183.22682197,5.57778032964
0,5.65990240349,183.224852801,5.65990240349
0,5.7541259966,183.312955555,5.7541259966
0,5.50003013189,183.202581369,5.50003013189
0,5.49885108384,183.200518382,5.49885108384
0,5.44944868055,183.183276673,5.44944868055
0,5.44015297315,183.303245389,5.44015297315
0,5.48919485484,183.220297378,5.48919485484
0,5.40723776006,183.152503476,5.40723776006
0,5.56669199698,183.180078498,5.56669199698
0,5.34970020414,183.237653184,5.34970020414
0,5.56333723435,183.277578056,5.56333723435
0,5.51280216926,183.296234986,5.51280216926
0,5.54266172489,183.27636357,5.54266172489
0,5.41110026253,183.149519134,5.41110026253
0,5.49100381622,183.177592441,5.49100381622
0,5.3548325423,183.136488326,5.3548325423
0,5.41780366015,183.181103182,5.41780366015
0,5.45182784743,183.152023155,5.45182784743
0,5.47775009361,183.126605606,5.47775009361
0,5.52420655007,183.053377662,5.52420655007
0,5.59598027048,183.22270395,5.59598027048
0,5.28995836844,183.143568799,5.28995836844
0,5.35297849923,183.213534368,5.35297849923
0,5.59695643712,183.186385459,5.59695643712
0,5.44842529867,183.153274836,5.44842529867
0,5.55067799004,183.190154293,5.55067799004
0,5.56631550575,183.205696993,5.56631550575
0,5.40790606184,183.189571561,5.40790606184
0,5.60065007445,183.197201346,5.60065007445
0,5.484839432,183.345484217,5.484839432
0,5.58162774454,183.286220152,5.58162774454
0,5.5125780919,183.310506622,5.5125780919
0,5.65935243009,183.165162885,5.65935243009
0,5.57549121617,183.317542994,5.57549121617
0,5.63960344677,183.362993606,5.63960344677
0,5.4925431209,183.27578158,5.4925431209
0,5.48171539996,183.230400991,5.48171539996
0,5.71117227781,183.227553341,5.71117227781
0,5.51526141691,183.221791507,5.51526141691
0,5.49207825552,183.205121094,5.49207825552
0,5.49183127659,183.236316971,5.49183127659
0,5.5064327474,183.321782093,5.5064327474
0,5.46097491339,183.343604245,5.46097491339
0,5.48504481816,183.189224147,5.48504481816
0,5.53477531038,183.173944083,5.53477531038
0,5.31264339551,183.216958315,5.31264339551
0,5.4275410444,183.209346444,5.4275410444
0,5.64790235512,183.216129444,5.64790235512
0,5.51509596252,183.225195564,5.51509596252
0,5.44006776195,183.217250829,5.44006776195
0,5.48040593262,183.218014257,5.48040593262
0,5.3345941651,183.301461354,5.3345941651
0,5.27360884721,183.273819195,5.27360884721
0,5.1914196675,183.264316664,5.1914196675
0,5.20217862168,183.160822202,5.20217862168
0,5.52552073164,183.208543946,5.52552073164
0,5.43374653008,183.163110296,5.43374653008
0,5.48810283515,183.251399883,5.48810283515
0,5.40695542247,183.198319095,5.40695542247
0,5.24459248453,183.183945014,5.24459248453
0,5.2963804435,183.188781417,5.2963804435
0,5.15059525932,183.209786145,5.15059525932
0,5.22638640375,183.168385261,5.22638640375
0,5.15531690375,183.262885977,5.15531690375
0,5.18909959659,183.169050534,5.18909959659
0,5.2075653294,183.298589437,5.2075653294
0,5.16447540353,183.193195053,5.16447540353
0,5.28984273364,183.204140744,5.28984273364
0,5.11561111068,183.285283289,5.11561111068
0,5.12149537679,183.289160615,5.12149537679
0,5.26930458255,183.184925676,5.26930458255
0,5.20070368886,183.031982591,5.20070368886
0,5.05836433517,183.299136835,5.05836433517
0,5.26783288199,183.27623585,5.26783288199
0,5.33350459905,183.128116026,5.33350459905
0,5.26400342183,183.119527868,5.26400342183
0,5.20354082788,183.150903069,5.20354082788
0,5.24670113704,183.169206279,5.24670113704
0,5.327063799,183.086789619,5.327063799
0,5.37057879881,183.111361149,5.37057879881
0,5.23240093346,183.193887937,5.23240093346
0,5.57521602782,183.094309503,5.57521602782
0,5.53225458037,182.959839096,5.53225458037
0,5.50722815133,183.055562257,5.50722815133
0,5.37489387306,183.115576419,5.37489387306
0,5.50991968341,183.226938326,5.50991968341
0,5.61449480794,183.170094724,5.61449480794
0,5.79060590715,183.17928485,5.79060590715
0,5.91336360108,183.14477655,5.91336360108
0,5.85749502266,183.177667601,5.85749502266
0,5.79410367957,183.219077598,5.79410367957
0,5.71263776798,183.099801904,5.71263776798
0,5.79930603909,183.181686238,5.79930603909
0,5.81633295897,183.176541734,5.81633295897
0,5.79686818282,183.164597439,5.79686818282
0,5.82284991738,183.240996224,5.82284991738
0,6.06377271874,183.189382701,6.06377271874
0,5.79929441069,183.124614988,5.79929441069
0,5.86600768985,183.19534626,5.86600768985
0,5.92504269699,183.262364145,5.92504269699
0,5.75241487607,183.206602623,5.75241487607
0,5.89964112196,183.283975112,5.89964112196
0,5.70123422213,183.191148156,5.70123422213
0,5.65391474378,183.197485669,5.65391474378
0,5.64843146115,183.165611882,5.64843146115
0,5.45811898884,183.229138446,5.45811898884
0,5.44209778502,183.263589894,5.44209778502
0,5.41487625148,183.166235066,5.41487625148
0,5.56531862159,183.068931673,5.56531862159
0,5.33159078839,183.036132822,5.33159078839
0,5.28594091045,183.196385111,5.28594091045
0,5.31588329208,183.123870224,5.31588329208
0,5.29281228427,183.138500023,5.29281228427
0,5.15503173459,183.073071247,5.15503173459
0,5.16292686813,183.07946853,5.16292686813
0,5.22910742352,183.211099544,5.22910742352
0,5.28470914013,183.066759661,5.28470914013
0,5.26687805561,183.232743715,5.26687805561
0,5.1175585031,183.360504404,5.1175585031
0,5.23041958761,183.314037266,5.23041958761
0,5.16882713173,183.224391523,5.16882713173
0,5.1303396088,183.19463307,5.1303396088
0,5.15516228807,183.148590778,5.15516228807
0,5.08471667482,183.190138697,5.08471667482
0,5.16523643323,183.213857749,5.16523643323
0,5.08075442193,183.18809144,5.08075442193
0,5.07049048826,183.134241781,5.07049048826
0,5.11434289392,183.082243832,5.11434289392
0,5.11660569096,183.055051884,5.11660569096
0,5.08098208007,183.031276715,5.08098208007
0,5.0258898023,183.025982756,5.0258898023
0,5.1141290458,182.875674958,5.1141290458
0,5.02929452571,183.040909139,5.02929452571
0,5.17083428419,183.030478109,5.17083428419
0,5.00177289253,183.05182488,5.00177289253
0,5.15788622153,183.133368457,5.15788622153
0,5.07899663905,183.039988101,5.07899663905
0,5.25046553619,183.083302988,5.25046553619
0,5.32440750169,183.127402148,5.32440750169
0,5.44337367146,183.11806301,5.44337367146
0,5.46262128496,183.106170231,5.46262128496
0,5.44568462037,183.123500036,5.44568462037
0,5.58943228062,183.112939844,5.58943228062
0,5.45940879553,183.006914612,5.45940879553
0,5.5659267484,182.936988818,5.5659267484
0,5.72739766115,183.003632179,5.72739766115
0,5.7204489338,182.959283012,5.7204489338
0,5.77841423484,182.924785871,5.77841423484
0,5.56165761133,183.089702066,5.56165761133
0,5.69138214445,183.157623553,5.69138214445
0,5.77784562821,183.157148963,5.77784562821
0,5.68983256512,183.206150906,5.68983256512
0,5.54095879639,183.126636203,5.54095879639
0,5.41289929006,183.180069604,5.41289929006
0,5.44141040624,183.221267931,5.44141040624
0,5.3147915356,183.013046802,5.3147915356
0,5.13086659175,183.16705586,5.13086659175
0,5.21759185422,183.117546689,5.21759185422
0,5.2197007094,183.066496678,5.2197007094
0,5.34960143904,183.24532785,5.34960143904
0,5.33389524837,183.203194272,5.33389524837
0,5.20447346479,183.227922886,5.20447346479
0,5.13743035579,183.109299745,5.13743035579
0,5.09240719527,183.20668206,5.09240719527
0,5.06259689104,183.309999108,5.06259689104
0,4.95938153987,183.121348951,4.95938153987
0,5.02833774001,183.22078395,5.02833774001
0,5.08845814557,183.174036731,5.08845814557
0,5.13414813166,183.187029423,5.13414813166
0,4.96434196389,183.149670426,4.96434196389
0,5.10625757617,183.034694322,5.10625757617
0,5.03918296136,183.100712989,5.03918296136
0,4.9337679281,183.112273757,4.9337679281
0,5.06220441413,182.980491578,5.06220441413
0,5.00205186063,183.038251468,5.00205186063
0,5.18026319296,183.077461506,5.18026319296
0,5.14402043646,183.097667479,5.14402043646
0,5.1653085711,183.07656804,5.1653085711
0,5.36354943877,183.051200135,5.36354943877
0,5.32156062823,183.153746948,5.32156062823
0,5.52445444457,183.112722261,5.52445444457
0,5.60885241358,183.108645811,5.60885241358
0,5.57517249854,183.110869552,5.57517249854
0,5.6229949881,183.125389295,5.6229949881
0,5.90538210244,183.143744854,5.90538210244
0,5.78322784506,183.040064144,5.78322784506
0,5.87060091117,182.999748296,5.87060091117
0,5.92071679071,183.113730821,5.92071679071
0,5.93578162319,183.086185034,5.93578162319
0,5.66555736813,183.0820628,5.66555736813
0,5.46446302135,183.028570142,5.46446302135
0,5.37282340822,183.035421562,5.37282340822
0,5.34779857729,183.023029111,5.34779857729
0,5.34177147765,182.999696582,5.34177147765
0,5.33703811781,182.946513811,5.33703811781
0,5.38485752728,182.930259062,5.38485752728
0,5.26894074877,183.074447889,5.26894074877
0,5.23591972208,183.1262752,5.23591972208
0,4.89958974035,183.027893502,4.89958974035
0,5.03771748772,183.009312754,5.03771748772
0,4.97936011274,183.068353222,4.97936011274
0,5.07676157572,183.051615634,5.07676157572
0,5.16080710703,183.21248734,5.16080710703
0,5.24251216641,183.188590647,5.24251216641
0,5.27755312161,183.055183304,5.27755312161
0,5.18049353522,183.039343066,5.18049353522
0,5.09858267652,183.145652447,5.09858267652
0,5.27940805473,183.121074069,5.27940805473
0,5.42144401897,183.073725123,5.42144401897
0,5.59818014859,183.106101043,5.59818014859
0,5.4528737583,183.106732042,5.4528737583
0,5.44575780436,182.97999337,5.44575780436
0,5.24900732267,182.933436102,5.24900732267
0,5.17068961692,182.987039208,5.17068961692
0,5.42673839527,182.991947212,5.42673839527
0,5.44479047941,183.073904123,5.44479047941
0,5.25019524719,183.064669395,5.25019524719
0,5.19338224201,183.1747328,5.19338224201
0,4.91488012948,182.981852153,4.91488012948
0,5.24709688503,183.054266203,5.24709688503
0,5.07774084603,182.937204364,5.07774084603
0,5.01682925871,182.963978616,5.01682925871
0,4.90158425353,183.006232893,4.90158425353
0,4.87386595697,182.997819142,4.87386595697
0,4.95913044784,182.98970636,4.95913044784
0,4.7735948885,182.940472519,4.7735948885
0,4.79440639241,182.949643069,4.79440639241
0,4.80250081315,182.946510383,4.80250081315
0,4.90651371813,183.145297608,4.90651371813
0,5.07704826129,183.070303884,5.07704826129
0,5.09774696682,182.965278681,5.09774696682
0,5.21690391173,182.986052665,5.21690391173
0,5.00377822855,183.065334584,5.00377822855
0,5.10162606585,182.935081592,5.10162606585
0,5.14313268221,183.063894862,5.14313268221
0,5.22417829345,183.075149297,5.22417829345
0,5.14487090615,182.968506962,5.14487090615
0,5.14291922955,182.965901343,5.14291922955
0,5.07487020529,183.163609166,5.07487020529
0,5.10313766254,183.237348228,5.10313766254
0,5.20144231703,183.186384826,5.20144231703
0,5.0814697919,183.132508947,5.0814697919
0,4.99057735575,182.88111274,4.99057735575
0,4.86964031941,183.113821905,4.86964031941
0,4.93734120432,183.09584403,4.93734120432
0,5.18875101222,182.976377139,5.18875101222
0,5.08507751972,182.998304171,5.08507751972
0,5.13340036492,182.88962962,5.13340036492
0,5.1685627759,183.066016033,5.1685627759
0,5.24039417772,183.171463427,5.24039417772
0,5.07663329156,183.049824089,5.07663329156
0,5.13070425656,183.034027854,5.13070425656
0,5.17421887879,183.017994353,5.17421887879
0,5.10561982208,183.092692169,5.10561982208
0,5.18458641384,183.031527815,5.18458641384
0,5.24154561275,182.893171762,5.24154561275
0,5.15203585261,182.930638584,5.15203585261
0,5.13162398277,182.965967415,5.13162398277
0,5.11279918867,182.975099716,5.11279918867
0,5.14711286479,182.99921387,5.14711286479
0,5.21127239084,183.001563093,5.21127239084
0,5.07283870515,182.869782743,5.07283870515
0,4.87080889082,182.971997541,4.87080889082
0,4.96769864713,182.90402172,4.96769864713
0,4.98742400376,182.983470212,4.98742400376
0,4.98721636644,182.999168155,4.98721636644
0,4.98496233637,183.0384968,4.98496233637
0,4.85263117178,183.092482886,4.85263117178
0,4.91742970755,182.967396916,4.91742970755
0,4.94024344584,182.885547443,4.94024344584
0,4.91828408569,183.028276166,4.91828408569
0,4.97800596621,183.025276445,4.97800596621
0,4.81374744773,183.045686433,4.81374744773
0,4.90963026186,182.888563389,4.90963026186
0,5.02211111363,183.031803977,5.02211111363
0,4.94668071759,183.000817692,4.94668071759
0,5.22137225416,183.029821428,5.22137225416
0,5.19808161155,183.150644669,5.19808161155
0,4.94518614472,183.175754843,4.94518614472
0,4.82661934174,182.974368114,4.82661934174
0,4.76413118306,182.971437362,4.76413118306
0,4.77696904229,182.865414778,4.77696904229
0,4.7088960666,183.063749037,4.7088960666
0,4.71078365541,182.934700183,4.71078365541
0,4.72338454162,182.821040931,4.72338454162
0,5.01683727347,182.882303266,5.01683727347
0,4.9340293854,182.927181433,4.9340293854
0,4.85773906654,183.041321637,4.85773906654
0,5.0351165235,182.890266748,5.0351165235
0,5.09865260253,183.166914638,5.09865260253
0,5.0307629344,182.877104684,5.0307629344
0,5.07366560659,182.971782999,5.07366560659
0,5.09963615277,183.087514482,5.09963615277
0,5.22667728188,182.754710879,5.22667728188
0,5.25711599848,182.801090757,5.25711599848
0,5.1861309572,182.901738929,5.1861309572
0,5.19967628652,182.763786412,5.19967628652
0,5.17078937384,182.911443993,5.17078937384
0,5.20727445626,182.979995945,5.20727445626
0,5.23395212539,182.996835701,5.23395212539
0,5.41651549078,183.009262285,5.41651549078
0,5.35950952524,183.015266261,5.35950952524
0,5.25074563529,183.039016154,5.25074563529
0,5.27918048506,183.092437712,5.27918048506
0,5.39536072001,182.982800247,5.39536072001
0,5.24013486426,182.993267825,5.24013486426
0,5.29311794471,182.96909463,5.29311794471
0,5.37864652724,182.759883362,5.37864652724
0,5.46912737067,182.753792859,5.46912737067
0,5.55843484995,182.85528845,5.55843484995
0,5.38776577085,182.99198236,5.38776577085
0,5.19149075195,182.923386726,5.19149075195
0,5.34821374093,182.873878115,5.34821374093
0,5.22088383857,182.79303728,5.22088383857
0,5.2655300024,182.786187333,5.2655300024
0,4.99149285659,182.781362225,4.99149285659
0,4.94740502341,182.826223658,4.94740502341
0,5.03524183107,182.820273101,5.03524183107
0,5.08690621556,182.825475652,5.08690621556
0,4.89731894888,182.965063998,4.89731894888
0,4.80256702785,183.053003567,4.80256702785
0,4.78191894802,183.063928626,4.78191894802
0,4.81172287659,182.884523246,4.81172287659
0,5.21316048812,182.695688753,5.21316048812
0,5.32582402916,182.731746822,5.32582402916
0,5.02116056833,182.798645252,5.02116056833
0,4.85059792784,182.884161477,4.85059792784
0,4.68034580101,182.899477487,4.68034580101
0,4.54816212214,182.919279482,4.54816212214
0,4.78377938907,183.017968247,4.78377938907
0,4.80958616228,183.04273137,4.80958616228
0,4.81894586561,182.878840164,4.81894586561
0,4.7702365518,182.802107866,4.7702365518
0,4.90979663335,182.861450736,4.90979663335
0,5.01734456169,182.754464887,5.01734456169
0,4.98836309377,182.936188095,4.98836309377
0,4.95565035464,182.822157404,4.95565035464
0,4.87899122709,182.849016351,4.87899122709
0,4.84245103293,182.885245273,4.84245103293
0,4.98451957652,182.961488347,4.98451957652
0,4.86273660726,182.954647194,4.86273660726
0,4.83961233918,183.064176551,4.83961233918
0,4.73331988312,183.057218467,4.73331988312
0,4.85452101269,183.063197639,4.85452101269
0,4.90700675452,182.925789672,4.90700675452
0,4.99213994269,182.917230065,4.99213994269
0,4.76118397619,182.821464329,4.76118397619
0,4.79598046966,182.672252094,4.79598046966
0,4.98763674404,182.736305025,4.98763674404
0,4.71074392293,182.749915159,4.71074392293
0,4.66567427333,182.881633211,4.66567427333
0,4.51312564013,182.836281915,4.51312564013
0,4.4222172876,182.907325276,4.4222172876
0,4.44832892379,182.900521769,4.44832892379
0,4.59977296086,182.926723736,4.59977296086
0,4.51646588106,182.779342971,4.51646588106
0,4.47815505711,182.713595699,4.47815505711
0,4.33621728546,182.707419981,4.33621728546
0,4.5264596799,182.687950243,4.5264596799
0,4.43053607984,182.658967969,4.43053607984
0,4.54943056621,182.653752735,4.54943056621
0,4.29340595076,182.729226066,4.29340595076
0,4.43498016003,182.902109034,4.43498016003
0,4.68526672189,182.93944786,4.68526672189
0,4.640636156,182.86713831,4.640636156
0,4.59474292791,182.745841624,4.59474292791
0,4.58516098373,182.842915001,4.58516098373
0,4.60681324285,182.796604331,4.60681324285
0,4.44259021522,182.714532037,4.44259021522
0,4.45358783947,182.957053965,4.45358783947
0,4.48903385362,182.913950546,4.48903385362
0,4.41607403688,182.998007482,4.41607403688
0,4.54207585059,183.041403468,4.54207585059
0,4.46024686617,182.87787174,4.46024686617
0,4.48775124794,182.85871247,4.48775124794
0,4.48484289606,182.959818907,4.48484289606
0,4.59739076407,182.874749744,4.59739076407
0,4.62214819875,182.928917149,4.62214819875
0,4.68654397532,182.897610827,4.68654397532
0,4.73941014023,182.962132861,4.73941014023
0,4.74774446321,182.86864038,4.74774446321
0,5.03972986432,182.799173886,5.03972986432
0,5.08420523473,182.932498128,5.08420523473
0,4.96724119786,182.858598184,4.96724119786
0,5.12373113538,182.92416797,5.12373113538
0,5.02766661144,182.987542296,5.02766661144
0,5.18246319809,182.999310892,5.18246319809
0,5.33089465418,182.917283647,5.33089465418
0,5.29074553879,182.847654527,5.29074553879
0,5.19304041738,182.895156867,5.19304041738
0,5.07685299679,182.791985278,5.07685299679
0,4.88002107414,183.000193852,4.88002107414
0,4.81077568959,182.933472634,4.81077568959
0,4.7641927445,182.897116593,4.7641927445
0,4.79512937317,182.655668887,4.79512937317
0,4.58876686385,182.63204794,4.58876686385
0,4.65589844974,182.829565798,4.65589844974
0,4.54420947341,182.787764006,4.54420947341
0,4.57803278525,182.78808379,4.57803278525
0,4.7650474807,182.886376817,4.7650474807
0,4.76091284105,182.991238235,4.76091284105
0,4.85407106521,182.806638064,4.85407106521
0,4.8409411153,182.760455104,4.8409411153
0,4.9239870501,182.802437587,4.9239870501
0,4.71545098773,182.715847923,4.71545098773
0,4.83329819575,182.808637976,4.83329819575
0,4.97096193179,182.793400468,4.97096193179
0,4.90552672098,182.997769227,4.90552672098
0,4.83736781661,182.779360627,4.83736781661
0,4.641861941,182.995215906,4.641861941
0,4.95200249743,182.854619798,4.95200249743
0,5.07034575363,182.777427013,5.07034575363
0,4.92572077456,182.860558006,4.92572077456
0,4.7926500786,182.840851284,4.7926500786
0,4.80501649165,182.707219008,4.80501649165
0,4.8683481101,182.736665992,4.8683481101
0,4.79746643035,182.794817298,4.79746643035
0,4.89666254155,182.740386271,4.89666254155
0,4.91537598094,182.999691797,4.91537598094
0,4.83858209224,182.93002037,4.83858209224
0,4.8133687734,182.949043718,4.8133687734
0,4.59978596243,182.988875249,4.59978596243
0,4.77954749552,182.816901379,4.77954749552
0,4.70713886189,182.701361904,4.70713886189
0,4.69109840216,182.648421043,4.69109840216
0,4.7076087293,182.732988826,4.7076087293
0,4.88468623913,182.840321912,4.88468623913
0,4.99933432532,182.888897209,4.99933432532
0,4.89624166604,182.866956132,4.89624166604
0,4.710749524,182.800492966,4.710749524
0,4.67622059585,182.877709742,4.67622059585
0,4.68014482624,182.779577742,4.68014482624
0,4.51352298639,182.789182658,4.51352298639
0,4.39593475576,182.753499554,4.39593475576
0,4.43391840788,182.86917755,4.43391840788
0,4.59987675514,182.751249465,4.59987675514
0,4.60353728534,182.512817049,4.60353728534
0,4.59322040624,182.612538013,4.59322040624
0,4.54463742052,182.857273108,4.54463742052
0,4.56397896561,182.830142727,4.56397896561
0,4.55567598424,182.778907274,4.55567598424
0,4.5261783157,182.778253796,4.5261783157
0,4.73968932945,182.719830201,4.73968932945
0,4.66382530743,182.771840307,4.66382530743
0,4.48856268107,182.849738118,4.48856268107
0,4.41001086236,182.792403083,4.41001086236
0,4.41912318168,182.689654357,4.41912318168
0,4.47758771713,182.728445345,4.47758771713
0,4.34908204844,182.727427668,4.34908204844
0,4.51008858927,182.621318951,4.51008858927
0,4.55641515667,182.8283271,4.55641515667
0,4.55658535085,182.91998586,4.55658535085
0,4.55742197454,182.979586349,4.55742197454
0,4.42031526855,182.791749705,4.42031526855
0,4.51512167438,182.69805873,4.51512167438
0,4.42065780083,182.708353026,4.42065780083
0,4.47844008826,182.76218016,4.47844008826
0,4.48676333352,182.695297825,4.48676333352
0,4.54743246173,182.681702974,4.54743246173
0,4.62943004009,182.633247335,4.62943004009
0,4.68049214321,182.664121149,4.68049214321
0,4.85330320613,182.739260111,4.85330320613
0,5.08270619168,182.778509333,5.08270619168
0,5.1123743752,182.675388336,5.1123743752
0,5.21693813376,182.620261909,5.21693813376
0,5.04212200178,182.843520659,5.04212200178
0,5.18793355058,182.573335514,5.18793355058
0,4.94756065366,182.784764384,4.94756065366
0,4.88231040661,182.756611294,4.88231040661
0,5.52451530592,182.745913342,5.52451530592
0,5.12005938354,182.761069609,5.12005938354
0,4.66920811771,182.711725322,4.66920811771
0,4.73632038138,182.608292071,4.73632038138
0,4.57046425283,182.516053973,4.57046425283
0,4.56789568469,182.659520765,4.56789568469
0,4.60040455391,182.892228765,4.60040455391
0,4.74928742625,182.617075754,4.74928742625
0,4.84571649168,182.62047512,4.84571649168
0,4.73888199618,182.750853786,4.73888199618
0,4.57985315916,182.81469644,4.57985315916
0,4.53881135175,182.625202435,4.53881135175
0,4.53129238134,182.74286601,4.53129238134
0,4.57377720885,182.573272947,4.57377720885
0,4.51545753252,182.607097805,4.51545753252
0,4.47354887958,182.786524757,4.47354887958
0,4.45862142506,182.732747555,4.45862142506
0,4.52932823971,182.694340225,4.52932823971
0,4.35072247588,182.595904573,4.35072247588
0,4.35999520525,182.735638811,4.35999520525
0,4.3423243938,182.654520761,4.3423243938
0,4.40021886807,182.691055753,4.40021886807
0,4.32390125921,182.822733689,4.32390125921
0,4.24763060185,182.806820559,4.24763060185
0,4.44749129734,182.869851184,4.44749129734
0,4.40854102384,182.648866372,4.40854102384
0,4.60735805813,182.707169765,4.60735805813
0,4.56217606091,182.577414641,4.56217606091
0,4.62378612596,182.434338147,4.62378612596
0,4.64387766337,182.765426791,4.64387766337
0,4.82115317135,182.530951818,4.82115317135
0,4.76861459184,182.755126599,4.76861459184
0,4.81632503447,182.868855682,4.81632503447
0,4.85254233982,182.641077918,4.85254233982
0,4.75977098213,182.635457535,4.75977098213
0,4.54165874256,182.844602887,4.54165874256
0,4.43858095361,182.529729907,4.43858095361
0,4.51172747034,182.437697709,4.51172747034
0,4.49495167067,182.556797117,4.49495167067
0,4.83978852466,182.539409303,4.83978852466
0,4.83792514008,182.465996113,4.83792514008
0,4.69748641502,182.311344919,4.69748641502
0,4.54800797912,182.612137259,4.54800797912
0,4.44231932102,182.59338002,4.44231932102
0,4.51977850636,182.754356466,4.51977850636
0,4.38116109027,182.711707755,4.38116109027
0,4.43861003956,182.622624874,4.43861003956
0,4.41797179248,182.535164428,4.41797179248
0,4.45225807935,182.616192469,4.45225807935
0,4.36301570846,182.705849306,4.36301570846
0,4.4551194289,182.664347688,4.4551194289
0,4.4647376285,182.626195675,4.4647376285
0,4.59552415483,182.835655626,4.59552415483
0,4.75969542274,182.602571523,4.75969542274
0,4.71012771955,182.682026412,4.71012771955
0,4.78237701731,182.56832933,4.78237701731
0,5.03543683389,182.444457233,5.03543683389
0,5.31064899771,182.551165058,5.31064899771
0,5.24957465632,182.455333554,5.24957465632
0,5.18380540911,182.716573909,5.18380540911
0,5.12751538169,182.562989182,5.12751538169
0,4.91277515794,182.69883761,4.91277515794
0,4.73611401636,182.496778325,4.73611401636
0,4.75649847398,182.686916177,4.75649847398
0,4.73608746869,182.365618482,4.73608746869
0,4.90669068409,182.632688495,4.90669068409
0,5.0936834889,182.778457681,5.0936834889
0,5.45993458816,182.668855865,5.45993458816
0,5.49591528863,182.87702386,5.49591528863
0,5.36707598425,182.678955959,5.36707598425
0,4.9794304499,182.65563986,4.9794304499
0,4.84384150215,182.677802917,4.84384150215
0,4.88115915685,182.518750857,4.88115915685
0,4.71644276045,182.632520858,4.71644276045
0,4.70062675037,182.384470153,4.70062675037
0,4.58077172826,182.663591388,4.58077172826
0,4.53440430889,182.665048441,4.53440430889
0,4.81254757659,182.437448527,4.81254757659
0,4.85560518618,182.513580502,4.85560518618
0,5.18390235492,182.514237563,5.18390235492
0,5.33213346693,182.644469456,5.33213346693
0,5.26577063396,182.356782759,5.26577063396
0,5.0207015193,182.392653499,5.0207015193
0,4.8630118892,182.594896182,4.8630118892
0,4.8285896204,182.605837623,4.8285896204
0,4.91911903115,182.668156751,4.91911903115
0,4.82886714774,182.735411226,4.82886714774
0,4.65345320432,182.621948299,4.65345320432
0,4.93956903052,182.433503164,4.93956903052
0,5.00025066657,182.431706481,5.00025066657
0,4.96706588594,182.525838186,4.96706588594
0,4.58711577595,182.434049303,4.58711577595
0,4.48436726859,182.675225425,4.48436726859
0,4.59757677215,182.77251045,4.59757677215
0,4.51518371469,182.632747336,4.51518371469
0,4.52755940423,182.546008013,4.52755940423
0,4.41829990084,182.72745598,4.41829990084
0,4.68278048478,182.514766372,4.68278048478
0,5.41001134754,182.614771279,5.41001134754
0,6.02285118739,182.564316478,6.02285118739
0,5.1786907667,182.58249673,5.1786907667
0,4.46959800516,182.684711032,4.46959800516
0,4.18776042979,182.538567887,4.18776042979
0,4.02474226628,182.726648313,4.02474226628
0,4.30925652098,182.683269238,4.30925652098
0,4.17596753683,182.763276111,4.17596753683
0,4.3002876778,182.577095916,4.3002876778
0,4.21559634188,182.646766708,4.21559634188
0,4.09314794271,182.660464724,4.09314794271
0,4.06750156173,182.740382202,4.06750156173
0,4.10295459117,182.525624437,4.10295459117
0,4.2742936873,182.810780059,4.2742936873
0,4.33011904061,182.522012011,4.33011904061
0,4.31543103892,182.550041411,4.31543103892
0,4.40864517837,182.52620328,4.40864517837
0,4.54090882612,182.499373376,4.54090882612
0,4.42301449596,182.712552434,4.42301449596
0,4.34075768614,182.52820927,4.34075768614
0,4.6233029798,182.727491237,4.6233029798
0,4.67912138446,182.760974806,4.67912138446
0,4.69396789627,182.8442203,4.69396789627
0,4.55665444036,182.686994782,4.55665444036
0,4.78109202621,182.843742672,4.78109202621
0,4.87023003668,182.279864858,4.87023003668
0,5.00716285307,182.427896887,5.00716285307
0,5.20517729615,182.622647488,5.20517729615
0,5.01615578908,182.776694603,5.01615578908
0,4.55665120851,182.861727242,4.55665120851
0,4.24386139642,182.666261479,4.24386139642
0,4.1121325538,182.416721443,4.1121325538
0,3.94794928978,182.629368526,3.94794928978
0,3.93145304746,182.588604621,3.93145304746
0,4.00702349835,182.518262482,4.00702349835
0,4.02773971108,182.762445514,4.02773971108
0,3.98736012004,182.805148558,3.98736012004
0,4.02618228823,182.548234587,4.02618228823
0,4.08214860918,182.610128796,4.08214860918
0,4.2625712112,182.56364701,4.2625712112
0,4.47427721567,182.418470612,4.47427721567
0,4.76428267704,182.489088129,4.76428267704
0,4.8162596196,182.894196765,4.8162596196
0,4.80397218752,182.571711717,4.80397218752
0,4.87210523813,182.901213286,4.87210523813
0,4.73475350072,182.55910427,4.73475350072
0,4.51986174927,182.79542404,4.51986174927
0,4.33874646833,182.370868746,4.33874646833
0,4.31227888555,182.305505789,4.31227888555
0,4.33250302861,182.571912903,4.33250302861
0,4.33198998281,182.571968124,4.33198998281
0,4.22215328326,182.419969437,4.22215328326
0,4.34728299943,182.466968555,4.34728299943
0,4.17196006995,182.578137843,4.17196006995
