epoch,loss,main_output_loss,mid_output_loss
0,3.92661999431,5.41574830174,2.43749168688
0,2.71713775609,4.82906523692,0.605210275252
0,2.37131560945,4.27630059573,0.46633062316
0,2.32479195433,4.2513333506,0.398250558059
0,2.29850215616,4.24243983259,0.354564479727
0,2.27830263962,4.23621766068,0.320387618553
0,2.26224829237,4.23182926015,0.292667324582
0,2.17533526272,4.07809977988,0.272570745552
0,1.28623387849,2.31891784374,0.253549913233
0,1.2406198861,2.24424792507,0.236991847126
0,1.22534005645,2.23056379761,0.220116315294
0,1.2158677482,2.22241238805,0.209323108339
0,1.20740528421,2.21767106838,0.19713950004
0,1.19957890909,2.21333894935,0.185818868839
0,1.19211686998,2.20937814284,0.174855597118
0,1.18669990338,2.20612916725,0.167270639506
0,1.18105560264,2.20322798301,0.158883222268
0,1.17585906342,2.2001132963,0.151604830536
0,1.17164939663,2.19728333775,0.146015455506
0,1.1670529112,2.19417699979,0.139928822598
0,1.16217336151,2.19121270454,0.133134018481
0,1.15850528654,2.18838845586,0.128622117223
0,1.15501493429,2.18570677514,0.124323093439
0,1.15172421177,2.1828777013,0.120570722225
0,1.14845669007,2.18056448558,0.116348894564
0,1.14588429532,2.17787746906,0.113891121582
0,1.14329677554,2.17503010844,0.111563442635
0,1.14020441236,2.17233750199,0.108071322716
0,1.13701360524,2.16968906249,0.104338147988
0,1.13380856844,2.16718243168,0.100434705197
0,1.13269391578,2.16465255718,0.100735274384
0,1.1297921542,2.1620545644,0.0975297440134
0,1.12719341408,2.15934297755,0.0950438505997
0,1.12493106937,2.1566222495,0.0932398892394
0,1.1231701795,2.15384978567,0.0924905733372
0,1.12035562451,2.15109162838,0.0896196206374
0,1.11836050965,2.14783440586,0.0888866134378
0,1.11698656535,2.14527535606,0.0886977746456
0,1.11360166286,2.14196999067,0.0852333350429
0,1.11156001784,2.1384369396,0.0846830960887
0,1.10980186213,2.13563518979,0.083968534476
0,1.10699623324,2.13207642035,0.0819160461191
0,1.10496648781,2.12825291437,0.0816800612503
0,1.1029671013,2.12531074947,0.0806234531273
0,1.10034305971,2.12204690661,0.0786392128211
0,1.09927542945,2.12005238123,0.0784984776702
0,1.09697268919,2.11573603031,0.0782093480633
0,1.09453702275,2.11210248059,0.0769715649064
0,1.092281009,2.10823845523,0.0763235627743
0,1.09021882862,2.10515204793,0.0752856093127
0,1.08863578851,2.10196297399,0.0753086030361
0,1.08609592819,2.09857841858,0.0736134378118
0,1.08449346211,2.09472377857,0.0742631456408
0,1.08204256959,2.09158461713,0.0725005220467
0,1.08150925104,2.08974289166,0.0732756104121
0,1.22311704607,2.37459338296,0.0716407091879
0,1.15394044434,2.23673998784,0.0711409008415
0,1.13902971065,2.20743002977,0.0706293915328
0,1.13069221132,2.19150753621,0.0698768864343
0,1.12479913444,2.17984779653,0.0697504723431
0,1.11923532088,2.16899428957,0.0694763521953
0,1.11415709795,2.15888581096,0.0694283849412
0,1.10879923231,2.14920553005,0.0683929345763
0,1.10408096625,2.13977701146,0.068384921038
0,1.09916596499,2.1304608658,0.0678710641855
0,1.09421149151,2.12128947146,0.0671335115618
0,1.09003493043,2.11255201537,0.0675178454933
0,1.08534427327,2.10421205401,0.0664764925384
0,1.08169391977,2.09655602906,0.0668318104864
0,1.07788166905,2.08996654277,0.0657967953237
0,1.07596820246,2.08595924042,0.0659771644926
0,1.07363177753,2.08211803541,0.0651455196375
0,1.07165947976,2.07832476852,0.0649941910068
0,1.07036938446,2.07624540684,0.0644933620777
0,1.06949121787,2.07475803089,0.0642244048525
0,1.06758885244,2.07093227575,0.0642454291288
0,1.06680466866,2.06920974762,0.0643995897021
0,1.06563446912,2.06769824181,0.0635706964238
0,1.06406754111,2.06477834843,0.0633567337962
0,1.06331080445,2.0631442613,0.063477347591
0,1.06259561879,2.06150470274,0.0636865348496
0,1.06123430628,2.06008760541,0.0623810071465
0,1.05965865664,2.05655540378,0.0627619094878
0,1.05869703979,2.05530346675,0.0620906128439
0,1.05734751,2.05284854434,0.0618464756652
0,1.05638699184,2.05117593292,0.0615980507603
0,1.05701529866,2.05241916607,0.0616114312484
0,1.05336335894,2.0453567433,0.0613699745861
0,1.05208162967,2.04313284385,0.0610304154943
0,1.05545446759,2.05000073359,0.0609082015979
0,1.05107540047,2.04154912048,0.060601680465
0,1.0474405263,2.03463516007,0.060245892523
0,1.04614420344,2.03211248295,0.0601759239306
0,1.04725202083,2.03434466022,0.0601593814485
0,1.04358306829,2.02727883933,0.0598872972545
0,2.126033294,4.1921870555,0.0598795325033
0,1.9992430034,3.93908883562,0.0593971711786
0,1.92668012704,3.79399708689,0.0593631671828
0,1.90068539572,3.74208222771,0.0592885637315
0,1.89414683264,3.72987830734,0.0584153579425
0,1.88902769614,3.71924577796,0.0588096143192
0,1.8847836973,3.71063539308,0.0589320015254
0,1.88126344859,3.70421279277,0.0583141044184
0,1.87544212818,3.69288825502,0.0579960013347
0,1.87447818299,3.69109281697,0.0578635490194
0,1.88100779718,3.70458047909,0.0574351152814
0,1.88085804932,3.70428587054,0.0574302281035
0,1.88300480055,3.70818579284,0.0578238082541
0,1.84959067954,3.64202605887,0.0571553002027
0,1.81777896359,3.57793316739,0.0576247597816
0,1.81575721188,3.5744003405,0.0571140832491
0,1.82142054891,3.5861065141,0.0567345837266
0,1.83616206144,3.61574883352,0.0565752893634
0,1.9054033358,3.75388350527,0.056923166331
0,1.86344059658,3.66992984241,0.056951350743
0,1.82920845638,3.60192171447,0.0564951982896
0,1.81960482281,3.58325791828,0.0559517273459
0,1.80841792347,3.56090572891,0.0559301180273
0,1.81529218291,3.57480289134,0.0557814744846
0,1.80762857495,3.55901608609,0.0562410638179
0,1.75260423186,3.45033383722,0.0548746264927
0,1.72284753237,3.39003186118,0.0556632035729
0,1.70268647603,3.35007661803,0.0552963340344
0,1.69343262982,3.3315213491,0.0553439105324
0,1.67106397555,3.28740297975,0.0547249713386
0,1.63808937812,3.22125008405,0.0549286721911
0,1.61733024093,3.18026637457,0.0543941072901
0,1.60103815086,3.1478091104,0.0542671913289
0,1.56739682606,3.07990309041,0.0548905617031
0,1.5419377689,3.02987179898,0.0540037388268
0,1.52019766109,2.98586636934,0.0545289528338
0,1.50039294132,2.94678161959,0.0540042630597
0,1.48036658331,2.90693365242,0.0537995141933
0,1.45937373784,2.86492129135,0.0538261843335
0,1.43963040543,2.82534421665,0.0539165942062
0,1.42035444297,2.78697089713,0.0537379888058
0,1.40075574398,2.74848341743,0.0530280705323
0,1.38172427225,2.71028088166,0.0531676628463
0,1.36280933614,2.67224691627,0.0533717560078
0,1.34383740015,2.63465186694,0.0530229333658
0,1.32609810142,2.59841468192,0.05378152092
0,2.46039592945,4.86848878602,0.0523030728795
0,2.98387369222,5.91486818298,0.0528792014527
0,2.8643694568,5.67628009009,0.0524588235046
0,2.79514382611,5.53733933635,0.0529483158703
0,2.74418948675,5.43591049574,0.0524684777524
0,2.70572607902,5.35916605021,0.0522861078282
0,2.67384994543,5.29560966548,0.0520902253747
0,2.64604362309,5.24034735099,0.0517398951928
0,2.6236045588,5.19527912197,0.0519299956356
0,2.60583163907,5.15963321222,0.0520300659226
0,2.59073885378,5.12957910313,0.0518986044177
0,2.57894746702,5.10595196636,0.0519429676787
0,2.56955895736,5.08767942528,0.051438489434
0,2.56223118609,5.0729811123,0.0514812598745
0,2.55623365922,5.06145483095,0.0510124874867
0,2.55156881317,5.05169474779,0.0514428785566
0,2.54737998226,5.04397931255,0.0507806519723
0,2.54422727464,5.0375778664,0.0508766828849
0,2.54161796717,5.03196613574,0.0512697985922
0,2.53883820085,5.02694827599,0.0507281257073
0,2.5370358203,5.02297038075,0.0511012598513
0,2.53486608187,5.01934885329,0.0503833104516
0,2.53305554062,5.01569423383,0.0504168474181
0,2.53192269671,5.01297071575,0.0508746776635
0,2.53046544626,5.01043203597,0.050498856538
0,2.52881562689,5.00782100607,0.0498102477092
0,2.52778859981,5.00547176868,0.050105430941
0,2.52664203744,5.0032224454,0.0500616294901
0,2.52567476194,5.00160217389,0.0497473499917
0,2.52476849045,4.99943107145,0.0501059094444
0,2.52404826823,4.99813452168,0.0499620147814
0,2.52295785057,4.99616621037,0.0497494907609
0,2.52187045985,4.99441960289,0.0493213168117
0,2.52106029137,4.99305976623,0.0490608165141
0,2.52086332916,4.99201987312,0.0497067852002
0,2.52023524585,4.99083500212,0.0496354895816
0,2.51946438134,4.98982282494,0.0491059377396
0,2.51859271803,4.98811046308,0.0490749729735
0,2.51823355069,4.98701582908,0.0494512723004
0,2.51754471459,4.98630354234,0.0487858868391
0,2.51737306728,4.98617045409,0.0485756804695
0,2.51685565355,4.98473594031,0.0489753667872
0,2.51589895869,4.98327692382,0.0485209935621
0,2.51555963416,4.9828564156,0.048262852726
0,2.51558745358,4.98221594674,0.0489589604072
0,2.51468459867,4.98102339208,0.0483458052566
0,2.51453277512,4.98057550578,0.0484900444696
0,2.51407736616,4.97941156418,0.0487431681319
0,2.51351653843,4.97888891409,0.0481441627713
0,2.5128583825,4.97813588164,0.0475808833545
0,2.51274695825,4.97717775808,0.0483161584119
0,2.51197809314,4.97636551357,0.0475906727086
0,2.51188416459,4.97549725592,0.0482710732535
0,2.51134814932,4.97521918143,0.047477117205
0,2.51089784131,4.97418424328,0.0476114393419
0,2.51080686197,4.97360515507,0.0480085688657
0,2.51047288929,4.97302403164,0.0479217469542
0,2.51028544809,4.9727012356,0.0478696605856
0,2.50946029933,4.9720072013,0.0469133973664
0,2.50930611441,4.97144398636,0.0471682424711
0,2.50915915291,4.97093961385,0.0473786919744
0,2.50859382572,4.97045783796,0.0467298134875
0,2.53343889071,5.01931483581,0.0475629456162
0,2.52448249011,5.00193569436,0.0470292858627
0,2.51589500614,4.9852388694,0.0465511428728
0,2.51342998701,4.98011562922,0.0467443448105
0,2.51182204817,4.97702316364,0.0466209326908
0,2.51099643471,4.97496250631,0.0470303631106
0,2.51029446646,4.97384371713,0.0467452157984
0,2.50976721084,4.97268099484,0.0468534268506
0,2.50881324812,4.9714756021,0.0461508941386
0,2.50871500955,4.97084871189,0.0465813072131
0,2.50804305901,4.97018359865,0.0459025193674
0,2.50771048361,4.96936498487,0.0460559823551
0,2.50758840274,4.96901564871,0.0461611567655
0,2.50728891439,4.96831718775,0.0462606410211
0,2.50709492492,4.96765343788,0.0465364119613
0,2.50672006137,4.96728611584,0.0461540069082
0,2.50601077773,4.96634424998,0.04567730548
0,2.5062562012,4.96628904699,0.0462233553978
0,2.50557665268,4.96538281934,0.0457704860256
0,2.50515922718,4.96474100589,0.0455774484771
0,2.50493996674,4.96408353695,0.0457963965394
0,2.50431945914,4.96345724985,0.0451816684262
0,2.50418415964,4.96312430575,0.0452440135256
0,2.50356352157,4.96200457589,0.0451224672423
0,2.50356658836,4.96136433366,0.0457688430557
0,2.50315994599,4.96098903052,0.0453308614672
0,2.50318743784,4.96080659672,0.0455682789673
0,2.50245821803,4.95995589895,0.0449605371226
0,2.5022200318,4.95931488282,0.0451251807851
0,2.50209425604,4.95893225151,0.0452562605564
0,2.50175721582,4.95848018685,0.0450342447959
0,2.50130279492,4.95763589859,0.0449696912476
0,2.50155570007,4.95838188586,0.0447295142719
0,2.50083483161,4.95681775484,0.0448519083907
0,2.50070609141,4.95691933684,0.0444928459769
0,2.50034171359,4.95598493035,0.0446984968214
0,2.50010485414,4.95557467833,0.0446350299421
0,2.49972206907,4.95522788359,0.0442162545451
0,2.49963236804,4.9545217165,0.0447430195695
0,2.49919731218,4.95419563752,0.0441989868386
0,2.49882710313,4.95364014894,0.044014057317
0,2.49850144136,4.95275099345,0.0442518892632
0,2.49826425382,4.95222965517,0.0442988524624
0,2.49802308258,4.95181974378,0.0442264213742
0,2.49761259325,4.95122414567,0.0440010408434
0,2.49747672009,4.95061756465,0.044335875538
0,2.49707941925,4.95001932658,0.0441395119177
0,2.49654459206,4.94909749282,0.0439916913048
0,2.49602328991,4.94825450779,0.043792072038
0,2.4958763987,4.94797091422,0.0437818831817
0,2.49524610536,4.94699585705,0.0434963536635
0,2.49495305773,4.94646074576,0.0434453697014
0,2.49459593917,4.94562709944,0.0435647789029
0,2.49422555292,4.94481492142,0.043636184413
0,2.4938529521,4.94416629988,0.0435396043233
0,2.49344945504,4.94384200252,0.0430569075729
0,2.49323882514,4.94286132293,0.0436163273405
0,2.4925858925,4.94181700596,0.0433547790394
0,2.49269542556,4.94193628692,0.0434545642012
0,2.49208618967,4.9411491556,0.0430232237348
0,2.49130479151,4.93943081322,0.0431787698092
0,2.49087397281,4.93887698324,0.0428709623765
0,2.49063905152,4.93831872195,0.0429593810862
0,2.49046716717,4.93740724116,0.0435270931881
0,2.48957325334,4.93629333944,0.0428531672381
0,2.48909356991,4.9354682964,0.0427188434101
0,2.48873872759,4.93478635499,0.0426911001874
0,2.48840656846,4.9337595295,0.0430536074119
0,2.48775881458,4.9327486907,0.0427689384628
0,2.4872245734,4.93167978229,0.0427693645025
0,2.48731419595,4.93168474888,0.042943643024
0,2.48625648394,4.93040767789,0.0421052899829
0,2.48627134414,4.92977783758,0.0427648506915
0,2.48548684201,4.92873503998,0.0422386440386
0,2.48513914328,4.92793980536,0.0423384812055
0,2.48496940932,4.92736936394,0.0425694547082
0,2.48401876707,4.92577919157,0.0422583425618
0,2.48371240467,4.92513920604,0.0422856032969
0,2.48361215712,4.9248342993,0.0423900149356
0,2.48279993603,4.92364938711,0.0419504849428
0,2.48243318706,4.92286059862,0.0420057754917
0,2.48246705126,4.92265922172,0.0422748808056
0,2.48140326751,4.92090594098,0.0419005940304
0,2.4813090284,4.92030975851,0.0423082982874
0,2.48091223473,4.91977571826,0.0420487511948
0,2.48014551385,4.91845163332,0.0418393943762
0,2.47973223689,4.91777350744,0.0416909663486
0,2.47921005438,4.91683913319,0.0415809755635
0,2.47856512601,4.91564696122,0.0414832908018
0,2.47833696024,4.91501833757,0.0416555829076
0,2.47803689236,4.9146275459,0.0414462388195
0,2.47733139836,4.91324751577,0.0414152809458
0,2.47682378662,4.91222679932,0.0414207739125
0,2.4764711425,4.91157672109,0.0413655639026
0,2.47610577737,4.91089440531,0.0413171494312
0,2.47539129757,4.90953288165,0.04124971349
0,2.47532685613,4.90930143353,0.0413522787388
0,2.47476922657,4.90836530679,0.041173146347
0,2.47431336348,4.90748914177,0.0411375851922
0,2.47426237733,4.90722903059,0.0412957240631
0,2.47400859885,4.90688898699,0.041128210696
0,2.47300201868,4.90521856031,0.0407854770406
0,2.47270733909,4.90442528167,0.0409893965121
0,2.47280387517,4.90473466534,0.0408730849994
0,2.47232551904,4.90336954762,0.0412814904653
0,2.47151753782,4.90231140205,0.0407236735994
0,2.47268919138,4.90482571198,0.0405526707855
0,2.47103948983,4.90144717417,0.0406318054921
0,2.47049049361,4.90021453379,0.0407664534298
0,2.47009719786,4.8995600475,0.0406343482258
0,2.46932724078,4.89811833567,0.0405361458882
0,2.46928336855,4.89749273462,0.0410740024815
0,2.46841390293,4.8963721088,0.0404556970661
0,2.46793427198,4.89551834772,0.0403501962373
0,2.46800217253,4.89551442014,0.0404899249132
0,2.4674106549,4.89450404071,0.0403172690768
0,2.46674076682,4.89323296657,0.0402485670655
0,2.46664582201,4.89283808288,0.0404535611394
0,2.46643285803,4.89254119173,0.0403245243302
0,2.46571185031,4.89144101194,0.0399826886825
0,2.46526880739,4.89031346992,0.040224144861
0,2.46500149326,4.88987426428,0.0401287222389
0,2.46490109878,4.8897045069,0.0400976906563
0,2.50346815005,4.96678071236,0.0401555877452
0,2.49541197202,4.95075509474,0.0400688493008
0,2.49242584757,4.94490922514,0.0399424699888
0,2.4886595671,4.93769041462,0.039628719589
0,2.48541396059,4.93086079681,0.0399671243763
0,2.47977223307,4.91989398943,0.0396504767056
0,2.47525818646,4.91086920975,0.0396471631664
0,2.47237721174,4.90475790077,0.0399965227138
0,2.46978460221,4.89998113561,0.0395880688189
0,2.46802352797,4.89682551067,0.0392215452718
0,2.46708409035,4.89431043562,0.0398577450764
0,2.46567813914,4.89218694321,0.03916933506
0,2.46493234947,4.88996618589,0.0398985130512
0,2.46409513917,4.8888460394,0.0393442389477
0,2.46391544167,4.88816723258,0.039663650757
0,2.46291788898,4.88660059396,0.0392351840003
0,2.46275914483,4.88619366354,0.0393246261224
0,2.46214571139,4.88481374292,0.0394776798592
0,2.46134906607,4.88375224845,0.0389458836877
0,2.46142825947,4.8835510416,0.0393054773276
0,2.4602540586,4.88106356477,0.0394445524278
0,2.45983142902,4.88054098455,0.0391218734944
0,2.45952691081,4.88039799808,0.0386558235307
0,2.45936595454,4.87967084676,0.0390610623182
0,2.45848741079,4.8779464693,0.0390283522714
0,2.45806606897,4.87736687987,0.0387652580674
0,2.45785202259,4.87648918981,0.0392148553759
0,2.45789056505,4.87667087062,0.0391102594748
0,2.4571508484,4.87559268494,0.0387090118523
0,2.45698503321,4.87514209379,0.0388279726379
0,2.45602191214,4.87324889394,0.0387949303368
0,2.45589446952,4.87318596788,0.0386029711518
0,2.45499916024,4.87150009586,0.038498224612
0,2.4546715764,4.8712227243,0.0381204285013
0,2.45477584296,4.87066823398,0.0388834519417
0,2.45444638314,4.87039633939,0.0384964268921
0,2.45370135363,4.86887305467,0.0385296525851
0,2.45336142831,4.86864390761,0.0380789490147
0,2.45313902197,4.86786898251,0.0384090614257
0,2.45313312524,4.86740546095,0.038860789534
0,2.45246573539,4.86653535367,0.0383961171076
0,2.45207723688,4.86599402803,0.0381604457288
0,2.45156430627,4.86520373331,0.0379248792367
0,2.45095182424,4.86402950512,0.0378741433646
0,2.4508988338,4.86344082444,0.0383568431476
0,2.45051373007,4.86303500021,0.0379924599387
0,2.4504892866,4.86277462405,0.0382039491393
0,2.4503403843,4.8622306298,0.0384501387948
0,2.44973494292,4.86162697999,0.0378429058644
0,2.44936079912,4.86088832034,0.0378332779021
0,2.44926030706,4.86062740909,0.0378932050203
0,2.4494669148,4.86080425982,0.0381295697859
0,2.44893340235,4.86037818386,0.0374886208463
0,2.52644519206,5.01498161877,0.037908765339
0,2.50522030837,4.97240968706,0.0380309296746
0,2.49905609815,4.96068356182,0.0374286344863
0,2.4962487489,4.95481254898,0.0376849488225
0,2.49466738211,4.95128177017,0.0380529940408
0,2.4928323054,4.94810071951,0.037563891301
0,2.49147241892,4.94547198213,0.0374728557076
0,2.48996728843,4.9425629069,0.0373716699656
0,2.48893302972,4.94018224432,0.0376838151168
0,2.48777718689,4.93806390682,0.0374904669646
0,2.48660785279,4.93560343764,0.0376122679374
0,2.48509159225,4.93298764598,0.0371955385268
0,2.48392493947,4.93097498042,0.0368748985085
0,2.48289446292,4.92855227742,0.0372366484214
0,2.48227135964,4.92721124738,0.0373314719018
0,2.48179133479,4.92626543315,0.0373172364283
0,2.48012861157,4.92326303283,0.0369941903042
0,2.47954715252,4.92201785948,0.0370764455619
0,2.47894652922,4.92070893053,0.0371841279108
0,2.47823512719,4.91934202136,0.0371282330227
0,2.47724304059,4.91730139942,0.0371846817622
0,2.47635139657,4.91567444261,0.037028350518
0,2.47531582962,4.91390080371,0.0367308555328
0,2.47659773796,4.91622055494,0.0369749209712
0,2.47750351382,4.91817606776,0.0368309598797
0,2.47389594477,4.9108874675,0.0369044220505
0,2.47266001111,4.90859626517,0.0367237570505
0,2.47192373129,4.90696207747,0.036885385106
0,2.47098116162,4.90510379415,0.0368585291006
0,2.47005400763,4.90334100744,0.0367670078177
0,2.46946104721,4.90204566534,0.0368764290922
0,2.46851938868,4.90059772117,0.0364410561843
0,2.46778769403,4.89906079504,0.0365145930071
0,2.46661728093,4.89684871497,0.0363858468853
0,2.4661330704,4.89566303305,0.0366031077519
0,2.46550571834,4.89456436646,0.0364470702152
0,2.46492741431,4.89317437965,0.0366804489588
0,2.46345939922,4.8906995524,0.0362192460386
0,2.46326088929,4.88994285019,0.0365789283912
0,2.46275069416,4.88914212332,0.0363592649905
0,2.46237456625,4.88820094931,0.0365481831842
0,2.46162557848,4.88682129933,0.0364298576375
0,2.46090708994,4.8859660562,0.0358481236903
0,2.46003685889,4.88376409916,0.0363096186251
0,2.45905181479,4.88202405546,0.0360795741256
0,2.45843956535,4.88080414165,0.036074989044
0,2.45770652737,4.87922116965,0.0361918850949
0,2.45681548438,4.87744532232,0.0361856464344
0,2.45662412075,4.87701653224,0.0362317092579
0,2.45607079022,4.87606269995,0.0360788805004
0,2.45498156325,4.87435436554,0.0356087609637
0,2.45468067961,4.87381037485,0.0355509843706
0,2.45409326827,4.87266354975,0.0355229867764
0,2.45315084948,4.87057621147,0.0357254874765
0,2.452987559,4.86958189761,0.0363932203887
0,2.45220226334,4.86880894633,0.035595580354
0,2.45235588482,4.86882814937,0.0358836202641
0,2.45167013032,4.86777323589,0.0355670247395
0,2.45110157459,4.86649238765,0.0357107615225
0,2.45043045892,4.8652371011,0.0356238167468
0,2.44971234719,4.8638722106,0.0355524837795
0,2.44918149853,4.86299449167,0.0353685053808
0,2.44889163089,4.86223354758,0.0355497141932
0,2.44850760405,4.86135131559,0.0356638925114
0,2.44816201551,4.86089358367,0.0354304473524
0,2.44726000513,4.85912619037,0.0353938198796
0,2.44685987875,4.85845993876,0.0352598187429
0,2.4465372786,4.85749296991,0.0355815872979
0,2.44604715375,4.85661297284,0.0354813346663
0,2.44537593642,4.85545367175,0.0352982010961
0,2.44560113357,4.85600970977,0.0351925573665
0,2.44475280582,4.85437089014,0.0351347214985
0,2.44424930214,4.85332809451,0.0351705097638
0,2.44357858135,4.85211039248,0.0350467702085
0,2.44338597377,4.85177933633,0.0349926111999
0,2.44351310833,4.85179487552,0.0352313411343
0,2.4425868878,4.84979792338,0.035375852219
0,2.44250989172,4.84988335403,0.0351364294077
0,2.44182677121,4.84875961391,0.0348939285102
0,2.44144154432,4.84803523265,0.0348478559862
0,2.44101488164,4.8470297388,0.0350000244888
0,2.44119150722,4.84734026594,0.0350427484935
0,2.44045011384,4.84587704453,0.0350231831462
0,2.43956370018,4.84425560913,0.0348717912234
0,2.43967559635,4.84470228579,0.0346489069082
0,2.43974644446,4.84460329978,0.0348895891397
0,2.43948239605,4.84411472056,0.0348500715387
0,2.43853199615,4.8425021038,0.0345618884952
0,2.438496205,4.84234568439,0.0346467256117
0,2.43802313352,4.84117884008,0.0348674269711
0,2.4372607286,4.83980152949,0.0347199277039
0,2.43803734448,4.84140659117,0.0346680977844
0,2.43681695831,4.83900742576,0.0346264908601
0,2.43694457038,4.83947351404,0.034415626733
0,2.435809979,4.83717217914,0.0344477788545
0,2.43665425758,4.83876151666,0.0345469984908
0,2.43569094151,4.8371429678,0.0342389152229
0,2.43547037525,4.83650325778,0.0344374927107
0,2.43555767077,4.83661047732,0.0345048642178
0,2.43543777575,4.8364645633,0.0344109881898
0,2.43497437667,4.8353428877,0.0346058656317
0,2.4343608856,4.83426350849,0.0344582627204
0,2.43494619975,4.83587118814,0.0340212113695
0,2.43427535869,4.83414842551,0.0344022918693
0,2.43362121239,4.83320458532,0.0340378394655
0,2.43271967974,4.83122584139,0.0342135180808
0,2.43242401815,4.83065942836,0.0341886079362
0,2.43250388109,4.83083575937,0.0341720028207
0,2.4324500475,4.83066193298,0.0342381620255
0,2.43167853687,4.82887368041,0.0344833933278
0,2.43166693598,4.82954947281,0.0337843991573
0,2.43206446076,4.83003250268,0.034096418846
0,2.43102975429,4.82812138423,0.0339381243486
0,2.43057749064,4.8270224409,0.0341325403895
0,2.43061565248,4.82734269142,0.0338886135381
0,2.43103256351,4.82816941394,0.0338957130746
0,2.43022093927,4.82650778306,0.0339340954742
0,2.43011851611,4.82659347503,0.0336435572012
0,2.43058821335,4.82710839895,0.0340680277468
0,2.42981855846,4.82602907809,0.0336080388261
0,2.42931081981,4.82474291712,0.0338787224899
0,2.42884670427,4.82419396723,0.0334994413211
0,2.42914456338,4.82455473927,0.0337343874802
0,2.42881884959,4.82386792922,0.0337697699607
0,2.42862788777,4.82335048495,0.0339052905974
0,2.42798984876,4.8223864696,0.0335932279214
0,2.42888110716,4.8240678478,0.0336943665245
0,2.42747283859,4.82149501552,0.033450661671
0,2.4280051612,4.82244502065,0.0335653017437
0,2.42702619576,4.82070666227,0.033345729247
0,2.42724876595,4.82087748346,0.0336200484333
0,2.42709026503,4.82082500901,0.033355521057
0,2.42718947518,4.82070871212,0.0336702382407
0,2.42629365603,4.81916508146,0.0334222305878
0,2.42626947114,4.81930670238,0.0332322398925
0,2.42629723348,4.81934496457,0.0332495023989
0,2.42646736295,4.81945427946,0.0334804464367
0,2.42582028485,4.81841884727,0.0332217224273
0,2.42578914662,4.81838915859,0.0331891346408
0,2.42588300307,4.81837196129,0.0333940448447
0,2.42493546522,4.81680791651,0.0330630139271
0,2.42518289228,4.81690258844,0.0334631961246
0,2.42514255458,4.81731079726,0.0329743118912
0,2.42457402689,4.81584276817,0.0333052856003
0,2.42447817186,4.81581270018,0.033143643539
0,2.42374291785,4.81458675589,0.032899079796
0,2.42422023409,4.81505496025,0.0333855079351
0,2.42364494168,4.81444087775,0.0328490055959
0,2.42307964493,4.81343879858,0.0327204912803
0,2.42353076098,4.81385743334,0.0332040886149
0,2.42318113995,4.81341420367,0.0329480762257
0,2.42272216202,4.81254556473,0.0328987593232
0,2.42385474431,4.81455972224,0.0331497663907
0,2.42327448004,4.81349710427,0.0330518558046
0,2.42292734337,4.8129984809,0.0328562058366
0,2.42249373415,4.81228403979,0.0327034285043
0,2.42189716228,4.81122919083,0.0325651337189
0,2.42192035586,4.81099548683,0.0328452248965
0,2.42247514449,4.81198959869,0.0329606902945
0,2.42208443239,4.81114600275,0.0330228620302
0,2.42153129745,4.81020439936,0.0328581955297
0,2.42153272415,4.8104207878,0.0326446604911
0,2.42152173458,4.81026313237,0.0327803367896
0,2.42104141314,4.80935146583,0.0327313604434
0,2.42104418541,4.80950223545,0.032586135365
0,2.42032601002,4.80818485734,0.0324671627117
0,2.42082642616,4.80908516664,0.0325676856873
0,2.42050711213,4.80835149294,0.0326627313192
0,2.42094422492,4.80919455919,0.0326938906545
0,2.42000869975,4.80737201444,0.0326453850548
