epoch,loss,main_output_loss,mid_output_loss
0,98.1018360135,185.841972115,98.1018360135
0,63.4994468929,185.841972115,63.4994468929
0,59.6620638875,185.841972115,59.6620638875
0,57.7845103459,185.841972115,57.7845103459
0,56.3882877068,185.841972115,56.3882877068
0,53.7696149471,185.841972115,53.7696149471
0,53.3898300127,185.841972115,53.3898300127
0,51.2085668044,185.841972115,51.2085668044
0,51.1354313572,185.841972115,51.1354313572
0,48.7131916674,185.841972115,48.7131916674
0,49.6237556812,185.841972115,49.6237556812
0,47.5795802693,185.841972115,47.5795802693
0,48.6737365362,185.841972115,48.6737365362
0,46.7096346003,185.841972115,46.7096346003
0,47.6492157877,185.841972115,47.6492157877
0,45.9994871539,185.841972115,45.9994871539
0,46.2673606914,185.841972115,46.2673606914
0,45.5321203475,185.841972115,45.5321203475
0,45.3158549999,185.841972115,45.3158549999
0,44.5731012,185.841972115,44.5731012
0,45.1215805406,185.841972115,45.1215805406
0,44.2807338338,185.841972115,44.2807338338
0,44.5061929085,185.841972115,44.5061929085
0,44.0725055442,185.841972115,44.0725055442
0,44.0867021244,185.841972115,44.0867021244
0,43.5268175342,185.841972115,43.5268175342
0,43.8142110026,185.841972115,43.8142110026
0,42.5885839974,185.841972115,42.5885839974
0,43.3551707107,185.841972115,43.3551707107
0,42.847999984,185.841972115,42.847999984
0,42.6347091649,185.841972115,42.6347091649
0,42.4184141899,185.841972115,42.4184141899
0,42.6975480029,185.841972115,42.6975480029
0,42.1090957621,185.841972115,42.1090957621
0,42.342668848,185.841972115,42.342668848
0,41.730174893,185.841972115,41.730174893
0,42.1629293369,185.841972115,42.1629293369
0,41.6882088621,185.841972115,41.6882088621
0,42.1892144511,185.841972115,42.1892144511
0,41.1478855509,185.841972115,41.1478855509
0,41.6713280491,185.841972115,41.6713280491
0,40.9556737684,185.841972115,40.9556737684
0,41.1213400553,185.841972115,41.1213400553
0,40.8499597585,185.841972115,40.8499597585
0,41.189933319,185.841972115,41.189933319
0,40.9621351412,185.841972115,40.9621351412
0,40.7630018968,185.841972115,40.7630018968
0,40.5554235441,185.841972115,40.5554235441
0,40.8754026322,185.841972115,40.8754026322
0,40.2629787163,185.841972115,40.2629787163
0,40.6992951459,185.841972115,40.6992951459
0,40.4402858958,185.841972115,40.4402858958
0,40.414442128,185.841972115,40.414442128
0,39.9723249047,185.841972115,39.9723249047
0,40.1151347332,185.841972115,40.1151347332
0,39.7882190065,185.841972115,39.7882190065
0,39.8359239031,185.841972115,39.8359239031
0,40.4104432673,185.841972115,40.4104432673
0,39.7849560004,185.841972115,39.7849560004
0,39.736422661,185.841972115,39.736422661
0,40.0882936186,185.841972115,40.0882936186
0,39.4137881708,185.841972115,39.4137881708
0,39.3492090653,185.841972115,39.3492090653
0,39.8239917727,185.841972115,39.8239917727
0,39.0743492737,185.841972115,39.0743492737
0,39.5185756524,185.841972115,39.5185756524
0,39.192904795,185.841972115,39.192904795
0,38.7708474926,185.841972115,38.7708474926
0,39.38221799,185.841972115,39.38221799
0,38.8613250174,185.841972115,38.8613250174
0,39.0427349467,185.841972115,39.0427349467
0,38.7961201339,185.841972115,38.7961201339
0,39.0237494582,185.841972115,39.0237494582
0,38.8535027608,185.841972115,38.8535027608
0,38.7010812453,185.841972115,38.7010812453
0,39.4075934948,185.841972115,39.4075934948
0,38.440720433,185.841972115,38.440720433
0,38.6691996093,185.841972115,38.6691996093
0,38.4125394338,185.841972115,38.4125394338
0,38.1214240711,185.841972115,38.1214240711
0,37.9696922095,185.841972115,37.9696922095
0,38.245115704,185.841972115,38.245115704
0,37.9164316585,185.841972115,37.9164316585
0,37.9069424018,185.841972115,37.9069424018
0,37.6439232194,185.841972115,37.6439232194
0,37.3046466637,185.841972115,37.3046466637
0,37.5540881959,185.841972115,37.5540881959
0,37.1797992655,185.841972115,37.1797992655
0,37.3768628241,185.841972115,37.3768628241
0,37.1405304817,185.841972115,37.1405304817
0,37.1186796662,185.841972115,37.1186796662
0,36.781180778,185.841972115,36.781180778
0,36.6395608664,185.841972115,36.6395608664
0,36.5596010139,185.841972115,36.5596010139
0,36.6576919255,185.841972115,36.6576919255
0,36.0679502934,185.841972115,36.0679502934
0,36.1312483008,185.841972115,36.1312483008
0,36.0705938565,185.841972115,36.0705938565
0,36.0876599531,185.841972115,36.0876599531
0,36.2680810932,185.841972115,36.2680810932
0,35.5473370635,185.841972115,35.5473370635
0,35.4624944257,185.841972115,35.4624944257
0,35.1807869172,185.841972115,35.1807869172
0,34.919433411,185.841972115,34.919433411
0,35.4034250489,185.841972115,35.4034250489
0,34.5795110172,185.841972115,34.5795110172
0,34.3834372396,185.841972115,34.3834372396
0,34.6975936775,185.841972115,34.6975936775
0,34.6336717652,185.841972115,34.6336717652
0,34.154462065,185.841972115,34.154462065
0,34.5584046037,185.841972115,34.5584046037
0,33.9485701549,185.841972115,33.9485701549
0,33.3990271363,185.841972115,33.3990271363
0,33.3140261067,185.841972115,33.3140261067
0,32.9210000219,185.841972115,32.9210000219
0,33.0472625092,185.841972115,33.0472625092
0,32.4558402401,185.841972115,32.4558402401
0,32.0902834563,185.841972115,32.0902834563
0,32.2237769207,185.841972115,32.2237769207
0,32.2051086026,185.841972115,32.2051086026
0,32.074217687,185.841972115,32.074217687
0,31.5544090037,185.841972115,31.5544090037
0,31.680844487,185.841972115,31.680844487
0,31.8523967313,185.841972115,31.8523967313
0,31.2215053749,185.841972115,31.2215053749
0,30.8169293069,185.841972115,30.8169293069
0,31.2371512401,185.841972115,31.2371512401
0,30.6885692435,185.841972115,30.6885692435
0,30.2731747976,185.841972115,30.2731747976
0,30.23003483,185.841972115,30.23003483
0,30.3133486894,185.841972115,30.3133486894
0,30.1483740806,185.841972115,30.1483740806
0,29.5971995129,185.841972115,29.5971995129
0,29.801317794,185.841972115,29.801317794
0,29.1647621109,185.841972115,29.1647621109
0,29.1828404843,185.841972115,29.1828404843
0,28.3762950683,185.841972115,28.3762950683
0,28.3150950912,185.841972115,28.3150950912
0,28.6435503414,185.841972115,28.6435503414
0,28.5473906775,185.841972115,28.5473906775
0,27.9719769597,185.841972115,27.9719769597
0,27.9134236714,185.841972115,27.9134236714
0,27.4862729111,185.841972115,27.4862729111
0,27.6306159818,185.841972115,27.6306159818
0,28.9150845473,185.841972115,28.9150845473
0,27.1077444779,185.841972115,27.1077444779
0,27.0532444909,185.841972115,27.0532444909
0,26.9631020513,185.841972115,26.9631020513
0,26.1937132305,185.841972115,26.1937132305
0,26.5366544229,185.841972115,26.5366544229
0,26.3788550959,185.841972115,26.3788550959
0,26.3746702901,185.841972115,26.3746702901
0,25.4147076012,185.841972115,25.4147076012
0,26.0224368403,185.841972115,26.0224368403
0,25.3419693496,185.841972115,25.3419693496
0,25.6134267864,185.841972115,25.6134267864
0,24.8953695999,185.841972115,24.8953695999
0,24.7196866681,185.841972115,24.7196866681
0,24.1306035789,185.841972115,24.1306035789
0,24.6824966584,185.841972115,24.6824966584
0,23.9039478966,185.841972115,23.9039478966
0,23.9290831254,185.841972115,23.9290831254
0,24.0222084428,185.841972115,24.0222084428
0,23.7250835296,185.841972115,23.7250835296
0,23.3667355698,185.841972115,23.3667355698
0,23.503645811,185.841972115,23.503645811
0,23.0874320307,185.841972115,23.0874320307
0,23.2682659545,185.841972115,23.2682659545
0,22.5876746288,185.841972115,22.5876746288
0,22.3566534743,185.841972115,22.3566534743
0,22.4515197905,185.841972115,22.4515197905
0,22.8005161638,185.841972115,22.8005161638
0,21.6593242119,185.841972115,21.6593242119
0,22.1579167105,185.841972115,22.1579167105
0,21.8036831497,185.841972115,21.8036831497
0,21.8623970152,185.841972115,21.8623970152
0,21.9791734002,185.841972115,21.9791734002
0,21.286459009,185.841972115,21.286459009
0,20.9624530879,185.841972115,20.9624530879
0,20.6603756314,185.841972115,20.6603756314
0,20.9792024548,185.841972115,20.9792024548
0,20.4108747045,185.841972115,20.4108747045
0,20.3366926973,185.841972115,20.3366926973
0,20.583837837,185.841972115,20.583837837
0,20.3145504542,185.841972115,20.3145504542
0,19.9212365249,185.841972115,19.9212365249
0,19.4688561464,185.841972115,19.4688561464
0,19.7286086221,185.841972115,19.7286086221
0,19.611302497,185.841972115,19.611302497
0,19.5780176851,185.841972115,19.5780176851
0,19.8661544629,185.841972115,19.8661544629
0,19.2268410719,185.841972115,19.2268410719
0,19.2729792609,185.841972115,19.2729792609
0,18.7676219487,185.841972115,18.7676219487
0,18.9112540006,185.841972115,18.9112540006
0,18.5594509293,185.841972115,18.5594509293
0,18.2996322033,185.841972115,18.2996322033
