epoch,loss
0,5.0
0,5.0
0,5.0
0,5.0
0,5.0
0,5.0
0,5.0
0,5.0
0,5.0
0,5.0
0,5.0
0,5.0
0,5.0
0,5.0
0,5.0
0,5.0
0,5.0
0,5.0
0,5.0
0,5.0
0,5.0
0,5.0
0,3.97797756919
0,2.68869105761
0,2.52522084458
0,2.45485280443
0,2.3922505664
0,2.36134267176
0,2.34083598716
0,2.3233657837
0,2.31296520419
0,2.29614536242
0,2.28468991295
0,2.27543167209
0,2.26140630623
0,2.25923560816
0,2.24449139612
0,2.22802239632
0,2.2302950096
0,2.2121305853
0,2.18624792968
0,2.17325025403
0,2.16406630116
0,2.13978781918
0,2.11913854605
0,2.09047976661
0,2.06597829613
0,2.04331012684
0,2.01346370338
0,1.98320068319
0,1.95562342025
0,1.92366239473
0,1.90053436929
0,1.8611055817
0,1.83333383391
0,1.80695538169
0,1.7798108652
0,1.75228264322
0,1.7205461966
0,1.68965833149
0,1.66283699485
0,1.63863643812
0,1.6140445281
0,1.59261914874
0,1.56799526628
0,1.54460301915
0,1.52183297452
0,1.50684642441
0,1.48621248052
0,1.459427413
0,1.44617269972
0,1.42470903133
0,1.41001726385
0,1.3877837937
0,1.37054692279
0,1.35064335265
0,1.33626823744
0,1.31883738086
0,1.30972743952
0,1.29093243286
0,1.27341272198
0,1.26018032049
0,1.25174434533
0,1.23475896446
0,1.22187389056
0,1.20906242565
0,1.19267597698
0,1.18171810544
0,1.17066211018
0,1.156314705
0,1.14302825714
0,1.13665005085
0,1.12596008094
0,1.11893810226
0,1.1023247104
0,1.09815281704
0,1.0859853188
0,1.07752253085
0,1.06538933235
0,1.05413259384
0,1.04961156138
0,1.03993430805
0,1.03390271786
0,1.02486084788
0,1.01389041594
0,1.01232489345
0,1.00163020772
0,0.991867194764
0,0.981882067555
0,0.978145049283
0,0.970464087344
0,0.96239942388
0,0.956111911781
0,0.95274054433
0,0.944274525983
0,0.943410715394
0,0.934518797704
0,0.926114564781
0,0.921566217141
0,0.918597947196
0,0.910290078946
0,0.901631194017
0,0.898734898463
0,0.898378297004
0,0.884431565713
0,0.885673356113
0,0.876752444539
0,0.869199138386
0,0.872713498878
0,0.865049189403
0,0.858802673091
0,0.851063228433
0,0.849664314888
0,0.845411887514
0,0.842892816113
0,0.843210712021
0,0.833803548449
0,0.831914001933
0,0.825947424008
0,0.822737668826
0,0.820028555403
0,0.815046819953
0,0.814443941372
0,0.809321077546
0,0.805481900213
0,0.802734806778
0,0.800950305677
0,0.80014769042
0,0.798450088929
0,0.79395735514
0,0.792972538644
0,0.791767652099
0,0.784084658575
0,0.782778857162
0,0.781533004093
0,0.776693684166
0,0.774446965669
0,0.771569537555
0,0.770757020214
0,0.768404861522
0,0.768601031903
0,0.76392502542
0,0.764357663761
0,0.758613725479
0,0.759710897466
0,0.759088210954
0,0.752219379643
0,0.756136863031
0,0.750871749394
0,0.749825381421
0,0.745930444135
0,0.746514113623
0,0.743565746922
0,0.738380432483
0,0.741832372624
0,0.737808749612
0,0.736025471525
0,0.734818989327
0,0.733918472107
0,0.730894858646
0,0.731095507526
0,0.727475660703
0,0.727373895396
0,0.723800182413
0,0.721573250067
0,0.720662429861
0,0.720970969194
0,0.72184828609
0,0.719309642268
0,0.716655729972
0,0.714806408037
0,0.71407879792
0,0.712123909952
0,0.709386372742
0,0.708982678073
0,0.70863314355
0,0.71049404173
0,0.709642895285
0,0.704961390455
0,0.704722582476
0,0.703453755973
0,0.70390706535
0,0.704059093922
0,0.703232441723
0,0.706462495429
0,0.70329116395
0,0.702880794086
0,0.703277434129
0,0.706679586444
0,0.706008402504
0,0.702178689307
0,0.708360521018
0,0.704755055617
0,0.707115396589
0,0.712162610589
0,0.708451802247
0,0.708334023552
0,0.710608571004
0,0.706982232307
0,0.705659443204
0,0.703597087883
0,0.703579126155
0,0.704614459882
0,0.697467056178
0,0.695245018477
0,0.697401601597
0,0.690957879185
0,0.69319216984
0,0.688867376476
0,0.687548909425
0,0.690731733028
0,0.692433311663
0,0.688399003134
0,0.684346647689
0,0.689932869285
0,0.688157783066
0,1.74545632449
0,1.64511950898
0,1.58509512276
0,1.54027378769
0,1.50183833912
0,0.660619958539
0,0.605796443927
0,0.581233344913
0,0.572474909773
0,0.560703491265
0,0.660619958539
0,0.605796443927
0,0.581233344913
0,0.572474909773
0,0.560703491265
0,0.574896385928
0,0.555776934863
0,0.541847063829
0,0.542512111351
0,0.538103892398
0,0.552839677406
0,0.538268287875
0,0.525475951277
0,0.523679818081
0,0.521267729728
0,0.517244272065
0,0.516148683678
0,0.513133499542
0,0.51213480814
0,0.509875149099
0,0.500809002964
0,0.508950203963
0,0.501647032348
0,0.501709213522
0,0.498655599615
0,0.497148981262
0,0.49841255089
0,0.493898771634
0,0.494328776437
0,0.489992757662
0,0.488363282542
0,0.486679015136
0,0.485889260492
0,0.484799696775
0,0.484133373398
0,0.482183124356
0,0.47859311865
0,0.479706386875
0,0.479704850945
0,0.475028976308
0,0.477187695396
0,0.472292314567
0,0.474519152397
0,0.470107833482
0,0.47008821437
0,0.47013039441
0,0.465052382476
0,0.464835875664
0,0.466611994844
0,0.463738569889
0,0.464581852041
0,0.462145762575
0,0.463582801856
0,0.459101725887
0,0.460485558943
0,0.457749001712
0,0.460743678264
0,0.45630395385
0,0.453203435158
0,0.455224446091
0,0.453750994597
0,0.455565554736
0,0.450576446646
0,0.451303921531
0,0.450202807955
0,0.451925354142
0,0.445648766016
0,0.44773585876
0,0.444725845822
0,0.446898752151
0,0.443754023149
0,0.444366699228
0,0.442327867267
0,0.443199775572
0,0.439331470577
0,0.440609863063
0,0.440376662825
0,0.436145498208
0,0.43978592972
0,0.437312502066
0,0.439090484166
0,0.43228786816
0,0.435336399957
0,0.431572570691
0,0.435658069315
0,0.432384691043
0,0.435717525641
0,0.429960697399
0,0.431881156733
0,0.429014099163
0,0.430874374964
0,0.426954401191
0,0.429570668019
0,0.424673373458
0,0.42948851583
0,0.426401163316
0,0.425326706142
0,0.42567223717
0,0.423637399614
0,0.421362565706
0,0.424495465532
0,0.420213086511
0,0.422142909873
0,0.418586905549
0,0.421959082416
0,0.416766777533
0,0.418344386125
0,0.419718799861
0,0.417535336283
0,0.416009660056
0,0.416728195125
0,0.416040852206
0,0.4115247311
0,0.417267442988
0,0.41391427279
0,0.410879738999
0,0.415703963575
0,0.409133777153
0,0.410982009391
0,0.409942901747
0,0.410135738286
0,0.407180655523
0,0.411932550975
0,0.406318358507
0,0.410195824399
0,0.406235240585
0,0.41055473876
0,0.40569859113
0,0.404005242733
0,0.405397084303
0,0.402583645328
0,0.408649148359
0,0.402013083954
0,0.406855388187
0,0.400542793204
0,0.404002276845
0,0.401760405862
0,0.401794562529
0,0.401747280012
0,0.400665606949
0,0.398404663621
0,0.399693393704
0,0.396935613093
0,0.397869189267
0,0.398039433049
0,0.394213630079
0,0.397301412257
0,0.395004396805
0,0.397356470699
0,0.395953510031
0,0.395917912759
0,0.393207309359
0,0.395401028151
0,0.394518974927
0,0.391202730145
0,0.393034276356
0,0.393082417922
0,0.394685513999
0,0.390836316567
0,0.391745995895
0,0.389229984665
0,0.3895289859
0,0.38679627955
0,0.392379410811
0,0.385545072431
0,0.390022093105
0,0.385680748129
0,0.388462028178
0,0.38561053893
0,0.38442677773
0,0.386803038046
0,0.386975409621
0,0.388020292305
0,0.385475996313
0,0.384223737983
0,0.383462045822
0,0.383613392243
0,0.382479730325
0,0.383105084872
0,0.38181660865
0,0.378366912112
0,0.382474524609
0,0.380262509202
0,0.383324418951
0,0.378450326101
0,0.380685773002
0,0.380089294104
0,0.379629725553
0,0.37808894512
0,0.380293251048
0,0.375989149298
0,0.381408819626
0,0.374846985321
0,0.377265582752
0,0.374802912997
0,0.377013316512
0,0.373646731293
0,0.376892767022
0,0.371744975237
0,0.377250035358
0,0.370132348349
0,0.375585925607
0,0.370494508382
0,0.376824057941
0,0.372393366678
0,0.373625519179
0,0.371864787764
0,0.373826895203
0,0.371096187385
0,0.372487140289
0,0.366980374673
0,0.373377259133
0,0.366676732672
0,0.368449790117
0,0.369098875772
0,0.36695947671
0,0.36960008613
0,0.36724052998
0,0.367508986264
0,0.365603705211
0,0.368628572889
0,0.367032298428
0,0.367456448053
0,0.368049825818
0,0.364025732618
0,0.365675788209
0,0.364684936211
0,0.364679457586
0,0.364042199882
0,0.363400660577
0,0.364261669749
0,0.364848631926
0,0.362680505513
0,0.363673344126
0,0.361086144738
0,0.363916921482
0,0.359254404918
0,0.363609541397
0,0.359827098663
0,0.361277536613
0,0.3580989639
0,0.362905488423
0,0.360124186697
0,0.359407116809
0,0.35755980753
0,0.359358892033
0,0.361085136697
0,0.355238044928
0,0.361267823836
0,0.357162788621
0,0.3604817805
0,0.355831147884
0,0.356761075237
0,0.356922903597
0,0.355831962482
0,0.355247903633
0,0.355764335068
0,0.352351800406
0,0.357619931528
0,0.356164121579
0,0.351130230221
0,0.358604279514
0,0.350329670951
0,0.357587069875
0,0.353567598559
0,0.352512851444
0,0.352608885248
0,0.352599620716
0,0.350563647937
0,0.353116318873
0,0.352118202452
0,0.350670786321
0,0.351784964047
0,0.351258376811
0,0.351118790851
0,0.351527934856
0,0.349128113218
0,0.351646370439
0,0.347026852882
0,0.35158936471
0,0.347633999051
0,0.348445404052
0,0.349109213042
0,0.347943716038
0,0.350001442633
0,0.34775849718
0,0.344884475163
0,0.349654889121
0,0.344980100615
0,0.349231107818
0,0.345026221214
0,0.349882299343
0,0.344384710721
0,0.34652300336
0,0.34414096354
0,0.347191645659
0,0.343981976199
0,0.345288344492
0,0.343316546519
0,0.346360031456
0,0.344928678107
0,0.343653930797
0,0.343634229005
0,0.345210198037
0,0.341449782381
0,0.344065952733
0,0.339913620884
0,0.343447631412
0,0.341460751365
0,0.339567323956
0,0.343462043364
0,0.337434069952
0,0.344205988247
0,0.338784952045
0,0.338492419476
0,0.340393970796
0,0.338161485988
0,0.341169003506
0,0.340397129242
0,0.337054778427
0,0.340856102639
0,0.33611081574
0,0.337789390952
0,0.336261210272
0,0.337474557288
0,0.336268881151
0,0.3350874293
0,0.338145491465
0,0.336904746221
0,0.33851648184
0,0.337609589258
0,0.334772367437
0,0.336101839222
0,0.333415264134
0,0.338161723144
0,0.332297163485
0,0.337136949313
0,0.332291750181
0,0.335391469479
0,0.333001254854
0,0.334080278176
0,0.333460945411
0,0.33604799342
0,0.333789111369
0,0.332360355251
0,0.334347251465
0,0.335413782663
0,0.332510312855
0,0.332744508995
0,0.334753146367
0,0.328376958589
0,0.333146841344
0,0.330701699204
0,0.332849070058
0,0.332067325721
0,0.331206220187
0,0.331760657571
0,0.330082986239
0,0.33191030018
0,0.330101608275
0,0.330901728925
0,0.327740971305
0,0.330452756045
0,0.327983380798
0,0.328353681273
0,0.330266289435
0,0.327907757324
0,0.327330449466
0,0.32927533778
0,0.328198904405
0,0.328248576287
0,0.327827647262
0,0.33085764166
0,0.326412023488
0,0.329521940725
0,0.326929436005
0,0.32807199342
0,0.326361210133
0,0.326144490205
0,0.326575709788
0,5.26469824163
0,4.87512675778
0,4.77598633103
0,4.65323479262
0,4.55455213567
0,4.47986967744
0,4.43142488823
0,4.36667674421
0,4.31402944911
0,4.33081578973
0,4.27390776044
0,8.46249254274
0,7.15242984285
0,5.19623863245
0,4.63581838999
0,4.21551255855
0,4.21319170052
0,4.17527805669
0,5.7193858042
0,5.55868110353
0,4.2409087834
0,4.10596382512
0,4.20632979828
0,4.21658842185
0,4.17827866639
0,4.81664432008
0,4.84236136233
0,4.51203811467
0,4.07781226659
0,10.1388353206
0,5.64312304945
0,5.85205653545
0,6.15838223322
0,4.17695756483
0,4.31776383188
0,4.00903067934
0,4.00544269504
0,4.12261125208
0,3.95961910432
0,4.16201654127
0,3.93006157384
0,3.93098298409
0,3.90179374487
0,4.05925130935
0,3.81717272454
0,3.83446167924
0,3.80274275581
0,4.19965828129
0,3.77458426245
0,3.78124043468
0,4.66881650342
0,3.92943744797
0,3.74917477685
0,3.76556721786
0,3.75944640547
0,3.73662800065
0,4.79624806113
0,3.95627923445
0,4.91887161444
0,5.79558180309
0,4.62880511031
0,4.36656986391
0,4.6120313456
0,4.43574501892
0,4.60221775411
0,4.33765657468
0,4.30898972553
0,4.07573893743
0,4.89429130693
0,3.99846275016
0,3.73415111137
0,3.67283837947
0,9.85085930782
0,5.52271339932
0,5.87481158138
0,3.78506870358
0,4.49075650763
0,3.86737663023
0,3.7005894517
0,4.05363012051
0,3.9397161518
0,3.63056396345
0,3.71362664651
0,3.60903717512
0,3.60647798556
0,3.92218431873
0,3.58316692518
0,4.29894670395
0,3.58688519183
0,3.5898837037
0,3.61594144043
0,3.55960086705
0,3.5673193025
0,3.52585430374
0,5.0352497056
0,3.52278053544
0,3.72056554476
0,3.50098991785
0,3.50222362295
0,4.01651503301
0,3.71787665996
0,3.74603859376
0,3.4844177035
0,3.49482052797
0,3.44160706701
0,3.4303301381
0,3.82585586954
0,3.45310659267
0,3.51686302132
0,4.51015804407
0,6.51571967433
0,3.86995575866
0,3.44817726029
0,7.86600789134
0,4.1764618547
0,3.53425655969
0,3.43853572855
0,5.39816599735
0,3.52207891195
0,3.45698184481
0,3.40763190579
0,3.38523175822
0,3.40544480377
0,3.44294742276
0,4.39165345609
0,3.54907543311
0,4.54466244948
0,3.52078130946
0,5.0940022734
0,3.38533253295
0,4.12405566846
0,4.07992494634
0,3.36552180729
0,3.41970235258
0,3.44457145169
0,5.00874883394
0,3.68860365631
0,3.3640449791
0,6.20677343998
0,8.34218894791
0,3.92182596145
0,3.36126625103
0,3.33614500994
0,3.4090117354
0,3.30469708462
0,3.6834215996
0,3.29682265454
0,3.29777145532
0,3.27609695382
0,3.26632950741
0,3.52226238104
0,3.27138388148
0,3.6221410237
0,3.24579858981
0,8.67306125953
0,4.58324360853
0,6.87106895424
0,18.7960633911
0,12.3390530908
0,12.0132359708
0,12.2256281364
0,10.729395071
0,10.7009924471
0,9.74592766537
0,9.22096476133
0,9.14748737436
0,9.08142046232
0,9.03034237278
0,8.98750697018
0,8.95339526753
0,8.92601229199
0,8.90226626921
0,8.87076655605
0,8.89272466173
0,8.86543488692
0,8.83591314885
0,8.75118605727
0,8.51430989517
0,8.32497693401
0,8.26474532555
0,8.21030418457
0,8.14841591552
0,7.77408237998
0,7.05222992684
0,6.32554106392
0,6.26250383658
0,6.21479743956
0,6.17337026466
0,6.21526585544
0,6.12314627581
0,6.09146348686
0,7.04171512539
0,6.15311021461
0,5.69034531144
0,5.68617329042
0,5.59480948792
0,8.21017390172
0,6.2226232286
0,4.19468811685
0,4.13191731319
0,4.03149613906
0,3.9879284997
0,3.94252173571
0,9.96562776742
0,7.19786334359
0,4.7730476714
0,4.45116362901
0,6.86182370203
0,8.70520206915
0,5.69899816914
0,4.93870939902
0,5.16373787521
0,4.95188615346
0,4.85839478952
0,4.81769413398
0,4.76105759924
0,4.72980820433
0,4.71601527599
0,4.68099720936
0,4.80359892909
0,5.35012788837
0,4.78793763072
0,4.67459122173
0,4.6346043824
0,4.6170091378
0,4.5874748422
0,4.77131722421
0,4.5445931329
0,4.52711244903
0,4.22507771626
0,3.75381063109
0,3.72235750533
0,9.96831730743
0,8.07260381787
0,4.77261541766
0,3.75362221828
0,3.70945348657
0,3.69416112652
0,3.65952299175
0,7.98612730904
0,12.387261251
0,11.4084981217
0,9.59472641618
0,7.17719172912
0,7.01410525485
0,6.91900653234
0,6.798152637
0,6.74947175413
0,6.69805247735
0,6.64504560838
0,6.61571351944
0,6.4924577495
0,6.84074745893
0,5.59151365836
0,5.48761731312
0,5.47999148449
0,5.43377872807
0,5.41121976458
0,5.39335522122
0,5.68915901079
0,5.90677996303
0,5.38565852329
0,5.67790910209
0,5.38657850382
0,5.33357144489
0,5.34682873208
0,5.30330513401
0,5.29106396402
0,5.35576701479
0,8.17200608125
0,12.3068204906
0,10.1932209509
0,9.51183437334
0,8.22962737721
0,6.37445095687
0,6.03439899517
0,9.61092276228
0,10.6631017317
0,8.2427222047
0,5.84549294944
0,5.73244428095
0,5.63670590918
0,5.57333630276
0,5.54569444437
0,7.27341527002
0,9.591179341
0,9.09487203863
0,7.0596080025
0,5.05429235783
0,4.32110891624
0,4.12616955118
0,4.02280415997
0,3.95810416217
0,3.90521773304
0,7.71962536852
0,8.93483189095
0,8.68634145615
0,7.21478067004
0,7.3352492385
0,6.54828404077
0,6.95024680431
0,6.06327179072
0,5.59952967482
0,4.75019227205
0,4.54363590476
0,4.88246831797
0,4.3942372413
0,4.20497650792
0,4.08269989702
0,3.99263821775
0,3.93590809319
0,3.96290763424
0,5.8095458392
0,4.24863257064
0,4.01397601928
0,3.88389569291
0,6.22153430652
0,7.32751607639
0,6.23768650677
0,5.5921503595
0,5.32266855212
0,5.21799621864
0,4.9089549792
0,4.47280119234
0,4.83507012731
0,4.34444462596
0,4.10654704788
0,4.05860355854
0,4.32124555224
0,4.08065901971
0,6.29676981437
0,6.66541439172
0,5.77410600996
0,5.21986462205
0,5.2907495158
0,5.59840035214
0,5.39998205958
0,6.15096409462
0,5.63717142347
0,5.39605550509
0,5.39485798243
0,5.83464750263
0,5.45178687815
0,5.14364106283
0,5.37892619219
0,5.19759545115
0,5.25193707589
0,5.49154577878
0,5.03544113386
0,5.39155999056
0,5.28329909012
0,5.34780458623
0,5.1516472131
0,4.98107648446
0,4.93744390801
0,4.88130122088
0,5.0106485866
0,5.01949239459
0,4.98401069096
0,4.97881053934
0,4.81202706841
0,4.85620170765
0,4.95666470647
0,4.69810502604
0,4.63367800664
0,5.00030255074
0,4.80652090894
0,4.71050570414
0,4.6138453365
0,4.64872111574
0,4.70096751102
0,5.07348834509
0,4.69170358842
0,4.98860441046
0,5.13064504193
0,5.28111035789
0,5.16259896626
0,5.0929772781
0,5.05073479626
0,4.88393956046
0,5.05106698283
0,4.90509493528
0,4.89028231625
0,5.01727258759
0,4.96719490144
0,5.0451698043
0,4.96004689374
0,4.97853475487
0,4.89814762793
0,4.77547980784
0,4.63833690099
0,4.51133843185
0,4.50002521806
0,4.38844789961
0,4.32779540354
0,4.26693401025
0,4.22585160618
0,4.26887200078
0,4.14729313603
0,4.12430973218
0,4.11472412458
0,6.61359909867
0,4.63979084497
0,4.37801201181
0,5.08760017131
0,4.92741019902
0,4.66437297664
0,5.19941353972
0,5.0034703988
0,4.96166626075
0,4.91123103928
0,4.93391980397
0,4.87966763132
0,4.86811992709
0,4.81912778539
0,4.76273137078
0,4.75534325273
0,4.72109331299
0,4.46778771331
0,4.38402081654
0,4.25299752871
0,5.20966400753
0,4.83849861196
0,4.76231880775
0,4.64768781239
0,4.58201250454
0,4.46313568745
0,4.23157404393
0,4.1543889369
0,4.04573394824
0,3.9903842936
0,4.50019646449
0,4.12245041323
0,3.98551076087
0,3.88064002827
0,3.85442516452
0,3.88577560266
0,3.81179878573
0,5.32244522224
0,5.03248637135
0,3.79639498539
0,3.76086041365
0,3.73260245533
0,4.01119302587
0,3.74249962638
0,3.97997039084
0,4.44383536659
0,3.69939901022
0,3.70194577747
0,4.56604720016
0,3.66068088487
0,4.98711853153
0,3.6654393854
0,3.63366035633
0,3.66909778922
0,3.64280505976
0,3.6245472358
0,3.58700532367
0,3.61436731351
0,3.61618018359
0,3.55837623365
0,3.62724536685
0,4.62987916756
0,4.57051927326
0,3.56654150694
0,3.5424829113
0,3.52938956751
0,3.51724869059
0,3.51089783216
0,3.52093947838
0,3.50002744476
0,4.34705014288
0,13.6290685
0,11.4365301389
0,10.1254942614
0,7.58452628641
0,5.09776909466
0,4.93478487766
0,4.8463572191
0,4.7873166728
0,4.73926580702
0,5.83024202685
0,4.79413125108
0,4.68056588496
0,4.66367310625
0,4.61953189839
0,4.59750123051
0,4.56776738769
0,6.77564718895
0,7.40886404036
0,7.69387070608
0,8.04014066735
0,7.20748495048
0,6.48640608474
0,5.86682628313
0,5.37876796648
0,5.13045922047
0,5.10204882278
0,4.86873951658
0,4.74914378573
0,4.69411967186
0,4.70879411598
0,4.55674541891
0,4.45708756664
0,4.3074718495
0,4.14672426694
0,4.21822565321
0,4.2919138611
0,4.04063240822
0,5.32483943292
0,4.97516079289
0,4.73000597864
0,4.56905375992
0,4.2462493282
0,4.40731534784
0,4.06349459504
0,4.05085086572
0,3.88576902632
0,3.86464590524
0,4.05309826238
0,4.15128052401
0,4.04521033699
0,3.74213902459
0,7.03957967074
0,5.97022223947
0,4.62069089218
0,4.255595343
0,3.86187076156
0,3.79818423753
0,3.71854831421
0,4.69590818662
0,3.70865828411
0,6.53844572764
0,5.54054420607
0,5.61833333779
0,5.28216464077
0,5.28445700344
0,5.50658710278
0,5.08668085066
0,5.05363071911
0,4.9493217101
0,4.80773731179
0,4.85469189203
0,5.05774323896
0,4.97278194077
0,5.02958171371
0,4.95056121755
0,5.04234020647
0,5.04566443456
0,4.96743356571
0,5.0458185988
0,5.03498413092
0,4.94413412287
0,4.96319810361
0,4.9217019241
0,5.10236407249
0,4.99457490173
0,6.87001539978
0,5.98281891829
0,6.61171496971
0,5.2685716164
0,4.35362470771
0,3.96414657479
0,3.6124290561
0,3.38351112759
0,3.21943841016
0,3.0632043902
0,2.93770220131
0,2.84113705265
0,2.77390112996
0,2.7176367585
0,2.67106673362
0,2.6158408886
0,2.56284422308
0,2.51840277745
0,2.48648452148
0,2.45949637358
0,2.44206250921
0,2.4181952205
0,2.39976984487
0,2.38683792202
0,2.3644752944
0,2.35023906704
0,2.32994804951
0,2.31174425643
0,2.29228977843
0,2.27532831832
0,2.25859584362
0,2.23487371902
0,2.21500100706
0,2.19821518013
0,2.1756267631
0,2.14612961887
0,2.16408671869
0,3.52871122233
0,2.68446203898
0,2.12391097689
0,2.09665740493
0,2.07299784731
0,2.04875747136
0,2.02946084304
0,2.0063521333
0,1.98649172547
0,1.96299367342
0,1.94725547126
0,1.9231250468
0,1.90134521977
0,1.88012285597
0,1.85723284717
0,1.847222826
0,1.82372467899
0,1.81009194881
0,1.78980512862
0,1.7711995472
0,1.75387441993
0,1.74118736538
0,1.71899955505
0,1.70326474389
0,1.69057609394
0,1.67152806013
0,1.65711225925
0,2.91071335441
0,4.23580189545
0,1.81094113899
0,1.84337383098
0,1.86865030231
0,1.65714742475
0,1.61196440628
0,1.5894415143
0,1.57571163126
0,1.5606447276
0,1.55002170022
0,1.53319044875
0,1.52543568111
0,1.5051539418
0,1.4986831911
0,1.47907473242
0,1.46668707064
0,1.45975802071
0,1.44937202677
0,1.43547188796
0,1.42928288813
0,1.41581157026
0,1.40505362381
0,1.39414805251
0,1.38471499046
0,1.3752676761
0,1.36687948437
0,1.35835171777
0,1.34740069883
0,1.33499046254
0,1.32789132033
0,1.31418822372
0,1.31411451305
0,1.33764310684
0,1.29493897019
0,1.27923062295
0,1.27696681038
0,1.27156230511
0,1.25976906695
0,1.25484029453
0,1.24799922318
0,1.23320179332
0,1.23206394685
0,1.21887539345
0,1.21704743265
0,1.21104888254
0,1.19997822831
0,1.19621950943
0,1.18541454682
0,1.17911872164
0,1.16941976663
0,1.16602481387
0,1.16250766893
0,1.14790759568
0,1.1479725779
0,1.14088301599
0,1.13186170576
0,1.12958412277
0,1.11894098481
0,1.11556508672
0,1.10477105719
0,1.10069073468
0,1.10135069099
0,1.09178275036
0,1.08763199585
0,1.07845423525
0,1.07539712308
0,1.06906586023
0,1.06207312992
0,1.05857594755
0,1.05412936993
0,1.04738557065
0,1.04402346891
0,1.03908931185
0,1.03507959935
0,1.02808212665
0,1.02514168254
0,1.01754010372
0,1.01389447769
0,1.0129763428
0,1.00553558618
0,1.00001528335
0,0.996036977528
0,0.990365113018
0,0.989120164802
0,0.981723055532
0,0.97704250811
0,0.973252898457
0,0.969977685926
0,0.966925880819
0,0.961301824815
0,0.958789600752
0,0.950137369397
0,0.948075590069
0,0.946270340232
0,0.941108470094
0,0.937434868491
0,0.934463354805
0,0.930249141528
0,0.927842765357
0,0.922032033036
0,0.918217122735
0,0.910170554304
0,0.912747621566
0,0.90982209566
0,0.904358193486
0,0.901124566332
0,0.898537533109
0,0.898558456533
0,0.972837901003
0,0.965674521524
0,0.863655317483
0,0.887944963479
0,0.885253174423
0,0.878869991583
0,0.873491985792
0,0.87503403768
0,0.872275768697
0,0.865019519087
0,0.864431723485
0,0.863611987858
0,0.858659282709
0,0.857338454761
0,0.851215287713
0,0.849864029039
0,0.845732346219
0,0.839984878876
0,0.843576170455
0,0.838939958864
0,0.832595030144
0,0.831351926009
0,0.830249271873
0,0.825437100411
0,0.824958621259
0,0.820697266834
0,0.814251714616
0,0.817666810907
0,0.811934450294
0,0.811859709435
0,0.81031537003
0,1.02839780559
0,1.5116979155
0,1.82299652756
0,1.21523415704
0,1.28100507243
0,1.60127965937
0,1.74381443388
0,1.3041130757
0,1.21666352067
0,1.05125896971
0,1.28253979517
0,1.5019351007
0,1.38308653222
0,1.05748402032
0,1.2395491635
0,2.01024330627
0,1.46337591154
0,0.977365673325
0,0.976738398743
0,0.967394999579
0,0.922039581397
0,0.879889717934
0,0.835498221328
0,0.843535788543
0,0.81886784948
0,0.815544325871
0,0.804495305051
0,0.803244881204
0,0.798267385548
0,0.796127105152
0,0.790246913132
0,0.784004926509
0,0.781724144732
0,0.781203197794
0,0.774789980303
0,0.775701957702
0,0.770236865352
0,0.768383423161
0,0.766826681602
0,0.762187244734
0,0.762555492512
0,0.75739124485
0,0.757070626132
0,0.756221698804
0,0.751506683826
0,0.748890929944
0,0.74719334747
0,0.746062398162
0,0.744287862627
0,0.739452296024
0,0.738265080897
0,0.740999540903
0,0.73112503433
0,0.731416802788
0,0.728681600786
0,0.729446313139
0,0.72565853635
0,0.727157007249
0,0.718430068484
0,0.721412396009
0,0.718925673486
0,0.718726249283
0,0.716321674957
0,0.710550149121
0,0.712066428308
0,0.712999001708
0,0.707440510995
0,0.709368577558
0,0.704091303758
0,0.70282249775
0,0.702131944482
0,0.700385946014
0,0.696501223183
0,0.697402359327
0,0.694950616388
0,0.694447468877
0,0.691902438676
0,0.687128215165
0,0.687326004476
0,0.689890217268
0,0.685429771771
0,0.686465249001
0,0.68198521044
0,0.68109114518
0,0.678834850493
0,0.672733960422
0,0.677989404446
0,0.672959548706
0,0.67209624623
0,0.669730259836
0,0.673690302306
0,0.666473563402
0,0.668617585931
0,0.665686056908
0,0.666035448546
0,0.664312987659
0,0.662080938285
0,0.662201170432
0,0.65951021578
0,0.65699260545
0,0.659041772971
0,0.655086635026
0,0.654205776147
0,0.652420316737
0,0.651483238547
0,0.649062762337
0,0.64945042024
0,0.646503679871
0,0.643656345815
0,0.647151520135
0,0.64385537991
0,0.643703922789
0,0.639666272085
0,0.638563073273
0,0.63745047997
0,0.640145061501
0,0.633609729695
0,0.637513688012
0,0.631530167261
0,0.635281827511
0,0.632908582352
0,0.629475977696
0,0.629425374729
0,0.626626125215
0,0.626334896124
0,0.626121780654
0,0.622358442231
0,0.625441344451
0,0.621936207592
0,0.619110169903
0,0.624907747914
0,0.61853623339
0,0.618011441412
0,0.613866933677
0,0.613872021952
0,0.613907112413
0,0.614518135881
0,0.610826218507
0,0.610089417282
0,0.60969094672
0,0.61029935452
0,0.606680400842
0,0.604901837778
0,0.605811622238
0,0.606087320387
0,0.601263300001
0,0.604570176461
0,0.600319836501
0,0.599212605919
0,0.598460759284
0,0.601651137256
0,0.597740919725
0,0.597276741464
0,0.593185038635
0,0.59721690349
0,0.591999714987
0,0.594744217986
0,0.59008987876
0,0.59261703805
0,0.584529229419
0,0.592633444801
0,0.585516015617
0,0.587836254352
0,0.584219161061
0,0.587699363001
0,0.584937516369
0,0.584808410752
0,0.582410656596
0,0.580796917326
0,0.580274850291
0,0.579972717634
0,0.575835222138
0,0.581207291044
0,0.575653304784
0,0.576218894088
0,0.571808064006
0,0.5776256389
0,0.56989327617
0,0.571543412659
0,0.57059404517
0,0.569160411403
0,0.570941613623
0,0.568403806448
0,0.566927133329
0,0.563897100369
0,0.565153875838
0,0.564925360097
0,0.564645384279
0,0.56641196568
0,0.560295882857
0,0.564178698173
0,0.561301279177
0,0.56043815694
0,0.56182513969
0,0.555153413535
0,0.559025925216
0,0.555206376101
0,0.558522285396
0,0.556525688453
0,0.553008754854
0,0.555388272625
0,0.551058479445
0,0.555576830869
0,0.552437328214
0,0.55092091161
0,0.55068648151
0,0.552533801749
0,0.54903603956
0,0.547708592794
0,0.548904062934
0,0.544334170389
0,0.549888353826
0,0.545181836156
0,0.544876129658
0,0.544504396001
0,0.543270423792
0,0.54153893251
0,0.54192970257
0,0.540378546739
0,0.541250282467
0,0.54140844176
0,0.538606030107
0,0.536772383441
0,0.538432891719
0,0.536295484222
0,0.536654820755
0,0.537556805147
0,0.5362941097
0,0.531508747785
0,0.531034027682
0,0.533402436984
0,0.531640627381
0,0.525802913013
0,0.526591226173
0,0.532077817435
0,0.531871527746
0,0.528273419833
0,0.529581528113
0,0.527519572212
0,0.528890566394
0,0.526082530991
0,0.52446947083
0,0.523850894969
0,0.525781725318
0,0.523231997047
0,0.522551721279
0,0.521558831991
0,0.523699135897
0,0.517874255763
0,0.524267990399
0,0.5168479837
0,0.520420265532
0,0.516760174842
0,0.519594871129
0,0.51623115638
0,0.517729238922
0,0.513730622878
0,0.513178460628
0,0.516630057638
0,0.512062599802
0,0.516242128717
0,0.513228702945
0,0.512370032411
0,0.50980431396
0,0.514204349084
0,0.509457182354
0,0.511610401502
0,0.511458923842
0,0.507271710733
0,0.509509514734
0,0.507270880202
0,0.505514276419
0,0.505146191408
0,0.504259391089
0,0.505215146428
0,0.504283487347
0,0.504990916253
0,0.501792106736
0,0.502372697184
0,0.503677408193
0,0.503959667869
0,0.501738075423
0,0.499367648874
0,0.499442283677
0,0.499762921913
0,0.498007151691
0,0.499627928548
0,0.497432378934
0,0.496635327748
0,0.497515212181
0,0.496261349738
0,0.49593677476
0,0.495099152395
0,0.49562969992
0,0.490858299237
0,0.494446419782
0,0.491194278563
0,0.492232548295
0,0.491605834641
0,0.490141136786
0,0.489937710051
0,0.485139408739
0,0.491054856145
0,0.486675226303
0,0.485893259273
0,0.486024896962
0,0.486506126222
0,0.484378191421
0,0.483423247045
0,0.484163378078
0,0.483365700613
0,0.483831295751
0,0.482508957452
0,0.481838100691
0,0.481721675443
0,0.482131160648
0,0.481705953507
0,0.480495237789
0,0.47875435769
0,0.479113713679
0,0.476937047481
0,0.478961714394
0,0.478422249961
0,0.477636762659
0,0.478244395729
0,0.4752126937
0,0.47254356334
0,0.475750154028
0,0.474884705812
0,0.472367614884
0,0.474737078569
0,0.471941666597
0,0.472878222244
0,0.471256900763
0,0.47153544946
0,0.470410737696
0,0.468807207481
0,0.471202981586
0,0.467508725635
0,0.467741785946
0,0.467295006718
0,0.468178290289
0,0.467999240344
0,0.465251508443
0,0.464640711288
0,0.465318958209
0,0.465506418897
0,0.461328935915
0,0.460739850123
0,0.464440962771
0,0.460463181721
0,0.464294528985
0,0.462025262547
0,0.463401958074
0,0.479686549818
0,0.463327118453
0,0.458632991634
0,0.45870753635
0,0.458401113465
0,0.459665644076
0,0.457962811199
0,0.459201552555
0,0.458523728554
0,0.454917962433
0,0.456458399757
0,0.456045726037
0,0.455898778129
0,0.455181197386
0,0.453919617302
0,0.451204033093
0,0.453587083881
0,0.45163781762
0,0.45450729408
0,0.450943585386
0,0.454597745732
0,0.45219033679
0,0.449618659609
0,0.451648599867
0,0.451360002223
0,0.449227272362
0,0.448268011193
0,0.448875366048
0,0.448577334885
0,0.44959697381
0,0.448452840963
0,0.446630712753
0,0.446423965205
0,0.448630395815
0,0.444059532296
0,0.446130560023
0,0.442633760125
0,0.446873985347
0,0.443721870373
0,0.445374513786
0,0.443379097997
0,0.443200183625
0,0.442166153931
0,0.443707545815
0,0.44332186114
0,0.44116908115
0,0.440772555162
0,0.443320371972
0,0.441372105019
0,0.441184012419
0,0.440052214497
0,0.440854838242
0,0.43754330893
0,0.439415745724
0,0.43538209622
0,0.441104898428
0,0.435511216996
0,0.439869392611
0,0.435641579736
0,0.43656353137
0,0.436512019213
0,0.435396949497
0,0.435929779648
0,0.436900975615
0,0.432393282134
0,0.435695655002
0,0.432668531444
0,0.434629589579
0,0.432555025573
0,0.432550129217
0,0.431884083689
0,0.433035197255
0,0.430222502333
0,0.434056285014
0,0.430716424448
0,0.431330885001
0,0.431284638731
0,0.429580421235
0,0.432779496148
0,0.428081322461
0,0.429705694676
0,0.428749054484
0,0.427488499657
0,0.428629345085
0,0.426398106649
0,0.424737982808
0,0.428864931545
0,0.42478275408
0,0.42866587922
0,0.424439768004
0,0.425866844183
0,0.424972141065
0,0.424607033071
0,0.424620188209
0,0.424808861149
0,0.423901972996
0,0.42148797014
0,0.438810096375
0,0.427840004237
0,0.423499541156
0,0.424379917563
0,0.420444255134
0,0.422544783766
0,0.419675882926
0,0.423415059693
0,0.42018414864
0,0.420450084365
0,0.420097140154
0,0.42085584956
0,0.418415819842
0,0.418959785996
0,0.418821442093
0,0.42187218457
0,0.415354944113
0,0.419455613736
0,0.415709824659
0,0.41867792588
0,0.417532433227
0,0.417918282606
0,0.416706532775
0,0.415729854038
0,0.41634639124
0,0.414378863799
0,0.415490202157
0,0.415006343709
0,0.415326535868
0,0.415636400704
0,0.414803731851
0,0.41543672967
0,0.414646155062
0,0.415090881485
0,0.40796393536
0,0.403319839308
0,0.415775876647
0,0.405386472706
0,0.403042869906
0,0.414948918837
0,0.399678112398
0,0.404984288263
0,0.406875364219
0,0.484907256148
0,0.452227203316
0,0.675825792726
0,0.725475075332
0,0.984570591028
0,1.15020771744
0,1.21251858395
0,1.36661797602
0,1.62499562021
0,1.71477755996
0,1.52167890785
0,1.29708583061
0,1.31878041009
0,1.45341623347
0,1.41897926824
0,1.44163495995
0,1.12713784297
0,0.724750886046
0,0.802949774143
0,0.735323885971
0,0.580169577729
0,0.466020060902
0,0.474290019753
0,0.503258567321
0,0.474054958296
0,0.504393059117
0,0.510936862494
0,0.424004021338
0,0.418199861673
0,0.44669698183
0,0.418423074203
0,0.428759664025
0,0.413877530855
0,0.427913693661
0,0.447033395488
0,0.495545935794
0,0.404045081976
0,0.407805570038
0,0.427043090859
0,0.410150215299
0,0.415727587355
0,0.40490563463
0,0.404136858389
0,0.414925552052
0,0.407321331382
0,0.407059469469
0,0.407387299001
0,0.43803544385
0,1.09370984693
0,2.7148711032
0,2.09944546991
0,1.83728040681
0,2.00463980229
0,2.02776491731
0,2.24595388272
0,2.77815900751
0,3.2489693599
0,3.35378921135
0,2.62802088186
0,4.19241609625
0,5.05184268381
0,6.78506034845
0,6.24045037989
0,5.71923894355
0,5.48256355501
0,5.79692779557
0,4.43238268392
0,4.92370268714
0,5.59548772535
0,5.33566208702
0,5.22323273953
0,5.11604097207
0,5.0369719972
0,4.93915981725
0,4.86019104211
0,4.74861167005
0,4.77133876845
0,4.88100552218
0,4.71901719765
0,4.56596903334
0,4.75866240533
0,4.69094918023
0,4.59815598536
0,4.5256560351
0,4.4164885267
0,3.78470591663
0,4.6613423534
0,5.05988826819
0,4.77441779078
0,4.75093731252
0,5.04127628136
0,5.71991257591
0,5.51015634698
0,5.19360553762
0,5.14954803742
0,5.1604424425
0,5.10573441424
0,5.11072083298
0,5.15564401217
0,5.21527412429
0,5.23996571082
0,5.20120651889
0,5.28116773321
0,5.13457943968
0,5.15935986403
0,5.23130988992
0,5.12679713229
0,5.13987399288
0,5.15438670361
0,5.14194075869
0,5.17594145847
0,5.2107828177
0,5.10409369877
0,5.18097883665
0,5.08809120148
0,5.12474688665
0,5.14531098805
0,5.11986031357
0,5.09562066557
0,5.16760720738
0,5.07800051178
0,5.0900749695
0,75.4092797448
0,72.9716434909
