epoch,loss,main_output_loss,mid_output_loss
0,178.416615495,178.416615495,196.865920646
0,181.793587283,181.793587283,169.728195752
0,180.734796475,180.734796475,164.842170303
0,180.744721047,180.744721047,178.76080509
0,180.65805568,180.65805568,184.09516503
0,180.590763146,180.590763146,177.039311474
0,180.515412027,180.515412027,186.590805415
0,180.530619362,180.530619362,196.139043906
0,180.545460591,180.545460591,200.699815601
0,180.495762581,180.495762581,208.611825053
0,180.440087767,180.440087767,212.23609486
0,180.44028859,180.44028859,212.243856026
0,180.430192819,180.430192819,213.135291555
0,180.385711815,180.385711815,215.416466544
0,180.377860507,180.377860507,218.591208307
0,180.411155031,180.411155031,210.147138767
0,183.174716872,183.174716872,225.372880643
0,148.244769266,148.244769266,256.785810559
0,141.475531187,141.475531187,246.52525815
0,141.136867058,141.136867058,249.163693245
0,141.001059947,141.001059947,262.330124086
0,140.989154791,140.989154791,295.103282044
0,141.250178568,141.250178568,277.895093071
0,140.366060237,140.366060237,252.902584943
0,140.900523258,140.900523258,269.488906594
0,140.500172242,140.500172242,268.89817925
0,140.128746237,140.128746237,255.654806298
0,139.701963976,139.701963976,243.301701537
0,139.762947144,139.762947144,247.803450408
0,139.325624631,139.325624631,240.165769629
0,136.621605323,136.621605323,237.749442766
0,133.914342522,133.914342522,225.97626819
0,133.115654747,133.115654747,235.276510988
0,133.2545302,133.2545302,232.893520164
0,133.182155639,133.182155639,243.472871686
0,119.673818176,119.673818176,237.337371135
0,80.6108335235,80.6108335235,244.726789256
0,74.7204471977,74.7204471977,245.602535073
0,73.7906602648,73.7906602648,228.600341691
0,72.1489880022,72.1489880022,217.420666966
0,71.4227950361,71.4227950361,218.002626285
0,71.2702576112,71.2702576112,218.078400212
0,71.1515856995,71.1515856995,218.308019461
0,70.7510200596,70.7510200596,213.957657173
0,70.5082570641,70.5082570641,215.809228528
0,70.12666478,70.12666478,218.278776683
0,69.7041399303,69.7041399303,217.359965146
0,69.6910842338,69.6910842338,217.97669841
0,69.6337933089,69.6337933089,217.664217683
0,69.2163862334,69.2163862334,215.103597769
0,69.1874145528,69.1874145528,214.327775987
0,68.7820790405,68.7820790405,212.946549436
0,68.8245776808,68.8245776808,205.986241274
0,68.4953620346,68.4953620346,201.612916752
0,68.569701816,68.569701816,205.704039589
0,68.4166005974,68.4166005974,208.665347568
0,68.3459637951,68.3459637951,208.380924989
0,68.7102971829,68.7102971829,216.522411166
0,67.7119700095,67.7119700095,218.877143337
0,67.4098186055,67.4098186055,224.466593253
0,67.3817431835,67.3817431835,223.079325822
0,67.3802692821,67.3802692821,224.450824213
0,67.086354002,67.086354002,221.623587126
0,66.8732553793,66.8732553793,225.223725532
0,66.4209127976,66.4209127976,221.832501937
0,66.536847359,66.536847359,226.713838229
0,66.1652448603,66.1652448603,228.402736733
0,66.0622134336,66.0622134336,229.795661221
0,65.39062989,65.39062989,224.74902089
0,65.2601753793,65.2601753793,225.142077564
0,64.8637103378,64.8637103378,224.386522756
0,64.664382857,64.664382857,222.20392641
0,64.8032265784,64.8032265784,221.832019934
0,64.0902334227,64.0902334227,221.712201978
0,64.4145457458,64.4145457458,221.861598564
0,60.5271988289,60.5271988289,223.763629466
0,59.1588257374,59.1588257374,222.234756558
0,58.9390551721,58.9390551721,220.162299834
0,58.2036947296,58.2036947296,214.876881303
0,58.0698799734,58.0698799734,219.844462876
0,57.4059612547,57.4059612547,224.101998052
0,57.9306326815,57.9306326815,222.65404304
0,57.5547119415,57.5547119415,224.988632102
0,57.6879557473,57.6879557473,231.02814657
0,57.3922384847,57.3922384847,226.177049499
0,56.729201643,56.729201643,225.014875281
0,56.7171422571,56.7171422571,218.694724484
0,56.8382200307,56.8382200307,221.010740357
0,55.6171837581,55.6171837581,222.465328617
0,55.6311432786,55.6311432786,220.037662574
0,56.1452389302,56.1452389302,218.973390375
0,55.5097003063,55.5097003063,225.703462376
0,54.8043078839,54.8043078839,220.635278867
0,54.8919005426,54.8919005426,221.985849685
0,54.6549747209,54.6549747209,221.844717072
0,54.3714327566,54.3714327566,219.528257874
0,54.2130236702,54.2130236702,221.582104219
0,54.3029400025,54.3029400025,219.877709993
0,54.7129213488,54.7129213488,220.518983697
0,53.8560378881,53.8560378881,220.277365577
0,53.4710706191,53.4710706191,222.491016782
0,53.1770749777,53.1770749777,220.023912154
0,53.4520304037,53.4520304037,220.654992769
0,53.1346120419,53.1346120419,221.553504011
0,52.7291350602,52.7291350602,220.198154791
0,53.8447208763,53.8447208763,215.984060203
0,52.7182980948,52.7182980948,221.85298589
0,52.2521300029,52.2521300029,218.396180571
0,52.1150232646,52.1150232646,220.746602552
0,52.2494843534,52.2494843534,222.540375555
0,52.0660983348,52.0660983348,222.413923671
0,51.595867516,51.595867516,225.960438416
0,51.3135912355,51.3135912355,221.090043789
0,51.0757658393,51.0757658393,223.918967002
0,51.1856086779,51.1856086779,224.818003975
0,51.2147224779,51.2147224779,224.593865394
0,51.3063058433,51.3063058433,223.882512073
0,50.7783033113,50.7783033113,220.357944656
0,50.885724842,50.885724842,221.655560319
0,51.1759886881,51.1759886881,221.942650832
0,50.3578997818,50.3578997818,219.303723798
0,49.7362271278,49.7362271278,222.346509546
0,49.6301656447,49.6301656447,221.160049343
0,49.5250987184,49.5250987184,220.093075305
0,49.7513570128,49.7513570128,220.412812021
0,50.0688581966,50.0688581966,220.136913746
0,49.6829347581,49.6829347581,219.466091308
0,49.1558937869,49.1558937869,219.388909746
0,49.0894354533,49.0894354533,219.947927262
0,48.698713133,48.698713133,222.307518202
0,48.7212361772,48.7212361772,220.649550301
0,48.3091137249,48.3091137249,217.664421062
0,48.803812087,48.803812087,219.043433137
0,48.2829489518,48.2829489518,221.17179248
0,48.1135012529,48.1135012529,221.087115843
0,48.0280580662,48.0280580662,222.008132421
0,47.4747120882,47.4747120882,221.469975407
0,47.5493799651,47.5493799651,220.120757451
0,47.3736966878,47.3736966878,221.256799551
0,47.401528744,47.401528744,221.096296471
0,47.6640748069,47.6640748069,220.876285341
0,46.8375612579,46.8375612579,222.008976483
0,46.6811707339,46.6811707339,220.842552715
0,46.6304247822,46.6304247822,221.623431312
0,46.1935878818,46.1935878818,221.571020344
0,46.5627918034,46.5627918034,220.966494102
0,46.3168045529,46.3168045529,222.287765138
0,46.2021579703,46.2021579703,219.588566927
0,45.8736691059,45.8736691059,219.484659145
0,45.9640494649,45.9640494649,219.442019859
0,45.2426404318,45.2426404318,221.022027163
0,45.3755586376,45.3755586376,218.641102777
0,45.2282178643,45.2282178643,218.399145952
0,45.8216283059,45.8216283059,220.060033531
0,45.382809431,45.382809431,218.205719542
0,45.3355934158,45.3355934158,220.198693458
0,44.9275464478,44.9275464478,220.363068012
0,44.3840594159,44.3840594159,219.331731687
0,44.2749209076,44.2749209076,219.408703263
0,44.5021597206,44.5021597206,220.575372265
0,44.3805484902,44.3805484902,221.757041827
0,44.322784398,44.322784398,219.714158309
0,44.3725166575,44.3725166575,220.006700535
0,44.0669753021,44.0669753021,219.868736268
0,43.9544647238,43.9544647238,218.253676619
0,43.8349120336,43.8349120336,218.714091833
0,43.5770750938,43.5770750938,218.286620442
0,43.0954048465,43.0954048465,218.107603514
0,43.0714080138,43.0714080138,219.535382741
0,43.01283237,43.01283237,217.177440282
0,43.337252824,43.337252824,217.483860969
0,42.9381656201,42.9381656201,218.708320754
0,42.5187109492,42.5187109492,218.074987781
0,42.9233144531,42.9233144531,217.17652161
0,42.9272375877,42.9272375877,218.35329606
0,42.5326324182,42.5326324182,217.210577739
0,42.0961854558,42.0961854558,217.762613678
0,41.7856746041,41.7856746041,217.81411205
0,41.8404560366,41.8404560366,218.998829694
0,41.5988132658,41.5988132658,216.756712795
0,41.6799215876,41.6799215876,218.313859886
0,41.9708228331,41.9708228331,217.400809492
0,45.5501279953,45.5501279953,217.666145019
0,42.8926293394,42.8926293394,217.120942705
0,43.3141799063,43.3141799063,219.881521572
0,42.0163627395,42.0163627395,216.73616402
0,41.3885568182,41.3885568182,215.492312739
0,42.0179354837,42.0179354837,216.171359825
0,41.5124054831,41.5124054831,217.578929463
0,41.878353012,41.878353012,216.504385686
0,40.1912914708,40.1912914708,216.092064515
0,39.7746728453,39.7746728453,216.927585552
0,39.4435209112,39.4435209112,217.668276529
0,38.7284290602,38.7284290602,216.629940348
0,39.0544478263,39.0544478263,216.815645665
0,40.2253927219,40.2253927219,218.056566153
0,39.0418174086,39.0418174086,215.530690224
0,38.4081491281,38.4081491281,216.229346619
0,38.2437555493,38.2437555493,215.154697575
0,37.7188506412,37.7188506412,216.285825567
0,37.5907793883,37.5907793883,216.406570789
0,39.4403382879,39.4403382879,215.346859284
0,37.1252599718,37.1252599718,216.787997126
0,37.2068782747,37.2068782747,215.129174566
0,36.0796978788,36.0796978788,215.345827845
0,35.8992517021,35.8992517021,214.396502079
0,35.6564455975,35.6564455975,216.470724303
0,35.1938675901,35.1938675901,215.78366832
0,35.1054093092,35.1054093092,216.044010119
0,35.9633925097,35.9633925097,214.858330603
0,35.3338850297,35.3338850297,215.931878049
0,35.0088787762,35.0088787762,216.125716075
0,34.4426439142,34.4426439142,214.699792652
0,34.301992418,34.301992418,215.582249799
0,34.1788610741,34.1788610741,215.282336145
0,33.9854465566,33.9854465566,213.709478927
0,33.5561035676,33.5561035676,214.190368601
0,33.6919858934,33.6919858934,215.419282281
0,33.7191112811,33.7191112811,213.930944833
0,33.5809549294,33.5809549294,213.748853282
0,35.8880033552,35.8880033552,215.507354253
0,33.6394097478,33.6394097478,214.721942445
0,34.0022548432,34.0022548432,214.457415713
0,33.4746571049,33.4746571049,213.474264357
0,33.2493074878,33.2493074878,215.72149817
0,33.6533423677,33.6533423677,214.890643873
0,33.2434864859,33.2434864859,213.870817268
0,33.3375798032,33.3375798032,215.198873738
0,33.47822693,33.47822693,214.495622064
0,33.4074344366,33.4074344366,212.119313237
0,34.002208319,34.002208319,213.544016591
0,33.058160643,33.058160643,213.583811049
0,32.4721494429,32.4721494429,212.71813249
0,32.1794012229,32.1794012229,213.13738446
0,32.2805231367,32.2805231367,212.906366695
0,32.3312772426,32.3312772426,213.613785831
0,32.0785710863,32.0785710863,214.070594142
0,32.1724898326,32.1724898326,213.01202231
0,31.8643341725,31.8643341725,214.164852708
0,31.7925139642,31.7925139642,214.205667965
0,31.850078267,31.850078267,216.317277601
0,31.4892120459,31.4892120459,215.201391648
0,31.484815607,31.484815607,214.843620873
0,31.6251484856,31.6251484856,215.160206234
0,31.3373613981,31.3373613981,215.049112236
0,31.3320377086,31.3320377086,215.021446108
0,31.3751364814,31.3751364814,215.241406183
0,31.0683654781,31.0683654781,215.079236114
0,30.7864535602,30.7864535602,215.410035386
0,30.6638170659,30.6638170659,214.053249457
0,30.7959610334,30.7959610334,214.44319628
0,30.9446704826,30.9446704826,214.656779292
0,30.889891915,30.889891915,214.634221511
0,30.7392874191,30.7392874191,214.166220262
0,30.8496981939,30.8496981939,214.972235994
0,30.7008660651,30.7008660651,214.449402485
0,30.5815386488,30.5815386488,213.188833176
0,30.4476521859,30.4476521859,213.950549269
0,30.8142478087,30.8142478087,213.495032956
0,30.5113139575,30.5113139575,213.117030732
0,30.3019435418,30.3019435418,213.984626105
0,30.1559896433,30.1559896433,213.383429008
0,30.2410817946,30.2410817946,214.868137363
0,29.9328609137,29.9328609137,214.285922836
0,29.8412048241,29.8412048241,213.721939596
0,30.1321010733,30.1321010733,214.420755706
0,30.0987859397,30.0987859397,213.519549698
0,29.8834768403,29.8834768403,214.143702226
0,29.8470740655,29.8470740655,214.992521168
0,29.9094492331,29.9094492331,213.890434986
0,30.0639020486,30.0639020486,214.201226951
0,29.8458756015,29.8458756015,215.139220223
0,29.5688030308,29.5688030308,214.461986179
0,29.5765743104,29.5765743104,213.781580847
0,29.7580637551,29.7580637551,214.130457333
0,29.9855087044,29.9855087044,213.555493853
0,29.7557810901,29.7557810901,214.524575379
0,29.4818555374,29.4818555374,213.930081099
0,29.5405948917,29.5405948917,213.998219578
0,29.7354634501,29.7354634501,213.995591901
0,29.8794862263,29.8794862263,214.089433687
0,29.9060945262,29.9060945262,214.088979049
0,29.4107270287,29.4107270287,213.205181358
0,29.3694872119,29.3694872119,214.158841155
0,29.1681600923,29.1681600923,213.993010694
0,29.216829202,29.216829202,213.565892587
0,29.3136416324,29.3136416324,213.259742029
0,29.1714530318,29.1714530318,213.604418626
0,29.1314734919,29.1314734919,212.52721132
0,28.8613282351,28.8613282351,213.967601915
0,29.0577325649,29.0577325649,213.764964973
0,28.9556693674,28.9556693674,213.383480879
0,29.1202158883,29.1202158883,212.872209645
0,29.401057232,29.401057232,213.481407734
0,28.8606198209,28.8606198209,213.061843764
0,28.8957463455,28.8957463455,214.090826367
0,28.6373495256,28.6373495256,213.872231075
0,28.7413078447,28.7413078447,213.719665602
0,28.8325175038,28.8325175038,212.722696029
0,28.4528098926,28.4528098926,212.982140072
0,28.8742844805,28.8742844805,214.085575678
0,28.9152579446,28.9152579446,213.244214363
0,28.819843574,28.819843574,213.329638483
0,28.8188310663,28.8188310663,212.755611972
0,28.737009148,28.737009148,212.387357652
0,29.1162649501,29.1162649501,213.490634887
0,62.1550154443,62.1550154443,217.041809286
0,71.1331046163,71.1331046163,259.375854673
0,69.1992495614,69.1992495614,254.004770947
0,69.2001538927,69.2001538927,277.343401796
0,68.2415787787,68.2415787787,292.087837209
0,66.9992318508,66.9992318508,247.793239039
0,66.1116406432,66.1116406432,254.509411999
0,65.4567003211,65.4567003211,288.545830373
0,68.4024396833,68.4024396833,282.791081589
0,72.4555334295,72.4555334295,286.108583318
0,69.5317799757,69.5317799757,305.340061644
0,69.4542996111,69.4542996111,312.49433833
0,69.4524062052,69.4524062052,308.379011757
0,69.3669899541,69.3669899541,307.547018765
0,69.3452276015,69.3452276015,307.737889186
0,69.3613737365,69.3613737365,307.77969877
0,69.3603563856,69.3603563856,307.788534452
0,69.3469664391,69.3469664391,307.790465672
0,69.3421922118,69.3421922118,307.790884484
0,69.3020968765,69.3020968765,307.790974764
0,69.2769130285,69.2769130285,307.79101006
0,69.2702047028,69.2702047028,307.791008086
0,69.2844456357,69.2844456357,307.791008234
0,69.288818775,69.288818775,307.791008135
0,69.272536926,69.272536926,307.791008135
0,69.2383974652,69.2383974652,307.791008135
0,69.2193262477,69.2193262477,307.791008135
0,69.211549676,69.211549676,307.791008135
0,69.248143704,69.248143704,307.791008135
0,69.2328675752,69.2328675752,307.791008135
0,69.258172344,69.258172344,307.791008135
0,69.2450904987,69.2450904987,307.791008135
0,69.2530366653,69.2530366653,307.791008135
0,69.2091810515,69.2091810515,307.791008135
0,69.1953518643,69.1953518643,307.791008135
0,69.2024456977,69.2024456977,307.791008135
0,69.2017848373,69.2017848373,307.791008135
0,69.2258317338,69.2258317338,307.791008135
0,69.2076441022,69.2076441022,307.791008135
0,69.2060198761,69.2060198761,307.791008135
0,69.2004998256,69.2004998256,307.791008135
0,69.1623549688,69.1623549688,307.791008135
0,69.1862411434,69.1862411434,307.791008135
0,69.1602078091,69.1602078091,307.791008135
0,69.1722204351,69.1722204351,307.791008135
0,69.1803104524,69.1803104524,307.791008135
0,69.1950989206,69.1950989206,307.791008135
0,69.1842573783,69.1842573783,307.791008135
0,69.1862871942,69.1862871942,307.791008135
0,69.167493946,69.167493946,307.791008135
0,69.1302451155,69.1302451155,307.791008135
0,69.1546737383,69.1546737383,307.791008135
0,69.1594619781,69.1594619781,307.791008135
0,69.1697436239,69.1697436239,307.791008135
0,69.1628924599,69.1628924599,307.791008135
0,69.1727094107,69.1727094107,307.791008135
0,69.1292567317,69.1292567317,307.791008135
0,69.1211907322,69.1211907322,307.791008135
0,69.1398333973,69.1398333973,307.791008135
0,69.143749671,69.143749671,307.791008135
0,69.1463445985,69.1463445985,307.791008135
0,69.163084765,69.163084765,307.791008135
0,69.1468229925,69.1468229925,307.791008135
0,69.1436205134,69.1436205134,307.791008135
0,69.0896491264,69.0896491264,307.791008135
0,69.1119303826,69.1119303826,307.791008135
0,69.144695076,69.144695076,307.791008135
0,69.1297160034,69.1297160034,307.791008135
0,69.1458648567,69.1458648567,307.791008135
0,69.1309715385,69.1309715385,307.791008135
0,69.1467635106,69.1467635106,307.791008135
0,69.1074805663,69.1074805663,307.791008135
0,69.0983588708,69.0983588708,307.791008135
0,69.1101261941,69.1101261941,307.791008135
0,69.133937205,69.133937205,307.791008135
0,69.1300517462,69.1300517462,307.791008135
0,69.1325135134,69.1325135134,307.791008135
0,69.1231007223,69.1231007223,307.791008135
0,69.100739416,69.100739416,307.791008135
0,69.0879501538,69.0879501538,307.791008135
0,69.1067538417,69.1067538417,307.791008135
0,69.0960482609,69.0960482609,307.791008135
0,69.1084090281,69.1084090281,307.791008135
0,69.1287157506,69.1287157506,307.791008135
0,69.1174688149,69.1174688149,307.791008135
0,69.1197972348,69.1197972348,307.791008135
0,69.1090649979,69.1090649979,307.791008135
0,69.0832253508,69.0832253508,307.791008135
0,69.0939121692,69.0939121692,307.791008135
0,69.0873322465,69.0873322465,307.791008135
0,69.1130006452,69.1130006452,307.791008135
0,69.0967411689,69.0967411689,307.791008135
0,69.1198543677,69.1198543677,307.791008135
0,69.100039696,69.100039696,307.791008135
0,69.1221939562,69.1221939562,307.791008135
0,69.0861507373,69.0861507373,307.791008135
0,69.083261062,69.083261062,307.791008135
0,69.098205136,69.098205136,307.791008135
0,69.0773839693,69.0773839693,307.791008135
0,69.0788118837,69.0788118837,307.791008135
0,69.1053759396,69.1053759396,307.791008135
0,69.081269207,69.081269207,307.791008135
0,69.0966737765,69.0966737765,307.791008135
0,69.0855942226,69.0855942226,307.791008135
0,69.0463466162,69.0463466162,307.791008135
0,69.0794227267,69.0794227267,307.791008135
0,69.0767846742,69.0767846742,307.791008135
0,69.0780020283,69.0780020283,307.791008135
0,69.106113139,69.106113139,307.791008135
0,69.0941148491,69.0941148491,307.791008135
0,69.1045795974,69.1045795974,307.791008135
0,69.097493919,69.097493919,307.791008135
0,69.0783214443,69.0783214443,307.791008135
0,69.0639447415,69.0639447415,307.791008135
0,69.0926660513,69.0926660513,307.791008135
0,69.0679446377,69.0679446377,307.791008135
0,69.092993554,69.092993554,307.791008135
0,69.090894984,69.090894984,307.791008135
0,69.0746825347,69.0746825347,307.791008135
0,69.0965645515,69.0965645515,307.791008135
0,69.0725003648,69.0725003648,307.791008135
0,69.0541395457,69.0541395457,307.791008135
0,69.0774522205,69.0774522205,307.791008135
0,69.0529127134,69.0529127134,307.791008135
0,69.0769507341,69.0769507341,307.791008135
0,69.0661052995,69.0661052995,307.791008135
0,69.0701566281,69.0701566281,307.791008135
0,69.0772801864,69.0772801864,307.791008135
0,69.0770788166,69.0770788166,307.791008135
0,69.0868460363,69.0868460363,307.791008135
0,69.0541272088,69.0541272088,307.791008135
0,69.0633761047,69.0633761047,307.791008135
0,69.0706673357,69.0706673357,307.791008135
0,69.047494328,69.047494328,307.791008135
0,69.0829825529,69.0829825529,307.791008135
0,69.0843591842,69.0843591842,307.791008135
0,69.057083034,69.057083034,307.791008135
0,69.0920965207,69.0920965207,307.791008135
0,69.0632506073,69.0632506073,307.791008135
0,69.0510582269,69.0510582269,307.791008135
0,69.072565815,69.072565815,307.791008135
0,69.062206921,69.062206921,307.791008135
0,69.0364927733,69.0364927733,307.791008135
0,69.0673045642,69.0673045642,307.791008135
0,69.0658983254,69.0658983254,307.791008135
0,69.0635051052,69.0635051052,307.791008135
0,69.0816372708,69.0816372708,307.791008135
0,69.0776219716,69.0776219716,307.791008135
0,69.0484152449,69.0484152449,307.791008135
0,69.0475931583,69.0475931583,307.791008135
0,69.0627775849,69.0627775849,307.791008135
0,69.0386018656,69.0386018656,307.791008135
0,69.0650970844,69.0650970844,307.791008135
0,69.0664865418,69.0664865418,307.791008135
0,69.0637542959,69.0637542959,307.791008135
0,69.0715161153,69.0715161153,307.791008135
0,69.0519870036,69.0519870036,307.791008135
0,69.0477532472,69.0477532472,307.791008135
0,69.0418150187,69.0418150187,307.791008135
0,69.0395346316,69.0395346316,307.791008135
0,69.0420167612,69.0420167612,307.791008135
0,69.0535302481,69.0535302481,307.791008135
0,69.0677600662,69.0677600662,307.791008135
0,69.0654621792,69.0654621792,307.791008135
0,69.0470707938,69.0470707938,307.791008135
0,69.069445408,69.069445408,307.791008135
0,69.0327251107,69.0327251107,307.791008135
0,69.0393554437,69.0393554437,307.791008135
0,69.0529948157,69.0529948157,307.791008135
0,69.0510533436,69.0510533436,307.791008135
0,69.0584199744,69.0584199744,307.791008135
0,69.0601805982,69.0601805982,307.791008135
0,69.058592004,69.058592004,307.791008135
0,69.0346816281,69.0346816281,307.791008135
0,69.0396516624,69.0396516624,307.791008135
0,69.0305222198,69.0305222198,307.791008135
0,69.049227245,69.049227245,307.791008135
0,69.0366583381,69.0366583381,307.791008135
0,69.0584162785,69.0584162785,307.791008135
0,69.0547252282,69.0547252282,307.791008135
0,69.0655151022,69.0655151022,307.791008135
0,69.0452492002,69.0452492002,307.791008135
0,69.0391342096,69.0391342096,307.791008135
0,69.0260590506,69.0260590506,307.791008135
0,69.0300737232,69.0300737232,307.791008135
0,69.0520631071,69.0520631071,307.791008135
0,69.0525466017,69.0525466017,307.791008135
0,69.0503545695,69.0503545695,307.791008135
0,69.0524733303,69.0524733303,307.791008135
0,69.0492978576,69.0492978576,307.791008135
0,69.0356184137,69.0356184137,307.791008135
0,69.0351449108,69.0351449108,307.791008135
0,69.0272924914,69.0272924914,307.791008135
0,69.0296473268,69.0296473268,307.791008135
0,69.0368209158,69.0368209158,307.791008135
0,69.0611096649,69.0611096649,307.791008135
0,69.0469170894,69.0469170894,307.791008135
0,69.0507793997,69.0507793997,307.791008135
0,69.0539456475,69.0539456475,307.791008135
0,69.0272873031,69.0272873031,307.791008135
0,69.0356424231,69.0356424231,307.791008135
0,69.0309922657,69.0309922657,307.791008135
0,69.0439690566,69.0439690566,307.791008135
0,69.0475124848,69.0475124848,307.791008135
0,69.0454708062,69.0454708062,307.791008135
0,69.0417592172,69.0417592172,307.791008135
0,69.0544984977,69.0544984977,307.791008135
0,69.0050874716,69.0050874716,307.791008135
0,69.0313914532,69.0313914532,307.791008135
0,69.0148231223,69.0148231223,307.791008135
0,69.0291439697,69.0291439697,307.791008135
0,69.0255232249,69.0255232249,307.791008135
0,69.0411772654,69.0411772654,307.791008135
0,69.0414104077,69.0414104077,307.791008135
0,69.0495101808,69.0495101808,307.791008135
0,69.03569757,69.03569757,307.791008135
0,69.0327634257,69.0327634257,307.791008135
0,69.0186966422,69.0186966422,307.791008135
0,69.0313337114,69.0313337114,307.791008135
0,69.0162916139,69.0162916139,307.791008135
0,69.0211158783,69.0211158783,307.791008135
0,69.0176066731,69.0176066731,307.791008135
0,69.0450864655,69.0450864655,307.791008135
0,69.041099977,69.041099977,307.791008135
0,69.0370198665,69.0370198665,307.791008135
0,69.0440855065,69.0440855065,307.791008135
0,69.0497871045,69.0497871045,307.791008135
0,69.0170393804,69.0170393804,307.791008135
0,69.0134771443,69.0134771443,307.791008135
0,69.0207997834,69.0207997834,307.791008135
0,69.0337205552,69.0337205552,307.791008135
0,69.0228870328,69.0228870328,307.791008135
0,69.0328478418,69.0328478418,307.791008135
0,69.0303272977,69.0303272977,307.791008135
0,69.0470040864,69.0470040864,307.791008135
0,69.0394440275,69.0394440275,307.791008135
0,69.0047079803,69.0047079803,307.791008135
0,69.0111249879,69.0111249879,307.791008135
0,69.0344779305,69.0344779305,307.791008135
0,69.0050039674,69.0050039674,307.791008135
0,69.03937311,69.03937311,307.791008135
0,69.0270033429,69.0270033429,307.791008135
0,69.0330846429,69.0330846429,307.791008135
0,69.0098550853,69.0098550853,307.791008135
0,69.0084533327,69.0084533327,307.791008135
0,69.0088589179,69.0088589179,307.791008135
0,69.0166496444,69.0166496444,307.791008135
0,69.0349838697,69.0349838697,307.791008135
0,69.0243287999,69.0243287999,307.791008135
0,69.041810184,69.041810184,307.791008135
0,69.0147120545,69.0147120545,307.791008135
0,69.0128702474,69.0128702474,307.791008135
0,69.0126964672,69.0126964672,307.791008135
0,69.032720055,69.032720055,307.791008135
0,69.0208507981,69.0208507981,307.791008135
0,69.0125662811,69.0125662811,307.791008135
0,69.0199694579,69.0199694579,307.791008135
0,69.0232864225,69.0232864225,307.791008135
0,69.0389563852,69.0389563852,307.791008135
0,69.0239808413,69.0239808413,307.791008135
0,69.0125117575,69.0125117575,307.791008135
0,69.0094727463,69.0094727463,307.791008135
0,69.0176622776,69.0176622776,307.791008135
0,68.9997256111,68.9997256111,307.791008135
0,69.0222161578,69.0222161578,307.791008135
0,69.0009374565,69.0009374565,307.791008135
0,69.0287718968,69.0287718968,307.791008135
0,69.0261033245,69.0261033245,307.791008135
0,69.0253459547,69.0253459547,307.791008135
0,69.0155240352,69.0155240352,307.791008135
0,69.0422774628,69.0422774628,307.791008135
0,68.9797225412,68.9797225412,307.791008135
0,69.0166542692,69.0166542692,307.791008135
0,69.0015535723,69.0015535723,307.791008135
0,69.0152860279,69.0152860279,307.791008135
0,69.0190092048,69.0190092048,307.791008135
0,69.0138171328,69.0138171328,307.791008135
0,69.0311205343,69.0311205343,307.791008135
0,69.0176063066,69.0176063066,307.791008135
0,69.0281618076,69.0281618076,307.791008135
0,69.00491382,69.00491382,307.791008135
0,69.0016155701,69.0016155701,307.791008135
0,69.0068747463,69.0068747463,307.791008135
0,69.0116084005,69.0116084005,307.791008135
0,69.0041032702,69.0041032702,307.791008135
0,69.016281987,69.016281987,307.791008135
0,69.0244518127,69.0244518127,307.791008135
0,69.0119899503,69.0119899503,307.791008135
0,69.0306071453,69.0306071453,307.791008135
0,69.0098657796,69.0098657796,307.791008135
0,68.9860853931,68.9860853931,307.791008135
0,68.9961184584,68.9961184584,307.791008135
0,69.0062434961,69.0062434961,307.791008135
0,69.0025488652,69.0025488652,307.791008135
0,68.9991509308,68.9991509308,307.791008135
0,69.0068210925,69.0068210925,307.791008135
0,69.0026592539,69.0026592539,307.791008135
0,69.0261207814,69.0261207814,307.791008135
0,69.0092257584,69.0092257584,307.791008135
0,69.005877112,69.005877112,307.791008135
0,69.0131954287,69.0131954287,307.791008135
0,68.9866190171,68.9866190171,307.791008135
0,69.011181202,69.011181202,307.791008135
0,68.9986637761,68.9986637761,307.791008135
0,68.9934691922,68.9934691922,307.791008135
0,69.0037711529,69.0037711529,307.791008135
0,69.0127795388,69.0127795388,307.791008135
0,69.0144860013,69.0144860013,307.791008135
0,69.0127530307,69.0127530307,307.791008135
0,68.9995835724,68.9995835724,307.791008135
0,68.9950460768,68.9950460768,307.791008135
0,68.9880728325,68.9880728325,307.791008135
0,69.0166139603,69.0166139603,307.791008135
0,68.9902433561,68.9902433561,307.791008135
0,69.0036176765,69.0036176765,307.791008135
0,68.9898633382,68.9898633382,307.791008135
0,69.0155303853,69.0155303853,307.791008135
0,69.016235633,69.016235633,307.791008135
0,69.0137760843,69.0137760843,307.791008135
0,69.0206390728,69.0206390728,307.791008135
0,68.973552976,68.973552976,307.791008135
0,68.9962276383,68.9962276383,307.791008135
0,68.9698405881,68.9698405881,307.791008135
0,68.9988415139,68.9988415139,307.791008135
0,68.9837152895,68.9837152895,307.791008135
0,69.0069469034,69.0069469034,307.791008135
0,69.0138557452,69.0138557452,307.791008135
0,69.0019434856,69.0019434856,307.791008135
0,69.0105732461,69.0105732461,307.791008135
0,68.984855799,68.984855799,307.791008135
0,68.9900401244,68.9900401244,307.791008135
0,68.9821914182,68.9821914182,307.791008135
0,69.0003025112,69.0003025112,307.791008135
0,68.9884812062,68.9884812062,307.791008135
0,69.0066800286,69.0066800286,307.791008135
0,69.0080882266,69.0080882266,307.791008135
0,68.9964558507,68.9964558507,307.791008135
0,69.0130769286,69.0130769286,307.791008135
0,69.0015524703,69.0015524703,307.791008135
0,68.9810524899,68.9810524899,307.791008135
0,68.9907899563,68.9907899563,307.791008135
0,68.9950494832,68.9950494832,307.791008135
0,68.9769909968,68.9769909968,307.791008135
0,68.9879340936,68.9879340936,307.791008135
0,69.0006335967,69.0006335967,307.791008135
0,69.0033010577,69.0033010577,307.791008135
0,69.0052961471,69.0052961471,307.791008135
0,69.0037650905,69.0037650905,307.791008135
0,68.9995241344,68.9995241344,307.791008135
0,69.0106665159,69.0106665159,307.791008135
0,68.9757709938,68.9757709938,307.791008135
0,68.9880282294,68.9880282294,307.791008135
0,68.9769538822,68.9769538822,307.791008135
0,68.9966777839,68.9966777839,307.791008135
0,68.9908026271,68.9908026271,307.791008135
0,69.0075280603,69.0075280603,307.791008135
0,69.0014344546,69.0014344546,307.791008135
0,69.0046250054,69.0046250054,307.791008135
0,68.9856513235,68.9856513235,307.791008135
0,68.9788065528,68.9788065528,307.791008135
0,68.9859790942,68.9859790942,307.791008135
0,68.9914201137,68.9914201137,307.791008135
0,68.9834795338,68.9834795338,307.791008135
0,68.9895179528,68.9895179528,307.791008135
0,68.9933872296,68.9933872296,307.791008135
0,68.994253709,68.994253709,307.791008135
0,69.0057961263,69.0057961263,307.791008135
0,68.9895299879,68.9895299879,307.791008135
0,68.977435918,68.977435918,307.791008135
0,68.9760710928,68.9760710928,307.791008135
0,68.9995479996,68.9995479996,307.791008135
0,68.9765187103,68.9765187103,307.791008135
0,68.9860574265,68.9860574265,307.791008135
0,68.9885778127,68.9885778127,307.791008135
0,68.9961208731,68.9961208731,307.791008135
0,68.9963502918,68.9963502918,307.791008135
0,68.9743957653,68.9743957653,307.791008135
0,68.9858032902,68.9858032902,307.791008135
0,68.9776179993,68.9776179993,307.791008135
0,68.9677192666,68.9677192666,307.791008135
0,68.9822322422,68.9822322422,307.791008135
0,68.987234708,68.987234708,307.791008135
0,68.9997163854,68.9997163854,307.791008135
0,68.9885086223,68.9885086223,307.791008135
0,69.0033795335,69.0033795335,307.791008135
0,68.9992806197,68.9992806197,307.791008135
0,68.9841531542,68.9841531542,307.791008135
0,68.9650735605,68.9650735605,307.791008135
0,68.9741976062,68.9741976062,307.791008135
0,68.9761754717,68.9761754717,307.791008135
0,68.999733684,68.999733684,307.791008135
0,68.9812669444,68.9812669444,307.791008135
0,68.9959145191,68.9959145191,307.791008135
0,68.983499562,68.983499562,307.791008135
0,68.9977953484,68.9977953484,307.791008135
0,68.9658913171,68.9658913171,307.791008135
0,68.9624942903,68.9624942903,307.791008135
0,68.9873372205,68.9873372205,307.791008135
0,68.9832900857,68.9832900857,307.791008135
0,68.9771840455,68.9771840455,307.791008135
0,69.0002571508,69.0002571508,307.791008135
0,68.9816007313,68.9816007313,307.791008135
0,68.9910050104,68.9910050104,307.791008135
0,68.9758364741,68.9758364741,307.791008135
0,68.9764938545,68.9764938545,307.791008135
0,68.9752743273,68.9752743273,307.791008135
0,68.9739819579,68.9739819579,307.791008135
0,68.9818459939,68.9818459939,307.791008135
0,68.971091951,68.971091951,307.791008135
0,68.9898455654,68.9898455654,307.791008135
0,68.9730463423,68.9730463423,307.791008135
0,68.9585670042,68.9585670042,307.791008135
0,68.9670281897,68.9670281897,307.791008135
0,68.9963972789,68.9963972789,307.791008135
0,68.9661339705,68.9661339705,307.791008135
0,68.9660851909,68.9660851909,307.791008135
0,68.9767164347,68.9767164347,307.791008135
0,68.9977616062,68.9977616062,307.791008135
0,68.9766188776,68.9766188776,307.791008135
0,68.9935296087,68.9935296087,307.791008135
0,68.9608264748,68.9608264748,307.791008135
0,69.0090066804,69.0090066804,307.791008135
0,68.958251123,68.958251123,307.791008135
0,68.9622204392,68.9622204392,307.791008135
0,68.9636349458,68.9636349458,307.791008135
0,68.9744651125,68.9744651125,307.791008135
0,68.969634042,68.969634042,307.791008135
0,68.9747648207,68.9747648207,307.791008135
0,68.9775923258,68.9775923258,307.791008135
0,68.9894097351,68.9894097351,307.791008135
0,68.9658790042,68.9658790042,307.791008135
0,68.9800877246,68.9800877246,307.791008135
0,68.96559398,68.96559398,307.791008135
0,68.9645257725,68.9645257725,307.791008135
0,68.9653283559,68.9653283559,307.791008135
0,68.9663829845,68.9663829845,307.791008135
0,68.9784939951,68.9784939951,307.791008135
0,68.9789047955,68.9789047955,307.791008135
0,68.9952865287,68.9952865287,307.791008135
0,68.9692916298,68.9692916298,307.791008135
0,68.9833847609,68.9833847609,307.791008135
0,68.9911024661,68.9911024661,307.791008135
0,68.9475892829,68.9475892829,307.791008135
0,68.9729781337,68.9729781337,307.791008135
0,68.9499385624,68.9499385624,307.791008135
0,68.9828589141,68.9828589141,307.791008135
0,68.9553852648,68.9553852648,307.791008135
0,68.9778959575,68.9778959575,307.791008135
0,68.9859199735,68.9859199735,307.791008135
0,68.966929339,68.966929339,307.791008135
0,68.9840840496,68.9840840496,307.791008135
0,68.9482047726,68.9482047726,307.791008135
0,68.9663804716,68.9663804716,307.791008135
0,68.9841026049,68.9841026049,307.791008135
0,68.9599619374,68.9599619374,307.791008135
0,68.9673439971,68.9673439971,307.791008135
0,68.9584377328,68.9584377328,307.791008135
0,68.9792499413,68.9792499413,307.791008135
0,68.9739361488,68.9739361488,307.791008135
0,68.9560099312,68.9560099312,307.791008135
0,68.9712152224,68.9712152224,307.791008135
0,68.9743548934,68.9743548934,307.791008135
0,68.9586654638,68.9586654638,307.791008135
0,68.9718088945,68.9718088945,307.791008135
0,68.9610194054,68.9610194054,307.791008135
0,68.9873471223,68.9873471223,307.791008135
0,68.9729148244,68.9729148244,307.791008135
0,68.9497498641,68.9497498641,307.791008135
0,69.0212552348,69.0212552348,307.791008135
0,68.9510499194,68.9510499194,307.791008135
0,68.986324004,68.986324004,307.791008135
0,68.9605582516,68.9605582516,307.791008135
0,68.9550016567,68.9550016567,307.791008135
0,68.9852224324,68.9852224324,307.791008135
0,68.965376522,68.965376522,307.791008135
0,68.9790912233,68.9790912233,307.791008135
0,68.9634017762,68.9634017762,307.791008135
0,68.9618153089,68.9618153089,307.791008135
0,68.9623332802,68.9623332802,307.791008135
0,68.9692544835,68.9692544835,307.791008135
0,68.9598254111,68.9598254111,307.791008135
0,68.9658740551,68.9658740551,307.791008135
0,68.9713044813,68.9713044813,307.791008135
0,68.9748305496,68.9748305496,307.791008135
0,68.9784547722,68.9784547722,307.791008135
0,68.9682460618,68.9682460618,307.791008135
0,68.9795160805,68.9795160805,307.791008135
0,68.9590181634,68.9590181634,307.791008135
0,68.972324221,68.972324221,307.791008135
0,68.9552545747,68.9552545747,307.791008135
0,68.9920717403,68.9920717403,307.791008135
0,68.9631386268,68.9631386268,307.791008135
0,68.9747525811,68.9747525811,307.791008135
0,68.9653979206,68.9653979206,307.791008135
0,68.964558495,68.964558495,307.791008135
0,68.9393616613,68.9393616613,307.791008135
0,68.9976868038,68.9976868038,307.791008135
0,68.9531515675,68.9531515675,307.791008135
0,68.9803761778,68.9803761778,307.791008135
0,68.9616424056,68.9616424056,307.791008135
0,68.9733281449,68.9733281449,307.791008135
0,68.9634274537,68.9634274537,307.791008135
0,68.9708320656,68.9708320656,307.791008135
0,68.9460658324,68.9460658324,307.791008135
0,68.970675008,68.970675008,307.791008135
0,68.9411825476,68.9411825476,307.791008135
0,68.9588216181,68.9588216181,307.791008135
0,68.962364458,68.962364458,307.791008135
0,68.9495969885,68.9495969885,307.791008135
0,68.9842795242,68.9842795242,307.791008135
0,68.9541844035,68.9541844035,307.791008135
0,68.9731683958,68.9731683958,307.791008135
0,68.9418432079,68.9418432079,307.791008135
0,68.9520439989,68.9520439989,307.791008135
0,68.987298245,68.987298245,307.791008135
0,68.969664983,68.969664983,307.791008135
0,68.9676229521,68.9676229521,307.791008135
0,68.959297825,68.959297825,307.791008135
0,68.9296734895,68.9296734895,307.791008135
0,68.9590452145,68.9590452145,307.791008135
0,68.9449217462,68.9449217462,307.791008135
0,68.9698541548,68.9698541548,307.791008135
0,68.9515140272,68.9515140272,307.791008135
0,68.9857631533,68.9857631533,307.791008135
0,68.9675310278,68.9675310278,307.791008135
0,68.998028232,68.998028232,307.791008135
0,68.9582077576,68.9582077576,307.791008135
0,68.9598158219,68.9598158219,307.791008135
0,68.9723108492,68.9723108492,307.791008135
0,68.9473871483,68.9473871483,307.791008135
0,68.9382501391,68.9382501391,307.791008135
0,68.9460508953,68.9460508953,307.791008135
0,68.945053083,68.945053083,307.791008135
0,68.9659883861,68.9659883861,307.791008135
0,68.9510608056,68.9510608056,307.791008135
0,68.9636576582,68.9636576582,307.791008135
0,68.9491072415,68.9491072415,307.791008135
0,68.9626284776,68.9626284776,307.791008135
0,68.9218601708,68.9218601708,307.791008135
0,68.9579516051,68.9579516051,307.791008135
0,68.9361475761,68.9361475761,307.791008135
0,68.9742294613,68.9742294613,307.791008135
0,68.9506171617,68.9506171617,307.791008135
0,68.9359446363,68.9359446363,307.791008135
0,68.9332411973,68.9332411973,307.791008135
0,68.9452720527,68.9452720527,307.791008135
0,68.9910166781,68.9910166781,307.791008135
0,68.9568837303,68.9568837303,307.791008135
0,68.9493689572,68.9493689572,307.791008135
0,68.9529688297,68.9529688297,307.791008135
0,68.9530970833,68.9530970833,307.791008135
0,68.9582925854,68.9582925854,307.791008135
0,68.9392524209,68.9392524209,307.791008135
0,68.9878979623,68.9878979623,307.791008135
0,68.969734373,68.969734373,307.791008135
0,68.9588193159,68.9588193159,307.791008135
0,68.9448544347,68.9448544347,307.791008135
0,68.9622389059,68.9622389059,307.791008135
0,68.9503057383,68.9503057383,307.791008135
0,68.9767273721,68.9767273721,307.791008135
0,68.9696881531,68.9696881531,307.791008135
0,68.9555991448,68.9555991448,307.791008135
0,68.9618316394,68.9618316394,307.791008135
0,68.9480657644,68.9480657644,307.791008135
0,68.9568523708,68.9568523708,307.791008135
0,68.9700985305,68.9700985305,307.791008135
0,68.955935549,68.955935549,307.791008135
0,68.9364218311,68.9364218311,307.791008135
0,68.9561101119,68.9561101119,307.791008135
0,68.9471684273,68.9471684273,307.791008135
0,68.9702468443,68.9702468443,307.791008135
0,68.9466035328,68.9466035328,307.791008135
0,68.9611771349,68.9611771349,307.791008135
0,68.9128792756,68.9128792756,307.791008135
0,68.9505225429,68.9505225429,307.791008135
0,68.9206461278,68.9206461278,307.791008135
0,68.9869851813,68.9869851813,307.791008135
0,68.9575534079,68.9575534079,307.791008135
0,68.9573688567,68.9573688567,307.791008135
0,68.9479410444,68.9479410444,307.791008135
0,68.952344569,68.952344569,307.791008135
0,68.9481515052,68.9481515052,307.791008135
0,68.9445019075,68.9445019075,307.791008135
0,68.9612241966,68.9612241966,307.791008135
0,68.9665854184,68.9665854184,307.791008135
0,68.9313933034,68.9313933034,307.791008135
0,68.972462487,68.972462487,307.791008135
0,68.929384546,68.929384546,307.791008135
0,68.9640378461,68.9640378461,307.791008135
0,68.9218973634,68.9218973634,307.791008135
0,68.9708081914,68.9708081914,307.791008135
0,68.9461232939,68.9461232939,307.791008135
0,68.9530712334,68.9530712334,307.791008135
0,68.9331231395,68.9331231395,307.791008135
0,68.9386008914,68.9386008914,307.791008135
0,68.9436004978,68.9436004978,307.791008135
0,68.9382203211,68.9382203211,307.791008135
0,68.9598722987,68.9598722987,307.791008135
0,68.9515191659,68.9515191659,307.791008135
0,68.9492602692,68.9492602692,307.791008135
0,68.9388980425,68.9388980425,307.791008135
0,68.9465115147,68.9465115147,307.791008135
0,68.9337077179,68.9337077179,307.791008135
0,68.9780125536,68.9780125536,307.791008135
0,68.9312270396,68.9312270396,307.791008135
0,68.9489950696,68.9489950696,307.791008135
0,68.9657169721,68.9657169721,307.791008135
0,68.9772644345,68.9772644345,307.791008135
0,68.9310906694,68.9310906694,307.791008135
0,68.9665592161,68.9665592161,307.791008135
0,68.9301494494,68.9301494494,307.791008135
0,68.9584005703,68.9584005703,307.791008135
0,68.9277563114,68.9277563114,307.791008135
0,68.9487740829,68.9487740829,307.791008135
0,68.9364919847,68.9364919847,307.791008135
0,68.9568005868,68.9568005868,307.791008135
0,68.9583036488,68.9583036488,307.791008135
0,68.9352103536,68.9352103536,307.791008135
0,68.9309204505,68.9309204505,307.791008135
0,68.9402054072,68.9402054072,307.791008135
0,68.94249964,68.94249964,307.791008135
0,68.9339064552,68.9339064552,307.791008135
0,68.9315085378,68.9315085378,307.791008135
0,68.9495501629,68.9495501629,307.791008135
0,68.9482982205,68.9482982205,307.791008135
0,68.940641933,68.940641933,307.791008135
0,68.9763832084,68.9763832084,307.791008135
0,68.9362968187,68.9362968187,307.791008135
0,68.9397618008,68.9397618008,307.791008135
0,68.9412234525,68.9412234525,307.791008135
0,68.9295160403,68.9295160403,307.791008135
0,68.9749681356,68.9749681356,307.791008135
0,68.9322345678,68.9322345678,307.791008135
0,68.9441753908,68.9441753908,307.791008135
0,68.9540710235,68.9540710235,307.791008135
0,68.9424996373,68.9424996373,307.791008135
0,68.9551043605,68.9551043605,307.791008135
0,68.9184989063,68.9184989063,307.791008135
0,68.9827803318,68.9827803318,307.791008135
0,68.9527468834,68.9527468834,307.791008135
0,68.9289562497,68.9289562497,307.791008135
0,68.9556752702,68.9556752702,307.791008135
0,68.917810389,68.917810389,307.791008135
0,68.93512221,68.93512221,307.791008135
0,68.9235199122,68.9235199122,307.791008135
0,68.9513295036,68.9513295036,307.791008135
0,68.9391179097,68.9391179097,307.791008135
0,68.9397684768,68.9397684768,307.791008135
0,68.9820031884,68.9820031884,307.791008135
0,68.925038763,68.925038763,307.791008135
0,68.9202832268,68.9202832268,307.791008135
0,68.975987964,68.975987964,307.791008135
0,68.9211058663,68.9211058663,307.791008135
0,68.9616532903,68.9616532903,307.791008135
0,68.9084841919,68.9084841919,307.791008135
0,68.9325719917,68.9325719917,307.791008135
0,68.9443323768,68.9443323768,307.791008135
0,68.9371527968,68.9371527968,307.791008135
0,68.9968049392,68.9968049392,307.791008135
0,68.9518398479,68.9518398479,307.791008135
0,68.9324450906,68.9324450906,307.791008135
0,68.939607697,68.939607697,307.791008135
0,68.9230918226,68.9230918226,307.791008135
0,68.9386974956,68.9386974956,307.791008135
0,68.967353177,68.967353177,307.791008135
0,68.9424859318,68.9424859318,307.791008135
0,68.9367182918,68.9367182918,307.791008135
0,68.9530650796,68.9530650796,307.791008135
0,68.9268670359,68.9268670359,307.791008135
0,68.9458135541,68.9458135541,307.791008135
0,68.9471392298,68.9471392298,307.791008135
0,68.9321361113,68.9321361113,307.791008135
0,68.9491619736,68.9491619736,307.791008135
0,68.9417662477,68.9417662477,307.791008135
0,68.9555820399,68.9555820399,307.791008135
0,68.9558731459,68.9558731459,307.791008135
0,68.9263340652,68.9263340652,307.791008135
0,68.9275290974,68.9275290974,307.791008135
0,68.9398171579,68.9398171579,307.791008135
0,68.9268937533,68.9268937533,307.791008135
0,68.9347443656,68.9347443656,307.791008135
0,68.9459828226,68.9459828226,307.791008135
0,68.9307283625,68.9307283625,307.791008135
0,68.9403765619,68.9403765619,307.791008135
0,68.9311113756,68.9311113756,307.791008135
0,68.9489877752,68.9489877752,307.791008135
0,68.9143654158,68.9143654158,307.791008135
0,68.929870393,68.929870393,307.791008135
0,68.9611886347,68.9611886347,307.791008135
0,68.9301847688,68.9301847688,307.791008135
0,68.9414407463,68.9414407463,307.791008135
0,68.9313454598,68.9313454598,307.791008135
0,68.9193931605,68.9193931605,307.791008135
0,68.9282955901,68.9282955901,307.791008135
0,68.9335561401,68.9335561401,307.791008135
0,68.9309442102,68.9309442102,307.791008135
0,68.9299617775,68.9299617775,307.791008135
0,68.9455606794,68.9455606794,307.791008135
0,68.9393820978,68.9393820978,307.791008135
0,68.9667493025,68.9667493025,307.791008135
0,68.9195401403,68.9195401403,307.791008135
0,68.9242241984,68.9242241984,307.791008135
0,68.9349283074,68.9349283074,307.791008135
0,68.9456562468,68.9456562468,307.791008135
0,68.9383482999,68.9383482999,307.791008135
0,68.9289780173,68.9289780173,307.791008135
0,68.9478134014,68.9478134014,307.791008135
0,68.9069965823,68.9069965823,307.791008135
0,68.9397687577,68.9397687577,307.791008135
0,68.9217003882,68.9217003882,307.791008135
0,68.9127711227,68.9127711227,307.791008135
0,68.9351293719,68.9351293719,307.791008135
0,68.9284128107,68.9284128107,307.791008135
0,68.927770702,68.927770702,307.791008135
0,68.9379531134,68.9379531134,307.791008135
0,68.9306499826,68.9306499826,307.791008135
0,68.9242828937,68.9242828937,307.791008135
0,68.9256146092,68.9256146092,307.791008135
0,68.9252891596,68.9252891596,307.791008135
0,68.9235065248,68.9235065248,307.791008135
0,68.9179680401,68.9179680401,307.791008135
0,68.9384437008,68.9384437008,307.791008135
0,68.9301210571,68.9301210571,307.791008135
0,68.9365659733,68.9365659733,307.791008135
0,68.921880651,68.921880651,307.791008135
0,68.9302596121,68.9302596121,307.791008135
0,68.9268863503,68.9268863503,307.791008135
0,68.9428848075,68.9428848075,307.791008135
0,68.9161586282,68.9161586282,307.791008135
0,68.9117352856,68.9117352856,307.791008135
0,68.9293967909,68.9293967909,307.791008135
0,68.9260074723,68.9260074723,307.791008135
0,68.9266723551,68.9266723551,307.791008135
0,68.9325203478,68.9325203478,307.791008135
0,68.911741843,68.911741843,307.791008135
0,68.9160412374,68.9160412374,307.791008135
0,68.9288706186,68.9288706186,307.791008135
0,68.9272487215,68.9272487215,307.791008135
0,68.9283237234,68.9283237234,307.791008135
0,68.9308686132,68.9308686132,307.791008135
0,68.9255175842,68.9255175842,307.791008135
0,68.9311824256,68.9311824256,307.791008135
0,68.937433616,68.937433616,307.791008135
0,68.9094923559,68.9094923559,307.791008135
0,68.9412100167,68.9412100167,307.791008135
0,68.9174389296,68.9174389296,307.791008135
0,68.9231312795,68.9231312795,307.791008135
0,68.9280377609,68.9280377609,307.791008135
0,68.9200447737,68.9200447737,307.791008135
0,68.9257739241,68.9257739241,307.791008135
0,68.925998574,68.925998574,307.791008135
0,68.9286551972,68.9286551972,307.791008135
0,68.9246429838,68.9246429838,307.791008135
0,68.9107818677,68.9107818677,307.791008135
0,68.9073351852,68.9073351852,307.791008135
0,68.9295010364,68.9295010364,307.791008135
0,68.9199162046,68.9199162046,307.791008135
0,68.9220270467,68.9220270467,307.791008135
0,68.9227452417,68.9227452417,307.791008135
0,68.9236806835,68.9236806835,307.791008135
0,68.9353804058,68.9353804058,307.791008135
0,68.937129082,68.937129082,307.791008135
0,68.9142556662,68.9142556662,307.791008135
0,68.9513683943,68.9513683943,307.791008135
0,68.9215887414,68.9215887414,307.791008135
0,68.9174557126,68.9174557126,307.791008135
0,68.9162875607,68.9162875607,307.791008135
0,68.9425074337,68.9425074337,307.791008135
0,68.9377772109,68.9377772109,307.791008135
0,68.9258692522,68.9258692522,307.791008135
0,68.9470514189,68.9470514189,307.791008135
0,68.9150476627,68.9150476627,307.791008135
0,68.9282279446,68.9282279446,307.791008135
0,68.9197740108,68.9197740108,307.791008135
0,68.934403756,68.934403756,307.791008135
0,68.9316738933,68.9316738933,307.791008135
0,68.9142894679,68.9142894679,307.791008135
0,68.9344360641,68.9344360641,307.791008135
0,68.9067874212,68.9067874212,307.791008135
0,68.9326079202,68.9326079202,307.791008135
0,68.9131202378,68.9131202378,307.791008135
0,68.9231272616,68.9231272616,307.791008135
0,68.9141916373,68.9141916373,307.791008135
0,68.9345255908,68.9345255908,307.791008135
0,68.929251922,68.929251922,307.791008135
0,68.9317437362,68.9317437362,307.791008135
0,68.9225413837,68.9225413837,307.791008135
0,68.9209007571,68.9209007571,307.791008135
0,68.9190416382,68.9190416382,307.791008135
0,68.9324077395,68.9324077395,307.791008135
0,68.9316337473,68.9316337473,307.791008135
0,68.9682487951,68.9682487951,307.791008135
0,68.9007194922,68.9007194922,307.791008135
0,68.9095833387,68.9095833387,307.791008135
0,68.9095118644,68.9095118644,307.791008135
0,68.9373292782,68.9373292782,307.791008135
0,68.9182620948,68.9182620948,307.791008135
0,68.906498671,68.906498671,307.791008135
0,68.9076645574,68.9076645574,307.791008135
0,68.906352987,68.906352987,307.791008135
0,68.9178154928,68.9178154928,307.791008135
0,68.9046269741,68.9046269741,307.791008135
0,68.9163697182,68.9163697182,307.791008135
0,68.9327231631,68.9327231631,307.791008135
0,68.933062749,68.933062749,307.791008135
0,68.9258671626,68.9258671626,307.791008135
0,68.8994180341,68.8994180341,307.791008135
0,68.9169129177,68.9169129177,307.791008135
0,68.9222226246,68.9222226246,307.791008135
0,68.9062769814,68.9062769814,307.791008135
0,68.9032311652,68.9032311652,307.791008135
0,68.9210309802,68.9210309802,307.791008135
0,68.9285654378,68.9285654378,307.791008135
0,68.9138075983,68.9138075983,307.791008135
0,68.9225075465,68.9225075465,307.791008135
0,68.9186323507,68.9186323507,307.791008135
0,68.9150574347,68.9150574347,307.791008135
0,68.9340485289,68.9340485289,307.791008135
0,68.9416855531,68.9416855531,307.791008135
0,68.930396683,68.930396683,307.791008135
0,68.91725354,68.91725354,307.791008135
0,68.8911369036,68.8911369036,307.791008135
0,68.9604596052,68.9604596052,307.791008135
0,68.9102783177,68.9102783177,307.791008135
0,68.919997696,68.919997696,307.791008135
0,68.9136492289,68.9136492289,307.791008135
0,68.9220893631,68.9220893631,307.791008135
0,68.9169460914,68.9169460914,307.791008135
0,68.9407615695,68.9407615695,307.791008135
0,68.9028182375,68.9028182375,307.791008135
0,68.9100017353,68.9100017353,307.791008135
0,68.9525783853,68.9525783853,307.791008135
0,68.9157912067,68.9157912067,307.791008135
0,68.9126066614,68.9126066614,307.791008135
0,68.9189047463,68.9189047463,307.791008135
0,68.9197907174,68.9197907174,307.791008135
0,68.898413562,68.898413562,307.791008135
0,68.9411847631,68.9411847631,307.791008135
0,68.9231653299,68.9231653299,307.791008135
0,68.9132603158,68.9132603158,307.791008135
0,68.9423566111,68.9423566111,307.791008135
0,68.9284727184,68.9284727184,307.791008135
0,68.9247263076,68.9247263076,307.791008135
0,68.9302064658,68.9302064658,307.791008135
0,68.9309439078,68.9309439078,307.791008135
0,68.9430001977,68.9430001977,307.791008135
0,68.9037742252,68.9037742252,307.791008135
0,68.9104673992,68.9104673992,307.791008135
0,68.9074590854,68.9074590854,307.791008135
0,68.899031059,68.899031059,307.791008135
0,68.9213319282,68.9213319282,307.791008135
0,68.904871672,68.904871672,307.791008135
0,68.9265897346,68.9265897346,307.791008135
0,68.9145609677,68.9145609677,307.791008135
0,68.9065788104,68.9065788104,307.791008135
0,68.9087164965,68.9087164965,307.791008135
0,68.946820277,68.946820277,307.791008135
0,68.9058664971,68.9058664971,307.791008135
0,68.9323823882,68.9323823882,307.791008135
0,68.9040502638,68.9040502638,307.791008135
0,68.9171263578,68.9171263578,307.791008135
0,68.8933179674,68.8933179674,307.791008135
0,68.9562158378,68.9562158378,307.791008135
0,68.919514626,68.919514626,307.791008135
0,68.9158006842,68.9158006842,307.791008135
0,68.9163518331,68.9163518331,307.791008135
0,68.8998790184,68.8998790184,307.791008135
0,68.9335755106,68.9335755106,307.791008135
0,68.9154688378,68.9154688378,307.791008135
0,68.9189980986,68.9189980986,307.791008135
0,68.9029344741,68.9029344741,307.791008135
0,68.9048310384,68.9048310384,307.791008135
0,68.9365831201,68.9365831201,307.791008135
0,68.9217935369,68.9217935369,307.791008135
0,68.9189754263,68.9189754263,307.791008135
0,68.910614166,68.910614166,307.791008135
0,68.9075467275,68.9075467275,307.791008135
0,68.9465651119,68.9465651119,307.791008135
0,68.9231430553,68.9231430553,307.791008135
0,68.9052883474,68.9052883474,307.791008135
0,68.9415537428,68.9415537428,307.791008135
0,68.9010178017,68.9010178017,307.791008135
0,68.8907441573,68.8907441573,307.791008135
0,68.9261710962,68.9261710962,307.791008135
0,68.9314793171,68.9314793171,307.791008135
0,68.9227044589,68.9227044589,307.791008135
0,68.9799967601,68.9799967601,307.791008135
0,68.9084165367,68.9084165367,307.791008135
0,68.9071666549,68.9071666549,307.791008135
0,68.8968450221,68.8968450221,307.791008135
0,68.9079542788,68.9079542788,307.791008135
0,68.9045811578,68.9045811578,307.791008135
0,68.903049414,68.903049414,307.791008135
0,68.9248863927,68.9248863927,307.791008135
0,68.9121355501,68.9121355501,307.791008135
