epoch,generator_TD_Dense_0_loss,loss,model_1_loss,model_2_loss_1,model_2_loss_2
0,0.020148524199,0.568142993806,0.0746394224236,6.68356049548,5.50009314272
0,0.070784606509,0.485014748561,0.0925446515455,6.1414432184,4.21308597821
0,0.0851933670973,0.424058044837,0.112354195372,5.78622578595,3.47384010862
0,0.0953860412017,0.355681770762,0.124619929463,5.2865301836,2.69834332128
0,0.119821529323,0.360741727572,0.140635668317,5.31285583957,2.52902350195
0,0.123141003955,0.355760691004,0.148242552087,5.26268468933,2.44933786634
0,0.144916551796,0.367720735398,0.164556443172,5.25990893215,2.37295838866
0,0.145482250979,0.358376917285,0.171025664652,5.24767584646,2.27442891813
0,0.147844164081,0.353272628803,0.178150944671,5.25075813942,2.20212881365
0,0.175497379494,0.374228697655,0.198494696251,5.58143106653,2.16281056389
0,0.138690990101,0.337492751678,0.182481187369,5.23465009358,2.12670861014
0,0.135870862338,0.328727203402,0.18367499123,5.26059170365,2.06443426999
0,0.141254805436,0.330120828294,0.189492773827,5.23507821936,2.02991503231
0,0.143563606574,0.328791560086,0.194953348111,5.20988615876,1.99584314677
0,0.148197142491,0.329376861724,0.200618838172,5.23850940298,1.95999433987
0,0.154317092984,0.331138395336,0.208731104485,5.23581445406,1.92253012423
0,0.155992286468,0.327795633946,0.215998426796,5.28025902858,1.87402576846
0,0.173901428062,0.339893236561,0.231576772447,5.29230492802,1.83381952074
0,0.174712319057,0.337117982438,0.234668658222,5.31792451444,1.79876895916
0,0.178045918544,0.336566888165,0.237438504499,5.35168411735,1.7632556251
0,0.179784542095,0.33548737346,0.244027114428,5.23345455579,1.73681286916
0,0.178524843792,0.330766572454,0.247283490761,4.81858772351,1.70094214297
0,0.196356669513,0.345173493707,0.25960902546,4.86430448891,1.68452494004
0,0.177031900876,0.325244721325,0.253245552677,4.81712575475,1.65916011239
0,0.188759039834,0.333670822143,0.259631668231,4.81523125581,1.63787689056
0,0.204997232156,0.346237538628,0.269094684898,4.87368171008,1.61740032596
0,0.189315060602,0.330734962498,0.260479817269,4.81748115321,1.60351410364
0,0.200619619754,0.33961331888,0.269133347604,4.82504926355,1.59055664388
0,0.209305509801,0.345357649111,0.276300713642,4.84837926473,1.5698269319
0,0.21006068182,0.344708155381,0.280358504053,4.83746482142,1.55653543926
0,0.407763145036,0.636424620524,0.492947383208,5.55018949781,2.6943779581
0,0.652239391954,0.798753156521,0.27461955915,5.1518248526,2.11737714634
0,0.640011215882,0.774473802761,0.279415507321,5.08402959137,1.98463720277
0,0.628388722836,0.755402685955,0.285114043808,5.08834395904,1.8985284907
0,0.590654241703,0.716306154602,0.28755371107,5.107421511,1.84717349065
0,0.577885654238,0.701070101073,0.289464276303,5.12667634938,1.80973021384
0,0.567375441096,0.688233933869,0.293356830109,5.15350889602,1.77596049479
0,0.580184535205,0.697155205656,0.296871548169,5.25740462793,1.74989135558
0,0.585771073947,0.706838629486,0.302205248061,5.33521776401,1.79644676626
0,0.512469917289,0.713081017264,0.385907042827,5.78658460428,2.51858100623
0,0.169622860416,0.448641307654,0.196102517038,6.39500236506,2.95980732687
0,0.195032578054,0.434334730277,0.197461718523,6.00799108232,2.5880541144
0,0.196102524377,0.418563508426,0.200244175978,6.13489967097,2.42071237856
0,0.204881515471,0.417326790511,0.208315963102,5.98619807237,2.32933428424
0,0.210160749988,0.41445377629,0.218500106168,6.0141724827,2.25309103501
0,0.22945237093,0.426024842765,0.224369471568,6.20673231296,2.19517711026
0,0.239417814497,0.429577934281,0.229083313624,6.24187881395,2.14101903346
0,0.248689149125,0.433748957131,0.235375620437,6.23342120326,2.09928724953
0,0.259835815919,0.438501414874,0.242846755098,6.18650309019,2.04649183801
0,0.27350127309,0.444841423908,0.246892042545,6.24998005682,1.98690281188
0,0.27863979436,0.445656690118,0.24645214796,6.29892986292,1.94880878841
0,0.288119708226,0.450611927387,0.246781608532,6.3814691333,1.91304193982
0,0.28770714892,0.446993917056,0.247075370641,6.51264498354,1.88057488066
0,0.298112262244,0.454363151531,0.247612741506,6.52714542625,1.86062120117
0,0.299332305221,0.453723437508,0.248405389129,6.59257996194,1.84324367155
0,0.306287818287,0.458120761977,0.249542826963,6.6229031571,1.82461730243
0,0.296939272242,0.447753620644,0.251627260279,6.72330508257,1.80508281007
0,0.301206050623,0.449998282187,0.251771885784,6.71959908775,1.78912841004
0,0.309573480294,0.455882372927,0.252648887498,6.8079416975,1.77266244975
0,0.305944127625,0.451611974734,0.2532901457,6.79486788198,1.76262263546
0,0.309262389567,0.453741342803,0.253842952017,6.77855447424,1.75405196082
0,0.317062108424,0.459774471486,0.255585408354,6.86295641024,1.74418578517
0,0.311283836515,0.453068855639,0.256943907138,6.88417355672,1.72913406416
0,0.321172178138,0.461614833939,0.256873608673,6.88541975517,1.72559877978
0,0.318154908334,0.458064678074,0.25879033031,6.96630992828,1.71725266421
0,0.326400979736,0.464249011381,0.258844548592,6.96198081236,1.70488134215
0,0.328437400052,0.465702462847,0.259813152217,6.95910822786,1.70108807036
0,0.333577882888,0.469529317441,0.260345958136,6.90221841339,1.69309227328
0,0.331323627661,0.466635440805,0.261247190719,6.95653447897,1.68444180325
0,0.338766991252,0.472806423939,0.262429883404,7.0016959994,1.67916135957
0,0.336206330045,0.469899742046,0.26270282696,6.97194920055,1.67314049476
0,0.335106522141,0.467840614474,0.263923596313,6.98518351627,1.66244749665
0,0.339604745852,0.47199502341,0.264397233799,6.98323914924,1.66350757652
0,0.339547796481,0.470715924764,0.265520263692,6.97043685261,1.65122912692
0,0.348025789506,0.478193689169,0.266422991012,6.9497116579,1.64970483045
0,0.333862637505,0.464914902858,0.266711545252,6.89347754596,1.64438534912
0,0.34071091455,0.470218654154,0.267608935165,6.95158510964,1.63578835828
0,0.352699383228,0.48053166368,0.268463163901,6.87370019843,1.63102224029
0,0.335004475135,0.464516383686,0.268968598364,6.84559622775,1.63012360614
0,0.342517205336,0.470527925145,0.270360934423,6.90317616373,1.6226244432
0,0.353459252746,0.479409916821,0.270293869684,6.80546113126,1.61296593421
0,0.34688402354,0.473314101541,0.271103672004,6.85459168293,1.6111848563
0,0.356937779172,0.481955186455,0.272294289561,6.81772310167,1.60711188454
0,0.357699735544,0.482566584083,0.272458580917,6.72446700808,1.60636827923
0,0.347790617107,0.472543268071,0.274169310779,6.85242393673,1.5953171911
0,0.357449752725,0.481152363379,0.274440456015,6.82317017151,1.59447590208
0,0.358379910884,0.481429665435,0.275234768022,6.71920862529,1.58887749435
0,0.352151872359,0.47531490053,0.276418933351,6.83960687964,1.58378220654
0,0.353924735615,0.476616319152,0.276537124568,6.76152367821,1.58084060501
0,0.353796898874,0.475671401327,0.277398513843,6.75331506939,1.57254196457
0,0.360129119053,0.481100564616,0.277543555914,6.77659927453,1.56984362513
0,0.362229535532,0.482578311932,0.277966774444,6.75898845941,1.56571735083
0,0.365782460022,0.485618202198,0.279340144636,6.79145201759,1.56413992881
0,0.357365266057,0.477602363618,0.279869891592,6.6794727688,1.55973629172
0,0.358049148301,0.477653284141,0.280937946802,6.73908360046,1.5540905519
0,0.366983571258,0.485505348116,0.281302267812,6.72577532671,1.55220139638
0,0.361379669229,0.480276551717,0.282231423466,6.72997545288,1.55034854658
0,0.369250026805,0.487138585666,0.282936057839,6.74879335362,1.54813566529
0,0.367716274945,0.485212350492,0.283365758992,6.68659835154,1.54267709352
0,0.370390165109,0.487433480283,0.283970607133,6.71458064421,1.54082339125
0,0.359853425726,0.477479049387,0.28477742408,6.68321733127,1.53610971833
0,0.374139723098,0.490167768908,0.285696603271,6.73772653762,1.53442023663
0,0.350413027391,0.468248526932,0.285980461249,6.83448834007,1.52876808503
0,0.333955873354,0.453489089432,0.287669202087,7.0155112033,1.52928808375
0,0.342095094781,0.460325342084,0.287811048613,7.05332743851,1.52439760851
0,0.338900130878,0.457035054061,0.288005838915,6.9863007911,1.52024942546
0,0.333290183475,0.451830962592,0.288749360154,6.9488607922,1.51869802383
0,0.342328840969,0.459767005312,0.289385175552,7.03328839536,1.51671052265
0,0.348491773677,0.46541297091,0.2900210724,6.97148318607,1.51770380821
0,0.342352036961,0.45894680268,0.291418115743,7.015049622,1.50829973093
0,0.339364727882,0.456097543797,0.291996502659,6.99751262152,1.50669292918
0,0.344804451438,0.460811672443,0.292624591002,7.03198871456,1.504876713
0,0.353005481399,0.468383419735,0.29336115923,7.01994646282,1.50678492
0,0.344306429425,0.459847798842,0.29489922825,7.02440992364,1.49972018211
0,0.353949832382,0.468248925301,0.294817047234,6.99000968454,1.49694081359
0,0.352955428819,0.4673729669,0.295246515207,6.96897620063,1.49713086947
0,0.352068401292,0.466397368224,0.296361820269,7.02125356341,1.49535813066
0,0.347672335593,0.461913223735,0.296129458233,7.01592721517,1.49008124379
0,0.311651892231,0.429164729796,0.297476441311,7.04067021038,1.48678031581
0,0.314259138669,0.431720567907,0.297655365064,7.08666891767,1.48887348795
0,0.314893392287,0.431941426955,0.299418768183,7.11023070517,1.48537379156
0,0.298617024994,0.417278480069,0.299928822278,6.69132152331,1.48523162728
0,0.272969214255,0.393635710652,0.300981396615,5.99936223201,1.47963422223
0,0.271642520554,0.392400938985,0.301285919364,6.0147033013,1.47922674821
0,0.273663258943,0.394040792721,0.302066766949,6.01527451987,1.47743863878
0,0.26996479197,0.390595063678,0.302058627801,5.99848966979,1.47626754866
0,0.237069445018,0.360457028537,0.302698153366,5.56551951968,1.47094531488
0,0.238052277299,0.36119969947,0.304149115708,5.61050077556,1.46952652319
0,0.238190151961,0.361314296181,0.304587455284,5.62243953029,1.46943162886
0,0.238003449505,0.361218194544,0.304176955476,5.59685365691,1.47015093216
0,0.238911921532,0.361984751048,0.305289169103,5.62626104733,1.46964024909
0,0.239391882572,0.361727747082,0.305995098888,5.62334629419,1.46275057221
0,0.238734833291,0.361370395749,0.306203940021,5.57875032755,1.46509049001
0,0.226744236415,0.350214933491,0.307209850198,5.20768859739,1.46145124201
0,0.216727707689,0.341061541756,0.30797752911,4.85298786066,1.46006608598
0,0.216607462732,0.340870107862,0.307799812623,4.83632464349,1.45923394376
0,0.217212758106,0.34110540553,0.308742725978,4.87118099206,1.45613926378
0,0.217667041232,0.341517969527,0.309555748061,4.84256856532,1.45617635329
0,0.217545756974,0.341304068633,0.309558029001,4.86249041728,1.45512889742
0,0.217207943301,0.340941107145,0.310188721167,4.82159117427,1.45453961243
0,0.220095215696,0.343087594259,0.312310738399,4.88439454161,1.45001903809
0,0.219490899178,0.342757135383,0.311763176871,4.83832404765,1.45215329356
0,0.21950138962,0.342329430583,0.312163617826,4.86623940087,1.44778183009
0,0.219417340423,0.342229234998,0.312471321813,4.85530889382,1.44753631452
0,0.219889774078,0.34243972796,0.313027712886,4.83732227152,1.44538934436
0,0.220621947181,0.343089975977,0.313932954573,4.83549303531,1.44530226837
0,0.221565176944,0.344079104862,0.315307046644,4.86579303597,1.44670448453
0,0.221248199023,0.343431792284,0.315146685289,4.85359258156,1.44308416362
0,0.221025250346,0.342781665809,0.31524868055,4.84189861865,1.43858944433
0,0.221919728082,0.343591232988,0.316275318217,4.82861001238,1.43863481197
0,0.223623057577,0.345199698803,0.317794109953,4.87778505034,1.43938949996
0,0.223403446809,0.344790839373,0.317939865105,4.8361596332,1.43727740584
0,0.22343743527,0.344689232838,0.318284327365,4.83674868567,1.43595544092
0,0.223646545465,0.344741909693,0.318807857794,4.83322502208,1.43460022472
0,0.223708760901,0.34523314875,0.319398262113,4.83297666944,1.43895267826
0,0.223976468318,0.344964970648,0.320104102491,4.84313285816,1.43386151918
0,0.224369039904,0.345142776793,0.320691168901,4.85288143464,1.43210644367
0,0.226147364349,0.346633568635,0.322560331418,4.86625918517,1.43100943089
0,0.22569154759,0.346290467048,0.322474602789,4.83658388804,1.43168077684
0,0.226181594368,0.346687669017,0.323344246714,4.83917022532,1.43124237581
0,0.225877820655,0.346171293326,0.323671940152,4.81981190395,1.42881258415
0,0.227423003682,0.347291140606,0.325281374984,4.83620853298,1.426104403
0,0.228027579623,0.348038866912,0.326472343349,4.84165972,1.42814047736
0,0.227992606845,0.34773421086,0.327506351333,4.85837286763,1.42540868304
0,0.227674236567,0.347508046646,0.327732753645,4.82483997644,1.4260123659
0,0.228534106097,0.348149317473,0.329187685627,4.86023155366,1.42468624681
0,0.228496674652,0.347929732266,0.328733615812,4.82588134517,1.4228272821
0,0.229889735629,0.348999089003,0.330177569172,4.82803796723,1.4209832969
0,0.22963964566,0.3489455421,0.330830333195,4.81570558415,1.42269863762
0,0.230720355316,0.349833182667,0.332127545752,4.84560445457,1.42184866272
0,0.230281882445,0.349249762956,0.332225747419,4.81349708126,1.41996072459
0,0.230208590973,0.349052126456,0.333204901683,4.80771961667,1.41864397471
0,0.230182613899,0.349026791288,0.333486256562,4.79736932831,1.41862441904
0,0.232076000342,0.350951444063,0.337498194296,4.85134417221,1.42083047329
0,0.232384702929,0.350900177425,0.336872671473,4.80215520131,1.41753947755
0,0.232986734454,0.351231771412,0.338012950288,4.79797876318,1.41543713505
0,0.233930230388,0.352157638307,0.337187013717,4.81003229811,1.41620433949
0,0.234143759753,0.352378431723,0.338533354883,4.81516656679,1.41649050868
0,0.234071516205,0.351863386773,0.3394251834,4.77440031315,1.41199025796
0,0.236047717791,0.353984614307,0.343545185442,4.8340503832,1.41541670865
0,0.233275149642,0.35150254558,0.340786887737,4.78816073781,1.41554914215
0,0.233261783349,0.351280422212,0.341183175248,4.75005352623,1.4134481977
0,0.233519352837,0.351381619806,0.341708362893,4.76507134797,1.41214205412
0,0.238713928222,0.356316943156,0.348512490887,4.85440850052,1.41474410966
0,0.236075277822,0.353651404592,0.345117952891,4.81613365895,1.41183658407
0,0.235426391782,0.352927988325,0.345359856167,4.74727370694,1.4104423958
0,0.236311940708,0.353603366608,0.346135852003,4.75763828942,1.40922623154
0,0.236890235721,0.354352186107,0.34847268477,4.76359831727,1.41150977339
0,0.238333475407,0.355393431315,0.34915465413,4.75228489494,1.40893307307
0,0.235241141337,0.352711928299,0.347132477446,4.77039009101,1.40994903952
0,0.238430967477,0.355323680124,0.352359852783,4.7623701637,1.40735812917
0,0.239069094829,0.356869896077,0.351704510191,4.77082086281,1.41707713812
0,0.237763493067,0.354693331981,0.350181469919,4.73412592324,1.40706191842
0,0.240255418578,0.357061233395,0.354573391662,4.78336134065,1.40831360109
0,0.237239829245,0.354309002082,0.351688365932,4.7028506107,1.40793159551
0,0.238485702605,0.355497284503,0.355189336473,4.75280345393,1.40860154698
0,0.237515422267,0.354040136371,0.353380771913,4.70062570627,1.40276259398
0,0.239500309747,0.356164192211,0.356830217649,4.74484527142,1.40613917176
0,0.238412991117,0.355260584716,0.355504520596,4.70558803783,1.40688895673
0,0.239274997048,0.355997862766,0.357652786656,4.72022702559,1.40650368885
0,0.239497240231,0.355971229241,0.357625670892,4.69761353159,1.40423715865
0,0.238356501581,0.35498549221,0.358155135096,4.68467312765,1.40464644598
0,0.239093382239,0.355501416138,0.358534403751,4.68953452962,1.40317375644
0,0.240906532106,0.357424220805,0.360328420824,4.73446353299,1.40608345273
0,0.240769025352,0.356931660152,0.360990706269,4.69993123156,1.40239540919
0,0.240579932459,0.356909449681,0.363017239134,4.73559862505,1.4038751342
0,0.240576068066,0.357053466517,0.360589015148,4.67909941628,1.40535008303
0,0.240668891699,0.356756919617,0.361930262489,4.66535388333,1.40154920384
0,0.240832769752,0.356722531224,0.36268343454,4.66592885454,1.39973041684
0,0.240120426586,0.356054366935,0.363040347696,4.67256506011,1.39945986141
0,0.239755306967,0.355842128304,0.363673744065,4.63982321549,1.40062355625
0,0.240677511934,0.356522961429,0.364865913221,4.64326105629,1.39913203588
0,0.240331070735,0.356376446076,0.365205531097,4.64619213257,1.4007848606
0,0.240501729114,0.355994324626,0.365369519932,4.63316017665,1.39542772097
0,0.239437850603,0.355272906213,0.364538333112,4.63499844798,1.39778843955
0,0.239917456585,0.355481935267,0.365410492887,4.61898770108,1.39556227394
0,0.241325432537,0.357300920124,0.369485023504,4.67610835808,1.40108033878
0,0.241161528808,0.356609104763,0.367241931347,4.6059069279,1.39563732286
0,0.240454195571,0.355915669198,0.36628355548,4.62296728197,1.39506896125
0,0.241034826063,0.356918374387,0.368335293745,4.60717678067,1.39987034091
0,0.242367910706,0.357815443961,0.369566751011,4.60520845475,1.39684327853
0,0.240860014808,0.356443626516,0.369365171908,4.59448880689,1.39669616144
0,0.239287269847,0.354671886987,0.368813466027,4.60868523769,1.39313347362
0,0.240034367117,0.355267230552,0.369603656319,4.57190920804,1.39236303261
0,0.241057130803,0.356640859907,0.370920463828,4.58918193488,1.3968944575
0,0.242680534992,0.35786269118,0.37480636497,4.64386423119,1.3945021266
0,0.242750044931,0.358038854656,0.370824994337,4.62953799479,1.39563817081
0,0.240697600701,0.355893856498,0.371393516783,4.58372093142,1.39266018838
0,0.241264061993,0.356675384309,0.371563280499,4.57542803537,1.39537732253
0,0.241485529846,0.35638226981,0.373036976725,4.58713313572,1.39045296518
0,0.242414800361,0.357524566478,0.375837255523,4.59376707275,1.39351249743
0,0.242733340902,0.357560956831,0.375138214868,4.61321324972,1.39100953546
0,0.241434799943,0.356444123302,0.375147362006,4.55320669795,1.3915280729
0,0.240447174776,0.355708605279,0.373995030252,4.58458771203,1.3930615166
0,0.241120981562,0.356210490811,0.375306141663,4.57253586619,1.39201610864
0,0.238794885489,0.354217800422,0.372140693526,4.57783688274,1.39302407122
0,0.241580279658,0.35708037616,0.375510757242,4.576876638,1.3965812722
0,0.24211855334,0.356677310958,0.376150370287,4.55471940941,1.38770616434
0,0.242590954104,0.35911094449,0.377149733244,4.6030991489,1.40779089288
0,0.248513903166,0.363079354097,0.383204880984,4.658440615,1.39416845731
0,0.246300388776,0.360558230257,0.381029518139,4.5736870676,1.38887883592
0,0.244141438435,0.358647711365,0.380253873012,4.54727476706,1.3892042079
0,0.24394399454,0.358255798061,0.380672467289,4.59042169634,1.38706206381
0,0.242105032897,0.356861661297,0.379972305958,4.55992743234,1.38967134668
0,0.24175918935,0.356450763051,0.38056703458,4.55241700571,1.38867495165
0,0.241806067168,0.356617457939,0.380119557503,4.53549325265,1.38992001281
0,0.240830512856,0.35564769356,0.380759976248,4.54541810967,1.38900236031
0,0.242376003248,0.356867708789,0.380812634876,4.54525773337,1.38729309562
0,0.242545151246,0.357184610002,0.382570200397,4.5748257208,1.38893976975
0,0.244485647598,0.359118014526,0.386736753667,4.60300123489,1.39080934935
0,0.257049806379,0.373656710879,0.392198927614,4.8918186044,1.42311889171
0,0.247246036532,0.361372378697,0.382998418205,4.60362651452,1.38850949542
0,0.243552666967,0.357914235411,0.382825612231,4.59743649136,1.3871683883
0,0.242973515026,0.357250802484,0.383080355267,4.55405813351,1.38574642814
0,0.242477783862,0.357035014844,0.381764904381,4.52682803443,1.3880501242
0,0.240420820701,0.355125620191,0.381864063429,4.54041391876,1.38746884954
0,0.242188861689,0.356674825794,0.387171769518,4.57878168428,1.38704853873
0,0.24127660237,0.355912786283,0.382280368858,4.50717928223,1.3876384761
0,0.241988127579,0.356588285399,0.384719466787,4.55100158258,1.38798973474
0,0.240766597797,0.355464731882,0.384495856058,4.55491386088,1.38774797803
0,0.241951416949,0.356374862754,0.385825043047,4.54226217853,1.38618591501
0,0.241515041139,0.355755350932,0.383808729512,4.51812876581,1.383918178
0,0.239506334635,0.353947931305,0.382479318042,4.49550794511,1.38392232922
0,0.240894196292,0.355400011938,0.384026257751,4.51125744444,1.38595238592
0,0.241430174108,0.355555197516,0.38547844352,4.53165567778,1.38268043859
0,0.241041626923,0.355247099261,0.384984741411,4.51540693962,1.38309638516
0,0.24012738958,0.3545306052,0.385056814448,4.52732582487,1.38415958428
0,0.238526216614,0.35285965337,0.383882968827,4.50553200728,1.3818606197
0,0.23896428483,0.353246972765,0.383495688784,4.48841457116,1.38179119672
0,0.239780916553,0.354256145365,0.384372392104,4.50012748393,1.3845332395
0,0.239517261288,0.35367343972,0.385239725386,4.51864530472,1.38107907242
0,0.240777329624,0.354821541372,0.386340891396,4.49309202942,1.38121948163
0,0.237153722872,0.351594863352,0.383168790026,4.46973289789,1.38156516338
0,0.237125085682,0.35151715499,0.384857510552,4.46655151278,1.38104580955
0,0.239573793155,0.35360505142,0.386720265866,4.50281703942,1.37988640276
0,0.238563276247,0.352985025335,0.385236331381,4.48956516817,1.38278079971
0,0.239865531376,0.354260015359,0.387726067014,4.51368908606,1.38381040288
0,0.240900790662,0.354841066736,0.388556745466,4.52345121273,1.38030358461
0,0.241855598974,0.356312761238,0.38712998513,4.53321892408,1.3864272545
0,0.241261014248,0.355244158932,0.388092909435,4.48029834583,1.38109249032
0,0.243042543852,0.357226374284,0.388948144555,4.55759310061,1.38488088585
0,0.242833329794,0.356608269431,0.388713943326,4.56542590149,1.38058276345
0,0.24128853479,0.355214771806,0.39035833386,4.52848396646,1.38055093533
0,0.241062968426,0.354994805365,0.38996291037,4.50732320279,1.38038137004
0,0.239411816891,0.353504299365,0.38893429206,4.54033969184,1.38033667442
0,0.238859448044,0.353005459762,0.388704299235,4.48995968116,1.38031959341
0,0.239276085994,0.353507290474,0.389746803648,4.47866436802,1.38158816785
0,0.240541381276,0.354732772299,0.390228064944,4.49361409694,1.38245532275
0,0.24279637059,0.356653376034,0.389698339833,4.4924764211,1.38136646663
0,0.241860514602,0.355431431452,0.389942866455,4.49134000628,1.37756971096
0,0.242623927211,0.356154909141,0.391535076484,4.50234584033,1.37793377642
0,0.240147505357,0.353861507634,0.392842482868,4.53349395324,1.37728756407
0,0.240419019193,0.354281172591,0.390226253378,4.48721916985,1.37904058504
0,0.251336455914,0.367572640964,0.394937334418,4.63711107293,1.41369833761
0,0.250045151754,0.363235700135,0.39505500402,4.56313060787,1.38195066815
0,0.246131162491,0.358995903856,0.395160789612,4.52040923916,1.37477861314
0,0.243319146273,0.357104530278,0.393478921891,4.51922899218,1.38117302277
0,0.245640928991,0.360737537621,0.393862643695,4.57072083329,1.39660705207
0,0.243305720302,0.356927504445,0.394654399572,4.5120892093,1.37952359311
0,0.242444538334,0.355942498471,0.393903020652,4.55820918245,1.37742417495
0,0.240373072265,0.354072820937,0.392525146257,4.45821828749,1.37737059255
0,0.239419417595,0.353036122192,0.394009058946,4.48839065886,1.37558650074
0,0.24174068243,0.355654265009,0.395928309579,4.50613856888,1.38087654656
0,0.242066408222,0.355649186146,0.395635528351,4.47302615986,1.37789421843
0,0.250409855252,0.384279744684,0.408152131348,4.8151934744,1.58910878606
0,0.213897541734,0.364090530415,0.356650159282,5.39209052325,1.71582745769
0,0.328678841862,0.440719049925,0.390511408275,5.54704445162,1.44908097628
0,0.345035919206,0.451871858507,0.394620746127,5.48012495326,1.41339536401
0,0.331044820114,0.437467222507,0.402621292653,5.03079980528,1.39526891044
0,0.329791567911,0.435334101602,0.401841023223,5.0575833964,1.38521697166
0,0.285217363616,0.394712980886,0.402971435196,4.70392796729,1.3801735731
0,0.268764356673,0.378837021002,0.403538783886,4.55895235802,1.36949104731
0,0.265558546085,0.375186318188,0.402142690387,4.53164989354,1.36183630245
0,0.262370584023,0.372250723978,0.406462881152,4.5077212842,1.3611720263
0,0.263272226845,0.372329486472,0.405177857103,4.5640313451,1.353844862
0,0.266817280877,0.375276510235,0.401481072948,4.51632393882,1.35140961454
0,0.263590288128,0.372364817459,0.405899124458,4.54661951882,1.35133561412
0,0.266897955122,0.374569262466,0.40570387521,4.5583485575,1.34361107578
0,0.269369563826,0.37848399029,0.405616399463,4.55975361545,1.36051387513
0,0.269201410474,0.376504606423,0.407914126987,4.53928290053,1.34223341547
0,0.26702631276,0.374378201051,0.407012655565,4.5248873437,1.34054523569
0,0.26369699559,0.371061443192,0.406327847916,4.50124478628,1.33734150812
0,0.267599503175,0.374573335036,0.405570328433,4.51543537294,1.33733786079
0,0.264621063943,0.371882755572,0.405257399748,4.5170392981,1.33723801512
0,0.262199975167,0.369500272776,0.405904347525,4.49410917789,1.33520299259
0,0.263619324239,0.370246724579,0.40673222268,4.55282766267,1.32989336943
0,0.264899457816,0.371705177771,0.406460618647,4.55907964628,1.33295668574
0,0.264643334458,0.371451319572,0.405978081584,4.52461195038,1.33272322641
0,0.26258543544,0.369582151386,0.405513409556,4.51718762554,1.33255262606
0,0.265679657953,0.372214584458,0.406070540695,4.53075984365,1.33102896939
0,0.263383201155,0.369973804692,0.407382477081,4.52542370369,1.32928927879
0,0.262251938111,0.368850617956,0.404734345416,4.51673397657,1.32823877711
0,0.262809663196,0.369275412124,0.404177363931,4.53422069227,1.32746718457
0,0.263211892241,0.369580250138,0.406236813238,4.54262639981,1.32689550331
0,0.26342319644,0.369617086498,0.406153563737,4.53117869895,1.3253621323
0,0.263975751835,0.369818731352,0.407233390296,4.51271560676,1.32240559758
0,0.264565558378,0.370300947056,0.40848605268,4.54596365271,1.32191947741
0,0.265654124455,0.372541094672,0.407631013376,4.53838201818,1.33452386963
0,0.264899230023,0.370684962129,0.409314357622,4.53316117599,1.32275659562
0,0.265153263042,0.37081520903,0.408154490378,4.51461299782,1.32177276392
0,0.263631658199,0.36942240903,0.408046075756,4.51124482214,1.32153919992
0,0.262918204909,0.368774622279,0.407615816613,4.51736000696,1.32148241427
0,0.262698198679,0.368576835456,0.407208390052,4.491543929,1.32148460344
0,0.261160361826,0.366995965926,0.410217213196,4.53297164034,1.31951644177
0,0.260836703959,0.366460080498,0.407904790359,4.53022790203,1.31707050705
0,0.261852489923,0.368302963377,0.409164178974,4.53516257641,1.32635726326
0,0.263241734893,0.369068688866,0.408640076865,4.53313691915,1.32151131367
0,0.266727046538,0.374806531191,0.409441446388,4.55393305921,1.34752193003
0,0.264787059073,0.370145416413,0.409621874491,4.543720909,1.31837067144
0,0.262203302426,0.367881525766,0.406932262688,4.47493264589,1.3189855845
0,0.261468841439,0.367201166885,0.407154609513,4.54737731823,1.31879214067
0,0.260707033857,0.366098608971,0.407195732516,4.50645829891,1.31462282136
0,0.260903726516,0.366574584781,0.407443396389,4.51671354586,1.31761234766
0,0.260426576483,0.365984366104,0.407961346913,4.5349951547,1.31600451296
0,0.262091008313,0.367641604732,0.409123522528,4.51977452333,1.31759700479
0,0.262350709235,0.367466790341,0.407261402749,4.50844178523,1.3135115708
0,0.263458300092,0.368617538171,0.40760568412,4.53875325773,1.31505071541
0,0.259617986222,0.365177355783,0.40865765727,4.50504585947,1.3152117205
0,0.260727612385,0.365915350645,0.407578024846,4.47830783687,1.3126050335
0,0.265836359825,0.373303392605,0.409269552474,4.60351215954,1.34050672229
0,0.264398172597,0.36911096329,0.411364581356,4.53313248769,1.31152611961
0,0.292260994786,0.4447353317,0.474988489552,5.38299798763,1.81700440132
0,0.261175346612,0.39590711831,0.34305125727,5.37726028716,1.60849310234
0,0.306725768011,0.415024037472,0.393837452874,5.52751714164,1.38970850162
0,0.335756883346,0.43695919242,0.402499247843,5.47597828064,1.34778002561
0,0.331827747189,0.431968405542,0.410006338635,5.26614023888,1.33323438587
0,0.325446040526,0.425326215732,0.410487177805,5.22921880095,1.3242478456
0,0.276465371869,0.38064942937,0.410894066441,4.65196768615,1.31830598393
0,0.267961556614,0.373023559514,0.410786472595,4.55315137198,1.3185816247
0,0.264850857641,0.37021840845,0.412212754759,4.51130815052,1.31852640683
0,0.264005397312,0.369060460488,0.412749919182,4.51237890433,1.31455607401
0,0.264741344584,0.370049940309,0.414446969036,4.51233412556,1.31782733962
0,0.262035263193,0.367361159153,0.4146013422,4.52397819827,1.31529426445
0,0.266061312029,0.370627732774,0.414738210329,4.49934533018,1.31172556047
0,0.266201879897,0.370565721815,0.412763723736,4.49336697799,1.30984033318
0,0.263628929582,0.368349746079,0.413955505066,4.46778182717,1.310837135
0,0.261222752173,0.366265700296,0.412068494566,4.47660351178,1.31165226932
0,0.26297874551,0.367573559141,0.411820971304,4.49233561473,1.30892691953
0,0.26346483278,0.368076566828,0.412421687523,4.50841986856,1.30958221167
0,0.262175912881,0.367042853533,0.410482043255,4.49468459095,1.31084535492
0,0.261715376456,0.366493542145,0.411706590929,4.4745481068,1.30949707245
0,0.263533659638,0.368028983517,0.412628164932,4.51139207585,1.30848693854
0,0.266569940877,0.371098630343,0.414975981906,4.50760424207,1.3118568735
0,0.266507346856,0.370665413586,0.415908344102,4.51253379568,1.30808805637
0,0.26782041195,0.372165928365,0.414581077065,4.53675590304,1.31127561804
0,0.267946812792,0.372738011355,0.41771149062,4.55675459483,1.31585883985
0,0.274357136629,0.379044510941,0.416068731305,4.59210877445,1.32123091642
0,0.26760889229,0.373063728988,0.422429276294,4.56404368654,1.32215729391
0,0.27187101024,0.375264769523,0.41626557436,4.54066994007,1.30580865466
0,0.268148926681,0.371946820386,0.413998412602,4.50487902758,1.3061278991
0,0.266620218482,0.37062940605,0.416041318111,4.53576231379,1.30671213971
0,0.268152544772,0.372374163048,0.414818029993,4.53987503263,1.31036877391
0,0.268352494657,0.372391199197,0.415052053051,4.53898570429,1.30873958669
0,0.269330763377,0.373159680498,0.416020526815,4.54648147779,1.30761997078
0,0.26812312259,0.371762851432,0.415712362498,4.52735779529,1.3045204537
0,0.268911808704,0.373020362437,0.416225685014,4.56792326668,1.30999738589
0,0.270073808767,0.373663312351,0.415838064592,4.59123019244,1.30596888592
0,0.267756747023,0.371715277011,0.416785445577,4.5670700249,1.3073420982
0,0.26654119881,0.370817452151,0.414324500668,4.54177949488,1.30930377404
0,0.268698822602,0.372332818504,0.416840317682,4.54468490583,1.30503882064
0,0.265577005955,0.369405070305,0.414609152434,4.54582413739,1.30385768988
0,0.269007700766,0.373642828713,0.41363209229,4.56513756303,1.3153590215
0,0.268672405561,0.372899681547,0.412162858011,4.58972147022,1.31094520506
0,0.267872826278,0.372200263173,0.412741032554,4.55057580141,1.31114724256
0,0.266575392799,0.370164813426,0.411157918312,4.54109251621,1.30246964357
0,0.261604172154,0.365845734156,0.414593778093,4.53181361934,1.30401983
0,0.271174417453,0.377134683263,0.412754738558,4.58726840706,1.33077711869
0,0.268551953149,0.372113571977,0.413185634572,4.50995023197,1.30416817883
0,0.266178527776,0.36997613228,0.411944909129,4.47951754123,1.30415461867
0,0.262195450725,0.366251822173,0.411011609569,4.4704842706,1.30275920255
0,0.262527064576,0.366392715243,0.410769429323,4.47855954809,1.30118360688
0,0.261890966081,0.365956329199,0.410630414488,4.46662857537,1.30254463393
0,0.260660491847,0.364546682849,0.412819544573,4.46013787025,1.29952245079
0,0.261499915031,0.365516407092,0.411540894663,4.46889991157,1.30166487761
0,0.262523564929,0.366449192554,0.410288234305,4.45833377194,1.30177987531
0,0.261426065123,0.36515853915,0.411637139558,4.45860810904,1.29875085007
0,0.259506218642,0.363631119787,0.410544552762,4.47812423093,1.30075526624
0,0.261492107045,0.365159415412,0.410915217738,4.44999261402,1.29816523107
0,0.259733921136,0.363650983358,0.4095408957,4.48563769768,1.29890457567
0,0.261048449633,0.364651759687,0.410708020773,4.45149971536,1.29708159122
0,0.261321093609,0.365065973418,0.411317125037,4.45528081537,1.29876992785
0,0.259317355641,0.363472516765,0.409360352836,4.43624103477,1.30086900678
0,0.258907624961,0.362839951091,0.408357253023,4.49411554472,1.29823092364
0,0.26288336634,0.366470982266,0.412055301874,4.47524770599,1.29875957198
0,0.261493213784,0.365057380043,0.412135078836,4.44302698515,1.29713492229
0,0.262841244464,0.366239763081,0.41258426878,4.4555277649,1.29682647534
0,0.26212440399,0.366002473064,0.411660934612,4.45877769985,1.30090513688
0,0.262191021521,0.365680765378,0.412931730152,4.48100083552,1.29708849987
0,0.261442143303,0.364911475974,0.411741368114,4.44257006549,1.29613550855
0,0.262232698241,0.365638189836,0.412248958551,4.4813534254,1.29628764517
0,0.261720793288,0.36528257236,0.414480655249,4.41840922149,1.29733862475
0,0.261373338909,0.364991162901,0.411275235575,4.45128008437,1.29755161643
0,0.26004019434,0.363645143677,0.410598789034,4.49024902139,1.29608972875
0,0.261060630282,0.364356893412,0.410357645297,4.43636472098,1.29402329798
0,0.258331429084,0.362118789826,0.410177396354,4.43948689439,1.29620507203
0,0.262027584103,0.365396056153,0.411559477275,4.43231914591,1.2957123497
0,0.260710772121,0.364044051317,0.411235416212,4.45055495651,1.29404360754
0,0.259595930601,0.363014526258,0.412421130175,4.44253231892,1.2937819288
0,0.263176376102,0.366502524441,0.413156206286,4.44761318301,1.29643789622
0,0.284720315294,0.395446940538,0.426290375726,4.98303253935,1.39198661146
0,0.271817315821,0.374954505421,0.416849289961,4.51673780341,1.30318924944
0,0.267744481045,0.370554758828,0.415562438826,4.47459561991,1.29584730029
0,0.261711131182,0.365808354177,0.411811029338,4.47770380791,1.3026833989
0,0.262597058815,0.365682624068,0.413250628297,4.43477340401,1.29345275719
0,0.263027994565,0.36636600131,0.412682326081,4.43717979676,1.29640810154
0,0.259510101618,0.362957911238,0.413152645971,4.41772634429,1.29398824665
0,0.261455249109,0.364756153583,0.412154095732,4.47201795315,1.29446434185
0,0.260843332628,0.364201300238,0.412033883543,4.43075393728,1.29442304849
0,0.258214856706,0.361870171524,0.40966757534,4.42308341709,1.29476804198
0,0.259122002827,0.362692517942,0.412163377352,4.41515787312,1.29482719998
0,0.256929964321,0.360521261179,0.409542489161,4.42060462393,1.29284297087
0,0.261728739511,0.365093420472,0.41195330429,4.45120715089,1.29537558749
0,0.259624002955,0.362795387348,0.413460143812,4.46149290625,1.29133788845
0,0.260894476132,0.364013856945,0.412895379078,4.41382992793,1.2920883259
0,0.26021072224,0.363441011789,0.41371370207,4.42146515525,1.29251366074
0,0.261702638558,0.364982403024,0.412582625847,4.4523053775,1.29450032575
0,0.259550383806,0.362953062516,0.4097102793,4.42163574341,1.29357721319
0,0.258864956066,0.362317780751,0.411099185101,4.4283566552,1.29339323978
0,0.257018455571,0.360686028115,0.410353565592,4.42085611505,1.29369422504
0,0.261572532986,0.364380495027,0.411111341236,4.43715311672,1.28965219912
0,0.258362768005,0.361863741557,0.410998221604,4.40256187339,1.29337254302
0,0.256934268212,0.36042596142,0.4108964444,4.39846632191,1.29185124188
0,0.258592207782,0.361960621443,0.411039028348,4.43040042096,1.29227638617
0,0.256605651199,0.360206030605,0.41082230665,4.39230726973,1.29260948556
0,0.257548849356,0.361219185747,0.409793314204,4.42263946792,1.29425225786
0,0.254739673082,0.358697310729,0.411017533954,4.42158382308,1.29431608992
0,0.258929961949,0.362301524082,0.409968172931,4.42755733907,1.29264562559
0,0.259146092395,0.362703541617,0.413529959632,4.43675129749,1.29472061989
0,0.261287793764,0.364612291668,0.41427734425,4.4150796905,1.29453280513
0,0.260864623719,0.363870701708,0.413028460286,4.42013650615,1.29092544667
0,0.26136106438,0.365606291754,0.411855936149,4.46996041533,1.3038133756
0,0.280653202242,0.389737058719,0.425020663892,4.7206882617,1.37149181352
0,0.270297103903,0.372884571095,0.422841631951,4.46708974645,1.29617180949
0,0.26433539094,0.367407709099,0.417426087123,4.44576051851,1.2950586159
0,0.262866763037,0.36566376784,0.420181766375,4.43583924163,1.29083684595
0,0.260450538415,0.363385917061,0.416457404841,4.40007675001,1.28980436161
0,0.260270993977,0.362870493515,0.415307204917,4.39705372962,1.28626603876
0,0.261252656653,0.365482799193,0.415584568954,4.43237696655,1.30355411971
0,0.263030100867,0.365985283143,0.41718815062,4.42512295603,1.29258195591
0,0.258761185714,0.362080685935,0.414772012489,4.40612816682,1.29195623045
0,0.261225317322,0.3642879787,0.414923869555,4.4281546599,1.29185196921
0,0.25896538201,0.36208746936,0.413676113978,4.40404742747,1.29018629216
0,0.261726889543,0.36478083835,0.413295845833,4.41098473305,1.29226641336
0,0.259407406744,0.362445593271,0.414438172606,4.40319405049,1.28978931119
0,0.260561993343,0.363906273592,0.413624990837,4.43399982923,1.29400483653
0,0.262541684049,0.365280144353,0.414865684005,4.41175674264,1.28992632807
0,0.258658526475,0.361669364609,0.413181674075,4.41300955989,1.28876694632
0,0.258071671276,0.361447163431,0.412293462166,4.39631456955,1.29182663452
0,0.258252322575,0.361500013772,0.412213855764,4.3929754618,1.29072927052
0,0.257987200621,0.36111334928,0.412333361051,4.40615944254,1.28924872163
0,0.26106925709,0.363737471714,0.414486829173,4.41587990925,1.2877514406
0,0.259492055076,0.362310471166,0.414103087501,4.42190031465,1.28767625508
0,0.261895785531,0.364781896547,0.413954134159,4.41749983858,1.29075693557
0,0.262810085099,0.365535797104,0.414208477459,4.42170286655,1.29006724538
0,0.261719178303,0.364710764467,0.415269787978,4.43679586391,1.29163507886
0,0.258782877085,0.361600662836,0.413911393675,4.4186467871,1.28696078246
0,0.260580459712,0.363088917751,0.413064988988,4.42584896044,1.28566508458
0,0.258376186068,0.36136816977,0.414022773949,4.40807171677,1.28829605835
0,0.256609551992,0.359460063476,0.411795240977,4.4246464133,1.28511471238
0,0.266681735517,0.370859741077,0.414973677391,4.52095626746,1.30846183224
0,0.261764608608,0.364669189193,0.415228141036,4.44613837636,1.29081045829
0,0.261497566331,0.36410206107,0.415005184624,4.41152393631,1.28754255747
0,0.260038761654,0.36262725622,0.415523668674,4.43457358327,1.28592374296
0,0.259175028843,0.362801737637,0.413450939936,4.44555547075,1.29544215523
0,0.262411479457,0.367020519377,0.412847464852,4.45673916506,1.30850191227
0,0.263883814438,0.366590755379,0.417191063389,4.44355146922,1.29095326545
0,0.260521614606,0.363164151603,0.415953437537,4.42874663358,1.28694702222
0,0.25680517535,0.360300954238,0.413354297281,4.44090461488,1.29176300545
0,0.262810527809,0.366095070131,0.412302931693,4.42493403157,1.29565599452
0,0.258900561612,0.362033076891,0.413813566687,4.42216401764,1.2902257593
0,0.25771134647,0.360767426353,0.415007658414,4.42684912924,1.28827218374
0,0.262671734143,0.366276058846,0.413943198486,4.44367731928,1.29871502101
0,0.264345827116,0.366972167442,0.418880677787,4.46134342518,1.2906092771
0,0.262343477526,0.364687471456,0.417322535914,4.41491680991,1.28578346462
0,0.266252749372,0.370695073476,0.421087600007,4.55146538661,1.31067602334
0,0.262214239285,0.36523854149,0.415249085051,4.44169010926,1.29245730551
0,0.262241045683,0.365444043832,0.415086182344,4.43758423611,1.29427106156
0,0.263330744125,0.365697639547,0.415652679666,4.40199014342,1.28699974322
0,0.260495600218,0.363410731647,0.416230086565,4.40186367881,1.2896469631
0,0.260419791586,0.363087454632,0.415945760449,4.4527653768,1.28709646008
0,0.261165155972,0.363597969493,0.41516519181,4.41123236743,1.28549332711
0,0.256971967235,0.359954950606,0.41304794977,4.43559532153,1.28680183957
0,0.256603704213,0.359363549607,0.414018653519,4.40732332201,1.28420220223
0,0.262392197824,0.364662627369,0.415847679276,4.44558267758,1.28509652978
0,0.256803148496,0.359542795409,0.41349211518,4.45349355277,1.28419965575
0,0.258931826942,0.362020418208,0.416918466933,4.42879367842,1.28981777998
0,0.2642580679,0.367618198907,0.420740141056,4.46926810994,1.29785941843
0,0.262439188722,0.364511248785,0.417987004046,4.44138576433,1.28315982331
0,0.262720961995,0.365534822702,0.417254098513,4.40640036752,1.29085961158
0,0.259043917604,0.361415091467,0.417202126624,4.41845066018,1.28275569863
0,0.257397050881,0.360405190386,0.417218772086,4.38976632988,1.28747848952
0,0.258177720393,0.361140357434,0.415582904966,4.41391137888,1.28780413175
0,0.265254211663,0.367235377675,0.416147017311,4.44437551276,1.28506590907
0,0.266497554347,0.398770031488,0.531711132817,4.54147897259,1.5892223665
0,0.790077238632,1.09955399507,1.0894691957,5.15767183682,3.8848449485
0,0.689709411332,0.972670321381,0.516928216266,5.84741407194,3.51931861912
0,0.626882889872,0.902722271317,0.464442033376,6.45599516366,3.3852768062
0,0.62717114337,0.893412588789,0.464178474141,6.77576615122,3.28958569859
0,0.628813195683,0.888619628867,0.465081856668,7.09406125684,3.22687763572
0,0.631593693548,0.887317673965,0.466585315282,7.27291482997,3.18883359906
0,0.632933582833,0.885592305889,0.46748765962,7.29644863337,3.15952088888
0,0.633339739854,0.883573167141,0.46835330875,7.35997980795,3.13567410211
0,0.632326958092,0.88067209579,0.468390175359,7.25420831114,3.11577843563
0,0.63189492109,0.878539319887,0.468504071335,7.27793861597,3.09833898339
0,0.628906164497,0.874308582314,0.468299178292,7.12535970758,3.08293043976
0,0.629816964886,0.873710965339,0.468195307957,7.17389031646,3.06875703617
0,0.629790092187,0.872523315584,0.468055888739,7.12776736992,3.05712244963
0,0.627939466517,0.869805651764,0.467661066731,7.03842925108,3.04660140832
0,0.631945686653,0.872603692355,0.467580902982,7.08269786577,3.03852584479
0,0.632007765533,0.871777165289,0.467165254291,7.05214874907,3.02970186029
0,0.63576339074,0.874446510478,0.466754019359,7.1007524218,3.02259467276
0,0.634235992855,0.872430075736,0.466476925224,7.09204575132,3.01617691698
0,0.634689995207,0.872231689221,0.466378998697,7.12899193061,3.01010703689
0,0.634062660768,0.87110938974,0.465967400404,7.16432575542,3.00453004123
0,0.6323092052,0.869187056151,0.465644247793,7.20206463597,3.001087815
0,0.632861179697,0.869164909561,0.465508529153,7.22747799188,2.99589858177
0,0.632520459679,0.86845331366,0.465117590839,7.31746861768,2.99184913352
0,0.628543559888,0.864530920103,0.468048916231,7.33685277133,2.98841726824
0,0.629433114829,0.865025069025,0.465769926262,7.3710969394,2.98535275553
0,0.634108194664,0.868961200868,0.465923939277,7.38358397313,2.98263835559
0,0.631516242502,0.866364509535,0.46525970907,7.34400000277,2.97999900108
0,0.631514943654,0.86610374151,0.464898768398,7.39443539928,2.97740304509
0,0.63065140965,0.865006736768,0.465503745905,7.36881258676,2.97420481078
0,0.628667548719,0.863035517692,0.464940475983,7.43076697879,2.97234734164
0,0.622965417988,0.857666263661,0.464367840816,7.44051087128,2.96997398239
0,0.624326374499,0.858700103043,0.465032836049,7.42759605994,2.96806377792
0,0.623514096436,0.857796477732,0.465125981799,7.45946391147,2.96633801376
0,0.615754523384,0.850588090064,0.467193595756,7.39789837722,2.96409029379
0,0.62216512293,0.856193558628,0.462121928905,7.45291364971,2.96244958414
0,0.62178669561,0.855599410979,0.46245851925,7.39362961669,2.9599139675
0,0.620628081744,0.854409988527,0.462650035893,7.45855018002,2.95844725732
0,0.621373528766,0.854868406847,0.462912552689,7.42892998707,2.95632240698
0,0.621195184255,0.854524079076,0.463490138006,7.4925312139,2.95448422109
0,0.621600937389,0.854778039608,0.463198192924,7.5180984815,2.95337208312
0,0.61889548365,0.852112228155,0.463294364623,7.49715107703,2.95106300868
0,0.628589807854,0.860780587276,0.463002813495,7.55116372287,2.95049769847
0,0.624867286057,0.857232354138,0.469692207193,7.570157873,2.94851806646
0,0.642107211239,0.872571291182,0.471708765226,7.62160090846,2.94674810505
0,0.669461932546,0.897035539532,0.465033024648,7.60073252127,2.94519810481
0,0.662586374168,0.890786896346,0.464578383795,7.68240106387,2.94459170973
0,0.659764281454,0.888083155983,0.464724589936,7.6825223204,2.94295314015
0,0.658868890101,0.887184577484,0.464468282847,7.68457723102,2.94202587449
0,0.655665834251,0.884040690648,0.463941297721,7.72241962863,2.93941447334
0,0.653900647144,0.882361140244,0.463878992086,7.8102927367,2.93850568095
0,0.651287327358,0.879786536933,0.464071642453,7.78604394116,2.93627952999
0,0.650399727608,0.878868081083,0.48001832961,7.83036486994,2.93508336591
0,0.57687044885,0.812505811155,0.460832025874,7.82290378488,2.93322417053
0,0.578578883835,0.813971687302,0.460717374215,7.77412290554,2.9325070124
0,0.578865809524,0.814078123827,0.461035934007,7.82815382553,2.93098906377
0,0.580279171665,0.815212978964,0.462286173012,7.85548590433,2.9296173558
0,0.582080314903,0.816692872007,0.465727236091,7.865012836,2.92820598169
0,0.598227446846,0.831130687554,0.471228006962,7.94130202469,2.92725995423
0,0.603727294043,0.836025526976,0.459544727508,7.94230887493,2.92670970283
0,0.599187057904,0.831763320839,0.458676502776,7.93162696146,2.92494978215
0,0.598661531955,0.831204270439,0.543232993206,7.9731175981,2.92408901299
0,0.409737094322,0.661111201119,1.14139340554,7.92777458901,2.92347821619
0,0.578202139234,0.812667185915,0.509849524963,8.02182625939,2.92285271021
0,0.545048507984,0.7827182358,0.432491303034,8.02194124547,2.92174583958
0,0.543993742658,0.781760293821,0.432449736652,8.05759032226,2.9216593402
0,0.539568102034,0.777606837363,0.430523639888,8.03889309825,2.91995552366
0,0.54003034495,0.778027008401,0.430403293019,8.01368799074,2.91999706015
0,0.539568394077,0.777409207364,0.430210993262,7.98696723085,2.91797661069
0,0.540182549414,0.777811499798,0.430031657565,7.99191718076,2.91647214824
0,0.540560449929,0.777959229682,0.429665552295,7.98529271112,2.91454832749
0,0.540756916921,0.778103380018,0.56898018441,8.06558692401,2.9142216388
0,0.618681589367,0.848068587273,0.436972476208,8.06390427115,2.91255168812
0,0.610971180756,0.841123912343,0.435607916631,8.18301479412,2.91249859675
0,0.608510124347,0.838808195837,0.43506421942,8.04013047737,2.91149094275
0,0.604476723406,0.835269801546,0.433491408084,8.14754812249,2.91240760247
0,0.606147178073,0.836649411949,0.433499722536,8.09663898039,2.91116962004
0,0.607224299837,0.837531225436,0.433919681443,8.09847580714,2.9102937069
0,0.608405498229,0.838477551823,0.433531994003,7.9779198246,2.90912615224
0,0.60788699347,0.837953695766,0.432605638433,8.13116098728,2.90855410753
0,0.612435483913,0.841821960625,0.434374006678,7.92265539827,2.90630034938
0,0.612023629063,0.841609945231,0.43366468442,8.07189640526,2.90788688866
0,0.607067204728,0.836939360172,0.431489268988,8.13979023413,2.90578884289
0,0.609646337147,0.839201967178,0.43191585518,8.16557252955,2.90520276379
0,0.607773006753,0.837326731554,0.432451922008,8.23034615289,2.90331034148
0,0.609047495014,0.838389530268,0.434758653392,8.13612647666,2.90246794951
0,0.607984639519,0.837394457687,0.435341994314,8.22609706973,2.90208291615
0,0.609387459941,0.838718587975,0.433590358861,8.17639991847,2.90269885311
0,0.603737450358,0.833520506227,0.431767505595,8.14745600335,2.90156810144
0,0.599021208029,0.829279310153,0.432079572682,8.11501285585,2.90160234497
0,0.600018433275,0.829865232185,0.432947780016,8.05802348261,2.89848651094
0,0.607727599184,0.836975623533,0.435209546071,8.07839093681,2.90020791294
0,0.597788447764,0.827924917728,0.431620338416,7.83841091916,2.89915324368
0,0.600770166165,0.830432455407,0.433706435003,8.05589421006,2.89739318404
0,0.591873286375,0.822578424729,0.432683947618,7.99973272565,2.89892474929
0,0.586758914872,0.817837445004,0.427075810545,8.05875450613,2.89754431773
0,0.585793782229,0.816764695782,0.431125641413,7.985291791,2.89550301043
0,0.595130945023,0.825489923451,0.436250542675,7.99308433331,2.89872082212
0,0.585240036496,0.81634379277,0.436477799074,8.00665104991,2.89627766797
0,0.568419292001,0.801120478296,0.471963632067,7.99024571917,2.89543124783
0,0.631097152953,0.85747536768,0.452741523584,7.91141256593,2.89487940822
0,0.624187060751,0.851072138142,0.436099172775,7.96924498372,2.89303792016
0,0.618688434807,0.846265288594,0.901365492474,7.89906899583,2.89445708839
0,0.784762646527,0.995709923879,0.530580112788,8.04797090547,2.89423557214
0,0.762718483484,0.975840429513,0.478820496679,7.53703362936,2.89393809982
0,0.757545644964,0.970953602542,0.479184119411,7.58296068587,2.89162536151
0,0.75790496598,0.971275430081,0.478774439142,7.65882742074,2.89160976663
0,0.754910344212,0.968536418369,0.478024774177,7.76130464193,2.89117120926
0,0.756816172382,0.970006081443,0.478544644109,7.71829943934,2.88871541833
0,0.756333913376,0.969778367805,0.479005812067,7.74253545032,2.89077861406
0,0.754516299091,0.967882128008,0.476427429598,7.7587486103,2.88817471286
0,0.755538813411,0.969007112212,0.477988355591,7.69335020554,2.89022195753
0,0.753511001419,0.96690337451,0.476794256203,7.73423272215,2.88743485655
0,0.757545994585,0.970695239942,0.478720356032,7.71587150166,2.88903859321
0,0.75445438489,0.967830106262,0.476567912952,7.75605965056,2.88821175435
0,0.757915953202,0.970761869567,0.479383276717,7.71996188563,2.88637525641
0,0.756546845681,0.969470648407,0.477700505437,7.69072446829,2.88578502308
0,0.756984781962,0.969816808254,0.490126181351,7.70358123812,2.88530519671
0,0.720440867726,0.93700938333,0.840553228584,7.74876517023,2.88612611637
0,0.643710576677,0.868033123496,0.489079746688,7.7147945911,2.88693613766
0,0.725767515587,0.941730585711,0.456664684351,7.72106075084,2.88539833692
0,0.701096352752,0.919485957133,0.456018125339,7.73163824004,2.88499247881
0,0.691556527543,0.910861937442,0.453269226782,7.71691795636,2.88461071965
0,0.690140383655,0.909552166823,0.453095304531,7.71560773325,2.88425828949
0,0.689042504648,0.908620790733,0.453990408437,7.69979006984,2.88482543174
0,0.688511937708,0.907923630414,0.576101545275,7.72568673502,2.88262899094
0,1.31983675292,1.47624051804,1.18828977232,7.74235508777,2.88387463172
0,0.989689207294,1.17917446452,0.618768842165,7.75757380307,2.88454198755
0,0.936046423604,1.13071366081,0.622885494386,7.80173063863,2.88271897509
0,0.937194758782,1.13197223395,0.626242623697,7.79698630555,2.88496966929
0,0.945897530956,1.1398735432,0.631797786277,7.87964633904,2.88565785687
0,0.937404517016,1.13186420879,0.625478256302,7.76512627247,2.88200161018
0,0.93652842205,1.13097610239,0.623323292479,7.82611912511,2.88100541038
0,0.936635821316,1.13109167876,0.625318964125,7.73728303036,2.88119453699
0,0.94141661676,1.13557831248,0.628066515745,7.7466838467,2.88303373116
0,0.935055126499,1.12939417767,0.621626498292,7.71884094815,2.87844579367
0,0.939041635488,1.13326204091,0.625990740992,7.7699090218,2.88124584904
0,0.936202042435,1.1305487576,0.623736185814,7.75460136141,2.87966931198
0,0.935606743665,1.12984813466,0.623738463937,7.81132738401,2.87802082451
0,0.93590213865,1.13063885704,0.621945483471,7.76518640286,2.88326950717
0,0.932538993817,1.12699222346,0.620958467325,7.84905163711,2.87707148051
0,0.934463187237,1.12889635533,0.62132175546,7.80299669615,2.87879502854
0,0.932436555575,1.12698046728,0.618983562906,7.85015061901,2.87787584547
0,0.935188082518,1.12928008566,0.623758724673,7.73798725502,2.87610830599
0,0.936042933124,1.13046921195,0.62276995014,7.76594661882,2.88030589906
0,0.934807419777,1.12909477029,0.625656808787,7.80373368226,2.87768110662
0,0.937303370405,1.13141350517,0.626755205652,7.81325669453,2.87840490989
0,0.935342804512,1.12928455926,0.624743871823,7.74225895086,2.87476054202
0,0.935066577708,1.12911660999,0.624634522901,7.75737302879,2.87556707508
0,0.935091446387,1.12917109814,0.62465229497,7.88238978766,2.87588812474
0,0.934513313359,1.12854309971,0.624539629836,7.77012978312,2.87481134921
0,0.935398785827,1.12939458173,0.623948144774,7.80645508964,2.87535693256
0,0.93183054329,1.12618658447,0.619275311135,7.83773869811,2.87539112803
0,0.93116129275,1.12557182063,0.618845633606,7.78745965203,2.87526674063
0,0.931828868528,1.12622510869,0.61941357335,7.8935790369,2.8757914454
0,0.931782988964,1.126401748,0.618028729709,7.76670204849,2.87797077503
0,0.931962230213,1.1261987346,0.619646984349,7.86060959345,2.8743274755
0,0.931867323705,1.12615028866,0.61946311252,7.82626447716,2.87469714867
0,0.935218761019,1.12904643041,0.624925660356,7.84322090357,2.8734956397
0,0.935727020994,1.12959805769,0.62360066818,7.84848323217,2.87443756538
0,0.932488744433,1.12653566873,0.620234882159,7.86503604591,2.87295817935
0,0.934258773948,1.12825913673,0.62374220015,7.77628642557,2.87426253252
0,0.941538015606,1.13499218577,0.630725846856,7.71163015053,2.87607989618
0,0.933080998819,1.12700793886,0.621035767926,7.8666581057,2.87235054605
0,0.935202261801,1.12887252223,0.624076973048,7.87447435475,2.87190501992
0,0.934809861986,1.12866614343,0.623193433233,7.8680234475,2.87337283777
0,0.932064296891,1.12604251896,0.622021826444,7.90870046804,2.87184668802
0,0.940153085078,1.13372938147,0.629615998288,7.73111794284,2.87591620844
0,0.93445551949,1.12813390983,0.623349665113,7.86092558992,2.8712395707
0,0.938807794901,1.13213902459,0.628532296587,7.90631410001,2.87212024691
0,0.939530199638,1.13285866888,0.627308923312,7.86316613681,2.8728150724
0,0.933462524295,1.12727750857,0.620793877055,7.84660891686,2.87161255694
0,0.938001716414,1.1314615676,0.624352205057,7.87912290529,2.87260037972
0,0.935440043608,1.12883962591,0.623807138471,7.90387422093,2.86943604633
0,0.938181683792,1.13138578912,0.627032159968,7.82179164028,2.8702228699
0,0.936072877786,1.12931905952,0.626587764541,7.88023973649,2.86853485821
0,0.941333016452,1.13452346491,0.633688729201,7.87157030831,2.87323767278
0,0.935576200386,1.12903578934,0.627233633849,7.94488912967,2.87017228626
0,0.942285794128,1.13556197481,0.6368530448,7.87451001405,2.87504777576
0,0.93933042612,1.13242377569,0.629650542392,7.93870952666,2.87026407369
0,0.93858563811,1.13160641244,0.631041759776,7.90072317807,2.86879353902
0,0.939825681905,1.13286325836,0.628264415126,7.91487464928,2.87020162258
0,0.936056272406,1.1293978928,0.625951902091,8.00783795914,2.86947267709
0,0.939865267988,1.13285493644,0.632281545976,7.87878237247,2.86976213655
0,0.940542282157,1.13323155726,0.632807138053,7.93633951728,2.86743520223
0,0.941107721076,1.13410719186,0.63209652871,7.84412620677,2.87110261825
0,0.937389091572,1.1305136668,0.628296058273,7.95869372948,2.86863502084
0,0.937575006268,1.13066620043,0.629165142824,7.95785830875,2.8684870976
0,0.940242071057,1.13292434199,0.634482579049,7.96264482655,2.86706496459
0,0.944797077582,1.13724299879,0.639375252312,7.83536352988,2.86925647405
0,0.940140448795,1.13293217338,0.635705691072,7.9043344626,2.86805788852
0,0.940342871407,1.13295963817,0.63712969111,7.91847036693,2.86651071412
0,0.945822338066,1.13815058923,0.644382646626,7.87256385738,2.86910501602
0,0.944282644819,1.13679455714,0.64305218644,7.85228024562,2.86940191106
0,0.945701284294,1.13788142266,0.645983533677,7.84421581331,2.86750282543
0,0.944380637425,1.1367603585,0.64567812096,7.81628412269,2.86817802804
0,0.939874719526,1.13278374494,0.644325323168,7.86192679019,2.86896516986
0,0.939043334467,1.13165482855,0.639403605837,7.77597909154,2.86515845584
0,0.935737936453,1.12867902172,0.638220841908,7.85321879459,2.86514895503
0,0.936698228467,1.12965227604,0.64064998769,7.82710297687,2.86623889383
0,0.941495775979,1.13440449766,0.645416166454,7.74631956359,2.87058318213
0,0.929164003575,1.12274221056,0.634264638768,7.89919786253,2.86494622271
0,0.936579347546,1.12952499287,0.641665053605,7.73833350985,2.86603601502
0,0.934126383827,1.12703114685,0.640695818028,7.76987242481,2.86317418906
0,0.935911483136,1.12884406115,0.644227163313,7.6975895541,2.86523742
0,0.93732382409,1.1303983695,0.64766784766,7.61888158536,2.86806944812
0,0.931018103415,1.12418868213,0.639741311224,7.63743926968,2.86272407648
0,0.933201431932,1.12647051099,0.643363239061,7.6321606911,2.86589239598
0,0.930000576609,1.12404322083,0.645754448711,7.68665107126,2.87042720101
0,0.944075850705,1.13655361091,0.656609406123,7.57435476269,2.86885362706
0,0.932807728129,1.12596131774,0.646772002996,7.62330376494,2.86434380148
0,0.922106402628,1.11625150968,0.639041931178,7.5824337735,2.86355764893
0,0.922112313274,1.11648335942,0.647554498901,7.53381214786,2.86582294497
0,0.928225284192,1.12209594361,0.651032866926,7.43464116301,2.86693203511
0,0.917182975444,1.11169263581,0.640172986941,7.48547656811,2.86227975637
0,0.916232683073,1.11099781261,0.638523683916,7.45294157271,2.86388418
0,0.912874783548,1.10791415148,0.633294012416,7.51917083659,2.86326863403
0,0.914827032666,1.10999670733,0.632799350504,7.38193700313,2.86652395205
0,0.910762249138,1.10625865907,0.630192752897,7.4144327461,2.86572650329
0,0.901235884398,1.0972179257,0.628581173286,7.31317123493,2.86105648144
0,0.902369683259,1.09827834882,0.63731640943,7.37063196804,2.86145651505
0,0.925494663356,1.11892861372,0.661392383463,7.23338195037,2.85983434425
0,0.919524245397,1.11391852827,6.27424297167,7.24631462214,2.86346724596
0,7.98368834856,7.47165363533,1.36903668102,7.15927287012,2.86334312564
0,3.77664776979,3.68505411992,1.37483800426,7.22215992724,2.86071208448
0,3.76742808064,3.67669275691,1.38044413722,7.20492240753,2.86007563621
0,3.77047538639,3.67973358001,1.38325693437,7.14968452927,2.86305806396
0,3.76584209218,3.67538486248,1.37941805581,7.16175902571,2.86127060661
0,3.76688113616,3.67622301888,1.37913572334,7.10485252403,2.86030083644
0,3.76371650395,3.6735248517,1.38056771,7.09567937632,2.86180076279
0,3.77147633677,3.68058491952,1.38782161622,7.10743748484,2.86256300484
0,3.76746579782,3.67688766002,1.37947557834,7.00636655141,2.86168527868
0,3.76018458931,3.67031481983,1.37150953757,7.05370024729,2.86148771381
0,3.76164140591,3.67206161849,1.37111325703,6.96942050174,2.86584435102
0,3.75897259578,3.66983760529,1.36795963023,6.9978896648,2.86762350303
0,3.75867218125,3.66896005855,1.371095327,7.01474771521,2.86155176962
0,3.76331348601,3.67319344737,1.37567689249,6.99547344558,2.86211392407
0,3.7644389332,3.67412041216,1.37768172783,6.96487731139,2.86125449498
0,3.76391696495,3.67356177265,1.37992047967,7.02152639771,2.86036566952
0,3.76241512678,3.67201968103,1.37733386346,6.89976892633,2.85846153293
0,3.76127740004,3.67117761723,1.37657141349,6.88327244723,2.8602804035
0,3.76360887279,3.67333931779,1.37789828939,6.86615215516,2.86091411481
0,3.75994175425,3.67016966283,1.37387519887,6.87858640287,2.8622217937
0,3.76782284843,3.67727927598,1.38675545638,6.91713536015,2.86238787998
0,3.76788026618,3.67728740272,1.38777359722,6.92467888738,2.86195247494
0,3.76938897935,3.67855489521,1.38864400968,6.9243314313,2.8610489518
0,3.76659656836,3.67597574131,1.38346509455,6.92637573963,2.86038903613
0,3.76112959278,3.67086199772,1.37746569549,6.91515347746,2.85845453272
0,3.76216459828,3.67176092357,1.38048118798,6.92652425067,2.85812869425
0,3.76514620528,3.67454155766,1.38174099254,6.9147900121,2.85910052195
0,3.76135101484,3.67119092173,1.38012000123,6.89100337706,2.85975085439
0,3.76179074371,3.67155228466,1.37667758192,6.86967704879,2.85940703181
0,3.76054062337,3.67034006506,1.37735313444,6.88130080312,2.85853587184
0,3.760680016,3.67038342972,1.37867890583,6.89554592866,2.85771512047
0,3.76538782729,3.67497861857,1.38479103239,6.85274322709,2.86129655196
0,3.76126811279,3.67092818523,1.37930781232,6.84321504352,2.85786968816
0,3.76510979762,3.67449996205,1.38490580465,6.79627885302,2.85901216803
0,3.75998950044,3.66981323305,1.37868361311,6.84667353306,2.85822766249
0,3.76304031249,3.67275242618,1.38007254071,6.7824088854,2.86016222287
0,3.75729188832,3.66744117417,1.37370851364,6.83879198635,2.85878551431
0,3.75957709403,3.66935759864,1.37874945321,6.85084545559,2.85738300538
0,3.76029201052,3.67006468791,1.3764464612,6.82923626869,2.85801955001
0,3.75815307718,3.66814886016,1.3756445581,6.8392845933,2.85811176587
0,3.7595942317,3.66918623584,1.3789343142,6.8516202857,2.85551512098
0,3.75977921842,3.66970289281,1.37620805231,6.80820345216,2.85901675404
0,3.7559847037,3.66676337095,1.37005780447,6.80890436834,2.86377209863
0,3.7584020099,3.66834856047,1.37769291294,6.8009356719,2.8578682511
0,3.75791633821,3.66785653852,1.37838975569,6.79971999177,2.85731924848
0,3.76170863599,3.67125587136,1.38216691725,6.75398752689,2.8571818976
0,3.76170292423,3.67157565098,1.38052256764,6.77405632081,2.86043100317
0,3.75525139181,3.6657767587,1.3704249677,6.76056229577,2.86050586504
0,3.75565879736,3.66642729446,1.3700650106,6.75282010374,2.86334447138
0,3.75455623163,3.66529893819,1.36981132908,6.74543663795,2.86198416278
0,3.75790809676,3.66835786668,1.38229832918,6.78798662953,2.86240665722
0,3.76948076813,3.67855922479,1.39308243031,6.75453716464,2.86026616082
0,3.76591170566,3.67530919787,1.38555444928,6.77735247274,2.85988750488
0,3.75586120367,3.66650329653,1.37100005624,6.74251320757,2.86228294641
0,3.75195461047,3.66305583438,1.36661806233,6.77655626191,2.86296771908
0,3.75554807348,3.66579487325,1.37555340076,6.73399578092,2.85801691622
0,3.7583821666,3.66811318097,1.38039981963,6.81516128951,2.85569308815
0,3.76411395049,3.67371319328,1.39101608535,6.84286786929,2.86010725142
0,3.76760803566,3.67663768146,1.38770441965,6.77185017021,2.85790530392
0,3.76096801615,3.67048328629,1.38440754342,6.79593036164,2.85612163342
0,3.76167307564,3.67105966692,1.38247144835,6.75746641389,2.85553978483
0,3.75937176621,3.66898063892,1.37890998859,6.70226020198,2.85546127478
0,3.75600871241,3.66620747904,1.38070336602,6.79931663506,2.85799716766
0,3.76291051314,3.6720291995,1.38466768834,6.77654719519,2.85409826259
0,3.7603303453,3.66988946543,1.37923039844,6.7280092767,2.85592242883
0,3.76062248872,3.67026641039,1.3870256817,6.75829894036,2.85706263159
0,3.76527375685,3.67462163189,1.39337972345,6.75608510456,2.85875331243
0,3.76395098368,3.67308988494,1.38867950815,6.79471130428,2.85534084964
0,3.76425884652,3.67364844442,1.38571784113,6.72456299222,2.85815559355
0,3.75745140419,3.66724045116,1.379586802,6.70764642224,2.85534275933
0,3.76429577056,3.67368039006,1.39242285085,6.69429121892,2.85814275055
0,3.76919114847,3.67855142275,1.3989551101,6.74170510443,2.86279466832
0,3.78255075444,3.69085314492,1.41001388801,6.74908353637,2.86557545913
0,3.76778238448,3.6765283803,1.39397395586,6.76585836457,2.85524309875
0,3.77084062072,3.67949155761,1.39408616047,6.71843507257,2.8573508426
0,3.76220532041,3.67144641029,1.38520241812,6.70241609874,2.8546170691
0,3.7626136061,3.67163749656,1.38749831767,6.70408956365,2.85285329652
0,3.76400313172,3.67317637254,1.38799916354,6.67387612289,2.85573629408
0,3.76240615267,3.67173572565,1.38344726772,6.62175714391,2.85570258285
0,3.75783864459,3.66763519619,1.3772487156,6.61338779102,2.85580498865
0,3.75564509126,3.66558798764,1.37535368586,6.63176893812,2.85507477204
0,3.75838712594,3.66785704862,1.381452134,6.64945445035,2.85308720459
0,3.76114612235,3.67035614798,1.38243201736,6.60517792267,2.85324721948
0,3.7582182299,3.66778967335,1.37875005104,6.59430222666,2.85393346722
0,3.75835955993,3.66775618247,1.38251704027,6.6146735817,2.85232650237
0,3.76425085416,3.67340270587,1.38499429333,6.54219517716,2.8557701685
0,3.75696494963,3.66654153176,1.37662614657,6.54118466997,2.85273147608
0,3.7571490839,3.66664024384,1.38014296098,6.60593738333,2.85206148899
0,3.76284254843,3.6719235863,1.387448504,6.6432414078,2.85365370391
0,3.76444643291,3.67338388751,1.39060899591,6.60650471527,2.85382173225
0,3.76430944147,3.67325168966,1.3890798426,6.60008010235,2.85373280879
0,3.76135849755,3.67037767364,1.38613090329,6.6656090172,2.85155105897
0,3.76241976902,3.67140267778,1.38773801117,6.68451081801,2.85224963297
0,3.76115751425,3.67007974132,1.38541688967,6.64333822131,2.8503805697
0,3.76407089083,3.67295800817,1.38845438704,6.66402380081,2.8529428445
0,3.76497324664,3.67374180394,1.39125954532,6.69247253892,2.85265964856
0,3.76281359975,3.67153331438,1.3862316903,6.64944334216,2.85001154895
0,3.76286742976,3.67186054182,1.38510254841,6.58643925149,2.85279939866
0,3.76030700203,3.66939206841,1.38399927671,6.67161044284,2.85115853199
0,3.76030823761,3.66929785103,1.38378563192,6.66046166313,2.85020515686
0,3.76070408165,3.66959407574,1.38431787886,6.61153091605,2.84960470284
0,3.76144916106,3.67055610847,1.38251243638,6.56470922777,2.85251937117
0,3.75870591412,3.66792814273,1.37996722968,6.53408180394,2.85092914781
0,3.76039631133,3.66966354007,1.38881849946,6.61973447315,2.85306931535
0,3.7683777651,3.67701873132,1.39646918718,6.64868803529,2.85478819292
0,3.76533765382,3.67375656508,1.39143318778,6.63596856072,2.84952758914
0,3.76581449335,3.67453160158,1.38885057941,6.63217179315,2.852986388
0,3.76074086691,3.66985227374,1.38318549203,6.59447574029,2.8518558108
0,3.75989548998,3.66892508579,1.38456136591,6.61592224368,2.85019231108
0,3.76591672075,3.67443600534,1.39337646862,6.64788584002,2.85111028018
0,3.76553864542,3.67403629397,1.38897800722,6.49889639748,2.85051601247
0,3.76168027486,3.67049544013,1.38569522082,6.5335604754,2.84983277237
0,3.76444337024,3.67305784307,1.38903878044,6.5658511478,2.85058882663
0,3.76118876171,3.67013251637,1.38734483996,6.54552766561,2.8506271365
0,3.76583088769,3.67437956519,1.39291913414,6.59433863442,2.85131848528
0,3.76228368935,3.67098940443,1.38556366912,6.48645583917,2.84934171465
0,3.7600943287,3.66913101502,1.38300356995,6.48245280005,2.85046198923
0,3.76097012831,3.66974417194,1.38816959071,6.55141679273,2.84871148767
0,3.76555643627,3.67390771269,1.39287778888,6.52641870993,2.84907001245
0,3.76496418752,3.67353202503,1.38711533262,6.48472639425,2.85064340814
0,3.76222899937,3.67111767678,1.38435112956,6.44087786861,2.85111668353
0,3.75783117968,3.66682523296,1.38166196647,6.47069235812,2.84777258018
0,3.76221318822,3.67114779101,1.38803183914,6.40269144913,2.85156001897
0,3.7644156781,3.67288531676,1.38753160908,6.4229245571,2.84911306486
0,3.76185857479,3.67073899511,1.38239419104,6.39052396967,2.8506636861
0,3.76035423065,3.66935917924,1.3867754784,6.39621919342,2.85040457513
0,3.76842699359,3.67676515452,1.39715212613,6.38747202147,2.85180929064
0,3.77034110256,3.67830935698,1.39593102228,6.40543512052,2.85002442234
0,3.7632716817,3.67176359621,1.38964534814,6.40061173114,2.84819156044
0,3.76596251847,3.6742739611,1.38902103723,6.36160139276,2.84907784022
0,3.75743188352,3.6667139375,1.38144304859,6.37861317095,2.85025320244
0,3.76328643163,3.6718171009,1.38603361843,6.37560214732,2.84859393904
0,3.76534203036,3.67352975259,1.39054417492,6.37956268332,2.84722009942
0,3.76728731957,3.67539220627,1.39037439894,6.35766047992,2.84833703012
0,3.7595019301,3.6685897068,1.38003976151,6.33882012804,2.85038053159
0,3.76008355479,3.66893438442,1.38247010245,6.35802096435,2.84859270736
0,3.76539608337,3.6738425109,1.39459712667,6.41073824368,2.84986123742
0,3.77183481433,3.67981497857,1.40094480823,6.42571267117,2.85163733347
0,3.78076440343,3.68842042518,1.4095557594,6.4021443871,2.85732534066
0,3.76779699958,3.67621612464,1.39660912624,6.39950217054,2.85198909968
0,3.76932350755,3.67717580176,1.39844183285,6.43484353623,2.84784728304
0,3.77203990176,3.67974036434,1.39696452373,6.3504821664,2.84904532539
0,3.76068174424,3.66935727078,1.38393865494,6.37467701752,2.84743778686
0,3.76518802896,3.67356059762,1.39345535315,6.34463331207,2.84891452085
0,3.7723908286,3.68002429503,1.39868749097,6.37640843007,2.84872645595
0,3.76357543725,3.67175151046,1.38918896121,6.33717469775,2.84533695524
0,3.76693481118,3.67490869861,1.39477486318,6.34352790128,2.84667457341
0,3.77101423926,3.67886437548,1.39818559021,6.29979729196,2.84951640711
0,3.76557657849,3.67381623352,1.39015112528,6.23181865531,2.84797391192
0,3.76488046464,3.67318678949,1.38754163472,6.23558512132,2.8479445386
0,3.75898458906,3.6677231223,1.38432987452,6.28866460769,2.84637074456
0,3.76592921973,3.67405951996,1.39100285272,6.27825710826,2.84723301382
0,3.76375873409,3.67217425959,1.38819683844,6.26272590205,2.84791466115
0,3.7664226596,3.67448492886,1.38970895569,6.2532248604,2.84704605665
0,3.76047724001,3.66915565444,1.38203856463,6.25394827273,2.84726219112
0,3.76131879789,3.66992328781,1.38281200853,6.24044759351,2.8473645834
0,3.76361277526,3.67180045123,1.3901875369,6.27578390708,2.84549038648
0,3.76334935832,3.67179946403,1.38527840564,6.25024372118,2.84785121751
0,3.75841785149,3.66743758048,1.3796059514,6.24408379683,2.84861603283
0,3.76361935807,3.6718004608,1.38847727226,6.23870931014,2.84543130461
0,3.76708678108,3.67494973914,1.39359009543,6.22964874474,2.84571716779
0,3.76996225109,3.67762072607,1.39634763127,6.20391516978,2.84654781526
0,3.76496993092,3.67313746649,1.38730856752,6.1976735125,2.8466460113
0,3.75936328317,3.66823134893,1.38026201567,6.19872838097,2.84804481132
0,3.759680421,3.66830626563,1.38114810128,6.21666906241,2.84593964528
0,3.7646098469,3.67312074864,1.38539702165,6.2010213908,2.84971968058
0,3.75643272542,3.6658727942,1.37464497516,6.17911258763,2.85083425003
0,3.75660972453,3.66571362678,1.37713696826,6.19437784472,2.84764957601
0,3.76408296794,3.67225053779,1.39121131913,6.2045014478,2.8457596149
0,3.76683033916,3.67523735074,1.39847737758,6.23907095195,2.8509012744
0,3.76933207718,3.67685495121,1.39566975446,6.21520855015,2.84456166514
0,3.76668632406,3.67466835421,1.39320945601,6.19522753877,2.84650744825
0,3.77245431476,3.67968932611,1.39908705204,6.19638927517,2.84480525414
0,3.76743615128,3.67516500854,1.3931188269,6.17538156915,2.8447254805
0,3.76693074739,3.674817105,1.39617366874,6.18203365525,2.84579516319
0,3.76774446209,3.67563059428,1.39075050524,6.17805865548,2.84660662805
0,3.75739875283,3.66729035662,1.37412630009,6.17222163521,2.85631563036
0,3.75566298254,3.66503468945,1.37413133634,6.19552603742,2.84938083596
0,3.75750711269,3.6665880458,1.37723974071,6.17949443455,2.84831716488
0,3.75743351014,3.66628228837,1.38023954323,6.21719410441,2.8459220503
0,3.76329816396,3.67156065261,1.38532715729,6.16967717767,2.84592388385
0,3.76261520228,3.67114621255,1.38295165698,6.20811851945,2.8479260961
0,3.75846699458,3.66747101508,1.37711668272,6.20542870761,2.84850791265
0,3.75922413371,3.66779786512,1.38283721131,6.22010940541,2.84496223222
0,3.76003312748,3.66861803515,1.37979801239,6.18028228863,2.84588304421
0,3.75892138837,3.66773026331,1.3781297885,6.1725266905,2.84701094701
0,3.75875300989,3.66747900192,1.37787231838,6.1591743187,2.84601375005
0,3.75817399159,3.66712077981,1.37802829632,6.1553610553,2.84764276205
0,3.75822374635,3.6670712572,1.37904423564,6.19453440728,2.84669972028
0,3.76330710723,3.67158173518,1.38441150343,6.17805700401,2.84605423244
0,3.75875164106,3.66774464069,1.37728600953,6.1443504065,2.84868239077
0,3.76092447294,3.66944585469,1.38041830952,6.15526540464,2.84613914639
0,3.75824237858,3.66699036511,1.38075655926,6.16706957643,2.84572294157
0,3.76609253646,3.67390812926,1.38879174202,6.17589602215,2.84424935713
0,3.7636053752,3.67156492768,1.38557396283,6.18382813087,2.84320171452
0,3.76396614323,3.67219311263,1.3850745283,6.17605326163,2.84623663109
0,3.75761185752,3.66697596527,1.37487689377,6.15777778486,2.85125368888
0,3.75720097176,3.66633055001,1.37711031263,6.14528984875,2.84849750329
0,3.75796532473,3.66660358155,1.37899477525,6.15408392545,2.84434866391
0,3.76075866408,3.66932836652,1.38120898125,6.14820987307,2.84645649614
0,3.75798791242,3.66670945183,1.37843596322,6.16506074862,2.84520416523
0,3.76044532157,3.66894888111,1.38029607671,6.14485436054,2.8454817108
0,3.75794327714,3.66672289724,1.37771594841,6.16640183091,2.84574030918
0,3.76109526209,3.66947930333,1.38175800388,6.1429501224,2.84493656048
0,3.76064402389,3.66948540449,1.3782758782,6.15013577625,2.84905865889
0,3.75578025087,3.66475197945,1.37669365264,6.17227586718,2.84549829687
0,3.76222813189,3.6705266559,1.38619843387,6.1430441287,2.84521425603
0,3.76421358653,3.67225509071,1.38592133573,6.13214939973,2.8446294282
0,3.76083217411,3.66963499499,1.37854601495,6.12470612985,2.84886119492
0,3.75659451754,3.66564245122,1.37527754868,6.15498125728,2.84707463239
0,3.75806093335,3.66725724582,1.37465646611,6.14691344254,2.85002488035
0,3.75926865076,3.66811952134,1.37697194524,6.10547336103,2.84777809305
0,3.75733988123,3.66669068102,1.37428974492,6.1057678902,2.85084870529
0,3.75736315729,3.6662248736,1.37636773503,6.07798048217,2.84598107585
0,3.75887583658,3.66764653758,1.37877645382,6.08560626284,2.84658370646
0,3.76184639172,3.67011859531,1.38265701985,6.05594606933,2.84456923418
0,3.76507092827,3.67303060285,1.38740330371,6.03220325414,2.84466856521
0,3.76239711491,3.67048915289,1.38709381603,6.02449884969,2.84331837241
0,3.76599696027,3.67385256079,1.38640618344,5.99900418867,2.84455371506
0,3.76112742685,3.6694742492,1.38064591742,5.99346751965,2.84459649286
0,3.75991848492,3.66831272323,1.38032151514,5.98061301342,2.84386162118
0,3.75807113632,3.66675018544,1.37862514718,5.97951403687,2.84486241631
0,3.76514395394,3.67302044549,1.39270587327,5.9818430702,2.84390966015
0,3.77812908617,3.68474726588,1.40537962411,5.96797354789,2.84431158067
0,3.77558620771,3.68239407261,1.40412478858,5.94482741953,2.84366576759
0,3.77531678483,3.68220440626,1.40188888709,5.92789236172,2.84419376971
0,3.770469539,3.67756159339,1.39608613531,5.92124437612,2.84139092698
0,3.77227434709,3.67953311604,1.39892528623,5.92449625765,2.84486283802
0,3.76812398137,3.67539642273,1.39428043365,5.94185926657,2.84084914142
0,3.77590940762,3.68263397704,1.40453958136,5.90579738851,2.84315591154
0,3.77659771217,3.68328388094,1.40578891053,5.90009420724,2.84346018343
0,3.76972451732,3.67695574892,1.39876042551,5.91126137346,2.84203756001
0,3.77778975406,3.68446562688,1.40946133259,5.91753765096,2.8445492852
0,3.7719704832,3.67888842634,1.3977967303,5.8984376385,2.84115079193
0,3.76635779947,3.67364575849,1.39160560197,5.89921813654,2.83923815437
0,3.76730419431,3.67468677039,1.39214550243,5.88969819911,2.8411307636
0,3.77196064557,3.67900032186,1.39741529003,5.88555227918,2.84235821108
0,3.76739025156,3.67460580304,1.3917762567,5.87094300892,2.83954653426
0,3.77022429841,3.67758015445,1.39411517933,5.86369047328,2.84378358189
0,3.76241022793,3.67026189748,1.38449074854,5.87398707233,2.84092778733
0,3.76369649261,3.67135684375,1.38618405561,5.86740041721,2.84030082204
0,3.76248110665,3.67040960396,1.384164346,5.85093167428,2.84176688669
