epoch,loss,main_output_loss,mid_output_loss
0,167.475699952,183.030294428,167.475699952
0,100.065799292,188.19472208,100.065799292
0,73.0908236318,188.469592183,73.0908236318
0,66.4644690914,187.680146885,66.4644690914
0,60.1562700137,187.749885979,60.1562700137
0,58.0600836186,187.041165926,58.0600836186
0,56.4193101391,187.069989725,56.4193101391
0,54.4872033555,186.172449943,54.4872033555
0,54.6447262397,186.125416075,54.6447262397
0,52.9966032797,186.176122612,52.9966032797
0,52.1477789931,185.364061146,52.1477789931
0,51.7492454086,186.171991363,51.7492454086
0,50.1038771239,186.228147528,50.1038771239
0,51.1787884642,184.442583827,51.1787884642
0,49.1082865836,184.444173295,49.1082865836
0,48.6306170941,184.286180545,48.6306170941
0,47.5828190685,184.580618721,47.5828190685
0,46.8649910311,183.686727696,46.8649910311
0,47.8431997276,184.052046828,47.8431997276
0,46.6554063621,183.767501885,46.6554063621
0,46.5411457429,183.137929341,46.5411457429
0,45.5804883175,182.625299958,45.5804883175
0,45.3610036231,183.131871779,45.3610036231
0,45.8255746582,183.093593088,45.8255746582
0,44.8955581296,182.7622934,44.8955581296
0,44.5526660749,182.484969496,44.5526660749
0,43.9915367954,182.123704955,43.9915367954
0,44.26433315,182.221969639,44.26433315
0,44.1498677424,182.419263755,44.1498677424
0,43.8716543052,181.93667367,43.8716543052
0,43.4434321712,181.985253261,43.4434321712
0,42.9971848423,181.729819894,42.9971848423
0,42.6341920496,181.494175976,42.6341920496
0,42.5096658975,180.958467713,42.5096658975
0,42.3491116954,182.248578703,42.3491116954
0,41.3330085966,181.045374648,41.3330085966
0,41.4364022854,181.379758359,41.4364022854
0,41.3708652996,180.868567117,41.3708652996
0,42.0974278055,181.527024883,42.0974278055
0,40.6320955883,181.176064216,40.6320955883
0,40.8578202321,181.185847793,40.8578202321
0,40.2180572458,180.599388061,40.2180572458
0,40.714688245,181.156946459,40.714688245
0,40.1424997753,181.216084678,40.1424997753
0,40.1096227825,181.053585274,40.1096227825
0,39.9782100871,180.473072042,39.9782100871
0,39.5848007,179.971976735,39.5848007
0,39.0670966657,180.119407503,39.0670966657
0,38.8999872629,179.730803504,38.8999872629
0,39.4511748422,180.294523073,39.4511748422
0,42.6708443937,180.529689922,42.6708443937
0,40.1654644501,179.14062804,40.1654644501
0,38.505007192,178.831112585,38.505007192
0,38.130180204,179.392459225,38.130180204
0,37.7835722462,179.700779403,37.7835722462
0,37.3064265674,179.587986109,37.3064265674
0,37.2655434672,180.273059148,37.2655434672
0,37.0944840999,179.296737276,37.0944840999
0,36.3686593414,179.322674727,36.3686593414
0,36.1891046267,179.02795979,36.1891046267
0,36.9703516139,179.088839076,36.9703516139
0,36.4928799042,178.880439539,36.4928799042
0,36.0116286182,180.244562617,36.0116286182
0,36.4482841966,178.779786602,36.4482841966
0,36.1426104941,179.409265093,36.1426104941
0,35.386944113,178.577308939,35.386944113
0,35.8411634909,179.258001964,35.8411634909
0,34.4999425099,179.377787602,34.4999425099
0,35.484599141,178.323221449,35.484599141
0,34.6251470248,178.792385367,34.6251470248
0,33.7811023019,178.106522712,33.7811023019
0,33.714602088,178.163456258,33.714602088
0,33.5710666367,178.669092766,33.5710666367
0,33.4628455352,177.948028998,33.4628455352
0,33.597730461,178.72926361,33.597730461
0,33.1446881794,177.396108416,33.1446881794
0,32.4239337143,177.468562878,32.4239337143
0,33.0220523936,177.413083914,33.0220523936
0,32.4917257008,177.388480486,32.4917257008
0,32.1248875683,177.792160395,32.1248875683
0,30.9094927281,177.631190704,30.9094927281
0,30.9684159236,177.818920626,30.9684159236
0,30.0814363154,176.584570018,30.0814363154
0,30.2610124964,176.323614973,30.2610124964
0,30.5052175552,177.045106159,30.5052175552
0,30.6413060947,177.016706758,30.6413060947
0,30.3452661941,176.7066704,30.3452661941
0,29.6073821639,177.31927676,29.6073821639
0,29.0279640046,176.836905417,29.0279640046
0,29.0547051511,177.214351741,29.0547051511
0,28.8018350347,176.640002958,28.8018350347
0,28.1291302224,177.065143797,28.1291302224
0,28.622681154,176.020189854,28.622681154
0,28.6564881367,175.671012491,28.6564881367
0,28.1542048484,176.345613939,28.1542048484
0,27.7956668342,175.681099356,27.7956668342
0,27.3853045099,175.532900581,27.3853045099
0,27.0267031598,176.227334654,27.0267031598
0,27.0267435239,175.630516941,27.0267435239
0,26.6905837107,175.072575052,26.6905837107
0,26.4196526647,176.407925522,26.4196526647
0,26.2951941383,176.026122564,26.2951941383
0,26.6377647756,175.54741471,26.6377647756
0,25.799575703,175.183052655,25.799575703
0,25.4476435875,175.798688493,25.4476435875
0,25.5654877784,174.766530111,25.5654877784
0,25.6467806141,174.825324899,25.6467806141
0,25.4367601075,175.612963646,25.4367601075
0,24.7733125894,175.798719502,24.7733125894
0,24.8079389167,174.64313969,24.8079389167
0,24.299599783,174.773473946,24.299599783
0,23.6329909775,176.018549516,23.6329909775
0,24.303547265,175.329771058,24.303547265
0,24.2325846961,175.166600113,24.2325846961
0,23.9841788489,176.225778909,23.9841788489
0,23.9147523992,175.297165347,23.9147523992
0,23.2871673461,175.021049073,23.2871673461
0,22.8333616535,175.197651482,22.8333616535
0,22.7493944285,174.792181844,22.7493944285
0,22.9277956765,174.444549982,22.9277956765
0,22.9274128135,174.637448462,22.9274128135
0,22.6705187672,174.80287117,22.6705187672
0,22.3506136704,175.282057987,22.3506136704
0,21.1099100857,175.805891496,21.1099100857
0,21.257991382,174.955873817,21.257991382
0,22.1736176155,174.929733149,22.1736176155
0,21.6802608558,175.534737259,21.6802608558
0,21.5753904253,175.052146275,21.5753904253
0,21.4619636788,174.25083705,21.4619636788
0,21.1040851755,174.528838783,21.1040851755
0,20.8274176427,175.638410759,20.8274176427
0,20.6838250564,174.812052429,20.6838250564
0,20.1282563184,174.146970663,20.1282563184
0,19.9964973196,175.050574733,19.9964973196
0,20.4059598789,174.662126352,20.4059598789
0,20.355700754,174.974742903,20.355700754
0,20.2448159413,175.278866104,20.2448159413
0,19.719324062,175.223916877,19.719324062
0,19.6981922314,174.145602705,19.6981922314
0,19.3206779093,174.663051066,19.3206779093
0,18.9352428777,174.504465807,18.9352428777
0,18.7452022377,175.431703874,18.7452022377
0,18.7052030626,174.13475807,18.7052030626
0,18.6831469859,173.66514421,18.6831469859
0,18.2647031938,174.867240719,18.2647031938
0,18.6013694094,175.416913096,18.6013694094
0,18.422507971,174.674164014,18.422507971
0,18.4164449136,174.51976313,18.4164449136
0,18.1139774988,174.960078917,18.1139774988
0,18.7669214382,175.016749329,18.7669214382
0,17.8509023295,174.438542856,17.8509023295
0,18.3491434863,175.348421564,18.3491434863
0,17.3121405594,175.552024062,17.3121405594
0,17.7846982753,175.387686054,17.7846982753
0,17.5758226943,174.397512729,17.5758226943
0,17.2414508347,174.951829375,17.2414508347
0,17.3401081127,175.030389253,17.3401081127
0,17.7963946554,174.877067084,17.7963946554
0,16.8776518877,174.76208844,16.8776518877
0,16.6521865242,175.042073908,16.6521865242
0,17.3185437524,175.449749825,17.3185437524
0,17.5363733474,175.166470528,17.5363733474
0,16.556441188,174.582372855,16.556441188
0,16.7359188295,175.157865397,16.7359188295
0,17.1050805721,174.609549542,17.1050805721
0,16.3349111169,174.721781207,16.3349111169
0,16.711762907,174.975487674,16.711762907
0,16.1977827998,175.023869684,16.1977827998
0,15.8161773087,175.271818754,15.8161773087
0,15.7441175974,175.40004532,15.7441175974
0,15.8602664052,174.647783417,15.8602664052
0,15.6140318813,175.165098013,15.6140318813
0,16.0452644746,175.353907378,16.0452644746
0,15.8102484926,175.682651036,15.8102484926
0,15.4682997718,174.75749195,15.4682997718
0,15.2879689522,174.627866355,15.2879689522
0,15.8488410259,174.978909546,15.8488410259
0,15.3018810339,174.809499467,15.3018810339
0,15.1623413039,174.522359635,15.1623413039
0,15.4398386434,174.848956791,15.4398386434
0,14.678032005,174.615247944,14.678032005
0,14.5331450378,174.435448188,14.5331450378
0,14.6260092695,174.73629994,14.6260092695
0,14.9442388382,174.980636198,14.9442388382
0,14.1714397423,175.326323723,14.1714397423
0,14.3589094191,174.863899463,14.3589094191
0,14.3120474534,175.024240939,14.3120474534
0,14.2147912049,174.955854393,14.2147912049
0,14.0252664618,175.291036713,14.0252664618
0,13.9751694033,175.343995748,13.9751694033
0,14.7732666407,175.055900399,14.7732666407
0,14.2196495332,175.761802108,14.2196495332
0,13.8837094326,174.830349624,13.8837094326
0,13.5241579699,175.490606105,13.5241579699
0,14.0899798779,174.927434943,14.0899798779
0,13.9261577133,175.089177771,13.9261577133
0,13.4711215532,175.600802962,13.4711215532
0,13.5397573387,175.633791908,13.5397573387
0,13.642231189,175.699325843,13.642231189
0,13.6593350232,175.622273343,13.6593350232
0,13.2746121035,175.261270645,13.2746121035
0,13.5330458459,175.524954641,13.5330458459
0,13.1674012254,175.48889591,13.1674012254
0,13.0712247178,175.465380538,13.0712247178
0,13.6203197237,175.940031109,13.6203197237
0,13.0374722684,175.175688873,13.0374722684
0,13.6031407989,175.481863284,13.6031407989
0,13.047298337,175.30492216,13.047298337
0,12.6437510812,175.147635803,12.6437510812
0,12.418144686,175.36353667,12.418144686
0,12.7120969357,175.619252936,12.7120969357
0,12.679469817,175.463833803,12.679469817
0,12.8905840563,175.598112153,12.8905840563
0,11.9915130711,175.623570383,11.9915130711
0,12.4573110803,175.524149246,12.4573110803
0,12.3786508208,175.548800781,12.3786508208
0,12.7386350999,175.689862782,12.7386350999
0,12.2640147865,176.037048532,12.2640147865
0,12.1832144232,175.153922339,12.1832144232
0,12.0545787263,176.092183396,12.0545787263
0,12.1285446385,175.701106806,12.1285446385
0,11.8642482536,175.711272613,11.8642482536
0,12.3463926156,175.589071525,12.3463926156
0,12.0987563098,175.563965342,12.0987563098
0,11.3891605551,175.698431616,11.3891605551
0,11.1805247307,175.513574083,11.1805247307
0,11.7627240802,175.471184878,11.7627240802
0,11.6829035942,175.511301902,11.6829035942
0,11.6677106678,175.21022741,11.6677106678
0,11.4777547832,175.695290272,11.4777547832
0,11.3825844783,175.724740841,11.3825844783
0,11.5354903461,175.459467959,11.5354903461
0,11.7221954378,175.465742562,11.7221954378
0,11.4156568177,176.019382359,11.4156568177
0,11.6167705921,175.772215938,11.6167705921
0,11.1161130675,176.060085677,11.1161130675
0,11.3113307617,176.073937738,11.3113307617
0,10.9151095811,175.45231773,10.9151095811
0,11.1844419752,175.889916491,11.1844419752
0,10.926474158,176.029510342,10.926474158
0,10.9031919448,176.32073678,10.9031919448
0,11.0431260008,175.803557204,11.0431260008
0,11.1106626908,175.739269223,11.1106626908
0,11.2117699676,175.6587707,11.2117699676
0,10.5848766856,176.094158633,10.5848766856
0,10.9854123817,175.881519724,10.9854123817
0,11.0015497303,176.09704176,11.0015497303
0,10.8550873128,177.006026858,10.8550873128
0,10.0768294871,176.284658912,10.0768294871
0,10.4922059463,176.366454098,10.4922059463
0,10.3168138637,176.188892116,10.3168138637
0,10.7981605489,176.653728897,10.7981605489
0,10.9013569257,176.434739731,10.9013569257
0,10.3285448254,176.035830616,10.3285448254
0,10.0973222644,175.9389895,10.0973222644
0,10.3570924334,176.054761674,10.3570924334
0,10.1465129689,175.682873295,10.1465129689
0,10.0953459385,176.127050901,10.0953459385
0,10.0943100565,175.824164896,10.0943100565
0,10.1517708993,176.410970166,10.1517708993
0,10.1671569413,175.608245357,10.1671569413
0,10.5248703338,176.075516913,10.5248703338
0,10.1433413785,176.197835765,10.1433413785
0,10.1431347668,176.199886607,10.1431347668
0,10.2152438552,176.294786816,10.2152438552
0,10.1177899762,175.551777959,10.1177899762
0,10.1684427059,175.964887507,10.1684427059
0,9.68077334019,176.265669065,9.68077334019
0,9.56792325314,176.095666563,9.56792325314
0,9.69918015153,175.87044369,9.69918015153
0,9.98080414791,176.226600997,9.98080414791
0,9.70982329275,176.011797029,9.70982329275
0,9.88962095785,175.913111569,9.88962095785
0,9.60355695103,176.093374344,9.60355695103
0,9.64587973582,176.362875071,9.64587973582
0,9.73782080119,176.438761684,9.73782080119
0,9.31673737153,176.362257984,9.31673737153
0,9.45544547756,176.068870293,9.45544547756
0,9.86522403252,176.12249114,9.86522403252
0,9.3858385032,176.284632541,9.3858385032
0,9.84278508045,175.964526707,9.84278508045
0,9.22202748711,176.797961246,9.22202748711
0,9.5072012569,175.919185288,9.5072012569
0,9.26694792865,176.332192267,9.26694792865
0,9.26074848406,175.90719223,9.26074848406
0,9.31813374374,176.477543762,9.31813374374
0,9.34734848169,176.533702731,9.34734848169
0,9.03931724494,176.327186644,9.03931724494
0,9.31671019744,176.166639326,9.31671019744
0,9.45680926079,176.074231681,9.45680926079
0,9.03828403215,176.074116612,9.03828403215
0,9.49953247933,176.342260025,9.49953247933
0,9.48874565138,176.04009643,9.48874565138
0,9.13569363043,176.758083631,9.13569363043
0,9.07743907244,176.327795726,9.07743907244
0,8.59739903817,176.302937754,8.59739903817
0,8.97510685928,176.521821008,8.97510685928
0,8.62264761233,176.879630667,8.62264761233
0,8.78906799613,176.566198699,8.78906799613
0,8.96832952947,176.782903593,8.96832952947
0,8.9037477837,176.448914425,8.9037477837
0,8.35786172777,176.306448635,8.35786172777
0,8.72299665214,176.563565187,8.72299665214
0,8.91310897728,176.592220976,8.91310897728
0,8.77948189208,176.731072015,8.77948189208
0,8.95886787619,176.125417443,8.95886787619
0,8.70821275543,176.367042685,8.70821275543
0,8.55028038951,176.38419276,8.55028038951
0,8.55803182299,176.217944078,8.55803182299
0,8.45876165617,176.279904606,8.45876165617
0,8.9810964027,176.697702856,8.9810964027
0,8.64923820439,176.821692747,8.64923820439
0,8.48638071447,176.218223435,8.48638071447
0,8.39068925535,176.525062862,8.39068925535
0,8.69370255068,176.608215411,8.69370255068
0,8.60747166691,176.560151526,8.60747166691
0,8.87258054482,176.608612391,8.87258054482
0,8.91632676673,176.581084552,8.91632676673
0,8.49443147115,176.596037789,8.49443147115
0,8.54930873461,176.648309438,8.54930873461
0,8.16589722658,176.365864888,8.16589722658
0,8.08445142476,176.668415358,8.08445142476
0,7.88121839644,176.589770164,7.88121839644
0,8.01178140801,176.412467871,8.01178140801
0,8.45372764021,176.474984678,8.45372764021
0,8.29583197712,176.901246854,8.29583197712
0,8.19247391018,176.215949744,8.19247391018
0,8.12384730437,176.569192179,8.12384730437
0,8.20926937567,176.544167784,8.20926937567
0,8.06543598125,176.244244455,8.06543598125
0,8.00627507847,176.478011045,8.00627507847
0,8.14581878451,176.923717496,8.14581878451
0,8.23219702413,176.614733665,8.23219702413
0,8.12771295081,177.018839034,8.12771295081
0,8.09393116884,176.387243676,8.09393116884
0,7.50582564539,176.466316916,7.50582564539
0,8.06214507839,176.23832631,8.06214507839
0,8.38249869508,176.56749168,8.38249869508
0,7.73606198341,176.371690585,7.73606198341
0,7.77574147358,176.792259924,7.77574147358
0,8.00389699806,176.385071308,8.00389699806
0,8.21817979214,176.61603006,8.21817979214
0,8.3347152896,176.875153795,8.3347152896
0,8.22201420686,176.791316972,8.22201420686
0,8.08815947244,176.604332428,8.08815947244
0,8.01612069896,177.000269434,8.01612069896
0,7.65370724808,176.498699481,7.65370724808
0,8.01082304864,177.079242197,8.01082304864
0,7.91350195462,176.458550213,7.91350195462
0,8.15224994991,176.257867766,8.15224994991
0,7.97636162646,176.677451889,7.97636162646
0,7.9738566039,176.402352658,7.9738566039
0,7.47050206735,176.966435685,7.47050206735
0,7.81648121981,176.897870197,7.81648121981
0,7.58387620668,176.864873525,7.58387620668
0,7.50916903889,176.318879763,7.50916903889
0,7.85763251563,176.401647147,7.85763251563
0,7.50397869281,176.444824911,7.50397869281
0,7.56601831035,176.870094983,7.56601831035
0,7.77242119906,176.624415349,7.77242119906
0,7.55918342312,177.104313144,7.55918342312
0,7.58933004395,176.780183252,7.58933004395
0,7.24375075976,176.904139805,7.24375075976
0,7.4974328143,176.567061172,7.4974328143
0,7.63990891265,176.776125821,7.63990891265
0,7.02665203766,176.827245884,7.02665203766
0,7.40809278713,177.030418069,7.40809278713
0,7.32082770067,176.902550081,7.32082770067
0,7.30109104301,176.985605607,7.30109104301
0,7.40811825728,176.943053101,7.40811825728
0,7.33835938182,176.803498707,7.33835938182
0,7.52047650406,177.396855407,7.52047650406
0,7.36187706364,176.381452702,7.36187706364
0,7.26472625292,176.905926033,7.26472625292
0,7.30987367359,176.582828714,7.30987367359
0,7.37007337817,177.305596379,7.37007337817
0,7.10608881219,177.281511486,7.10608881219
0,7.12897178881,177.209123558,7.12897178881
0,7.34410817506,176.909670944,7.34410817506
0,7.46495313737,176.747118134,7.46495313737
0,7.18179355469,176.939888792,7.18179355469
0,7.38345024232,177.071716551,7.38345024232
0,7.22558626034,176.634205567,7.22558626034
0,7.25827768156,176.77631932,7.25827768156
0,7.41932090143,176.688281384,7.41932090143
0,7.43966940529,177.073713362,7.43966940529
0,7.13375516239,176.87193206,7.13375516239
0,7.09836788142,177.282532474,7.09836788142
0,7.56756455769,177.127295751,7.56756455769
0,7.78133306737,177.304277605,7.78133306737
0,50.6461431264,169.709592711,50.6461431264
0,70.5470232001,141.449099432,70.5470232001
0,64.7668624677,167.870081759,64.7668624677
0,63.9229046402,159.313065808,63.9229046402
0,62.3638766636,164.327898999,62.3638766636
0,62.0770748519,164.609187244,62.0770748519
0,61.90128684,164.666654744,61.90128684
0,61.8135492569,164.680373358,61.8135492569
0,61.7221026037,164.683826924,61.7221026037
0,61.7114144168,164.684711579,61.7114144168
0,61.5617792427,164.684935212,61.5617792427
0,61.5171292163,164.684994116,61.5171292163
0,61.4704275492,164.685008101,61.4704275492
0,61.5246083969,164.685009012,61.5246083969
0,61.469199934,164.685008956,61.469199934
0,61.3391339733,164.685008961,61.3391339733
0,61.3280159891,164.685008864,61.3280159891
0,61.2492858603,164.685008881,61.2492858603
0,61.3167917362,164.685008881,61.3167917362
0,61.3184663808,164.685008881,61.3184663808
0,61.2089585197,164.685008881,61.2089585197
0,61.2321212287,164.685008881,61.2321212287
0,61.1995267894,164.685008881,61.1995267894
0,61.2132613135,164.685008881,61.2132613135
0,61.1359631316,164.685008881,61.1359631316
0,61.1616710266,164.685008881,61.1616710266
0,61.1254778647,164.685008881,61.1254778647
0,61.10318786,164.685008881,61.10318786
0,61.0645701729,164.685008881,61.0645701729
0,61.0765947596,164.685008881,61.0765947596
0,61.064929302,164.685008881,61.064929302
0,61.0697381268,164.685008881,61.0697381268
0,61.0658724652,164.685008881,61.0658724652
0,61.0206709453,164.685008881,61.0206709453
0,61.0333028963,164.685008881,61.0333028963
0,61.027810891,164.685008881,61.027810891
0,61.0163017895,164.685008881,61.0163017895
0,61.0012980631,164.685008881,61.0012980631
0,60.961054537,164.685008881,60.961054537
0,60.9783222131,164.685008881,60.9783222131
0,61.0071353552,164.685008881,61.0071353552
0,60.914567478,164.685008881,60.914567478
0,60.926077685,164.685008881,60.926077685
0,60.9367266415,164.685008881,60.9367266415
0,60.9765474669,164.685008881,60.9765474669
0,60.9673662114,164.685008881,60.9673662114
0,60.8891977262,164.685008881,60.8891977262
0,60.8868308599,164.685008881,60.8868308599
0,60.9012995637,164.685008881,60.9012995637
0,60.890328136,164.685008881,60.890328136
0,60.9110003344,164.685008881,60.9110003344
0,60.9057894972,164.685008881,60.9057894972
0,60.8968518328,164.685008881,60.8968518328
0,60.9184957859,164.685008881,60.9184957859
0,60.9076785837,164.685008881,60.9076785837
0,60.8657886177,164.685008881,60.8657886177
0,60.8615004128,164.685008881,60.8615004128
0,60.841308746,164.685008881,60.841308746
0,60.8744995575,164.685008881,60.8744995575
0,60.8378398492,164.685008881,60.8378398492
0,60.832331606,164.685008881,60.832331606
0,60.8425116787,164.685008881,60.8425116787
0,60.8230286071,164.685008881,60.8230286071
0,60.8258465595,164.685008881,60.8258465595
0,60.8367215297,164.685008881,60.8367215297
0,60.8775267126,164.685008881,60.8775267126
0,60.7892223296,164.685008881,60.7892223296
0,60.7889353563,164.685008881,60.7889353563
0,60.8072129074,164.685008881,60.8072129074
0,60.7981524323,164.685008881,60.7981524323
0,60.8296846831,164.685008881,60.8296846831
0,60.7973474795,164.685008881,60.7973474795
0,60.7709324014,164.685008881,60.7709324014
0,60.7432964162,164.685008881,60.7432964162
0,60.8167195141,164.685008881,60.8167195141
0,60.7875403644,164.685008881,60.7875403644
0,60.7482331914,164.685008881,60.7482331914
0,60.7761168378,164.685008881,60.7761168378
0,60.7567033024,164.685008881,60.7567033024
0,60.7869368789,164.685008881,60.7869368789
0,60.7678262082,164.685008881,60.7678262082
0,60.7775609832,164.685008881,60.7775609832
0,60.7862387085,164.685008881,60.7862387085
0,60.7691699023,164.685008881,60.7691699023
0,60.7842640535,164.685008881,60.7842640535
0,60.7533521955,164.685008881,60.7533521955
0,60.7822293787,164.685008881,60.7822293787
0,60.7722556007,164.685008881,60.7722556007
0,60.7079105187,164.685008881,60.7079105187
0,60.706994548,164.685008881,60.706994548
0,60.7159696577,164.685008881,60.7159696577
0,60.7491671137,164.685008881,60.7491671137
0,60.757439397,164.685008881,60.757439397
0,60.7263413913,164.685008881,60.7263413913
0,60.7267981034,164.685008881,60.7267981034
0,60.7370716301,164.685008881,60.7370716301
0,60.7555735417,164.685008881,60.7555735417
0,60.7001407148,164.685008881,60.7001407148
0,60.7145143965,164.685008881,60.7145143965
0,60.7039455868,164.685008881,60.7039455868
0,60.7294045444,164.685008881,60.7294045444
0,60.71364761,164.685008881,60.71364761
0,60.7231456237,164.685008881,60.7231456237
0,60.7017519577,164.685008881,60.7017519577
0,60.7335393538,164.685008881,60.7335393538
0,60.7289179713,164.685008881,60.7289179713
0,60.6981971626,164.685008881,60.6981971626
0,60.7113974141,164.685008881,60.7113974141
0,60.7192647468,164.685008881,60.7192647468
0,60.6843712331,164.685008881,60.6843712331
0,60.6713514661,164.685008881,60.6713514661
0,60.6971138824,164.685008881,60.6971138824
0,60.692538147,164.685008881,60.692538147
0,60.7076432711,164.685008881,60.7076432711
0,60.6743259793,164.685008881,60.6743259793
0,60.6981580049,164.685008881,60.6981580049
0,60.6987509681,164.685008881,60.6987509681
0,60.7194143724,164.685008881,60.7194143724
0,60.6729167833,164.685008881,60.6729167833
0,60.7012875756,164.685008881,60.7012875756
0,60.7099228296,164.685008881,60.7099228296
0,60.6573195235,164.685008881,60.6573195235
0,60.6596915625,164.685008881,60.6596915625
0,60.6702970536,164.685008881,60.6702970536
0,60.6805800825,164.685008881,60.6805800825
0,60.6703349973,164.685008881,60.6703349973
0,60.6553188702,164.685008881,60.6553188702
0,60.64495948,164.685008881,60.64495948
0,60.6694453721,164.685008881,60.6694453721
0,60.6647387044,164.685008881,60.6647387044
0,60.6551712653,164.685008881,60.6551712653
0,60.6680798981,164.685008881,60.6680798981
0,60.6484312607,164.685008881,60.6484312607
0,60.6445532726,164.685008881,60.6445532726
0,60.6375176615,164.685008881,60.6375176615
0,60.6610133181,164.685008881,60.6610133181
0,60.686645689,164.685008881,60.686645689
0,60.6438512845,164.685008881,60.6438512845
0,60.6455830766,164.685008881,60.6455830766
0,60.6646407777,164.685008881,60.6646407777
0,60.6641523578,164.685008881,60.6641523578
0,60.6258305822,164.685008881,60.6258305822
0,60.6653150964,164.685008881,60.6653150964
0,60.6464537549,164.685008881,60.6464537549
0,60.6516306718,164.685008881,60.6516306718
0,60.637217013,164.685008881,60.637217013
0,60.6336480511,164.685008881,60.6336480511
0,60.6322967172,164.685008881,60.6322967172
0,60.6358090106,164.685008881,60.6358090106
0,60.6599299032,164.685008881,60.6599299032
0,60.6512386255,164.685008881,60.6512386255
0,60.6417295147,164.685008881,60.6417295147
0,60.6269153434,164.685008881,60.6269153434
0,60.6150425017,164.685008881,60.6150425017
0,60.6449749576,164.685008881,60.6449749576
0,60.6422274026,164.685008881,60.6422274026
0,60.6459107762,164.685008881,60.6459107762
0,60.6239090959,164.685008881,60.6239090959
0,60.6154645197,164.685008881,60.6154645197
0,60.6102429571,164.685008881,60.6102429571
0,60.6398166929,164.685008881,60.6398166929
0,60.6457931223,164.685008881,60.6457931223
0,60.6025222449,164.685008881,60.6025222449
0,60.6423410876,164.685008881,60.6423410876
0,60.6138951882,164.685008881,60.6138951882
0,60.6276785339,164.685008881,60.6276785339
0,60.6160096433,164.685008881,60.6160096433
0,60.6313059097,164.685008881,60.6313059097
0,60.6329929416,164.685008881,60.6329929416
0,60.6064416874,164.685008881,60.6064416874
0,60.6045784668,164.685008881,60.6045784668
0,60.6343309429,164.685008881,60.6343309429
0,60.5760732303,164.685008881,60.5760732303
0,60.5923296363,164.685008881,60.5923296363
0,60.6133777816,164.685008881,60.6133777816
0,60.6280803992,164.685008881,60.6280803992
0,60.608443144,164.685008881,60.608443144
0,60.6018971045,164.685008881,60.6018971045
0,60.5920680675,164.685008881,60.5920680675
0,60.602973822,164.685008881,60.602973822
0,60.6094042904,164.685008881,60.6094042904
0,60.5887253308,164.685008881,60.5887253308
0,60.5909211777,164.685008881,60.5909211777
0,60.6167203135,164.685008881,60.6167203135
0,60.6192970869,164.685008881,60.6192970869
0,60.5640199557,164.685008881,60.5640199557
0,60.5930386564,164.685008881,60.5930386564
0,60.5884344547,164.685008881,60.5884344547
0,60.6243209071,164.685008881,60.6243209071
0,60.6321606262,164.685008881,60.6321606262
0,60.5982340238,164.685008881,60.5982340238
0,60.5925928905,164.685008881,60.5925928905
0,60.5961455281,164.685008881,60.5961455281
0,60.5918897981,164.685008881,60.5918897981
0,60.5835261153,164.685008881,60.5835261153
0,60.5596252037,164.685008881,60.5596252037
0,60.5876650366,164.685008881,60.5876650366
0,60.6034293264,164.685008881,60.6034293264
0,60.5583229458,164.685008881,60.5583229458
0,60.5886947255,164.685008881,60.5886947255
0,60.6149437964,164.685008881,60.6149437964
0,60.5881982854,164.685008881,60.5881982854
0,60.5963331629,164.685008881,60.5963331629
0,60.59812329,164.685008881,60.59812329
0,60.5715056688,164.685008881,60.5715056688
0,60.6047145382,164.685008881,60.6047145382
0,60.6095536436,164.685008881,60.6095536436
0,60.5611002585,164.685008881,60.5611002585
0,60.6017105985,164.685008881,60.6017105985
0,60.5920603523,164.685008881,60.5920603523
0,60.5860076406,164.685008881,60.5860076406
0,60.5821085525,164.685008881,60.5821085525
0,60.5664468071,164.685008881,60.5664468071
0,60.5831788413,164.685008881,60.5831788413
0,60.5939672006,164.685008881,60.5939672006
0,60.5761880181,164.685008881,60.5761880181
0,60.5748182825,164.685008881,60.5748182825
0,60.5833105688,164.685008881,60.5833105688
0,60.6028123359,164.685008881,60.6028123359
0,60.5629833939,164.685008881,60.5629833939
0,60.5622961249,164.685008881,60.5622961249
0,60.5889768564,164.685008881,60.5889768564
0,60.5852798995,164.685008881,60.5852798995
0,60.5509725963,164.685008881,60.5509725963
0,60.580066685,164.685008881,60.580066685
0,60.5982026714,164.685008881,60.5982026714
0,60.5695510341,164.685008881,60.5695510341
0,60.5878207766,164.685008881,60.5878207766
0,60.5750368078,164.685008881,60.5750368078
0,60.5510195078,164.685008881,60.5510195078
0,60.5478743138,164.685008881,60.5478743138
0,60.5758315684,164.685008881,60.5758315684
0,60.5893223312,164.685008881,60.5893223312
0,60.5458552593,164.685008881,60.5458552593
0,60.5808283235,164.685008881,60.5808283235
0,60.554050355,164.685008881,60.554050355
0,60.5719658006,164.685008881,60.5719658006
0,60.5725077267,164.685008881,60.5725077267
0,60.5630581224,164.685008881,60.5630581224
0,60.5730261486,164.685008881,60.5730261486
0,60.5407904666,164.685008881,60.5407904666
0,60.5917140691,164.685008881,60.5917140691
0,60.5580927653,164.685008881,60.5580927653
0,60.5491816232,164.685008881,60.5491816232
0,60.560292909,164.685008881,60.560292909
0,60.5636147918,164.685008881,60.5636147918
0,60.5717729929,164.685008881,60.5717729929
0,60.5499793797,164.685008881,60.5499793797
0,60.5506078703,164.685008881,60.5506078703
0,60.5932567383,164.685008881,60.5932567383
0,60.553198415,164.685008881,60.553198415
0,60.5467192524,164.685008881,60.5467192524
0,60.5616882488,164.685008881,60.5616882488
0,60.5248910002,164.685008881,60.5248910002
0,60.5670791163,164.685008881,60.5670791163
0,60.5510610782,164.685008881,60.5510610782
0,60.6275166748,164.685008881,60.6275166748
0,60.5731621034,164.685008881,60.5731621034
0,60.5471769086,164.685008881,60.5471769086
0,60.5557152645,164.685008881,60.5557152645
0,60.5722581414,164.685008881,60.5722581414
0,60.5351041025,164.685008881,60.5351041025
0,60.5673137946,164.685008881,60.5673137946
0,60.5543727799,164.685008881,60.5543727799
0,60.5208138245,164.685008881,60.5208138245
0,60.5469871582,164.685008881,60.5469871582
0,60.5742925915,164.685008881,60.5742925915
0,60.556374854,164.685008881,60.556374854
0,60.5196646231,164.685008881,60.5196646231
0,60.5607851657,164.685008881,60.5607851657
0,60.5618624928,164.685008881,60.5618624928
0,60.5395189158,164.685008881,60.5395189158
0,60.5200876961,164.685008881,60.5200876961
0,60.5414135811,164.685008881,60.5414135811
0,60.5489113389,164.685008881,60.5489113389
0,60.5373076659,164.685008881,60.5373076659
0,60.5141027856,164.685008881,60.5141027856
0,60.525447668,164.685008881,60.525447668
0,60.5486431022,164.685008881,60.5486431022
0,60.5252405024,164.685008881,60.5252405024
0,60.5604518302,164.685008881,60.5604518302
0,60.5359186131,164.685008881,60.5359186131
0,60.5798064964,164.685008881,60.5798064964
0,60.5278409494,164.685008881,60.5278409494
0,60.5389912067,164.685008881,60.5389912067
0,60.5240008045,164.685008881,60.5240008045
0,60.5282874807,164.685008881,60.5282874807
0,60.5187104311,164.685008881,60.5187104311
0,60.522313306,164.685008881,60.522313306
0,60.5127996491,164.685008881,60.5127996491
0,60.5472474049,164.685008881,60.5472474049
0,60.5184043501,164.685008881,60.5184043501
0,60.5412691661,164.685008881,60.5412691661
0,60.5310948166,164.685008881,60.5310948166
0,60.539846502,164.685008881,60.539846502
0,60.5192950294,164.685008881,60.5192950294
0,60.5407186753,164.685008881,60.5407186753
0,60.5200177698,164.685008881,60.5200177698
0,60.5179838982,164.685008881,60.5179838982
0,60.5364164969,164.685008881,60.5364164969
0,60.5420661289,164.685008881,60.5420661289
0,60.5241198026,164.685008881,60.5241198026
0,60.4986683281,164.685008881,60.4986683281
0,60.5278777136,164.685008881,60.5278777136
0,60.5169885737,164.685008881,60.5169885737
0,60.525829841,164.685008881,60.525829841
0,60.5166520554,164.685008881,60.5166520554
0,60.5236063084,164.685008881,60.5236063084
0,60.5479516922,164.685008881,60.5479516922
0,60.5070919836,164.685008881,60.5070919836
0,60.57720839,164.685008881,60.57720839
0,60.5402355175,164.685008881,60.5402355175
0,60.4879108756,164.685008881,60.4879108756
0,60.5244272085,164.685008881,60.5244272085
0,60.5271511729,164.685008881,60.5271511729
0,60.5230916347,164.685008881,60.5230916347
0,60.5233794156,164.685008881,60.5233794156
0,60.5237230414,164.685008881,60.5237230414
0,60.5073042017,164.685008881,60.5073042017
0,60.5292316265,164.685008881,60.5292316265
0,60.5197091452,164.685008881,60.5197091452
0,60.5279114727,164.685008881,60.5279114727
0,60.5216467192,164.685008881,60.5216467192
0,60.4868732735,164.685008881,60.4868732735
0,60.5138431992,164.685008881,60.5138431992
0,60.5002215398,164.685008881,60.5002215398
0,60.4976029914,164.685008881,60.4976029914
0,60.5328895236,164.685008881,60.5328895236
0,60.5052964969,164.685008881,60.5052964969
0,60.4948895353,164.685008881,60.4948895353
0,60.5148707263,164.685008881,60.5148707263
0,60.4977066556,164.685008881,60.4977066556
0,60.5116125242,164.685008881,60.5116125242
0,60.5107012549,164.685008881,60.5107012549
0,60.4884328374,164.685008881,60.4884328374
0,60.5136627899,164.685008881,60.5136627899
0,60.4982854807,164.685008881,60.4982854807
0,60.5669016767,164.685008881,60.5669016767
0,60.5028845085,164.685008881,60.5028845085
0,60.4934260868,164.685008881,60.4934260868
0,60.5020494247,164.685008881,60.5020494247
0,60.4858869793,164.685008881,60.4858869793
0,60.5249511052,164.685008881,60.5249511052
0,60.5171831002,164.685008881,60.5171831002
0,60.4914752493,164.685008881,60.4914752493
0,60.5152833135,164.685008881,60.5152833135
0,60.487032186,164.685008881,60.487032186
0,60.5026466562,164.685008881,60.5026466562
0,60.5034467465,164.685008881,60.5034467465
0,60.4893075986,164.685008881,60.4893075986
0,60.5119341118,164.685008881,60.5119341118
0,60.4559491115,164.685008881,60.4559491115
0,60.5358372937,164.685008881,60.5358372937
0,60.4755791684,164.685008881,60.4755791684
0,60.4973671267,164.685008881,60.4973671267
0,60.5089070932,164.685008881,60.5089070932
0,60.4986573926,164.685008881,60.4986573926
0,60.4927101181,164.685008881,60.4927101181
0,60.4919943409,164.685008881,60.4919943409
0,60.4943256277,164.685008881,60.4943256277
0,60.488860586,164.685008881,60.488860586
0,60.5188984595,164.685008881,60.5188984595
0,60.4760204248,164.685008881,60.4760204248
0,60.4891787353,164.685008881,60.4891787353
0,60.5160698004,164.685008881,60.5160698004
0,60.5022349137,164.685008881,60.5022349137
0,60.4876961839,164.685008881,60.4876961839
0,60.4857122598,164.685008881,60.4857122598
0,60.498347594,164.685008881,60.498347594
0,60.503960256,164.685008881,60.503960256
0,60.4873574133,164.685008881,60.4873574133
0,60.473256483,164.685008881,60.473256483
0,60.5056501728,164.685008881,60.5056501728
0,60.5158424881,164.685008881,60.5158424881
0,60.4966791796,164.685008881,60.4966791796
0,60.4680637199,164.685008881,60.4680637199
0,60.5107997031,164.685008881,60.5107997031
0,60.4822957763,164.685008881,60.4822957763
0,60.4812061545,164.685008881,60.4812061545
0,60.4677017566,164.685008881,60.4677017566
0,60.4765869712,164.685008881,60.4765869712
0,60.504440673,164.685008881,60.504440673
0,60.4879424498,164.685008881,60.4879424498
0,60.4773887467,164.685008881,60.4773887467
0,60.4640979847,164.685008881,60.4640979847
0,60.486178596,164.685008881,60.486178596
0,60.4737881823,164.685008881,60.4737881823
0,60.4791024507,164.685008881,60.4791024507
0,60.4646843456,164.685008881,60.4646843456
0,60.4887191267,164.685008881,60.4887191267
0,60.4669666469,164.685008881,60.4669666469
0,60.4660157275,164.685008881,60.4660157275
0,60.4584151863,164.685008881,60.4584151863
0,60.4896174139,164.685008881,60.4896174139
0,60.4955127383,164.685008881,60.4955127383
0,60.4889555943,164.685008881,60.4889555943
0,60.4759802725,164.685008881,60.4759802725
0,60.4650015933,164.685008881,60.4650015933
0,60.4763706751,164.685008881,60.4763706751
0,60.4789316225,164.685008881,60.4789316225
0,60.4830955622,164.685008881,60.4830955622
0,60.4797086339,164.685008881,60.4797086339
0,60.4880364902,164.685008881,60.4880364902
0,60.4699379092,164.685008881,60.4699379092
0,60.4651712348,164.685008881,60.4651712348
0,60.4702636847,164.685008881,60.4702636847
0,60.5017247766,164.685008881,60.5017247766
0,60.4851661429,164.685008881,60.4851661429
0,60.4506582962,164.685008881,60.4506582962
0,60.4779484731,164.685008881,60.4779484731
0,60.4611864387,164.685008881,60.4611864387
0,60.5216269991,164.685008881,60.5216269991
0,60.4751662057,164.685008881,60.4751662057
0,60.4585855314,164.685008881,60.4585855314
0,60.4650965718,164.685008881,60.4650965718
0,60.465068317,164.685008881,60.465068317
0,60.5069598265,164.685008881,60.5069598265
0,60.4710009003,164.685008881,60.4710009003
0,60.472362297,164.685008881,60.472362297
0,60.4802699995,164.685008881,60.4802699995
0,60.4625886007,164.685008881,60.4625886007
0,60.4755082274,164.685008881,60.4755082274
0,60.4867285339,164.685008881,60.4867285339
0,60.4713591435,164.685008881,60.4713591435
0,60.4601336991,164.685008881,60.4601336991
0,60.463532273,164.685008881,60.463532273
0,60.4735560716,164.685008881,60.4735560716
0,60.475809071,164.685008881,60.475809071
0,60.4783233591,164.685008881,60.4783233591
0,60.4520780251,164.685008881,60.4520780251
0,60.4700357152,164.685008881,60.4700357152
0,60.4683754023,164.685008881,60.4683754023
0,60.4367948702,164.685008881,60.4367948702
0,60.4805783319,164.685008881,60.4805783319
0,60.4493331805,164.685008881,60.4493331805
0,60.4543505748,164.685008881,60.4543505748
0,60.4602658236,164.685008881,60.4602658236
0,60.4812485404,164.685008881,60.4812485404
0,60.4628809667,164.685008881,60.4628809667
0,60.4790116893,164.685008881,60.4790116893
0,60.4517029976,164.685008881,60.4517029976
0,60.4548282113,164.685008881,60.4548282113
0,60.4436143792,164.685008881,60.4436143792
0,60.4551604605,164.685008881,60.4551604605
0,60.4691145157,164.685008881,60.4691145157
0,60.4880790252,164.685008881,60.4880790252
0,60.4544004392,164.685008881,60.4544004392
0,60.4694296581,164.685008881,60.4694296581
0,60.4363185496,164.685008881,60.4363185496
0,60.4544083507,164.685008881,60.4544083507
0,60.4585560261,164.685008881,60.4585560261
0,60.4766514833,164.685008881,60.4766514833
0,60.458024083,164.685008881,60.458024083
0,60.4733378089,164.685008881,60.4733378089
0,60.440602053,164.685008881,60.440602053
0,60.5245947896,164.685008881,60.5245947896
0,60.4941801252,164.685008881,60.4941801252
0,60.4736551706,164.685008881,60.4736551706
0,60.4596479114,164.685008881,60.4596479114
0,60.4705290645,164.685008881,60.4705290645
0,60.4723650551,164.685008881,60.4723650551
0,60.4504904273,164.685008881,60.4504904273
0,60.485185843,164.685008881,60.485185843
0,60.4730749787,164.685008881,60.4730749787
0,60.4376007432,164.685008881,60.4376007432
0,60.4688118491,164.685008881,60.4688118491
0,60.4394082192,164.685008881,60.4394082192
0,60.5040330976,164.685008881,60.5040330976
0,60.452715374,164.685008881,60.452715374
0,60.4790410914,164.685008881,60.4790410914
0,60.4718185743,164.685008881,60.4718185743
0,60.4702229195,164.685008881,60.4702229195
0,60.4186926104,164.685008881,60.4186926104
0,60.4519426581,164.685008881,60.4519426581
0,60.4539766045,164.685008881,60.4539766045
0,60.4532455292,164.685008881,60.4532455292
0,60.4703863827,164.685008881,60.4703863827
0,60.4421119823,164.685008881,60.4421119823
0,60.4936742113,164.685008881,60.4936742113
0,60.4593914773,164.685008881,60.4593914773
0,60.4421380373,164.685008881,60.4421380373
0,60.4422553283,164.685008881,60.4422553283
0,60.4327873014,164.685008881,60.4327873014
0,60.4594933826,164.685008881,60.4594933826
0,60.4264622182,164.685008881,60.4264622182
0,60.4394789065,164.685008881,60.4394789065
0,60.4655303487,164.685008881,60.4655303487
0,60.460521616,164.685008881,60.460521616
0,60.4362590681,164.685008881,60.4362590681
0,60.4343835667,164.685008881,60.4343835667
0,60.4351610135,164.685008881,60.4351610135
0,60.4732960749,164.685008881,60.4732960749
0,60.4535761106,164.685008881,60.4535761106
0,60.4323838537,164.685008881,60.4323838537
0,60.4485977439,164.685008881,60.4485977439
0,60.4646548638,164.685008881,60.4646548638
0,60.456075871,164.685008881,60.456075871
0,60.442471162,164.685008881,60.442471162
0,60.4597131071,164.685008881,60.4597131071
0,60.4393355154,164.685008881,60.4393355154
0,60.4404802614,164.685008881,60.4404802614
0,60.4313981482,164.685008881,60.4313981482
0,60.4497944751,164.685008881,60.4497944751
0,60.4389112991,164.685008881,60.4389112991
0,60.4518010265,164.685008881,60.4518010265
0,60.4460049614,164.685008881,60.4460049614
0,60.4402241735,164.685008881,60.4402241735
0,60.4273226901,164.685008881,60.4273226901
0,60.4643141823,164.685008881,60.4643141823
0,60.4355280368,164.685008881,60.4355280368
0,60.4685472591,164.685008881,60.4685472591
0,60.439730275,164.685008881,60.439730275
0,60.4427523836,164.685008881,60.4427523836
0,60.4254476901,164.685008881,60.4254476901
0,60.4865724437,164.685008881,60.4865724437
0,60.4477845481,164.685008881,60.4477845481
0,60.4677558663,164.685008881,60.4677558663
0,60.4398009329,164.685008881,60.4398009329
0,60.4411346573,164.685008881,60.4411346573
0,60.4232724347,164.685008881,60.4232724347
0,60.4422352364,164.685008881,60.4422352364
0,60.4309572976,164.685008881,60.4309572976
0,60.4601519136,164.685008881,60.4601519136
0,60.4313217692,164.685008881,60.4313217692
0,60.4236918205,164.685008881,60.4236918205
0,60.4344166761,164.685008881,60.4344166761
0,60.4591463086,164.685008881,60.4591463086
0,60.452088893,164.685008881,60.452088893
0,60.43184222,164.685008881,60.43184222
0,60.4258902034,164.685008881,60.4258902034
0,60.4382408382,164.685008881,60.4382408382
0,60.4285675255,164.685008881,60.4285675255
0,60.4433725382,164.685008881,60.4433725382
0,60.4381760184,164.685008881,60.4381760184
0,60.4355727204,164.685008881,60.4355727204
0,60.4508547019,164.685008881,60.4508547019
0,60.4498108628,164.685008881,60.4498108628
0,60.4560798007,164.685008881,60.4560798007
0,60.440639025,164.685008881,60.440639025
0,60.4385054343,164.685008881,60.4385054343
0,60.4058163904,164.685008881,60.4058163904
0,60.4561190587,164.685008881,60.4561190587
0,60.4439767192,164.685008881,60.4439767192
0,60.4470759028,164.685008881,60.4470759028
0,60.4193112388,164.685008881,60.4193112388
0,60.4230436819,164.685008881,60.4230436819
0,60.4377804893,164.685008881,60.4377804893
0,60.4270167942,164.685008881,60.4270167942
0,60.4165821966,164.685008881,60.4165821966
0,60.451804877,164.685008881,60.451804877
0,60.435240561,164.685008881,60.435240561
0,60.4328102711,164.685008881,60.4328102711
0,60.4156888124,164.685008881,60.4156888124
0,60.4243174827,164.685008881,60.4243174827
0,60.4165165964,164.685008881,60.4165165964
0,60.4434630978,164.685008881,60.4434630978
0,60.4262251298,164.685008881,60.4262251298
0,60.4665354658,164.685008881,60.4665354658
0,60.415461585,164.685008881,60.415461585
0,60.4360535932,164.685008881,60.4360535932
0,60.4132645398,164.685008881,60.4132645398
0,60.4368292306,164.685008881,60.4368292306
0,60.4326924674,164.685008881,60.4326924674
0,60.438900454,164.685008881,60.438900454
0,60.4024739283,164.685008881,60.4024739283
0,60.4203992995,164.685008881,60.4203992995
0,60.4316762803,164.685008881,60.4316762803
0,60.470381189,164.685008881,60.470381189
0,60.4377172659,164.685008881,60.4377172659
0,60.401862957,164.685008881,60.401862957
0,60.4359082585,164.685008881,60.4359082585
0,60.4159260926,164.685008881,60.4159260926
0,60.4123699685,164.685008881,60.4123699685
0,60.4187697861,164.685008881,60.4187697861
0,60.4253063125,164.685008881,60.4253063125
0,60.4209604933,164.685008881,60.4209604933
0,60.4312557887,164.685008881,60.4312557887
0,60.4071128345,164.685008881,60.4071128345
0,60.4427663322,164.685008881,60.4427663322
0,60.4200329033,164.685008881,60.4200329033
0,60.4192091512,164.685008881,60.4192091512
0,60.4386815296,164.685008881,60.4386815296
0,60.4451254435,164.685008881,60.4451254435
0,60.3966765561,164.685008881,60.3966765561
0,60.4567795178,164.685008881,60.4567795178
0,60.417292628,164.685008881,60.417292628
0,60.4277009662,164.685008881,60.4277009662
0,60.4160797065,164.685008881,60.4160797065
0,60.4284709695,164.685008881,60.4284709695
0,60.4339485398,164.685008881,60.4339485398
0,60.4290083792,164.685008881,60.4290083792
0,60.4419005343,164.685008881,60.4419005343
0,60.4182633696,164.685008881,60.4182633696
0,60.4080798906,164.685008881,60.4080798906
0,60.4336523612,164.685008881,60.4336523612
0,60.4245640793,164.685008881,60.4245640793
0,60.4123612192,164.685008881,60.4123612192
0,60.420869893,164.685008881,60.420869893
0,60.4216060603,164.685008881,60.4216060603
0,60.4189769042,164.685008881,60.4189769042
0,60.402977549,164.685008881,60.402977549
0,60.4140504672,164.685008881,60.4140504672
0,60.4198633036,164.685008881,60.4198633036
0,60.3947659273,164.685008881,60.3947659273
0,60.4092265959,164.685008881,60.4092265959
0,60.4061936417,164.685008881,60.4061936417
0,60.4208861278,164.685008881,60.4208861278
0,60.4298318208,164.685008881,60.4298318208
0,60.4455526532,164.685008881,60.4455526532
0,60.4224939798,164.685008881,60.4224939798
0,60.4265086682,164.685008881,60.4265086682
0,60.4330613792,164.685008881,60.4330613792
0,60.4386103531,164.685008881,60.4386103531
0,60.3981098112,164.685008881,60.3981098112
0,60.4007848384,164.685008881,60.4007848384
0,60.4169289954,164.685008881,60.4169289954
0,60.3937067555,164.685008881,60.3937067555
0,60.4030323816,164.685008881,60.4030323816
0,60.3923464248,164.685008881,60.3923464248
0,60.4120620113,164.685008881,60.4120620113
0,60.4252928117,164.685008881,60.4252928117
0,60.4219921427,164.685008881,60.4219921427
0,60.4053928593,164.685008881,60.4053928593
0,60.4607301502,164.685008881,60.4607301502
0,60.4024552736,164.685008881,60.4024552736
0,60.4074100335,164.685008881,60.4074100335
0,60.4118485889,164.685008881,60.4118485889
0,60.4165793514,164.685008881,60.4165793514
0,60.3879351696,164.685008881,60.3879351696
0,60.4100844447,164.685008881,60.4100844447
0,60.4188049513,164.685008881,60.4188049513
0,60.416393315,164.685008881,60.416393315
0,60.4003214225,164.685008881,60.4003214225
0,60.4196084141,164.685008881,60.4196084141
0,60.4003057082,164.685008881,60.4003057082
0,60.4053951827,164.685008881,60.4053951827
0,60.4157869006,164.685008881,60.4157869006
0,60.3895651258,164.685008881,60.3895651258
0,60.4146306625,164.685008881,60.4146306625
0,60.4141545997,164.685008881,60.4141545997
0,60.4066084351,164.685008881,60.4066084351
0,60.3984806807,164.685008881,60.3984806807
0,60.4534852309,164.685008881,60.4534852309
0,60.3984807806,164.685008881,60.3984807806
0,60.431519394,164.685008881,60.431519394
0,60.4120053315,164.685008881,60.4120053315
0,60.3988105501,164.685008881,60.3988105501
0,60.3956542926,164.685008881,60.3956542926
0,60.4171206682,164.685008881,60.4171206682
0,60.3898054278,164.685008881,60.3898054278
0,60.3921156562,164.685008881,60.3921156562
0,60.4022601722,164.685008881,60.4022601722
0,60.4002508527,164.685008881,60.4002508527
0,60.3989549117,164.685008881,60.3989549117
0,60.4326378098,164.685008881,60.4326378098
0,60.4044412417,164.685008881,60.4044412417
0,60.4268227675,164.685008881,60.4268227675
0,60.4173616009,164.685008881,60.4173616009
0,60.3954165456,164.685008881,60.3954165456
0,60.3972533831,164.685008881,60.3972533831
0,60.4430488149,164.685008881,60.4430488149
0,60.4344440782,164.685008881,60.4344440782
0,60.3990604835,164.685008881,60.3990604835
0,60.4178071153,164.685008881,60.4178071153
0,60.407069538,164.685008881,60.407069538
0,60.4134601366,164.685008881,60.4134601366
0,60.4342393459,164.685008881,60.4342393459
0,60.3891661156,164.685008881,60.3891661156
0,60.386542893,164.685008881,60.386542893
0,60.3898327546,164.685008881,60.3898327546
0,60.381794584,164.685008881,60.381794584
0,60.4033379737,164.685008881,60.4033379737
0,60.4180755818,164.685008881,60.4180755818
0,60.3956282572,164.685008881,60.3956282572
0,60.3928114528,164.685008881,60.3928114528
0,60.3854354869,164.685008881,60.3854354869
0,60.4017789384,164.685008881,60.4017789384
0,60.4008575415,164.685008881,60.4008575415
0,60.3981305551,164.685008881,60.3981305551
0,60.3960614694,164.685008881,60.3960614694
0,60.3938873441,164.685008881,60.3938873441
0,60.412934106,164.685008881,60.412934106
0,60.3843659347,164.685008881,60.3843659347
0,60.391426537,164.685008881,60.391426537
0,60.4104349103,164.685008881,60.4104349103
0,60.3931594616,164.685008881,60.3931594616
0,60.4178538713,164.685008881,60.4178538713
0,60.3809441544,164.685008881,60.3809441544
0,60.3986988352,164.685008881,60.3986988352
0,60.3904807158,164.685008881,60.3904807158
0,60.3996814753,164.685008881,60.3996814753
0,60.3984817708,164.685008881,60.3984817708
0,60.3980909101,164.685008881,60.3980909101
0,60.3869880946,164.685008881,60.3869880946
0,60.4262600565,164.685008881,60.4262600565
0,60.3918391909,164.685008881,60.3918391909
0,60.4136981052,164.685008881,60.4136981052
0,60.3751951834,164.685008881,60.3751951834
0,60.3905498841,164.685008881,60.3905498841
0,60.39009575,164.685008881,60.39009575
0,60.4052167124,164.685008881,60.4052167124
0,60.4133759335,164.685008881,60.4133759335
0,60.4111551623,164.685008881,60.4111551623
0,60.4153874417,164.685008881,60.4153874417
0,60.3983232923,164.685008881,60.3983232923
0,60.3981888332,164.685008881,60.3981888332
0,60.4028418986,164.685008881,60.4028418986
0,60.4255696518,164.685008881,60.4255696518
0,60.4165813858,164.685008881,60.4165813858
0,60.3897079029,164.685008881,60.3897079029
0,60.3867222208,164.685008881,60.3867222208
0,60.4011768322,164.685008881,60.4011768322
0,60.3947961936,164.685008881,60.3947961936
0,60.3957278078,164.685008881,60.3957278078
0,60.4309507572,164.685008881,60.4309507572
0,60.4004852691,164.685008881,60.4004852691
0,60.3930764808,164.685008881,60.3930764808
0,60.3737934245,164.685008881,60.3737934245
0,60.4175873543,164.685008881,60.4175873543
0,60.3963672919,164.685008881,60.3963672919
0,60.4209668802,164.685008881,60.4209668802
0,60.4387282508,164.685008881,60.4387282508
0,60.4061424825,164.685008881,60.4061424825
0,60.4078292593,164.685008881,60.4078292593
0,60.3922239767,164.685008881,60.3922239767
0,60.4037510149,164.685008881,60.4037510149
0,60.4160357297,164.685008881,60.4160357297
0,60.4329601918,164.685008881,60.4329601918
0,60.3874529501,164.685008881,60.3874529501
0,60.3901916112,164.685008881,60.3901916112
0,60.3887154131,164.685008881,60.3887154131
0,60.3785426715,164.685008881,60.3785426715
0,60.4079708608,164.685008881,60.4079708608
0,60.4004656852,164.685008881,60.4004656852
0,60.3687801067,164.685008881,60.3687801067
0,60.3947058521,164.685008881,60.3947058521
0,60.4318980672,164.685008881,60.4318980672
0,60.3827531235,164.685008881,60.3827531235
0,60.3894032426,164.685008881,60.3894032426
0,60.4222978749,164.685008881,60.4222978749
0,60.3915713975,164.685008881,60.3915713975
0,60.4122222833,164.685008881,60.4122222833
0,60.390363741,164.685008881,60.390363741
0,60.3778838065,164.685008881,60.3778838065
0,60.3964751776,164.685008881,60.3964751776
0,60.4111747567,164.685008881,60.4111747567
0,60.4104084887,164.685008881,60.4104084887
0,60.4046412779,164.685008881,60.4046412779
0,60.3739666479,164.685008881,60.3739666479
0,60.4154622662,164.685008881,60.4154622662
0,60.3779837018,164.685008881,60.3779837018
0,60.4135157137,164.685008881,60.4135157137
0,60.4105207969,164.685008881,60.4105207969
0,60.4234436467,164.685008881,60.4234436467
0,60.3981267529,164.685008881,60.3981267529
0,60.3959565728,164.685008881,60.3959565728
0,60.417976055,164.685008881,60.417976055
0,60.4063471772,164.685008881,60.4063471772
0,60.3654482935,164.685008881,60.3654482935
0,60.3893265194,164.685008881,60.3893265194
0,60.3779279467,164.685008881,60.3779279467
0,60.3877541652,164.685008881,60.3877541652
0,60.3683213171,164.685008881,60.3683213171
0,60.3796269464,164.685008881,60.3796269464
0,60.413695517,164.685008881,60.413695517
0,60.397188436,164.685008881,60.397188436
0,60.4073960331,164.685008881,60.4073960331
0,60.4165340128,164.685008881,60.4165340128
0,60.3776757451,164.685008881,60.3776757451
0,60.373591388,164.685008881,60.373591388
0,60.4109314182,164.685008881,60.4109314182
0,60.384954611,164.685008881,60.384954611
0,60.3818764719,164.685008881,60.3818764719
0,60.4246465924,164.685008881,60.4246465924
0,60.3669301183,164.685008881,60.3669301183
0,60.4203200366,164.685008881,60.4203200366
0,60.3897143546,164.685008881,60.3897143546
0,60.3975217525,164.685008881,60.3975217525
0,60.4265567109,164.685008881,60.4265567109
0,60.3917578741,164.685008881,60.3917578741
0,60.3814836888,164.685008881,60.3814836888
0,60.4113967738,164.685008881,60.4113967738
0,60.4005663986,164.685008881,60.4005663986
0,60.3707189474,164.685008881,60.3707189474
0,60.4010489008,164.685008881,60.4010489008
0,60.3762356324,164.685008881,60.3762356324
0,60.4056864423,164.685008881,60.4056864423
0,60.3861470069,164.685008881,60.3861470069
0,60.3829811669,164.685008881,60.3829811669
0,60.3968758169,164.685008881,60.3968758169
0,60.3839975641,164.685008881,60.3839975641
0,60.4161467639,164.685008881,60.4161467639
0,60.3945958316,164.685008881,60.3945958316
0,60.3533840102,164.685008881,60.3533840102
0,60.3917516474,164.685008881,60.3917516474
0,60.4006617872,164.685008881,60.4006617872
0,60.4002999297,164.685008881,60.4002999297
0,60.3719460546,164.685008881,60.3719460546
0,60.3787436287,164.685008881,60.3787436287
0,60.4106225809,164.685008881,60.4106225809
0,60.3912818855,164.685008881,60.3912818855
0,60.3672477053,164.685008881,60.3672477053
0,60.383964652,164.685008881,60.383964652
0,60.3963156137,164.685008881,60.3963156137
0,60.42645143,164.685008881,60.42645143
0,60.3731863554,164.685008881,60.3731863554
0,60.3955604045,164.685008881,60.3955604045
0,60.4263825166,164.685008881,60.4263825166
0,60.4079980173,164.685008881,60.4079980173
0,60.3651036757,164.685008881,60.3651036757
0,60.4103372342,164.685008881,60.4103372342
