epoch,loss,main_output_loss,mid_output_loss
0,108.394359525,108.394359525,184.794633247
0,65.6592109276,65.6592109276,190.833310909
0,62.4067614914,62.4067614914,190.801319481
0,62.1106322488,62.1106322488,190.815969815
0,60.8955860009,60.8955860009,190.70532771
0,60.1711040213,60.1711040213,190.564253323
0,59.4773622537,59.4773622537,190.431363225
0,59.1734900053,59.1734900053,190.304702644
0,58.9832134731,58.9832134731,190.196826328
0,58.6604530991,58.6604530991,190.171893779
0,58.342552189,58.342552189,190.087122408
0,58.2690261631,58.2690261631,189.932985259
0,57.6285307419,57.6285307419,189.795122883
0,57.7472211652,57.7472211652,189.67952338
0,57.2639318786,57.2639318786,189.599553752
0,57.0186632099,57.0186632099,189.533473842
0,57.0357743454,57.0357743454,189.422364634
0,56.8871038116,56.8871038116,189.247065898
0,56.607190853,56.607190853,189.329861375
0,56.3129971749,56.3129971749,189.331080089
0,57.0389073507,57.0389073507,188.996716398
0,56.1550232479,56.1550232479,189.077420925
0,55.8151384285,55.8151384285,189.02080306
0,55.6754753359,55.6754753359,189.339291267
0,55.4424017669,55.4424017669,189.171412121
0,55.7883514972,55.7883514972,188.915645346
0,55.4028945332,55.4028945332,188.851985908
0,55.6320790791,55.6320790791,188.676186817
0,55.3183122671,55.3183122671,188.835277587
0,55.1732499862,55.1732499862,188.774545093
0,54.9189255866,54.9189255866,188.955235476
0,55.0776055321,55.0776055321,188.821662435
0,55.0074716573,55.0074716573,188.863794326
0,54.099297462,54.099297462,188.80069226
0,54.7050739694,54.7050739694,188.584596972
0,54.4949979661,54.4949979661,188.922127655
0,54.4445690887,54.4445690887,188.60724446
0,54.5255915948,54.5255915948,188.78449494
0,54.1410591474,54.1410591474,188.89900069
0,54.0523382634,54.0523382634,188.768935658
0,54.0198435319,54.0198435319,189.042241567
0,53.539703785,53.539703785,188.746836529
0,53.7214225421,53.7214225421,188.535003732
0,53.3782308008,53.3782308008,187.999330224
0,53.3579766028,53.3579766028,187.954350155
0,53.4546840893,53.4546840893,187.925942869
0,53.2187068573,53.2187068573,187.908251987
0,52.8483669543,52.8483669543,188.00275067
0,52.4105136825,52.4105136825,187.641609106
0,52.9498228326,52.9498228326,187.700395422
0,52.1421037769,52.1421037769,188.023417717
0,52.1907732513,52.1907732513,187.661939628
0,52.447184888,52.447184888,187.792785053
0,52.3637693432,52.3637693432,187.747234743
0,51.8397183927,51.8397183927,188.038923791
0,52.5113059922,52.5113059922,187.549609804
0,51.975182235,51.975182235,187.922002427
0,51.4553489371,51.4553489371,187.889977311
0,51.3989434581,51.3989434581,187.569505526
0,51.1749818805,51.1749818805,187.314238976
0,50.5808351442,50.5808351442,187.578230711
0,50.7786940638,50.7786940638,187.477263896
0,51.1452290167,51.1452290167,187.521738067
0,50.3485317613,50.3485317613,186.84587627
0,49.9602290995,49.9602290995,187.172080842
0,49.7762735837,49.7762735837,187.402870788
0,50.094235296,50.094235296,186.468803516
0,49.614481534,49.614481534,186.720709512
0,49.3522202536,49.3522202536,186.991962723
0,49.8795127578,49.8795127578,187.145260506
0,49.2146343917,49.2146343917,186.360282136
0,49.1441380142,49.1441380142,186.657338836
0,49.8845802856,49.8845802856,187.344237365
0,49.0951828753,49.0951828753,187.086520526
0,50.6399105157,50.6399105157,188.318023275
0,48.8972330696,48.8972330696,187.29705089
0,48.4904934445,48.4904934445,187.098303013
0,48.3925970101,48.3925970101,186.820064389
0,48.4910809083,48.4910809083,187.202534958
0,48.1119052312,48.1119052312,186.14067649
0,47.6611546531,47.6611546531,185.632990612
0,47.2479436601,47.2479436601,185.490847994
0,47.6147080382,47.6147080382,185.77608886
0,47.3673021049,47.3673021049,185.92290132
0,46.7698904292,46.7698904292,185.835332873
0,47.0880914399,47.0880914399,185.991844731
0,46.4907145903,46.4907145903,185.108008905
0,47.3030809037,47.3030809037,185.47897742
0,45.9565172476,45.9565172476,185.217640343
0,46.5225031209,46.5225031209,185.421749382
0,45.625264106,45.625264106,185.575304909
0,45.3486315923,45.3486315923,184.850641806
0,45.2970343434,45.2970343434,184.747800683
0,44.8508379719,44.8508379719,185.346943355
0,44.8335770896,44.8335770896,184.756370525
0,44.8641556342,44.8641556342,184.095066567
0,44.7010773689,44.7010773689,184.159672868
0,44.2517877599,44.2517877599,184.611252781
0,44.0673104314,44.0673104314,184.727520758
0,43.3607428457,43.3607428457,184.450212944
0,44.0721245515,44.0721245515,184.458268968
0,43.82269007,43.82269007,184.835008594
0,43.477532453,43.477532453,184.503157826
0,43.5300840775,43.5300840775,184.159544118
0,43.7445175022,43.7445175022,184.215945317
0,42.9112657232,42.9112657232,183.889097143
0,42.9783556525,42.9783556525,184.232766064
0,42.2676569534,42.2676569534,183.832480157
0,42.5374648891,42.5374648891,183.733864569
0,42.2973819898,42.2973819898,183.742281435
0,42.4685449076,42.4685449076,183.855492526
0,42.4243214613,42.4243214613,183.5235474
0,41.8755948015,41.8755948015,182.795675654
0,41.3889186412,41.3889186412,183.113092071
0,40.9172777305,40.9172777305,183.614784721
0,40.8157290232,40.8157290232,183.073431993
0,40.7235076575,40.7235076575,182.902543822
0,40.8228510065,40.8228510065,183.217451307
0,40.3397808873,40.3397808873,182.833393381
0,40.5053894265,40.5053894265,182.978547857
0,40.4660247972,40.4660247972,182.523555545
0,39.9213756413,39.9213756413,182.684821158
0,39.669102195,39.669102195,182.179882307
0,39.4223465858,39.4223465858,181.997662086
0,39.5298681855,39.5298681855,182.766424887
0,38.6248480538,38.6248480538,182.71751681
0,38.794878733,38.794878733,182.223020264
0,38.7679995759,38.7679995759,182.214584429
0,38.78219254,38.78219254,182.316247302
0,37.9790894151,37.9790894151,181.98435954
0,38.6336264038,38.6336264038,181.827074841
0,37.9997548588,37.9997548588,181.733127335
0,37.6692089352,37.6692089352,182.25092822
0,37.0845539945,37.0845539945,182.144413001
0,37.2765527092,37.2765527092,181.203987681
0,37.2437932283,37.2437932283,182.026063791
0,36.9669678571,36.9669678571,181.506069872
0,36.9423401176,36.9423401176,181.413280424
0,36.7921660744,36.7921660744,181.266559634
0,36.0678462057,36.0678462057,181.353887979
0,35.7373254554,35.7373254554,181.061188211
0,35.7595106046,35.7595106046,181.431542749
0,35.6756608114,35.6756608114,181.126743129
0,35.4513226525,35.4513226525,181.28696866
0,35.3319822801,35.3319822801,181.532903999
0,35.2969649797,35.2969649797,181.509178034
0,35.281336865,35.281336865,181.450896945
0,34.9406990637,34.9406990637,181.72949016
0,34.0151709038,34.0151709038,181.2142647
0,34.2734791036,34.2734791036,180.514529928
0,34.8970502571,34.8970502571,180.907513973
0,34.6264061211,34.6264061211,180.700505326
0,34.3388921374,34.3388921374,181.014201031
0,33.8610967222,33.8610967222,181.049990822
0,33.7434023026,33.7434023026,181.118096081
0,32.9248064395,32.9248064395,180.658069019
0,33.3778087611,33.3778087611,180.917609385
0,33.0522929879,33.0522929879,180.751172831
0,32.5785186104,32.5785186104,180.727938243
0,33.1674776837,33.1674776837,180.944116961
0,32.6697942526,32.6697942526,180.85672112
0,32.1468073754,32.1468073754,180.812178004
0,32.4979586165,32.4979586165,180.785505391
0,32.1128791674,32.1128791674,180.655016883
0,31.8277377186,31.8277377186,180.304934456
0,31.8020229346,31.8020229346,180.688780944
0,31.5615086521,31.5615086521,179.873084195
0,31.2819186649,31.2819186649,180.02020611
0,31.5880714507,31.5880714507,180.296652913
0,31.1117734165,31.1117734165,180.404612534
0,30.5446914485,30.5446914485,180.461806409
0,30.1683821405,30.1683821405,180.310534646
0,30.4394762452,30.4394762452,180.036489885
0,30.1991741482,30.1991741482,180.235071419
0,29.5826211672,29.5826211672,180.360869125
0,30.0018756701,30.0018756701,179.8921942
0,29.2191065919,29.2191065919,179.445383571
0,28.8386347985,28.8386347985,179.707541612
0,29.0060718011,29.0060718011,179.837434352
0,29.1520035313,29.1520035313,179.869164456
0,28.9333687993,28.9333687993,179.878198397
0,28.6855195405,28.6855195405,179.738346881
0,28.7675040148,28.7675040148,179.703010975
0,28.1174598069,28.1174598069,179.330671956
0,28.5380461813,28.5380461813,179.463475475
0,27.618198518,27.618198518,179.148654496
0,28.0187544821,28.0187544821,179.345513942
0,27.9446578631,27.9446578631,179.696661752
0,27.5761853026,27.5761853026,179.492553845
0,27.3994155539,27.3994155539,179.523632557
0,27.3015003041,27.3015003041,178.929463258
0,27.0688630031,27.0688630031,179.337582367
0,27.1127752827,27.1127752827,179.296307706
0,26.8137136362,26.8137136362,179.309089632
0,26.7294796767,26.7294796767,178.893886089
0,26.3802217665,26.3802217665,179.156656283
0,26.3988981653,26.3988981653,179.493546803
0,26.0927396198,26.0927396198,179.215343795
0,26.019150648,26.019150648,179.585011462
0,25.6651777232,25.6651777232,179.690634354
0,25.2028334484,25.2028334484,179.683949996
0,26.1670486687,26.1670486687,179.669076848
0,25.2937928557,25.2937928557,178.927218499
0,25.3311241079,25.3311241079,179.303372594
0,25.3449692128,25.3449692128,179.337665636
0,25.1526490626,25.1526490626,179.660898851
0,24.1865526886,24.1865526886,179.549130136
0,23.8486217955,23.8486217955,179.225561085
0,23.8160272596,23.8160272596,179.18312415
0,24.1113841896,24.1113841896,179.23908937
0,23.6163667393,23.6163667393,179.189988951
0,25.5659485483,25.5659485483,179.050264088
0,24.0301152166,24.0301152166,178.996383677
0,23.3684015994,23.3684015994,179.104578857
0,23.8291138328,23.8291138328,179.073162935
0,22.8781645535,22.8781645535,178.941642636
0,22.3354679448,22.3354679448,179.135715053
0,22.4108093233,22.4108093233,179.205398584
0,21.8844553657,21.8844553657,178.801248165
0,22.179463728,22.179463728,178.888074054
0,22.15264758,22.15264758,178.695860501
0,21.3431484359,21.3431484359,179.096535405
0,21.4923886083,21.4923886083,178.846595817
0,21.8833002068,21.8833002068,178.58780017
0,21.4157989912,21.4157989912,178.394202033
0,21.4749109321,21.4749109321,178.560900459
0,21.5084674288,21.5084674288,178.420510657
0,21.4254288431,21.4254288431,178.335307283
0,21.3990058613,21.3990058613,178.414729025
0,20.8895418938,20.8895418938,178.380737039
0,20.3446351905,20.3446351905,178.333536612
0,20.6904056451,20.6904056451,178.713520395
0,20.5620214223,20.5620214223,178.201554413
0,19.6549632777,19.6549632777,178.663188977
0,19.3592531258,19.3592531258,178.460539605
0,19.2191465093,19.2191465093,178.642463626
0,18.8747411262,18.8747411262,178.687995226
0,18.9366139571,18.9366139571,178.239956789
0,18.799154312,18.799154312,178.473786013
0,18.1239024672,18.1239024672,178.330501249
0,18.0773104818,18.0773104818,178.191770631
0,18.1968524891,18.1968524891,178.201364329
0,19.3069249199,19.3069249199,178.157418153
0,20.7018436517,20.7018436517,178.296254962
0,18.5077773893,18.5077773893,178.016887352
0,18.739392659,18.739392659,178.195096154
0,18.6040983812,18.6040983812,178.586305964
0,18.3705246284,18.3705246284,178.248097831
0,17.5793830503,17.5793830503,178.288779262
0,17.1582363879,17.1582363879,178.030269016
0,17.1652461465,17.1652461465,178.267873537
0,16.9376997375,16.9376997375,178.228912953
0,16.4699041058,16.4699041058,178.13320582
0,17.3252884844,17.3252884844,177.948886946
0,16.995375451,16.995375451,178.257969612
0,16.8497692962,16.8497692962,178.546878339
0,17.0633983787,17.0633983787,178.096754411
0,16.475933463,16.475933463,178.181321627
0,16.6561627731,16.6561627731,178.387267121
0,16.3553343058,16.3553343058,178.253451489
0,16.1459899178,16.1459899178,178.103632138
0,15.9010863721,15.9010863721,177.918634303
0,15.873733767,15.873733767,178.009807989
0,15.7542404511,15.7542404511,177.875438057
0,15.8879805512,15.8879805512,178.140290924
0,15.605550083,15.605550083,177.996426493
0,15.6658452583,15.6658452583,177.926983187
0,15.5901339878,15.5901339878,178.05025406
0,15.0925209041,15.0925209041,178.071833974
0,14.991283552,14.991283552,178.084604799
0,15.2327652231,15.2327652231,177.85361
0,15.158585189,15.158585189,177.771641044
0,16.0422673647,16.0422673647,177.730730326
0,15.3613852888,15.3613852888,177.787700954
0,14.7906001731,14.7906001731,177.928567255
0,15.1119528194,15.1119528194,178.116388119
0,14.6901033116,14.6901033116,177.92462062
0,14.4530541312,14.4530541312,177.718260291
0,14.2924593434,14.2924593434,177.689258608
0,14.415285062,14.415285062,177.58717567
0,14.4522700144,14.4522700144,177.821258008
0,14.0073632926,14.0073632926,177.815471259
0,13.9588061127,13.9588061127,177.711551121
0,14.1635839531,14.1635839531,177.77737764
0,13.8614564327,13.8614564327,177.575907165
0,13.7968845083,13.7968845083,177.610405834
0,14.0678345161,14.0678345161,178.01255581
0,13.410064697,13.410064697,177.853293724
0,13.7345294724,13.7345294724,177.710329833
0,13.7065768555,13.7065768555,177.768845701
0,14.0723322298,14.0723322298,177.966079265
0,14.0237284604,14.0237284604,178.240993902
0,13.6023460221,13.6023460221,177.587538883
0,13.5329912063,13.5329912063,177.98887935
0,13.5328971157,13.5328971157,177.816800923
0,14.1501953443,14.1501953443,177.614415495
0,13.6814136452,13.6814136452,177.535860738
0,13.3405868471,13.3405868471,177.699405402
0,13.2687132127,13.2687132127,177.984856053
0,13.242587011,13.242587011,177.804200251
0,13.4421669193,13.4421669193,177.687351512
0,13.4727547446,13.4727547446,177.865728233
0,13.1950442634,13.1950442634,177.669395242
0,13.3249151815,13.3249151815,177.652514782
0,13.0390609709,13.0390609709,177.967743788
0,12.6790717069,12.6790717069,177.785158955
0,12.9735563496,12.9735563496,177.720105021
0,14.8700899016,14.8700899016,177.911853444
0,13.1405678059,13.1405678059,177.651115697
0,12.8958544646,12.8958544646,177.799240862
0,12.5968995927,12.5968995927,177.706576442
0,12.8294885694,12.8294885694,178.018552102
0,12.4299563276,12.4299563276,177.887839104
0,12.1630603255,12.1630603255,177.613739216
0,12.1789342838,12.1789342838,177.737519372
0,12.3752901014,12.3752901014,177.691444158
0,12.8050732782,12.8050732782,177.811739579
0,12.6893806927,12.6893806927,177.801634362
0,12.0430612015,12.0430612015,177.733178525
0,12.1250277229,12.1250277229,177.984433888
0,11.8178053094,11.8178053094,177.954220187
0,12.7658712159,12.7658712159,177.609855519
0,12.8089774689,12.8089774689,178.117128356
0,12.069876046,12.069876046,178.158718048
0,12.1481414515,12.1481414515,178.037034762
0,11.6925846749,11.6925846749,177.918628409
0,11.5555154946,11.5555154946,178.035286022
0,11.9866021289,11.9866021289,178.074509781
0,11.8345034007,11.8345034007,177.833066335
0,11.5656229238,11.5656229238,177.986834015
0,11.5216843128,11.5216843128,177.916798363
0,11.3031539159,11.3031539159,178.020725159
0,11.359949951,11.359949951,177.906512173
0,11.2546655634,11.2546655634,177.760714433
0,11.1826166266,11.1826166266,177.776413442
0,11.3811481768,11.3811481768,177.834124246
0,11.2744830954,11.2744830954,177.809983818
0,11.2317371396,11.2317371396,177.774110132
0,10.8951710409,10.8951710409,177.915836182
0,11.0682365047,11.0682365047,177.950840108
0,10.9999971939,10.9999971939,177.649487552
0,11.3732025948,11.3732025948,177.703491917
0,11.175876781,11.175876781,177.76442589
0,10.8660656106,10.8660656106,177.974835112
0,11.016411183,11.016411183,177.790797644
0,11.1596154921,11.1596154921,177.695097782
0,11.0082927834,11.0082927834,177.656269672
0,11.4645103853,11.4645103853,177.884141597
0,11.6424681657,11.6424681657,177.640337722
0,10.7476770914,10.7476770914,177.782359812
0,11.0215573647,11.0215573647,177.650923194
0,10.7751358853,10.7751358853,177.63042879
0,10.8303433688,10.8303433688,177.741290117
0,10.4381325508,10.4381325508,177.897509786
0,10.4307415295,10.4307415295,177.73565285
0,10.7636057303,10.7636057303,177.59487069
0,10.6981840113,10.6981840113,177.55639479
0,10.9748004069,10.9748004069,177.851108889
0,10.6333923834,10.6333923834,177.662700906
0,10.2300489694,10.2300489694,177.669651963
0,10.3668796974,10.3668796974,177.441932884
0,11.1764175705,11.1764175705,177.639313637
0,11.0977452141,11.0977452141,177.766956226
0,10.4132640282,10.4132640282,177.628380968
0,10.1289937773,10.1289937773,177.709706056
0,10.2881771798,10.2881771798,177.622542271
0,10.1322513187,10.1322513187,177.856580436
0,9.89117118298,9.89117118298,177.604172849
0,10.1755019822,10.1755019822,177.584221772
0,9.90660923072,9.90660923072,177.674915325
0,9.8952759297,9.8952759297,177.519476819
0,10.1153508898,10.1153508898,177.746988637
0,10.1196886112,10.1196886112,177.678851895
0,10.0958547151,10.0958547151,177.758360851
0,9.90417882105,9.90417882105,177.52776459
0,9.82431979427,9.82431979427,177.46017747
0,9.81977311043,9.81977311043,177.541770164
0,9.86082834219,9.86082834219,177.629530523
0,9.69486440585,9.69486440585,177.785589398
0,9.62920580366,9.62920580366,177.654428296
0,9.82424447809,9.82424447809,177.568225186
0,9.79620329157,9.79620329157,177.353566619
0,9.48560173601,9.48560173601,177.611886728
0,9.62733906326,9.62733906326,177.409229047
0,9.78303093504,9.78303093504,177.581493421
0,9.76310013127,9.76310013127,177.539424217
0,9.72033015383,9.72033015383,177.377743017
0,9.46555965023,9.46555965023,177.567239206
0,9.44719661732,9.44719661732,177.34605589
0,9.47654531422,9.47654531422,177.498822512
0,9.38317012358,9.38317012358,177.586695406
0,9.14844373413,9.14844373413,177.584205656
0,9.02537544507,9.02537544507,177.249554968
0,9.29401821469,9.29401821469,177.695452113
0,9.76917116699,9.76917116699,177.390035898
0,9.23520688641,9.23520688641,177.130951597
0,9.2778813352,9.2778813352,177.365777799
0,9.07612455502,9.07612455502,177.544254724
0,8.93459656044,8.93459656044,177.537948498
0,9.01903019783,9.01903019783,177.582254545
0,9.20904938428,9.20904938428,177.621974894
0,9.01496397288,9.01496397288,177.432630182
0,9.00362292593,9.00362292593,177.504835362
0,8.96869104772,8.96869104772,177.539480649
0,8.92583313888,8.92583313888,177.522819818
0,9.07165219426,9.07165219426,177.668134885
0,8.96967521558,8.96967521558,177.514231911
0,8.72817884061,8.72817884061,177.29800143
0,8.80091549909,8.80091549909,177.607805768
0,8.79910920669,8.79910920669,177.499341321
0,8.90665390043,8.90665390043,177.507313618
0,9.15612879739,9.15612879739,177.440469324
0,8.46770034483,8.46770034483,177.459232723
0,8.51807222221,8.51807222221,177.42952231
0,8.64312500143,8.64312500143,177.424937851
0,8.59912701485,8.59912701485,177.418990668
0,8.79648687734,8.79648687734,177.338098067
0,8.39265892897,8.39265892897,177.250281636
0,8.21371110418,8.21371110418,177.294530782
0,8.5939175675,8.5939175675,177.371498802
0,8.40850292588,8.40850292588,177.386294788
0,8.49026894464,8.49026894464,177.231714223
0,8.11073596595,8.11073596595,177.427301242
0,8.34642495878,8.34642495878,177.519202875
0,9.02989142685,9.02989142685,177.400253527
0,8.67078260978,8.67078260978,177.539253698
0,8.34491524735,8.34491524735,177.365389677
0,8.23212467352,8.23212467352,177.471285426
0,8.27185507905,8.27185507905,177.4577591
0,8.22695383698,8.22695383698,177.49071086
0,8.17772802984,8.17772802984,177.583049958
0,8.15406314576,8.15406314576,177.616767013
0,8.41872902771,8.41872902771,177.587465962
0,8.35563821882,8.35563821882,177.6120798
0,8.14004797558,8.14004797558,177.355448136
0,8.05660590082,8.05660590082,177.336949458
0,8.18985916373,8.18985916373,177.495715655
0,8.24192362238,8.24192362238,177.569386743
0,8.041243497,8.041243497,177.545984196
0,7.96870170811,7.96870170811,177.27559351
0,7.93467905062,7.93467905062,177.481622228
0,8.01018964748,8.01018964748,177.504246862
0,8.15717623287,8.15717623287,177.53116576
0,7.94592400731,7.94592400731,177.542614952
0,8.01151004452,8.01151004452,177.551110068
0,7.86475051541,7.86475051541,177.445560314
0,8.26361878491,8.26361878491,177.490003394
0,8.18475110455,8.18475110455,177.584345155
0,8.07323723055,8.07323723055,177.663936498
0,8.04623518845,8.04623518845,177.506150895
0,7.91788231504,7.91788231504,177.317985071
0,7.82026746316,7.82026746316,177.266522488
0,7.74640816226,7.74640816226,177.297806277
0,7.95475208488,7.95475208488,177.456790298
0,7.75892968481,7.75892968481,177.376274437
0,7.69818925047,7.69818925047,177.508527089
0,7.87964030792,7.87964030792,177.383335011
0,7.69338654857,7.69338654857,177.423043584
0,7.6188985809,7.6188985809,177.364490044
0,7.74305032482,7.74305032482,177.525061046
0,8.14688577829,8.14688577829,177.208235709
0,7.79875270342,7.79875270342,177.560047114
0,7.58893451908,7.58893451908,177.552106451
0,7.79036610234,7.79036610234,177.340135462
0,7.56167633972,7.56167633972,177.235669418
0,7.60913290059,7.60913290059,177.275302871
0,7.25811313525,7.25811313525,177.577548162
0,7.36555849149,7.36555849149,177.316633886
0,7.59338788777,7.59338788777,177.255510194
0,8.06154515542,8.06154515542,177.210143799
0,7.98902609766,7.98902609766,177.33262276
0,8.28840637149,8.28840637149,177.346901579
0,7.8783234364,7.8783234364,177.350681326
0,7.70666987272,7.70666987272,177.185006589
0,7.3971065885,7.3971065885,177.456048204
0,7.49281241956,7.49281241956,177.357804986
0,7.61454172353,7.61454172353,177.217131627
0,7.27231133507,7.27231133507,177.29869101
0,7.28844393608,7.28844393608,177.331668829
0,7.22513683386,7.22513683386,177.391045573
0,7.18282106718,7.18282106718,177.297787529
0,7.06254379745,7.06254379745,177.362770547
0,7.2199276573,7.2199276573,177.275236719
0,7.2643634149,7.2643634149,177.394381531
0,7.30689801675,7.30689801675,177.415073052
0,7.30435316864,7.30435316864,177.223863512
0,7.0448709685,7.0448709685,177.539032315
0,7.18744870318,7.18744870318,177.360285627
0,7.18756610616,7.18756610616,177.191757197
0,7.09712073036,7.09712073036,177.50017632
0,7.12620542236,7.12620542236,177.741644719
0,7.08190007282,7.08190007282,177.412416542
0,7.0260428519,7.0260428519,177.672273449
0,7.09765850892,7.09765850892,177.440287639
0,7.22825170975,7.22825170975,177.406900153
0,6.96479494204,6.96479494204,177.504575089
0,7.05514498957,7.05514498957,177.489755488
0,6.91353750105,6.91353750105,177.469036999
0,6.83774403698,6.83774403698,177.386905487
0,8.44869824552,8.44869824552,177.168993043
0,8.20912873833,8.20912873833,177.266918637
0,7.65935934662,7.65935934662,177.308858224
0,7.00140527438,7.00140527438,177.351634684
0,7.06344555916,7.06344555916,177.353878253
0,6.91438993448,6.91438993448,177.19719244
0,6.76561744235,6.76561744235,177.435174937
0,6.81196484643,6.81196484643,177.343406058
0,6.74795758581,6.74795758581,177.341152928
0,6.83236088813,6.83236088813,177.425073058
0,6.92345563032,6.92345563032,177.434113087
0,6.75419207715,6.75419207715,177.336852917
0,6.66784840856,6.66784840856,177.375661887
0,6.86793614578,6.86793614578,177.467058427
0,6.81212741345,6.81212741345,177.496866204
0,6.60830980542,6.60830980542,177.512529505
0,6.69912294838,6.69912294838,177.536334632
0,6.93107425082,6.93107425082,177.292580505
0,6.73391306761,6.73391306761,177.471507676
0,6.83409652971,6.83409652971,177.407017018
0,6.82982085845,6.82982085845,177.52451978
0,6.68255520599,6.68255520599,177.38555955
0,6.79332846919,6.79332846919,177.224627416
0,6.66106969151,6.66106969151,177.478610741
0,6.84970427683,6.84970427683,177.437165406
0,6.8202828221,6.8202828221,177.369128408
0,6.65476751321,6.65476751321,177.476015981
0,6.59176374323,6.59176374323,177.565362956
0,6.84445118862,6.84445118862,177.436919161
0,7.47737472636,7.47737472636,177.364224027
0,7.40504684216,7.40504684216,177.477777073
0,7.13530497473,7.13530497473,177.357800484
0,6.7389799549,6.7389799549,177.148079225
0,6.5724622673,6.5724622673,177.454399301
0,6.56519891218,6.56519891218,177.375612227
0,6.79730645817,6.79730645817,177.356099367
0,6.69773914269,6.69773914269,177.316751762
0,6.46203123413,6.46203123413,177.459049232
0,6.6200293953,6.6200293953,177.265993281
0,6.69684513413,6.69684513413,177.405974937
0,6.49111957709,6.49111957709,177.378220614
0,6.5008955201,6.5008955201,177.424901692
0,6.56051443425,6.56051443425,177.436599417
0,6.43553765996,6.43553765996,177.523101089
0,6.61045282223,6.61045282223,177.381243765
0,6.22751588213,6.22751588213,177.382475468
0,6.28477788106,6.28477788106,177.261336142
0,6.1442710049,6.1442710049,177.628049788
0,6.30162459687,6.30162459687,177.430494104
0,6.33167567943,6.33167567943,177.495194511
0,6.49639113233,6.49639113233,177.394144084
0,6.50215693617,6.50215693617,177.398730779
0,6.17156766606,6.17156766606,177.458110926
0,6.07646329085,6.07646329085,177.440515942
0,6.23022289873,6.23022289873,177.306317567
0,6.2560540381,6.2560540381,177.274532274
0,6.32416701814,6.32416701814,177.389411266
0,6.31502674736,6.31502674736,177.441332779
0,6.24923074397,6.24923074397,177.463655387
0,6.24977854431,6.24977854431,177.434976328
0,6.19442114305,6.19442114305,177.281688473
0,6.17995449775,6.17995449775,177.284479135
0,6.23854723813,6.23854723813,177.431007027
0,6.12823317403,6.12823317403,177.315022008
0,6.05220545675,6.05220545675,177.404692371
0,5.8510903436,5.8510903436,177.251937295
0,6.03050143762,6.03050143762,177.351440795
0,5.89622759275,5.89622759275,177.456820602
0,6.08649283568,6.08649283568,177.374132976
0,6.10580152296,6.10580152296,177.402494485
0,6.05389764264,6.05389764264,177.120431228
0,6.12316830011,6.12316830011,177.71425773
0,6.19282026629,6.19282026629,177.495203058
0,5.90026211599,5.90026211599,177.255288023
0,6.0676873806,6.0676873806,177.488130407
0,5.87578440325,5.87578440325,177.310156228
0,6.2815281376,6.2815281376,177.327853748
0,6.05815838254,6.05815838254,177.304838441
0,6.16142264079,6.16142264079,177.407178469
0,6.05727304564,6.05727304564,177.508072675
0,5.95867514853,5.95867514853,177.441843143
0,5.93346391104,5.93346391104,177.415048031
0,6.07838651497,6.07838651497,177.483936051
0,5.93151681665,5.93151681665,177.192141467
0,5.94977461452,5.94977461452,177.43663737
0,6.00288397817,6.00288397817,177.494743461
0,5.9397903867,5.9397903867,177.332282229
0,5.83761506626,5.83761506626,177.454486699
0,5.96613656737,5.96613656737,177.527021494
0,5.88046281552,5.88046281552,177.406304531
0,5.6859723485,5.6859723485,177.450558763
0,5.89334142718,5.89334142718,177.430679818
0,5.75938630646,5.75938630646,177.556620967
0,5.8082574492,5.8082574492,177.438053772
0,5.79474352672,5.79474352672,177.373239822
0,5.75239699338,5.75239699338,177.36721476
0,5.9207353042,5.9207353042,177.371509237
0,5.7026532649,5.7026532649,177.497595858
0,6.04314228788,6.04314228788,177.52004361
0,5.90016173626,5.90016173626,177.430529131
0,5.78864399723,5.78864399723,177.496581335
0,5.66613088516,5.66613088516,177.498860023
0,5.94787886106,5.94787886106,177.327544431
0,5.91514996854,5.91514996854,177.587726448
0,5.85999761812,5.85999761812,177.621502144
0,5.79111285392,5.79111285392,177.493050997
0,5.80992034911,5.80992034911,177.585821736
0,5.70046775598,5.70046775598,177.495200041
0,5.71940816859,5.71940816859,177.448667856
0,5.57893143834,5.57893143834,177.368865146
0,5.49142330196,5.49142330196,177.415461855
0,5.56743761929,5.56743761929,177.337445323
0,5.70858879603,5.70858879603,177.508181774
0,5.70774730507,5.70774730507,177.473830273
0,5.60191554393,5.60191554393,177.484413207
0,5.67442579311,5.67442579311,177.535519288
0,5.56179300564,5.56179300564,177.362718399
0,5.9269763333,5.9269763333,177.407408318
0,5.73188944913,5.73188944913,177.403069686
0,5.64946057775,5.64946057775,177.327273729
0,5.68843705898,5.68843705898,177.540364771
0,5.64611987148,5.64611987148,177.63189331
0,5.515176124,5.515176124,177.406622272
0,5.61197073392,5.61197073392,177.319792346
0,5.58585519195,5.58585519195,177.498962507
0,5.67042876196,5.67042876196,177.5369515
0,5.72057850248,5.72057850248,177.435579558
0,5.60909127805,5.60909127805,177.4441648
0,5.48628690002,5.48628690002,177.600001979
0,5.39863589609,5.39863589609,177.457636937
0,5.53414306949,5.53414306949,177.440104318
0,5.47182903271,5.47182903271,177.487864976
0,5.38891195819,5.38891195819,177.417721512
0,5.56977467062,5.56977467062,177.510072916
0,5.50620686808,5.50620686808,177.255695219
0,5.67008848509,5.67008848509,177.520825413
0,5.54962763527,5.54962763527,177.517457974
0,5.3654939184,5.3654939184,177.482244557
0,5.5078850518,5.5078850518,177.618790272
0,5.60207982662,5.60207982662,177.708917089
0,5.41826312587,5.41826312587,177.652092462
0,5.40638205114,5.40638205114,177.499423466
0,5.45044068718,5.45044068718,177.542164761
0,5.36413582795,5.36413582795,177.544521896
0,5.40648039974,5.40648039974,177.485048279
0,5.39173602745,5.39173602745,177.467283114
0,5.41259265823,5.41259265823,177.691308202
0,5.36301439638,5.36301439638,177.438299922
0,5.41710369359,5.41710369359,177.449677406
0,5.5432633346,5.5432633346,177.58686437
0,5.40117432333,5.40117432333,177.642677494
0,5.39180328332,5.39180328332,177.56370642
0,5.3932494799,5.3932494799,177.622541347
0,5.29259615195,5.29259615195,177.602965174
0,5.25864212047,5.25864212047,177.468883933
0,5.34972981701,5.34972981701,177.607814075
0,5.43329849011,5.43329849011,177.589063205
0,5.66706313857,5.66706313857,177.44888925
0,5.40586200368,5.40586200368,177.569694911
0,5.33100578916,5.33100578916,177.657420851
0,5.64723581264,5.64723581264,177.566283948
0,5.43487670328,5.43487670328,177.709092997
0,5.28433689816,5.28433689816,177.658370111
0,5.25049943473,5.25049943473,177.553781381
0,5.37606553929,5.37606553929,177.713046878
0,5.23901645117,5.23901645117,177.734365106
0,5.28873736683,5.28873736683,177.628774266
0,5.39870135126,5.39870135126,177.726137355
0,5.35459631545,5.35459631545,177.71747569
0,5.46488354391,5.46488354391,177.807549278
0,5.36970139394,5.36970139394,177.741572634
0,5.25338149416,5.25338149416,177.610986758
0,5.21730510441,5.21730510441,177.603631675
0,5.32224809294,5.32224809294,177.556253603
0,5.11081320587,5.11081320587,177.651339451
0,5.50182920165,5.50182920165,177.67151264
0,5.49901315993,5.49901315993,177.758329298
0,5.43943389134,5.43943389134,177.699583061
0,5.54337525714,5.54337525714,177.459962937
0,5.61102326428,5.61102326428,177.570794156
0,5.3998890951,5.3998890951,177.648633341
0,5.42700940628,5.42700940628,177.670366096
0,5.34289222033,5.34289222033,177.606821172
0,5.16827912298,5.16827912298,177.667249503
0,5.20069189181,5.20069189181,177.443098179
0,5.14679674632,5.14679674632,177.811288002
0,5.16923638173,5.16923638173,177.456659503
0,5.19543381967,5.19543381967,177.594362243
0,5.17539798414,5.17539798414,177.701643675
0,5.18200009375,5.18200009375,177.625021464
0,5.18239546405,5.18239546405,177.791832519
0,5.12367628287,5.12367628287,177.783794811
0,4.91137271698,4.91137271698,177.629720929
0,5.21243275974,5.21243275974,177.798094457
0,5.27618863752,5.27618863752,177.731769437
0,5.19435636003,5.19435636003,177.614221353
0,5.10036771502,5.10036771502,177.801393492
0,5.07158855219,5.07158855219,177.614834225
0,5.05095155231,5.05095155231,177.606967102
0,5.13768160686,5.13768160686,177.655684318
0,5.08862574264,5.08862574264,177.536754892
0,5.1429570438,5.1429570438,177.687922312
0,5.00726649112,5.00726649112,177.494736416
0,5.13245875961,5.13245875961,177.742274081
0,5.0691579789,5.0691579789,177.735229638
0,4.96278858387,4.96278858387,177.588952793
0,4.95110348518,4.95110348518,177.711084294
0,5.10895502464,5.10895502464,177.613186429
0,5.05487775044,5.05487775044,177.490887531
0,5.09584157003,5.09584157003,177.636476534
0,5.15734508729,5.15734508729,177.665418613
0,5.04553875901,5.04553875901,177.716344664
0,5.01582591625,5.01582591625,177.810218915
0,4.99192238093,4.99192238093,177.726195587
0,5.10746662677,5.10746662677,177.759234194
0,5.01199202696,5.01199202696,177.687792243
0,5.10531342151,5.10531342151,177.666402841
0,5.09240540596,5.09240540596,177.601183527
0,5.04612257361,5.04612257361,177.841650709
0,4.90840722714,4.90840722714,177.540847128
0,5.07991170525,5.07991170525,177.501031455
0,5.07514228664,5.07514228664,177.586906821
0,5.00339066721,5.00339066721,177.687258457
0,4.97089310443,4.97089310443,177.713191772
0,4.89795596715,4.89795596715,177.684718045
0,4.95028869558,4.95028869558,177.683009324
0,5.09005180268,5.09005180268,177.577905332
0,5.05941222285,5.05941222285,177.741761541
0,5.03052975236,5.03052975236,177.726096865
0,4.81746221375,4.81746221375,177.615074489
0,4.9575641878,4.9575641878,177.637958812
0,4.97469086676,4.97469086676,177.664185945
0,4.91474796086,4.91474796086,177.648074654
0,4.7754226144,4.7754226144,177.706023236
0,4.99282571759,4.99282571759,177.624187519
0,4.91144810816,4.91144810816,177.774998802
0,4.8784303392,4.8784303392,177.647475381
0,5.01589342694,5.01589342694,177.750475161
0,5.02907665369,5.02907665369,177.773584667
0,5.04800536468,5.04800536468,177.602373253
0,4.95503671162,4.95503671162,177.611851469
0,4.74918372881,4.74918372881,177.680738543
0,4.90978505766,4.90978505766,177.762624622
0,4.94582660838,4.94582660838,177.804278439
0,4.87091552348,4.87091552348,177.804767236
0,4.88229446503,4.88229446503,177.866733952
0,4.92492735251,4.92492735251,177.706597249
0,4.96159945925,4.96159945925,177.820820324
0,4.84730227894,4.84730227894,177.860506974
0,4.85808500481,4.85808500481,177.792519025
0,4.88767683002,4.88767683002,177.79718314
0,4.87051698762,4.87051698762,177.739207076
0,4.80236048102,4.80236048102,177.771425128
0,4.9157256897,4.9157256897,177.79929741
0,4.76140657886,4.76140657886,177.72595946
0,4.82370658659,4.82370658659,177.730635264
0,4.81287491154,4.81287491154,177.80538885
0,4.81561488581,4.81561488581,177.764063554
0,4.97988835646,4.97988835646,177.797774256
0,4.87239231462,4.87239231462,177.752062433
0,4.96294982917,4.96294982917,177.792801588
0,4.86704391173,4.86704391173,177.756736327
0,4.79072895992,4.79072895992,177.72878644
0,4.75907454835,4.75907454835,177.721154366
0,4.82949831489,4.82949831489,177.851167585
0,4.71111564429,4.71111564429,177.842935813
0,4.66825500906,4.66825500906,177.762403179
0,4.71204344198,4.71204344198,177.908050185
0,4.62590384835,4.62590384835,177.835954232
0,4.82188961753,4.82188961753,177.950092283
0,4.72153778398,4.72153778398,177.730665999
0,4.73269595877,4.73269595877,177.908843905
0,4.82336902558,4.82336902558,177.864577464
0,4.69966833484,4.69966833484,177.869992157
0,4.85319786642,4.85319786642,177.711820475
0,4.73612320801,4.73612320801,177.856982739
0,4.73557577921,4.73557577921,177.865889426
0,4.7559711464,4.7559711464,177.892252265
0,4.83177953594,4.83177953594,177.86717679
0,4.74615459067,4.74615459067,177.734956258
0,4.8318042756,4.8318042756,177.933283057
0,4.95802208253,4.95802208253,177.94165492
0,4.78241497854,4.78241497854,177.951582174
0,4.81008556676,4.81008556676,178.103040505
0,4.8676736362,4.8676736362,177.926854781
0,4.78254040708,4.78254040708,177.972638533
0,4.6986262805,4.6986262805,178.003692213
0,4.82090153772,4.82090153772,177.970786203
0,4.70959664665,4.70959664665,177.950471396
0,4.69410885285,4.69410885285,177.952008935
0,4.76666691989,4.76666691989,177.975657494
0,4.62190745425,4.62190745425,178.078004521
0,4.82560345855,4.82560345855,177.814918226
0,4.70247959077,4.70247959077,177.960005386
0,4.7905626734,4.7905626734,177.933676218
0,4.69811630919,4.69811630919,177.909320601
0,4.69719517774,4.69719517774,177.927158394
0,4.67011353001,4.67011353001,177.876704388
0,4.61011616242,4.61011616242,177.894331002
0,4.69411871143,4.69411871143,177.790498005
0,4.81994465786,4.81994465786,177.95887447
0,4.68093118814,4.68093118814,178.067662886
0,4.57999083147,4.57999083147,177.917597467
0,4.62989016573,4.62989016573,177.996329022
0,4.58293097264,4.58293097264,177.97803066
0,4.60327127718,4.60327127718,177.963830708
0,4.6491546345,4.6491546345,177.819695355
0,4.73556624148,4.73556624148,178.022075421
0,4.5647693594,4.5647693594,178.104676452
0,4.74438132087,4.74438132087,178.123225759
0,4.67798587257,4.67798587257,178.073286813
0,4.76594013228,4.76594013228,177.995898637
0,4.86362457056,4.86362457056,177.991534998
0,4.7570335099,4.7570335099,178.081281734
0,4.61302447884,4.61302447884,178.009093593
0,4.66421523412,4.66421523412,178.151370478
0,4.71192716212,4.71192716212,177.903203182
0,4.81072210042,4.81072210042,178.034433366
0,4.64731069667,4.64731069667,178.142671511
0,4.68768296996,4.68768296996,178.034608864
0,4.8133643078,4.8133643078,177.951472202
0,4.63848663583,4.63848663583,177.959981515
0,4.71989935294,4.71989935294,177.94166068
0,4.72006799741,4.72006799741,178.02702984
0,4.66759539849,4.66759539849,177.944374838
0,4.83538237437,4.83538237437,177.907055799
0,4.75939234942,4.75939234942,177.929824807
0,4.75291038469,4.75291038469,177.947611894
0,4.64219823615,4.64219823615,178.023599661
0,4.73399838439,4.73399838439,177.990936976
0,4.84007063712,4.84007063712,178.009354474
0,4.56414159516,4.56414159516,177.919675713
0,4.48821261139,4.48821261139,178.036320417
0,4.6454280578,4.6454280578,177.935897069
0,4.67449431969,4.67449431969,177.942894183
0,4.79269752685,4.79269752685,177.862045747
0,4.68801726944,4.68801726944,177.968253285
0,4.69308440498,4.69308440498,177.944838176
0,4.70225037435,4.70225037435,177.865483859
0,4.53723261074,4.53723261074,177.995081747
0,4.67557192973,4.67557192973,177.933260205
0,4.75171724198,4.75171724198,177.879096997
0,4.76269356901,4.76269356901,177.92833185
0,4.83056935278,4.83056935278,178.009146761
0,4.86021423798,4.86021423798,177.967680134
0,4.68370689561,4.68370689561,177.914579042
0,4.77868838219,4.77868838219,178.002883139
0,4.64856163936,4.64856163936,177.92842749
0,4.86651092962,4.86651092962,178.055684147
0,4.74882852262,4.74882852262,177.948068113
0,4.64808501401,4.64808501401,177.959998702
0,4.74420730509,4.74420730509,177.980857351
0,4.67659453238,4.67659453238,178.046559317
0,4.55496479773,4.55496479773,177.978199305
0,4.50985540146,4.50985540146,177.981751905
0,4.51675504325,4.51675504325,178.003397852
0,4.58493317854,4.58493317854,178.093599044
0,4.6245963859,4.6245963859,178.121251125
0,4.81416002264,4.81416002264,177.913147793
0,5.86533603063,5.86533603063,177.947229455
0,6.56670060267,6.56670060267,178.425532263
0,5.76658849588,5.76658849588,178.186800434
0,5.56729838878,5.56729838878,178.047659571
0,5.06968321547,5.06968321547,178.108129643
0,4.91028790604,4.91028790604,178.134925834
0,4.70252818063,4.70252818063,178.081172191
0,4.67680236022,4.67680236022,178.131100178
0,4.52291833387,4.52291833387,178.155267665
0,4.53148943082,4.53148943082,178.049012873
0,4.59284441084,4.59284441084,177.965036226
0,4.51307982414,4.51307982414,177.9709943
0,4.45907952311,4.45907952311,178.042973947
0,4.60891725188,4.60891725188,178.192936135
0,4.64469131017,4.64469131017,178.178583847
0,4.5902142316,4.5902142316,178.063041068
0,4.50337492629,4.50337492629,178.131237458
0,4.54254372763,4.54254372763,178.116181972
0,4.54990011412,4.54990011412,178.166682728
0,4.45506531114,4.45506531114,178.076001438
0,4.51972690822,4.51972690822,178.151081611
0,4.66846241086,4.66846241086,178.178106906
0,4.60898764513,4.60898764513,178.209359626
0,4.60013795791,4.60013795791,178.153539331
0,4.58525809395,4.58525809395,178.176182381
0,4.61776573027,4.61776573027,178.263341295
0,4.71920609855,4.71920609855,178.270630178
0,4.48540978137,4.48540978137,178.211795647
0,4.35119195045,4.35119195045,178.225938626
0,4.35519671526,4.35519671526,178.173204181
0,4.45838516013,4.45838516013,178.13517391
0,4.48666103916,4.48666103916,178.206957629
0,4.47398970082,4.47398970082,178.162309815
0,4.49108504375,4.49108504375,178.07520777
0,4.53250611005,4.53250611005,178.02786575
0,4.47133093205,4.47133093205,178.092862554
0,4.61192870358,4.61192870358,178.09558651
0,4.56144637881,4.56144637881,178.124205232
0,4.65134291373,4.65134291373,178.107882793
0,4.61544161678,4.61544161678,178.06632199
0,4.6303831441,4.6303831441,178.061711669
0,4.58628021884,4.58628021884,177.963811118
0,4.51587874946,4.51587874946,178.024042282
0,4.58863263981,4.58863263981,178.140770713
0,4.39957099862,4.39957099862,178.124598958
0,4.58913485636,4.58913485636,178.066187513
0,4.49442069739,4.49442069739,177.952553941
0,4.52104856485,4.52104856485,177.993158876
0,4.57936975046,4.57936975046,178.177709789
0,4.60610479465,4.60610479465,178.10629806
0,4.66509617169,4.66509617169,178.105961499
0,4.67565795931,4.67565795931,177.847722059
0,5.46451668754,5.46451668754,178.098785603
0,5.16880636595,5.16880636595,178.064214713
0,4.88365297321,4.88365297321,178.038499579
0,4.85508178279,4.85508178279,178.07588289
0,4.66785994139,4.66785994139,178.026903144
0,4.70897598455,4.70897598455,178.054669819
0,4.75627356738,4.75627356738,178.021983407
0,4.80138264454,4.80138264454,178.261751101
0,4.84512206519,4.84512206519,178.131393963
0,4.64164497855,4.64164497855,178.25477987
0,4.70805596426,4.70805596426,178.180898726
0,4.66759870612,4.66759870612,178.266696384
0,4.69482669743,4.69482669743,178.305462228
0,4.58521266849,4.58521266849,178.317532614
0,4.6129339319,4.6129339319,178.381141159
0,4.62632161021,4.62632161021,178.241842819
0,4.73192361192,4.73192361192,178.299987321
0,4.7578632929,4.7578632929,178.300901297
0,4.69054617329,4.69054617329,178.353470858
0,4.74084417503,4.74084417503,178.472200254
0,5.07151928562,5.07151928562,178.44007972
0,4.88349891849,4.88349891849,178.280411673
0,4.75120048351,4.75120048351,178.262026178
0,4.97155850902,4.97155850902,178.386603119
0,4.79227631845,4.79227631845,178.342637747
0,4.85020691419,4.85020691419,178.306676657
0,4.92899350124,4.92899350124,178.238219688
0,4.78482186082,4.78482186082,178.314322825
0,4.90508998261,4.90508998261,178.306243041
0,4.99887647506,4.99887647506,178.159943601
0,8.08730998087,8.08730998087,178.055587041
0,9.0664999774,9.0664999774,177.94575226
0,7.65659399493,7.65659399493,177.900014267
0,6.73346719482,6.73346719482,178.225767101
0,5.52482072578,5.52482072578,178.252436522
0,4.88225951663,4.88225951663,178.279186445
0,4.63498318983,4.63498318983,178.289960144
0,4.6710959724,4.6710959724,178.300506609
0,4.64454673648,4.64454673648,178.29826326
0,4.56562190465,4.56562190465,178.259127478
0,4.5074888697,4.5074888697,178.272933782
0,4.48098618677,4.48098618677,178.344208343
0,4.53464683158,4.53464683158,178.305709826
0,4.54445781202,4.54445781202,178.299544594
0,4.6431788628,4.6431788628,178.3656381
0,4.5702741755,4.5702741755,178.344069557
0,4.84634267216,4.84634267216,178.225589351
0,4.84837859946,4.84837859946,178.221173781
0,4.72197128821,4.72197128821,178.177519738
0,4.75842531184,4.75842531184,178.235256437
0,4.93302809939,4.93302809939,178.251823253
0,4.79135676147,4.79135676147,178.367267048
0,4.83877790798,4.83877790798,178.303369414
0,4.87730391538,4.87730391538,178.181574585
0,4.98767116287,4.98767116287,178.399172695
0,5.04554728257,5.04554728257,178.264440453
0,5.09650754915,5.09650754915,178.230331018
0,5.05621701388,5.05621701388,178.175288814
0,5.01817537679,5.01817537679,178.204449292
0,5.13469978467,5.13469978467,178.278925899
0,5.09762635402,5.09762635402,178.153908616
0,5.12564963942,5.12564963942,178.200698168
0,5.2346843146,5.2346843146,178.084944531
0,5.31923624032,5.31923624032,178.125327305
0,5.2469498543,5.2469498543,177.89036549
0,5.32455229398,5.32455229398,177.983839454
0,5.27595050001,5.27595050001,177.77730944
0,5.10888906053,5.10888906053,177.912616221
0,5.17645050843,5.17645050843,177.991601058
0,5.37200739613,5.37200739613,178.027610198
0,5.12119147986,5.12119147986,178.203863957
0,4.97994371141,4.97994371141,178.103647339
0,4.77356894501,4.77356894501,178.066551547
0,4.85655712194,4.85655712194,178.153948551
0,4.79482759502,4.79482759502,178.001702868
0,4.70267813358,4.70267813358,178.271078024
0,4.7280844909,4.7280844909,178.204380905
0,4.86328160721,4.86328160721,178.107413281
0,4.71588934888,4.71588934888,178.12806444
0,4.80425988666,4.80425988666,178.136156785
0,4.88243372242,4.88243372242,177.98886296
0,4.88344041281,4.88344041281,178.106480789
0,4.69961057656,4.69961057656,178.059320948
0,4.64500485545,4.64500485545,178.208482079
0,4.74196322225,4.74196322225,178.369843716
0,4.675251738,4.675251738,178.277076652
0,4.55389172493,4.55389172493,178.274641091
0,4.68705760768,4.68705760768,178.176994344
0,4.65414476282,4.65414476282,178.178778841
0,4.49417254472,4.49417254472,178.108066006
0,4.56962308927,4.56962308927,178.05765749
0,4.51813979199,4.51813979199,178.122861239
0,4.60290107198,4.60290107198,177.926906673
0,4.55729403184,4.55729403184,177.863052397
0,4.57318759979,4.57318759979,178.043370169
0,4.48638016325,4.48638016325,177.946309249
0,4.47788754127,4.47788754127,177.923205468
0,4.61816688619,4.61816688619,177.790653944
0,4.4699886016,4.4699886016,177.902082181
0,4.48927609177,4.48927609177,177.926531739
0,4.5852937558,4.5852937558,178.003299459
0,4.49404571018,4.49404571018,178.075065032
0,4.61186471702,4.61186471702,177.909766861
0,4.65145070477,4.65145070477,178.090146535
0,4.6141306864,4.6141306864,178.151813646
0,4.86541775545,4.86541775545,178.205709578
0,4.78844728381,4.78844728381,178.237654301
0,4.74571157621,4.74571157621,178.052544792
0,4.68454271974,4.68454271974,178.199328874
0,4.8476887156,4.8476887156,178.180736262
0,4.85699943525,4.85699943525,178.167536987
0,4.81750453318,4.81750453318,178.054452881
0,4.95926429824,4.95926429824,178.085982386
0,4.75338945401,4.75338945401,178.240013671
0,4.8520668566,4.8520668566,178.072336323
0,4.77413234285,4.77413234285,178.188514708
0,4.79331141821,4.79331141821,178.208457009
0,4.762178926,4.762178926,178.212848665
0,4.83573228171,4.83573228171,178.113277282
0,4.77791929316,4.77791929316,178.242789267
0,4.65822025976,4.65822025976,178.038772247
0,4.67858269396,4.67858269396,178.249579872
0,4.59579384939,4.59579384939,178.364278441
0,4.54264269565,4.54264269565,178.17216158
0,4.56417527169,4.56417527169,177.981999059
0,4.67262514068,4.67262514068,178.011976383
0,4.74683205972,4.74683205972,177.985460126
0,4.60728123023,4.60728123023,177.965959836
0,4.70352743534,4.70352743534,177.912779943
0,4.64120378894,4.64120378894,177.912772
0,4.48913352413,4.48913352413,177.838411609
0,4.52525834249,4.52525834249,177.908998145
0,4.63698482199,4.63698482199,178.033018746
0,4.54124821759,4.54124821759,178.129738636
0,4.46081597103,4.46081597103,178.045581209
0,4.48015713502,4.48015713502,178.068946452
0,4.49025724303,4.49025724303,178.189032389
0,4.55488414659,4.55488414659,178.123641488
0,4.61201386459,4.61201386459,178.169360808
0,4.67820252796,4.67820252796,178.121727266
0,4.60795663861,4.60795663861,178.251193928
0,4.54076746361,4.54076746361,178.220685175
0,4.6223785944,4.6223785944,178.191348064
0,4.50811524866,4.50811524866,178.035272119
0,4.7586601526,4.7586601526,178.054941711
0,4.75290633986,4.75290633986,178.046623581
0,4.71346774336,4.71346774336,177.989846283
0,4.53173176517,4.53173176517,177.937864194
0,4.55899293134,4.55899293134,178.033508685
0,4.60329053126,4.60329053126,178.029217773
0,4.74203583803,4.74203583803,177.897797477
0,4.5155604627,4.5155604627,178.037359174
0,4.61114369616,4.61114369616,177.94841891
0,4.45064195691,4.45064195691,177.902128812
0,4.45485100503,4.45485100503,177.952227113
0,4.53892797016,4.53892797016,178.055642521
0,4.57671637648,4.57671637648,177.835856812
0,4.37505549179,4.37505549179,177.824883328
0,4.50223159536,4.50223159536,177.970421229
0,4.61473143752,4.61473143752,177.952121977
0,4.58809057938,4.58809057938,177.992440006
0,4.56895284004,4.56895284004,178.160068514
0,4.36401251646,4.36401251646,178.13003607
0,4.40117283043,4.40117283043,178.2094022
0,4.46844014898,4.46844014898,178.103761255
0,4.37576481674,4.37576481674,178.265456397
0,4.38755374539,4.38755374539,178.121642892
0,4.36496009548,4.36496009548,178.244681516
0,4.36281107976,4.36281107976,178.160836668
0,4.31923813361,4.31923813361,178.162973481
0,4.3343898597,4.3343898597,178.180012371
0,4.30138960469,4.30138960469,178.054109377
0,4.32246337222,4.32246337222,178.199417319
0,4.35014213464,4.35014213464,178.025101813
0,4.44762374464,4.44762374464,177.882091918
0,4.45304028782,4.45304028782,177.97790594
0,4.48158386205,4.48158386205,177.89843553
0,4.505426134,4.505426134,177.877362375
0,4.36284231019,4.36284231019,177.86988425
0,4.28672101725,4.28672101725,177.942846603
0,4.25649832398,4.25649832398,177.936061474
0,4.13489405438,4.13489405438,177.814299386
0,4.12118007865,4.12118007865,177.927786878
0,4.19817699988,4.19817699988,177.963299227
0,4.33910539966,4.33910539966,177.967896178
0,4.27257859527,4.27257859527,177.944031628
0,4.47933882412,4.47933882412,177.812390633
0,4.36036562462,4.36036562462,177.926700528
0,4.44733477649,4.44733477649,177.810859077
0,6.52113493259,6.52113493259,177.941735877
0,5.59251648654,5.59251648654,177.96556179
0,4.98850386432,4.98850386432,177.972097869
0,4.66793208975,4.66793208975,177.904860618
0,4.86148036544,4.86148036544,177.819601821
0,4.69215160776,4.69215160776,177.850968937
0,4.41537214111,4.41537214111,177.80963234
0,4.13515275946,4.13515275946,177.856329629
0,4.07870154856,4.07870154856,177.862316219
0,4.09642760049,4.09642760049,177.700920572
0,4.10706678057,4.10706678057,177.877463304
0,4.17425619219,4.17425619219,177.892468506
0,4.37369325716,4.37369325716,177.753023866
0,4.24739622555,4.24739622555,177.797220354
0,4.19828255328,4.19828255328,177.904636318
0,4.18794888785,4.18794888785,177.770891383
0,4.28326744604,4.28326744604,177.771292306
0,4.25984101674,4.25984101674,177.833532547
0,4.32874679105,4.32874679105,177.734100401
0,4.56503951299,4.56503951299,177.79741259
0,4.60176932213,4.60176932213,177.795855692
0,4.55369643308,4.55369643308,177.826126463
0,4.51632654968,4.51632654968,178.009388754
0,4.36011084695,4.36011084695,178.13442983
0,4.21736766737,4.21736766737,178.054293638
0,4.30190567837,4.30190567837,178.122480655
0,4.39714772013,4.39714772013,178.034509221
0,4.47994117509,4.47994117509,178.058394715
0,4.46707713729,4.46707713729,177.979526056
0,4.46541377245,4.46541377245,177.962478227
0,4.48124053057,4.48124053057,177.911257988
0,4.60407323729,4.60407323729,177.971131285
0,4.8957206387,4.8957206387,177.905542153
0,4.99359461102,4.99359461102,177.818349441
0,5.11575375052,5.11575375052,177.688666026
0,5.0181179236,5.0181179236,177.874524186
0,4.92625305823,4.92625305823,177.94396006
0,4.62732631737,4.62732631737,177.956051797
0,4.69706526365,4.69706526365,177.986313954
0,4.68350252394,4.68350252394,177.981448431
0,4.76976011336,4.76976011336,178.064441697
0,4.88668994969,4.88668994969,178.029569927
0,4.97436746503,4.97436746503,178.095088765
0,4.89232344704,4.89232344704,177.937098892
0,4.85325043353,4.85325043353,178.143137134
0,4.80848957625,4.80848957625,178.046724316
0,4.79471352713,4.79471352713,177.941600125
0,4.82797000964,4.82797000964,177.973633116
0,4.69729457706,4.69729457706,177.782858049
0,4.7531421416,4.7531421416,177.886990998
0,4.75720054723,4.75720054723,177.733117134
0,4.94615556474,4.94615556474,177.918953832
0,4.89474441091,4.89474441091,177.830230661
0,4.88747356175,4.88747356175,178.025892679
0,4.82081648263,4.82081648263,177.976527333
0,4.87564481812,4.87564481812,178.001911991
0,4.7508720972,4.7508720972,177.984563317
0,4.96190852949,4.96190852949,177.973029885
0,4.85423466669,4.85423466669,178.065340321
0,4.87318568177,4.87318568177,178.09711559
0,4.91467111635,4.91467111635,178.045316089
0,4.83514361924,4.83514361924,178.048924458
0,4.8367471832,4.8367471832,178.054762487
0,4.68938355619,4.68938355619,178.019745346
0,4.69276190616,4.69276190616,178.124955287
0,4.67724197807,4.67724197807,178.05057101
0,4.72984305876,4.72984305876,177.956905109
0,4.70915936607,4.70915936607,178.054819648
0,4.75365608155,4.75365608155,177.832773752
0,4.81284611703,4.81284611703,177.848143823
0,4.81628085255,4.81628085255,177.879563763
0,4.67913548404,4.67913548404,178.011777898
0,4.57487377166,4.57487377166,177.904042694
0,4.66847899628,4.66847899628,177.834628941
0,4.59957170727,4.59957170727,177.970995899
0,4.78849944873,4.78849944873,177.845975687
0,4.63172994536,4.63172994536,178.030084794
0,4.73721800358,4.73721800358,177.971711742
0,4.74660606295,4.74660606295,177.952998269
0,4.67281402456,4.67281402456,178.008106804
0,4.74780613068,4.74780613068,178.085808299
0,4.64793344412,4.64793344412,178.157843029
0,4.5646923847,4.5646923847,178.124445912
0,4.67873538845,4.67873538845,178.151180482
0,4.48282339576,4.48282339576,178.085436745
0,4.66861842164,4.66861842164,178.073382881
0,4.78242185822,4.78242185822,177.928561394
0,4.77992005174,4.77992005174,178.063007215
0,4.82484929265,4.82484929265,177.94822156
0,4.7180419776,4.7180419776,177.976824672
0,4.52358073863,4.52358073863,178.001992
0,4.51095120578,4.51095120578,177.936859618
0,4.37584217342,4.37584217342,178.010063506
0,4.25306722241,4.25306722241,177.899205443
0,4.24956755102,4.24956755102,177.946415133
0,4.12050411573,4.12050411573,178.003130728
0,4.00319820274,4.00319820274,177.962117337
0,3.87584426188,3.87584426188,178.089861771
0,3.93786355287,3.93786355287,178.056738579
0,3.91949174529,3.91949174529,178.098845561
0,3.98900676534,3.98900676534,178.02579817
0,4.14516625241,4.14516625241,178.058148169
