epoch,loss,main_output_loss,mid_output_loss
0,2.98510143145,4.03923844233,1.93096442057
0,1.70632812,2.77376775803,0.638888481964
0,1.39527945953,2.3048878697,0.485671049353
0,1.34886172358,2.27889311262,0.418830334543
0,1.31338087699,2.26329723773,0.363464516258
0,1.29197760367,2.25210020424,0.331855003103
0,1.27338254652,2.24308981789,0.303675275144
0,1.25888152757,2.23600406386,0.281758991277
0,1.24724784618,2.23012520474,0.264370487617
0,1.23321651101,2.22534043258,0.241092589434
0,1.22422636292,2.22107059322,0.227382132617
0,1.21676321442,2.21621079905,0.217315629797
0,1.20815228236,2.21263076956,0.20367379516
0,1.20009566251,2.20865072673,0.191540598288
0,1.19319892677,2.20528544551,0.181112408036
0,1.18824941329,2.20201858395,0.174480242642
0,1.18265364599,2.19901072075,0.166296571244
0,1.17677047187,2.19555818152,0.157982762225
0,1.17175361152,2.19289330573,0.150613917315
0,1.16833057633,2.19004284178,0.146618310872
0,1.16332439453,2.18737471243,0.139274076618
0,1.15999118273,2.18448056998,0.135501795475
0,1.15592521081,2.18214927509,0.129701146536
0,1.15208645459,2.17916525147,0.125007657712
0,1.14893760799,2.17643707468,0.121438141296
0,1.14625192061,2.17382509356,0.118678747667
0,1.14243115914,2.17113968268,0.113722635608
0,1.13930310299,2.16840422919,0.110201976791
0,1.13681000431,2.16554465925,0.108075349363
0,1.13425262345,2.16278773688,0.105717510018
0,1.13159686295,2.15982389288,0.103369833014
0,1.12876633195,2.15736875284,0.100163911061
0,1.12663531683,2.15462654642,0.0986440872336
0,1.12441531669,2.15179706129,0.0970335720972
0,1.12182563727,2.14882380768,0.0948274668588
0,1.1194769222,2.14588784601,0.0930659983915
0,1.11629655125,2.14273046257,0.0898626399295
0,1.11518369105,2.13982203628,0.0905453458085
0,1.11268647456,2.13686977845,0.0885031706652
0,1.10961603001,2.13340342075,0.0858286392658
0,1.10831426297,2.13018113044,0.0864473954891
0,1.10565089059,2.12660877268,0.0846930084987
0,1.10333069161,2.12337143793,0.0832899452945
0,1.10108780559,2.12034196816,0.0818336430318
0,1.0995229704,2.11753900879,0.0815069320027
0,1.09749173005,2.11423677898,0.080746681116
0,1.09542228013,2.11104212242,0.0798024378299
0,1.09349217979,2.10751507175,0.0794692878244
0,1.09118939825,2.10452089732,0.0778578991883
0,1.08955334098,2.10171598022,0.0773907017467
0,1.08760985915,2.09879290253,0.0764268157573
0,1.08494008616,2.09484622478,0.0750339475354
0,1.08444454954,2.09291309812,0.0759760009626
0,1.08197408813,2.08881179124,0.0751363850253
0,1.08012422007,2.08639671038,0.0738517297627
0,1.07798122218,2.0823666539,0.073595790471
0,1.07652820359,2.07963364884,0.073422758337
0,1.07694734603,2.08053744664,0.0733572454142
0,1.07323529448,2.0749886778,0.0714819111699
0,1.07221498401,2.07310993078,0.0713200372406
0,1.07014921993,2.06876815976,0.071530280099
0,1.06786327649,2.06509327906,0.0706332739313
0,1.06649282418,2.06303661621,0.0699490321454
0,1.06572730594,2.06159912065,0.0698554912328
0,1.0640129758,2.05943156355,0.0685943880576
0,1.07086215156,2.0720131138,0.0697111893204
0,1.06313054753,2.05698797602,0.0692731190309
0,1.05879649417,2.05021346922,0.0673795191149
0,1.05894476826,2.04953439164,0.0683551448835
0,1.10321556431,2.13836699362,0.0680641349891
0,1.08547069372,2.1039056166,0.067035770838
0,1.06782881233,2.06819830537,0.067459319289
0,1.06095733819,2.05562662842,0.066288047963
0,1.05641514381,2.04612400745,0.0667062801604
0,1.05364613545,2.04178043364,0.0655118372586
0,1.05253704982,2.03904274507,0.0660313545723
0,1.05135205223,2.03736012653,0.0653439779221
0,1.05036656824,2.03531920983,0.0654139266511
0,1.04766820784,2.03003445118,0.0653019644882
0,1.04611212587,2.02752994535,0.0646943063852
0,1.05064454584,2.03667060767,0.0646184840127
0,1.04340069553,2.02283303126,0.0639683597922
0,1.04103797667,2.01808166239,0.0639942909568
0,1.11135750826,2.15949090819,0.0632241083316
0,1.06794672777,2.07231641066,0.0635770448793
0,1.0516081767,2.03989751668,0.0633188367254
0,1.04375766464,2.02402397144,0.0634913578451
0,1.03964478637,2.01650406115,0.062785511593
0,1.03630282288,2.0103790975,0.0622265482604
0,1.03590419345,2.00992276971,0.0618856171836
0,1.03395428642,2.00510222204,0.062806350805
0,1.03789088614,2.01380943639,0.0619723358892
0,1.03166810627,2.00130317013,0.0620330424244
0,1.02888608582,1.99642235925,0.0613498123935
0,1.02841528432,1.99558041889,0.0612501497471
0,1.02648217237,1.9916497761,0.061314568639
0,1.02585492124,1.9910292881,0.0606805543834
0,1.02475031631,1.9882809494,0.061219683234
0,1.02234708031,1.98427142099,0.0604227396269
0,1.02143510286,1.98219503503,0.0606751706847
0,1.02254592731,1.98457395605,0.0605178985792
0,1.01904600257,1.97808441968,0.0600075854551
0,1.01722729727,1.9747460953,0.0597084992305
0,1.01697107569,1.97416830068,0.0597738507078
0,1.01458537094,1.96927046683,0.0599002750404
0,1.01267761163,1.96571647116,0.0596387521041
0,1.01280734189,1.96645323695,0.0591614468253
0,1.00979808848,1.96009941542,0.0594967615388
0,1.00851178946,1.9580774982,0.0589460807287
0,1.00639304398,1.95451014958,0.058275938376
0,1.00758275553,1.95669860256,0.0584669084955
0,1.00546431132,1.95201318002,0.0589154426156
0,1.00385302802,1.94951437728,0.0581916787647
0,1.00399971149,1.94989286969,0.0581065532859
0,1.00199275525,1.94614948434,0.0578360261709
0,1.00680984938,1.95567347087,0.0579462279002
0,1.00224298329,1.94658020766,0.0579057589162
0,0.997832302688,1.93809185506,0.0575727503188
0,0.997761953692,1.93801386897,0.0575100384143
0,0.995749721471,1.93432881766,0.0571706252842
0,0.993893138679,1.93042571533,0.0573605620256
0,0.9933042576,1.92963275177,0.0569757634334
0,0.993236636468,1.92936335207,0.0571099208609
0,0.992037591609,1.92765098123,0.056424201991
0,0.991246597682,1.92626300927,0.0562301860918
0,0.989929310558,1.92275917187,0.0570994492479
0,0.989299216023,1.92205435154,0.0565440805038
0,0.988927906213,1.92185637739,0.0559994350356
0,0.98653105369,1.91720241761,0.0558596897701
0,0.985324522514,1.91454328567,0.056105759359
0,0.984127355641,1.91176959784,0.0564851134413
0,0.984133222921,1.91320548437,0.0550609614689
0,0.982216640752,1.90859178903,0.0558414924713
0,0.984586997468,1.91391520114,0.0552587937988
0,0.980321328857,1.90479946656,0.0558431911587
0,0.980687138291,1.90637923485,0.0549950417344
0,0.977308379948,1.89969293435,0.0549238255465
0,0.976702657385,1.89866210505,0.0547432097215
0,0.976006494437,1.89668480756,0.0553281813182
0,0.97624209893,1.89781140848,0.0546727893823
0,0.974156103718,1.89370901044,0.0546031969984
0,0.974093033422,1.8934659606,0.054720106247
0,0.973542044973,1.89279443231,0.0542896576397
0,0.972146756253,1.89000840919,0.0542851033155
0,0.971016570075,1.88762504449,0.0544080956638
0,0.969449715354,1.88486047023,0.0540389604777
0,0.970299869667,1.88658921569,0.0540105236454
0,0.970936982513,1.88783287124,0.0540410937849
0,0.969386277096,1.88507927704,0.0536932771495
0,0.973658020089,1.89363645829,0.0536795818924
0,0.975169857817,1.89679721143,0.0535425042053
0,0.966869189168,1.8801929812,0.0535453971383
0,0.963372778534,1.87337671581,0.053368841255
0,0.965151678902,1.87700269436,0.0533006634436
0,0.962144743437,1.87100830076,0.0532811861138
0,0.962552455096,1.87187535623,0.0532295539596
0,0.961268530703,1.86976949832,0.0527675630915
0,0.96220125546,1.87176969419,0.0526328167344
0,0.96131334145,1.86969289461,0.0529337882862
0,0.960240488322,1.86782880542,0.0526521712238
0,0.957779973307,1.86287474874,0.0526851978751
0,0.958004091913,1.86357305923,0.0524351245908
0,0.956764321012,1.86141032049,0.0521183215364
0,0.955631691869,1.85901715556,0.0522462281761
0,0.954836965548,1.85775504954,0.0519188815516
0,0.959327885552,1.86651187543,0.0521438956777
0,0.954467903634,1.85700908443,0.0519267228377
0,0.952888996444,1.85406039298,0.0517175999039
0,0.952595787956,1.85326275941,0.0519288165031
0,0.953693949563,1.85604278106,0.0513451180663
0,0.951701684628,1.85181674336,0.0515866258972
0,0.951949400587,1.85206189051,0.0518369106631
0,0.950890177571,1.85037733753,0.051403017616
0,0.951641299889,1.85206684519,0.0512157545911
0,0.949259013385,1.84723455141,0.0512834753649
0,0.947888541422,1.84439755902,0.0513795238213
0,0.947638108224,1.84432036986,0.0509558465915
0,0.949040253309,1.84675163118,0.0513288754427
0,0.963860583432,1.87698780649,0.0507333603718
0,0.995379333513,1.94003630208,0.0507223649471
0,0.992229428994,1.93400338366,0.0504554743326
0,0.958570881625,1.86652774069,0.0506140225578
0,0.96283587932,1.8746540749,0.0510176837359
0,0.946720063404,1.84324247796,0.0501976488534
0,0.945122669204,1.83971401277,0.0505313256408
0,0.944050809285,1.83784374985,0.0502578687151
0,0.943263789298,1.83658933093,0.0499382476616
0,0.941977255113,1.83402036956,0.0499341406607
0,0.942002884488,1.83356863245,0.0504371365286
0,0.944319039092,1.83891060277,0.0497274754185
0,0.94157207447,1.8331881264,0.0499560225421
0,0.947533043097,1.84553907183,0.0495270143604
0,0.942189270875,1.83452339347,0.0498551482855
0,0.946084488475,1.84276985188,0.0493991250717
0,0.939188366352,1.82881435119,0.0495623815153
