epoch,generator_TD_Dense_0_loss,loss,model_1_loss,model_2_loss_1,model_2_loss_2
0,0.0611537480384,3.31462430584,0.130834851286,6.13477098732,5.15802139925
0,0.123123026011,2.68089064033,0.158032777531,5.56638449455,3.79591122771
0,0.157149126059,2.41707236842,0.18697382564,5.32079892763,3.22513224016
0,0.16297520907,1.93846085021,0.196870314676,4.73813082118,2.31411143281
0,0.185382159431,1.87964655382,0.210990557946,4.73399951877,2.14673439476
0,0.211827740525,1.82938805224,0.22962582591,4.72586093257,1.99871185528
0,0.218903784475,1.79609561788,0.236985623214,4.72269968957,1.90998534769
0,0.2590119523,1.78576996797,0.258745241321,4.72113829233,1.84484375559
0,0.24903072014,1.75733682024,0.26056854749,4.71591005009,1.78635624003
0,0.265019157912,1.74627524301,0.270272347438,4.71736489451,1.7419864369
0,0.269388746839,1.72791797642,0.276130360343,4.71230167644,1.69425529181
0,0.27127630778,1.71687490909,0.27785518835,4.71185198177,1.66498490954
0,0.278328473015,1.70241900418,0.281554383152,4.71125907527,1.62208943718
0,0.281977866806,1.68527624662,0.28469047995,4.70944537186,1.57649000106
0,0.300160056323,1.67944766002,0.294779452154,4.7040241671,1.54644694851
0,0.277429101435,1.66298675297,0.298735534896,4.71686085969,1.52160728916
0,0.258374593121,1.64019853882,0.302075282569,4.70564627135,1.4892985575
0,0.258679901182,1.63082595672,0.304451045079,4.70091981644,1.46792502226
0,0.280382521322,1.63258943549,0.32191086483,4.70285712118,1.4496624462
0,0.270640790511,1.61873326816,0.317220721549,4.69675656416,1.42781403773
0,0.284105489017,1.61948393486,0.324597978048,4.70103471021,1.41408693291
0,0.271467884626,1.60653979902,0.329489680573,4.69136766992,1.39919771765
0,0.255553337343,1.59733121715,0.327792999712,4.70294371656,1.38630278799
0,0.266560042947,1.59547384583,0.340988169004,4.69857142976,1.37283879735
0,0.264729360215,1.58556215907,0.342931613839,4.68933994019,1.3545060087
0,0.265491619987,1.57976412586,0.345316249105,4.68299101043,1.3424231313
0,0.270609329828,1.57663076935,0.34656260284,4.67952489675,1.33120508661
0,0.277143830078,1.57180067009,0.354406798574,4.67686724378,1.31392416482
0,0.280415656867,1.569243529,0.355337664717,4.67625215773,1.30456702874
0,0.273492507362,1.56266037214,0.366496323783,4.67645815296,1.29492928955
0,0.26156306351,1.55355937291,0.362198613187,4.67302103965,1.28582479153
0,0.268358599093,1.55003205223,0.368870315544,4.66970498071,1.27186898314
0,0.272620786344,1.54523692752,0.370697921278,4.66714736544,1.25689779212
0,0.285061118229,1.54850375779,0.38170132019,4.66653825689,1.25292909035
0,0.270773283411,1.5351553278,0.376893958383,4.66136007867,1.23643493982
0,0.295427016029,1.5417887209,0.391865022902,4.65742580521,1.23033182651
0,0.287997524236,1.53081109458,0.391782180219,4.65253581884,1.21276224649
0,0.295746992679,1.53218136281,0.399844100468,4.64915025358,1.21013123039
0,0.295841613893,1.52595181389,0.400987982896,4.64340049395,1.19733761759
0,0.302406878365,1.52624953813,0.413080134492,4.64084255762,1.19279563186
0,0.298873658738,1.52027487613,0.410587558704,4.63423601791,1.18469546534
0,0.316811486334,1.53563252945,0.449026029658,4.65595961248,1.19428997304
0,0.322770832212,1.52371516737,0.427689020112,4.62943316916,1.1718004435
0,0.328582444389,1.52467151034,0.435210330139,4.61877635157,1.17370809734
0,0.335042665683,1.51747289446,0.440067467438,4.60397036411,1.15665432984
0,0.329337391304,1.51183612043,0.438523792908,4.58740619148,1.15654975585
0,0.336563993389,1.5107891163,0.450365224522,4.58005537822,1.15038104882
0,0.331308112232,1.50646861284,0.448469266356,4.57387854388,1.14792408845
0,0.343682327749,1.50571929745,0.457398375242,4.5555331084,1.14284930199
0,0.341264815078,1.50160948624,0.46010918382,4.55288162114,1.13631803141
0,0.346031679275,1.49773357983,0.465493912217,4.52444611292,1.13607915574
0,0.340515258698,1.49141785846,0.470544638397,4.51282519249,1.13161673385
0,0.332288816071,1.48683480794,0.478648607502,4.50660881574,1.13149373851
0,0.326503312973,1.47776854385,0.479299207138,4.48113261944,1.12735167996
0,0.332902155945,1.47852771746,0.486294755064,4.47522096155,1.12580660016
0,0.337793026983,1.48399832535,0.49457155533,4.48072304376,1.13184120708
0,0.351559509577,1.47553703052,0.512333736129,4.43422837011,1.12016882277
0,0.344483055791,1.46418058243,0.508297429258,4.39855601885,1.11669033331
0,0.344779240204,1.45958214189,0.512689171196,4.37057782964,1.11888714391
0,0.344742166237,1.45247975931,0.516107602236,4.3418164625,1.11554894378
0,0.335881872476,1.44014657636,0.512497559446,4.30666130443,1.11115385869
0,0.34293250969,1.43937588394,0.52176333721,4.28914764541,1.11093332158
0,0.344967733547,1.43108422839,0.526077179221,4.24504222633,1.11022166948
0,0.340224316003,1.42169915756,0.52611254689,4.21813454418,1.10495625019
0,0.344342641392,1.41666677927,0.532104261872,4.18214158928,1.10625345795
0,0.385548556735,1.4407919218,0.582711524596,4.20462443633,1.11411897564
0,0.356123116273,1.41472905179,0.549228679319,4.14592725926,1.10773582793
0,0.344568623457,1.39532239223,0.544689437803,4.09334433956,1.0970651327
0,0.347765049883,1.38813996279,0.550859390322,4.05047902069,1.0973452919
0,0.347194958609,1.38209047863,0.552413128103,4.01681840133,1.09962198451
0,0.34603201363,1.37470734252,0.554821591022,3.98525913252,1.0981067226
0,0.347754099701,1.37078645927,0.559649550578,3.96158610993,1.09841894108
0,0.344837077285,1.36456046924,0.560114886334,3.9313988986,1.10086459341
0,0.33354122689,1.36390224446,0.553613578024,3.94672673172,1.10285096619
0,0.34362735141,1.34644502785,0.561974061575,3.86206231434,1.09145400957
0,0.345177469295,1.34296738046,0.567589058728,3.83099459027,1.09674363511
0,0.346734483817,1.33702844938,0.573630529115,3.80418938298,1.0937418966
0,0.338165523037,1.32782570221,0.567915226035,3.779658466,1.09156944716
0,0.345597873131,1.32445430252,0.576590639245,3.75038150884,1.09034707811
0,0.341107649663,1.31649640925,0.578521972939,3.72271684605,1.0887748986
0,0.351962175345,1.32009976121,0.588454050158,3.714021676,1.09127633769
0,0.350229870507,1.31503161476,0.5895283148,3.69014519488,1.09227651776
0,0.34721960037,1.3092299628,0.589989115062,3.67624604124,1.08773223414
0,0.35053725194,1.30317866609,0.597266806749,3.64201323907,1.08640274173
0,0.351309957842,1.30062970413,0.601041831778,3.62489721719,1.08781564249
0,0.34454196074,1.29297329334,0.598079545931,3.59894611657,1.08841816355
0,0.349375526403,1.29357507153,0.604577160609,3.58996686605,1.08957866795
0,0.345822929482,1.28315679335,0.606123842464,3.55161655533,1.08626072616
0,0.347186406502,1.28446235458,0.609429145743,3.54212830773,1.09290527508
0,0.351267207606,1.28137960496,0.615885646103,3.52907073211,1.08764638892
0,0.35157881228,1.27551545711,0.618550180168,3.50184341494,1.08628807347
0,0.361379298346,1.28588694321,0.630535891464,3.51839206575,1.09414197833
0,0.359779293241,1.27684866692,0.632625350446,3.48374796615,1.0904683413
0,0.347800852052,1.265311761,0.626254343137,3.45491809991,1.08801945129
0,0.35571220422,1.26485742876,0.635733973189,3.43395403324,1.08945430107
0,0.348174471674,1.25915676648,0.631988308573,3.41808393799,1.09067542671
0,0.34683998986,1.2552592814,0.632284926133,3.40619012404,1.08821310272
0,0.351419034525,1.26211252476,0.632932650198,3.42516687528,1.09127879086
0,0.348531858109,1.25619704856,0.633128762709,3.40054592494,1.09168775144
0,0.349915289078,1.24884258194,0.63873546393,3.36839959055,1.08799132327
0,0.348929642179,1.24691106437,0.641636150328,3.35886864481,1.08891364891
0,0.360594822309,1.25352756485,0.650601444115,3.36339676186,1.09152565976
0,0.354424947151,1.24305333309,0.64900191315,3.328281415,1.08906762968
0,0.356016067918,1.24083395225,0.649310180513,3.31405300234,1.08904226413
0,0.364277413666,1.24959600156,0.658675078043,3.3404021286,1.08951147672
0,0.350394455797,1.23774485792,0.649466199015,3.31347566633,1.08722980884
0,0.349200128154,1.23563609604,0.647285699625,3.29732860092,1.09122576274
0,0.345665465397,1.23074158965,0.64709435119,3.28411504198,1.08913093965
0,0.348131147554,1.23264780279,0.648820089156,3.28427150536,1.09135255918
0,0.353863942926,1.23538948808,0.654563685356,3.28764827789,1.09078559178
0,0.344777537066,1.22710645364,0.648415151065,3.26872749439,1.08862480273
0,0.347582112281,1.22532562848,0.650525251585,3.25075720846,1.09035330694
0,0.346594868675,1.22555229631,0.650636271118,3.25344128259,1.09056518187
0,0.34055939905,1.2232265332,0.648557783101,3.251058337,1.09197771817
0,0.338146443632,1.21945759962,0.648131689144,3.23930879133,1.09084311199
0,0.35537341663,1.22685467213,0.659966438008,3.2448090628,1.08935868438
0,0.352540266467,1.22775360012,0.659284641736,3.24851795818,1.09258470676
0,0.349685773034,1.22541461016,0.659270744896,3.24447346071,1.0916139758
0,0.348776825877,1.2265308754,0.657960731606,3.24484565441,1.09512748698
0,0.356770232662,1.22441492604,0.667281689164,3.22421688911,1.09215859069
0,0.350241852273,1.21698192029,0.668417333434,3.19973487212,1.09234546578
0,0.359540779726,1.22000787294,0.675463488632,3.19664267362,1.09215751719
0,0.361286601407,1.22034572889,0.679269887672,3.19230129333,1.0934270262
0,0.357526959819,1.22186737452,0.677996054084,3.20037807243,1.09695239327
0,0.362715412429,1.22244209964,0.682795354155,3.19923131282,1.09377413369
0,0.364923550153,1.22469589075,0.688305411302,3.20263849641,1.09549688099
0,0.365538789443,1.22221805122,0.690711257206,3.1874606792,1.09627595123
0,0.369779934278,1.22175972713,0.697031559464,3.17653548975,1.09635159142
0,0.376574631625,1.22303155075,0.706778975562,3.17821532574,1.0918965353
0,0.376531579522,1.22416595974,0.707790032749,3.17574896861,1.09600878857
0,0.383764955448,1.22920608524,0.714824753155,3.18803934825,1.09523053564
0,0.375100050912,1.2185111508,0.71319477542,3.16112353687,1.09061601016
0,0.385540246207,1.22185050062,0.72186845065,3.15279995121,1.0926859839
0,0.374576718421,1.21079944905,0.718732615849,3.13028720403,1.08727825566
0,0.375416478437,1.20745224468,0.719486879507,3.11560994194,1.08540911598
0,0.382967368342,1.21849228767,0.725991949915,3.14491673317,1.09080493816
0,0.374330444782,1.20676298042,0.722220420618,3.1180762246,1.08353884686
0,0.376367673351,1.20152556536,0.727558128371,3.08674376779,1.08407430965
0,0.38759733285,1.20639611803,0.739066147712,3.08895551902,1.08391515586
0,0.378404784005,1.20490425846,0.736943941566,3.09471404186,1.08649879462
0,0.386791546847,1.21156447229,0.742504464955,3.10667177549,1.08878369947
0,0.385674321095,1.2099933147,0.743223401316,3.10631587099,1.08615098397
0,0.387494303121,1.20868281749,0.748763195176,3.09658141654,1.08592198537
0,0.391914514051,1.20533648577,0.754744182079,3.07474232568,1.08405549134
0,0.393154996802,1.19997093752,0.75788495052,3.05390612739,1.07981923661
0,0.388316300831,1.19900413453,0.755970210374,3.05243749795,1.08297524052
0,0.382627643492,1.19788378814,0.7515841949,3.06192630033,1.08111863058
0,0.394239411978,1.20084632144,0.765030078694,3.05357627268,1.08108820835
0,0.387531211796,1.19321116126,0.761923030836,3.03037555532,1.08030886759
0,0.387341511106,1.19152129689,0.764387776283,3.02462004728,1.07915166116
0,0.380090443144,1.18360109584,0.761443404244,3.00108702705,1.07836873668
0,0.378676095939,1.18423972636,0.758702675575,3.00344881216,1.08019876845
0,0.383040051227,1.18685102251,0.761500546402,3.00414375873,1.08201558053
0,0.384072474653,1.19170211681,0.764582930482,3.02884562625,1.08075995888
0,0.37976453864,1.18925766982,0.762153796028,3.02254364666,1.08210776737
0,0.377933120649,1.1853716687,0.765358523059,3.00751070529,1.08174065331
0,0.375625879964,1.18290055438,0.762275409005,2.99202146763,1.08561472679
0,0.378611159888,1.18283225805,0.762827116383,2.99027135023,1.08333376384
0,0.38234899705,1.18178363479,0.770044100665,2.98504229149,1.07958889972
0,0.379766082856,1.18106228643,0.768433310329,2.98542039224,1.08017939125
0,0.372285745312,1.17791147417,0.76533734342,2.98004756275,1.08246911325
0,0.378836857477,1.18364595412,0.769275780221,2.98856029398,1.08599783461
0,0.374020296894,1.17622421885,0.767380903482,2.96992295687,1.08157872711
0,0.368479591733,1.1726274819,0.764838658279,2.96182057797,1.08217877751
0,0.375931000985,1.17639820313,0.770135729309,2.96063232335,1.08474829979
0,0.376392452298,1.17591847851,0.773539033779,2.9627767055,1.0820153448
0,0.374451661444,1.17306492169,0.774049855421,2.95356852472,1.08142633575
0,0.378224485312,1.17799101304,0.780726678517,2.95966558344,1.08692021003
0,0.370891517298,1.17649973718,0.776412497965,2.97298711546,1.08386422288
0,0.375760708672,1.17216067716,0.781190515272,2.94467455154,1.08230366154
0,0.379506883089,1.17652355756,0.784316579696,2.95249644607,1.08555374164
0,0.370188466503,1.17126311753,0.783575940703,2.94698667815,1.08447594268
0,0.372047007926,1.17299161623,0.780397452872,2.94918969634,1.08583713812
0,0.369641408202,1.17074993785,0.782861443497,2.94308200183,1.08569238968
0,0.365175070441,1.16005614125,0.782078447496,2.91079222675,1.07956912356
0,0.370513024631,1.16048430286,0.786438392797,2.90074666051,1.08032435695
0,0.368865684895,1.16018759008,0.786098768558,2.90444461328,1.07938093827
0,0.374933050889,1.16352264851,0.789254164984,2.90327324732,1.0822369021
0,0.368194606476,1.16270590325,0.790157587679,2.918001034,1.07956958921
0,0.377082246112,1.16609522274,0.79320374778,2.92026875985,1.07802138519
0,0.374105174262,1.16022153014,0.796296964699,2.90203942142,1.07542889507
0,0.373962545253,1.15865537344,0.796469071036,2.8890431515,1.07815426871
0,0.373656275903,1.16033923639,0.796855887436,2.90137820199,1.07650266886
0,0.36866337676,1.15574781739,0.79153580545,2.89051583409,1.07544820499
0,0.373201121679,1.15389846314,0.797387238436,2.87149847097,1.07579575496
0,0.365226170818,1.15124358581,0.790213718095,2.87836234127,1.07370157886
0,0.36553214178,1.1488959621,0.794438586823,2.8682878506,1.07256379298
0,0.369219924196,1.1486356806,0.796226314718,2.86064528757,1.07204658847
0,0.370033810365,1.1516520614,0.795180808414,2.87191277685,1.07313990996
0,0.376833717541,1.15360381192,0.798442093443,2.86891065014,1.0727204418
0,0.375352617417,1.14723833257,0.800705152125,2.85019865687,1.06764384151
0,0.367539860168,1.144636584,0.800793129582,2.84700238013,1.07055036524
0,0.371163098662,1.14574910911,0.802414989052,2.85025826524,1.06808049666
0,0.3762462057,1.15027233509,0.803633501181,2.85765731046,1.07060593134
0,0.376935889568,1.14981831876,0.804822219653,2.86204641844,1.06658665545
0,0.377616855341,1.15003696494,0.806412496838,2.85750829293,1.06872136652
0,0.376313945683,1.14686290579,0.809065341925,2.84499949665,1.06834352678
0,0.374059496675,1.1430837185,0.808802763572,2.83692480576,1.06518735155
0,0.390158452795,1.14731287521,0.819921015009,2.82793612981,1.06415562635
0,0.381848361212,1.14385306666,0.8191107337,2.82217328001,1.06669762073
0,0.371742701611,1.13887803842,0.810691158855,2.81992734966,1.06548867516
0,0.379256958909,1.14680851468,0.812054024257,2.84412382705,1.06570237002
0,0.376548540595,1.14060528445,0.812973332054,2.82066528455,1.06463198257
0,0.37007824575,1.1354387859,0.811399984565,2.80729302828,1.06487216018
0,0.383149602221,1.13791013336,0.821707551715,2.79097523767,1.06613806797
0,0.378425904955,1.13539948713,0.821912177926,2.79779903615,1.06117324887
0,0.374024332961,1.13667434885,0.817227883309,2.80576607883,1.06477845451
0,0.37005614795,1.13140557474,0.816817023952,2.78866922069,1.06412313525
0,0.374790719708,1.1286456138,0.823995367681,2.77193211658,1.06085721383
0,0.377170596903,1.12993739063,0.826710365646,2.76811610093,1.0636147857
0,0.37359963261,1.12573434623,0.826574589267,2.76162544813,1.05992346411
0,0.376531272773,1.12565168962,0.828254311471,2.75468853051,1.06025364244
0,0.372282684984,1.12205363779,0.828189932426,2.75004956208,1.05782658431
0,0.372269358977,1.1205304305,0.832488038616,2.74247581491,1.0578187656
0,0.373773022729,1.12316361221,0.832107393005,2.75094650073,1.05866271447
0,0.373378519271,1.1200760909,0.835601450795,2.74143506608,1.05609413236
0,0.383417186998,1.12907608856,0.841322588345,2.75644599817,1.0610499917
0,0.376862065468,1.12058746242,0.840508796854,2.73682474068,1.05619417797
0,0.367302639137,1.11373659073,0.836436733274,2.71850180768,1.05778789056
0,0.371189772277,1.10901042632,0.840348873053,2.69969355201,1.05148947428
0,0.373493183291,1.1120423785,0.843410475761,2.70667180833,1.05327681609
0,0.375236836652,1.11559396982,0.842082571485,2.72055103284,1.05347252831
0,0.377329791854,1.11555388046,0.845934812672,2.71665273339,1.05322849893
0,0.369693886565,1.10805071958,0.842899983702,2.69874734921,1.05105919488
0,0.366859074404,1.10531977755,0.844444736167,2.68677281778,1.05305391742
0,0.371884831388,1.10491153535,0.846018193102,2.68198079749,1.0494035652
0,0.373769740947,1.10826647939,0.850737899029,2.69052280557,1.0516350107
0,0.37590591031,1.10707886216,0.854528337156,2.68042667265,1.05157786622
0,0.376775917047,1.1064031329,0.856600952139,2.67882226204,1.0498207407
0,0.370182048825,1.10441131946,0.853202898955,2.67915304902,1.0512696814
0,0.37317686697,1.10519802672,0.85460274489,2.67867195953,1.05048217788
0,0.377250709378,1.104420636,0.858432119933,2.66968874128,1.04895646701
0,0.371680069834,1.0960756906,0.859181718295,2.64377146572,1.04662338092
0,0.37209449368,1.09789496336,0.860250438314,2.64940568835,1.04794002851
0,0.380524556257,1.10450927099,0.865697069943,2.66325508966,1.04912103399
0,0.372197380657,1.09726018592,0.862507662551,2.65191285712,1.04499661236
0,0.379795349835,1.10121541489,0.865787297463,2.65503242312,1.04572693354
0,0.378572809608,1.09968339053,0.865489202137,2.65054376373,1.04536374142
0,0.381972439349,1.1059811045,0.870688819231,2.66015183376,1.05290436245
0,0.377856625752,1.09921578862,0.866888402867,2.64812404424,1.04612078063
0,0.373832669442,1.09173044608,0.867390170388,2.62379791644,1.04359444458
0,0.382294637321,1.09475888475,0.874607286231,2.62051067615,1.04434719291
0,0.377148424842,1.09450889756,0.873077937758,2.62906694466,1.04459030334
0,0.374857011935,1.09769436274,0.870225871224,2.63869248068,1.0500326101
0,0.378623124301,1.09749732803,0.873811789412,2.63736977973,1.0464352623
0,0.380388386932,1.09684362684,0.876493060081,2.63069077144,1.04637525248
0,0.37948252423,1.09253030947,0.87584861227,2.61540760672,1.04413940289
0,0.374969942942,1.08804338692,0.874900653848,2.60707678326,1.04160008914
0,0.385688959295,1.10096883726,0.883106871573,2.64062993654,1.04641812223
0,0.377722019206,1.0892362875,0.879500169768,2.60900891593,1.040864199
0,0.371782779755,1.08339626286,0.874496756032,2.59236260508,1.04052653416
0,0.380316370084,1.09246437796,0.88134189188,2.61216183836,1.0447636127
0,0.394814259297,1.1185435526,0.886939582475,2.69624921405,1.05341997236
0,0.39388245742,1.11051010625,0.885671707522,2.66829584016,1.04824484499
0,0.369498857653,1.08703841293,0.872010969462,2.61051951617,1.04283737446
0,0.372199634211,1.08414842684,0.87728203993,2.58771513223,1.04431382387
0,0.370414258429,1.07600635772,0.877792766502,2.56256210738,1.03832054041
0,0.373572710801,1.07953530727,0.8779280091,2.56496374568,1.04278364206
0,0.378251071058,1.08324349441,0.88291632392,2.57400110874,1.04285706803
0,0.37068633197,1.08021301897,0.878168815086,2.57823296831,1.04072968995
0,0.376355541206,1.08064894621,0.88216645331,2.57066892323,1.03993231937
0,0.372130591041,1.07826155459,0.877555914827,2.56541240839,1.0408170493
0,0.37055926834,1.0748195835,0.879190943995,2.55604327694,1.03846800953
0,0.376259782696,1.0831894384,0.881431417666,2.57775158403,1.04283797818
0,0.378037907409,1.08107957196,0.884314845225,2.57207162045,1.0386251702
0,0.376419608914,1.08314154686,0.881902674395,2.5753187733,1.04377482894
0,0.363145055937,1.07751668407,0.871756680475,2.57092423314,1.04518449569
0,0.37459282134,1.07895193855,0.880013828,2.56177449954,1.04189973361
0,0.367768173624,1.07214613623,0.878224720289,2.54757134101,1.0388114548
0,0.37252206716,1.07708299922,0.881760357297,2.55112112582,1.0446248255
0,0.370317656751,1.07767335868,0.877273471603,2.56550933499,1.04111103013
0,0.374144933209,1.07744905364,0.879387806372,2.55897318218,1.039991068
0,0.376890158246,1.07723230846,0.883311616164,2.55552454192,1.03842829995
0,0.36980859031,1.07716077807,0.877277705925,2.563270408,1.04145810923
0,0.372309266532,1.07322125802,0.878991960308,2.54473404413,1.03837681466
0,0.366089418994,1.06914285007,0.877526300545,2.53306403743,1.04023564634
0,0.377059660162,1.07557327289,0.88678390642,2.54592888616,1.03890903801
0,0.373915446295,1.0804266603,0.879623854824,2.56517950861,1.04456140799
0,0.371573786478,1.07467448641,0.875261446524,2.55371584318,1.03825446614
0,0.367572967631,1.07057850514,0.873798369287,2.54024599961,1.03875025384
0,0.365415421655,1.06683537547,0.873912854823,2.52283905987,1.04025344469
0,0.356505113313,1.06227892778,0.86701324897,2.51732844539,1.04052794158
0,0.369093447667,1.06464692248,0.875856847621,2.5087978463,1.0381248942
0,0.365519036752,1.06278438825,0.876912022447,2.50916172322,1.03686103049
0,0.370921953561,1.06907815902,0.882465712464,2.52508033157,1.03923323572
0,0.365198513848,1.06851034748,0.876498385788,2.53383278778,1.03916091935
0,0.365387550248,1.06658615648,0.876552187596,2.52580186423,1.03817686754
0,0.360079920202,1.06337502255,0.867535374723,2.52235343916,1.03718087538
0,0.361829077436,1.06186860856,0.87264380413,2.5106169753,1.0375339142
0,0.362603643383,1.06305521463,0.874506772199,2.51520622128,1.03743124071
0,0.407143978007,1.17067724249,0.871935469708,2.87297517847,1.083061493
0,0.369772801919,1.08749070148,0.859508749503,2.61361476542,1.04214652707
0,0.363291331703,1.06384263613,0.865877934746,2.51992004028,1.03635519621
0,0.357936382269,1.05278082705,0.869406634769,2.47543406638,1.03629861208
0,0.357120773826,1.04993161138,0.870320376268,2.4621620014,1.03662721179
0,0.365165497147,1.05690645144,0.876267136022,2.4784211983,1.03788999108
0,0.36366633374,1.06123237302,0.87326239285,2.5059297014,1.03644970555
0,0.354372837595,1.05556497694,0.865373227657,2.4929504697,1.03806432825
0,0.359058561052,1.05525592217,0.868228472861,2.49135998739,1.03340120887
0,0.354976346742,1.05551081849,0.864396594813,2.4954965337,1.03605239149
0,0.356554536144,1.05592051867,0.868196200485,2.49355792627,1.03646775666
0,0.357302331673,1.0534606074,0.86985225779,2.48695565345,1.03287132027
0,0.359665055643,1.05362880175,0.868192604924,2.48071038519,1.03405171525
0,0.362051003651,1.05614308111,0.86839613809,2.48743478315,1.03458926654
0,0.36029108463,1.05790081875,0.871509723591,2.50012780347,1.03439701872
0,0.353438046125,1.05602801255,0.863886370657,2.50163621051,1.03581383848
0,0.359152733401,1.05573092567,0.867502168639,2.49006050991,1.03514428425
0,0.353436480698,1.05261025911,0.863040519288,2.48401237406,1.0360829396
0,0.356903308964,1.05650626282,0.862130562708,2.49355533735,1.03758463801
0,0.353310609991,1.05283787269,0.858859460682,2.49079154155,1.0333882586
0,0.35737112671,1.05314182649,0.864518089826,2.48521375047,1.03287652315
0,0.352620598798,1.05033022119,0.858504303209,2.47997958276,1.033215122
0,0.36272836011,1.05278109739,0.868248137317,2.46817918934,1.03513474669
0,0.362600409831,1.05555693571,0.86894748247,2.48182208428,1.03538084576
0,0.354013029739,1.05207565405,0.860133057925,2.481658959,1.03534658524
0,0.349062516138,1.04593896883,0.855810097551,2.4694173092,1.03107621037
0,0.351463918018,1.04685232493,0.858235844572,2.46622566834,1.03255401956
0,0.359424006526,1.05563962021,0.863411770162,2.49078530376,1.03428234938
0,0.354432313133,1.04798493805,0.862273549077,2.46743322004,1.03181337991
0,0.34848098524,1.03885068251,0.85975933236,2.44083856232,1.02822639987
0,0.351971769655,1.04277902214,0.861020500986,2.44540910362,1.03227119288
0,0.342584503615,1.0405417126,0.851177221385,2.45202652505,1.03275647537
0,0.35250493075,1.04388660186,0.861955347118,2.45231978266,1.0310516399
0,0.338201332456,1.03865848479,0.847026107255,2.45346227029,1.0317137019
0,0.350838879122,1.04390080185,0.857135826842,2.45385206013,1.03198705354
0,0.345471803291,1.03851695599,0.853313796399,2.43937418505,1.03113345312
0,0.354460076779,1.04516914946,0.858839705281,2.45135085852,1.03278732556
0,0.346630355686,1.04276477325,0.855607267924,2.45644225558,1.03206040829
0,0.348773378327,1.04289010634,0.856350984415,2.45226729171,1.03231820096
0,0.347748556592,1.04016860632,0.856301396768,2.44744078715,1.02895252521
0,0.342629149739,1.04384208365,0.848591490616,2.4686476672,1.03265218413
0,0.34769543322,1.04233543364,0.852947561151,2.45271342985,1.03178639474
0,0.346950746188,1.04104646636,0.853677515853,2.44650822139,1.03241126848
0,0.343977793246,1.0340832504,0.853843732216,2.42683251036,1.02781403551
0,0.343935300016,1.03300293129,0.856838266543,2.41925706854,1.02894345293
0,0.338872883856,1.03578106596,0.846697672823,2.43969426791,1.03073260665
0,0.345466344841,1.04018470156,0.853311152218,2.44301722737,1.03348675428
0,0.341756936263,1.03619385224,0.849931954459,2.43490776003,1.03127377457
0,0.347886175112,1.04277296255,0.850344515159,2.452448578,1.03282190232
0,0.350562452757,1.04224595035,0.851790315982,2.45048782056,1.02980847105
0,0.344633025055,1.03579994006,0.850406198644,2.43273926912,1.02849715066
0,0.339116842934,1.03579363335,0.844039571812,2.43711701837,1.03180869006
0,0.338936335039,1.03115159586,0.8453731325,2.42091107488,1.0284870762
0,0.343391809585,1.03383005672,0.847931459436,2.42224444565,1.03006106945
0,0.343314703398,1.03139281222,0.852031352625,2.4131969128,1.0285688303
0,0.346985021031,1.03974815493,0.850188032903,2.43852993265,1.03312035795
0,0.344498655622,1.03962078826,0.847896914224,2.44852661186,1.03028996791
0,0.341961383929,1.03710820714,0.844791644475,2.44196625185,1.02982596794
0,0.333496334304,1.02847592592,0.837924907092,2.41716855588,1.02910916167
0,0.333635243747,1.03010244713,0.835984853523,2.41644700713,1.03339733067
0,0.33074199221,1.02146469098,0.839243923026,2.39478146014,1.02552896485
0,0.338332591867,1.02785860363,0.843868672408,2.40588522301,1.02837126614
0,0.335256367775,1.02832015653,0.841473569839,2.41229146226,1.02939825256
0,0.335769177325,1.03996823962,0.839734338035,2.44986921594,1.03921677312
0,0.337621595897,1.03632880518,0.840602468116,2.43768265565,1.03435904806
0,0.335010931811,1.03432415519,0.83837900603,2.43254890452,1.03452496327
0,0.347511821343,1.03847016466,0.851627227081,2.42606303716,1.03563203048
0,0.337835752212,1.031444009,0.844356235523,2.41710394821,1.03222225532
0,0.334950098059,1.02635431773,0.843173441635,2.40586815858,1.02800157695
0,0.336184095021,1.0241497857,0.845544184504,2.39776606122,1.0253072983
0,0.341844477119,1.03924771776,0.844352016139,2.44936982072,1.03158986591
0,0.333177512074,1.02872928753,0.836371529747,2.42045542741,1.0284179522
0,0.332080587964,1.02602396454,0.836963181365,2.40794679987,1.02900588314
0,0.334762362356,1.02187032399,0.842217026335,2.38804459223,1.02589111169
0,0.330519853887,1.0208042316,0.838285868965,2.38867506152,1.02715315342
0,0.345903935257,1.02933545662,0.849826963489,2.39500448086,1.02993242561
0,0.358709456318,1.04150619915,0.862880677156,2.42838090496,1.0308655493
0,0.340736218657,1.02621706372,0.851169896702,2.39869725384,1.02545777324
0,0.330673170434,1.02275412702,0.837392587822,2.39611225634,1.02815597911
0,0.334965941093,1.02644038188,0.839283214691,2.40478265894,1.0287436443
0,0.332232131505,1.02642601106,0.833981260767,2.40948164505,1.02909203442
0,0.332026925295,1.02499942885,0.840187565847,2.40153658845,1.02970331313
0,0.35120263581,1.06194659901,0.83806839866,2.52289648234,1.04221557803
0,0.341384788647,1.0385244211,0.833094974554,2.4543736576,1.02773939303
0,0.329227145081,1.02342323743,0.830680578971,2.40084398289,1.02890891665
0,0.324730894965,1.01547353664,0.82891972435,2.37255986241,1.02767297535
0,0.328015234703,1.01361449683,0.838032010537,2.35925303313,1.02639445278
0,0.326118144574,1.01506606353,0.834939289005,2.36889404938,1.02709995095
0,0.33019321897,1.01869283738,0.836900059021,2.37919226871,1.0269427001
0,0.329594280134,1.02417277552,0.834276239956,2.40518057704,1.02824733114
0,0.330986001946,1.02634849307,0.831649128869,2.41129162432,1.02923937891
0,0.328683197657,1.02419741056,0.83148855503,2.4054862935,1.0290671424
0,0.331511601037,1.02425909746,0.832670024435,2.39882775904,1.02972222316
0,0.322505970161,1.01310877079,0.827478023995,2.37177211893,1.02437985827
0,0.330099473202,1.01572729466,0.831596509098,2.36245341393,1.02799201615
0,0.318382232893,1.01260724813,0.824758429931,2.36712040646,1.02957564424
0,0.329176840018,1.02017818753,0.829135857431,2.38545116664,1.0285430048
0,0.321387951451,1.01287699301,0.824680699275,2.3691098616,1.02624956134
0,0.32349695629,1.01626511864,0.823689988556,2.38557583579,1.02437788143
0,0.330465719507,1.02387518895,0.828171111442,2.403956778,1.02724382319
0,0.320901479807,1.01613044267,0.820050359505,2.38472574801,1.02706171412
0,0.319607825491,1.01124904934,0.820746138924,2.3652515554,1.02588898077
0,0.324139344214,1.01462206715,0.823753749612,2.36951652823,1.027657521
0,0.318699798288,1.01106207066,0.81995695434,2.36609768059,1.02590649931
0,0.32495792575,1.01072373432,0.822374127567,2.35590669227,1.02389802468
0,0.323276549163,1.01096652747,0.824381533946,2.3614760492,1.02340170564
0,0.323862038901,1.01151557507,0.822892513068,2.36013128947,1.02486121389
0,0.319550667724,1.01036373876,0.820524256753,2.36165794119,1.0255296696
0,0.318772170616,1.01160589497,0.81791528769,2.36684108846,1.02682198316
0,0.32064678894,1.01340477219,0.818435208364,2.37378731921,1.02597144252
0,0.318286855845,1.01249223766,0.815537846743,2.37493797658,1.0254747114
0,0.31865725972,1.0107198979,0.815562270393,2.36642460318,1.02493014374
0,0.326907688726,1.02892365189,0.816028224358,2.4266696467,1.03206657819
0,0.3129391097,1.0103062919,0.807698564926,2.37641121001,1.02462097615
0,0.314732973066,1.00524316467,0.811284636446,2.34553777136,1.02560601474
0,0.314727065629,1.00715336044,0.813626469597,2.34531085592,1.03050087023
0,0.313736126718,1.00436661761,0.812343255552,2.34113114032,1.02661480715
0,0.313935973562,1.00644002832,0.807356777248,2.34892402379,1.02770204659
0,0.310533479942,1.00386360467,0.805362557555,2.34653535607,1.02585781409
0,0.31676692515,1.00801967807,0.810354824734,2.35855095239,1.02400675497
0,0.316361215237,1.00703770462,0.807018008367,2.35189776215,1.02528412608
0,0.310004341514,1.00420962231,0.803908400317,2.34784290978,1.02659822099
0,0.31205296874,1.00424323011,0.805532946341,2.35079894415,1.02315559725
0,0.316590177644,1.01126585094,0.807000521995,2.36635434632,1.02839723714
0,0.317548531621,1.00910900899,0.805503495202,2.35876285212,1.02584252652
0,0.313000512858,1.00378116616,0.803412676492,2.34637002463,1.02326735166
0,0.310209850727,1.00262306197,0.797386649444,2.34307896866,1.02480828217
0,0.323942835425,1.00618103048,0.812288275515,2.33493914801,1.02404012796
0,0.311788122958,1.0001590417,0.805062422784,2.33337199294,1.02192344726
0,0.311953319171,1.00194375052,0.806395616129,2.34093658817,1.0224377246
0,0.309704954767,1.00112593596,0.802246455674,2.33812857491,1.02404556045
0,0.316151165772,1.00336539786,0.807022756919,2.33769196911,1.02341630644
0,0.311444218326,1.00319608562,0.799894043845,2.34411932555,1.02448629466
0,0.313359907875,1.00487313554,0.800297107392,2.34704978727,1.02529799837
0,0.305960913682,0.998389993203,0.798921694773,2.33243843964,1.02379481141
0,0.30549343499,0.995858049232,0.795723520518,2.32461664426,1.02184332909
0,0.30425140208,0.996725120286,0.795034885016,2.32576722983,1.02467774676
0,0.310952683949,1.00159837479,0.799415810688,2.33739685266,1.02434478853
0,0.314024408549,1.00330262247,0.801836032881,2.34233627888,1.02306396996
0,0.31626567967,1.00586568565,0.802070433834,2.35084057833,1.02297820674
0,0.310556377511,0.998473316116,0.798853764712,2.32890869612,1.02117252673
0,0.306544441178,0.993612481669,0.799452448799,2.31062600081,1.02217372453
0,0.310340449727,0.997162672091,0.801965523069,2.31822258746,1.02345489877
0,0.308137573698,0.997603395546,0.797427774745,2.32639681509,1.0226724697
0,0.306057717337,0.995972380435,0.793089486408,2.32556408717,1.021091152
0,0.308262234775,0.99776546078,0.797095766232,2.32490808894,1.02369733586
0,0.307406959831,0.996630442182,0.795777248028,2.32273502724,1.02280159529
0,0.306363105969,0.995747462631,0.794107043284,2.32158310735,1.02221396045
0,0.304606726114,0.998533397262,0.787577004632,2.33624762866,1.02360291625
0,0.302877672328,0.994236198994,0.791979801206,2.31963838239,1.02289359632
0,0.305835996052,0.995131050295,0.792091730723,2.31759169958,1.02319574152
0,0.309522496382,0.992451632798,0.796658354397,2.30542093491,1.01889607984
0,0.307906879901,1.00032582863,0.792889045068,2.33603894862,1.02488818027
0,0.304794255141,0.998341855973,0.787140446935,2.33747993707,1.02232037909
0,0.30227640979,0.991649320154,0.78887003421,2.31389309422,1.01990030703
0,0.298447947672,0.991895849997,0.78557121988,2.317476442,1.02255342022
0,0.303575803263,0.993450043697,0.786527273159,2.31563634601,1.02223109519
0,0.297775090217,0.988864473846,0.781633832091,2.31048582471,1.01914314558
0,0.299803296359,0.986890931159,0.785062508833,2.29346632725,1.02069083102
0,0.298060547441,0.987453105344,0.783148390997,2.29943557915,1.02085438917
0,0.301607393589,0.992491430003,0.786020891916,2.31498970361,1.02212629241
0,0.305822745844,0.999595183634,0.788408313834,2.33376596501,1.02628219275
0,0.301230253974,0.993969682411,0.782806562753,2.32151264543,1.02293759258
0,0.303189214542,0.993899627963,0.784054278009,2.31902880546,1.02204541498
0,0.3066102042,0.997135794566,0.788148066482,2.32646734049,1.02299557466
0,0.295097254015,0.985705399529,0.777982725851,2.29708202454,1.02062519642
0,0.294614613215,0.98370292702,0.784059687192,2.28721736732,1.02103398455
0,0.296916414,0.997052026383,0.775529253493,2.33365856767,1.02888433135
0,0.303117258177,0.990680289858,0.787331029785,2.30849971538,1.01933357226
0,0.296326023172,0.98656203342,0.782749559038,2.30037218724,1.01989293036
0,0.29857672469,0.986666341919,0.782135514916,2.2984983283,1.01883992894
0,0.295612729213,0.988259818179,0.779149147158,2.30519839231,1.02243758302
0,0.296996797686,0.986312977169,0.779292790398,2.29763305157,1.01996908237
0,0.290630595263,0.985978444848,0.772783418008,2.30499787502,1.02181654196
0,0.299504118155,0.98879649009,0.783038817645,2.30066458882,1.02215477584
0,0.299362065592,0.988610280059,0.783760004801,2.29675384083,1.0237866765
0,0.290884268835,0.989600003133,0.768780129011,2.31804484005,1.02409328208
0,0.300683827123,0.987911395471,0.781204787216,2.29986163353,1.01916380797
0,0.296639977458,0.985748452056,0.778093214849,2.29339797682,1.02103212852
0,0.291208355179,0.98103902619,0.774927766962,2.282769794,1.02000427699
0,0.297421985979,0.986211391802,0.778298469228,2.29532540228,1.0204437562
0,0.299165634898,0.997283417624,0.77472713392,2.33577372169,1.02615601155
0,0.295746308494,0.987973737209,0.77470622709,2.30907628329,1.0196498559
0,0.295929792106,0.985027703222,0.776480772718,2.29081520413,1.02123182778
0,0.290513253976,0.980545130947,0.771662884223,2.28392309297,1.01888799126
0,0.289357938611,0.978663034754,0.773062903602,2.27692768341,1.01883577039
0,0.290117583565,0.979426515545,0.772736379302,2.27538809018,1.02075462406
0,0.28661827992,0.981261638347,0.766540240988,2.28732445699,1.02287355187
0,0.294756645921,0.985792940609,0.770878003524,2.30089398975,1.01927867463
0,0.295831205755,0.993818273432,0.768542583412,2.33294428734,1.02224229784
0,0.292196002751,0.990976278055,0.766238402285,2.32330550365,1.02359190443
0,0.291182951384,0.985397058595,0.769401941702,2.30106874467,1.02177528637
0,0.284048718546,0.979527285724,0.764452571219,2.28562331968,1.02195779973
0,0.292765415833,0.981448568689,0.770965065212,2.28264824056,1.01953184904
0,0.289113158176,0.977926170489,0.770567255563,2.27302067901,1.01919189309
0,0.288390806264,0.979009628757,0.768603807439,2.27912148799,1.01957248605
0,0.291283234026,0.985033206275,0.766924986773,2.2955342764,1.02353260761
0,0.301096348734,1.00798839622,0.769635448243,2.37928541452,1.02923189658
0,0.293064642438,0.990071883645,0.768237991571,2.32269982615,1.02076511692
0,0.289215378384,0.977326673667,0.766070262903,2.27422006421,1.01699123701
0,0.283263448,0.971394273273,0.765270856245,2.25433468995,1.01805485396
0,0.290303703205,0.982413179632,0.765164843648,2.28263871169,1.02440985382
0,0.286310166365,0.976501226644,0.764553397723,2.27410363786,1.01789104516
0,0.285924956129,0.98202575746,0.76124500335,2.29354292978,1.02236793633
0,0.290596671762,0.981190181127,0.768056443829,2.28570406479,1.01952671201
0,0.286254456195,0.978111334257,0.765316590044,2.27869259748,1.01967754461
0,0.293071127067,0.980083751327,0.773510010442,2.27282200271,1.02072721327
0,0.287814710701,0.974043623878,0.76834945089,2.25999611839,1.01729625362
0,0.28830999269,0.978435618002,0.768920847278,2.27196615903,1.0217959367
0,0.283820223872,0.978057629748,0.76090724521,2.2820817926,1.02028291779
0,0.28286304118,0.973871301852,0.761468043345,2.2673257367,1.01815230875
0,0.297078463543,0.999947115761,0.765206190038,2.34828741933,1.02864557913
0,0.281873074896,0.977405264719,0.755798474577,2.28552715907,1.01887647109
0,0.279074467676,0.974208690188,0.752673469929,2.27351500531,1.01968971897
0,0.279273439781,0.971347138186,0.754757125196,2.25956406258,1.01931233826
0,0.281758912255,0.974742363115,0.756050727682,2.26919396909,1.02049997549
0,0.281744688554,0.974947988043,0.756873904878,2.27073245195,1.02025901973
0,0.293840608826,0.978862009257,0.766422336459,2.26946801295,1.01858037173
0,0.284260976788,0.977892311408,0.756420464666,2.27868834046,1.02112559499
0,0.276998118689,0.974406983557,0.752040740752,2.27704231731,1.02049814519
0,0.284704252455,0.986559025464,0.747634130458,2.31030198884,1.02654228007
0,0.283457147829,0.978772790568,0.752046083984,2.28250672278,1.0222214309
0,0.28874570102,0.977521795559,0.760076010232,2.26711669177,1.02150040595
0,0.280110795158,0.972250481501,0.752696054061,2.2596543425,1.02068820167
0,0.28272937259,0.976899290348,0.752040454787,2.27631068229,1.02136347572
0,0.279633969703,0.972573940708,0.752308406223,2.26275306855,1.02042431204
0,0.282792585305,0.971942197639,0.755598371435,2.25695359608,1.01858607542
0,0.282588273555,0.969426817863,0.758240366158,2.24961130343,1.01617308353
0,0.279919773291,0.971608132098,0.751103870796,2.25860454312,1.01979824915
0,0.282354170089,0.972620066515,0.752915849532,2.26286444438,1.01776373777
0,0.278968090202,0.973203242747,0.750059655145,2.26338901739,1.02234547228
0,0.27949579807,0.970510964613,0.749329863588,2.2598760939,1.01684353067
0,0.2784429586,0.969506233906,0.74808502251,2.25430047379,1.01817235339
0,0.278447889994,0.973761845695,0.747876522045,2.27142917905,1.02024209973
0,0.285853800571,0.977327593836,0.75464423229,2.27615783915,1.01938622822
0,0.278838535846,0.974675117233,0.747057155861,2.2738568256,1.02092080885
0,0.274299948004,0.968836123328,0.744711963199,2.26049541863,1.01754261564
0,0.272374137235,0.966488247317,0.740829026426,2.25494105662,1.01637591677
0,0.304316616212,1.0380793417,0.745096794901,2.4898858042,1.04593879695
0,0.280821984013,0.981638999457,0.739606761718,2.31412007008,1.01621544386
0,0.281507547484,0.970297517925,0.746388878737,2.25395320986,1.01725960619
0,0.268435368923,0.958987981937,0.739283113476,2.22151428937,1.01827740539
0,0.267894056173,0.956513404903,0.741246358524,2.21424921502,1.01626481293
0,0.269799609637,0.957897059881,0.742571783373,2.21485160778,1.01751720081
0,0.274652817667,0.965944322229,0.74157143596,2.24142381722,1.01949604348
0,0.277109362179,0.971097804545,0.742422869589,2.26452834456,1.01837094155
0,0.277377860979,0.969823439811,0.740858156451,2.25956826796,1.01739656932
0,0.26998163296,0.965768102969,0.733593438416,2.25234008099,1.0182685485
0,0.271033737793,0.966015297154,0.735058088634,2.24976182367,1.0191235569
0,0.278954263182,0.976299549703,0.737007952073,2.27998021436,1.02180446764
0,0.271745492478,0.969443550553,0.731217180677,2.26959525261,1.01706572191
0,0.276825035831,0.969148006217,0.738414026693,2.25469570116,1.01869709421
0,0.273076295364,0.964424949046,0.73817643345,2.24627985794,1.0148461134
0,0.275892320395,0.970719290843,0.738404316457,2.26171366169,1.02004904042
0,0.274027646406,0.968183206941,0.737796226771,2.25852519373,1.01716773871
0,0.271875268814,0.960123255032,0.737751689605,2.22977782104,1.01354392282
0,0.268835090253,0.958089846824,0.733981512762,2.2215731726,1.01560290438
0,0.270623341532,0.957678778607,0.738433338598,2.21529230926,1.01592741478
0,0.267081067393,0.957486902145,0.73222405065,2.22528551509,1.01399339478
0,0.267379558411,0.957991373855,0.730515746944,2.22769364702,1.0137520171
0,0.26947254964,0.964832218128,0.732442600526,2.24703048392,1.01909271795
0,0.270727189018,0.966823656021,0.732618083825,2.25630048628,1.0181816724
0,0.269503812825,0.963868295521,0.731540532043,2.24732595095,1.01650391515
0,0.267415497644,0.961111760825,0.72920944474,2.23904876818,1.01583948503
0,0.267979700103,0.960889411932,0.730877883751,2.23539526141,1.01654616381
0,0.268096630284,0.963600290721,0.728842161919,2.24733238148,1.01723787021
0,0.271983612558,0.9661562976,0.727605556485,2.25582665435,1.01549376894
0,0.270321060006,0.961980951767,0.730928230003,2.23910444381,1.0150790616
0,0.265353583025,0.95915833945,0.725035475742,2.23580471154,1.01463987492
0,0.264378233951,0.958223210152,0.723510438087,2.2298770133,1.01624124925
0,0.268182066183,0.957687012453,0.727979890203,2.22311972323,1.01447556771
0,0.265714126176,0.959222650337,0.725091879042,2.23292135987,1.01588178398
0,0.266559972615,0.961094020086,0.724100947966,2.23928760348,1.0165312405
0,0.269566631642,0.962766951459,0.72671992912,2.24304302834,1.01582919703
0,0.266032123522,0.958418662024,0.724434713693,2.22996326134,1.01503286503
0,0.267184620468,0.958662886703,0.724763923937,2.22786654406,1.01553928868
0,0.267620367974,0.958483938135,0.724157852266,2.22644579865,1.01536654292
0,0.268053746097,0.96376782901,0.722974812516,2.24430078191,1.01921539981
0,0.262536886466,0.958086419195,0.71861398574,2.23674753162,1.01430536001
0,0.263660272194,0.95833021307,0.719921782967,2.22856863403,1.01788090801
0,0.25996105833,0.952586150766,0.719114708446,2.214493761,1.01425740291
0,0.261857284192,0.952727717829,0.720715895893,2.20999769576,1.01496312742
0,0.262146266463,0.954563518568,0.718598970886,2.22041999127,1.01405249837
0,0.262920812529,0.956822567165,0.718858471422,2.22633032921,1.01597040513
0,0.264837275083,0.955771182473,0.720062280438,2.22392699334,1.01262714925
0,0.259925426481,0.949812072848,0.715600776682,2.20432763258,1.0124409037
0,0.264948573235,0.957769164186,0.7185131772,2.22911812408,1.01491524029
0,0.260924682595,0.954181293888,0.716372577139,2.22327529334,1.01289086984
0,0.261491199383,0.953808243314,0.717507566759,2.21821180701,1.01392347018
0,0.262507551669,0.955104238779,0.717276723584,2.22111586325,1.01469507801
0,0.260816104838,0.953139332459,0.716393459292,2.22020955828,1.01192741142
0,0.261525039981,0.959934230752,0.712622661311,2.24318880984,1.01671609635
0,0.263733359742,0.958148105972,0.714525352703,2.23343809899,1.0149178199
0,0.262021739069,0.954078091188,0.714620875248,2.21971558617,1.01331566046
0,0.255768352093,0.947634754278,0.71044500498,2.20161094623,1.01251302566
0,0.263349913848,0.954714770081,0.717066649381,2.21913948941,1.01386723089
0,0.258369631303,0.950578835485,0.71200392607,2.21193792442,1.01210845959
0,0.257633352541,0.946560292718,0.71384749744,2.19620222421,1.01066623207
0,0.257005259334,0.946031257576,0.713861675681,2.19382729002,1.01115920411
0,0.263212070748,0.954071576986,0.71502442974,2.21558420477,1.01417473419
0,0.257326885045,0.958950873457,0.704991544665,2.24535067107,1.01737492787
0,0.258141125486,0.954043511636,0.704988847982,2.2305890088,1.01167311393
0,0.258110111166,0.949158374646,0.706840908645,2.20386057706,1.01285550167
0,0.253824222293,0.944016437246,0.707653055759,2.19082203763,1.01080581716
0,0.26170431623,0.951710539552,0.711707151151,2.20838063416,1.01338168034
0,0.261647793209,0.957778492598,0.707678517048,2.23507196936,1.01526241791
0,0.258802644719,0.950718127245,0.707393322296,2.21355316138,1.01121605713
0,0.258545022607,0.950578841985,0.705491873253,2.21261080225,1.0115966458
0,0.262103787475,0.95515222459,0.707834423125,2.22137711977,1.01508817895
0,0.258956870932,0.950061443921,0.707539579817,2.20981369184,1.01128985852
0,0.256976517361,0.950831895861,0.701301208756,2.21314960512,1.01352838442
0,0.254163820647,0.949831834149,0.699387259263,2.21685797951,1.01198674016
0,0.253269015388,0.94577095515,0.698459763101,2.20057680575,1.01086993483
0,0.250063211995,0.945755360153,0.696928617312,2.20300176214,1.01282427164
0,0.254909254495,0.946081464007,0.699993665203,2.20088321647,1.00985276193
0,0.255070297885,0.944863481557,0.703296660474,2.18971666191,1.01223004021
0,0.258234842855,0.946992226307,0.707460657116,2.19402086015,1.01223525785
0,0.2514981126,0.9410516443,0.698558473763,2.18180046295,1.01023073164
0,0.27036082265,0.976448089803,0.704685071494,2.30543962751,1.01803955219
0,0.256131940157,0.952535839786,0.695636582975,2.23219924947,1.00910799845
0,0.254393628467,0.949355797852,0.695159306226,2.21407749658,1.01195708296
0,0.252284667782,0.943437796353,0.699308678886,2.18782757232,1.01239600184
0,0.251704082003,0.940303884824,0.697911799564,2.1818025492,1.00815432043
0,0.25098574192,0.942830405763,0.694706517102,2.18903183244,1.01157432071
0,0.253870811914,0.945496709102,0.694454068609,2.1941439667,1.01279894198
0,0.253935294743,0.946992684474,0.696935363352,2.2034176395,1.01183756159
0,0.257157430333,0.945716546634,0.698101827934,2.19336257185,1.01045261552
0,0.25204823146,0.943815381112,0.694299413814,2.19302061693,1.01097987858
0,0.253537973305,0.944121738527,0.696590884312,2.19271093404,1.01041087019
0,0.255251491355,0.94740565239,0.695438785254,2.20067317489,1.01292601681
0,0.246316512963,0.940198819241,0.689865539837,2.18985694108,1.00925203026
0,0.249831286466,0.944310471641,0.691233982008,2.1983468774,1.01177141894
0,0.248550730124,0.94165011348,0.689790504473,2.18966070538,1.01074416578
0,0.247074865177,0.941111938558,0.688663097725,2.19107378221,1.01016805518
0,0.248908327165,0.940504745147,0.6884330278,2.18882993194,1.00793853454
0,0.250177498202,0.945167707661,0.687527660046,2.20154914525,1.01196716282
0,0.25020282682,0.944562434276,0.686395664863,2.19832481342,1.01204081721
0,0.249859920139,0.942371157008,0.689732431365,2.19216998168,1.00998294681
0,0.248213971179,0.939551154137,0.68792244111,2.17854340231,1.01139217866
0,0.244321212954,0.937591353902,0.683804789325,2.17797305003,1.01067061209
0,0.249010440697,0.940847730226,0.688748657752,2.18712664904,1.0095455252
0,0.253720263726,0.946441715714,0.690536888065,2.20260049646,1.01108374224
0,0.25047232506,0.94980129768,0.685108331556,2.21643339423,1.01581418649
0,0.249119851589,0.942248156716,0.682356300777,2.19436943154,1.00931578871
0,0.246524532831,0.942548501179,0.683489314779,2.19742751792,1.01113292576
0,0.24982156693,0.937681607894,0.687736644767,2.17156967712,1.00859757898
0,0.248048037352,0.939151374492,0.685851541847,2.18126076135,1.0091999827
0,0.251238897162,0.942714725224,0.688239178362,2.18808761649,1.01150407264
0,0.248519687746,0.939661717888,0.68682857889,2.18368183232,1.00879365575
0,0.244380788028,0.934172049953,0.681870746183,2.1669640622,1.00756727074
0,0.243366434853,0.935669851545,0.681227862566,2.17352947308,1.00904342247
0,0.245597155476,0.939459747533,0.679787299264,2.18535040385,1.01037697601
0,0.247491014189,0.939718585717,0.681776477947,2.18438819391,1.00961131818
0,0.250816710385,0.943478986616,0.686798108176,2.19233147829,1.01171498205
0,0.250022342991,0.942228010989,0.682777085136,2.19181290608,1.00964119638
0,0.245981915711,0.937221593133,0.681036855113,2.17709037224,1.0085268464
0,0.246079379069,0.9389541356,0.679878624051,2.18147971005,1.01056606983
0,0.244316618124,0.934842461978,0.678762508967,2.1699324694,1.0078232674
0,0.245476272058,0.935141701828,0.681153997352,2.16890326534,1.00792631533
0,0.247760488668,0.939725074342,0.682743335483,2.18530008729,1.00890211825
0,0.25134227063,0.951613112099,0.677342212903,2.22742764698,1.01397665022
0,0.243011806352,0.941195472901,0.671402310808,2.19800827584,1.01097270272
0,0.251560149978,0.942075087196,0.68144898047,2.18856944042,1.00934281304
0,0.242583200116,0.934074156351,0.677180300547,2.16906433898,1.00806998614
0,0.24546098692,0.934658867493,0.678807395487,2.16492775456,1.00872226956
0,0.243867294233,0.93447242686,0.678478826152,2.16345775969,1.01058485796
0,0.242241704481,0.932090659585,0.676720821936,2.16340229013,1.00628376465
0,0.238530085919,0.931291364404,0.67117437237,2.16165991133,1.00886833463
0,0.241178495341,0.93563208741,0.674531538012,2.17638370518,1.00970983548
0,0.239330909469,0.932421335087,0.673501257058,2.16451640265,1.00946419234
0,0.245531439915,0.93763421273,0.678378977681,2.17538685605,1.0108606291
0,0.246461474363,0.935340759033,0.678415559409,2.16953688756,1.00712194422
0,0.242839418211,0.934360975056,0.67542435191,2.17146574268,1.00733011298
0,0.240997016393,0.934449954595,0.672354779094,2.17175970445,1.00924798269
0,0.236129764098,0.928191551895,0.669619934223,2.15632199874,1.00618808141
0,0.244137163976,0.93523674586,0.675812845026,2.16923737307,1.00933597934
0,0.239725701517,0.934518261013,0.671269774388,2.17693411967,1.00810285666
0,0.242106772319,0.9316451276,0.672269274669,2.16224623128,1.00588289612
0,0.244138641535,0.932995284324,0.674676028189,2.15898397664,1.00885754593
0,0.249596241309,0.939602833856,0.676070436677,2.17416428693,1.0123286651
0,0.246061541695,0.937987885166,0.676525493536,2.17599299983,1.01091163676
0,0.24151831559,0.933754100357,0.670780164726,2.16960803768,1.00806288126
0,0.240294086467,0.930461383963,0.670080520085,2.15898249079,1.00636809332
0,0.242320657301,0.940103525577,0.667248477172,2.19437517617,1.01075053257
0,0.242064354497,0.936864628859,0.667778503446,2.18546162866,1.00736636835
0,0.238648564856,0.931640923707,0.666754001164,2.16540030419,1.00775355741
0,0.239958427853,0.933172019743,0.66690852047,2.16793168321,1.00900574436
0,0.240398916173,0.928971631339,0.668138739249,2.15478010233,1.00464007593
0,0.236646849635,0.929375309678,0.663515631704,2.15576542061,1.0089086793
