epoch,loss,main_output_loss,mid_output_loss
0,94.1142038534,183.708283094,94.1142038534
0,59.2962517057,183.708283094,59.2962517057
0,52.3544986165,183.708283094,52.3544986165
0,50.1598381522,183.708283094,50.1598381522
0,47.0058622592,183.708283094,47.0058622592
0,45.3095514614,183.708283094,45.3095514614
0,42.0152386359,183.708283094,42.0152386359
0,42.1941664814,183.708283094,42.1941664814
0,37.1565182697,183.708283094,37.1565182697
0,37.8516360135,183.708283094,37.8516360135
0,34.4118952897,183.708283094,34.4118952897
0,33.4553325989,183.708283094,33.4553325989
0,31.7978810354,183.708283094,31.7978810354
0,29.9207840183,183.708283094,29.9207840183
0,28.5633289687,183.708283094,28.5633289687
0,28.1145609026,183.708283094,28.1145609026
0,25.2795279811,183.708283094,25.2795279811
0,23.9996118956,183.708283094,23.9996118956
0,22.5377575704,183.708283094,22.5377575704
0,20.611909683,183.708283094,20.611909683
0,20.5708820111,183.708283094,20.5708820111
0,18.2474115445,183.708283094,18.2474115445
0,16.7746241631,183.708283094,16.7746241631
0,17.1251493489,183.708283094,17.1251493489
0,15.4572077396,183.708283094,15.4572077396
0,15.6735820884,183.708283094,15.6735820884
0,14.6230888734,183.708283094,14.6230888734
0,14.315549809,183.708283094,14.315549809
0,14.6457515314,183.708283094,14.6457515314
0,12.8951237789,183.708283094,12.8951237789
0,13.7993946414,183.708283094,13.7993946414
0,12.0090698126,183.708283094,12.0090698126
0,12.5186725194,183.708283094,12.5186725194
0,11.8517053257,183.708283094,11.8517053257
0,12.0446307808,183.708283094,12.0446307808
0,12.6878949764,183.708283094,12.6878949764
0,12.5249540164,183.708283094,12.5249540164
0,11.9954539026,183.708283094,11.9954539026
0,11.5184247807,183.708283094,11.5184247807
0,11.314488401,183.708283094,11.314488401
0,10.6977085708,183.708283094,10.6977085708
0,10.7352332982,183.708283094,10.7352332982
0,10.7167576998,183.708283094,10.7167576998
0,9.5368305952,183.708283094,9.5368305952
0,10.8278101852,183.708283094,10.8278101852
0,10.0115788826,183.708283094,10.0115788826
0,10.4979666662,183.708283094,10.4979666662
0,10.0277799549,183.708283094,10.0277799549
0,9.40108345857,183.708283094,9.40108345857
0,8.90090477086,183.708283094,8.90090477086
0,9.52320473065,183.708283094,9.52320473065
0,9.36066033714,183.708283094,9.36066033714
0,9.43672924672,183.708283094,9.43672924672
0,9.06031054641,183.708283094,9.06031054641
0,8.71730317155,183.708283094,8.71730317155
0,8.61056036586,183.708283094,8.61056036586
0,8.76393297834,183.708283094,8.76393297834
0,9.02133618006,183.708283094,9.02133618006
0,8.46106924661,183.708283094,8.46106924661
0,8.30871180222,183.708283094,8.30871180222
0,8.76941192463,183.708283094,8.76941192463
0,8.81701088104,183.708283094,8.81701088104
0,7.8549102153,183.708283094,7.8549102153
0,8.98011659061,183.708283094,8.98011659061
0,7.66219660018,183.708283094,7.66219660018
0,7.5963727505,183.708283094,7.5963727505
0,8.10768743737,183.708283094,8.10768743737
0,8.17437813419,183.708283094,8.17437813419
0,8.01638309335,183.708283094,8.01638309335
0,7.93330134569,183.708283094,7.93330134569
0,8.12495455223,183.708283094,8.12495455223
0,7.62795978824,183.708283094,7.62795978824
0,7.46762402451,183.708283094,7.46762402451
0,7.42996512387,183.708283094,7.42996512387
0,7.35708795161,183.708283094,7.35708795161
0,6.75571035602,183.708283094,6.75571035602
0,7.52164883169,183.708283094,7.52164883169
0,8.25231759749,183.708283094,8.25231759749
0,7.29147260147,183.708283094,7.29147260147
0,7.18708039117,183.708283094,7.18708039117
0,7.0239795986,183.708283094,7.0239795986
0,7.4216368654,183.708283094,7.4216368654
0,6.8167778343,183.708283094,6.8167778343
0,6.4768413153,183.708283094,6.4768413153
0,7.20424426307,183.708283094,7.20424426307
0,7.38486979321,183.708283094,7.38486979321
0,6.78193494178,183.708283094,6.78193494178
0,6.40463167718,183.708283094,6.40463167718
0,6.70669383849,183.708283094,6.70669383849
0,6.20702450536,183.708283094,6.20702450536
0,6.25410967638,183.708283094,6.25410967638
0,6.27784079759,183.708283094,6.27784079759
0,6.31457227367,183.708283094,6.31457227367
0,6.91783198462,183.708283094,6.91783198462
0,6.28118616298,183.708283094,6.28118616298
0,6.66206504422,183.708283094,6.66206504422
0,6.48669915826,183.708283094,6.48669915826
0,6.52501128027,183.708283094,6.52501128027
0,6.45621034236,183.708283094,6.45621034236
0,6.21163961981,183.708283094,6.21163961981
0,6.13232628358,183.708283094,6.13232628358
0,6.13201507684,183.708283094,6.13201507684
0,6.84588375483,183.708283094,6.84588375483
0,6.3955356,183.708283094,6.3955356
0,6.51528465486,183.708283094,6.51528465486
0,6.30512888418,183.708283094,6.30512888418
0,6.23707943444,183.708283094,6.23707943444
0,6.53258928605,183.708283094,6.53258928605
0,6.21984371642,183.708283094,6.21984371642
0,5.93806139072,183.708283094,5.93806139072
0,5.93433265788,183.708283094,5.93433265788
0,6.01308239132,183.708283094,6.01308239132
0,5.91286274547,183.708283094,5.91286274547
0,6.43626810239,183.708283094,6.43626810239
0,6.31622256508,183.708283094,6.31622256508
0,5.89549309404,183.708283094,5.89549309404
0,5.60121670818,183.708283094,5.60121670818
0,5.57346588582,183.708283094,5.57346588582
0,6.07879907777,183.708283094,6.07879907777
0,6.30167885449,183.708283094,6.30167885449
0,5.85495698928,183.708283094,5.85495698928
0,5.7875730423,183.708283094,5.7875730423
0,5.60944697204,183.708283094,5.60944697204
0,5.58898486475,183.708283094,5.58898486475
0,5.28338638975,183.708283094,5.28338638975
0,5.18039871751,183.708283094,5.18039871751
0,5.82283737949,183.708283094,5.82283737949
0,6.07968488476,183.708283094,6.07968488476
0,5.51329828297,183.708283094,5.51329828297
0,5.44393722947,183.708283094,5.44393722947
0,5.12517520977,183.708283094,5.12517520977
0,5.08334892557,183.708283094,5.08334892557
0,6.03532762556,183.708283094,6.03532762556
0,5.58116553143,183.708283094,5.58116553143
0,5.60569611676,183.708283094,5.60569611676
0,5.71279826946,183.708283094,5.71279826946
0,5.51156856187,183.708283094,5.51156856187
0,5.19467398538,183.708283094,5.19467398538
0,4.9471592372,183.708283094,4.9471592372
0,4.77318193371,183.708283094,4.77318193371
0,5.48751033407,183.708283094,5.48751033407
0,5.39738984545,183.708283094,5.39738984545
0,5.11000028316,183.708283094,5.11000028316
0,5.35877814411,183.708283094,5.35877814411
0,5.26126482806,183.708283094,5.26126482806
0,4.97987146799,183.708283094,4.97987146799
0,4.87171386425,183.708283094,4.87171386425
0,5.03782071055,183.708283094,5.03782071055
0,4.66979336719,183.708283094,4.66979336719
0,4.77173709944,183.708283094,4.77173709944
0,4.80255894116,183.708283094,4.80255894116
0,5.3777298604,183.708283094,5.3777298604
0,5.1331097062,183.708283094,5.1331097062
0,5.72222588744,183.708283094,5.72222588744
0,5.58620309361,183.708283094,5.58620309361
0,5.14533883894,183.708283094,5.14533883894
0,5.03326404508,183.708283094,5.03326404508
0,5.11909722601,183.708283094,5.11909722601
0,4.77142226685,183.708283094,4.77142226685
0,4.92553199549,183.708283094,4.92553199549
0,4.83171014976,183.708283094,4.83171014976
0,4.53025435763,183.708283094,4.53025435763
0,4.56485670241,183.708283094,4.56485670241
0,5.38250434703,183.708283094,5.38250434703
0,5.33735939631,183.708283094,5.33735939631
0,5.03083660413,183.708283094,5.03083660413
0,4.79889069643,183.708283094,4.79889069643
0,4.73807337552,183.708283094,4.73807337552
0,4.91409597439,183.708283094,4.91409597439
0,4.70939423122,183.708283094,4.70939423122
0,4.5576984478,183.708283094,4.5576984478
0,4.89088932182,183.708283094,4.89088932182
0,5.10815622608,183.708283094,5.10815622608
0,4.76905662027,183.708283094,4.76905662027
0,4.66925891385,183.708283094,4.66925891385
0,4.44377294607,183.708283094,4.44377294607
0,4.54365308754,183.708283094,4.54365308754
0,4.37927822995,183.708283094,4.37927822995
0,4.32729823337,183.708283094,4.32729823337
0,4.47291428469,183.708283094,4.47291428469
0,5.14420275531,183.708283094,5.14420275531
0,4.80861048816,183.708283094,4.80861048816
0,4.76544375167,183.708283094,4.76544375167
0,4.71911527407,183.708283094,4.71911527407
0,4.62325500336,183.708283094,4.62325500336
0,4.34538436125,183.708283094,4.34538436125
0,4.69374152534,183.708283094,4.69374152534
0,4.51306986827,183.708283094,4.51306986827
0,4.3901302653,183.708283094,4.3901302653
0,4.69394825864,183.708283094,4.69394825864
0,4.41142140652,183.708283094,4.41142140652
0,4.31455739072,183.708283094,4.31455739072
0,4.63345735074,183.708283094,4.63345735074
0,4.23030711624,183.708283094,4.23030711624
0,4.17319371316,183.708283094,4.17319371316
0,4.20944571766,183.708283094,4.20944571766
0,4.56643670244,183.708283094,4.56643670244
0,4.3456971991,183.708283094,4.3456971991
0,4.4830906111,183.708283094,4.4830906111
0,4.04919290564,183.708283094,4.04919290564
0,4.34329485051,183.708283094,4.34329485051
0,4.13027719411,183.708283094,4.13027719411
0,4.72207782936,183.708283094,4.72207782936
0,4.51538505538,183.708283094,4.51538505538
0,4.20881564015,183.708283094,4.20881564015
0,4.60159479338,183.708283094,4.60159479338
0,4.56197202656,183.708283094,4.56197202656
0,4.34306387967,183.708283094,4.34306387967
0,4.20240188382,183.708283094,4.20240188382
0,3.99072735092,183.708283094,3.99072735092
0,4.10143748402,183.708283094,4.10143748402
0,4.44087098238,183.708283094,4.44087098238
0,4.27572953154,183.708283094,4.27572953154
0,4.22928571746,183.708283094,4.22928571746
0,4.15226134903,183.708283094,4.15226134903
0,4.07906343539,183.708283094,4.07906343539
0,4.2094135717,183.708283094,4.2094135717
0,4.3470055876,183.708283094,4.3470055876
0,4.33090781585,183.708283094,4.33090781585
0,4.09676267051,183.708283094,4.09676267051
0,4.10528816397,183.708283094,4.10528816397
0,4.01166581021,183.708283094,4.01166581021
0,3.83007455546,183.708283094,3.83007455546
0,4.00519778916,183.708283094,4.00519778916
0,4.05895206106,183.708283094,4.05895206106
0,3.98268171313,183.708283094,3.98268171313
0,3.95441748594,183.708283094,3.95441748594
0,4.04220185243,183.708283094,4.04220185243
0,3.91081335691,183.708283094,3.91081335691
0,3.851640167,183.708283094,3.851640167
0,4.13939584777,183.708283094,4.13939584777
0,4.24991834623,183.708283094,4.24991834623
0,4.26888579497,183.708283094,4.26888579497
0,4.11465693596,183.708283094,4.11465693596
0,3.94639417285,183.708283094,3.94639417285
0,3.93047953339,183.708283094,3.93047953339
0,4.10167354872,183.708283094,4.10167354872
0,3.98798928916,183.708283094,3.98798928916
0,3.89870105138,183.708283094,3.89870105138
0,3.79196948371,183.708283094,3.79196948371
0,3.73196893712,183.708283094,3.73196893712
0,3.67051601725,183.708283094,3.67051601725
0,3.64194301441,183.708283094,3.64194301441
0,3.79652748753,183.708283094,3.79652748753
0,3.75058773363,183.708283094,3.75058773363
0,3.63415248123,183.708283094,3.63415248123
0,4.07118443708,183.708283094,4.07118443708
0,4.05172429447,183.708283094,4.05172429447
0,3.98611091791,183.708283094,3.98611091791
0,3.91635490792,183.708283094,3.91635490792
0,3.52295471829,183.708283094,3.52295471829
0,3.85398075467,183.708283094,3.85398075467
0,4.10647997435,183.708283094,4.10647997435
0,3.85306631833,183.708283094,3.85306631833
0,3.84537940274,183.708283094,3.84537940274
0,3.92445300371,183.708283094,3.92445300371
0,3.64918891535,183.708283094,3.64918891535
0,3.73265693576,183.708283094,3.73265693576
0,3.64027907265,183.708283094,3.64027907265
0,3.56063553342,183.708283094,3.56063553342
0,3.42526672376,183.708283094,3.42526672376
0,3.84263738025,183.708283094,3.84263738025
0,3.77580294981,183.708283094,3.77580294981
0,3.57534357002,183.708283094,3.57534357002
0,3.51811336961,183.708283094,3.51811336961
0,3.73289882006,183.708283094,3.73289882006
0,3.76589167261,183.708283094,3.76589167261
0,3.81504535232,183.708283094,3.81504535232
0,3.65749696818,183.708283094,3.65749696818
0,3.53675227434,183.708283094,3.53675227434
0,3.47819508589,183.708283094,3.47819508589
0,3.84201717405,183.708283094,3.84201717405
0,3.84752147627,183.708283094,3.84752147627
0,3.57715028201,183.708283094,3.57715028201
0,3.61264408216,183.708283094,3.61264408216
0,3.63124996032,183.708283094,3.63124996032
0,3.55857306125,183.708283094,3.55857306125
0,3.73165586365,183.708283094,3.73165586365
0,3.55384278332,183.708283094,3.55384278332
0,3.46988470163,183.708283094,3.46988470163
0,3.76490355769,183.708283094,3.76490355769
0,3.60724904856,183.708283094,3.60724904856
0,3.4980351328,183.708283094,3.4980351328
0,3.45475913919,183.708283094,3.45475913919
0,3.42030725893,183.708283094,3.42030725893
0,3.4201803095,183.708283094,3.4201803095
0,3.53358279315,183.708283094,3.53358279315
0,3.48486906924,183.708283094,3.48486906924
0,3.5267932108,183.708283094,3.5267932108
0,3.64637185639,183.708283094,3.64637185639
0,3.60716786248,183.708283094,3.60716786248
0,3.51639847755,183.708283094,3.51639847755
0,3.38324655443,183.708283094,3.38324655443
0,3.62976390517,183.708283094,3.62976390517
0,3.47625673034,183.708283094,3.47625673034
0,3.35680044374,183.708283094,3.35680044374
0,3.49463693977,183.708283094,3.49463693977
0,3.32783643441,183.708283094,3.32783643441
0,3.2257351383,183.708283094,3.2257351383
0,3.1245272476,183.708283094,3.1245272476
0,3.32966525918,183.708283094,3.32966525918
0,3.23402337836,183.708283094,3.23402337836
0,3.85099090165,183.708283094,3.85099090165
0,3.56836280573,183.708283094,3.56836280573
0,3.37520924558,183.708283094,3.37520924558
0,3.35053094842,183.708283094,3.35053094842
0,3.44738479218,183.708283094,3.44738479218
0,3.37661111227,183.708283094,3.37661111227
0,3.34453099966,183.708283094,3.34453099966
0,3.36320105733,183.708283094,3.36320105733
0,3.08840586169,183.708283094,3.08840586169
0,3.17945731112,183.708283094,3.17945731112
0,3.19861412372,183.708283094,3.19861412372
0,3.1192280774,183.708283094,3.1192280774
0,3.07852652452,183.708283094,3.07852652452
0,3.08351154975,183.708283094,3.08351154975
0,3.062013261,183.708283094,3.062013261
0,2.98617809503,183.708283094,2.98617809503
0,3.07072950419,183.708283094,3.07072950419
0,3.10610022561,183.708283094,3.10610022561
0,3.17788856574,183.708283094,3.17788856574
0,2.96034272968,183.708283094,2.96034272968
0,2.905053685,183.708283094,2.905053685
0,2.88683785262,183.708283094,2.88683785262
0,3.26364549564,183.708283094,3.26364549564
0,3.15359862701,183.708283094,3.15359862701
0,3.27879522138,183.708283094,3.27879522138
0,3.32517069739,183.708283094,3.32517069739
0,3.31745337437,183.708283094,3.31745337437
0,3.30608514918,183.708283094,3.30608514918
0,3.24200959396,183.708283094,3.24200959396
0,3.14201622855,183.708283094,3.14201622855
0,3.11133105356,183.708283094,3.11133105356
0,3.06080580565,183.708283094,3.06080580565
0,3.00166855469,183.708283094,3.00166855469
0,3.03518592088,183.708283094,3.03518592088
0,3.02720720104,183.708283094,3.02720720104
0,3.2786949756,183.708283094,3.2786949756
0,3.59681819507,183.708283094,3.59681819507
0,3.52952911883,183.708283094,3.52952911883
0,3.34050942233,183.708283094,3.34050942233
0,3.22774587597,183.708283094,3.22774587597
0,3.18533764088,183.708283094,3.18533764088
0,3.14283216306,183.708283094,3.14283216306
0,3.15493758547,183.708283094,3.15493758547
0,2.84344953301,183.708283094,2.84344953301
0,3.06397954561,183.708283094,3.06397954561
0,3.03577958184,183.708283094,3.03577958184
0,2.92326327922,183.708283094,2.92326327922
0,2.86137383334,183.708283094,2.86137383334
0,3.32449156074,183.708283094,3.32449156074
0,3.2502484499,183.708283094,3.2502484499
0,3.16059960029,183.708283094,3.16059960029
0,3.05124495314,183.708283094,3.05124495314
0,3.15566680524,183.708283094,3.15566680524
0,2.96929635284,183.708283094,2.96929635284
0,3.00957785968,183.708283094,3.00957785968
0,3.10806062537,183.708283094,3.10806062537
0,3.00462708254,183.708283094,3.00462708254
0,2.92848077903,183.708283094,2.92848077903
0,2.90797480966,183.708283094,2.90797480966
0,2.92305129182,183.708283094,2.92305129182
0,2.74421137527,183.708283094,2.74421137527
0,2.92549411424,183.708283094,2.92549411424
0,3.14677745765,183.708283094,3.14677745765
0,2.92405719923,183.708283094,2.92405719923
0,3.20381786832,183.708283094,3.20381786832
0,3.00866603866,183.708283094,3.00866603866
0,2.84658225915,183.708283094,2.84658225915
0,2.94714475723,183.708283094,2.94714475723
0,2.79135696928,183.708283094,2.79135696928
0,2.91288712342,183.708283094,2.91288712342
0,3.02204969141,183.708283094,3.02204969141
0,2.88956046665,183.708283094,2.88956046665
0,2.79030887676,183.708283094,2.79030887676
0,2.69340266614,183.708283094,2.69340266614
0,3.05592431236,183.708283094,3.05592431236
0,3.13796198362,183.708283094,3.13796198362
0,3.02044326629,183.708283094,3.02044326629
0,2.95869429562,183.708283094,2.95869429562
0,2.70149033004,183.708283094,2.70149033004
0,2.82279311029,183.708283094,2.82279311029
0,2.79490143446,183.708283094,2.79490143446
0,2.94363603664,183.708283094,2.94363603664
0,2.94257880416,183.708283094,2.94257880416
0,2.67632058365,183.708283094,2.67632058365
0,2.77296688428,183.708283094,2.77296688428
0,2.83194461902,183.708283094,2.83194461902
0,3.13426428909,183.708283094,3.13426428909
0,3.25882513829,183.708283094,3.25882513829
0,3.00260440835,183.708283094,3.00260440835
0,2.94908067137,183.708283094,2.94908067137
0,3.00637472356,183.708283094,3.00637472356
0,2.8622746951,183.708283094,2.8622746951
0,2.83587349905,183.708283094,2.83587349905
0,2.76982262991,183.708283094,2.76982262991
0,2.76359836986,183.708283094,2.76359836986
0,2.66956038197,183.708283094,2.66956038197
0,2.6139114538,183.708283094,2.6139114538
0,2.60935459524,183.708283094,2.60935459524
0,3.1923440717,183.708283094,3.1923440717
0,2.92352886485,183.708283094,2.92352886485
0,2.78465433055,183.708283094,2.78465433055
0,2.7188638225,183.708283094,2.7188638225
0,2.82185059869,183.708283094,2.82185059869
0,2.71034154196,183.708283094,2.71034154196
0,2.78315295104,183.708283094,2.78315295104
0,2.58457257345,183.708283094,2.58457257345
0,2.65537829534,183.708283094,2.65537829534
0,2.72451533244,183.708283094,2.72451533244
0,2.64552248015,183.708283094,2.64552248015
0,2.53012346796,183.708283094,2.53012346796
0,2.54076787494,183.708283094,2.54076787494
0,2.79818099086,183.708283094,2.79818099086
0,2.81707700016,183.708283094,2.81707700016
0,2.75245347658,183.708283094,2.75245347658
0,2.74592659808,183.708283094,2.74592659808
0,2.81441726877,183.708283094,2.81441726877
0,2.80099777403,183.708283094,2.80099777403
0,2.79996067245,183.708283094,2.79996067245
0,2.87138089433,183.708283094,2.87138089433
0,2.74451198205,183.708283094,2.74451198205
0,2.66412891541,183.708283094,2.66412891541
0,2.65835224086,183.708283094,2.65835224086
0,2.68401382743,183.708283094,2.68401382743
0,2.89581482281,183.708283094,2.89581482281
0,2.64541095343,183.708283094,2.64541095343
0,2.73206732141,183.708283094,2.73206732141
0,2.98987961285,183.708283094,2.98987961285
0,2.67808633534,183.708283094,2.67808633534
0,2.41766326038,183.708283094,2.41766326038
0,2.68711143075,183.708283094,2.68711143075
0,2.46865499278,183.708283094,2.46865499278
0,2.67677398213,183.708283094,2.67677398213
0,2.72395383497,183.708283094,2.72395383497
0,2.62653324233,183.708283094,2.62653324233
0,2.42191971037,183.708283094,2.42191971037
0,2.69237526318,183.708283094,2.69237526318
0,2.5217825582,183.708283094,2.5217825582
0,2.52282398926,183.708283094,2.52282398926
0,2.79599525686,183.708283094,2.79599525686
0,2.77408823108,183.708283094,2.77408823108
0,2.78649891111,183.708283094,2.78649891111
0,2.49486474754,183.708283094,2.49486474754
0,2.76002728176,183.708283094,2.76002728176
0,2.4925286016,183.708283094,2.4925286016
0,2.51383749247,183.708283094,2.51383749247
0,2.53454192345,183.708283094,2.53454192345
0,2.45842019574,183.708283094,2.45842019574
0,2.73771030779,183.708283094,2.73771030779
0,2.66594995452,183.708283094,2.66594995452
0,2.6792597434,183.708283094,2.6792597434
0,2.55704023945,183.708283094,2.55704023945
0,2.48544627032,183.708283094,2.48544627032
0,2.43037679411,183.708283094,2.43037679411
0,2.33162017412,183.708283094,2.33162017412
0,2.66817784025,183.708283094,2.66817784025
0,2.42470854227,183.708283094,2.42470854227
0,2.55319661105,183.708283094,2.55319661105
0,2.70710720033,183.708283094,2.70710720033
0,2.56147277195,183.708283094,2.56147277195
0,2.393505281,183.708283094,2.393505281
0,2.4610750725,183.708283094,2.4610750725
0,2.36867531576,183.708283094,2.36867531576
0,2.37228202462,183.708283094,2.37228202462
0,2.64277501399,183.708283094,2.64277501399
0,2.56340745505,183.708283094,2.56340745505
0,2.56857753897,183.708283094,2.56857753897
0,2.35526956231,183.708283094,2.35526956231
0,2.37305414138,183.708283094,2.37305414138
0,2.50794785958,183.708283094,2.50794785958
0,2.58623829644,183.708283094,2.58623829644
0,2.47887837132,183.708283094,2.47887837132
0,2.51799901085,183.708283094,2.51799901085
0,2.43968020488,183.708283094,2.43968020488
0,2.29313669176,183.708283094,2.29313669176
0,2.49673740319,183.708283094,2.49673740319
0,2.59174181548,183.708283094,2.59174181548
0,2.54966176225,183.708283094,2.54966176225
0,2.55096493078,183.708283094,2.55096493078
0,2.64566539894,183.708283094,2.64566539894
0,2.50133046213,183.708283094,2.50133046213
0,2.6784947142,183.708283094,2.6784947142
0,2.64892784007,183.708283094,2.64892784007
0,2.42403072033,183.708283094,2.42403072033
0,2.45621561307,183.708283094,2.45621561307
0,2.3921063629,183.708283094,2.3921063629
0,2.3359099388,183.708283094,2.3359099388
0,2.51210455787,183.708283094,2.51210455787
0,2.6209226248,183.708283094,2.6209226248
0,2.5739119969,183.708283094,2.5739119969
0,2.58258576346,183.708283094,2.58258576346
0,2.47394930263,183.708283094,2.47394930263
0,2.49317752734,183.708283094,2.49317752734
0,2.47354453893,183.708283094,2.47354453893
0,2.63613126705,183.708283094,2.63613126705
0,2.60119333925,183.708283094,2.60119333925
0,2.47015987673,183.708283094,2.47015987673
0,2.32199783914,183.708283094,2.32199783914
0,2.26367032781,183.708283094,2.26367032781
0,2.37742137841,183.708283094,2.37742137841
0,2.49916453953,183.708283094,2.49916453953
0,2.48206148428,183.708283094,2.48206148428
0,2.42055785258,183.708283094,2.42055785258
0,2.36998731851,183.708283094,2.36998731851
0,2.5237800908,183.708283094,2.5237800908
0,2.39169994396,183.708283094,2.39169994396
0,2.24823295456,183.708283094,2.24823295456
0,2.42448817898,183.708283094,2.42448817898
0,2.25161046914,183.708283094,2.25161046914
0,2.45459473227,183.708283094,2.45459473227
0,2.38354071577,183.708283094,2.38354071577
0,2.55091510431,183.708283094,2.55091510431
0,2.51520832071,183.708283094,2.51520832071
0,2.4648780287,183.708283094,2.4648780287
0,2.24033597459,183.708283094,2.24033597459
0,2.60073476663,183.708283094,2.60073476663
0,2.46102633345,183.708283094,2.46102633345
0,2.39787928967,183.708283094,2.39787928967
0,2.33841118047,183.708283094,2.33841118047
0,2.23376848835,183.708283094,2.23376848835
0,2.27240393176,183.708283094,2.27240393176
0,2.22111682647,183.708283094,2.22111682647
0,2.42742800232,183.708283094,2.42742800232
0,2.37427129435,183.708283094,2.37427129435
0,2.18491820777,183.708283094,2.18491820777
0,2.4165682045,183.708283094,2.4165682045
0,2.49363243084,183.708283094,2.49363243084
0,2.37369931701,183.708283094,2.37369931701
0,2.44788333222,183.708283094,2.44788333222
0,2.24012531284,183.708283094,2.24012531284
0,2.17845973644,183.708283094,2.17845973644
0,2.06405616157,183.708283094,2.06405616157
0,2.47133291587,183.708283094,2.47133291587
0,2.21692584319,183.708283094,2.21692584319
0,2.31054632175,183.708283094,2.31054632175
0,2.24673488137,183.708283094,2.24673488137
0,2.30812181453,183.708283094,2.30812181453
0,2.2637046548,183.708283094,2.2637046548
0,2.35982008374,183.708283094,2.35982008374
0,2.19783018943,183.708283094,2.19783018943
0,2.36275303282,183.708283094,2.36275303282
0,2.2610828127,183.708283094,2.2610828127
0,2.32565113512,183.708283094,2.32565113512
0,2.17933148538,183.708283094,2.17933148538
0,2.15893716726,183.708283094,2.15893716726
0,2.00786420694,183.708283094,2.00786420694
0,2.18945059236,183.708283094,2.18945059236
0,2.25423320844,183.708283094,2.25423320844
0,2.25857201152,183.708283094,2.25857201152
0,2.25747574578,183.708283094,2.25747574578
0,2.3826083748,183.708283094,2.3826083748
0,2.33051967519,183.708283094,2.33051967519
0,2.17836246432,183.708283094,2.17836246432
0,2.26562539184,183.708283094,2.26562539184
0,2.32254544163,183.708283094,2.32254544163
0,2.32419927051,183.708283094,2.32419927051
0,2.21824522316,183.708283094,2.21824522316
0,2.23606731293,183.708283094,2.23606731293
0,2.11040291269,183.708283094,2.11040291269
0,2.27831810714,183.708283094,2.27831810714
0,2.33749146008,183.708283094,2.33749146008
0,2.20151653583,183.708283094,2.20151653583
0,2.2213486444,183.708283094,2.2213486444
0,2.3410980569,183.708283094,2.3410980569
0,2.19041558601,183.708283094,2.19041558601
0,2.20352970235,183.708283094,2.20352970235
0,2.09522268314,183.708283094,2.09522268314
0,2.06653854274,183.708283094,2.06653854274
0,2.30458850574,183.708283094,2.30458850574
0,2.22073191125,183.708283094,2.22073191125
0,2.15595050519,183.708283094,2.15595050519
0,2.32442008532,183.708283094,2.32442008532
0,2.22442314214,183.708283094,2.22442314214
0,2.08415218185,183.708283094,2.08415218185
0,2.16175194852,183.708283094,2.16175194852
0,2.03836877431,183.708283094,2.03836877431
0,2.45028184169,183.708283094,2.45028184169
0,2.21858985603,183.708283094,2.21858985603
0,2.15241313396,183.708283094,2.15241313396
0,2.02790828231,183.708283094,2.02790828231
0,2.04283371275,183.708283094,2.04283371275
0,1.95467631995,183.708283094,1.95467631995
0,2.09272629233,183.708283094,2.09272629233
0,2.21458211917,183.708283094,2.21458211917
0,2.30826105087,183.708283094,2.30826105087
0,2.16458690729,183.708283094,2.16458690729
0,2.07385350131,183.708283094,2.07385350131
0,2.02749381183,183.708283094,2.02749381183
0,2.35097306871,183.708283094,2.35097306871
0,2.29155134333,183.708283094,2.29155134333
0,2.25310961646,183.708283094,2.25310961646
0,2.07702828206,183.708283094,2.07702828206
0,2.06801473006,183.708283094,2.06801473006
0,2.09612860098,183.708283094,2.09612860098
0,2.17847644276,183.708283094,2.17847644276
0,2.03307324511,183.708283094,2.03307324511
0,2.04918510778,183.708283094,2.04918510778
0,2.0137260215,183.708283094,2.0137260215
0,2.26191085913,183.708283094,2.26191085913
0,2.27201576977,183.708283094,2.27201576977
0,2.19850842299,183.708283094,2.19850842299
0,2.03261934215,183.708283094,2.03261934215
0,2.01758255978,183.708283094,2.01758255978
0,2.09029868007,183.708283094,2.09029868007
0,2.12847572568,183.708283094,2.12847572568
0,2.08352242964,183.708283094,2.08352242964
0,2.14531682487,183.708283094,2.14531682487
0,2.14733915433,183.708283094,2.14733915433
0,2.07236426973,183.708283094,2.07236426973
0,2.01643692884,183.708283094,2.01643692884
0,2.06279834738,183.708283094,2.06279834738
0,2.07021776374,183.708283094,2.07021776374
0,2.1524911241,183.708283094,2.1524911241
0,1.95451030498,183.708283094,1.95451030498
0,1.93958975612,183.708283094,1.93958975612
0,1.87009616119,183.708283094,1.87009616119
0,1.92434510968,183.708283094,1.92434510968
0,2.05151106023,183.708283094,2.05151106023
0,2.11636875721,183.708283094,2.11636875721
0,2.12699887975,183.708283094,2.12699887975
0,2.10315095287,183.708283094,2.10315095287
0,1.91449979585,183.708283094,1.91449979585
0,1.94976725185,183.708283094,1.94976725185
0,2.06024443018,183.708283094,2.06024443018
0,2.13009806376,183.708283094,2.13009806376
0,2.09621957697,183.708283094,2.09621957697
0,2.01267093339,183.708283094,2.01267093339
0,2.15531126057,183.708283094,2.15531126057
0,2.10763333321,183.708283094,2.10763333321
0,2.00522753169,183.708283094,2.00522753169
0,1.92132728245,183.708283094,1.92132728245
0,2.04404165184,183.708283094,2.04404165184
0,2.11029905712,183.708283094,2.11029905712
0,1.96098588363,183.708283094,1.96098588363
0,1.86913808356,183.708283094,1.86913808356
0,1.94267183947,183.708283094,1.94267183947
0,2.02843400344,183.708283094,2.02843400344
0,1.97319686699,183.708283094,1.97319686699
0,1.88372375923,183.708283094,1.88372375923
0,2.02267691796,183.708283094,2.02267691796
0,1.87556651207,183.708283094,1.87556651207
0,1.91831411,183.708283094,1.91831411
0,1.88463030029,183.708283094,1.88463030029
0,2.13039154477,183.708283094,2.13039154477
0,2.16018649617,183.708283094,2.16018649617
0,2.02623044624,183.708283094,2.02623044624
0,2.03969237078,183.708283094,2.03969237078
0,1.95631815321,183.708283094,1.95631815321
0,1.87351949439,183.708283094,1.87351949439
0,1.87364244367,183.708283094,1.87364244367
0,1.95782139122,183.708283094,1.95782139122
0,1.99817877421,183.708283094,1.99817877421
0,2.00118011559,183.708283094,2.00118011559
0,1.88213279079,183.708283094,1.88213279079
0,1.99410846314,183.708283094,1.99410846314
0,1.98301174918,183.708283094,1.98301174918
0,2.00009620018,183.708283094,2.00009620018
0,2.03334613312,183.708283094,2.03334613312
0,1.97850882161,183.708283094,1.97850882161
0,1.85904859642,183.708283094,1.85904859642
0,1.92273793653,183.708283094,1.92273793653
0,1.87311309913,183.708283094,1.87311309913
0,2.005648485,183.708283094,2.005648485
0,1.94588426548,183.708283094,1.94588426548
0,1.89309958558,183.708283094,1.89309958558
0,1.9852680277,183.708283094,1.9852680277
0,1.92861602119,183.708283094,1.92861602119
0,1.82172568952,183.708283094,1.82172568952
0,1.85231386349,183.708283094,1.85231386349
0,2.24818302638,183.708283094,2.24818302638
0,1.96089417957,183.708283094,1.96089417957
0,1.97954293991,183.708283094,1.97954293991
0,1.87412968943,183.708283094,1.87412968943
0,2.00804128849,183.708283094,2.00804128849
0,2.00999964804,183.708283094,2.00999964804
0,1.99014933451,183.708283094,1.99014933451
0,1.81987476529,183.708283094,1.81987476529
0,1.94677693412,183.708283094,1.94677693412
0,1.84303602672,183.708283094,1.84303602672
0,1.80864320712,183.708283094,1.80864320712
0,1.88912545338,183.708283094,1.88912545338
0,1.89845530256,183.708283094,1.89845530256
0,1.96191172306,183.708283094,1.96191172306
0,1.79002042017,183.708283094,1.79002042017
0,1.84687428543,183.708283094,1.84687428543
0,1.86484485821,183.708283094,1.86484485821
0,1.73073722559,183.708283094,1.73073722559
0,1.88168117579,183.708283094,1.88168117579
0,1.83893219564,183.708283094,1.83893219564
0,1.76209473696,183.708283094,1.76209473696
0,1.72214415878,183.708283094,1.72214415878
0,1.83035500437,183.708283094,1.83035500437
0,1.8867864295,183.708283094,1.8867864295
0,1.94336839479,183.708283094,1.94336839479
0,1.82483471755,183.708283094,1.82483471755
0,1.75354140015,183.708283094,1.75354140015
0,1.91619992607,183.708283094,1.91619992607
0,1.8534590101,183.708283094,1.8534590101
0,1.92347805428,183.708283094,1.92347805428
0,1.86105139004,183.708283094,1.86105139004
0,1.84003255039,183.708283094,1.84003255039
0,1.78156941479,183.708283094,1.78156941479
0,1.96451431857,183.708283094,1.96451431857
0,1.81494163275,183.708283094,1.81494163275
0,1.82766869769,183.708283094,1.82766869769
0,1.74415193683,183.708283094,1.74415193683
0,1.74675660754,183.708283094,1.74675660754
0,1.96543944634,183.708283094,1.96543944634
0,1.95283420331,183.708283094,1.95283420331
0,1.88464455296,183.708283094,1.88464455296
0,1.82177270519,183.708283094,1.82177270519
0,1.79601621192,183.708283094,1.79601621192
0,1.87801479949,183.708283094,1.87801479949
0,1.85475879283,183.708283094,1.85475879283
0,1.84168630152,183.708283094,1.84168630152
0,1.74132281035,183.708283094,1.74132281035
0,1.79899499691,183.708283094,1.79899499691
0,1.92486020536,183.708283094,1.92486020536
0,1.88021627188,183.708283094,1.88021627188
0,1.8847334437,183.708283094,1.8847334437
0,1.76565142903,183.708283094,1.76565142903
0,1.73136264844,183.708283094,1.73136264844
0,1.76456341888,183.708283094,1.76456341888
0,1.78521464408,183.708283094,1.78521464408
0,1.73976492773,183.708283094,1.73976492773
0,1.87124418579,183.708283094,1.87124418579
0,1.75486280002,183.708283094,1.75486280002
0,1.695145626,183.708283094,1.695145626
0,1.79387697671,183.708283094,1.79387697671
0,1.85100925748,183.708283094,1.85100925748
0,1.77916514231,183.708283094,1.77916514231
0,1.79491465622,183.708283094,1.79491465622
0,1.626258941,183.708283094,1.626258941
0,1.81178616272,183.708283094,1.81178616272
0,1.73577709567,183.708283094,1.73577709567
0,1.74123143765,183.708283094,1.74123143765
0,1.83486065904,183.708283094,1.83486065904
0,1.78131009791,183.708283094,1.78131009791
0,1.80638268589,183.708283094,1.80638268589
0,1.78713517032,183.708283094,1.78713517032
0,1.73160128522,183.708283094,1.73160128522
0,1.67276321565,183.708283094,1.67276321565
0,1.64882588162,183.708283094,1.64882588162
0,1.95187374695,183.708283094,1.95187374695
0,1.91307759164,183.708283094,1.91307759164
0,1.79918681958,183.708283094,1.79918681958
0,1.7339938414,183.708283094,1.7339938414
0,1.74238458302,183.708283094,1.74238458302
0,1.6080856388,183.708283094,1.6080856388
0,2.02280227025,183.708283094,2.02280227025
0,1.88604358579,183.708283094,1.88604358579
0,1.83144748096,183.708283094,1.83144748096
0,1.70127532764,183.708283094,1.70127532764
0,1.63905753338,183.708283094,1.63905753338
0,1.78832442868,183.708283094,1.78832442868
0,1.8586337399,183.708283094,1.8586337399
0,1.67955693341,183.708283094,1.67955693341
0,1.78817289505,183.708283094,1.78817289505
0,1.71637851904,183.708283094,1.71637851904
0,1.71827067398,183.708283094,1.71827067398
0,1.69239294107,183.708283094,1.69239294107
0,1.80816513085,183.708283094,1.80816513085
0,1.72990782482,183.708283094,1.72990782482
0,1.86985175427,183.708283094,1.86985175427
0,1.740596394,183.708283094,1.740596394
0,1.74106688741,183.708283094,1.74106688741
0,1.64859163051,183.708283094,1.64859163051
0,1.62108537545,183.708283094,1.62108537545
0,1.52568383158,183.708283094,1.52568383158
0,1.56712842572,183.708283094,1.56712842572
0,1.6424370677,183.708283094,1.6424370677
0,1.65582175901,183.708283094,1.65582175901
0,1.75198020572,183.708283094,1.75198020572
0,1.68219973085,183.708283094,1.68219973085
0,1.71502181808,183.708283094,1.71502181808
0,1.67208792143,183.708283094,1.67208792143
0,1.67166308448,183.708283094,1.67166308448
0,1.57042526228,183.708283094,1.57042526228
0,1.73026048865,183.708283094,1.73026048865
0,1.73872529116,183.708283094,1.73872529116
0,1.84769120008,183.708283094,1.84769120008
0,1.72661859333,183.708283094,1.72661859333
0,1.65047450099,183.708283094,1.65047450099
0,1.70667296486,183.708283094,1.70667296486
0,1.62402816618,183.708283094,1.62402816618
0,1.81310494428,183.708283094,1.81310494428
0,1.67068538662,183.708283094,1.67068538662
0,1.55546417482,183.708283094,1.55546417482
0,1.55442377491,183.708283094,1.55442377491
0,1.69472558948,183.708283094,1.69472558948
0,1.62966697334,183.708283094,1.62966697334
0,1.64209020297,183.708283094,1.64209020297
0,1.58111858054,183.708283094,1.58111858054
0,1.63004658246,183.708283094,1.63004658246
0,1.70158451697,183.708283094,1.70158451697
0,1.62757360229,183.708283094,1.62757360229
0,1.66811889033,183.708283094,1.66811889033
0,1.70805464578,183.708283094,1.70805464578
0,1.69796221219,183.708283094,1.69796221219
0,1.63900631468,183.708283094,1.63900631468
0,1.65757499551,183.708283094,1.65757499551
0,1.63515355187,183.708283094,1.63515355187
0,1.5655951214,183.708283094,1.5655951214
0,1.70280226968,183.708283094,1.70280226968
0,1.73929240994,183.708283094,1.73929240994
0,1.69055700435,183.708283094,1.69055700435
0,1.59816311581,183.708283094,1.59816311581
0,1.68342716747,183.708283094,1.68342716747
0,1.68135013456,183.708283094,1.68135013456
0,1.64381003894,183.708283094,1.64381003894
0,1.66080600229,183.708283094,1.66080600229
0,1.54116273786,183.708283094,1.54116273786
0,1.86029302423,183.708283094,1.86029302423
0,1.71389996338,183.708283094,1.71389996338
0,1.67026065192,183.708283094,1.67026065192
0,1.67030775279,183.708283094,1.67030775279
0,1.60739356806,183.708283094,1.60739356806
0,1.58039965666,183.708283094,1.58039965666
0,1.64728940976,183.708283094,1.64728940976
0,1.51548579241,183.708283094,1.51548579241
0,1.59261443962,183.708283094,1.59261443962
0,1.60366326764,183.708283094,1.60366326764
0,1.6906339582,183.708283094,1.6906339582
0,1.66981258081,183.708283094,1.66981258081
0,1.69876543265,183.708283094,1.69876543265
0,1.58085695149,183.708283094,1.58085695149
0,1.52191043697,183.708283094,1.52191043697
0,1.55300132452,183.708283094,1.55300132452
0,1.56346625049,183.708283094,1.56346625049
0,1.58928924377,183.708283094,1.58928924377
0,1.55487255995,183.708283094,1.55487255995
0,1.59340909902,183.708283094,1.59340909902
0,1.57908938761,183.708283094,1.57908938761
0,1.65735459649,183.708283094,1.65735459649
0,1.80542293275,183.708283094,1.80542293275
0,1.7155829362,183.708283094,1.7155829362
0,1.64813014318,183.708283094,1.64813014318
0,1.49989634292,183.708283094,1.49989634292
0,1.58227489223,183.708283094,1.58227489223
0,1.6111590682,183.708283094,1.6111590682
0,1.84309531953,183.708283094,1.84309531953
0,1.73081686179,183.708283094,1.73081686179
0,1.57087954481,183.708283094,1.57087954481
0,1.54095210151,183.708283094,1.54095210151
0,1.5129781897,183.708283094,1.5129781897
0,1.52503858489,183.708283094,1.52503858489
0,1.55307809741,183.708283094,1.55307809741
0,1.54056321708,183.708283094,1.54056321708
0,1.6136966772,183.708283094,1.6136966772
0,1.58344141189,183.708283094,1.58344141189
0,1.60333098129,183.708283094,1.60333098129
0,1.59545016167,183.708283094,1.59545016167
0,1.53390332838,183.708283094,1.53390332838
0,1.536527688,183.708283094,1.536527688
0,1.49680029981,183.708283094,1.49680029981
0,1.59645273871,183.708283094,1.59645273871
0,1.55108133225,183.708283094,1.55108133225
0,1.53406562483,183.708283094,1.53406562483
0,1.51321287258,183.708283094,1.51321287258
0,1.49048054237,183.708283094,1.49048054237
0,1.46148415468,183.708283094,1.46148415468
0,1.52351075867,183.708283094,1.52351075867
0,1.61607538372,183.708283094,1.61607538372
0,1.53048933166,183.708283094,1.53048933166
0,1.61932574525,183.708283094,1.61932574525
0,1.5002851782,183.708283094,1.5002851782
0,1.54784700239,183.708283094,1.54784700239
0,1.5287688841,183.708283094,1.5287688841
0,1.49241520929,183.708283094,1.49241520929
0,1.65678624313,183.708283094,1.65678624313
0,1.4972271774,183.708283094,1.4972271774
0,1.49107268928,183.708283094,1.49107268928
0,1.45959945435,183.708283094,1.45959945435
0,1.60963481646,183.708283094,1.60963481646
0,1.55683546681,183.708283094,1.55683546681
0,1.57981593311,183.708283094,1.57981593311
0,1.50337699832,183.708283094,1.50337699832
0,1.65475418604,183.708283094,1.65475418604
0,1.64628469252,183.708283094,1.64628469252
0,1.57853026258,183.708283094,1.57853026258
0,1.54478757128,183.708283094,1.54478757128
0,1.53712092346,183.708283094,1.53712092346
0,1.54625513643,183.708283094,1.54625513643
0,1.42276894611,183.708283094,1.42276894611
0,1.52087681112,183.708283094,1.52087681112
0,1.65045697938,183.708283094,1.65045697938
0,1.52778769939,183.708283094,1.52778769939
0,1.50376730599,183.708283094,1.50376730599
0,1.42285738899,183.708283094,1.42285738899
0,1.52026899241,183.708283094,1.52026899241
0,1.51100983153,183.708283094,1.51100983153
0,1.45532039095,183.708283094,1.45532039095
0,1.49183843336,183.708283094,1.49183843336
0,1.54738415986,183.708283094,1.54738415986
0,1.56336760857,183.708283094,1.56336760857
0,1.47423800958,183.708283094,1.47423800958
0,1.44698731358,183.708283094,1.44698731358
0,1.43175526827,183.708283094,1.43175526827
0,1.51376699486,183.708283094,1.51376699486
0,1.61955640391,183.708283094,1.61955640391
0,1.58809416293,183.708283094,1.58809416293
0,1.47650896475,183.708283094,1.47650896475
0,1.52198094258,183.708283094,1.52198094258
0,1.52369140204,183.708283094,1.52369140204
0,1.47489719317,183.708283094,1.47489719317
0,1.40120122408,183.708283094,1.40120122408
0,1.43249968639,183.708283094,1.43249968639
0,1.40977434173,183.708283094,1.40977434173
0,1.54095488956,183.708283094,1.54095488956
0,1.4801015355,183.708283094,1.4801015355
0,1.47920416813,183.708283094,1.47920416813
0,1.47627458039,183.708283094,1.47627458039
0,1.5805619453,183.708283094,1.5805619453
0,1.5894407349,183.708283094,1.5894407349
0,1.47608943351,183.708283094,1.47608943351
0,1.45705563679,183.708283094,1.45705563679
0,1.46391545476,183.708283094,1.46391545476
0,1.55271000779,183.708283094,1.55271000779
0,1.45030552049,183.708283094,1.45030552049
0,1.46863075003,183.708283094,1.46863075003
0,1.39340643764,183.708283094,1.39340643764
0,1.49427643606,183.708283094,1.49427643606
0,1.3889970225,183.708283094,1.3889970225
0,1.47649438247,183.708283094,1.47649438247
0,1.45696048632,183.708283094,1.45696048632
0,1.42574948369,183.708283094,1.42574948369
0,1.46671440673,183.708283094,1.46671440673
0,1.39452542546,183.708283094,1.39452542546
0,1.37738937175,183.708283094,1.37738937175
0,1.49908090136,183.708283094,1.49908090136
0,1.39178292591,183.708283094,1.39178292591
0,1.42700436144,183.708283094,1.42700436144
0,1.42849416189,183.708283094,1.42849416189
0,1.54888815681,183.708283094,1.54888815681
0,1.50905676105,183.708283094,1.50905676105
0,1.42298114002,183.708283094,1.42298114002
0,1.40034847235,183.708283094,1.40034847235
0,1.46489415126,183.708283094,1.46489415126
0,1.49783725794,183.708283094,1.49783725794
0,1.43538867761,183.708283094,1.43538867761
0,1.485226631,183.708283094,1.485226631
0,1.41743330925,183.708283094,1.41743330925
0,1.41452644912,183.708283094,1.41452644912
0,1.4113067219,183.708283094,1.4113067219
0,1.56551371678,183.708283094,1.56551371678
0,1.44153488333,183.708283094,1.44153488333
0,1.41639858558,183.708283094,1.41639858558
0,1.43695398162,183.708283094,1.43695398162
0,1.4348889851,183.708283094,1.4348889851
0,1.34431773137,183.708283094,1.34431773137
0,1.47767955296,183.708283094,1.47767955296
0,1.41387216746,183.708283094,1.41387216746
0,1.38938283407,183.708283094,1.38938283407
0,1.41226196452,183.708283094,1.41226196452
0,1.52273382198,183.708283094,1.52273382198
0,1.4681442532,183.708283094,1.4681442532
0,1.44276082928,183.708283094,1.44276082928
0,1.54131005804,183.708283094,1.54131005804
0,1.44865874255,183.708283094,1.44865874255
0,1.35194514169,183.708283094,1.35194514169
0,1.39375457989,183.708283094,1.39375457989
0,1.3775949528,183.708283094,1.3775949528
0,1.43395676557,183.708283094,1.43395676557
0,1.42722831317,183.708283094,1.42722831317
0,1.32603375476,183.708283094,1.32603375476
0,1.52396731546,183.708283094,1.52396731546
0,1.47320299709,183.708283094,1.47320299709
0,1.39869333306,183.708283094,1.39869333306
0,1.44875386586,183.708283094,1.44875386586
0,1.34312391361,183.708283094,1.34312391361
0,1.51791343791,183.708283094,1.51791343791
0,1.38420865622,183.708283094,1.38420865622
0,1.3768070987,183.708283094,1.3768070987
0,1.30746123177,183.708283094,1.30746123177
0,1.29374230654,183.708283094,1.29374230654
0,1.33923896931,183.708283094,1.33923896931
0,1.33888644865,183.708283094,1.33888644865
0,1.36347744997,183.708283094,1.36347744997
0,1.40122024052,183.708283094,1.40122024052
0,1.48664551828,183.708283094,1.48664551828
0,1.57425435587,183.708283094,1.57425435587
0,1.42399760216,183.708283094,1.42399760216
0,1.42726755459,183.708283094,1.42726755459
0,1.34036991883,183.708283094,1.34036991883
0,1.33902488865,183.708283094,1.33902488865
0,1.25857111907,183.708283094,1.25857111907
0,1.42267906445,183.708283094,1.42267906445
0,1.38547524097,183.708283094,1.38547524097
0,1.46578335485,183.708283094,1.46578335485
0,1.3831076063,183.708283094,1.3831076063
0,1.35021081714,183.708283094,1.35021081714
0,1.43175927679,183.708283094,1.43175927679
0,1.39323473464,183.708283094,1.39323473464
0,1.29491444261,183.708283094,1.29491444261
0,1.48651132484,183.708283094,1.48651132484
0,1.44145084633,183.708283094,1.44145084633
0,1.37235475641,183.708283094,1.37235475641
0,1.43148294991,183.708283094,1.43148294991
0,1.42567813675,183.708283094,1.42567813675
0,1.36176483539,183.708283094,1.36176483539
0,1.27839953158,183.708283094,1.27839953158
0,1.47178029401,183.708283094,1.47178029401
0,1.36544495479,183.708283094,1.36544495479
0,1.28786664767,183.708283094,1.28786664767
0,1.43830560364,183.708283094,1.43830560364
0,1.37302420627,183.708283094,1.37302420627
0,1.33157639765,183.708283094,1.33157639765
0,1.30572420565,183.708283094,1.30572420565
0,1.37992432076,183.708283094,1.37992432076
0,1.33953643454,183.708283094,1.33953643454
0,1.34937244763,183.708283094,1.34937244763
0,1.36473368296,183.708283094,1.36473368296
0,1.36144949288,183.708283094,1.36144949288
0,1.39502378829,183.708283094,1.39502378829
0,1.33912635318,183.708283094,1.33912635318
0,1.28187242814,183.708283094,1.28187242814
0,1.38477719225,183.708283094,1.38477719225
0,1.5067524385,183.708283094,1.5067524385
0,1.41646520181,183.708283094,1.41646520181
0,1.33607183616,183.708283094,1.33607183616
0,1.37828529111,183.708283094,1.37828529111
0,1.32520961588,183.708283094,1.32520961588
0,1.57508782552,183.708283094,1.57508782552
0,1.35998338554,183.708283094,1.35998338554
0,1.35751739116,183.708283094,1.35751739116
0,1.27467092315,183.708283094,1.27467092315
0,1.31420256863,183.708283094,1.31420256863
0,1.36361026473,183.708283094,1.36361026473
0,1.49611711349,183.708283094,1.49611711349
0,1.38560172096,183.708283094,1.38560172096
0,1.3182537554,183.708283094,1.3182537554
0,1.28579555047,183.708283094,1.28579555047
0,1.29765899364,183.708283094,1.29765899364
0,1.30482728025,183.708283094,1.30482728025
0,1.3574190787,183.708283094,1.3574190787
0,1.35153691964,183.708283094,1.35153691964
0,1.40650526064,183.708283094,1.40650526064
0,1.33994424513,183.708283094,1.33994424513
0,1.24486025036,183.708283094,1.24486025036
0,1.31008991087,183.708283094,1.31008991087
0,1.28751002307,183.708283094,1.28751002307
0,1.28127248315,183.708283094,1.28127248315
0,1.40898584329,183.708283094,1.40898584329
0,1.33852565538,183.708283094,1.33852565538
0,1.34058501697,183.708283094,1.34058501697
0,1.26166034526,183.708283094,1.26166034526
0,1.32340643403,183.708283094,1.32340643403
0,1.28026850137,183.708283094,1.28026850137
0,1.25040723767,183.708283094,1.25040723767
0,1.31140813571,183.708283094,1.31140813571
0,1.35072931516,183.708283094,1.35072931516
0,1.29879712478,183.708283094,1.29879712478
0,1.38742759943,183.708283094,1.38742759943
0,1.41041041053,183.708283094,1.41041041053
0,1.30787722262,183.708283094,1.30787722262
0,1.28941258294,183.708283094,1.28941258294
0,1.30627275527,183.708283094,1.30627275527
0,1.26259506679,183.708283094,1.26259506679
0,1.37026564693,183.708283094,1.37026564693
0,1.26922656972,183.708283094,1.26922656972
0,1.36207374016,183.708283094,1.36207374016
0,1.2702128085,183.708283094,1.2702128085
0,1.27005891502,183.708283094,1.27005891502
0,1.28031492196,183.708283094,1.28031492196
0,1.31307993414,183.708283094,1.31307993414
0,1.29762129308,183.708283094,1.29762129308
0,1.34280107948,183.708283094,1.34280107948
0,1.30906174025,183.708283094,1.30906174025
0,1.250360642,183.708283094,1.250360642
0,1.34140897153,183.708283094,1.34140897153
0,1.21159096439,183.708283094,1.21159096439
0,1.2985623752,183.708283094,1.2985623752
0,1.23764390332,183.708283094,1.23764390332
0,1.21989845861,183.708283094,1.21989845861
0,1.32233051303,183.708283094,1.32233051303
0,1.29609094938,183.708283094,1.29609094938
0,1.35558762722,183.708283094,1.35558762722
0,1.3065715452,183.708283094,1.3065715452
0,1.37594358273,183.708283094,1.37594358273
0,1.31822283793,183.708283094,1.31822283793
0,1.3175821778,183.708283094,1.3175821778
0,1.26152421233,183.708283094,1.26152421233
0,1.29721991549,183.708283094,1.29721991549
0,1.35946938445,183.708283094,1.35946938445
0,1.32329795042,183.708283094,1.32329795042
0,1.2853793098,183.708283094,1.2853793098
0,1.24934224178,183.708283094,1.24934224178
0,1.38113070761,183.708283094,1.38113070761
0,1.33124574484,183.708283094,1.33124574484
0,1.31448797327,183.708283094,1.31448797327
0,1.18047649823,183.708283094,1.18047649823
0,1.2766170948,183.708283094,1.2766170948
0,1.30396831242,183.708283094,1.30396831242
0,1.28395257515,183.708283094,1.28395257515
0,1.34831884349,183.708283094,1.34831884349
0,1.23244199101,183.708283094,1.23244199101
0,1.26763366819,183.708283094,1.26763366819
0,1.3249654504,183.708283094,1.3249654504
0,1.30732631552,183.708283094,1.30732631552
0,1.2625098737,183.708283094,1.2625098737
0,1.22807925904,183.708283094,1.22807925904
0,1.2887302077,183.708283094,1.2887302077
0,1.35660319664,183.708283094,1.35660319664
0,1.26962331877,183.708283094,1.26962331877
0,1.23789095986,183.708283094,1.23789095986
0,1.19079972547,183.708283094,1.19079972547
0,1.26871626928,183.708283094,1.26871626928
0,1.17353197108,183.708283094,1.17353197108
0,1.31881289962,183.708283094,1.31881289962
0,1.25830534874,183.708283094,1.25830534874
0,1.24913584299,183.708283094,1.24913584299
0,1.36907663788,183.708283094,1.36907663788
0,1.2889222409,183.708283094,1.2889222409
0,1.2782245778,183.708283094,1.2782245778
0,1.24202120633,183.708283094,1.24202120633
0,1.26216412114,183.708283094,1.26216412114
0,1.29474137122,183.708283094,1.29474137122
0,1.23233719138,183.708283094,1.23233719138
0,1.15964793727,183.708283094,1.15964793727
0,1.22049336462,183.708283094,1.22049336462
0,1.3420860986,183.708283094,1.3420860986
0,1.31001909621,183.708283094,1.31001909621
0,1.26095841231,183.708283094,1.26095841231
0,1.27383717344,183.708283094,1.27383717344
0,1.25163636883,183.708283094,1.25163636883
0,1.37224262098,183.708283094,1.37224262098
0,1.26338226806,183.708283094,1.26338226806
0,1.30652006098,183.708283094,1.30652006098
0,1.23026038342,183.708283094,1.23026038342
0,1.25174656109,183.708283094,1.25174656109
0,1.17784445278,183.708283094,1.17784445278
0,1.14646104841,183.708283094,1.14646104841
0,1.20520281576,183.708283094,1.20520281576
0,1.34850711407,183.708283094,1.34850711407
0,1.24254220092,183.708283094,1.24254220092
0,1.31220131169,183.708283094,1.31220131169
0,1.20958945885,183.708283094,1.20958945885
0,1.19981279143,183.708283094,1.19981279143
0,1.23384620583,183.708283094,1.23384620583
0,1.19144819502,183.708283094,1.19144819502
0,1.2685168619,183.708283094,1.2685168619
0,1.22993262778,183.708283094,1.22993262778
0,1.16674567923,183.708283094,1.16674567923
0,1.29194478984,183.708283094,1.29194478984
0,1.25850585969,183.708283094,1.25850585969
0,1.25961864124,183.708283094,1.25961864124
0,1.21752100417,183.708283094,1.21752100417
0,1.17886916853,183.708283094,1.17886916853
0,1.2144290038,183.708283094,1.2144290038
0,1.20677793041,183.708283094,1.20677793041
0,1.30691838424,183.708283094,1.30691838424
0,1.26750530875,183.708283094,1.26750530875
0,1.32876765382,183.708283094,1.32876765382
0,1.32466658012,183.708283094,1.32466658012
0,1.24991812922,183.708283094,1.24991812922
0,1.24205451452,183.708283094,1.24205451452
0,1.21987908828,183.708283094,1.21987908828
0,1.18413988737,183.708283094,1.18413988737
0,1.31892403344,183.708283094,1.31892403344
0,1.20700452085,183.708283094,1.20700452085
0,1.24930340646,183.708283094,1.24930340646
0,1.18551689677,183.708283094,1.18551689677
0,1.15503904402,183.708283094,1.15503904402
0,1.24183315151,183.708283094,1.24183315151
0,1.21340436735,183.708283094,1.21340436735
0,1.14842265179,183.708283094,1.14842265179
0,1.32954015882,183.708283094,1.32954015882
0,1.28570489722,183.708283094,1.28570489722
0,1.23341742736,183.708283094,1.23341742736
0,1.22013281633,183.708283094,1.22013281633
0,1.25252611833,183.708283094,1.25252611833
0,1.18181306893,183.708283094,1.18181306893
0,1.17249561438,183.708283094,1.17249561438
0,1.19201734957,183.708283094,1.19201734957
0,1.16431123908,183.708283094,1.16431123908
0,1.22571444649,183.708283094,1.22571444649
0,1.20839770363,183.708283094,1.20839770363
0,1.21631705065,183.708283094,1.21631705065
0,1.18388078743,183.708283094,1.18388078743
0,1.15451762471,183.708283094,1.15451762471
0,1.14341748101,183.708283094,1.14341748101
0,1.27486924904,183.708283094,1.27486924904
0,1.28259409255,183.708283094,1.28259409255
0,1.17282003775,183.708283094,1.17282003775
0,1.18380483448,183.708283094,1.18380483448
0,1.20343722016,183.708283094,1.20343722016
0,1.2974316582,183.708283094,1.2974316582
0,1.2372660509,183.708283094,1.2372660509
0,1.21016320507,183.708283094,1.21016320507
0,1.2295930191,183.708283094,1.2295930191
0,1.12469376633,183.708283094,1.12469376633
0,1.16051690873,183.708283094,1.16051690873
0,1.1828067906,183.708283094,1.1828067906
0,1.17991686395,183.708283094,1.17991686395
0,1.1459067887,183.708283094,1.1459067887
0,1.21203796668,183.708283094,1.21203796668
0,1.20111159728,183.708283094,1.20111159728
0,1.14506086011,183.708283094,1.14506086011
0,1.17490415326,183.708283094,1.17490415326
0,1.23607366446,183.708283094,1.23607366446
