epoch,loss,model_2_loss_1,model_2_loss_2
0,4.50819146158,6.07513237609,4.50819146158
0,2.45248322992,4.90516020429,2.45248322992
0,2.04416428752,4.84243001198,2.04416428752
0,1.82895118008,4.82961769721,1.82895118008
0,1.69039436669,4.82530598703,1.69039436669
0,1.59291420705,4.81678314925,1.59291420705
0,1.5208263128,4.81887690913,1.5208263128
0,1.45645290121,4.80772928798,1.45645290121
0,1.38888547888,4.8078905355,1.38888547888
0,1.34613177193,4.80296059745,1.34613177193
0,1.30666250085,4.80068524379,1.30666250085
0,1.27474077986,4.79989992163,1.27474077986
0,1.25052567613,4.79417151215,1.25052567613
0,1.22205551163,4.79779643305,1.22205551163
0,1.20154386454,4.79151451952,1.20154386454
0,1.18590923415,4.79354997577,1.18590923415
0,1.17091493841,4.79502369246,1.17091493841
0,1.15197486736,4.79402665172,1.15197486736
0,1.13753140038,4.79402769608,1.13753140038
0,1.12334506515,4.80029897783,1.12334506515
0,1.11156774905,4.79639038037,1.11156774905
0,1.09553573866,4.79644730809,1.09553573866
0,1.08995296033,4.79876229743,1.08995296033
0,1.07605371353,4.80189390789,1.07605371353
0,1.06331371406,4.80704550872,1.06331371406
0,1.05528133855,4.80581983158,1.05528133855
0,1.04191591395,4.80588324703,1.04191591395
0,1.02553144535,4.80562334461,1.02553144535
0,1.01644732728,4.8096594187,1.01644732728
0,1.00260100821,4.81223835013,1.00260100821
0,0.996012510297,4.81035189994,0.996012510297
0,0.979159678494,4.81202984458,0.979159678494
0,0.974000836346,4.81164944107,0.974000836346
0,0.963720965677,4.81277316011,0.963720965677
0,0.957692780574,4.81183395286,0.957692780574
0,0.949498204518,4.81280974489,0.949498204518
0,0.942810880983,4.81425436666,0.942810880983
0,0.936337249231,4.81404367688,0.936337249231
0,0.930373061763,4.81486691686,0.930373061763
0,0.921346842189,4.8130335713,0.921346842189
0,0.918765151397,4.81785376514,0.918765151397
0,0.911427482372,4.81593777497,0.911427482372
0,0.913228725248,4.81626829283,0.913228725248
0,0.901746049308,4.82093950744,0.901746049308
0,0.902811707219,4.82037421159,0.902811707219
0,0.897833138026,4.82210289402,0.897833138026
0,0.891636318323,4.82157707032,0.891636318323
0,0.886045550256,4.81967314834,0.886045550256
0,0.883877845029,4.81734776193,0.883877845029
0,0.879050893522,4.81647420952,0.879050893522
0,0.878070970485,4.81549990081,0.878070970485
0,0.874214780599,4.81627890841,0.874214780599
0,0.871284701652,4.81621016624,0.871284701652
0,0.865380597121,4.81527984928,0.865380597121
0,0.863564521842,4.82044292069,0.863564521842
0,0.858637529953,4.82184589504,0.858637529953
0,0.858751503896,4.8188464835,0.858751503896
0,0.859096578335,4.81934157565,0.859096578335
0,0.853002624888,4.82213903816,0.853002624888
0,0.851847664256,4.82151144887,0.851847664256
0,0.846348186441,4.82289075407,0.846348186441
0,0.845034341227,4.8221571001,0.845034341227
0,0.844185527963,4.82498861353,0.844185527963
0,0.841567225418,4.82606769651,0.841567225418
0,0.836587556067,4.82631112822,0.836587556067
0,0.839667073043,4.82688638664,0.839667073043
0,0.831448540223,4.82849743051,0.831448540223
0,0.834441112956,4.8317995738,0.834441112956
0,0.830567373774,4.83061651635,0.830567373774
0,0.826706387402,4.82621812287,0.826706387402
0,0.831859683901,4.82917335716,0.831859683901
0,0.824304825351,4.82893643756,0.824304825351
0,0.823595780576,4.82768767338,0.823595780576
0,0.823948784718,4.82879616447,0.823948784718
0,0.820878472845,4.82710436122,0.820878472845
0,0.816232189868,4.83042629094,0.816232189868
0,0.813944224799,4.82679994526,0.813944224799
0,0.815012959035,4.83014429928,0.815012959035
0,0.811133208797,4.83155683455,0.811133208797
0,0.8117554567,4.8301400138,0.8117554567
0,0.813733269554,4.83185495572,0.813733269554
0,0.80986685359,4.83203076131,0.80986685359
0,0.81174538496,4.83275011817,0.81174538496
0,0.80850075373,4.82707450441,0.80850075373
0,0.804829196944,4.83047868583,0.804829196944
0,0.804051618913,4.82863843005,0.804051618913
0,0.801461371129,4.83136190064,0.801461371129
0,0.801934588033,4.83090810751,0.801934588033
0,0.800402965318,4.83115682395,0.800402965318
0,0.800049323132,4.83284109337,0.800049323132
0,0.8009318379,4.83790758438,0.8009318379
0,0.79905920621,4.8364161543,0.79905920621
0,0.79855941061,4.83904235522,0.79855941061
0,0.799002155655,4.83579081129,0.799002155655
0,0.793011256487,4.83767881522,0.793011256487
0,0.794083034424,4.8346563145,0.794083034424
0,0.793994370614,4.83876776182,0.793994370614
0,0.793085207516,4.83807457599,0.793085207516
0,0.791738471086,4.84111224215,0.791738471086
0,0.790315873134,4.84204588372,0.790315873134
0,0.788060860826,4.84090474911,0.788060860826
0,0.788494125889,4.84098061464,0.788494125889
0,0.786687225644,4.83930352177,0.786687225644
0,0.786052232257,4.84268560253,0.786052232257
0,0.784673816675,4.84031962957,0.784673816675
0,0.784478994564,4.84331640495,0.784478994564
0,0.787876466074,4.84156499485,0.787876466074
0,0.788205717743,4.84135372508,0.788205717743
0,0.78324180214,4.83923217965,0.78324180214
0,0.781981730055,4.84105321991,0.781981730055
0,0.783200328243,4.83951296177,0.783200328243
0,0.783479288277,4.84010530117,0.783479288277
0,0.77985873906,4.83734303449,0.77985873906
0,0.779822425667,4.83724691199,0.779822425667
0,0.77671506761,4.83866422596,0.77671506761
0,0.779217122919,4.83584586591,0.779217122919
0,0.776195718351,4.83693311867,0.776195718351
0,0.775850284254,4.84019414637,0.775850284254
0,0.777135308438,4.83793648305,0.777135308438
0,0.773526742601,4.8387865597,0.773526742601
0,0.778131240692,4.84152106862,0.778131240692
0,0.776414482971,4.83895059829,0.776414482971
0,0.773580725682,4.83644819786,0.773580725682
0,0.772554588289,4.83906825207,0.772554588289
0,0.772209785868,4.83753333651,0.772209785868
0,0.778781772883,4.84338289563,0.778781772883
0,0.770432222186,4.83811752124,0.770432222186
0,0.76938678208,4.83875035752,0.76938678208
0,0.771917006393,4.83659634209,0.771917006393
0,0.769954239975,4.83814443406,0.769954239975
0,0.768588072365,4.83623707258,0.768588072365
0,0.769848123657,4.83379705599,0.769848123657
0,0.765175957309,4.83540804792,0.765175957309
0,0.764540843216,4.8337487178,0.764540843216
0,0.764423457571,4.8343347605,0.764423457571
0,0.765720374697,4.83390363882,0.765720374697
0,0.765618138506,4.8337251917,0.765618138506
0,0.764739356423,4.8383159957,0.764739356423
0,0.764860943084,4.83623602544,0.764860943084
0,0.768289265159,4.83487262105,0.768289265159
0,0.763831433844,4.83498111842,0.763831433844
0,0.765129674807,4.83427719598,0.765129674807
0,0.767089400048,4.83468682054,0.767089400048
0,0.762372461421,4.83607282709,0.762372461421
0,0.762340393545,4.83505148257,0.762340393545
0,0.762839562498,4.83525285223,0.762839562498
0,0.760376170001,4.8362938278,0.760376170001
0,0.759669692118,4.83411295557,0.759669692118
0,0.760202655107,4.83663716014,0.760202655107
0,0.757207475819,4.83702264983,0.757207475819
0,0.75937441675,4.83959285851,0.75937441675
0,0.75892311361,4.84050030772,0.75892311361
0,0.76197995865,4.83893610167,0.76197995865
0,0.756011135139,4.83975940503,0.756011135139
0,0.75819961859,4.83913682031,0.75819961859
0,0.759308511997,4.83845321862,0.759308511997
0,0.755861906468,4.83851277525,0.755861906468
0,0.753921161982,4.8408692578,0.753921161982
0,0.756970376986,4.83889611426,0.756970376986
0,0.756227325483,4.84025120697,0.756227325483
0,0.756564950883,4.83781723572,0.756564950883
0,0.752178024174,4.83466484495,0.752178024174
0,0.757301515033,4.83672109841,0.757301515033
0,0.756203264289,4.83683365066,0.756203264289
0,0.753055906946,4.83658580401,0.753055906946
0,0.753690546206,4.83607332005,0.753690546206
0,0.753596191646,4.83148553957,0.753596191646
0,0.749999290583,4.83316577337,0.749999290583
0,0.747399849286,4.83553105867,0.747399849286
0,0.7516719822,4.83505451279,0.7516719822
0,0.751800682154,4.83438308912,0.751800682154
0,0.74939199565,4.83681793339,0.74939199565
0,0.750302597292,4.8339680398,0.750302597292
0,0.751376310084,4.83508495213,0.751376310084
0,0.747784177589,4.83318645537,0.747784177589
0,0.753483826033,4.83553952306,0.753483826033
0,0.748466500478,4.83509307053,0.748466500478
0,0.748452079665,4.8331123861,0.748452079665
0,0.747163755534,4.83324628409,0.747163755534
0,0.748113211148,4.83504147021,0.748113211148
0,0.747571115335,4.83123191046,0.747571115335
0,0.744496341219,4.8332172577,0.744496341219
0,0.747448318827,4.83340195089,0.747448318827
0,0.743343134505,4.83214430525,0.743343134505
0,0.74875521348,4.83254428225,0.74875521348
0,0.749432794586,4.83217567399,0.749432794586
0,0.74217342236,4.83194846382,0.74217342236
0,0.744946427965,4.83275934243,0.744946427965
0,0.743565381251,4.83134426631,0.743565381251
0,0.744516429256,4.8315622982,0.744516429256
0,0.745023612212,4.83040934612,0.745023612212
0,0.742314195217,4.83251116875,0.742314195217
0,0.746145604722,4.83510286795,0.746145604722
0,0.745389813119,4.83738304009,0.745389813119
0,0.742983554434,4.83562302252,0.742983554434
0,0.744106843836,4.83547211771,0.744106843836
0,0.742539138401,4.83218871282,0.742539138401
0,0.744650193038,4.83365144572,0.744650193038
0,0.74336899484,4.83195788593,0.74336899484
0,0.742505510701,4.83340420474,0.742505510701
0,0.740029614308,4.83362183841,0.740029614308
0,0.740911185278,4.83162362248,0.740911185278
0,0.740749841112,4.82934726411,0.740749841112
0,0.741970221381,4.83159657683,0.741970221381
0,0.739037548566,4.8336913058,0.739037548566
0,0.739683479983,4.8329263562,0.739683479983
0,0.73992634425,4.83373544835,0.73992634425
0,0.738288532036,4.83276950971,0.738288532036
0,0.738435250843,4.83224023145,0.738435250843
0,0.736038240722,4.83276871363,0.736038240722
0,0.739985966699,4.83382087887,0.739985966699
0,0.736354285122,4.83454115401,0.736354285122
0,0.739627828316,4.8360127406,0.739627828316
0,0.737312920664,4.83495135356,0.737312920664
0,0.743275269569,4.83267481018,0.743275269569
0,0.737697979876,4.83515978482,0.737697979876
0,0.73849857351,4.83584663522,0.73849857351
0,0.735959986716,4.83476177541,0.735959986716
0,0.73574793087,4.83253278797,0.73574793087
0,0.735628372668,4.83429151712,0.735628372668
0,0.740032666301,4.83521956113,0.740032666301
0,0.735795238657,4.83652396182,0.735795238657
0,0.737634366231,4.83822226963,0.737634366231
0,0.740527384287,4.83822641527,0.740527384287
0,0.737178713496,4.83759913162,0.737178713496
0,0.736930023722,4.83854693353,0.736930023722
0,0.737053275613,4.84140489022,0.737053275613
0,0.737622425776,4.83925618866,0.737622425776
0,0.734656862123,4.83879047206,0.734656862123
0,0.736724446732,4.83902373042,0.736724446732
0,0.7335159021,4.83701049001,0.7335159021
0,0.733680930207,4.83814931246,0.733680930207
0,0.736377194459,4.83468083561,0.736377194459
0,0.731934479808,4.83661101807,0.731934479808
0,0.732211554004,4.83582063313,0.732211554004
0,0.734231683341,4.83882770625,0.734231683341
0,0.73256664675,4.84029666198,0.73256664675
0,0.733748760057,4.83913929078,0.733748760057
0,0.73038370402,4.83983099046,0.73038370402
0,0.733723306668,4.84113557661,0.733723306668
0,0.73254146998,4.83874560945,0.73254146998
0,0.729564997367,4.83899254099,0.729564997367
0,0.732437479354,4.83830993244,0.732437479354
0,0.72989276622,4.84076441766,0.72989276622
0,0.733466992932,4.84264530424,0.733466992932
0,0.729729301358,4.84235736181,0.729729301358
0,0.73319597,4.8455975577,0.73319597
0,0.727949926612,4.84062912581,0.727949926612
0,0.729397057078,4.84073792299,0.729397057078
0,0.731427069212,4.84071716197,0.731427069212
0,0.729758209178,4.83806980918,0.729758209178
0,0.729479216375,4.83809974967,0.729479216375
0,0.729216683129,4.83786589932,0.729216683129
0,0.727064485804,4.83900062802,0.727064485804
0,0.730955481092,4.83883796147,0.730955481092
0,0.729465322161,4.83828784835,0.729465322161
0,0.729400298324,4.83960330967,0.729400298324
0,0.729222681491,4.83772957042,0.729222681491
0,0.728205618255,4.83806407948,0.728205618255
0,0.728486003225,4.84038370118,0.728486003225
0,0.727070701697,4.83851437174,0.727070701697
0,0.727960914071,4.83606733792,0.727960914071
0,0.728726477174,4.83893644079,0.728726477174
0,0.725969501647,4.83876093092,0.725969501647
0,0.725391984865,4.83894246032,0.725391984865
0,0.725891107537,4.83941955613,0.725891107537
0,0.728076171631,4.83923606687,0.728076171631
0,0.726561934833,4.84005755752,0.726561934833
0,0.727019461376,4.83811891132,0.727019461376
0,0.724540693702,4.838557896,0.724540693702
0,0.727662964196,4.83982561518,0.727662964196
0,0.724074196022,4.84516632571,0.724074196022
0,0.727872576972,4.84156427962,0.727872576972
0,0.722039362081,4.83862954197,0.722039362081
0,0.726508840367,4.83944208545,0.726508840367
0,0.729310588284,4.84033115863,0.729310588284
0,0.725553659253,4.84120471474,0.725553659253
0,0.723011374917,4.84115941052,0.723011374917
0,0.724336295269,4.83999920604,0.724336295269
0,0.721968596389,4.84122058893,0.721968596389
0,0.724274890949,4.84013566206,0.724274890949
0,0.722362984949,4.83746845927,0.722362984949
0,0.724624137762,4.83887730059,0.724624137762
0,0.721531025987,4.84035273193,0.721531025987
0,0.722026596494,4.8402814235,0.722026596494
0,0.724386847388,4.83999379258,0.724386847388
0,0.724498497016,4.84002995886,0.724498497016
0,0.72253288789,4.84150220321,0.72253288789
0,0.723198114002,4.84208516599,0.723198114002
0,0.720101063808,4.84025864508,0.720101063808
0,0.721398301989,4.84423675727,0.721398301989
0,0.721046378098,4.84158358403,0.721046378098
0,0.7216691431,4.84437247263,0.7216691431
0,0.722329377517,4.84461532921,0.722329377517
0,0.720823513984,4.84288663769,0.720823513984
0,0.72137555704,4.84110693849,0.72137555704
0,0.719336454954,4.84292366537,0.719336454954
0,0.720400684473,4.8410629462,0.720400684473
0,0.71983009544,4.83822981977,0.71983009544
0,0.723825037413,4.83841225431,0.723825037413
0,0.720842532029,4.84122120992,0.720842532029
0,0.723820764327,4.8399363023,0.723820764327
0,0.720614927817,4.84077198253,0.720614927817
0,0.720580050196,4.84412261523,0.720580050196
0,0.723051579849,4.84378470225,0.723051579849
0,0.719862573326,4.84556109435,0.719862573326
0,0.720383577275,4.84347397711,0.720383577275
0,0.718050702041,4.84342867327,0.718050702041
0,0.720494260501,4.8436292155,0.720494260501
0,0.720151057845,4.84237424881,0.720151057845
0,0.720175009478,4.84192317073,0.720175009478
0,0.720389526362,4.84166783158,0.720389526362
0,0.719892877355,4.84264007031,0.719892877355
0,0.718701692066,4.84089296819,0.718701692066
0,0.718157440632,4.84142173331,0.718157440632
0,0.717701865667,4.84185830231,0.717701865667
0,0.720223993949,4.84554684044,0.720223993949
0,0.71951717099,4.84400162683,0.71951717099
0,0.721054134417,4.84417871886,0.721054134417
0,0.718789298068,4.84490119527,0.718789298068
0,0.717604390506,4.84081944544,0.717604390506
0,0.719101699953,4.84238326493,0.719101699953
0,0.719457626991,4.84235038994,0.719457626991
0,0.718611259706,4.84294263754,0.718611259706
0,0.717777561095,4.84104270529,0.717777561095
0,0.719661737071,4.84087269361,0.719661737071
0,0.716527276004,4.8427100037,0.716527276004
0,0.716290074562,4.84210079588,0.716290074562
0,0.719186637181,4.8405644077,0.719186637181
0,0.715743631166,4.84267141539,0.715743631166
0,0.715941746072,4.84521344112,0.715941746072
0,0.715249897454,4.84318673215,0.715249897454
0,0.720381418549,4.84250532657,0.720381418549
0,0.716648191109,4.8418000449,0.716648191109
0,0.718125379458,4.84571710867,0.718125379458
0,0.715332741107,4.84442399934,0.715332741107
0,0.715043566387,4.84446630355,0.715043566387
0,0.714667758604,4.84362411202,0.714667758604
0,0.71624556395,4.8474127299,0.71624556395
0,0.714665601618,4.84632390106,0.714665601618
0,0.715234298,4.84844324178,0.715234298
0,0.713485409641,4.84692133331,0.713485409641
0,0.717360196606,4.84840025931,0.717360196606
0,0.717140059316,4.84791522342,0.717140059316
0,0.714162035395,4.85024837103,0.714162035395
0,0.71487143016,4.85227334207,0.71487143016
0,0.715337709247,4.84908498849,0.715337709247
0,0.716058005304,4.8490583679,0.716058005304
0,0.712585835477,4.8499858526,0.712585835477
0,0.716514055346,4.84730988129,0.716514055346
0,0.714264609203,4.84793403698,0.714264609203
0,0.711956180496,4.84803754322,0.711956180496
0,0.71500334711,4.85016621845,0.71500334711
0,0.715699972367,4.84917683878,0.715699972367
0,0.714396910083,4.84931614445,0.714396910083
0,0.714477439111,4.84979645328,0.714477439111
0,0.715044294404,4.84699201033,0.715044294404
0,0.712941688703,4.84891672495,0.712941688703
0,0.716497979802,4.85086338861,0.716497979802
0,0.712609861257,4.84892845026,0.712609861257
0,0.710823438511,4.84840322937,0.710823438511
0,0.71410810722,4.8495407076,0.71410810722
0,0.71275630315,4.84679002886,0.71275630315
0,0.712555920045,4.84654091169,0.712555920045
0,0.713322737583,4.84714138234,0.713322737583
0,0.710841459951,4.84470151701,0.710841459951
0,0.711016305112,4.84411047299,0.711016305112
0,0.714083238289,4.84243267088,0.714083238289
0,0.71466578277,4.84300365566,0.71466578277
0,0.714061372225,4.84555259868,0.714061372225
0,0.714338761427,4.8452270057,0.714338761427
0,0.711321191578,4.84389324852,0.711321191578
0,0.714221593327,4.84178259228,0.714221593327
0,0.710158952757,4.84086623958,0.710158952757
0,0.712240636671,4.84468684517,0.712240636671
0,0.708139420383,4.84678113981,0.708139420383
0,0.712714319719,4.84411310751,0.712714319719
0,0.712059480538,4.84690629964,0.712059480538
0,0.711193660201,4.84517252706,0.711193660201
0,0.710279012461,4.84296118246,0.710279012461
0,0.710098753289,4.84340601047,0.710098753289
0,0.712636248165,4.84362437837,0.712636248165
0,0.712847276233,4.84583134804,0.712847276233
0,0.709669897283,4.84711282296,0.709669897283
0,0.70931223764,4.84360721461,0.70931223764
0,0.710582857066,4.843588915,0.710582857066
0,0.709686336616,4.84434486492,0.709686336616
0,0.711352539294,4.84706380001,0.711352539294
0,0.710496095699,4.84746378974,0.710496095699
0,0.712163110453,4.84660434972,0.712163110453
0,0.707140797085,4.8477320409,0.707140797085
0,0.712634828856,4.84765486461,0.712634828856
0,0.709563967465,4.85094961265,0.709563967465
0,0.710227389897,4.8475193457,0.710227389897
0,0.709339285209,4.84864201524,0.709339285209
0,0.709682928863,4.84910418577,0.709682928863
0,0.71142848239,4.84591052353,0.71142848239
0,0.710712442965,4.84503226994,0.710712442965
0,0.709979828226,4.84466165131,0.709979828226
0,0.712415962502,4.84472676274,0.712415962502
0,0.70777005397,4.84546209222,0.70777005397
0,0.707856309044,4.84934246542,0.707856309044
0,0.710141847881,4.84795248898,0.710141847881
0,0.706247276616,4.84730415819,0.706247276616
0,0.710319691123,4.84839716489,0.710319691123
0,0.709834088286,4.84929963835,0.709834088286
0,0.707581284053,4.85133624899,0.707581284053
0,0.708012512173,4.85226123169,0.708012512173
0,0.709767650942,4.8522042856,0.709767650942
0,0.710490981136,4.85431243329,0.710490981136
0,0.711163760191,4.8509889365,0.711163760191
0,0.70509807021,4.85254826047,0.70509807021
0,0.708163376324,4.84810307821,0.708163376324
0,0.710009115663,4.849356129,0.710009115663
0,0.707669044856,4.84646420025,0.707669044856
0,0.708005111664,4.85034804984,0.708005111664
0,0.707100482924,4.84883563553,0.707100482924
0,0.709166708229,4.8489804353,0.709166708229
0,0.706849274838,4.85143848199,0.706849274838
0,0.708433905191,4.8480212969,0.708433905191
0,0.708078002412,4.8511522578,0.708078002412
0,0.708089962959,4.84871890253,0.708089962959
0,0.709523761166,4.84732120098,0.709523761166
0,0.707481052759,4.84750533131,0.707481052759
0,0.708576755885,4.84787797642,0.708576755885
0,0.7059343964,4.84740360719,0.7059343964
0,0.709392358383,4.84938260616,0.709392358383
0,0.70712482779,4.84725649698,0.70712482779
0,0.707574828479,4.84440326379,0.707574828479
0,0.707715005306,4.84409394245,0.707715005306
0,0.705085830171,4.84020682057,0.705085830171
0,0.706376061584,4.84337338286,0.706376061584
0,0.707467077577,4.84281263063,0.707467077577
0,0.706352360904,4.84312734823,0.706352360904
0,0.706720908781,4.84393751575,0.706720908781
0,0.707501560928,4.8428940872,0.707501560928
0,0.709829041053,4.8428884406,0.709829041053
0,0.706612731561,4.84158521995,0.706612731561
0,0.705921072654,4.84218311664,0.705921072654
0,0.708136627524,4.84419531068,0.708136627524
0,0.706005406216,4.84554232668,0.706005406216
0,0.710224101222,4.84596849989,0.710224101222
0,0.706065636058,4.84399160027,0.706065636058
0,0.708671062933,4.84567387628,0.708671062933
0,0.709098472359,4.84638289968,0.709098472359
0,0.709057323035,4.84135999608,0.709057323035
0,0.70460312058,4.84190042498,0.70460312058
0,0.706288703866,4.84122174111,0.706288703866
0,0.706115546254,4.84108606553,0.706115546254
0,0.704917777257,4.84138001606,0.704917777257
0,0.706694114409,4.84199302481,0.706694114409
0,0.705919046111,4.84059252746,0.705919046111
0,0.705726089158,4.84336687112,0.705726089158
0,0.707743412623,4.84295864931,0.707743412623
0,0.70383240986,4.84572116908,0.70383240986
0,0.707372685883,4.84955196806,0.707372685883
0,0.706120561499,4.84772280083,0.706120561499
0,0.707240222518,4.84854981689,0.707240222518
0,0.706017411798,4.84361688095,0.706017411798
0,0.705158697222,4.84108340492,0.705158697222
0,0.704678260095,4.84047477451,0.704678260095
0,0.705787685315,4.8411918884,0.705787685315
0,0.705101363408,4.84037677393,0.705101363408
0,0.706284250958,4.8421318341,0.706284250958
0,0.704468118277,4.84116568586,0.704468118277
0,0.707038464698,4.84041145296,0.707038464698
0,0.708501299023,4.84087344683,0.708501299023
0,0.706601282142,4.84172860014,0.706601282142
0,0.70456479566,4.84123707034,0.70456479566
0,0.70744975663,4.84157794136,0.70744975663
0,0.70418311221,4.83980539585,0.70418311221
0,0.704524134454,4.83893747254,0.704524134454
0,0.702965387377,4.84008543972,0.702965387377
0,0.704025077409,4.84171001695,0.704025077409
0,0.704367764809,4.84175982659,0.704367764809
0,0.706143664078,4.84160244898,0.706143664078
0,0.704506250621,4.84043721078,0.704506250621
0,0.705105480745,4.84363553178,0.705105480745
0,0.704483537655,4.84291048025,0.704483537655
0,0.705505957694,4.84323584266,0.705505957694
0,0.7044242369,4.84402082528,0.7044242369
0,0.70484192303,4.84162769311,0.70484192303
0,0.704712940468,4.84147941956,0.704712940468
0,0.703054190467,4.84042759046,0.703054190467
0,0.703590989686,4.84190587187,0.703590989686
0,0.705216022064,4.84055685239,0.705216022064
0,0.70268157439,4.84237811922,0.70268157439
0,0.705837118152,4.84280590847,0.705837118152
0,0.703386447986,4.8424859618,0.703386447986
0,0.704910637752,4.84406318703,0.704910637752
0,0.702800973917,4.84576028659,0.702800973917
0,0.702632037577,4.84427195615,0.702632037577
0,0.703160951282,4.84517975567,0.703160951282
0,0.703885853359,4.84394146115,0.703885853359
0,0.705511746918,4.84444777867,0.705511746918
0,0.702235937748,4.84066308259,0.702235937748
0,0.701277665066,4.84215565456,0.701277665066
0,0.70342082147,4.84095759072,0.70342082147
0,0.704596850046,4.84084724762,0.704596850046
0,0.704131638326,4.84380578561,0.704131638326
0,0.70230978376,4.84129933925,0.70230978376
0,0.701051053682,4.84162093043,0.701051053682
0,0.700055573237,4.84393188569,0.700055573237
0,0.70450436199,4.84225533652,0.70450436199
0,0.701786283615,4.84181429578,0.701786283615
0,0.700881295974,4.84245801107,0.700881295974
0,0.700384318425,4.84010446034,0.700384318425
0,0.702751853138,4.84064247932,0.702751853138
0,0.702536243692,4.84025698712,0.702536243692
0,0.704033626069,4.84392570762,0.704033626069
0,0.703906008828,4.8423408973,0.703906008828
0,0.70164180723,4.84428660572,0.70164180723
0,0.703621823254,4.84542180598,0.703621823254
0,0.70065576773,4.84703567728,0.70065576773
0,0.702958872175,4.84310370945,0.702958872175
0,0.702810831104,4.84452515503,0.702810831104
0,0.702487497553,4.84412444402,0.702487497553
0,0.700491719249,4.84118074096,0.700491719249
0,0.705315696017,4.84240487633,0.705315696017
0,0.701975290563,4.8421749657,0.701975290563
0,0.700356062945,4.84378222669,0.700356062945
0,0.702338165592,4.84161849264,0.702338165592
0,0.699272348976,4.84121993628,0.699272348976
0,0.702254626376,4.84329291474,0.702254626376
0,0.703256975529,4.84047097069,0.703256975529
0,0.706613939865,4.84183913369,0.706613939865
0,0.700644995786,4.84054598276,0.700644995786
0,0.701288175371,4.8399964249,0.701288175371
0,0.699629324539,4.83956402501,0.699629324539
0,0.702580009388,4.83747283232,0.702580009388
0,0.700205644283,4.84043753214,0.700205644283
0,0.706169267034,4.84186349394,0.706169267034
0,0.703029538515,4.83962863592,0.703029538515
0,0.706933014907,4.84102532187,0.706933014907
0,0.699655530094,4.84082836538,0.699655530094
0,0.703255134458,4.83922996372,0.703255134458
0,0.704280099271,4.83990911948,0.704280099271
0,0.706721635239,4.84059510235,0.706721635239
0,0.703684710784,4.84030879817,0.703684710784
0,0.704905839124,4.83985138146,0.704905839124
0,0.702754247022,4.83796392221,0.702754247022
0,0.70275152107,4.83638093675,0.70275152107
0,0.701706072222,4.83682786417,0.701706072222
0,0.702835754129,4.83792505905,0.702835754129
0,0.702144682405,4.83802825277,0.702144682405
0,0.702413782463,4.83555462528,0.702413782463
0,0.701974566918,4.83997218102,0.701974566918
0,0.701567441827,4.84281249005,0.701567441827
0,0.704096977119,4.83995807658,0.704096977119
0,0.700502429267,4.83948156564,0.700502429267
0,0.703999373416,4.83712031731,0.703999373416
0,0.704758716558,4.83940185646,0.704758716558
0,0.701331350936,4.83814915485,0.701331350936
0,0.702572175311,4.83875507042,0.702572175311
0,0.698105100757,4.84019553465,0.698105100757
0,0.703246381857,4.83741428509,0.703246381857
0,0.701401348033,4.83858627417,0.701401348033
0,0.703530642434,4.83903782241,0.703530642434
0,0.701091131609,4.83874285675,0.701091131609
0,0.699818401622,4.8427654739,0.699818401622
0,0.70031527893,4.84039522527,0.70031527893
0,0.702217865446,4.83942762591,0.702217865446
0,0.701539629983,4.8408286593,0.701539629983
0,0.700792176076,4.84022180867,0.700792176076
0,0.703568405537,4.83714672567,0.703568405537
0,0.702635951374,4.83761821045,0.702635951374
0,0.700263134482,4.83779557875,0.700263134482
0,0.704784331131,4.83883604333,0.704784331131
0,0.702964955035,4.83774328448,0.702964955035
0,0.698876611095,4.83505068708,0.698876611095
0,0.703045530951,4.83700426622,0.703045530951
0,0.700738327342,4.83526105228,0.700738327342
0,0.701233926523,4.83805722129,0.701233926523
0,0.702831740518,4.83767369579,0.702831740518
0,0.701449194828,4.8391478838,0.701449194828
0,0.701974078768,4.83777988228,0.701974078768
0,0.701815920726,4.83916017602,0.701815920726
0,0.700231861762,4.83959983294,0.700231861762
0,0.700885071437,4.83954460309,0.700885071437
0,0.701207884003,4.83714406748,0.701207884003
0,0.702353973903,4.84221591302,0.702353973903
0,0.700309426568,4.84154258441,0.700309426568
0,0.699921984486,4.83998581899,0.699921984486
0,0.699644564616,4.8382118573,0.699644564616
0,0.700819787605,4.84070730719,0.700819787605
0,0.702903581843,4.84426460203,0.702903581843
0,0.703724287045,4.84160869904,0.703724287045
0,0.703049359976,4.83853136928,0.703049359976
0,0.699314333318,4.83901988342,0.699314333318
0,0.70034639228,4.841368579,0.70034639228
0,0.700050134743,4.84289204534,0.700050134743
0,0.699715559349,4.84053746506,0.699715559349
0,0.696838502434,4.84253557246,0.696838502434
0,0.702691526693,4.84275474745,0.702691526693
0,0.701873202284,4.84416642126,0.701873202284
0,0.701733152814,4.84230371281,0.701733152814
0,0.700214694306,4.84550915459,0.700214694306
0,0.699483432368,4.8433175906,0.699483432368
0,0.69947058911,4.84184905913,0.69947058911
0,0.702574189339,4.84167683391,0.702574189339
0,0.700563628734,4.84016128476,0.700563628734
0,0.69855362531,4.83917404778,0.69855362531
0,0.698016991981,4.83688351093,0.698016991981
0,0.699026233582,4.84032749514,0.699026233582
0,0.701316677593,4.84418089953,0.701316677593
0,0.701283044237,4.8415631123,0.701283044237
0,0.698792779216,4.84258517213,0.698792779216
0,0.699005523955,4.84172684978,0.699005523955
0,0.698464857813,4.83865398982,0.698464857813
0,0.700748996894,4.8432597845,0.700748996894
0,0.699491123616,4.84295745158,0.699491123616
0,0.699486262096,4.84315124276,0.699486262096
0,0.697442487938,4.8409376213,0.697442487938
0,0.699318978974,4.84036388037,0.699318978974
0,0.699660384947,4.84148969051,0.699660384947
0,0.697911350965,4.83859275229,0.697911350965
0,0.698369404216,4.83714982909,0.698369404216
0,0.696683207395,4.83968698737,0.696683207395
0,0.697348146617,4.83964297883,0.697348146617
0,0.69973740557,4.84199703162,0.69973740557
0,0.697821882714,4.83852744095,0.697821882714
0,0.700217574378,4.83698500881,0.700217574378
0,0.699406359462,4.83795933341,0.699406359462
0,0.697776218813,4.83683633752,0.697776218813
0,0.697943189686,4.83713940442,0.697943189686
0,0.696876834984,4.83527845005,0.696876834984
0,0.695662253271,4.83393380005,0.695662253271
0,0.700480107871,4.83486790955,0.700480107871
0,0.697608590897,4.8363390758,0.697608590897
0,0.700433883212,4.83754295874,0.700433883212
0,0.698779787357,4.84306812172,0.698779787357
0,0.698555459951,4.84336313651,0.698555459951
0,0.696697137757,4.83805566122,0.696697137757
0,0.698362547291,4.83739089159,0.698362547291
0,0.695401027466,4.83498795584,0.695401027466
0,0.700380932018,4.83836818289,0.700380932018
0,0.701678220082,4.83618984001,0.701678220082
0,0.696589233654,4.83567268089,0.696589233654
0,0.698668660809,4.83481547556,0.698668660809
0,0.695314116839,4.83345039288,0.695314116839
0,0.699892680094,4.83589343875,0.699892680094
0,0.698333482301,4.83674994798,0.698333482301
0,0.69632292921,4.83515856621,0.69632292921
0,0.697062995847,4.83634643963,0.697062995847
0,0.698057779607,4.83460622608,0.698057779607
0,0.697873363114,4.83359011005,0.697873363114
0,0.693289275037,4.8312344041,0.693289275037
0,0.696785925789,4.83248940112,0.696785925789
0,0.696902476575,4.82952455736,0.696902476575
0,0.696772226148,4.83097993465,0.696772226148
0,0.695636453884,4.83286242707,0.695636453884
0,0.698195802211,4.82973791434,0.698195802211
0,0.696917127294,4.8317542263,0.696917127294
0,0.695447809896,4.83085807674,0.695447809896
0,0.695493357745,4.83191495313,0.695493357745
0,0.696605096445,4.83024505619,0.696605096445
0,0.697628070512,4.83207247411,0.697628070512
0,0.699971361021,4.82979702879,0.699971361021
0,0.694896107239,4.82960277824,0.694896107239
0,0.695647184672,4.82867215713,0.695647184672
0,0.694956804883,4.83049343816,0.694956804883
0,0.69878123392,4.83045578219,0.69878123392
0,0.695469376883,4.82889179631,0.695469376883
0,0.696192439636,4.82855300265,0.696192439636
0,0.696594561997,4.82654274519,0.696594561997
0,0.696758595214,4.83084122293,0.696758595214
0,0.695545547692,4.82867844369,0.695545547692
0,0.694967188543,4.82901437412,0.694967188543
0,0.694873224865,4.83184971923,0.694873224865
0,0.695491342959,4.83174645096,0.695491342959
0,0.69518506243,4.83057597452,0.69518506243
0,0.695548085586,4.82851828067,0.695548085586
0,0.695014398104,4.8289566135,0.695014398104
0,0.694488107537,4.82684271347,0.694488107537
0,0.695633514132,4.82506234613,0.695633514132
0,0.695149699334,4.82668688924,0.695149699334
0,0.693700120192,4.82652123473,0.693700120192
0,0.693399019552,4.82733699452,0.693399019552
0,0.696249134268,4.83058583993,0.696249134268
0,0.694903989511,4.82944244883,0.694903989511
0,0.697184432149,4.82895056014,0.697184432149
0,0.693184243305,4.82693326477,0.693184243305
0,0.694625613749,4.82906446984,0.694625613749
0,0.694501463327,4.82779300566,0.694501463327
0,0.696666906814,4.82821986667,0.696666906814
0,0.692897166901,4.82639230976,0.692897166901
0,0.695798328383,4.82603793566,0.695798328383
0,0.693995196226,4.82718817597,0.693995196226
0,0.694558604924,4.82955001093,0.694558604924
0,0.695172583749,4.8297145064,0.695172583749
0,0.69294031378,4.83128429949,0.69294031378
0,0.694239549756,4.82943123173,0.694239549756
0,0.698213091353,4.82860279616,0.698213091353
0,0.693637196251,4.83246949374,0.693637196251
0,0.693821808802,4.82953327531,0.693821808802
0,0.693032481764,4.83151582358,0.693032481764
0,0.693704293998,4.83117904549,0.693704293998
0,0.696400723188,4.83106753368,0.696400723188
0,0.692856170342,4.82782512305,0.692856170342
0,0.693669743837,4.82976218586,0.693669743837
0,0.694076291912,4.82969794526,0.694076291912
0,0.69666904627,4.83038855158,0.69666904627
0,0.693532552666,4.83031076984,0.693532552666
0,0.691467552641,4.83225712678,0.691467552641
0,0.694351602049,4.83131633365,0.694351602049
0,0.696547203119,4.83135934368,0.696547203119
0,0.690704593724,4.82991056228,0.690704593724
0,0.69298654391,4.8304432631,0.69298654391
0,0.693646096147,4.82782670981,0.693646096147
0,0.694132910625,4.82914426033,0.694132910625
0,0.692837317704,4.82912623319,0.692837317704
0,0.694011547286,4.82751482411,0.694011547286
0,0.695895208099,4.8300338148,0.695895208099
0,0.693857588164,4.82923902335,0.693857588164
0,0.692435011289,4.82682499524,0.692435011289
0,0.697137033316,4.82633335606,0.697137033316
0,0.691398559313,4.82797620496,0.691398559313
0,0.692590324391,4.82630666058,0.692590324391
0,0.695293784308,4.82681796138,0.695293784308
0,0.691616956621,4.82760225227,0.691616956621
0,0.688937426023,4.82686450381,0.688937426023
0,0.694776964288,4.82867834799,0.694776964288
0,0.69087742818,4.83074806166,0.69087742818
0,0.693197486936,4.82934375106,0.693197486936
0,0.697421090547,4.82961314363,0.697421090547
0,0.692889461257,4.83093687213,0.692889461257
0,0.6942386758,4.82871492398,0.6942386758
0,0.69463446222,4.82992743706,0.69463446222
0,0.693291877185,4.82980918008,0.693291877185
0,0.695875480112,4.82589193655,0.695875480112
0,0.692799394796,4.82660260219,0.692799394796
0,0.693595403836,4.82723486522,0.693595403836
0,0.694006165605,4.82973125196,0.694006165605
0,0.69327364378,4.82782637535,0.69327364378
0,0.695696442559,4.82733020131,0.695696442559
0,0.694419861972,4.82636030972,0.694419861972
0,0.692518936476,4.82912386656,0.692518936476
0,0.694284809659,4.82843155767,0.694284809659
0,0.691913938763,4.82943889279,0.691913938763
0,0.693878261168,4.82702768406,0.693878261168
0,0.691739965174,4.82592062984,0.691739965174
0,0.695336253379,4.82804645568,0.695336253379
0,0.692150970929,4.82879478105,0.692150970929
0,0.696188327974,4.82896503374,0.696188327974
0,0.694096116588,4.82722151093,0.694096116588
0,0.692748555031,4.82636474264,0.692748555031
0,0.693740964174,4.82592205842,0.693740964174
0,0.692503632071,4.82506545358,0.692503632071
0,0.689718732848,4.82461545073,0.689718732848
0,0.696164818162,4.82522833944,0.696164818162
0,0.691604728892,4.82465057865,0.691604728892
0,0.694158404289,4.82872765022,0.694158404289
0,0.69282235099,4.82603502737,0.69282235099
0,0.694064695877,4.82564806047,0.694064695877
0,0.692354633869,4.82424298801,0.692354633869
0,0.691702513567,4.82291251929,0.691702513567
0,0.693206361699,4.82302468916,0.693206361699
0,0.691801616417,4.82567478494,0.691801616417
0,0.693512101541,4.8263498633,0.693512101541
0,0.693974033887,4.82498535615,0.693974033887
0,0.690152432668,4.82351704217,0.690152432668
0,0.692845964927,4.8239936584,0.692845964927
0,0.692096513742,4.8238220354,0.692096513742
0,0.691681118701,4.82599913669,0.691681118701
0,0.695100221611,4.82836637628,0.695100221611
0,0.694240962987,4.82592682427,0.694240962987
0,0.691321402715,4.82542527947,0.691321402715
0,0.692363049665,4.82608827485,0.692363049665
0,0.693123784546,4.82351636701,0.693123784546
0,0.692015207233,4.82212093196,0.692015207233
0,0.694329344502,4.82246236643,0.694329344502
0,0.69108524233,4.8209894958,0.69108524233
0,0.691141307714,4.82298683221,0.691141307714
0,0.690657884651,4.82108441138,0.690657884651
0,0.691439666909,4.82157548203,0.691439666909
0,0.696413422319,4.82225757925,0.696413422319
0,0.692794555499,4.82352203621,0.692794555499
0,0.690923548705,4.82143024973,0.690923548705
0,0.692154841585,4.81885145623,0.692154841585
0,0.691682271126,4.82172689744,0.691682271126
0,0.693642623186,4.82189641838,0.693642623186
0,0.693691629079,4.82049866307,0.693691629079
0,0.690976765355,4.82027627319,0.690976765355
0,0.692736533583,4.82036580836,0.692736533583
0,0.692733446514,4.8208913298,0.692733446514
0,0.692929133373,4.8194240699,0.692929133373
0,0.692776215443,4.8197159032,0.692776215443
0,0.69176556052,4.82100254655,0.69176556052
0,0.691403773391,4.81947969629,0.691403773391
0,0.693160539619,4.82044547837,0.693160539619
0,0.695501553167,4.81998785457,0.695501553167
0,0.691580210189,4.82284425151,0.691580210189
0,0.692552038977,4.82297919832,0.692552038977
0,0.693498258498,4.82103897149,0.693498258498
0,0.695163122035,4.81895449838,0.695163122035
0,0.692592570103,4.81891927526,0.692592570103
0,0.695079086333,4.81913367601,0.695079086333
0,0.691045952827,4.81828259115,0.691045952827
0,0.693492773063,4.82123971372,0.693492773063
0,0.691174351569,4.82091061205,0.691174351569
0,0.690428849182,4.82057722339,0.690428849182
0,0.691594078555,4.82193550856,0.691594078555
0,0.691682416577,4.82119402173,0.691682416577
0,0.690987942599,4.81986950441,0.690987942599
0,0.692841955731,4.81828591601,0.692841955731
0,0.692817041739,4.81925210589,0.692817041739
0,0.688093370746,4.81841276375,0.688093370746
0,0.691786324625,4.82029700799,0.691786324625
0,0.687367996211,4.82021374302,0.687367996211
0,0.693113158819,4.81998925707,0.693113158819
0,0.690797981377,4.82189639078,0.690797981377
0,0.692711946815,4.82093440093,0.692711946815
0,0.69101291347,4.82278510499,0.69101291347
0,0.69287692588,4.81983772188,0.69287692588
0,0.692688579032,4.82007870748,0.692688579032
0,0.689678037908,4.82040736408,0.689678037908
0,0.689219698592,4.820805554,0.689219698592
0,0.692266491455,4.82222912014,0.692266491455
0,0.689987609094,4.82159124011,0.689987609094
0,0.69045291267,4.82118168621,0.69045291267
0,0.691058016714,4.82247348449,0.691058016714
0,0.690775398135,4.82499448865,0.690775398135
0,0.693422889067,4.82033406272,0.693422889067
0,0.689261237726,4.81868521512,0.689261237726
0,0.691118663269,4.82189434662,0.691118663269
0,0.688206135467,4.81952150998,0.688206135467
0,0.69193933645,4.81781205111,0.69193933645
0,0.689339898363,4.81702172491,0.689339898363
0,0.690257968591,4.81907721959,0.690257968591
0,0.68961963489,4.82091094047,0.68961963489
0,0.691782447263,4.81888908601,0.691782447263
0,0.688924676009,4.8199800064,0.688924676009
0,0.689911681651,4.81941215528,0.689911681651
0,0.690381566906,4.81758703493,0.690381566906
0,0.688801934484,4.8176338438,0.688801934484
0,0.689963749479,4.81691336292,0.689963749479
0,0.69158416927,4.81721492843,0.69158416927
0,0.689650338221,4.81548177232,0.689650338221
0,0.688217351741,4.81589938428,0.688217351741
0,0.689472173828,4.81300601784,0.689472173828
0,0.690423114127,4.81610570021,0.690423114127
0,0.689848146932,4.81905354163,0.689848146932
0,0.687590292261,4.82048462938,0.687590292261
0,0.691930707035,4.81886644493,0.691930707035
0,0.688821459654,4.82069024382,0.688821459654
0,0.692843716565,4.81807385112,0.692843716565
0,0.688512735154,4.81858740203,0.688512735154
0,0.691945209143,4.81845128702,0.691945209143
0,0.687418145811,4.81663242023,0.687418145811
0,0.688866406646,4.81598082699,0.688866406646
0,0.690189845713,4.81721270356,0.690189845713
0,0.690960534115,4.81612016034,0.690960534115
0,0.688722857525,4.81984280729,0.688722857525
0,0.688158929671,4.8208630278,0.688158929671
0,0.69161959585,4.81912821383,0.69161959585
0,0.6894617644,4.8172293506,0.6894617644
0,0.688102925678,4.81644885101,0.688102925678
0,0.687634234324,4.81490138227,0.687634234324
0,0.689675338279,4.81759134829,0.689675338279
0,0.691191310977,4.81623536933,0.691191310977
0,0.688403007445,4.81640364391,0.688403007445
0,0.689838171276,4.81910516954,0.689838171276
0,0.691323838183,4.81862858205,0.691323838183
0,0.690081531496,4.82041249668,0.690081531496
0,0.688676509834,4.81797309509,0.688676509834
0,0.689789551353,4.81768489383,0.689789551353
0,0.688903658496,4.81741012708,0.688903658496
0,0.689025640339,4.81868454163,0.689025640339
0,0.688982363375,4.8193859083,0.688982363375
0,0.686210433422,4.81610647834,0.686210433422
0,0.690600860344,4.81955189127,0.690600860344
0,0.690279052845,4.81654231857,0.690279052845
0,0.688126677378,4.81877515289,0.688126677378
0,0.688484968889,4.81785453235,0.688484968889
0,0.688773575698,4.81848066444,0.688773575698
0,0.686825596274,4.8171072046,0.686825596274
0,0.687595439116,4.81617738476,0.687595439116
0,0.688237033991,4.81647686903,0.688237033991
0,0.686292240215,4.8184494418,0.686292240215
0,0.691490133959,4.81883512648,0.691490133959
0,0.687084893034,4.81931787011,0.687084893034
0,0.689744999762,4.81843848743,0.689744999762
0,0.686737646642,4.81889233003,0.686737646642
0,0.686722490775,4.81935169064,0.686722490775
0,0.688959724582,4.81896668745,0.688959724582
0,0.690776197081,4.81724931472,0.690776197081
0,0.686585061232,4.81761871061,0.686585061232
0,0.686491978154,4.81881559813,0.686491978154
0,0.68751950126,4.81635155043,0.68751950126
0,0.691487372581,4.81866997415,0.691487372581
0,0.689130910581,4.81856045879,0.689130910581
0,0.689047826934,4.82003963835,0.689047826934
0,0.688327176879,4.82000975071,0.688327176879
0,0.68367670442,4.82086011123,0.68367670442
0,0.688426166109,4.81779210658,0.688426166109
0,0.688796322647,4.81767945559,0.688796322647
0,0.686996833143,4.81832211527,0.686996833143
0,0.68886156446,4.81787083668,0.68886156446
0,0.686999316322,4.8209446796,0.686999316322
0,0.688765623326,4.82086724645,0.688765623326
0,0.689136542905,4.82388354491,0.689136542905
0,0.687940626488,4.82196845475,0.687940626488
0,0.687471581147,4.8193224772,0.687471581147
0,0.685145338471,4.81953415907,0.685145338471
0,0.687793290476,4.82531271335,0.687793290476
0,0.689743741561,4.82147386991,0.689743741561
0,0.689779256344,4.81962923504,0.689779256344
0,0.68458061297,4.82193311118,0.68458061297
0,0.686019092478,4.82217513252,0.686019092478
0,0.690290700933,4.81818116334,0.690290700933
0,0.686135007538,4.81960609485,0.686135007538
0,0.6874839577,4.82187148043,0.6874839577
0,0.686660709409,4.82181615112,0.686660709409
0,0.685170573163,4.82128302432,0.685170573163
0,0.687426389931,4.82382560822,0.687426389931
0,0.688227483695,4.82264759178,0.688227483695
0,0.685129543363,4.82297526441,0.685129543363
0,0.687723365535,4.81957096557,0.687723365535
0,0.685865464402,4.82434600284,0.685865464402
0,0.689505549941,4.8203318134,0.689505549941
0,0.685948995805,4.82146947811,0.685948995805
0,0.685417429694,4.82034940654,0.685417429694
0,0.687530381315,4.81703433218,0.687530381315
0,0.689926858872,4.81995088679,0.689926858872
0,0.68457590045,4.8204913425,0.68457590045
0,0.685006327788,4.82415197286,0.685006327788
0,0.687164027602,4.8250076251,0.687164027602
0,0.687256615176,4.81967301215,0.687256615176
0,0.687871282124,4.82251525268,0.687871282124
0,0.68571113938,4.82475249105,0.68571113938
0,0.688801232556,4.82428081539,0.688801232556
0,0.684525306708,4.82267125137,0.684525306708
0,0.68550747336,4.82637067001,0.68550747336
0,0.686652405553,4.82436793541,0.686652405553
0,0.688526761664,4.82265505554,0.688526761664
0,0.690437016083,4.82545132746,0.690437016083
0,0.687121629827,4.82337155479,0.687121629827
0,0.6895473281,4.82526870754,0.6895473281
0,0.687932596434,4.82250017696,0.687932596434
0,0.686566955949,4.82424787637,0.686566955949
0,0.688456082096,4.82460909087,0.688456082096
0,0.686905520451,4.8220563462,0.686905520451
0,0.689027511022,4.82369032025,0.689027511022
0,0.686195166582,4.82290610972,0.686195166582
0,0.686674081176,4.82512105999,0.686674081176
0,0.685410630101,4.82450668921,0.685410630101
0,0.687212226965,4.82397391929,0.687212226965
0,0.688440063852,4.82246754975,0.688440063852
0,0.686566139837,4.8227363495,0.686566139837
0,0.684659173188,4.82554565886,0.684659173188
0,0.684867118482,4.8252374216,0.684867118482
0,0.686371791613,4.82395774421,0.686371791613
0,0.687346761397,4.8251638911,0.687346761397
0,0.686665393998,4.82490111626,0.686665393998
0,0.68417668028,4.82479339022,0.68417668028
0,0.690968830887,4.82450049052,0.690968830887
0,0.688266883546,4.82609633946,0.688266883546
0,0.688562976945,4.82140217684,0.688562976945
0,0.687623720505,4.82456586193,0.687623720505
0,0.685983328041,4.82453811203,0.685983328041
0,0.688579028585,4.82385863672,0.688579028585
0,0.687555664487,4.82437194611,0.687555664487
0,0.688281752975,4.82277450753,0.688281752975
0,0.690258941812,4.82164583191,0.690258941812
0,0.690540488021,4.82245362096,0.690540488021
0,0.685462711886,4.81989368421,0.685462711886
0,0.687793046993,4.82201785814,0.687793046993
0,0.684714599828,4.82283494775,0.684714599828
0,0.688055360702,4.8208555525,0.688055360702
0,0.688377011353,4.8233971009,0.688377011353
0,0.686561782932,4.82168307078,0.686561782932
0,0.688056355418,4.82246985101,0.688056355418
0,0.685894663839,4.82242990572,0.685894663839
0,0.685788714518,4.82254584382,0.685788714518
0,0.686601944563,4.82418332272,0.686601944563
0,0.686286591335,4.82162369259,0.686286591335
0,0.687796765417,4.82423406572,0.687796765417
0,0.686668694197,4.82414718662,0.686668694197
0,0.685226627243,4.82329120799,0.685226627243
0,0.683762588941,4.82306110187,0.683762588941
0,0.684502224087,4.82462941068,0.684502224087
0,0.686880805119,4.82276984481,0.686880805119
0,0.686292766829,4.82409726912,0.686292766829
0,0.687409424786,4.82558323958,0.687409424786
0,0.688188842197,4.82740803856,0.688188842197
0,0.686349631212,4.82597955851,0.686349631212
0,0.684173669954,4.82479528067,0.684173669954
0,0.686283152134,4.82549083971,0.686283152134
0,0.687119749492,4.82545216092,0.687119749492
0,0.683008348836,4.82305154019,0.683008348836
0,0.688778992383,4.82089009086,0.688778992383
0,0.685886217054,4.82189070172,0.685886217054
0,0.689737773456,4.82291407782,0.689737773456
0,0.687688368579,4.82428454421,0.687688368579
0,0.687932158901,4.82155792931,0.687932158901
0,0.686801541969,4.82048528503,0.686801541969
0,0.686639448021,4.820398209,0.686639448021
0,0.686022423582,4.82187340157,0.686022423582
0,0.684449610859,4.82239313826,0.684449610859
0,0.687405491581,4.82335240616,0.687405491581
0,0.687415273487,4.82486692165,0.687415273487
0,0.68905012225,4.82424191592,0.68905012225
0,0.68688894938,4.82277002829,0.68688894938
0,0.687337766117,4.82237344915,0.687337766117
0,0.686986882152,4.8230816729,0.686986882152
0,0.684541593447,4.82721644623,0.684541593447
0,0.68438654067,4.82660091557,0.68438654067
0,0.687162741397,4.82450406332,0.687162741397
0,0.686684914067,4.82336624647,0.686684914067
0,0.687822521237,4.8267392832,0.687822521237
0,0.686953574122,4.82213083096,0.686953574122
0,0.686495471975,4.82321312986,0.686495471975
0,0.686806267952,4.82271155004,0.686806267952
0,0.687280729912,4.82186588751,0.687280729912
0,0.686775502667,4.82223048457,0.686775502667
0,0.683993750187,4.821520644,0.683993750187
0,0.686445676697,4.82155568845,0.686445676697
0,0.686468215334,4.81924157623,0.686468215334
0,0.686231045546,4.81956530493,0.686231045546
0,0.684094420333,4.82115523605,0.684094420333
0,0.685322811924,4.81932917904,0.685322811924
0,0.685740236317,4.82016887033,0.685740236317
0,0.685928456654,4.82184604278,0.685928456654
0,0.685711052762,4.82269455752,0.685711052762
0,0.684692724355,4.82298240626,0.684692724355
0,0.685644256727,4.82052380749,0.685644256727
0,0.68743539136,4.82047703236,0.68743539136
0,0.684513456967,4.82233508406,0.684513456967
0,0.687707696808,4.81880855732,0.687707696808
0,0.68660470498,4.81956964203,0.68660470498
0,0.683894146195,4.81677850849,0.683894146195
0,0.686518508523,4.81799700163,0.686518508523
0,0.685686716468,4.82073131664,0.685686716468
0,0.685736668593,4.81892621227,0.685736668593
0,0.684955022349,4.82048901978,0.684955022349
0,0.684014801265,4.81898349386,0.684014801265
0,0.687881862702,4.81922800576,0.687881862702
0,0.68485900525,4.81822952851,0.68485900525
0,0.687465440666,4.81836832692,0.687465440666
0,0.685053263049,4.81818695694,0.685053263049
0,0.683998452574,4.81718900495,0.683998452574
0,0.683817237847,4.81797515658,0.683817237847
0,0.685217554203,4.81808338182,0.685217554203
0,0.687895667407,4.8153497509,0.687895667407
0,0.684713720144,4.81941981566,0.684713720144
0,0.684788158098,4.81884779669,0.684788158098
0,0.6859208469,4.81807773568,0.6859208469
0,0.684285329081,4.817691047,0.684285329081
0,0.684399642016,4.81940913444,0.684399642016
0,0.683257375366,4.81871659764,0.683257375366
0,0.684058165583,4.81763219806,0.684058165583
0,0.684681615321,4.81791298202,0.684681615321
0,0.687388217185,4.81859245145,0.687388217185
0,0.684044868133,4.81884668927,0.684044868133
0,0.684944612695,4.82022055878,0.684944612695
0,0.686328786218,4.81860829388,0.686328786218
0,0.682680379295,4.8188035992,0.682680379295
0,0.685930178599,4.81963241628,0.685930178599
0,0.685107602141,4.81758186372,0.685107602141
0,0.683400746785,4.81815929492,0.683400746785
0,0.685055379939,4.81619116234,0.685055379939
0,0.682711644249,4.81184726124,0.682711644249
0,0.685383669013,4.81312085293,0.685383669013
0,0.685803043647,4.81608767537,0.685803043647
0,0.686901884309,4.81838983673,0.686901884309
0,0.684989177349,4.81519885886,0.684989177349
0,0.684241404287,4.81812838239,0.684241404287
0,0.684614868812,4.81665840313,0.684614868812
0,0.681555446946,4.81756443596,0.681555446946
0,0.685375312435,4.81367714161,0.685375312435
0,0.686687060309,4.8163387748,0.686687060309
0,0.684832094917,4.81635578832,0.684832094917
0,0.684653611959,4.81468927955,0.684653611959
0,0.68441479601,4.81434074002,0.68441479601
0,0.683446240992,4.8145150078,0.683446240992
0,0.686685758455,4.81834097827,0.686685758455
0,0.68689213487,4.81640141599,0.68689213487
0,0.685543355009,4.81624473769,0.685543355009
0,0.684413437624,4.81629189089,0.684413437624
0,0.68315223406,4.8148658039,0.68315223406
0,0.684549283329,4.81389582275,0.684549283329
0,0.684579406216,4.81475129323,0.684579406216
0,0.683950613019,4.81716700298,0.683950613019
0,0.685770176209,4.81505906874,0.685770176209
0,0.6859132956,4.81410341813,0.6859132956
0,0.686103195269,4.81345222653,0.686103195269
0,0.685348471073,4.81232205628,0.685348471073
0,0.684534624257,4.81331489533,0.684534624257
0,0.6846561393,4.81379033983,0.6846561393
0,0.685232060178,4.81564856462,0.685232060178
0,0.683761196325,4.8142511589,0.683761196325
0,0.685701603291,4.81468100424,0.685701603291
0,0.685289414314,4.81284136876,0.685289414314
0,0.685934014016,4.81503371135,0.685934014016
0,0.684066454179,4.81469035664,0.684066454179
0,0.683263392059,4.81639454951,0.683263392059
0,0.683207551022,4.81612159384,0.683207551022
0,0.684372369383,4.81657623258,0.684372369383
0,0.684706734768,4.8186233867,0.684706734768
0,0.684682665499,4.81777303775,0.684682665499
0,0.68508497699,4.81510006582,0.68508497699
0,0.685487995653,4.81652467817,0.685487995653
0,0.685938602431,4.81473835185,0.685938602431
0,0.684480843553,4.8146169661,0.684480843553
0,0.683972282774,4.81392289572,0.683972282774
0,0.684919862514,4.8126292424,0.684919862514
0,0.684233228329,4.81449246526,0.684233228329
0,0.682715372728,4.8141405207,0.682715372728
0,0.683036656225,4.81283812683,0.683036656225
0,0.686105416883,4.81208578193,0.686105416883
0,0.685276815269,4.81304003137,0.685276815269
0,0.684275818558,4.81299414684,0.684275818558
0,0.688039396268,4.81187095651,0.688039396268
0,0.682001065957,4.81457392046,0.682001065957
0,0.686131433953,4.81342475122,0.686131433953
0,0.686344615323,4.81509712496,0.686344615323
0,0.684164149706,4.81190444595,0.684164149706
0,0.683385123472,4.81390658332,0.683385123472
0,0.686368136815,4.81230816167,0.686368136815
0,0.68890702027,4.81358645315,0.68890702027
0,0.685291712135,4.81125322075,0.685291712135
0,0.683733541745,4.81176225735,0.683733541745
0,0.684143464363,4.81337777216,0.684143464363
0,0.684848348036,4.81381645141,0.684848348036
0,0.685163172375,4.81429937226,0.685163172375
0,0.684305292793,4.81152435231,0.684305292793
0,0.685892148602,4.8111863907,0.685892148602
0,0.684438687869,4.8113803898,0.684438687869
0,0.68441894722,4.81260381125,0.68441894722
0,0.684190484148,4.81490236794,0.684190484148
0,0.683992775705,4.81403675613,0.683992775705
0,0.685157997382,4.81267926144,0.685157997382
0,0.683742702378,4.8146317008,0.683742702378
0,0.683953264097,4.81450055762,0.683953264097
0,0.685096820385,4.81512534392,0.685096820385
0,0.687896541571,4.81769261356,0.687896541571
0,0.686256506088,4.81584565765,0.686256506088
0,0.684548420905,4.81745319811,0.684548420905
0,0.683219662933,4.81872054918,0.683219662933
0,0.682967436938,4.81744213119,0.682967436938
0,0.683615789885,4.81665353971,0.683615789885
0,0.683445396054,4.81813460346,0.683445396054
0,0.687812345592,4.81885597053,0.687812345592
0,0.681864634699,4.81733919453,0.681864634699
0,0.686556032015,4.81831948058,0.686556032015
0,0.686187389749,4.81856431381,0.686187389749
0,0.684274504798,4.8179397093,0.684274504798
0,0.683063346309,4.81645867178,0.683063346309
0,0.683582356625,4.81801397032,0.683582356625
0,0.683713132663,4.8166572564,0.683713132663
0,0.683764417545,4.81613465245,0.683764417545
0,0.68621988773,4.81507441491,0.68621988773
0,0.685041088432,4.81569595679,0.685041088432
0,0.684923658636,4.81773798957,0.684923658636
0,0.684324579785,4.81861402564,0.684324579785
0,0.684441654888,4.81617121386,0.684441654888
0,0.682996415977,4.8142758643,0.682996415977
0,0.682262197095,4.81638292301,0.682262197095
0,0.686327301482,4.81718159023,0.686327301482
0,0.684591673728,4.81626743751,0.684591673728
0,0.684342737425,4.81761587506,0.684342737425
0,0.686154139649,4.81718682623,0.686154139649
0,0.684382709175,4.81630371401,0.684382709175
0,0.683489239361,4.81592102463,0.683489239361
0,0.683590381303,4.81780231654,0.683590381303
0,0.684176063823,4.81721503932,0.684176063823
0,0.68839823297,4.81709160546,0.68839823297
0,0.685960235482,4.81555382122,0.685960235482
0,0.680474145023,4.81695323594,0.680474145023
0,0.683985127921,4.8183902515,0.683985127921
0,0.683944921557,4.81584107853,0.683944921557
0,0.688418553701,4.8163336538,0.688418553701
0,0.682327485906,4.81565221657,0.682327485906
0,0.683466427403,4.81633028491,0.683466427403
0,0.684244572854,4.81583052445,0.684244572854
0,0.682919158883,4.8141492756,0.682919158883
0,0.683336782092,4.81538137297,0.683336782092
0,0.685896015565,4.81434350816,0.685896015565
0,0.681126076954,4.81644258653,0.681126076954
0,0.685015230691,4.81502150608,0.685015230691
0,0.685187969941,4.81620165862,0.685187969941
0,0.684943016667,4.81476845268,0.684943016667
0,0.685796127561,4.81491127843,0.685796127561
0,0.683025756318,4.81448925092,0.683025756318
0,0.684696744528,4.81597636911,0.684696744528
0,0.683649355086,4.81458062458,0.683649355086
0,0.685218089645,4.81444587193,0.685218089645
0,0.684191928179,4.81517186707,0.684191928179
0,0.684262381238,4.81690335482,0.684262381238
0,0.684719670265,4.81570379844,0.684719670265
0,0.683759666801,4.81631980366,0.683759666801
0,0.683257308329,4.81545499151,0.683257308329
0,0.682051110565,4.81475647029,0.682051110565
0,0.683893153002,4.8146043479,0.683893153002
0,0.683771100117,4.81412940214,0.683771100117
0,0.6852090571,4.81240043208,0.6852090571
0,0.684401601775,4.81632340996,0.684401601775
0,0.68612354097,4.81375915412,0.68612354097
0,0.684810335112,4.81486954551,0.684810335112
0,0.684508883117,4.81284425976,0.684508883117
0,0.682439834775,4.81441734081,0.682439834775
