epoch,loss,model_1_loss,model_2_loss_1,model_2_loss_2
0,0.964378072615,0.0119087385627,4.81467126602,0.964378072615
0,0.940162562834,0.0126061134332,4.81232289534,0.940162562834
0,0.917001347398,0.0132470219575,4.81238967487,0.917001347398
0,0.901428037752,0.013847323088,4.80945116366,0.901428037752
0,0.886903465347,0.014575809386,4.80960898288,0.886903465347
0,0.87781231004,0.015137156779,4.80815478897,0.87781231004
0,0.867024291621,0.015660180187,4.80839881951,0.867024291621
0,0.853640374831,0.016188150332,4.80546124372,0.853640374831
0,0.852856649983,0.0168309850934,4.80704330712,0.852856649983
0,0.836214705824,0.0172011714107,4.80900200406,0.836214705824
0,0.833834259996,0.0176484142815,4.80942789683,0.833834259996
0,0.827383885102,0.0181696222535,4.80826019422,0.827383885102
0,0.813080641119,0.0184687798558,4.81113993498,0.813080641119
0,0.811505609659,0.0187993748152,4.80974367459,0.811505609659
0,0.804845833942,0.0190469516391,4.80651397196,0.804845833942
0,0.800568391356,0.0194995491151,4.80835233374,0.800568391356
0,0.790798845406,0.0197247008394,4.80680008543,0.790798845406
0,0.783459035655,0.0199969204213,4.80885923185,0.783459035655
0,0.782348917133,0.0202318516687,4.80915396483,0.782348917133
0,0.778859790839,0.0205205515573,4.80735391928,0.778859790839
0,0.772588577717,0.0206040828058,4.8079291753,0.772588577717
0,0.765089204031,0.0208198392411,4.80991927769,0.765089204031
0,0.762324207725,0.0209522063857,4.80936867972,0.762324207725
0,0.759395367219,0.020995931317,4.81068870542,0.759395367219
0,0.757812756198,0.0211038326099,4.81111796844,0.757812756198
0,0.752142711604,0.0210275878622,4.81058958073,0.752142711604
0,0.745965753585,0.0212561441608,4.80842117149,0.745965753585
0,0.7456198369,0.021261038695,4.80969879501,0.7456198369
0,0.742698292133,0.021168749723,4.8075702468,0.742698292133
0,0.741241313455,0.0211102537167,4.80837223625,0.741241313455
0,0.735439200324,0.021183137261,4.80639294772,0.735439200324
0,0.737390568258,0.0211237459402,4.8037474661,0.737390568258
0,0.732083111405,0.0211817708239,4.80616646667,0.732083111405
0,0.728824625791,0.0211636004962,4.8073485679,0.728824625791
0,0.725225875501,0.0211550545201,4.80706212949,0.725225875501
0,0.725622457116,0.0212236409999,4.80711002036,0.725622457116
0,0.723482825975,0.0211463481673,4.80761373643,0.723482825975
0,0.717357937646,0.0209681825204,4.80738423551,0.717357937646
0,0.716429004601,0.0209889159211,4.80659642417,0.716429004601
0,0.715096063289,0.020821047123,4.80677981015,0.715096063289
0,0.716609467317,0.0205880719314,4.80696879851,0.716609467317
0,0.712883816672,0.0204507656575,4.80816441752,0.712883816672
0,0.716259060539,0.0205391130222,4.80877321323,0.716259060539
0,0.710521923429,0.0203393060778,4.80565480957,0.710521923429
0,0.708170313225,0.0202044925311,4.80737082788,0.708170313225
0,0.706386503009,0.0200687127217,4.80802576168,0.706386503009
0,0.705429553626,0.0199024589682,4.80897287997,0.705429553626
0,0.703181436925,0.0198334106454,4.81027997843,0.703181436925
0,0.70612550318,0.0195401498566,4.81139121199,0.70612550318
0,0.700608153519,0.0194170647327,4.81086393381,0.700608153519
0,0.702047679384,0.0192872298878,4.80835920157,0.702047679384
0,0.696995007955,0.0192041799264,4.80590740684,0.696995007955
0,0.705601090566,0.0189372545358,4.80715082582,0.705601090566
0,0.700260365739,0.0188899078413,4.80531492166,0.700260365739
0,0.695536391938,0.0187073678478,4.8048789086,0.695536391938
0,0.69692964977,0.018556194531,4.80682207473,0.69692964977
0,0.697389377118,0.0185374679161,4.80916879358,0.697389377118
0,0.694349725903,0.0183363502661,4.80974254208,0.694349725903
0,0.694756159422,0.0182307338125,4.80854091574,0.694756159422
0,0.693845724096,0.0180154689355,4.80929586931,0.693845724096
0,0.692623005288,0.017906028216,4.8079277958,0.692623005288
0,0.691789997846,0.0177388800061,4.80779948922,0.691789997846
0,0.69297349031,0.0174980860655,4.8089321661,0.69297349031
0,0.691337129149,0.0174523895823,4.80696867851,0.691337129149
0,0.689444896703,0.0173057990849,4.80648987576,0.689444896703
0,0.693082194723,0.0171427824752,4.80704298349,0.693082194723
0,0.688147946479,0.0170579451784,4.80684085769,0.688147946479
0,0.686161183133,0.0168374663884,4.80579066629,0.686161183133
0,0.690254059377,0.0166013434752,4.8066085704,0.690254059377
0,0.685551122035,0.0165370274312,4.80808734169,0.685551122035
0,0.693787056429,0.0162899857364,4.80906274104,0.693787056429
0,0.686489949982,0.016125612655,4.81074089018,0.686489949982
0,0.685880514515,0.0160551672019,4.80879846761,0.685880514515
0,0.686009134317,0.0159121119378,4.80731891088,0.686009134317
0,0.687514617074,0.0157853869033,4.80700090546,0.687514617074
0,0.685188630101,0.0157139354861,4.80824050717,0.685188630101
0,0.685616963512,0.0155270175503,4.80784301408,0.685616963512
0,0.684830486826,0.0153823706819,4.80739074551,0.684830486826
0,0.686827288977,0.0152636388329,4.807942825,0.686827288977
0,0.685353384333,0.0149965519398,4.80847796862,0.685353384333
0,0.684552168765,0.0150123483026,4.80797381653,0.684552168765
0,0.686285207672,0.0148318490085,4.80755713347,0.686285207672
0,0.682387670545,0.014732523697,4.80918778564,0.682387670545
0,0.68146314501,0.0146149330468,4.80883483501,0.68146314501
0,0.683374501177,0.0146014593629,4.81054978452,0.683374501177
0,0.681329900663,0.0145076710828,4.80833521025,0.681329900663
0,0.683020681234,0.014413709123,4.80951880481,0.683020681234
0,0.684340928537,0.0142232368721,4.80798841893,0.684340928537
0,0.681159545883,0.0141583578028,4.80980314006,0.681159545883
0,0.684223561974,0.0140519053771,4.81095937438,0.684223561974
0,0.684293714866,0.0139428006323,4.80896347758,0.684293714866
0,0.68032507881,0.0137801995725,4.81000838769,0.68032507881
0,0.68112572296,0.0137173785072,4.80897588092,0.68112572296
0,0.681363690983,0.0136736640897,4.81022254179,0.681363690983
0,0.682528900241,0.0136307608897,4.80943626727,0.682528900241
0,0.680500323804,0.0135087852552,4.81038039497,0.680500323804
0,0.680310114714,0.0133762914301,4.80896955585,0.680310114714
0,0.681158934511,0.0133043412885,4.81125606532,0.681158934511
0,0.681038033502,0.013236329681,4.81101018753,0.681038033502
0,0.681887683192,0.013083219786,4.81183572585,0.681887683192
0,0.680895811864,0.0130164354763,4.80958447851,0.680895811864
0,0.680707992149,0.0127956986444,4.80849570857,0.680707992149
0,0.679426970779,0.0128363646364,4.81234680775,0.679426970779
0,0.679828795507,0.0126980521787,4.81273610282,0.679828795507
0,0.680306423571,0.0126867745999,4.81403543112,0.680306423571
0,0.678885064041,0.0125844082959,4.81316252479,0.678885064041
0,0.675972825365,0.0125864587013,4.81055448213,0.675972825365
0,0.68076199311,0.012521401529,4.81166364342,0.68076199311
0,0.682260332661,0.0124552215363,4.81272649,0.682260332661
0,0.6774603098,0.0123936671262,4.81026261001,0.6774603098
0,0.679225003599,0.0123223748812,4.81094961084,0.679225003599
0,0.67755828313,0.0123090463386,4.81129389979,0.67755828313
0,0.678884354918,0.0122996940747,4.81034463094,0.678884354918
0,0.678521959749,0.0121623309174,4.81021615626,0.678521959749
0,0.679951378123,0.0120809184255,4.81126437566,0.679951378123
0,0.677673510448,0.0120872824261,4.81211562788,0.677673510448
0,0.680949910499,0.0120111901784,4.81416614912,0.680949910499
0,0.678472514065,0.0119720411172,4.8150230114,0.678472514065
0,0.677678162296,0.0119454264881,4.81547920681,0.677678162296
0,0.679962502012,0.0118046971156,4.81567734885,0.679962502012
0,0.678311663985,0.0117902959831,4.81507768208,0.678311663985
0,0.678652726291,0.0117522358656,4.81455463761,0.678652726291
0,0.679077408228,0.0116711468543,4.81488482822,0.679077408228
0,0.677461699688,0.0117023692243,4.81447350254,0.677461699688
0,0.677594739076,0.0116329623705,4.81637163715,0.677594739076
0,0.678831823754,0.0116007724837,4.81364909295,0.678831823754
0,0.680939956,0.0114916622556,4.81370322519,0.680939956
0,0.675181205442,0.0114914807419,4.81478749472,0.675181205442
0,0.678222503623,0.0114845499796,4.8159175668,0.678222503623
0,0.676683050743,0.0115084523842,4.8171114868,0.676683050743
0,0.676323553622,0.011482595063,4.81685622804,0.676323553622
0,0.679584127872,0.0114751596421,4.81618104366,0.679584127872
0,0.679101701435,0.0114697557977,4.81452422308,0.679101701435
0,0.675746366086,0.0113957798735,4.81446750694,0.675746366086
0,0.680502499386,0.0114458324636,4.81402180226,0.680502499386
0,0.675832932737,0.0112959078222,4.81652875912,0.675832932737
0,0.678943428695,0.0112950389421,4.81633988317,0.678943428695
0,0.679423561894,0.0113156446855,4.81586425559,0.679423561894
0,0.678047698425,0.0112779952058,4.81492958053,0.678047698425
0,0.674958268036,0.0112335777729,4.81563612359,0.674958268036
0,0.678992266369,0.0111814948469,4.81666028578,0.678992266369
0,0.680014296563,0.011184312002,4.81565645759,0.680014296563
0,0.677089810794,0.011175413873,4.81376461326,0.677089810794
0,0.677695035217,0.0111566627868,4.81484045548,0.677695035217
0,0.676797283691,0.0111093517514,4.81582964443,0.676797283691
0,0.675940821026,0.0110404517423,4.81755319915,0.675940821026
0,0.68003523688,0.0111122544779,4.81627425172,0.68003523688
0,0.675587181541,0.0108889697374,4.81612053277,0.675587181541
0,0.679390784126,0.0110256243001,4.81366032135,0.679390784126
0,0.677470759191,0.0110368819505,4.81512801172,0.677470759191
0,0.674787764415,0.0110719734345,4.81550313847,0.674787764415
0,0.677388832538,0.0109390447074,4.81417213241,0.677388832538
0,0.677300938985,0.0109963491929,4.81552569367,0.677300938985
0,0.677029287372,0.010980381678,4.81555547794,0.677029287372
0,0.680607083512,0.0109779372415,4.8142578448,0.680607083512
0,0.675689828128,0.0109577659803,4.81486904984,0.675689828128
0,0.678542404109,0.0109373012654,4.81444531315,0.678542404109
0,0.677734602935,0.0109132795139,4.81454751286,0.677734602935
0,0.675984271764,0.0108895319831,4.81418649283,0.675984271764
0,0.676975858976,0.0108927814271,4.81421362781,0.676975858976
0,0.675050267762,0.0108623940953,4.81535053007,0.675050267762
0,0.676934953938,0.010866974691,4.81630895207,0.676934953938
0,0.676293608234,0.0109079819299,4.81780992224,0.676293608234
0,0.677050052205,0.0108961555451,4.81627722601,0.677050052205
0,0.677389901646,0.0108964569732,4.81837569047,0.677389901646
0,0.677194180245,0.0107658217031,4.81713784415,0.677194180245
0,0.67870819394,0.0108165749643,4.81778838446,0.67870819394
0,0.676411625553,0.0107782764183,4.81871401606,0.676411625553
0,0.675382867489,0.0107366801377,4.81881360436,0.675382867489
0,0.674589544776,0.0107675542362,4.82133879829,0.674589544776
0,0.67788443605,0.0107520495905,4.81934693146,0.67788443605
0,0.675957262711,0.0107918190514,4.81946017693,0.675957262711
0,0.674908989537,0.0107677964506,4.81816939305,0.674908989537
0,0.677889272789,0.0107484950206,4.81949070884,0.677889272789
0,0.676741590306,0.0106667036764,4.81801965624,0.676741590306
0,0.676091101476,0.0107239210893,4.81776046841,0.676091101476
0,0.677853561201,0.0107127028261,4.81733530317,0.677853561201
0,0.6755654684,0.010731824681,4.8181420076,0.6755654684
0,0.675243735818,0.0106677120669,4.81730273177,0.675243735818
0,0.676264908389,0.0107502013389,4.81833993162,0.676264908389
0,0.676458842572,0.0107249559264,4.8211327546,0.676458842572
0,0.676278867165,0.0107672910693,4.81965193966,0.676278867165
0,0.675107008413,0.0107368519541,4.82081189651,0.675107008413
0,0.679198504124,0.01071847357,4.81905928831,0.679198504124
0,0.67794241693,0.0106684892983,4.81739006802,0.67794241693
0,0.679009666337,0.0107186216393,4.81668015565,0.679009666337
0,0.674720070884,0.0106863594808,4.81801880964,0.674720070884
0,0.676378908503,0.0107360261174,4.81920047443,0.676378908503
0,0.675839480016,0.010688749833,4.81916435198,0.675839480016
0,0.67524106971,0.0107177842933,4.81878097879,0.67524106971
0,0.676791841915,0.0106692477957,4.81986450846,0.676791841915
0,0.674955767787,0.010677366797,4.82000910549,0.674955767787
0,0.677723714809,0.0106685134482,4.818854405,0.677723714809
0,0.67533953413,0.0106694166736,4.82095379891,0.67533953413
0,0.679597247189,0.0105224961261,4.82010672176,0.679597247189
0,0.677131461404,0.0106589303662,4.81933702397,0.677131461404
0,0.676775634987,0.0106164017424,4.81896148079,0.676775634987
0,0.675944615224,0.0106594058373,4.81774169263,0.675944615224
0,0.675936530984,0.0106265154308,4.81935270243,0.675936530984
0,0.67754660945,0.0106508025879,4.81933650181,0.67754660945
0,0.000316887436907,2.07980745013,4.71658754402,0.965228232771
0,0.000566573324829,2.07300548657,4.71241074789,0.939072635944
0,0.00106013363878,2.06542220471,4.70531662515,0.914357352099
0,0.00271486685067,2.06407026422,4.70498389199,0.904953649639
0,0.00135814129273,2.05978718109,4.70425485941,0.887709750571
0,0.0139561362369,2.06172321622,4.7012581022,0.878187450485
0,0.00797858276551,2.06236536403,4.71428038826,0.867308724404
0,0.00193445682867,2.05616524825,4.70929103174,0.858375110918
0,0.00186568622569,2.0547237052,4.70760374471,0.854679511006
0,0.00145493126061,2.0502527113,4.70385937613,0.840634788932
0,0.00250537505196,2.04948417732,4.7013200664,0.83976985095
0,0.00287956598143,2.04642160755,4.69992093694,0.826506879418
0,0.00305453301323,2.04213811064,4.6944262398,0.815728855421
0,0.00356786531088,2.04079870983,4.69134258169,0.814172503067
0,0.0052611246177,2.03849603141,4.68809009243,0.805777571073
0,0.00916902774664,2.03862983648,4.68572787514,0.803355224734
0,0.0150662211658,2.03903920788,4.68222459942,0.800614246235
0,0.0297050928285,2.04215349871,4.6778183458,0.795720463918
0,0.027678255123,2.04331940408,4.67860294424,0.804034469195
0,0.00829380859596,2.03027329724,4.66889850459,0.796981708592
0,0.00617420198613,2.02613611458,4.66201246022,0.794307097568
0,0.00664457619128,2.02220114612,4.65148535035,0.794745726876
0,0.00628558526139,2.02043739436,4.64173778564,0.806140079492
0,0.00670144132849,2.02057815391,4.63391957705,0.82164858211
0,0.00750506905946,2.01234131359,4.61575425693,0.815187766126
0,0.00882606477233,2.00955506141,4.60106698771,0.827989052261
0,0.0137024119439,2.01005308228,4.58888769541,0.845085046874
0,0.0251961825698,2.01752682071,4.57699015011,0.8832612876
0,0.0114522449055,1.99034166882,4.54168455678,0.84543459236
0,0.00831094467734,1.97963612313,4.51363315126,0.854292276299
0,0.00917876294237,1.97696955674,4.49887474747,0.86874061541
0,0.0100283634705,1.96601316381,4.47331840205,0.863372141385
0,0.010041762356,1.95478857713,4.44687622066,0.860106773807
0,0.0105799978744,1.94610597011,4.42082620986,0.867717289979
0,0.0106394466239,1.9389544996,4.39956087115,0.874371717936
0,0.0122255262847,1.93014988918,4.37617523484,0.87394777975
0,0.011256117606,1.92026501109,4.35398007588,0.870852525344
0,0.0124398913691,1.91220211131,4.32770570898,0.880719213381
0,0.0117445490865,1.90102695817,4.30222412033,0.877197310307
0,0.0130763605605,1.890841804,4.27450045838,0.879055241052
0,0.0126846617734,1.88374671789,4.25692452146,0.879515082513
0,0.0124910063367,1.87368888679,4.23079353632,0.881875208991
0,0.0132078787554,1.86809765829,4.21396202205,0.886148350679
0,0.0136018140206,1.85417102876,4.18317610914,0.877299159179
0,0.0133152443639,1.84452210304,4.15604712424,0.88388564049
0,0.0139346382212,1.83877684979,4.14008940208,0.885836031299
0,0.0136139997286,1.83193677112,4.12366112827,0.885133463094
0,0.0142732433735,1.82584994166,4.10520410055,0.890294884356
0,0.014151459519,1.81658419589,4.08625735638,0.882103212295
0,0.0141955638277,1.80980381959,4.068653366,0.883321103391
0,0.0144690878344,1.80398705925,4.05089621292,0.889204560212
0,0.0144126026713,1.80230408952,4.04349620948,0.895702689039
0,0.0142926665135,1.79253143567,4.02616653978,0.88173863212
0,0.0141386406139,1.78784996118,4.01094987465,0.88907264213
0,0.0151010212427,1.77730012276,3.98859015659,0.879118125594
0,0.0141839612688,1.77100807301,3.97343301899,0.879806272484
0,0.014442532043,1.76755829481,3.96098874761,0.886928783041
0,0.0142963981476,1.75983051323,3.94731902673,0.875921585216
0,0.0150957579269,1.75489467401,3.93426092136,0.875759880709
0,0.0152136359683,1.75209394178,3.92671892237,0.876604461608
0,0.0161629833852,1.74600217042,3.90951863763,0.878647479944
0,0.0164071027766,1.73928422192,3.89391812793,0.875770518421
0,0.0161288472786,1.73873835737,3.89059175086,0.880250461067
0,0.0178243417886,1.73989395607,3.88622579364,0.891369379843
0,0.0160496656514,1.72893320123,3.86708272613,0.878401093777
0,0.0170620092382,1.72978123674,3.86534974436,0.884082547465
0,0.0161727142454,1.72180041585,3.84914798514,0.878360552142
0,0.0160913633649,1.72074760932,3.84261174895,0.886331693673
0,0.0171492820618,1.71425995261,3.83159876957,0.873803532026
0,0.0178520581086,1.7087814877,3.81674331791,0.874716559108
0,0.017325719328,1.70987847496,3.81753762103,0.879665566577
0,0.0178836435934,1.70695852318,3.81074129613,0.877542609292
0,0.0170207249892,1.70173547832,3.79837358732,0.877888640107
0,0.0168134706022,1.69882178277,3.79332846148,0.873824923131
0,0.0180308301144,1.69907072874,3.78969299509,0.879905866606
0,0.0177930098158,1.69392008079,3.77858542164,0.876843414809
0,0.0172000049181,1.68765828771,3.76673897773,0.870413347425
0,0.0177329906783,1.68273164974,3.75405724327,0.87007765538
0,0.0172465261206,1.68407624017,3.75627391045,0.873340202099
0,0.0176834004346,1.67901294167,3.74410039652,0.871496989343
0,0.0177631993228,1.67750121554,3.73907101481,0.873837524363
0,0.0174675948878,1.67567446597,3.7351485661,0.873139882998
0,0.0176282594176,1.67303599342,3.72729544136,0.87533244071
0,0.0180739439577,1.67154835676,3.72224334242,0.877107086451
0,0.0179425535486,1.66739112522,3.71344590689,0.874178580934
0,0.0188889887854,1.66682229689,3.71025628727,0.875820807997
0,0.0190105601561,1.66387787096,3.70256444237,0.876239225757
0,0.0190566765506,1.66495455887,3.70334890293,0.879961511276
0,0.018976364387,1.66081036667,3.69194666074,0.882205659355
0,0.0192964910068,1.65694617129,3.68121124899,0.883715252945
0,0.0191931542082,1.65290659883,3.67281667455,0.880513213405
0,0.0199081667514,1.64967736508,3.66360993116,0.881350506569
0,0.0200539283808,1.64873971072,3.66028595456,0.883018664747
0,0.0198195124072,1.64985504858,3.65930795619,0.891020182689
0,0.0204396650575,1.64425169685,3.64618069048,0.888017650631
0,0.0202324174369,1.63916605902,3.63439470447,0.886575929053
0,0.0202980963635,1.6366122122,3.62808050035,0.886303745606
0,0.0208837335409,1.63430809143,3.61904381723,0.891685233696
0,0.0207209369339,1.63033097115,3.61020025598,0.889812348277
0,0.0215522622511,1.62773936323,3.6029804933,0.889631183628
0,0.020673558566,1.62091068542,3.58858783237,0.886030524278
0,0.0212613263379,1.61694642557,3.57794664414,0.886316066289
0,0.0216912757323,1.61492538411,3.57129649222,0.888651264256
0,0.0216937356657,1.61274330941,3.56311145704,0.894106041368
0,0.021996758207,1.61535125633,3.56868600796,0.895390628947
0,0.0220752658107,1.60923795691,3.55266853829,0.896702056426
0,0.0222673584027,1.60682889427,3.54638293928,0.896843756057
0,0.0225200889087,1.60226098739,3.53372227818,0.89882008331
0,0.0219366062405,1.59823434191,3.52687466831,0.893549041376
0,0.0223525810512,1.59169812431,3.51320934506,0.887366650705
0,0.0218129736416,1.59122339555,3.50869091545,0.895109080838
0,0.0226356804075,1.58923996046,3.50364143397,0.893645455007
0,0.0219894598843,1.58424380677,3.49253563811,0.892168719734
0,0.0219926619422,1.58074121649,3.48362777946,0.892465081658
0,0.0219927682373,1.57649636362,3.47341474179,0.891666680607
0,0.0224664583062,1.57417174305,3.46824837431,0.88942893253
0,0.021957439999,1.57267614527,3.46389734288,0.891671043242
0,0.0225553867246,1.56900761994,3.45506158386,0.889804041485
0,0.0227096301197,1.56859790644,3.45331191592,0.890946323152
0,0.0223984843925,1.56138097484,3.43574866159,0.890610465762
0,0.0226065445959,1.55996353281,3.43283599506,0.888932468456
0,0.0226314140691,1.55971524275,3.43054223674,0.892228795671
0,0.0230843429595,1.55347997793,3.41727069556,0.886689696678
0,0.0229526981338,1.55476124038,3.41831056071,0.891279568346
0,0.0223166627182,1.54975170647,3.40915309735,0.885818896598
0,0.0223387580649,1.54829230898,3.40307497079,0.890633971608
0,0.0230577986681,1.54518257122,3.39626866751,0.887259808552
0,0.0234527585313,1.54034606457,3.383535825,0.887753040878
0,0.0235115825424,1.53947356856,3.38094647002,0.888451622785
0,0.0228796675145,1.54019406767,3.38341316427,0.888384559925
0,0.0234536176256,1.54002464939,3.38189276174,0.889430373389
0,0.0227110472559,1.53258707461,3.36549441993,0.886524324358
0,0.0226592552664,1.52934142722,3.35751783083,0.88635284974
0,0.0227960106092,1.52868557625,3.35610739281,0.885620960298
0,0.0233268508585,1.5280191546,3.35255377122,0.88833441493
0,0.0230305575606,1.52561790503,3.34868642435,0.884655447414
0,0.023376202406,1.52633710475,3.34833408771,0.888264829742
0,0.0233683964225,1.5208896281,3.33682861002,0.88405401417
0,0.0235649637388,1.52298736798,3.3410505251,0.885705748481
0,0.0234339036975,1.51667284473,3.32616454246,0.884167218275
0,0.0236595528472,1.51477042831,3.32127444723,0.883984028403
0,0.0231829334041,1.51004057706,3.31130518618,0.881226533465
0,0.0239868687418,1.51222851104,3.31590839323,0.88135191852
0,0.0236933256654,1.51169738211,3.3140679151,0.882964316254
0,0.0234784662577,1.50776341079,3.30432941735,0.883201174213
0,0.0234164001663,1.50638431324,3.30131823298,0.882452187356
0,0.024129818922,1.50392886897,3.29574655104,0.879891492685
0,0.0235483159786,1.49946666906,3.28632359659,0.877589408281
0,0.0233909508586,1.49981822333,3.28686479136,0.878579520407
0,0.023541323341,1.50269049721,3.29139894677,0.883571833765
0,0.02372337282,1.49965595715,3.28403779064,0.882757346965
0,0.02342866016,1.49706576007,3.27852860388,0.88141416058
0,0.0233078272052,1.49483238013,3.27218636754,0.883173399606
0,0.0233668067891,1.49261852428,3.26888434417,0.878590208188
0,0.0230345192196,1.49312816366,3.26896390715,0.881643854084
0,0.0234395270079,1.48811093478,3.25798721926,0.877701070362
0,0.0232944421098,1.48596955194,3.2525421449,0.878174474896
0,0.0232668536045,1.48734951521,3.25490547134,0.880402815005
0,0.0230628806201,1.48654028417,3.2531782357,0.880219077126
0,0.023655058289,1.48302611266,3.24570668628,0.876406963587
0,0.0234894930819,1.48074343558,3.24056139351,0.875615294289
0,0.0236189760974,1.48017132843,3.23984077661,0.873937026259
0,0.0228737137661,1.47701425208,3.23186404232,0.87559563793
0,0.0238658832386,1.4783959393,3.23311693879,0.878013942127
0,0.0232478064629,1.47724747008,3.23088049756,0.877980632092
0,0.0232445851936,1.48107583205,3.23843294672,0.882023985868
0,0.0228687113824,1.47305345642,3.22189066265,0.875748423951
0,0.023295145044,1.46952638301,3.21425335837,0.872534798589
0,0.0239384150557,1.46778602447,3.20902418795,0.873004806678
0,0.0236528966169,1.46995689435,3.21218809694,0.878102375069
0,0.0230855417234,1.46440694138,3.20117412782,0.873515258432
0,0.0233385480199,1.46473639017,3.20072867981,0.875547385874
0,0.0233529661199,1.46627483456,3.2036192718,0.877429587574
0,0.0231130144046,1.46348678814,3.1977500119,0.875707778831
0,0.0236625165849,1.46080947277,3.19275475793,0.871212705664
0,0.0238669046066,1.46367619342,3.19710456989,0.876437908961
0,0.0236221465529,1.46133515615,3.19168412497,0.876063128662
0,0.0235143602367,1.45840194157,3.18505266764,0.874875543176
0,0.02348729016,1.45534154705,3.17690382033,0.875925405602
0,0.0237129855028,1.4571057965,3.17930991759,0.879483067656
0,0.0234755131227,1.45802593083,3.18135763146,0.880463256242
0,0.0232891097541,1.45591289323,3.17874973452,0.87548666898
0,0.0238631034497,1.45166401625,3.16755895147,0.875475863357
0,0.0238398100561,1.45099040943,3.16651421189,0.874243894875
0,0.0234248070565,1.44940963061,3.16357277335,0.873052883924
0,0.0232701068858,1.44390330907,3.15201306645,0.868950090888
0,0.0235199849011,1.44607450382,3.15511040538,0.87311163068
0,0.0237291189167,1.44487423913,3.1516071136,0.87369862282
0,0.0237173973602,1.44120181749,3.14400619226,0.870561800727
0,0.0238565664928,1.44403283066,3.14828065374,0.875889605292
0,0.0239406919677,1.44204791455,3.14430173912,0.87375460288
0,0.0236970634771,1.44177025372,3.14199171116,0.877473611662
0,0.0238503288443,1.44348870344,3.14567500933,0.878392733104
0,0.0240572103033,1.43909830199,3.1372416929,0.872893596224
0,0.0238831500804,1.43430937362,3.12674629811,0.870287864692
0,0.023624117159,1.43193529734,3.12061918643,0.871189772715
0,0.0241984168554,1.43165064842,3.11974503407,0.870366233332
0,0.0236141836579,1.43301651493,3.12237279379,0.87310851284
0,0.0236724388696,1.43252428639,3.12007289026,0.875130666645
0,0.0242391002252,1.43128478584,3.1164138052,0.875118011572
0,0.0239896608218,1.42843664256,3.10984916008,0.874505464316
0,0.023470033176,1.4270679487,3.10710576902,0.874188032761
0,0.0235229769384,1.42935552837,3.11077723026,0.878177120736
0,0.0236349298758,1.42815797736,3.10803385714,0.877452206378
0,0.0238584275888,1.42602823364,3.10403128294,0.874361640637
0,0.0235517175562,1.4253501926,3.10155543934,0.876536542835
0,0.0239763604912,1.42137727496,3.09325642551,0.872420696667
0,0.0235948392764,1.4190031303,3.088439023,0.870947821225
0,0.0234350197934,1.41907832679,3.0887151301,0.87109122835
0,0.0235548115562,1.41835989237,3.08539924913,0.87389123447
0,0.0235139406504,1.41553605974,3.0794540551,0.871744201597
0,0.0236035446918,1.41666617741,3.0825893298,0.870945032308
0,0.0237816518476,1.41791569687,3.08248992526,0.877035224398
0,0.0236026478609,1.41497436119,3.0756854748,0.876295455018
0,0.0232313308624,1.41280178586,3.07076011391,0.876025934491
0,0.0233454414103,1.41351197616,3.07332404345,0.874220805595
0,0.0233612045704,1.41298374176,3.07108821885,0.876019756563
0,0.0236624621082,1.41000212895,3.06541591841,0.871853778517
0,0.024321595801,1.41187841816,3.06698641759,0.876775958616
0,0.0238815780094,1.41124738598,3.06516804684,0.878137574963
0,0.0235492505803,1.40666003257,3.05652952564,0.873142505384
0,0.0235966545248,1.40638890918,3.05408998929,0.876571153391
0,0.0234512703853,1.40687756006,3.05519125784,0.877102638987
0,0.0236791964433,1.40281718845,3.04726963043,0.872188183873
0,0.0233599453658,1.40150394037,3.04424526562,0.872309175229
0,0.0234028970423,1.3993595869,3.0389567003,0.872078635397
0,0.0238050995784,1.39977736071,3.03919180549,0.872892888869
0,0.023400941766,1.39908997866,3.03705405646,0.874539792498
0,0.0235429872155,1.39674521129,3.03347872518,0.869682527356
0,0.0231709128061,1.39667606679,3.03159386924,0.873850665601
0,0.0233276763627,1.39941689061,3.03604512957,0.878338736856
0,0.0235049143704,1.39720522244,3.03316475349,0.872686672209
0,0.0234005605202,1.39644202164,3.03029324769,0.874822387344
0,0.0236274917396,1.39003682773,3.0153070337,0.872314983993
0,0.0232526346092,1.38861103756,3.01336447035,0.869820874277
0,0.0235338287564,1.39112585153,3.01729603449,0.87396942729
0,0.0232371724547,1.39283725245,3.02128197211,0.875147869151
0,0.0232259008696,1.38987850979,3.01498443812,0.872971767079
0,0.0231207178869,1.39138071316,3.01654755691,0.877566912298
0,0.0231371969053,1.38869979291,3.01146638535,0.874291696334
0,0.0232010786174,1.38422896337,3.00181986415,0.871102827885
0,0.0227588604782,1.38580443526,3.00513263592,0.8732390801
0,0.0231760681731,1.38623224445,3.00577106592,0.87326685053
0,0.0228359647348,1.38710840338,3.0070071617,0.875855660484
0,0.0131613752374,1.59265059611,4.92302510887,1.07846177693
0,0.00163009657063,1.58595447401,4.95926889426,0.971956871786
0,0.00141771821576,1.5829158898,4.95981983504,0.941192477947
0,0.00155481273296,1.58185210845,4.95940505884,0.930976426127
0,0.00150289313713,1.58479042122,4.9619814854,0.952941791105
0,0.00220758064526,1.58345381129,4.95895467487,0.944427998636
0,0.00269582481937,1.58301542025,4.95788022764,0.940337964978
0,0.00290100480075,1.58247396346,4.95611440044,0.938989799018
0,0.00269833767166,1.58228066497,4.95521030479,0.940985103944
0,0.00205182758936,1.38881968401,4.95401612377,0.992989268799
0,0.00237373012364,1.353162766,4.94404453414,0.908510867384
0,0.00255742668564,1.34511210887,4.93822734345,0.89110912364
0,0.00272803535766,1.34216018824,4.93196634934,0.886689210563
0,0.00311120095788,1.34158865804,4.92940895888,0.886155914724
0,0.00364290584638,1.34114318755,4.92604377015,0.886193127987
0,0.00342162483854,1.34019948188,4.92236740405,0.885893327894
0,0.00348953168428,1.34020947423,4.92121635686,0.886425925519
0,0.00397614421884,1.34096986847,4.92360871575,0.886644119123
0,0.00381495586956,1.3402899771,4.91969629053,0.887061791674
0,0.00396961208422,1.34086778204,4.92162310812,0.887388238988
0,0.00405937070019,1.33969303578,4.91715733607,0.886594500795
0,0.00436782071695,1.34025363354,4.9198286683,0.886351879045
0,0.00410279281834,1.34039916558,4.91765768867,0.888066226858
0,0.00417508723667,1.34070472242,4.91845627733,0.888358530197
0,0.00421442705555,1.34078152657,4.91915539487,0.888161641974
0,0.00420442085728,1.34022744865,4.91746655758,0.887630872052
0,0.00429537997621,1.34183893785,4.92070911403,0.889947357624
0,0.00403938545559,1.34332890809,4.92743830256,0.890563683447
0,0.00386627129559,1.34162401759,4.92492861618,0.887729414601
0,0.00420842535437,1.341431089,4.92439428474,0.887172104801
0,0.00409641846392,1.34251208423,4.92812331337,0.888122085398
0,0.00405044951263,1.34296705839,4.93313167652,0.886801308157
0,0.00449902069006,1.3420414284,4.93253314965,0.884337925477
0,0.00348636641341,1.34649704405,4.94897945973,0.888266463682
0,0.0031280901301,1.34422089468,4.94526462386,0.884791784558
0,0.00358682922074,1.34483814083,4.94655410542,0.885231420044
0,0.00373259795692,1.3446088534,4.94610011651,0.884739427201
0,0.00381761984812,1.3467221906,4.95444421103,0.885765700958
0,0.00306626264279,1.34711279198,4.96025409963,0.884588617296
0,0.00313473934216,1.34811986923,4.96120409411,0.886562836446
0,0.00292661780348,1.35137919,4.97020695975,0.890417826974
0,0.00277883005008,1.34769316935,4.96589996461,0.883504060815
0,0.00290274484694,1.34713082756,4.9635835139,0.883132516906
0,0.00311740063906,1.34978413033,4.96870448689,0.886990631462
0,0.00253403337891,1.34538073686,4.96643447647,0.877700520402
0,0.00294872783496,1.34809395276,4.96784559848,0.883363304608
0,0.00304539119241,1.35123404984,4.97452874593,0.887775310109
0,0.00223503390381,1.35066080643,4.97306865338,0.887882605166
0,0.00242893653941,1.34552977254,4.96891837221,0.876936258576
0,0.00249189500474,1.35100608765,4.97332270997,0.888361918802
0,0.00196089658676,1.34926454932,4.97403022721,0.884185312853
0,0.00198596858231,1.34941345039,4.97411016818,0.884492523028
0,0.00204659505819,1.35019665274,4.97342359484,0.886733189084
0,0.00194421068803,1.34864245378,4.97370703768,0.882808354662
0,0.00188198930227,1.34494786408,4.96996830955,0.875503466009
0,0.0020019870628,1.34552639535,4.97175545103,0.875936225664
0,0.00203514157514,1.34129140594,4.96859426991,0.866896188363
0,0.00209116592488,1.34179877321,4.96696740927,0.868922012465
0,0.00198380489549,1.34815677889,4.9711052078,0.882855488197
0,0.00230855246421,1.342744537,4.96948240045,0.869811539783
0,0.00201414388948,1.34868893145,4.97303287147,0.883191698751
0,0.00165213461151,1.34829418968,4.97277889817,0.882693840264
0,0.00148708917036,1.35297969387,4.97846582334,0.891729183436
0,0.00169565928296,1.35983378196,4.97646513254,0.909656178688
0,0.00119109333893,1.34817314703,4.97543692336,0.881523262331
0,0.00247526392566,1.34639435181,4.97326054285,0.876880294023
0,0.00190785654264,1.34282326885,4.96937318162,0.870463674741
0,0.00152386174342,1.34101686334,4.9680417308,0.866997381248
0,0.00167853055556,1.34285710682,4.96739329256,0.871767540192
0,0.00165300720407,1.34161058575,4.96716839858,0.868789207898
0,0.00174616088691,1.34212395727,4.9666744273,0.870226468639
0,0.00170595941069,1.34503386487,4.96825432133,0.876751491979
0,0.00174736824288,1.34505031176,4.96918875984,0.876283981133
0,0.0016342511697,1.34509863609,4.96854584378,0.876839367057
0,0.00158590427151,1.34857509239,4.96899992217,0.885351815365
0,0.0015696504084,1.34846283656,4.96869268907,0.885241046231
0,0.00150219370556,1.34804457493,4.97019801873,0.883510184041
0,0.00162423358434,1.34916387961,4.970513755,0.886028537684
0,0.00127667666315,1.34602050926,4.97070595478,0.87842156894
0,0.00149882236224,1.34953822971,4.97174482424,0.886474289528
0,0.00148367902756,1.35199838235,4.97095107631,0.893036688332
0,0.00141457618563,1.34621620076,4.9679140678,0.880168841662
0,0.00145441689129,1.34789945229,4.96870392208,0.883942202579
0,0.00147663644862,1.34940295004,4.96999905817,0.887031159302
0,0.00123054452631,1.34841477434,4.96954367915,0.885034501513
0,0.00120528372887,1.35420945338,4.70397963137,1.03232848358
0,0.00145311341586,1.33568409969,4.68513012897,0.995192021558
0,0.00158827512528,1.32851399156,4.68341475086,0.977989278845
0,0.00146285366082,1.33407927863,4.6820065806,0.992732002919
0,0.00146272161531,1.31758742464,4.68091005971,0.952050761033
0,0.00162555640704,1.31351714776,4.67515209248,0.944591217821
0,0.00164505683489,1.31767705648,4.68007089773,0.952512086405
0,0.00184809628759,1.30913516419,4.67540651627,0.93328650728
0,0.00184884319233,1.30415795334,4.67384820693,0.92162188811
0,0.00156397176128,1.30966016961,4.67646138183,0.934355712556
0,0.00156628745915,1.302585884,4.67112000084,0.919338373597
0,0.0018728519807,1.29723701713,4.66615079735,0.908144243831
0,0.00169300456416,1.29897274023,4.66625078842,0.912613403404
0,0.00186152812868,1.29773162748,4.66590411751,0.909515433473
0,0.00209434605594,1.29565202759,4.66452619065,0.904772579331
0,0.00183073318862,1.29269965991,4.66394997187,0.897943382481
0,0.00191179288879,1.28732687594,4.6571003635,0.887855167243
0,0.00202184713174,1.32292953679,4.666991187,0.971806352063
0,0.00159669837124,1.29334102048,4.66610564928,0.898702980012
0,0.00203680986091,1.28555163469,4.66058672873,0.881548864602
0,0.00187443055759,1.28497178067,4.65920015268,0.88095489691
0,0.00203645667694,1.27997083747,4.6496190846,0.873081047011
0,0.00235306308433,1.27740514642,4.64787646405,0.867221523363
0,0.00234012987681,1.28154973157,4.65109104561,0.875988628508
0,0.00216481153106,1.27778483416,4.64725676279,0.868668844868
0,0.00259083109514,1.27748333412,4.64434205732,0.868946427945
0,0.0020619671979,1.27442986895,4.637704247,0.865160534198
0,0.00227295259703,1.27371260825,4.63388516807,0.865065936528
0,0.00239358965477,1.29688684097,4.65990265175,0.909872138568
0,0.00228916352327,1.26901345111,4.63502904033,0.8527298968
0,0.00231386451596,1.27317865202,4.63758989459,0.861837770792
0,0.00231922403859,1.27328272314,4.63402437442,0.863875349168
0,0.00229116727323,1.26907601708,4.63071330374,0.855042176271
0,0.0024023431392,1.26639277132,4.6244958483,0.851331613838
0,0.00244362701704,1.30931491711,4.65700303246,0.942342100745
0,0.00230037501401,1.27926883058,4.66055157986,0.86559586384
0,0.00254026830642,1.27118179401,4.63512888677,0.857849725966
0,0.00234387718701,1.32970899444,4.688744805,0.977556156866
0,0.00181229318699,1.27920901219,4.67604311116,0.858188634062
0,0.00223870788227,1.27294903372,4.65147244643,0.854397605765
0,0.00276696995111,1.26394700823,4.62705539822,0.843572804427
0,0.00258114541698,1.25946529251,4.61316166856,0.83950120465
0,0.00266924150728,1.25774585951,4.61017795886,0.836606380977
0,0.00306492635073,1.26117556475,4.60873333556,0.84550727075
0,0.00195430564162,1.28127588541,4.6499967039,0.87623700819
0,0.00309877595032,1.28316857168,4.64304596722,0.883299621819
0,0.00292277708631,1.26200404911,4.6153452405,0.844414678408
0,0.00265358655741,1.25965738482,4.61074836596,0.841115645583
0,0.00277482662372,1.25809761671,4.60661027342,0.839164031564
0,0.00307859712887,1.25600513388,4.59960859204,0.837129894756
0,0.00283716344299,1.26037702179,4.60267692545,0.846766881341
0,0.00272933948515,1.25337980238,4.58812236685,0.83665893635
0,0.00238576844835,1.26775192949,4.62057027577,0.856708870162
0,0.00314199952043,1.29595567686,4.60584961884,0.933822334931
0,0.00230659745015,1.29470143791,4.66548418636,0.901704855907
0,0.00310277872636,1.25450211414,4.59840187634,0.833951521721
0,0.00300229746119,1.25094973887,4.5843704133,0.832186796454
0,0.00307220529138,1.27527332355,4.62140109602,0.87441050805
0,0.00308252513534,1.25717953438,4.59181228618,0.843960120879
0,0.00329903768544,1.25341715491,4.57988616911,0.840300718346
0,0.00300868065802,1.25706109481,4.59342877234,0.842929623357
0,0.00353819234766,1.25828962111,4.58852611195,0.84792275756
0,0.00303647106383,1.27432816916,4.60713393113,0.879216938787
0,0.00283600290761,1.25469105697,4.58684336723,0.84046990915
0,0.00335927232665,1.25786415738,4.58983121722,0.846385465649
0,0.00342734367835,1.24824792712,4.56501835858,0.834683248332
0,0.003648125852,1.25660687651,4.57230081001,0.851718613609
0,0.00330400657293,1.26052157211,4.57504261002,0.860478571715
0,0.00293274791694,1.37907543551,4.68683581519,1.10133788187
0,0.00257664122008,1.26002947202,4.60594573923,0.844524122261
0,0.00329494535417,1.24603024019,4.55994286363,0.831809176878
0,0.00361165206776,1.24427677569,4.5494468248,0.832356828392
0,0.003339986318,1.23996851939,4.54022275543,0.82646988823
0,0.0037760947213,1.24825788018,4.55264541524,0.840545851585
0,0.00361534346042,1.25333372042,4.5707169021,0.844360459852
0,0.00389306319877,1.25670615873,4.57640862318,0.849667975207
0,0.00364950226916,1.25278136356,4.56407204474,0.846267837561
0,0.0035492602781,1.26308933435,4.57400741792,0.867170319571
0,0.00342134100516,1.24654802613,4.55505417148,0.835421592132
0,0.00367158276573,1.25743421088,4.56864681871,0.855590488228
0,0.00373347077948,1.24249783065,4.54044576172,0.832288178682
0,0.00353812501431,1.24423595942,4.54255802132,0.835772716518
0,0.00337298378533,1.239990161,4.52702384158,0.833090451699
0,0.00394324374141,1.24451112581,4.54112197084,0.836773538981
0,0.0035450126803,1.24401733251,4.53605112923,0.838472707624
0,0.00382969158816,1.24482897143,4.54312701929,0.836679180966
0,0.00411436282833,1.23448310077,4.51070202393,0.826742331125
0,0.00403840918579,1.25382727467,4.55968373199,0.850687864792
0,0.0038622325152,1.25220584319,4.54349711333,0.854903772143
0,0.00368934881551,1.27161381608,4.62158582668,0.864552230654
0,0.00360612813628,1.2476493005,4.54637542679,0.842329363235
0,0.00397329829785,1.26524864416,4.54101438934,0.888641070302
0,0.0036301020238,1.270607969,4.5928517398,0.876463903242
0,0.0039753043601,1.24717343597,4.54279415855,0.842561159797
0,0.0036608403578,1.23587729783,4.51427073275,0.828896991797
0,0.00371675408387,1.25404414226,4.53245561824,0.865165745721
0,0.0039347613474,1.24412127836,4.52269187091,0.845022452726
0,0.00432158964844,1.23561833891,4.51290039295,0.828274015131
0,0.00417514053758,1.29013939098,4.56002805735,0.941159260159
0,0.00155818689015,1.3162233264,4.71115976399,0.933420198088
0,0.00155697811473,1.28322544319,4.69784581768,0.85758367322
0,0.00194430647096,1.27110411687,4.68192902301,0.83485142683
0,0.00231177905875,1.26055377343,4.63343171618,0.832356749459
0,0.0037708362045,1.26518376321,4.57457657954,0.871900234932
0,0.00299414985987,1.31439253459,4.68695848246,0.939507896424
0,0.00377963757048,1.24138018089,4.53269401201,0.833323762385
0,0.00365585008288,1.2552407843,4.5505705498,0.859160788989
0,0.00384916734138,1.23697239015,4.51859220741,0.829285658241
0,0.0041539498242,1.24462785836,4.52633485266,0.844248223358
0,0.00423933936058,1.22977599793,4.49075312465,0.824824047318
0,0.00459602143645,1.23114008512,4.48720455336,0.829651868818
0,0.00428176066927,1.22835335886,4.48172731069,0.82573793538
0,0.00423493017212,1.22933597461,4.47559848439,0.831305718356
0,0.00391658746701,1.2387576764,4.50264570931,0.841654702726
0,0.00397257916885,1.23734210119,4.4974398611,0.840662697161
0,0.00433902754107,1.22671194051,4.47109361964,0.826893968213
0,0.00428314672201,1.22703113002,4.46968619154,0.828451536856
0,0.00413588461269,1.22711680915,4.47209259274,0.827609796178
0,0.00433911449111,1.24518885203,4.50785264434,0.854706647021
0,0.00415288509433,1.22765737057,4.4718870455,0.829046972828
0,0.00426215939315,1.23654407493,4.48258246456,0.845806749566
0,0.00420755446209,1.23147888266,4.47089119816,0.839044007217
0,0.00431706341244,1.23055245866,4.4685919362,0.837768069267
0,0.00408295585116,1.22758671712,4.45599235092,0.836887615757
0,0.00433723350993,1.22673686966,4.45857149192,0.833219148969
0,0.00431575001296,1.22281902773,4.45276807516,0.826347736164
0,0.00430311181422,1.21944381924,4.43973937667,0.824436702508
0,0.00387943441691,1.23240769616,4.47213004129,0.841074739435
0,0.00442219158338,1.22655705857,4.45188559814,0.836027610069
0,0.0042882005657,1.22055176606,4.43813434827,0.828023994982
0,0.0043196080215,1.21619481463,4.42541708628,0.823458840096
0,0.00426940928317,1.2152339019,4.42318038252,0.82222510893
0,0.00444940246943,1.21121655114,4.41063360875,0.818275125882
0,0.00418527461453,1.22378005861,4.43206758209,0.839231035253
0,0.00476064832891,1.21837505117,4.42510581875,0.828624024807
0,0.00474569061647,1.21102615022,4.40575859085,0.819940344373
0,0.00452393733051,1.21708019614,4.42111022949,0.827621392916
0,0.00393188510809,1.3070439529,4.60001646134,0.963669717783
0,0.00358949511989,1.24195194991,4.51835194185,0.842114362455
0,0.0046983516969,1.21683238969,4.42856009879,0.823102527792
0,0.00429307646805,1.21468271844,4.41242677718,0.826200285783
0,0.00439321359674,1.21381571497,4.41093225797,0.824679899611
0,0.00440525929079,1.21854922377,4.41451733324,0.83470908812
0,0.00415837174101,1.23198675427,4.45547321926,0.848071858408
0,0.00416826052144,1.22398216796,4.43358584468,0.838994191433
0,0.00468162226597,1.20922948921,4.39849726582,0.819143422794
0,0.00442993200571,1.21598221136,4.40834586351,0.831352619329
0,0.00464201382242,1.21038674902,4.38918801002,0.82673080861
0,0.00474145385465,1.21040784879,4.39674346121,0.822906392407
0,0.00455056241199,1.21097249654,4.39290984948,0.826425709063
0,0.00445494021701,1.21003047813,4.39065392638,0.825294246821
0,0.00463434921726,1.20630313279,4.38203874741,0.820104064112
0,0.0038440951957,1.29325938863,4.60942326338,0.924592696481
0,0.00367356995754,1.2258831567,4.45408947005,0.833989541102
0,0.00437353857157,1.22426008134,4.4295628408,0.841495198775
0,0.00466750264288,1.22477393002,4.42904224519,0.842746154153
0,0.00461437481583,1.20863780648,4.3840577827,0.824951205009
0,0.00453624996833,1.2189322884,4.41545108294,0.835068884147
0,0.00452362344296,1.2152163438,4.39985692218,0.833588729677
0,0.0040950482903,1.20761352877,4.38417806241,0.82284969743
0,0.00433285931758,1.20537387814,4.36952917627,0.824337202989
0,0.00435703276027,1.2074560437,4.37862572994,0.824970166545
0,0.0046030595158,1.20920080907,4.37026905342,0.833264391406
0,0.00481608690981,1.22733054971,4.39913140252,0.863944540363
0,0.00454341313708,1.2140837379,4.39201506352,0.834658354613
0,0.00461541571163,1.19928707484,4.3509786323,0.818112910546
0,0.00484664893132,1.20398862421,4.35726518949,0.826492271972
0,0.00468993294642,1.21450388018,4.37429015326,0.844424645605
0,0.0045814856221,1.20946463134,4.36473668697,0.836711704181
0,0.00432825849729,1.22055763968,4.40716480322,0.843483393614
0,0.00446495050414,1.20130470483,4.35331073943,0.8221413971
0,0.0048197291015,1.1964537846,4.33405116987,0.819289102895
0,0.00500806302252,1.19323139187,4.32775013608,0.814195304133
0,0.0048266878204,1.19284599813,4.32313948265,0.815718521721
0,0.0049054223379,1.20581182377,4.35666513047,0.83129152692
0,0.00431221608419,1.25798137528,4.51181924575,0.884731552362
0,0.00467319854863,1.19757602691,4.33611471441,0.821209466905
0,0.00478139147143,1.20687083595,4.36024821162,0.832271547623
0,0.00498440163763,1.20093967732,4.34605259635,0.824338448727
0,0.00495483559868,1.20202414559,4.34877876837,0.825716099396
0,0.00493008945106,1.1953377064,4.32354958157,0.821639341207
0,0.00462029798764,1.18819131102,4.30377415545,0.813970857551
0,0.00504266519868,1.19262373889,4.31468845602,0.819172409583
0,0.00449060908617,1.19411726462,4.31712605698,0.822239479488
0,0.00483561907269,1.21762071899,4.36304434692,0.857693959565
0,0.00478979755848,1.20355778017,4.34185090324,0.833179156389
0,0.00476475677111,1.20540725514,4.34560814692,0.835949262703
0,0.00488911628289,1.19262594881,4.31040479223,0.821473315184
0,0.0047669612597,1.20317435681,4.34075715438,0.832790308746
0,0.00476938832351,1.19108656783,4.30396957638,0.820962198689
0,0.00472574588445,1.20122113302,4.33033493748,0.833159573178
0,0.00506626933145,1.19026542599,4.30330288811,0.818945807235
0,0.00495325455981,1.1904620315,4.29819897718,0.822102291236
0,0.00497715464655,1.2066163707,4.3461448462,0.838491304041
0,0.00474959278607,1.19196072334,4.3047723898,0.822765976269
0,0.00558582023831,1.18981720664,4.29023492625,0.823839688889
0,0.00503510833366,1.18661476718,4.28778410574,0.817609712527
0,0.0051936750739,1.19657536767,4.31177958046,0.830354909278
0,0.00494230991168,1.20251204295,4.32994386189,0.836365821708
0,0.00492314862627,1.19461043902,4.30205854334,0.83057363275
0,0.00496211334057,1.22642256184,4.38424805762,0.868970216765
0,0.00510236100876,1.20961178217,4.34638824511,0.845732926809
0,0.00524954389007,1.20165646395,4.32304364324,0.837369749606
0,0.00479162142808,1.19323749959,4.30096182181,0.827821172175
0,0.0049029196272,1.18195326187,4.27098469805,0.814487841981
0,0.00483005340585,1.24110477621,4.43471463836,0.880574521685
0,0.00491146044796,1.21828299346,4.36556063982,0.858015657889
0,0.00478021531952,1.19987655558,4.32100911978,0.834406569035
0,0.00466986910828,1.20967325846,4.34012098079,0.849452741583
0,0.0048844895858,1.19471895108,4.30166291465,0.831081386286
0,0.0050520196775,1.19125630655,4.29524846984,0.825464467397
0,0.00523448186769,1.18144054514,4.26834492841,0.814194372763
0,0.00479042778622,1.18114204168,4.26662317921,0.814753042784
0,0.0048411845418,1.1936708307,4.30048168554,0.82909500495
0,0.00508241024746,1.18279891473,4.2643880269,0.819720819059
0,0.0052225164986,1.17865578093,4.24937213023,0.816730826772
0,0.00481329635016,1.20087871302,4.3109881021,0.841889390406
0,0.00498488907154,1.19095565256,4.28719901413,0.828804690881
0,0.00514732408936,1.18691680685,4.2761458141,0.824071741766
0,0.0051882843524,1.20673430558,4.32544153547,0.848926666894
0,0.00499568836738,1.19927797301,4.29964728414,0.843375557385
0,0.00506771214758,1.18731251317,4.27615174313,0.825137654957
0,0.00535488035892,1.17570550237,4.2395896383,0.81411401261
0,0.00514647461391,1.17158927439,4.22786317738,0.80989507903
0,0.00507829214326,1.17844769072,4.2454408564,0.818320462543
0,0.00518288782242,1.17759660888,4.24755413494,0.815031523035
0,0.00474302018752,1.22182879513,4.38042711833,0.859615362944
0,0.0051927642757,1.18183532776,4.2558786607,0.821456180744
0,0.00516376926458,1.18566145081,4.26506588777,0.826456869673
0,0.00528573282395,1.18132336418,4.25552411106,0.820260578099
0,0.00518651656228,1.17697884935,4.24019132025,0.817164902821
0,0.00508531080319,1.17242448721,4.22366961411,0.814141056477
0,0.00494116202819,1.20486275183,4.32887875633,0.842776294486
0,0.00448710711087,1.2002764204,4.28912703619,0.851640381056
0,0.00506057483613,1.18116320877,4.25406984636,0.82081247991
0,0.00505023801899,1.17505901301,4.22920512486,0.817994688303
0,0.00503438125638,1.17724186848,4.230546291,0.822797100588
0,0.00519474887901,1.19749353336,4.28739784811,0.844840115847
0,0.00512590890369,1.17456909117,4.22844984453,0.817071853005
0,0.00506099703904,1.18286286125,4.24753442745,0.82832889828
0,0.00460418344957,1.20983705028,4.32267849824,0.858649148058
0,0.00529943870527,1.17585738819,4.23092222358,0.818882876175
0,0.00495546788014,1.18093061088,4.24851947973,0.823111275453
0,0.00512343931891,1.1714271355,4.21407796342,0.816405374049
0,0.00505976090768,1.17573347219,4.2224034464,0.823072152551
0,0.00468431061392,1.26161840067,4.48096386293,0.908879712589
0,0.00514244596263,1.19885924769,4.3006463998,0.841682428696
0,0.00519402231144,1.18789754895,4.25235383796,0.838372886828
0,0.00503258913489,1.2279181477,4.394796584,0.867364442358
0,0.00507604956294,1.18509386902,4.25011185612,0.832602650777
0,0.00519806776695,1.17513270844,4.22448079053,0.820393264299
0,0.00501161921952,1.17276844486,4.21895454083,0.817432178838
0,0.0048694040664,1.21906570358,4.34166925488,0.871960182016
0,0.00497524775595,1.17928356385,4.24070057807,0.822883328889
0,0.00521639271515,1.18877282151,4.25912806761,0.837151582949
0,0.00529318269537,1.20283492332,4.3075455842,0.848021288665
0,0.00518437116948,1.17975485927,4.23109883518,0.828653315431
0,0.00539170213888,1.17624286122,4.22019435878,0.825118227702
0,0.00522889683186,1.16840394589,4.19783844899,0.816861699874
0,0.00523861894711,1.16400062898,4.18541306901,0.812056375612
0,0.00541697163173,1.16415935132,4.18649245026,0.811735138151
0,0.00536558048397,1.16980201197,4.19536161106,0.821458600305
0,0.00551435281141,1.18013273358,4.22901208272,0.830311395792
0,0.00535656905269,1.16623979467,4.18973018465,0.81537778185
0,0.00532191006995,1.16661790879,4.19310703172,0.81466930258
0,0.00544043379377,1.1671333548,4.18866293442,0.818061442519
0,0.00538144994872,1.16601227637,4.18641781185,0.816440291581
0,0.0053790693452,1.15864478102,4.16692201084,0.807771834607
0,0.00533712063485,1.1735604846,4.20283854534,0.827144774455
0,0.00541546174941,1.18027124629,4.22314159581,0.833691812081
0,0.00528822544246,1.22715139226,4.31565893814,0.904760740409
0,0.00519928312441,1.17491226446,4.21469699285,0.824732837825
0,0.00523464556118,1.1639750535,4.17840176645,0.815502061586
0,0.00514527212124,1.16969632771,4.19291475285,0.822638127139
0,0.00538307787445,1.1658564971,4.17946262958,0.819526806651
0,0.00553239512019,1.16744392078,4.18136341575,0.822395655462
0,0.00555594370568,1.16437117605,4.17739047375,0.816676716158
0,0.00522311493761,1.1934680608,4.26038211664,0.848255934256
0,0.00560784261913,1.16049530252,4.1657032756,0.812778732626
0,0.00553118655915,1.16379501258,4.17395605683,0.816978273092
0,0.00527253024048,1.17203134969,4.19255071505,0.828530442786
0,0.00555871078481,1.17402972473,4.20359368001,0.827718717283
0,0.00555696318431,1.1594553153,4.16041700499,0.812872779382
0,0.0053542318371,1.16495398294,4.1704635714,0.821798896413
0,0.00561896273481,1.1585757751,4.1591800308,0.811230416433
0,0.00540396076456,1.15213729832,4.1343276199,0.807775432146
0,0.00530770956729,1.15223921775,4.13335380642,0.808613388673
0,0.00551523949496,1.15743836068,4.14667870567,0.814741266267
0,0.00574086246387,1.15356391782,4.13453956631,0.810899105945
0,0.00543159928385,1.15379636565,4.13810681345,0.810005865131
0,0.00544729637936,1.1522418744,4.1289448684,0.810684912463
0,0.00557064835019,1.15696125914,4.14635610734,0.8136544027
0,0.00563817980423,1.15272755705,4.12948584127,0.811437749229
0,0.00495737779735,1.16577933095,4.16454138411,0.827220214093
0,0.00559310370962,1.15376349459,4.13469178478,0.811469697395
0,0.00552876036611,1.16446007229,4.1618957547,0.82467349962
0,0.00527295733884,1.15326462276,4.12878231638,0.813497398398
0,0.00587881698916,1.15649894919,4.14161193143,0.814562547186
0,0.00555890108562,1.1540146059,4.13342371173,0.812765714776
0,0.00549858574733,1.15355813707,4.12799077499,0.814401326426
0,0.00537992764448,1.15701315313,4.14123207843,0.816536872849
0,0.00554973996064,1.1647108351,4.15364391522,0.829405346785
0,0.00560690979107,1.17606333233,4.20354649261,0.832778130906
0,0.00534623887037,1.15601855892,4.13913416975,0.815133030468
0,0.00542571897699,1.15881692361,4.13479238982,0.824220351936
0,0.00540286812811,1.17906034159,4.19420275011,0.845146566868
0,0.00549287850439,1.17591336137,4.18999532876,0.839292816738
0,0.00568943820515,1.15312050329,4.12708968087,0.813566936597
0,0.00568346662907,1.14610216879,4.10373785267,0.807702986277
0,0.00560291680941,1.14400637681,4.09809293164,0.805366516753
0,0.00566516952348,1.14910741168,4.10783211922,0.813187257241
0,0.00568539201035,1.16481995035,4.14935476144,0.831687059722
0,0.00579453332549,1.15001887168,4.1132798145,0.812612695761
0,0.00565777405205,1.14504293304,4.10043819946,0.806730416162
0,0.00554283957697,1.15101633643,4.1128736433,0.81556113694
0,0.00544249396378,1.1473963392,4.10627249251,0.80991206501
0,0.00553600673059,1.14325327937,4.09065608509,0.807269106548
0,0.00546324953786,1.14567674643,4.1002784149,0.808589366383
0,0.005607515338,1.14824104795,4.10131614853,0.814336987488
0,0.00576714394205,1.14454719241,4.08950971015,0.810845939353
0,0.00538855200396,1.18856576171,4.21794666859,0.857052473669
0,0.00556092912596,1.16279334405,4.14626846222,0.828288156553
0,0.00568780419817,1.15228467387,4.11640428491,0.816821695067
0,0.00568428509152,1.14057899503,4.08226306114,0.804631629401
0,0.00550006810682,1.16204609092,4.14150766195,0.828861284906
0,0.00542874631158,1.1502727597,4.10992518632,0.81529051693
0,0.00577175863263,1.15518265103,4.12005146481,0.822159093489
0,0.00575388758729,1.14182621291,4.08288238645,0.807370408916
0,0.00575318253186,1.1470425371,4.09523494732,0.814235643844
0,0.00553028023021,1.18942384497,4.22819907034,0.853929752709
0,0.00595157237874,1.14993810234,4.10724114786,0.815273066709
0,0.00589578467277,1.1585763516,4.12503660737,0.828026747482
0,0.00597611136001,1.14898876512,4.10538055033,0.813805483447
0,0.00580682391266,1.13905976119,4.07031470535,0.806685183957
0,0.00568636289621,1.14480747988,4.08953735931,0.811563614487
0,0.0056348887755,1.14587555995,4.08901312549,0.814547405668
0,0.00557522824393,1.13938643063,4.06899086886,0.808395371432
0,0.00558429484015,1.22603334484,4.34624932402,0.886374359564
0,0.00582420046233,1.17191612537,4.16279968493,0.842566226822
0,0.00576430518732,1.14885426083,4.09979008428,0.816476261925
0,0.00594047540444,1.13895994406,4.06956823414,0.806675225234
0,0.00581653350541,1.13673115008,4.06059001008,0.805716294305
0,0.0059222542333,1.13685850911,4.06251225481,0.804967848773
0,0.00580128157656,1.13295728443,4.04850139145,0.802341191562
0,0.00560993549279,1.13845962041,4.06208243044,0.809497857873
0,0.00565644530682,1.14583906601,4.0846214311,0.816630461463
0,0.00557294665694,1.19021674497,4.22206808807,0.858934827372
0,0.0054124093944,1.1538181629,4.10363312201,0.827316393857
0,0.00566640917847,1.14777722983,4.0906456589,0.818453793187
0,0.0056483495569,1.17551238596,4.16862799622,0.848818573424
0,0.00577832562723,1.14654043408,4.0877759438,0.816684744957
0,0.00579432210138,1.13519459648,4.04675945627,0.80881239865
0,0.00599490736941,1.13079668018,4.03936343977,0.801315031058
0,0.0060161598447,1.13366710858,4.04444273633,0.805930201201
0,0.00600697902465,1.13007857808,4.03441750959,0.801980669267
0,0.00600112025454,1.14135991462,4.06991560669,0.8124408204
0,0.00578720840175,1.13987403076,4.0604031343,0.813696258865
0,0.00571402563846,1.13275459111,4.04139728258,0.805473768635
0,0.00576122390964,1.16025037218,4.12175720385,0.833986061362
0,0.00551013175393,1.15983409316,4.12926652396,0.829441795947
0,0.0060647096356,1.13718520159,4.05228517562,0.810755664153
0,0.00584246469456,1.12740733315,4.02199626558,0.801677693369
0,0.00596558327163,1.132275533,4.03709389782,0.806176258123
0,0.00599979892023,1.1288394905,4.02389860249,0.804149584014
0,0.00589897780356,1.13175083265,4.034562454,0.806196834632
0,0.00587873032582,1.12993297213,4.02950912912,0.804199093335
0,0.00584551688291,1.1308571202,4.03346140453,0.804566539228
0,0.00586196231785,1.13356710221,4.03554025835,0.810285621771
0,0.00574006582534,1.15429211686,4.09929833086,0.83034101788
0,0.00588326978922,1.12665482372,4.01667916729,0.802414163858
0,0.00594297882088,1.13633651702,4.04202401136,0.81388626568
0,0.00600557114523,1.12304868434,4.00500100734,0.799115594181
0,0.00594181590065,1.14222623205,4.05791975215,0.82066384559
0,0.00612810300301,1.14338516057,4.06854711577,0.818061197932
0,0.0058500977791,1.13078048156,4.02674322268,0.807729452664
0,0.00567399914701,1.17030307858,4.14327750133,0.848444903035
0,0.00578773388411,1.14034741916,4.06456455947,0.812798491774
0,0.00616385289475,1.13082623563,4.02886150432,0.806470941864
0,0.0059706233663,1.12389323471,4.00416869382,0.801678074595
0,0.00595058262559,1.13148315874,4.02483052085,0.810342011628
0,0.00593824280303,1.12081041534,3.99482392918,0.798675789193
0,0.00603658402755,1.13467539217,4.0340832086,0.813610249799
0,0.00583336743268,1.14084456545,4.05374500042,0.819405503481
0,0.00583141609507,1.13119897968,4.02240644816,0.810962766871
0,0.00615418909108,1.13018433749,4.02002905236,0.809292086325
0,0.00594493813594,1.12456282915,4.00538378862,0.802770198513
0,0.00615443279097,1.12022731983,3.98964229508,0.799592677496
0,0.0060217432103,1.13014672874,4.02060072172,0.809044675624
0,0.00590888325607,1.12454644303,4.0022560374,0.804329163715
0,0.00614608386737,1.1301933532,4.01389078939,0.812391862327
0,0.00643007440533,1.14785349483,4.07058716551,0.827910037149
0,0.00597920086762,1.13362841534,4.02795150679,0.814116041848
0,0.00596392046287,1.1253646478,4.00693342647,0.803980943844
0,0.00588604957087,1.12313680683,3.99056073966,0.806675555822
0,0.00602349814124,1.12502272644,4.00059093422,0.806237808936
0,0.0059840156217,1.122087868,3.99441830833,0.802026458416
0,0.00607658007921,1.11594244286,3.97147350781,0.798042731581
0,0.00603028925603,1.13449142075,4.01593589966,0.822230270516
0,0.00631370499404,1.12311132367,3.99918196161,0.801873581538
0,0.00604812421414,1.12188957631,3.99166758835,0.802841980583
0,0.00603185996759,1.11994095269,3.98508566963,0.801277645215
0,0.00609146880904,1.11599703565,3.96967061886,0.799065769298
0,0.00608456736247,1.11816180862,3.97644087529,0.801099474884
0,0.00583857594914,1.16304224205,4.11441326048,0.844560355603
0,0.00613623613055,1.13856691579,4.03853307748,0.82101447219
0,0.00626590495748,1.13429200942,4.03198747571,0.813470338463
0,0.00638553829838,1.14671094803,4.06190516849,0.829439204816
0,0.0061670044339,1.12962446752,4.0103157908,0.812736226864
0,0.00617385882675,1.11822233419,3.97327030581,0.802746782056
0,0.00620489392314,1.11473060252,3.96485457491,0.798194283368
0,0.00601648503436,1.11662517227,3.96732677039,0.801883018838
0,0.00629468885747,1.12415989397,3.98615191713,0.811029045588
0,0.00620271013931,1.11552946596,3.96519794432,0.800021941035
0,0.00609498777477,1.11224860604,3.95488844313,0.797082264334
0,0.00616275889164,1.10979589465,3.9441528443,0.796250514225
0,0.00635524315475,1.10976791223,3.94563323681,0.795247877679
0,0.00608914063436,1.11447579279,3.96017603812,0.800012280764
0,0.0063133845121,1.1163402427,3.96334308447,0.802865638376
0,0.00634679947118,1.11534720814,3.96004410037,0.801999129128
0,0.00635498760853,1.11435464899,3.95392885118,0.802567167734
0,0.00634053055835,1.11417927156,3.95335103072,0.802432091453
0,0.00649795781769,1.11667489982,3.9668972109,0.801740644662
0,0.00645383621011,1.11210397195,3.94951767242,0.799047216036
0,0.00632666823562,1.11501926391,3.95741193635,0.802515481804
0,0.0062236497806,1.12183136052,3.97792598583,0.809391716814
0,0.00621054026685,1.11191278248,3.94614238038,0.800500184301
0,0.00670266111174,1.11823167812,3.96568358939,0.806034697815
0,0.0062687207558,1.10915816101,3.93724189393,0.798005693471
0,0.00646228801816,1.11125468401,3.94407407165,0.799637344782
0,0.00629821338349,1.12227845149,3.97503102018,0.811882363424
0,0.00642435261057,1.11880716863,3.9665769781,0.807305038215
0,0.00635378381804,1.12615858189,3.98405752684,0.81701386549
0,0.00637315786489,1.12771850866,3.99409478704,0.815875678253
0,0.00630792527327,1.11005183699,3.9383237016,0.799659775044
0,0.00632494548374,1.11278446601,3.94657996134,0.802346197388
0,0.00629902649522,1.11136053842,3.9415986673,0.801302944489
0,0.00645274831666,1.10686136595,3.92612802676,0.797636611929
0,0.00659620627341,1.10889168026,3.93101406222,0.800125921955
0,0.00634512686427,1.13141730586,4.00535904706,0.819518572066
0,0.00679540884434,1.12605548856,3.9892785042,0.813704018495
0,0.00679925506012,1.12629242378,3.98953531834,0.814164103235
0,0.00653517014407,1.11627955404,3.95569434127,0.806316502713
0,0.00654243317987,1.10586480796,3.92211295443,0.797063068289
0,0.0064280091939,1.10631487842,3.92516470956,0.79677679083
0,0.0064087950157,1.10995427907,3.93266616559,0.802143778516
0,0.00642506315077,1.10715570439,3.92470875563,0.799109778747
0,0.00650420915534,1.10633086246,3.9237680727,0.79743886941
0,0.00674397572394,1.10382744412,3.91125262983,0.797198278532
0,0.00651576873495,1.10421960443,3.91339381647,0.797336292974
0,0.00645514107675,1.10935080964,3.92727574519,0.80328396907
0,0.00651281649597,1.10787281664,3.92721163886,0.799563364405
0,0.00656068118775,1.10476284669,3.91450066617,0.798096061279
0,0.00644451173985,1.10362711547,3.90995966603,0.797643402804
0,0.00654096753576,1.10790046794,3.9233233942,0.801548463927
0,0.00665577056278,1.10824368351,3.92500925565,0.801448769087
0,0.00656418474033,1.10730339545,3.92073940715,0.801324559046
0,0.00654647925512,1.10718304588,3.91997237329,0.801424907531
0,0.00651388283877,1.10811742201,3.9233830882,0.802088086771
0,0.00642584238078,1.10393875034,3.91192702892,0.797457477878
0,0.00664409835873,1.1017512398,3.90121647426,0.797125722949
0,0.00647691451585,1.12370037917,3.96456277509,0.820492603976
0,0.00605630168629,1.12085971346,3.96523754677,0.813474166799
0,0.00660145208339,1.10289095079,3.90556775802,0.797842004789
0,0.006476813962,1.11924375089,3.9527678216,0.815248610769
0,0.00656717191668,1.11042304469,3.92865476039,0.805163018231
0,0.00660494705727,1.1009986899,3.89921299748,0.796285237931
0,0.00666383023635,1.11896248652,3.95306658094,0.814209053867
0,0.00672774485875,1.13352440908,4.00863180296,0.822767334126
0,0.00677278067194,1.10551174997,3.91151625427,0.801248425922
0,0.00672585443105,1.1024101775,3.90179458425,0.798402256134
0,0.00695925459428,1.10002455081,3.89310323031,0.796550466274
0,0.00675107732249,1.10660402626,3.91520956475,0.802154164693
0,0.00668370282738,1.10023933478,3.89594546909,0.795941858592
0,0.00692954097923,1.10008317165,3.89412381915,0.796216437561
0,0.0066929485557,1.1190323852,3.94574020383,0.818017870821
0,0.00667521731972,1.10981842141,3.92842415701,0.803658716367
0,0.00674369119136,1.10354184409,3.90326290739,0.80047942421
0,0.00666615874377,1.12874899829,3.97583245873,0.827290065521
0,0.00651757691317,1.11598043677,3.94311185587,0.811877545474
0,0.00684796062921,1.10439966801,3.90851246902,0.799894933721
0,0.00672288912361,1.09789524116,3.88529261368,0.795368866019
0,0.00654587625006,1.09765830645,3.88199132201,0.796604187964
0,0.00664681768488,1.09819667996,3.88551937371,0.796085154434
0,0.00681119068449,1.09603363054,3.87690298098,0.794821354328
0,0.00675784313272,1.09883349295,3.88727338199,0.796689157293
0,0.00667279797269,1.09967503475,3.88798670153,0.798521397162
0,0.0068587975784,1.10652342008,3.91106260999,0.803918406375
0,0.00678867106627,1.10554200472,3.9035616776,0.8052854607
0,0.00700919037985,1.10658887186,3.90919369155,0.804866102239
0,0.00695993320541,1.09896353427,3.88092788999,0.799984916532
0,0.00688337049478,1.09798394513,3.87950702183,0.798322940508
0,0.0069906953236,1.09999547398,3.88672871606,0.79963359061
0,0.00692268599333,1.09587489652,3.87458816788,0.795470430515
0,0.00688161499597,1.09537921058,3.87317853196,0.794977104657
0,0.00700887473206,1.09547955607,3.87218955849,0.795595195363
0,0.00683657933342,1.09642899165,3.87372822436,0.797371746745
0,0.00690152500123,1.094209488,3.86841127809,0.79441651517
0,0.00680011905326,1.09427325904,3.8681468255,0.794809575003
0,0.00705712024515,1.09889454026,3.87988054198,0.800238918465
0,0.00689196628694,1.11465565896,3.93364846173,0.812922908685
0,0.00698600242499,1.0953200454,3.87005634941,0.796285895553
0,0.00689176328283,1.09445843586,3.86795748615,0.795275542509
0,0.00704007635879,1.09677157998,3.87203247507,0.798872595212
0,0.00691322634572,1.09382349265,3.8642771517,0.795506888657
0,0.00693244779335,1.09747358269,3.87594007104,0.798781432518
0,0.00682694044988,1.10091248649,3.88589421049,0.802507129498
0,0.00677652444777,1.10293339514,3.89448492617,0.80331445923
0,0.00683255194489,1.14782856404,4.03508169504,0.845197967878
0,0.00710817433727,1.10387572439,3.89779786996,0.803682160505
0,0.00707849175772,1.09381140379,3.86145641975,0.796721767076
0,0.00707066771448,1.09020204222,3.85172362842,0.792572582987
0,0.00733775884789,1.12408906192,3.92267075734,0.841549475387
0,0.00546969434671,1.30520534548,4.50651700451,1.00428511849
0,0.0064937294986,1.2185376102,4.27375480565,0.902972847745
0,0.00690038270568,1.13568362418,4.01019426174,0.827211504529
0,0.00691102806175,1.14092368576,4.00945294883,0.840671669397
0,0.0073034258641,1.11145268071,3.92205107277,0.810302698121
0,0.00703994614048,1.09545786916,3.86685344969,0.79817796109
0,0.0066064311278,1.33089033982,4.48824169777,1.07649851993
0,0.0043343775715,1.267987298,4.6014713954,0.864898122483
0,0.0064055989197,1.14536031438,4.04659337979,0.833698454455
0,0.00716915671534,1.10627988665,3.90322850331,0.806916267027
0,0.00686840957258,1.10694799425,3.90723332488,0.806884872373
0,0.00727566842251,1.10162889604,3.88922141609,0.802185822586
0,0.00724629651607,1.09515459292,3.86802629041,0.796626999785
0,0.00721303785329,1.09258479658,3.85666053305,0.795918646334
0,0.00718637161894,1.10097549549,3.88806697966,0.801218836265
0,0.00712339410728,1.09446320771,3.86400223536,0.79703346671
0,0.00744235329196,1.09190456729,3.8568664158,0.793885816328
0,0.00711358756889,1.10167318231,3.88715910732,0.803489773524
0,0.00731079421867,1.09172432942,3.85659894751,0.793700514899
0,0.007369009739,1.09377592826,3.86028382095,0.796928859678
0,0.00724352399813,1.09230804693,3.85508891449,0.795982095376
0,0.00728286148097,1.09350619169,3.85984470593,0.796560224042
0,0.00717914541577,1.09936473443,3.87530995384,0.803577672755
0,0.00721783450645,1.09869185167,3.87733703546,0.800843236
0,0.00722640734467,1.09414996253,3.85738884294,0.799454036739
0,0.00729207452165,1.09486377106,3.86079854235,0.79946804115
0,0.00737280761297,1.0924285645,3.85234216968,0.797527478101
0,0.0071465066744,1.10024481808,3.8762233992,0.805353797916
0,0.0073633562746,1.09571015719,3.86550348158,0.799160255091
0,0.00730316957133,1.09034654712,3.84607280802,0.795526753569
0,0.0071266306954,1.09291439338,3.8524124164,0.798953103835
0,0.00746173370457,1.09571702753,3.86483705085,0.799412268866
0,0.00715406635398,1.09139225193,3.84746016713,0.797596439212
0,0.00740293491087,1.09603292977,3.86413589286,0.80061140224
0,0.00728242467199,1.10590438445,3.8927357177,0.811110636399
0,0.00732095488008,1.09622989914,3.86515538021,0.800676061999
0,0.00719691809293,1.08979317212,3.84203801442,0.796266964403
0,0.00723438883997,1.08970773732,3.84394315171,0.795063337993
0,0.00726748210947,1.08996305392,3.84494865053,0.795165786791
0,0.00745996602687,1.08828155424,3.83605403415,0.795216861928
0,0.00732029275416,1.08793842102,3.83591841286,0.794566512832
0,0.00721368777686,1.09132223664,3.84518760087,0.798498062723
0,0.00724118127221,1.08963081261,3.83910133242,0.797285143476
0,0.00729887827965,1.08898536767,3.83925282347,0.795538088573
0,0.00742373913149,1.09536455382,3.85778603378,0.802094587724
0,0.00734427490025,1.09007714829,3.84328724723,0.796204931589
0,0.0072778118248,1.09212759543,3.84717158194,0.799455345094
0,0.00717833825352,1.08691727918,3.8299916639,0.795118987241
0,0.00737105122002,1.08922107892,3.83691542309,0.797223893937
0,0.00731923568549,1.08899813615,3.8363026928,0.79702471771
0,0.0072928504232,1.08602462697,3.82701499345,0.794261179805
0,0.00746773896101,1.09076873909,3.83999657584,0.799455780179
0,0.00734368411814,1.10020189366,3.87376095047,0.806280533764
0,0.00712827843596,1.13655435159,3.99103728344,0.838738916471
0,0.00753844307696,1.08771398606,3.83269479425,0.795399084399
0,0.00749197262389,1.08477929869,3.8228062454,0.793053110981
0,0.00752461379177,1.08654543094,3.82745516811,0.795111339029
0,0.00748951123291,1.08885473853,3.8370439253,0.79612533189
0,0.00678096673193,1.24256876856,4.32364904624,0.93781638525
0,0.00705861472593,1.1263755594,3.97599662383,0.820881929868
0,0.00740835182315,1.09787376107,3.87007443202,0.802238793923
0,0.00731927844128,1.08970082132,3.8403058736,0.796779797449
0,0.00749641259405,1.08534674827,3.82227499521,0.794732920021
0,0.00732000772254,1.08975556178,3.83667207143,0.79873282039
0,0.00752568687827,1.08752583744,3.83269737242,0.794940179981
0,0.00745531675397,1.08623469783,3.82175142199,0.797255676348
0,0.00750233679682,1.08696442307,3.8289973791,0.795409990804
0,0.00738169844293,1.09043826899,3.84151570156,0.797956082607
0,0.00738306450856,1.09666931592,3.85811534881,0.805232510031
0,0.00732213123774,1.08684792899,3.82820224982,0.79569652582
0,0.00721696039233,1.08714315058,3.82707171447,0.797105018294
0,0.00739798820932,1.08418634202,3.81756927589,0.794283188491
0,0.00736499912095,1.08983339186,3.83380581123,0.800315534291
0,0.00742218250113,1.08338210657,3.81482373711,0.793621174989
0,0.00733916821068,1.08295704712,3.81237083663,0.793867990919
0,0.00740515981838,1.08985857135,3.83430599228,0.800088231765
0,0.00748040581509,1.09102075848,3.83598072428,0.802081087574
0,0.00723847607646,1.08683813191,3.8298837451,0.79491494064
0,0.00742280951577,1.08560776382,3.82207295294,0.795560083072
0,0.00755776405235,1.08358636208,3.81603918841,0.793388506573
0,0.00755491371996,1.08596277788,3.81912048218,0.797791749442
0,0.00762129194285,1.08979755793,3.83412610941,0.799809507573
0,0.00785885997007,1.08128298622,3.80483800015,0.79292956519
0,0.00755891851497,1.10452041097,3.87494363267,0.816270251417
0,0.00783410214725,1.09571801605,3.85388984959,0.804515972355
0,0.00741404437793,1.08912251581,3.82843817891,0.80117311511
0,0.00763191572786,1.09196482032,3.84068927788,0.801935455432
0,0.00765622232508,1.08886108059,3.82873246228,0.80013020743
0,0.00757725327314,1.08638261624,3.82114130544,0.79780859412
0,0.00751303002867,1.08063833073,3.80477327786,0.791696117602
0,0.00755736467991,1.08073642342,3.80288591502,0.792840696086
0,0.00754731589639,1.0806667813,3.80169955328,0.793269820443
0,0.00739268911716,1.0860120449,3.81762661148,0.798824076934
0,0.00685321542825,1.23905946868,4.29155824111,0.945016289551
0,0.00702861969052,1.12159263397,3.94557360708,0.824166119921
0,0.00721041697484,1.09518535577,3.85283219813,0.804336832566
0,0.00769186637576,1.08303527448,3.81003097155,0.794880793679
0,0.0077448608472,1.08085192425,3.8032388216,0.792765498693
0,0.00768232220947,1.08041134989,3.80080801184,0.79294200635
0,0.00751143875383,1.08047888296,3.80212661615,0.792622420305
0,0.00751398154668,1.09369352224,3.84231321122,0.80556317767
0,0.00755731083844,1.07990300108,3.79918564654,0.792607328361
0,0.00777190266159,1.08055723234,3.80032161421,0.793460330847
0,0.00773356104671,1.07883885685,3.79343415985,0.79264646095
0,0.00750096191776,1.08026845578,3.79908498871,0.793627642926
0,0.00761460011671,1.08574547123,3.81957966324,0.796959205868
0,0.00739063740934,1.08877446393,3.82829285894,0.800399052366
0,0.00733448808763,1.08915049675,3.82754816132,0.801767632536
0,0.00757439893897,1.08992010516,3.83087756334,0.801787041674
0,0.00764180883196,1.12580279559,3.94200900351,0.835860636429
0,0.00767010892455,1.09243306022,3.84289227215,0.801966364825
0,0.0077737688156,1.0877776033,3.82302490738,0.800157745222
0,0.00781547694725,1.08578763718,3.81899108907,0.797158031012
0,0.00770780526675,1.07919674105,3.79472619325,0.792920910549
0,0.00767981982637,1.08220947243,3.80441154375,0.795638049069
0,0.00770686052695,1.07791411717,3.78814939328,0.793003695587
0,0.00755229422382,1.08145128106,3.79949999523,0.796325870479
0,0.00763597256232,1.09788117996,3.85672540341,0.808704234706
0,0.00747150782859,1.10466415068,3.87743536581,0.815471144811
0,0.00772319998543,1.08466977991,3.81416283991,0.79686978941
0,0.00719889107291,1.15703699229,4.05213358116,0.859326755966
0,0.00767936821559,1.08761310628,3.82557884651,0.798563933702
0,0.00771720111172,1.08089146997,3.80189929329,0.793561786909
0,0.00755693865799,1.13287064556,3.96637609173,0.841431587167
0,0.00743775633103,1.10470042453,3.87686705579,0.815879735936
0,0.0078505769322,1.08902539294,3.82948241713,0.799971656254
0,0.00785613204711,1.0793572016,3.79399584887,0.793538907275
0,0.00782474650781,1.07617931145,3.78217788479,0.791534549635
0,0.00769828014414,1.07499638418,3.77909444187,0.790245419297
0,0.00782161669685,1.08154240614,3.80178291324,0.795142901717
0,0.00781246263345,1.07765011875,3.7901737972,0.791225895483
0,0.00770723836761,1.1111055134,3.88844889255,0.825832057437
0,0.0075809475041,1.08484208466,3.81295592331,0.798046262057
0,0.00765086655878,1.08008125117,3.79566636284,0.794719039672
0,0.00777524362839,1.0823817821,3.80081558097,0.797771380822
0,0.00796528512774,1.09562473852,3.84337303426,0.809410003217
0,0.00773577855207,1.08143629476,3.79821723991,0.796746298091
0,0.00764781499284,1.07886314263,3.79110992392,0.793955039415
0,0.0076890975484,1.10256969698,3.86611622319,0.815676992203
0,0.00773346239097,1.0851197728,3.81141295422,0.799359452059
0,0.00788994221876,1.07931016757,3.79254906126,0.794110905858
0,0.00782169479389,1.07480887738,3.77625399502,0.791073461077
0,0.00783816028392,1.07534872525,3.77774838983,0.791659417876
0,0.0077597915304,1.08047182006,3.79495935153,0.795940042563
0,0.00787219482784,1.07433830771,3.77425828919,0.790844389828
0,0.00773090979463,1.07841188838,3.78699665546,0.794800443238
0,0.00791596404271,1.08557422632,3.8118873231,0.800075899752
0,0.0076665769203,1.10199670562,3.8565860418,0.819032125156
0,0.00791981497289,1.08144676451,3.80051981001,0.795437150998
0,0.00787615892058,1.0802636385,3.7930382374,0.79626377838
0,0.00785594705258,1.11073945575,3.88834744282,0.824818929535
0,0.00769801331946,1.10076030307,3.86072871904,0.81383834379
0,0.00753976625217,1.1120958398,3.89967878563,0.82286039898
0,0.0079509546806,1.0911118954,3.8275516516,0.806052917356
0,0.00791145804743,1.07846617458,3.78854364762,0.793982114381
0,0.00776660654474,1.07775724967,3.78665328918,0.793299832875
0,0.00784358639464,1.07472090751,3.77327329052,0.792321997073
0,0.00775003006429,1.07321530349,3.76906546312,0.790755457109
0,0.00786590300818,1.07431694134,3.77094712888,0.792452845858
0,0.00789312838083,1.07332424179,3.76731479574,0.791760038232
0,0.00760248535844,1.07615036256,3.77488000382,0.795333379014
0,0.00781816093291,1.08210856685,3.7985787225,0.798163854617
0,0.00783382063994,1.07493540088,3.77436760079,0.792320841145
0,0.00795352439942,1.07962027271,3.78891255438,0.796640839961
0,0.00785842205109,1.07630283238,3.78103250005,0.792382368765
0,0.00786556250509,1.07953682254,3.78930512809,0.796323889547
0,0.00784510547748,1.0756733882,3.77416566398,0.794255492939
0,0.00777955611414,1.09458205964,3.83499945984,0.81117582227
0,0.00802160337637,1.0800014262,3.79192161838,0.79602111267
0,0.00805639814533,1.07779227267,3.7830098167,0.794919335026
0,0.00774805051661,1.07474543272,3.77244782778,0.792891577341
0,0.00792651666736,1.0739478811,3.7694365785,0.792224856798
0,0.00791367729664,1.09374612451,3.8337705408,0.809566322831
0,0.00778774545931,1.07916085068,3.78809302794,0.79606782706
0,0.00791465512032,1.08487861641,3.80187602311,0.803343833895
0,0.00791237230682,1.08106818567,3.79254078438,0.798487659402
0,0.00792080399895,1.07437937873,3.76879728414,0.793628960716
0,0.00789225375014,1.07286285069,3.76401687532,0.792256395333
0,0.00787812361668,1.07220077922,3.76060438116,0.792321593878
0,0.00896610428707,1.12616821954,3.92393239626,0.844488204448
0,0.0058433871217,1.2570044604,4.37303860606,0.950148414014
0,0.00812989269897,1.13043284046,3.96199442818,0.836954952223
0,0.00735563272515,1.19371452895,4.19246980357,0.880695743389
0,0.00782391674135,1.09754588896,3.85380019506,0.809140667226
0,0.00781687269583,1.0764873561,3.77712653007,0.794838212374
0,0.00777358842524,1.07852494913,3.78608897234,0.795494258045
0,0.00781693373426,1.09386145039,3.83466454297,0.80950437999
0,0.00764745775378,1.0764215366,3.7769230406,0.794944823301
0,0.00780332845504,1.0740657572,3.76928324799,0.792719400514
0,0.00792894095837,1.07071605817,3.75767016973,0.790026079703
0,0.00782148155039,1.06909362751,3.74896368998,0.790430702394
0,0.00785166230915,1.08186218844,3.79419121069,0.799708163133
0,0.00785411609509,1.11389911136,3.89280599713,0.830490622246
0,0.00795320819977,1.07736939319,3.77917449636,0.795882986452
0,0.0078777098074,1.08951282783,3.81704978486,0.807379426721
0,0.00786251532937,1.09076371229,3.82397043024,0.807061509622
0,0.00779748596667,1.09723331219,3.84698538978,0.811793058726
0,0.00797083761801,1.07603269492,3.77527677726,0.794472470928
0,0.00797873640236,1.07077827463,3.75615667787,0.790888571307
0,0.00770475669214,1.07794000056,3.77713816732,0.798576120852
0,0.00782739788688,1.09047878963,3.81773936764,0.809499851718
0,0.0076820652001,1.10078838405,3.85743273583,0.815572485988
0,0.00778124667361,1.07781714912,3.78265480701,0.795434182461
0,0.00794944492375,1.07316314456,3.76196172717,0.793977512904
0,0.00799563067891,1.07198255766,3.7620806255,0.790920410751
0,0.00771137218645,1.06915334165,3.74881457941,0.790764652374
0,0.00781093513857,1.07032176226,3.75368179474,0.791152533268
0,0.00798839450368,1.06881422373,3.7476496489,0.790222300557
0,0.00785051983206,1.07059878961,3.75319791104,0.792047458768
0,0.0079172692791,1.07026953855,3.7519758082,0.791768633116
0,0.00784714209727,1.07170419533,3.75785754344,0.792484534559
0,0.00788859366291,1.08192934957,3.79062652731,0.801621476288
0,0.00776708668157,1.0781501238,3.77718412205,0.799016121595
0,0.00731586288248,1.20515863532,4.20126217063,0.904949595186
0,0.00772906415146,1.09000644361,3.82468314382,0.804945432337
0,0.00788118668571,1.07460099913,3.77010365825,0.79356944197
0,0.00787746476392,1.06936212274,3.74885736518,0.79109911962
0,0.00811983554881,1.06950352019,3.75068758181,0.790295134186
0,0.00798844632347,1.07120553925,3.75370905854,0.793170832626
0,0.00779630330808,1.08368598255,3.79224968458,0.805293770423
0,0.00789436429032,1.06888361316,3.74709192533,0.790768666101
0,0.00797072901062,1.07177874671,3.75793892098,0.79250663732
0,0.00792189283746,1.07434270523,3.76249618744,0.796686736445
0,0.00797895067253,1.06903288589,3.74503601134,0.792085218535
0,0.00810117232362,1.06959709407,3.74696407492,0.792409485522
0,0.00793755379827,1.0778853072,3.77382567561,0.799862836217
0,0.00792081244835,1.0805104274,3.78379744605,0.801456492748
0,0.00781679692862,1.07512913423,3.76829207888,0.795859959152
0,0.00797353031451,1.07239056725,3.75633130928,0.794837193222
0,0.00783203118523,1.07422927944,3.76018023846,0.797651008158
0,0.00786744337605,1.09211860927,3.81824388798,0.81330709509
0,0.00819660815751,1.08079046712,3.78968278482,0.79893812695
0,0.00800947540681,1.07349451947,3.76301071515,0.794221425675
0,0.00798271911106,1.06751242318,3.74105982074,0.790268388673
0,0.00802992951555,1.07218763096,3.7537541702,0.795562022836
0,0.00824172602548,1.06861999952,3.74085930643,0.792878579723
0,0.00802088426891,1.06489216585,3.73063853644,0.788890222454
0,0.00794022407666,1.06467059814,3.72721111192,0.790130675623
0,0.0080473355039,1.07251145236,3.75748259355,0.794489958649
0,0.00806188322188,1.07788768346,3.77636009792,0.798477236303
0,0.00788374019125,1.07495940204,3.76138618183,0.798821633893
0,0.00809817044728,1.0712167848,3.75197165418,0.793957924537
0,0.00786932228426,1.08985574955,3.81149594106,0.811022040435
0,0.00724481049575,1.19951069603,4.18276382952,0.90014997012
0,0.00779125809171,1.10581365196,3.87221064917,0.820637505998
0,0.00807137478198,1.077271759,3.77473177176,0.79774209671
0,0.00804253840357,1.06762041058,3.73917584147,0.791420527515
0,0.0079815716776,1.07069553283,3.74877957643,0.794367432291
0,0.00816288759305,1.06782947203,3.7404709435,0.791175280916
0,0.00795275773197,1.06525031852,3.73142485481,0.789460571484
0,0.00795617626933,1.07463271402,3.75751569848,0.799867719494
0,0.00787064789285,1.07345402077,3.76027257108,0.795628078461
0,0.00801072984493,1.06899913187,3.7419516711,0.793511224447
0,0.00796117515412,1.06669593764,3.73481622654,0.791370515905
0,0.00799673670685,1.07361219243,3.75854300055,0.796762204038
0,0.00799238252515,1.06972662396,3.74489989555,0.793874189736
0,0.00815829723565,1.06433572575,3.72665972251,0.789351116185
0,0.00787352994588,1.06663190096,3.73160029806,0.792906033655
0,0.00815339615728,1.07385263297,3.7613407718,0.795807760358
0,0.00812097413185,1.0689461025,3.74176817761,0.793360153496
0,0.00818810377588,1.06719055311,3.73297118166,0.79330264839
0,0.00803286319577,1.07125919127,3.74825875038,0.795985699878
0,0.00816601184887,1.0681218289,3.7370364085,0.793620316342
0,0.0080960341775,1.06576005628,3.73158059196,0.790513770802
0,0.00811957851732,1.06436951591,3.72482776868,0.790390287244
0,0.00807235075197,1.06523870712,3.72884767745,0.790600538632
0,0.00805021809619,1.07554738117,3.7596887825,0.800973803495
0,0.00804511881983,1.0690029088,3.74035132461,0.794286451036
0,0.0079523746102,1.0755426123,3.76081164711,0.800498292517
0,0.0079264585989,1.09263144303,3.81039998182,0.818452117344
0,0.00842563169349,1.06649322506,3.73218317288,0.791715804759
0,0.00809439453701,1.06270702793,3.71935051691,0.788997877209
0,0.00803445790338,1.06740413412,3.73483231849,0.79305967839
0,0.00808484970846,1.07011657914,3.74372907294,0.795342021794
0,0.00811121399407,1.06794988166,3.73604275205,0.793742074312
0,0.00805509316885,1.06601843446,3.72873805985,0.792621923327
0,0.0081816715006,1.06664472549,3.73201503767,0.792422583658
0,0.00812278881541,1.07345909562,3.75242685943,0.79931148051
0,0.00828064198664,1.06842208771,3.7352293926,0.795159841192
0,0.00811936269475,1.06588308021,3.72757646666,0.79280006478
0,0.00819567161712,1.06502857715,3.72573252999,0.791509466538
0,0.00814969974885,1.06607774872,3.73021261345,0.79193832559
0,0.00803789958498,1.0822049851,3.78292449231,0.806012276674
0,0.00806601297104,1.09314312052,3.80981415236,0.819884671407
0,0.00825931618153,1.06654644941,3.73557353747,0.790319998872
0,0.00811495046806,1.0692308171,3.73894833873,0.795487883065
0,0.00817393483274,1.06196106555,3.71317338881,0.790141995051
0,0.00825524417284,1.06162894473,3.71265055797,0.789491799099
0,0.00802518144772,1.06571957403,3.72754275649,0.792502335652
0,0.00789683688978,1.13958347288,3.97419787806,0.853962863804
0,0.00790991099211,1.1132028173,3.89290527467,0.828644453454
0,0.00778354864749,1.12681949126,3.94035727072,0.839086502179
0,0.00837675003521,1.07898200858,3.77932845482,0.799414003777
0,0.00803444977395,1.07999064287,3.7797269842,0.80207862506
0,0.00809225242014,1.06449802259,3.72704347793,0.789631025406
0,0.00814760734829,1.06527536817,3.72489882877,0.792591358993
0,0.0083842536028,1.06084672118,3.70856179822,0.789451610679
0,0.00816011926377,1.0598094249,3.70556086476,0.78858297111
0,0.00832801843581,1.06650278595,3.73080129184,0.792528260752
0,0.00799357166409,1.06122017143,3.71043993323,0.789836850759
0,0.00817477118863,1.06459928193,3.72024537133,0.793200708308
0,0.00804118491918,1.06503125906,3.72216246543,0.793455690327
0,0.00828388096142,1.06542491531,3.72401709041,0.793269822412
0,0.00811789352348,1.06336303436,3.71743997735,0.791569664068
0,0.0080877492482,1.07595724481,3.75466273129,0.804473957057
0,0.00813796947406,1.08191412393,3.7763146916,0.808489954224
0,0.00815039410437,1.06929110331,3.74021745189,0.794968598347
0,0.00819436352537,1.0718846665,3.74450095756,0.799266783978
0,0.00828252559704,1.06791889204,3.73180467575,0.795612326821
0,0.00812228684189,1.06884309901,3.73535424352,0.796308299058
0,0.00836207067753,1.0649104264,3.72477235988,0.791527775674
0,0.0081989384923,1.06468890856,3.72276411426,0.792141236099
0,0.00823471816005,1.08541940977,3.78652380821,0.812051861705
0,0.00814206759734,1.08644395176,3.80130089392,0.807317324337
0,0.00817428056851,1.06307807691,3.717823612,0.790609066105
0,0.00810742509562,1.07313845034,3.74657097852,0.801453171486
0,0.00817275367297,1.06047348744,3.70890675882,0.788557546001
0,0.00806432537201,1.07295478049,3.74827723421,0.800183968749
0,0.00841276074381,1.07122313144,3.73735244633,0.80096880475
0,0.00814785433012,1.15267805557,4.01392325421,0.866585614565
0,0.00831176620701,1.07255846744,3.75270771429,0.79673050528
0,0.0082910172134,1.06051740708,3.70557625465,0.790214333616
0,0.00822285738835,1.05945749206,3.70233340877,0.789254128891
0,0.0083439253882,1.05677765084,3.69481681749,0.786191753556
0,0.00827535557432,1.0611106528,3.70524478633,0.79187884371
0,0.00815255985116,1.06199579991,3.71037772923,0.791648035709
0,0.00831976678927,1.05926727918,3.70090097042,0.789397906487
0,0.00851368740999,1.05865286052,3.70022587766,0.788005485606
0,0.00845822376404,1.05970834894,3.70005714399,0.790784037123
0,0.0081741197857,1.06313180651,3.71411575521,0.792597479264
0,0.00842412081234,1.05773068797,3.69829365501,0.786755732192
0,0.00823501753869,1.06381331013,3.71855107388,0.792022681199
0,0.00823845153973,1.06356636194,3.71353699545,0.793908915944
0,0.00814641057685,1.06076164241,3.70598985876,0.790762726533
0,0.00819946644083,1.05881252487,3.70122665359,0.788218479482
0,0.00813118193831,1.07390933675,3.74889550578,0.802194367015
0,0.00826686080949,1.0799855903,3.7679061177,0.807744015854
0,0.00848821887402,1.06930736425,3.73674422246,0.79640804069
0,0.00821753299393,1.06530971437,3.71974541116,0.795184007659
0,0.00832646873449,1.06411013345,3.71526058821,0.794318531141
0,0.00829242925174,1.06068642084,3.70584014506,0.790503510794
0,0.00812021943487,1.05822957196,3.69459776033,0.790154790869
0,0.00769506150667,1.14113492715,3.95744729777,0.866418564958
0,0.00805493921936,1.06935887429,3.73802429482,0.796330059247
0,0.00820625314365,1.0617278919,3.70952219855,0.791352337734
0,0.00830555343249,1.08895874074,3.80111813753,0.813532189071
0,0.00816072885711,1.07061767582,3.73997797138,0.798394435109
0,0.00812731456888,1.05983276603,3.70275047596,0.790079323007
0,0.00818860099497,1.05921583638,3.69973499615,0.789983452437
0,0.00835212223601,1.05717568497,3.69196779744,0.788603152073
0,0.00838793022139,1.05961790645,3.70148275209,0.789915420357
0,0.00821021262192,1.05587831043,3.68837681247,0.787297117891
0,0.00820889248399,1.05725998147,3.68985434301,0.790013850273
0,0.00807409900424,1.08835966291,3.78826251676,0.818693759333
0,0.00800541914118,1.12843638565,3.92693876168,0.849616122093
0,0.0081860559028,1.07663253731,3.76505186052,0.800869316959
0,0.00819755671088,1.06437030603,3.71785489443,0.793800721479
0,0.0080646851888,1.06883786163,3.73010349414,0.798978181964
0,0.00820737905964,1.05965879358,3.69857829592,0.791650417424
0,0.00827608844795,1.05957579517,3.7001734175,0.790576651256
0,0.00835435637551,1.06233638269,3.71006596362,0.792453578943
0,0.00824444331984,1.05669051793,3.68821977089,0.789371926667
0,0.00823877766739,1.05942095443,3.69807548283,0.791275827511
0,0.00836840817243,1.06551170373,3.71782521139,0.796498205726
0,0.00808876157657,1.05887428914,3.69551317261,0.791340335512
0,0.00821558895531,1.05574072024,3.68400177283,0.789135285863
0,0.00830758655906,1.05823090852,3.69182437872,0.791357455949
0,0.00822450503681,1.06788305868,3.72599370198,0.798486250879
0,0.00827598380555,1.06581163573,3.7187619519,0.796872089854
0,0.00836115923118,1.06214472918,3.70718428974,0.79340847927
0,0.0082138070366,1.05636407332,3.68850111673,0.788445778507
0,0.00827811074342,1.06557495346,3.71788693152,0.796715767418
0,0.00821353575286,1.0592098596,3.69741137436,0.791105386585
0,0.00845882289545,1.05856198557,3.69247973545,0.791706233806
0,0.0081491093033,1.07703054143,3.7572496617,0.805802373274
0,0.0083468936801,1.05928681553,3.69650980179,0.791615204753
0,0.0081733866245,1.0634159166,3.70830557484,0.796213577841
0,0.00816064508041,1.0604600741,3.70316285142,0.791408074941
0,0.00823253227084,1.06156205815,3.70232833977,0.794508403668
0,0.00829663299147,1.06733383431,3.72010543666,0.799985194676
0,0.00841638175267,1.059887356,3.69832843013,0.792137753692
0,0.0083735013971,1.05595105934,3.68535096498,0.788828625093
0,0.00828289071267,1.05494516731,3.68396559526,0.78709719062
0,0.00823500776628,1.0572847883,3.6883725599,0.790790643622
0,0.00833700626442,1.05448529099,3.67710988788,0.789321237963
0,0.00793818301479,1.09823070387,3.82037051242,0.827453279504
0,0.00868410041158,1.14607411877,3.97759153188,0.867705387827
0,0.00815183681476,1.18473210558,4.18328743175,0.862034667099
0,0.00812334039406,1.08004063874,3.77121559192,0.806370420275
0,0.00840480260385,1.06275362419,3.70633404094,0.795312197805
0,0.00826583437455,1.05563153832,3.68551707915,0.788054432523
0,0.00849332229671,1.05570478208,3.68300668261,0.789265252266
0,0.00827783167959,1.05322312264,3.67187046894,0.788844701207
0,0.00838652921362,1.05722664176,3.68844250479,0.790458783388
0,0.00830110392963,1.06116250006,3.69888047511,0.795164869098
0,0.00844798906097,1.05992240907,3.69651392308,0.793101032586
0,0.00820162171482,1.05675232413,3.68556071349,0.790898792472
0,0.0084594616237,1.05500437846,3.68001756942,0.789042660499
0,0.00821292239362,1.06100153944,3.69703237914,0.795774697091
0,0.00814039017174,1.06145448741,3.70362242485,0.793684576374
0,0.00806296168446,1.06001292438,3.70156423455,0.791187192488
0,0.00823433992905,1.06088526132,3.69869876587,0.794629390911
0,0.00833098154517,1.05706882823,3.68734812097,0.790666989148
0,0.00815191819011,1.05646427212,3.68322866417,0.791394390663
0,0.00827761607574,1.05520198012,3.68021034371,0.789622123056
0,0.00833196049849,1.06382402542,3.70939528136,0.796530422724
0,0.00812887625706,1.06070748331,3.69821365335,0.794532965807
0,0.00832357407448,1.05554299313,3.68064290136,0.790212418726
0,0.00819093834443,1.06408581842,3.70773035299,0.798158391557
0,0.00815168141489,1.07059655653,3.72910776942,0.803785785304
0,0.00818676172499,1.06857799357,3.72558414339,0.80046611068
0,0.00813105097193,1.05690454982,3.68648207212,0.790889248118
0,0.00817428565455,1.05796671215,3.68745511603,0.793014897289
0,0.00808273343828,1.04923490699,3.6585833346,0.785712827631
0,0.0081273529108,1.05254045236,3.66873016352,0.788858657028
0,0.00820175609509,1.06738627146,3.71599753306,0.802265116219
0,0.0082099801265,1.06004106827,3.69589610382,0.793944599151
0,0.00816881130804,1.0589460926,3.6929993805,0.792696690475
0,0.00816102940582,1.05593349582,3.68276794984,0.790288695851
0,0.00810797563483,1.06652553534,3.71585204248,0.800279801762
0,0.00761375766527,1.1585701435,4.03551329542,0.871054910206
0,0.00825307688834,1.07156542906,3.7412436455,0.800038633063
0,0.00793709036575,1.08365058727,3.7774077258,0.81248547454
0,0.0082155348074,1.16215092508,4.02299434982,0.885664559682
0,0.00817058408857,1.06353269924,3.71070287661,0.795309686084
0,0.0083004290087,1.05577990002,3.68310287147,0.789597845973
0,0.0084167421255,1.05598224277,3.6821453111,0.790466169889
0,0.0078645269867,1.1252337576,3.91399415795,0.848222746087
0,0.0081865027643,1.06648738607,3.71940897492,0.79832743522
0,0.00818250084412,1.06161110353,3.6991596,0.79626541844
0,0.00805894202262,1.07281327868,3.74093145034,0.803508489532
0,0.00826936353945,1.06127603643,3.69838164561,0.795729865195
0,0.0081569726257,1.06069152102,3.69750009755,0.794821741601
0,0.00825294945389,1.05413499539,3.67460011077,0.789784444378
0,0.00830320356319,1.07009347148,3.72086374498,0.806498562774
0,0.00837532770236,1.05056600656,3.66205013656,0.78701458129
0,0.00827947286065,1.04953921469,3.65718203033,0.786977509562
0,0.00812259159546,1.05492346257,3.67449264643,0.791939702288
0,0.00822906054245,1.05004128178,3.66061869179,0.786564758871
0,0.00826703430398,1.04907519914,3.65604780402,0.786397022427
0,0.00835033702107,1.05587268284,3.67797225776,0.792345201854
